running egg_info
creating ../../build/ros2_blackboard/ros2_blackboard.egg-info
writing ../../build/ros2_blackboard/ros2_blackboard.egg-info/PKG-INFO
writing dependency_links to ../../build/ros2_blackboard/ros2_blackboard.egg-info/dependency_links.txt
writing entry points to ../../build/ros2_blackboard/ros2_blackboard.egg-info/entry_points.txt
writing requirements to ../../build/ros2_blackboard/ros2_blackboard.egg-info/requires.txt
writing top-level names to ../../build/ros2_blackboard/ros2_blackboard.egg-info/top_level.txt
writing manifest file '../../build/ros2_blackboard/ros2_blackboard.egg-info/SOURCES.txt'
reading manifest file '../../build/ros2_blackboard/ros2_blackboard.egg-info/SOURCES.txt'
writing manifest file '../../build/ros2_blackboard/ros2_blackboard.egg-info/SOURCES.txt'
running build
running build_py
creating /home/mpcmeulensteen/blackboard_ws/build/ros2_blackboard/build
creating /home/mpcmeulensteen/blackboard_ws/build/ros2_blackboard/build/lib
creating /home/mpcmeulensteen/blackboard_ws/build/ros2_blackboard/build/lib/ros2_blackboard
copying ros2_blackboard/__init__.py -> /home/mpcmeulensteen/blackboard_ws/build/ros2_blackboard/build/lib/ros2_blackboard
running install
running install_lib
creating /home/mpcmeulensteen/blackboard_ws/install/ros2_blackboard/lib/python3.8/site-packages/ros2_blackboard
copying /home/mpcmeulensteen/blackboard_ws/build/ros2_blackboard/build/lib/ros2_blackboard/__init__.py -> /home/mpcmeulensteen/blackboard_ws/install/ros2_blackboard/lib/python3.8/site-packages/ros2_blackboard
byte-compiling /home/mpcmeulensteen/blackboard_ws/install/ros2_blackboard/lib/python3.8/site-packages/ros2_blackboard/__init__.py to __init__.cpython-38.pyc
running install_data
creating /home/mpcmeulensteen/blackboard_ws/install/ros2_blackboard/share/ament_index
creating /home/mpcmeulensteen/blackboard_ws/install/ros2_blackboard/share/ament_index/resource_index
creating /home/mpcmeulensteen/blackboard_ws/install/ros2_blackboard/share/ament_index/resource_index/packages
copying resource/ros2_blackboard -> /home/mpcmeulensteen/blackboard_ws/install/ros2_blackboard/share/ament_index/resource_index/packages
copying package.xml -> /home/mpcmeulensteen/blackboard_ws/install/ros2_blackboard/share/ros2_blackboard
running install_egg_info
Copying ../../build/ros2_blackboard/ros2_blackboard.egg-info to /home/mpcmeulensteen/blackboard_ws/install/ros2_blackboard/lib/python3.8/site-packages/ros2_blackboard-0.0.0-py3.8.egg-info
running install_scripts
writing list of installed files to '/home/mpcmeulensteen/blackboard_ws/build/ros2_blackboard/install.log'
