[0.231s] Invoking command in '/home/mpcmeulensteen/blackboard_ws/src/blackboard': PYTHONPATH=/home/mpcmeulensteen/blackboard_ws/install/blackboard/lib/python3.8/site-packages:${PYTHONPATH} /usr/bin/python3 setup.py egg_info --egg-base ../../build/blackboard build --build-base /home/mpcmeulensteen/blackboard_ws/build/blackboard/build install --prefix /home/mpcmeulensteen/blackboard_ws/install/blackboard --record /home/mpcmeulensteen/blackboard_ws/build/blackboard/install.log --single-version-externally-managed
[0.476s] running egg_info
[0.477s] writing ../../build/blackboard/blackboard.egg-info/PKG-INFO
[0.478s] writing dependency_links to ../../build/blackboard/blackboard.egg-info/dependency_links.txt
[0.478s] writing entry points to ../../build/blackboard/blackboard.egg-info/entry_points.txt
[0.478s] writing requirements to ../../build/blackboard/blackboard.egg-info/requires.txt
[0.479s] writing top-level names to ../../build/blackboard/blackboard.egg-info/top_level.txt
[0.508s] reading manifest file '../../build/blackboard/blackboard.egg-info/SOURCES.txt'
[0.509s] writing manifest file '../../build/blackboard/blackboard.egg-info/SOURCES.txt'
[0.509s] running build
[0.509s] running build_py
[0.510s] copying blackboard/RosCommunication.py -> /home/mpcmeulensteen/blackboard_ws/build/blackboard/build/lib/blackboard
[0.510s] running install
[0.511s] running install_lib
[0.512s] copying /home/mpcmeulensteen/blackboard_ws/build/blackboard/build/lib/blackboard/RosCommunication.py -> /home/mpcmeulensteen/blackboard_ws/install/blackboard/lib/python3.8/site-packages/blackboard
[0.513s] byte-compiling /home/mpcmeulensteen/blackboard_ws/install/blackboard/lib/python3.8/site-packages/blackboard/RosCommunication.py to RosCommunication.cpython-38.pyc
[0.514s] running install_data
[0.515s] running install_egg_info
[0.516s] removing '/home/mpcmeulensteen/blackboard_ws/install/blackboard/lib/python3.8/site-packages/blackboard-0.0.0-py3.8.egg-info' (and everything under it)
[0.517s] Copying ../../build/blackboard/blackboard.egg-info to /home/mpcmeulensteen/blackboard_ws/install/blackboard/lib/python3.8/site-packages/blackboard-0.0.0-py3.8.egg-info
[0.517s] running install_scripts
[0.533s] writing list of installed files to '/home/mpcmeulensteen/blackboard_ws/build/blackboard/install.log'
[0.550s] Invoked command in '/home/mpcmeulensteen/blackboard_ws/src/blackboard' returned '0': PYTHONPATH=/home/mpcmeulensteen/blackboard_ws/install/blackboard/lib/python3.8/site-packages:${PYTHONPATH} /usr/bin/python3 setup.py egg_info --egg-base ../../build/blackboard build --build-base /home/mpcmeulensteen/blackboard_ws/build/blackboard/build install --prefix /home/mpcmeulensteen/blackboard_ws/install/blackboard --record /home/mpcmeulensteen/blackboard_ws/build/blackboard/install.log --single-version-externally-managed
