[0.051s] Invoking command in '/home/mpcmeulensteen/blackboard_ws/build/move_base_msgs': CMAKE_PREFIX_PATH=${CMAKE_PREFIX_PATH}:/home/mpcmeulensteen/blackboard_ws/install/turtlebot3_teleop:/home/mpcmeulensteen/blackboard_ws/install/turtlebot3_example:/home/mpcmeulensteen/blackboard_ws/install/ros2_blackboard:/home/mpcmeulensteen/turtlebot3_ws/install/turtlebot3_teleop:/home/mpcmeulensteen/turtlebot3_ws/install/turtlebot3_example:/home/mpcmeulensteen/colcon_ws/install/turtlebot3_teleop:/home/mpcmeulensteen/colcon_ws/install/turtlebot3_example:/opt/ros/foxy /usr/bin/cmake --build /home/mpcmeulensteen/blackboard_ws/build/move_base_msgs -- -j2 -l2
[0.230s] [  3%] Built target move_base_msgs__cpp
[0.244s] [ 12%] Built target move_base_msgs__rosidl_generator_c
[0.336s] [ 22%] Built target move_base_msgs__rosidl_typesupport_introspection_cpp
[0.394s] [ 32%] Built target move_base_msgs__rosidl_typesupport_fastrtps_cpp
[0.490s] [ 41%] Built target move_base_msgs__rosidl_typesupport_introspection_c
[0.523s] [ 51%] Built target move_base_msgs__rosidl_typesupport_cpp
[0.563s] [ 61%] Built target move_base_msgs__rosidl_typesupport_fastrtps_c
[0.587s] [ 70%] Built target move_base_msgs__rosidl_typesupport_c
[0.644s] [ 70%] Built target move_base_msgs
[0.788s] [ 74%] Built target move_base_msgs__py
[0.888s] [ 80%] Built target move_base_msgs__python
[1.044s] [ 87%] Built target move_base_msgs__rosidl_typesupport_fastrtps_c__pyext
[1.077s] [ 93%] Built target move_base_msgs__rosidl_typesupport_c__pyext
[1.175s] [100%] Built target move_base_msgs__rosidl_typesupport_introspection_c__pyext
[1.336s] Invoked command in '/home/mpcmeulensteen/blackboard_ws/build/move_base_msgs' returned '0': CMAKE_PREFIX_PATH=${CMAKE_PREFIX_PATH}:/home/mpcmeulensteen/blackboard_ws/install/turtlebot3_teleop:/home/mpcmeulensteen/blackboard_ws/install/turtlebot3_example:/home/mpcmeulensteen/blackboard_ws/install/ros2_blackboard:/home/mpcmeulensteen/turtlebot3_ws/install/turtlebot3_teleop:/home/mpcmeulensteen/turtlebot3_ws/install/turtlebot3_example:/home/mpcmeulensteen/colcon_ws/install/turtlebot3_teleop:/home/mpcmeulensteen/colcon_ws/install/turtlebot3_example:/opt/ros/foxy /usr/bin/cmake --build /home/mpcmeulensteen/blackboard_ws/build/move_base_msgs -- -j2 -l2
[1.609s] Invoking command in '/home/mpcmeulensteen/blackboard_ws/build/move_base_msgs': CMAKE_PREFIX_PATH=${CMAKE_PREFIX_PATH}:/home/mpcmeulensteen/blackboard_ws/install/turtlebot3_teleop:/home/mpcmeulensteen/blackboard_ws/install/turtlebot3_example:/home/mpcmeulensteen/blackboard_ws/install/ros2_blackboard:/home/mpcmeulensteen/turtlebot3_ws/install/turtlebot3_teleop:/home/mpcmeulensteen/turtlebot3_ws/install/turtlebot3_example:/home/mpcmeulensteen/colcon_ws/install/turtlebot3_teleop:/home/mpcmeulensteen/colcon_ws/install/turtlebot3_example:/opt/ros/foxy /usr/bin/cmake --install /home/mpcmeulensteen/blackboard_ws/build/move_base_msgs
[1.646s] -- Install configuration: ""
[1.648s] -- Up-to-date: /home/mpcmeulensteen/blackboard_ws/install/move_base_msgs/share/ament_index/resource_index/rosidl_interfaces/move_base_msgs
[1.648s] -- Up-to-date: /home/mpcmeulensteen/blackboard_ws/install/move_base_msgs/include/move_base_msgs
[1.649s] -- Up-to-date: /home/mpcmeulensteen/blackboard_ws/install/move_base_msgs/include/move_base_msgs/action
[1.650s] -- Up-to-date: /home/mpcmeulensteen/blackboard_ws/install/move_base_msgs/include/move_base_msgs/action/detail
[1.651s] -- Up-to-date: /home/mpcmeulensteen/blackboard_ws/install/move_base_msgs/include/move_base_msgs/action/detail/move_base__functions.c
[1.651s] -- Up-to-date: /home/mpcmeulensteen/blackboard_ws/install/move_base_msgs/include/move_base_msgs/action/detail/move_base__struct.h
[1.652s] -- Up-to-date: /home/mpcmeulensteen/blackboard_ws/install/move_base_msgs/include/move_base_msgs/action/detail/move_base__type_support.h
[1.652s] -- Up-to-date: /home/mpcmeulensteen/blackboard_ws/install/move_base_msgs/include/move_base_msgs/action/detail/move_base__functions.h
[1.655s] -- Up-to-date: /home/mpcmeulensteen/blackboard_ws/install/move_base_msgs/include/move_base_msgs/action/move_base.h
[1.655s] -- Up-to-date: /home/mpcmeulensteen/blackboard_ws/install/move_base_msgs/include/move_base_msgs/msg
[1.655s] -- Up-to-date: /home/mpcmeulensteen/blackboard_ws/install/move_base_msgs/include/move_base_msgs/msg/rosidl_generator_c__visibility_control.h
[1.656s] -- Up-to-date: /home/mpcmeulensteen/blackboard_ws/install/move_base_msgs/share/move_base_msgs/environment/library_path.sh
[1.656s] -- Up-to-date: /home/mpcmeulensteen/blackboard_ws/install/move_base_msgs/share/move_base_msgs/environment/library_path.dsv
[1.656s] -- Up-to-date: /home/mpcmeulensteen/blackboard_ws/install/move_base_msgs/lib/libmove_base_msgs__rosidl_generator_c.so
[1.657s] -- Up-to-date: /home/mpcmeulensteen/blackboard_ws/install/move_base_msgs/include/move_base_msgs
[1.657s] -- Up-to-date: /home/mpcmeulensteen/blackboard_ws/install/move_base_msgs/include/move_base_msgs/action
[1.658s] -- Up-to-date: /home/mpcmeulensteen/blackboard_ws/install/move_base_msgs/include/move_base_msgs/action/detail
[1.658s] -- Up-to-date: /home/mpcmeulensteen/blackboard_ws/install/move_base_msgs/include/move_base_msgs/action/detail/move_base__rosidl_typesupport_fastrtps_c.h
[1.658s] -- Up-to-date: /home/mpcmeulensteen/blackboard_ws/install/move_base_msgs/include/move_base_msgs/msg
[1.658s] -- Up-to-date: /home/mpcmeulensteen/blackboard_ws/install/move_base_msgs/include/move_base_msgs/msg/rosidl_typesupport_fastrtps_c__visibility_control.h
[1.659s] -- Up-to-date: /home/mpcmeulensteen/blackboard_ws/install/move_base_msgs/lib/libmove_base_msgs__rosidl_typesupport_fastrtps_c.so
[1.659s] -- Up-to-date: /home/mpcmeulensteen/blackboard_ws/install/move_base_msgs/include/move_base_msgs
[1.660s] -- Up-to-date: /home/mpcmeulensteen/blackboard_ws/install/move_base_msgs/include/move_base_msgs/action
[1.660s] -- Up-to-date: /home/mpcmeulensteen/blackboard_ws/install/move_base_msgs/include/move_base_msgs/action/detail
[1.661s] -- Up-to-date: /home/mpcmeulensteen/blackboard_ws/install/move_base_msgs/include/move_base_msgs/action/detail/dds_fastrtps
[1.661s] -- Up-to-date: /home/mpcmeulensteen/blackboard_ws/install/move_base_msgs/include/move_base_msgs/action/detail/move_base__rosidl_typesupport_fastrtps_cpp.hpp
[1.662s] -- Up-to-date: /home/mpcmeulensteen/blackboard_ws/install/move_base_msgs/include/move_base_msgs/msg
[1.662s] -- Up-to-date: /home/mpcmeulensteen/blackboard_ws/install/move_base_msgs/include/move_base_msgs/msg/rosidl_typesupport_fastrtps_cpp__visibility_control.h
[1.663s] -- Up-to-date: /home/mpcmeulensteen/blackboard_ws/install/move_base_msgs/lib/libmove_base_msgs__rosidl_typesupport_fastrtps_cpp.so
[1.663s] -- Up-to-date: /home/mpcmeulensteen/blackboard_ws/install/move_base_msgs/include/move_base_msgs
[1.665s] -- Up-to-date: /home/mpcmeulensteen/blackboard_ws/install/move_base_msgs/include/move_base_msgs/action
[1.666s] -- Up-to-date: /home/mpcmeulensteen/blackboard_ws/install/move_base_msgs/include/move_base_msgs/action/detail
[1.667s] -- Up-to-date: /home/mpcmeulensteen/blackboard_ws/install/move_base_msgs/include/move_base_msgs/action/detail/move_base__rosidl_typesupport_introspection_c.h
[1.667s] -- Up-to-date: /home/mpcmeulensteen/blackboard_ws/install/move_base_msgs/include/move_base_msgs/action/detail/move_base__type_support.c
[1.668s] -- Up-to-date: /home/mpcmeulensteen/blackboard_ws/install/move_base_msgs/include/move_base_msgs/msg
[1.668s] -- Up-to-date: /home/mpcmeulensteen/blackboard_ws/install/move_base_msgs/include/move_base_msgs/msg/rosidl_typesupport_introspection_c__visibility_control.h
[1.674s] -- Up-to-date: /home/mpcmeulensteen/blackboard_ws/install/move_base_msgs/lib/libmove_base_msgs__rosidl_typesupport_introspection_c.so
[1.675s] -- Up-to-date: /home/mpcmeulensteen/blackboard_ws/install/move_base_msgs/lib/libmove_base_msgs__rosidl_typesupport_c.so
[1.677s] -- Up-to-date: /home/mpcmeulensteen/blackboard_ws/install/move_base_msgs/include/move_base_msgs
[1.677s] -- Up-to-date: /home/mpcmeulensteen/blackboard_ws/install/move_base_msgs/include/move_base_msgs/action
[1.677s] -- Up-to-date: /home/mpcmeulensteen/blackboard_ws/install/move_base_msgs/include/move_base_msgs/action/detail
[1.678s] -- Up-to-date: /home/mpcmeulensteen/blackboard_ws/install/move_base_msgs/include/move_base_msgs/action/detail/move_base__builder.hpp
[1.678s] -- Up-to-date: /home/mpcmeulensteen/blackboard_ws/install/move_base_msgs/include/move_base_msgs/action/detail/move_base__traits.hpp
[1.678s] -- Up-to-date: /home/mpcmeulensteen/blackboard_ws/install/move_base_msgs/include/move_base_msgs/action/detail/move_base__struct.hpp
[1.678s] -- Up-to-date: /home/mpcmeulensteen/blackboard_ws/install/move_base_msgs/include/move_base_msgs/action/move_base.hpp
[1.678s] -- Up-to-date: /home/mpcmeulensteen/blackboard_ws/install/move_base_msgs/include/move_base_msgs
[1.679s] -- Up-to-date: /home/mpcmeulensteen/blackboard_ws/install/move_base_msgs/include/move_base_msgs/action
[1.679s] -- Up-to-date: /home/mpcmeulensteen/blackboard_ws/install/move_base_msgs/include/move_base_msgs/action/detail
[1.679s] -- Up-to-date: /home/mpcmeulensteen/blackboard_ws/install/move_base_msgs/include/move_base_msgs/action/detail/move_base__rosidl_typesupport_introspection_cpp.hpp
[1.679s] -- Up-to-date: /home/mpcmeulensteen/blackboard_ws/install/move_base_msgs/include/move_base_msgs/action/detail/move_base__type_support.cpp
[1.680s] -- Up-to-date: /home/mpcmeulensteen/blackboard_ws/install/move_base_msgs/lib/libmove_base_msgs__rosidl_typesupport_introspection_cpp.so
[1.680s] -- Up-to-date: /home/mpcmeulensteen/blackboard_ws/install/move_base_msgs/lib/libmove_base_msgs__rosidl_typesupport_cpp.so
[1.681s] -- Up-to-date: /home/mpcmeulensteen/blackboard_ws/install/move_base_msgs/share/move_base_msgs/environment/pythonpath.sh
[1.681s] -- Up-to-date: /home/mpcmeulensteen/blackboard_ws/install/move_base_msgs/share/move_base_msgs/environment/pythonpath.dsv
[1.681s] -- Up-to-date: /home/mpcmeulensteen/blackboard_ws/install/move_base_msgs/lib/python3.8/site-packages/move_base_msgs/__init__.py
[1.792s] -- Up-to-date: /home/mpcmeulensteen/blackboard_ws/install/move_base_msgs/lib/python3.8/site-packages/move_base_msgs/action
[1.793s] -- Up-to-date: /home/mpcmeulensteen/blackboard_ws/install/move_base_msgs/lib/python3.8/site-packages/move_base_msgs/action/_move_base_s.c
[1.794s] -- Up-to-date: /home/mpcmeulensteen/blackboard_ws/install/move_base_msgs/lib/python3.8/site-packages/move_base_msgs/action/_move_base.py
[1.795s] -- Up-to-date: /home/mpcmeulensteen/blackboard_ws/install/move_base_msgs/lib/python3.8/site-packages/move_base_msgs/action/__init__.py
[1.796s] -- Up-to-date: /home/mpcmeulensteen/blackboard_ws/install/move_base_msgs/lib/python3.8/site-packages/move_base_msgs/move_base_msgs_s__rosidl_typesupport_fastrtps_c.cpython-38-x86_64-linux-gnu.so
[1.798s] -- Up-to-date: /home/mpcmeulensteen/blackboard_ws/install/move_base_msgs/lib/python3.8/site-packages/move_base_msgs/move_base_msgs_s__rosidl_typesupport_introspection_c.cpython-38-x86_64-linux-gnu.so
[1.798s] -- Up-to-date: /home/mpcmeulensteen/blackboard_ws/install/move_base_msgs/lib/python3.8/site-packages/move_base_msgs/move_base_msgs_s__rosidl_typesupport_c.cpython-38-x86_64-linux-gnu.so
[1.799s] -- Up-to-date: /home/mpcmeulensteen/blackboard_ws/install/move_base_msgs/lib/libmove_base_msgs__python.so
[1.799s] -- Up-to-date: /home/mpcmeulensteen/blackboard_ws/install/move_base_msgs/share/move_base_msgs/action/MoveBase.idl
[1.800s] -- Up-to-date: /home/mpcmeulensteen/blackboard_ws/install/move_base_msgs/share/move_base_msgs/action/MoveBase.action
[1.800s] -- Up-to-date: /home/mpcmeulensteen/blackboard_ws/install/move_base_msgs/share/ament_index/resource_index/package_run_dependencies/move_base_msgs
[1.800s] -- Up-to-date: /home/mpcmeulensteen/blackboard_ws/install/move_base_msgs/share/ament_index/resource_index/parent_prefix_path/move_base_msgs
[1.801s] -- Up-to-date: /home/mpcmeulensteen/blackboard_ws/install/move_base_msgs/share/move_base_msgs/environment/ament_prefix_path.sh
[1.801s] -- Up-to-date: /home/mpcmeulensteen/blackboard_ws/install/move_base_msgs/share/move_base_msgs/environment/ament_prefix_path.dsv
[1.801s] -- Up-to-date: /home/mpcmeulensteen/blackboard_ws/install/move_base_msgs/share/move_base_msgs/environment/path.sh
[1.801s] -- Up-to-date: /home/mpcmeulensteen/blackboard_ws/install/move_base_msgs/share/move_base_msgs/environment/path.dsv
[1.801s] -- Up-to-date: /home/mpcmeulensteen/blackboard_ws/install/move_base_msgs/share/move_base_msgs/local_setup.bash
[1.802s] -- Up-to-date: /home/mpcmeulensteen/blackboard_ws/install/move_base_msgs/share/move_base_msgs/local_setup.sh
[1.802s] -- Up-to-date: /home/mpcmeulensteen/blackboard_ws/install/move_base_msgs/share/move_base_msgs/local_setup.zsh
[1.802s] -- Up-to-date: /home/mpcmeulensteen/blackboard_ws/install/move_base_msgs/share/move_base_msgs/local_setup.dsv
[1.802s] -- Installing: /home/mpcmeulensteen/blackboard_ws/install/move_base_msgs/share/move_base_msgs/package.dsv
[1.805s] -- Up-to-date: /home/mpcmeulensteen/blackboard_ws/install/move_base_msgs/share/ament_index/resource_index/packages/move_base_msgs
[1.806s] -- Up-to-date: /home/mpcmeulensteen/blackboard_ws/install/move_base_msgs/share/move_base_msgs/cmake/move_base_msgs__rosidl_generator_cExport.cmake
[1.806s] -- Up-to-date: /home/mpcmeulensteen/blackboard_ws/install/move_base_msgs/share/move_base_msgs/cmake/move_base_msgs__rosidl_generator_cExport-noconfig.cmake
[1.809s] -- Up-to-date: /home/mpcmeulensteen/blackboard_ws/install/move_base_msgs/share/move_base_msgs/cmake/move_base_msgs__rosidl_typesupport_introspection_cExport.cmake
[1.809s] -- Up-to-date: /home/mpcmeulensteen/blackboard_ws/install/move_base_msgs/share/move_base_msgs/cmake/move_base_msgs__rosidl_typesupport_introspection_cExport-noconfig.cmake
[1.810s] -- Up-to-date: /home/mpcmeulensteen/blackboard_ws/install/move_base_msgs/share/move_base_msgs/cmake/move_base_msgs__rosidl_typesupport_cExport.cmake
[1.811s] -- Up-to-date: /home/mpcmeulensteen/blackboard_ws/install/move_base_msgs/share/move_base_msgs/cmake/move_base_msgs__rosidl_typesupport_cExport-noconfig.cmake
[1.820s] -- Up-to-date: /home/mpcmeulensteen/blackboard_ws/install/move_base_msgs/share/move_base_msgs/cmake/move_base_msgs__rosidl_generator_cppExport.cmake
[1.823s] -- Up-to-date: /home/mpcmeulensteen/blackboard_ws/install/move_base_msgs/share/move_base_msgs/cmake/move_base_msgs__rosidl_typesupport_introspection_cppExport.cmake
[1.823s] -- Up-to-date: /home/mpcmeulensteen/blackboard_ws/install/move_base_msgs/share/move_base_msgs/cmake/move_base_msgs__rosidl_typesupport_introspection_cppExport-noconfig.cmake
[1.824s] -- Up-to-date: /home/mpcmeulensteen/blackboard_ws/install/move_base_msgs/share/move_base_msgs/cmake/move_base_msgs__rosidl_typesupport_cppExport.cmake
[1.824s] -- Up-to-date: /home/mpcmeulensteen/blackboard_ws/install/move_base_msgs/share/move_base_msgs/cmake/move_base_msgs__rosidl_typesupport_cppExport-noconfig.cmake
[1.824s] -- Up-to-date: /home/mpcmeulensteen/blackboard_ws/install/move_base_msgs/share/move_base_msgs/cmake/rosidl_cmake-extras.cmake
[1.824s] -- Up-to-date: /home/mpcmeulensteen/blackboard_ws/install/move_base_msgs/share/move_base_msgs/cmake/ament_cmake_export_dependencies-extras.cmake
[1.825s] -- Up-to-date: /home/mpcmeulensteen/blackboard_ws/install/move_base_msgs/share/move_base_msgs/cmake/ament_cmake_export_libraries-extras.cmake
[1.825s] -- Up-to-date: /home/mpcmeulensteen/blackboard_ws/install/move_base_msgs/share/move_base_msgs/cmake/ament_cmake_export_targets-extras.cmake
[1.825s] -- Up-to-date: /home/mpcmeulensteen/blackboard_ws/install/move_base_msgs/share/move_base_msgs/cmake/ament_cmake_export_include_directories-extras.cmake
[1.826s] -- Up-to-date: /home/mpcmeulensteen/blackboard_ws/install/move_base_msgs/share/move_base_msgs/cmake/rosidl_cmake_export_typesupport_libraries-extras.cmake
[1.826s] -- Up-to-date: /home/mpcmeulensteen/blackboard_ws/install/move_base_msgs/share/move_base_msgs/cmake/rosidl_cmake_export_typesupport_targets-extras.cmake
[1.826s] -- Up-to-date: /home/mpcmeulensteen/blackboard_ws/install/move_base_msgs/share/move_base_msgs/cmake/move_base_msgsConfig.cmake
[1.826s] -- Up-to-date: /home/mpcmeulensteen/blackboard_ws/install/move_base_msgs/share/move_base_msgs/cmake/move_base_msgsConfig-version.cmake
[1.827s] -- Up-to-date: /home/mpcmeulensteen/blackboard_ws/install/move_base_msgs/share/move_base_msgs/package.xml
[1.847s] Invoked command in '/home/mpcmeulensteen/blackboard_ws/build/move_base_msgs' returned '0': CMAKE_PREFIX_PATH=${CMAKE_PREFIX_PATH}:/home/mpcmeulensteen/blackboard_ws/install/turtlebot3_teleop:/home/mpcmeulensteen/blackboard_ws/install/turtlebot3_example:/home/mpcmeulensteen/blackboard_ws/install/ros2_blackboard:/home/mpcmeulensteen/turtlebot3_ws/install/turtlebot3_teleop:/home/mpcmeulensteen/turtlebot3_ws/install/turtlebot3_example:/home/mpcmeulensteen/colcon_ws/install/turtlebot3_teleop:/home/mpcmeulensteen/colcon_ws/install/turtlebot3_example:/opt/ros/foxy /usr/bin/cmake --install /home/mpcmeulensteen/blackboard_ws/build/move_base_msgs
