[0.034s] Invoking command in '/home/mpcmeulensteen/blackboard_ws/build/turtlebot3_navigation2': CMAKE_PREFIX_PATH=/opt/ros/foxy /usr/bin/cmake --build /home/mpcmeulensteen/blackboard_ws/build/turtlebot3_navigation2 -- -j2 -l2
[0.079s] Invoked command in '/home/mpcmeulensteen/blackboard_ws/build/turtlebot3_navigation2' returned '0': CMAKE_PREFIX_PATH=/opt/ros/foxy /usr/bin/cmake --build /home/mpcmeulensteen/blackboard_ws/build/turtlebot3_navigation2 -- -j2 -l2
[0.120s] Invoking command in '/home/mpcmeulensteen/blackboard_ws/build/turtlebot3_navigation2': CMAKE_PREFIX_PATH=/opt/ros/foxy /usr/bin/cmake --install /home/mpcmeulensteen/blackboard_ws/build/turtlebot3_navigation2
[0.132s] -- Install configuration: ""
[0.132s] -- Up-to-date: /home/mpcmeulensteen/blackboard_ws/install/turtlebot3_navigation2/share/turtlebot3_navigation2/launch
[0.133s] -- Up-to-date: /home/mpcmeulensteen/blackboard_ws/install/turtlebot3_navigation2/share/turtlebot3_navigation2/launch/navigation2.launch.py
[0.133s] -- Up-to-date: /home/mpcmeulensteen/blackboard_ws/install/turtlebot3_navigation2/share/turtlebot3_navigation2/map
[0.134s] -- Up-to-date: /home/mpcmeulensteen/blackboard_ws/install/turtlebot3_navigation2/share/turtlebot3_navigation2/map/turtlebot3_world.pgm
[0.134s] -- Up-to-date: /home/mpcmeulensteen/blackboard_ws/install/turtlebot3_navigation2/share/turtlebot3_navigation2/map/turtlebot3_world.yaml
[0.135s] -- Up-to-date: /home/mpcmeulensteen/blackboard_ws/install/turtlebot3_navigation2/share/turtlebot3_navigation2/param
[0.135s] -- Up-to-date: /home/mpcmeulensteen/blackboard_ws/install/turtlebot3_navigation2/share/turtlebot3_navigation2/param/burger.yaml
[0.135s] -- Up-to-date: /home/mpcmeulensteen/blackboard_ws/install/turtlebot3_navigation2/share/turtlebot3_navigation2/param/waffle.yaml
[0.136s] -- Up-to-date: /home/mpcmeulensteen/blackboard_ws/install/turtlebot3_navigation2/share/turtlebot3_navigation2/param/waffle_pi.yaml
[0.136s] -- Up-to-date: /home/mpcmeulensteen/blackboard_ws/install/turtlebot3_navigation2/share/turtlebot3_navigation2/rviz
[0.136s] -- Up-to-date: /home/mpcmeulensteen/blackboard_ws/install/turtlebot3_navigation2/share/turtlebot3_navigation2/rviz/tb3_navigation2.rviz
[0.137s] -- Up-to-date: /home/mpcmeulensteen/blackboard_ws/install/turtlebot3_navigation2/share/ament_index/resource_index/package_run_dependencies/turtlebot3_navigation2
[0.137s] -- Up-to-date: /home/mpcmeulensteen/blackboard_ws/install/turtlebot3_navigation2/share/ament_index/resource_index/parent_prefix_path/turtlebot3_navigation2
[0.138s] -- Up-to-date: /home/mpcmeulensteen/blackboard_ws/install/turtlebot3_navigation2/share/turtlebot3_navigation2/environment/ament_prefix_path.sh
[0.138s] -- Up-to-date: /home/mpcmeulensteen/blackboard_ws/install/turtlebot3_navigation2/share/turtlebot3_navigation2/environment/ament_prefix_path.dsv
[0.139s] -- Up-to-date: /home/mpcmeulensteen/blackboard_ws/install/turtlebot3_navigation2/share/turtlebot3_navigation2/environment/path.sh
[0.139s] -- Up-to-date: /home/mpcmeulensteen/blackboard_ws/install/turtlebot3_navigation2/share/turtlebot3_navigation2/environment/path.dsv
[0.139s] -- Up-to-date: /home/mpcmeulensteen/blackboard_ws/install/turtlebot3_navigation2/share/turtlebot3_navigation2/local_setup.bash
[0.140s] -- Up-to-date: /home/mpcmeulensteen/blackboard_ws/install/turtlebot3_navigation2/share/turtlebot3_navigation2/local_setup.sh
[0.140s] -- Up-to-date: /home/mpcmeulensteen/blackboard_ws/install/turtlebot3_navigation2/share/turtlebot3_navigation2/local_setup.zsh
[0.140s] -- Up-to-date: /home/mpcmeulensteen/blackboard_ws/install/turtlebot3_navigation2/share/turtlebot3_navigation2/local_setup.dsv
[0.141s] -- Installing: /home/mpcmeulensteen/blackboard_ws/install/turtlebot3_navigation2/share/turtlebot3_navigation2/package.dsv
[0.142s] -- Up-to-date: /home/mpcmeulensteen/blackboard_ws/install/turtlebot3_navigation2/share/ament_index/resource_index/packages/turtlebot3_navigation2
[0.142s] -- Up-to-date: /home/mpcmeulensteen/blackboard_ws/install/turtlebot3_navigation2/share/turtlebot3_navigation2/cmake/turtlebot3_navigation2Config.cmake
[0.142s] -- Up-to-date: /home/mpcmeulensteen/blackboard_ws/install/turtlebot3_navigation2/share/turtlebot3_navigation2/cmake/turtlebot3_navigation2Config-version.cmake
[0.143s] -- Up-to-date: /home/mpcmeulensteen/blackboard_ws/install/turtlebot3_navigation2/share/turtlebot3_navigation2/package.xml
[0.145s] Invoked command in '/home/mpcmeulensteen/blackboard_ws/build/turtlebot3_navigation2' returned '0': CMAKE_PREFIX_PATH=/opt/ros/foxy /usr/bin/cmake --install /home/mpcmeulensteen/blackboard_ws/build/turtlebot3_navigation2
