[0.009s] Invoking command in '/home/mpcmeulensteen/blackboard_ws/build/turtlebot3_navigation2': CMAKE_PREFIX_PATH=${CMAKE_PREFIX_PATH}:/home/mpcmeulensteen/blackboard_ws/install/turtlebot3_teleop:/home/mpcmeulensteen/blackboard_ws/install/turtlebot3_example:/home/mpcmeulensteen/blackboard_ws/install/tf_transformations:/home/mpcmeulensteen/blackboard_ws/install/ros2_blackboard:/home/mpcmeulensteen/blackboard_ws/install/ros2_bbinstance:/opt/ros/foxy /usr/bin/cmake --build /home/mpcmeulensteen/blackboard_ws/build/turtlebot3_navigation2 -- -j2 -l2
[0.394s] Invoked command in '/home/mpcmeulensteen/blackboard_ws/build/turtlebot3_navigation2' returned '0': CMAKE_PREFIX_PATH=${CMAKE_PREFIX_PATH}:/home/mpcmeulensteen/blackboard_ws/install/turtlebot3_teleop:/home/mpcmeulensteen/blackboard_ws/install/turtlebot3_example:/home/mpcmeulensteen/blackboard_ws/install/tf_transformations:/home/mpcmeulensteen/blackboard_ws/install/ros2_blackboard:/home/mpcmeulensteen/blackboard_ws/install/ros2_bbinstance:/opt/ros/foxy /usr/bin/cmake --build /home/mpcmeulensteen/blackboard_ws/build/turtlebot3_navigation2 -- -j2 -l2
[0.423s] Invoking command in '/home/mpcmeulensteen/blackboard_ws/build/turtlebot3_navigation2': CMAKE_PREFIX_PATH=${CMAKE_PREFIX_PATH}:/home/mpcmeulensteen/blackboard_ws/install/turtlebot3_teleop:/home/mpcmeulensteen/blackboard_ws/install/turtlebot3_example:/home/mpcmeulensteen/blackboard_ws/install/tf_transformations:/home/mpcmeulensteen/blackboard_ws/install/ros2_blackboard:/home/mpcmeulensteen/blackboard_ws/install/ros2_bbinstance:/opt/ros/foxy /usr/bin/cmake --install /home/mpcmeulensteen/blackboard_ws/build/turtlebot3_navigation2
[0.449s] -- Install configuration: ""
[0.449s] -- Up-to-date: /home/mpcmeulensteen/blackboard_ws/install/turtlebot3_navigation2/share/turtlebot3_navigation2/launch
[0.452s] -- Up-to-date: /home/mpcmeulensteen/blackboard_ws/install/turtlebot3_navigation2/share/turtlebot3_navigation2/launch/navigation2.launch.py
[0.452s] -- Up-to-date: /home/mpcmeulensteen/blackboard_ws/install/turtlebot3_navigation2/share/turtlebot3_navigation2/map
[0.453s] -- Up-to-date: /home/mpcmeulensteen/blackboard_ws/install/turtlebot3_navigation2/share/turtlebot3_navigation2/map/turtlebot3_world.pgm
[0.453s] -- Up-to-date: /home/mpcmeulensteen/blackboard_ws/install/turtlebot3_navigation2/share/turtlebot3_navigation2/map/turtlebot3_world.yaml
[0.453s] -- Up-to-date: /home/mpcmeulensteen/blackboard_ws/install/turtlebot3_navigation2/share/turtlebot3_navigation2/param
[0.453s] -- Up-to-date: /home/mpcmeulensteen/blackboard_ws/install/turtlebot3_navigation2/share/turtlebot3_navigation2/param/burger.yaml
[0.454s] -- Up-to-date: /home/mpcmeulensteen/blackboard_ws/install/turtlebot3_navigation2/share/turtlebot3_navigation2/param/waffle.yaml
[0.454s] -- Up-to-date: /home/mpcmeulensteen/blackboard_ws/install/turtlebot3_navigation2/share/turtlebot3_navigation2/param/waffle_pi.yaml
[0.454s] -- Up-to-date: /home/mpcmeulensteen/blackboard_ws/install/turtlebot3_navigation2/share/turtlebot3_navigation2/rviz
[0.454s] -- Up-to-date: /home/mpcmeulensteen/blackboard_ws/install/turtlebot3_navigation2/share/turtlebot3_navigation2/rviz/tb3_navigation2.rviz
[0.455s] -- Up-to-date: /home/mpcmeulensteen/blackboard_ws/install/turtlebot3_navigation2/share/ament_index/resource_index/package_run_dependencies/turtlebot3_navigation2
[0.455s] -- Up-to-date: /home/mpcmeulensteen/blackboard_ws/install/turtlebot3_navigation2/share/ament_index/resource_index/parent_prefix_path/turtlebot3_navigation2
[0.455s] -- Up-to-date: /home/mpcmeulensteen/blackboard_ws/install/turtlebot3_navigation2/share/turtlebot3_navigation2/environment/ament_prefix_path.sh
[0.456s] -- Up-to-date: /home/mpcmeulensteen/blackboard_ws/install/turtlebot3_navigation2/share/turtlebot3_navigation2/environment/ament_prefix_path.dsv
[0.456s] -- Up-to-date: /home/mpcmeulensteen/blackboard_ws/install/turtlebot3_navigation2/share/turtlebot3_navigation2/environment/path.sh
[0.456s] -- Up-to-date: /home/mpcmeulensteen/blackboard_ws/install/turtlebot3_navigation2/share/turtlebot3_navigation2/environment/path.dsv
[0.456s] -- Up-to-date: /home/mpcmeulensteen/blackboard_ws/install/turtlebot3_navigation2/share/turtlebot3_navigation2/local_setup.bash
[0.457s] -- Up-to-date: /home/mpcmeulensteen/blackboard_ws/install/turtlebot3_navigation2/share/turtlebot3_navigation2/local_setup.sh
[0.457s] -- Up-to-date: /home/mpcmeulensteen/blackboard_ws/install/turtlebot3_navigation2/share/turtlebot3_navigation2/local_setup.zsh
[0.457s] -- Up-to-date: /home/mpcmeulensteen/blackboard_ws/install/turtlebot3_navigation2/share/turtlebot3_navigation2/local_setup.dsv
[0.457s] -- Installing: /home/mpcmeulensteen/blackboard_ws/install/turtlebot3_navigation2/share/turtlebot3_navigation2/package.dsv
[0.458s] -- Up-to-date: /home/mpcmeulensteen/blackboard_ws/install/turtlebot3_navigation2/share/ament_index/resource_index/packages/turtlebot3_navigation2
[0.458s] -- Up-to-date: /home/mpcmeulensteen/blackboard_ws/install/turtlebot3_navigation2/share/turtlebot3_navigation2/cmake/turtlebot3_navigation2Config.cmake
[0.458s] -- Up-to-date: /home/mpcmeulensteen/blackboard_ws/install/turtlebot3_navigation2/share/turtlebot3_navigation2/cmake/turtlebot3_navigation2Config-version.cmake
[0.458s] -- Up-to-date: /home/mpcmeulensteen/blackboard_ws/install/turtlebot3_navigation2/share/turtlebot3_navigation2/package.xml
[0.464s] Invoked command in '/home/mpcmeulensteen/blackboard_ws/build/turtlebot3_navigation2' returned '0': CMAKE_PREFIX_PATH=${CMAKE_PREFIX_PATH}:/home/mpcmeulensteen/blackboard_ws/install/turtlebot3_teleop:/home/mpcmeulensteen/blackboard_ws/install/turtlebot3_example:/home/mpcmeulensteen/blackboard_ws/install/tf_transformations:/home/mpcmeulensteen/blackboard_ws/install/ros2_blackboard:/home/mpcmeulensteen/blackboard_ws/install/ros2_bbinstance:/opt/ros/foxy /usr/bin/cmake --install /home/mpcmeulensteen/blackboard_ws/build/turtlebot3_navigation2
