[0.547s] Invoking command in '/home/mpcmeulensteen/blackboard_ws/src/blackboard': PYTHONPATH=/home/mpcmeulensteen/blackboard_ws/install/blackboard/lib/python3.8/site-packages:${PYTHONPATH} /usr/bin/python3 setup.py egg_info --egg-base ../../build/blackboard build --build-base /home/mpcmeulensteen/blackboard_ws/build/blackboard/build install --prefix /home/mpcmeulensteen/blackboard_ws/install/blackboard --record /home/mpcmeulensteen/blackboard_ws/build/blackboard/install.log --single-version-externally-managed
[0.989s] running egg_info
[0.990s] writing ../../build/blackboard/blackboard.egg-info/PKG-INFO
[0.991s] writing dependency_links to ../../build/blackboard/blackboard.egg-info/dependency_links.txt
[0.992s] writing entry points to ../../build/blackboard/blackboard.egg-info/entry_points.txt
[0.992s] writing requirements to ../../build/blackboard/blackboard.egg-info/requires.txt
[0.993s] writing top-level names to ../../build/blackboard/blackboard.egg-info/top_level.txt
[1.069s] reading manifest file '../../build/blackboard/blackboard.egg-info/SOURCES.txt'
[1.070s] writing manifest file '../../build/blackboard/blackboard.egg-info/SOURCES.txt'
[1.071s] running build
[1.071s] running build_py
[1.072s] running install
[1.073s] running install_lib
[1.076s] running install_data
[1.077s] running install_egg_info
[1.080s] removing '/home/mpcmeulensteen/blackboard_ws/install/blackboard/lib/python3.8/site-packages/blackboard-0.0.0-py3.8.egg-info' (and everything under it)
[1.088s] Copying ../../build/blackboard/blackboard.egg-info to /home/mpcmeulensteen/blackboard_ws/install/blackboard/lib/python3.8/site-packages/blackboard-0.0.0-py3.8.egg-info
[1.090s] running install_scripts
[1.113s] writing list of installed files to '/home/mpcmeulensteen/blackboard_ws/build/blackboard/install.log'
[1.138s] Invoked command in '/home/mpcmeulensteen/blackboard_ws/src/blackboard' returned '0': PYTHONPATH=/home/mpcmeulensteen/blackboard_ws/install/blackboard/lib/python3.8/site-packages:${PYTHONPATH} /usr/bin/python3 setup.py egg_info --egg-base ../../build/blackboard build --build-base /home/mpcmeulensteen/blackboard_ws/build/blackboard/build install --prefix /home/mpcmeulensteen/blackboard_ws/install/blackboard --record /home/mpcmeulensteen/blackboard_ws/build/blackboard/install.log --single-version-externally-managed
