[0.015s] Invoking command in '/home/mpcmeulensteen/blackboard_ws/build/navigate_robot_pkg': CMAKE_PREFIX_PATH=${CMAKE_PREFIX_PATH}:/home/mpcmeulensteen/blackboard_ws/install/turtlebot3_teleop:/home/mpcmeulensteen/blackboard_ws/install/turtlebot3_example:/home/mpcmeulensteen/blackboard_ws/install/tf_transformations:/home/mpcmeulensteen/blackboard_ws/install/ros2_blackboard:/home/mpcmeulensteen/blackboard_ws/install/ros2_bbinstance:/opt/ros/foxy /usr/bin/cmake --build /home/mpcmeulensteen/blackboard_ws/build/navigate_robot_pkg -- -j2 -l2
[0.129s] Invoked command in '/home/mpcmeulensteen/blackboard_ws/build/navigate_robot_pkg' returned '0': CMAKE_PREFIX_PATH=${CMAKE_PREFIX_PATH}:/home/mpcmeulensteen/blackboard_ws/install/turtlebot3_teleop:/home/mpcmeulensteen/blackboard_ws/install/turtlebot3_example:/home/mpcmeulensteen/blackboard_ws/install/tf_transformations:/home/mpcmeulensteen/blackboard_ws/install/ros2_blackboard:/home/mpcmeulensteen/blackboard_ws/install/ros2_bbinstance:/opt/ros/foxy /usr/bin/cmake --build /home/mpcmeulensteen/blackboard_ws/build/navigate_robot_pkg -- -j2 -l2
[0.265s] Invoking command in '/home/mpcmeulensteen/blackboard_ws/build/navigate_robot_pkg': CMAKE_PREFIX_PATH=${CMAKE_PREFIX_PATH}:/home/mpcmeulensteen/blackboard_ws/install/turtlebot3_teleop:/home/mpcmeulensteen/blackboard_ws/install/turtlebot3_example:/home/mpcmeulensteen/blackboard_ws/install/tf_transformations:/home/mpcmeulensteen/blackboard_ws/install/ros2_blackboard:/home/mpcmeulensteen/blackboard_ws/install/ros2_bbinstance:/opt/ros/foxy /usr/bin/cmake --install /home/mpcmeulensteen/blackboard_ws/build/navigate_robot_pkg
[0.288s] -- Install configuration: ""
[0.289s] -- Up-to-date: /home/mpcmeulensteen/blackboard_ws/install/navigate_robot_pkg/share/ament_index/resource_index/package_run_dependencies/navigate_robot_pkg
[0.289s] -- Up-to-date: /home/mpcmeulensteen/blackboard_ws/install/navigate_robot_pkg/share/ament_index/resource_index/parent_prefix_path/navigate_robot_pkg
[0.290s] -- Up-to-date: /home/mpcmeulensteen/blackboard_ws/install/navigate_robot_pkg/share/navigate_robot_pkg/environment/ament_prefix_path.sh
[0.290s] -- Up-to-date: /home/mpcmeulensteen/blackboard_ws/install/navigate_robot_pkg/share/navigate_robot_pkg/environment/ament_prefix_path.dsv
[0.290s] -- Up-to-date: /home/mpcmeulensteen/blackboard_ws/install/navigate_robot_pkg/share/navigate_robot_pkg/environment/path.sh
[0.291s] -- Up-to-date: /home/mpcmeulensteen/blackboard_ws/install/navigate_robot_pkg/share/navigate_robot_pkg/environment/path.dsv
[0.291s] -- Up-to-date: /home/mpcmeulensteen/blackboard_ws/install/navigate_robot_pkg/share/navigate_robot_pkg/local_setup.bash
[0.292s] -- Up-to-date: /home/mpcmeulensteen/blackboard_ws/install/navigate_robot_pkg/share/navigate_robot_pkg/local_setup.sh
[0.292s] -- Up-to-date: /home/mpcmeulensteen/blackboard_ws/install/navigate_robot_pkg/share/navigate_robot_pkg/local_setup.zsh
[0.293s] -- Up-to-date: /home/mpcmeulensteen/blackboard_ws/install/navigate_robot_pkg/share/navigate_robot_pkg/local_setup.dsv
[0.293s] -- Installing: /home/mpcmeulensteen/blackboard_ws/install/navigate_robot_pkg/share/navigate_robot_pkg/package.dsv
[0.294s] -- Up-to-date: /home/mpcmeulensteen/blackboard_ws/install/navigate_robot_pkg/share/ament_index/resource_index/packages/navigate_robot_pkg
[0.294s] -- Up-to-date: /home/mpcmeulensteen/blackboard_ws/install/navigate_robot_pkg/share/navigate_robot_pkg/cmake/navigate_robot_pkgConfig.cmake
[0.295s] -- Up-to-date: /home/mpcmeulensteen/blackboard_ws/install/navigate_robot_pkg/share/navigate_robot_pkg/cmake/navigate_robot_pkgConfig-version.cmake
[0.295s] -- Up-to-date: /home/mpcmeulensteen/blackboard_ws/install/navigate_robot_pkg/share/navigate_robot_pkg/package.xml
[0.297s] Invoked command in '/home/mpcmeulensteen/blackboard_ws/build/navigate_robot_pkg' returned '0': CMAKE_PREFIX_PATH=${CMAKE_PREFIX_PATH}:/home/mpcmeulensteen/blackboard_ws/install/turtlebot3_teleop:/home/mpcmeulensteen/blackboard_ws/install/turtlebot3_example:/home/mpcmeulensteen/blackboard_ws/install/tf_transformations:/home/mpcmeulensteen/blackboard_ws/install/ros2_blackboard:/home/mpcmeulensteen/blackboard_ws/install/ros2_bbinstance:/opt/ros/foxy /usr/bin/cmake --install /home/mpcmeulensteen/blackboard_ws/build/navigate_robot_pkg
