[0.678s] Invoking command in '/home/mpcmeulensteen/blackboard_ws/src/blackboard': PYTHONPATH=/home/mpcmeulensteen/blackboard_ws/install/blackboard/lib/python3.8/site-packages:${PYTHONPATH} /usr/bin/python3 setup.py egg_info --egg-base ../../build/blackboard build --build-base /home/mpcmeulensteen/blackboard_ws/build/blackboard/build install --prefix /home/mpcmeulensteen/blackboard_ws/install/blackboard --record /home/mpcmeulensteen/blackboard_ws/build/blackboard/install.log --single-version-externally-managed
[1.529s] running egg_info
[1.530s] writing ../../build/blackboard/blackboard.egg-info/PKG-INFO
[1.532s] writing dependency_links to ../../build/blackboard/blackboard.egg-info/dependency_links.txt
[1.532s] writing entry points to ../../build/blackboard/blackboard.egg-info/entry_points.txt
[1.533s] writing requirements to ../../build/blackboard/blackboard.egg-info/requires.txt
[1.533s] writing top-level names to ../../build/blackboard/blackboard.egg-info/top_level.txt
[1.592s] reading manifest file '../../build/blackboard/blackboard.egg-info/SOURCES.txt'
[1.594s] writing manifest file '../../build/blackboard/blackboard.egg-info/SOURCES.txt'
[1.595s] running build
[1.595s] running build_py
[1.597s] running install
[1.598s] running install_lib
[1.608s] running install_data
[1.609s] running install_egg_info
[1.612s] removing '/home/mpcmeulensteen/blackboard_ws/install/blackboard/lib/python3.8/site-packages/blackboard-0.0.0-py3.8.egg-info' (and everything under it)
[1.620s] Copying ../../build/blackboard/blackboard.egg-info to /home/mpcmeulensteen/blackboard_ws/install/blackboard/lib/python3.8/site-packages/blackboard-0.0.0-py3.8.egg-info
[1.624s] running install_scripts
[1.668s] writing list of installed files to '/home/mpcmeulensteen/blackboard_ws/build/blackboard/install.log'
[1.701s] Invoked command in '/home/mpcmeulensteen/blackboard_ws/src/blackboard' returned '0': PYTHONPATH=/home/mpcmeulensteen/blackboard_ws/install/blackboard/lib/python3.8/site-packages:${PYTHONPATH} /usr/bin/python3 setup.py egg_info --egg-base ../../build/blackboard build --build-base /home/mpcmeulensteen/blackboard_ws/build/blackboard/build install --prefix /home/mpcmeulensteen/blackboard_ws/install/blackboard --record /home/mpcmeulensteen/blackboard_ws/build/blackboard/install.log --single-version-externally-managed
