-- Found ament_cmake: 0.9.9 (/opt/ros/foxy/share/ament_cmake/cmake)
-- Using PYTHON_EXECUTABLE: /usr/bin/python3
-- Configuring done
-- Generating done
-- Build files have been written to: /home/mpcmeulensteen/blackboard_ws/build/turtlebot3
-- Install configuration: ""
-- Installing: /home/mpcmeulensteen/blackboard_ws/install/turtlebot3/share/ament_index/resource_index/package_run_dependencies/turtlebot3
-- Installing: /home/mpcmeulensteen/blackboard_ws/install/turtlebot3/share/ament_index/resource_index/parent_prefix_path/turtlebot3
-- Installing: /home/mpcmeulensteen/blackboard_ws/install/turtlebot3/share/turtlebot3/environment/ament_prefix_path.sh
-- Installing: /home/mpcmeulensteen/blackboard_ws/install/turtlebot3/share/turtlebot3/environment/ament_prefix_path.dsv
-- Installing: /home/mpcmeulensteen/blackboard_ws/install/turtlebot3/share/turtlebot3/environment/path.sh
-- Installing: /home/mpcmeulensteen/blackboard_ws/install/turtlebot3/share/turtlebot3/environment/path.dsv
-- Installing: /home/mpcmeulensteen/blackboard_ws/install/turtlebot3/share/turtlebot3/local_setup.bash
-- Installing: /home/mpcmeulensteen/blackboard_ws/install/turtlebot3/share/turtlebot3/local_setup.sh
-- Installing: /home/mpcmeulensteen/blackboard_ws/install/turtlebot3/share/turtlebot3/local_setup.zsh
-- Installing: /home/mpcmeulensteen/blackboard_ws/install/turtlebot3/share/turtlebot3/local_setup.dsv
-- Installing: /home/mpcmeulensteen/blackboard_ws/install/turtlebot3/share/turtlebot3/package.dsv
-- Installing: /home/mpcmeulensteen/blackboard_ws/install/turtlebot3/share/ament_index/resource_index/packages/turtlebot3
-- Installing: /home/mpcmeulensteen/blackboard_ws/install/turtlebot3/share/turtlebot3/cmake/turtlebot3Config.cmake
-- Installing: /home/mpcmeulensteen/blackboard_ws/install/turtlebot3/share/turtlebot3/cmake/turtlebot3Config-version.cmake
-- Installing: /home/mpcmeulensteen/blackboard_ws/install/turtlebot3/share/turtlebot3/package.xml
