[0.021s] Invoking command in '/home/mpcmeulensteen/blackboard_ws/build/turtlebot3_cartographer': CMAKE_PREFIX_PATH=${CMAKE_PREFIX_PATH}:/home/mpcmeulensteen/turtlebot3_ws/install/turtlebot3_teleop:/home/mpcmeulensteen/turtlebot3_ws/install/turtlebot3_example:/home/mpcmeulensteen/colcon_ws/install/turtlebot3_teleop:/home/mpcmeulensteen/colcon_ws/install/turtlebot3_example:/opt/ros/foxy /usr/bin/cmake --build /home/mpcmeulensteen/blackboard_ws/build/turtlebot3_cartographer -- -j2 -l2
[0.064s] Invoked command in '/home/mpcmeulensteen/blackboard_ws/build/turtlebot3_cartographer' returned '0': CMAKE_PREFIX_PATH=${CMAKE_PREFIX_PATH}:/home/mpcmeulensteen/turtlebot3_ws/install/turtlebot3_teleop:/home/mpcmeulensteen/turtlebot3_ws/install/turtlebot3_example:/home/mpcmeulensteen/colcon_ws/install/turtlebot3_teleop:/home/mpcmeulensteen/colcon_ws/install/turtlebot3_example:/opt/ros/foxy /usr/bin/cmake --build /home/mpcmeulensteen/blackboard_ws/build/turtlebot3_cartographer -- -j2 -l2
[0.088s] Invoking command in '/home/mpcmeulensteen/blackboard_ws/build/turtlebot3_cartographer': CMAKE_PREFIX_PATH=${CMAKE_PREFIX_PATH}:/home/mpcmeulensteen/turtlebot3_ws/install/turtlebot3_teleop:/home/mpcmeulensteen/turtlebot3_ws/install/turtlebot3_example:/home/mpcmeulensteen/colcon_ws/install/turtlebot3_teleop:/home/mpcmeulensteen/colcon_ws/install/turtlebot3_example:/opt/ros/foxy /usr/bin/cmake --install /home/mpcmeulensteen/blackboard_ws/build/turtlebot3_cartographer
[0.098s] -- Install configuration: ""
[0.098s] -- Up-to-date: /home/mpcmeulensteen/blackboard_ws/install/turtlebot3_cartographer/share/turtlebot3_cartographer/config
[0.098s] -- Up-to-date: /home/mpcmeulensteen/blackboard_ws/install/turtlebot3_cartographer/share/turtlebot3_cartographer/config/turtlebot3_lds_2d.lua
[0.098s] -- Up-to-date: /home/mpcmeulensteen/blackboard_ws/install/turtlebot3_cartographer/share/turtlebot3_cartographer/launch
[0.098s] -- Up-to-date: /home/mpcmeulensteen/blackboard_ws/install/turtlebot3_cartographer/share/turtlebot3_cartographer/launch/occupancy_grid.launch.py
[0.099s] -- Up-to-date: /home/mpcmeulensteen/blackboard_ws/install/turtlebot3_cartographer/share/turtlebot3_cartographer/launch/cartographer.launch.py
[0.099s] -- Up-to-date: /home/mpcmeulensteen/blackboard_ws/install/turtlebot3_cartographer/share/turtlebot3_cartographer/rviz
[0.099s] -- Up-to-date: /home/mpcmeulensteen/blackboard_ws/install/turtlebot3_cartographer/share/turtlebot3_cartographer/rviz/tb3_cartographer.rviz
[0.099s] -- Up-to-date: /home/mpcmeulensteen/blackboard_ws/install/turtlebot3_cartographer/share/ament_index/resource_index/package_run_dependencies/turtlebot3_cartographer
[0.099s] -- Up-to-date: /home/mpcmeulensteen/blackboard_ws/install/turtlebot3_cartographer/share/ament_index/resource_index/parent_prefix_path/turtlebot3_cartographer
[0.099s] -- Up-to-date: /home/mpcmeulensteen/blackboard_ws/install/turtlebot3_cartographer/share/turtlebot3_cartographer/environment/ament_prefix_path.sh
[0.100s] -- Up-to-date: /home/mpcmeulensteen/blackboard_ws/install/turtlebot3_cartographer/share/turtlebot3_cartographer/environment/ament_prefix_path.dsv
[0.100s] -- Up-to-date: /home/mpcmeulensteen/blackboard_ws/install/turtlebot3_cartographer/share/turtlebot3_cartographer/environment/path.sh
[0.100s] -- Up-to-date: /home/mpcmeulensteen/blackboard_ws/install/turtlebot3_cartographer/share/turtlebot3_cartographer/environment/path.dsv
[0.100s] -- Up-to-date: /home/mpcmeulensteen/blackboard_ws/install/turtlebot3_cartographer/share/turtlebot3_cartographer/local_setup.bash
[0.101s] -- Up-to-date: /home/mpcmeulensteen/blackboard_ws/install/turtlebot3_cartographer/share/turtlebot3_cartographer/local_setup.sh
[0.101s] -- Up-to-date: /home/mpcmeulensteen/blackboard_ws/install/turtlebot3_cartographer/share/turtlebot3_cartographer/local_setup.zsh
[0.101s] -- Up-to-date: /home/mpcmeulensteen/blackboard_ws/install/turtlebot3_cartographer/share/turtlebot3_cartographer/local_setup.dsv
[0.101s] -- Installing: /home/mpcmeulensteen/blackboard_ws/install/turtlebot3_cartographer/share/turtlebot3_cartographer/package.dsv
[0.102s] -- Up-to-date: /home/mpcmeulensteen/blackboard_ws/install/turtlebot3_cartographer/share/ament_index/resource_index/packages/turtlebot3_cartographer
[0.102s] -- Up-to-date: /home/mpcmeulensteen/blackboard_ws/install/turtlebot3_cartographer/share/turtlebot3_cartographer/cmake/turtlebot3_cartographerConfig.cmake
[0.102s] -- Up-to-date: /home/mpcmeulensteen/blackboard_ws/install/turtlebot3_cartographer/share/turtlebot3_cartographer/cmake/turtlebot3_cartographerConfig-version.cmake
[0.102s] -- Up-to-date: /home/mpcmeulensteen/blackboard_ws/install/turtlebot3_cartographer/share/turtlebot3_cartographer/package.xml
[0.106s] Invoked command in '/home/mpcmeulensteen/blackboard_ws/build/turtlebot3_cartographer' returned '0': CMAKE_PREFIX_PATH=${CMAKE_PREFIX_PATH}:/home/mpcmeulensteen/turtlebot3_ws/install/turtlebot3_teleop:/home/mpcmeulensteen/turtlebot3_ws/install/turtlebot3_example:/home/mpcmeulensteen/colcon_ws/install/turtlebot3_teleop:/home/mpcmeulensteen/colcon_ws/install/turtlebot3_example:/opt/ros/foxy /usr/bin/cmake --install /home/mpcmeulensteen/blackboard_ws/build/turtlebot3_cartographer
