[0.027s] Invoking command in '/home/mpcmeulensteen/blackboard_ws/build/message_pkg': CMAKE_PREFIX_PATH=${CMAKE_PREFIX_PATH}:/home/mpcmeulensteen/turtlebot3_ws/install/turtlebot3_teleop:/home/mpcmeulensteen/turtlebot3_ws/install/turtlebot3_example:/home/mpcmeulensteen/colcon_ws/install/turtlebot3_teleop:/home/mpcmeulensteen/colcon_ws/install/turtlebot3_example:/opt/ros/foxy /usr/bin/cmake --build /home/mpcmeulensteen/blackboard_ws/build/message_pkg -- -j2 -l2
[0.119s] [  1%] Built target message_pkg__cpp
[0.127s] [ 12%] Built target message_pkg__rosidl_generator_c
[0.210s] [ 23%] Built target message_pkg__rosidl_typesupport_cpp
[0.243s] [ 34%] Built target message_pkg__rosidl_typesupport_fastrtps_cpp
[0.283s] [ 46%] Built target message_pkg__rosidl_typesupport_c
[0.324s] [ 57%] Built target message_pkg__rosidl_typesupport_introspection_cpp
[0.365s] [ 68%] Built target message_pkg__rosidl_typesupport_introspection_c
[0.379s] [ 79%] Built target message_pkg__rosidl_typesupport_fastrtps_c
[0.417s] [ 79%] Built target message_pkg
[0.447s] [ 80%] Built target message_pkg__py
[0.483s] [ 90%] Built target message_pkg__python
[0.529s] [ 93%] Built target message_pkg__rosidl_typesupport_introspection_c__pyext
[0.535s] [ 96%] Built target message_pkg__rosidl_typesupport_fastrtps_c__pyext
[0.565s] [100%] Built target message_pkg__rosidl_typesupport_c__pyext
[0.584s] Invoked command in '/home/mpcmeulensteen/blackboard_ws/build/message_pkg' returned '0': CMAKE_PREFIX_PATH=${CMAKE_PREFIX_PATH}:/home/mpcmeulensteen/turtlebot3_ws/install/turtlebot3_teleop:/home/mpcmeulensteen/turtlebot3_ws/install/turtlebot3_example:/home/mpcmeulensteen/colcon_ws/install/turtlebot3_teleop:/home/mpcmeulensteen/colcon_ws/install/turtlebot3_example:/opt/ros/foxy /usr/bin/cmake --build /home/mpcmeulensteen/blackboard_ws/build/message_pkg -- -j2 -l2
[0.797s] Invoking command in '/home/mpcmeulensteen/blackboard_ws/build/message_pkg': CMAKE_PREFIX_PATH=${CMAKE_PREFIX_PATH}:/home/mpcmeulensteen/turtlebot3_ws/install/turtlebot3_teleop:/home/mpcmeulensteen/turtlebot3_ws/install/turtlebot3_example:/home/mpcmeulensteen/colcon_ws/install/turtlebot3_teleop:/home/mpcmeulensteen/colcon_ws/install/turtlebot3_example:/opt/ros/foxy /usr/bin/cmake --install /home/mpcmeulensteen/blackboard_ws/build/message_pkg
[0.809s] -- Install configuration: ""
[0.810s] -- Up-to-date: /home/mpcmeulensteen/blackboard_ws/install/message_pkg/share/ament_index/resource_index/rosidl_interfaces/message_pkg
[0.810s] -- Up-to-date: /home/mpcmeulensteen/blackboard_ws/install/message_pkg/include/message_pkg
[0.810s] -- Up-to-date: /home/mpcmeulensteen/blackboard_ws/install/message_pkg/include/message_pkg/msg
[0.810s] -- Up-to-date: /home/mpcmeulensteen/blackboard_ws/install/message_pkg/include/message_pkg/msg/task_msg.h
[0.810s] -- Up-to-date: /home/mpcmeulensteen/blackboard_ws/install/message_pkg/include/message_pkg/msg/detail
[0.810s] -- Up-to-date: /home/mpcmeulensteen/blackboard_ws/install/message_pkg/include/message_pkg/msg/detail/task_msg__type_support.h
[0.810s] -- Up-to-date: /home/mpcmeulensteen/blackboard_ws/install/message_pkg/include/message_pkg/msg/detail/task_cost__functions.c
[0.810s] -- Up-to-date: /home/mpcmeulensteen/blackboard_ws/install/message_pkg/include/message_pkg/msg/detail/task_msg__functions.c
[0.810s] -- Up-to-date: /home/mpcmeulensteen/blackboard_ws/install/message_pkg/include/message_pkg/msg/detail/b_bbackup__type_support.h
[0.810s] -- Up-to-date: /home/mpcmeulensteen/blackboard_ws/install/message_pkg/include/message_pkg/msg/detail/task_state_msg__functions.c
[0.810s] -- Up-to-date: /home/mpcmeulensteen/blackboard_ws/install/message_pkg/include/message_pkg/msg/detail/task_state_msg__struct.h
[0.810s] -- Up-to-date: /home/mpcmeulensteen/blackboard_ws/install/message_pkg/include/message_pkg/msg/detail/task_state_msg__type_support.h
[0.811s] -- Up-to-date: /home/mpcmeulensteen/blackboard_ws/install/message_pkg/include/message_pkg/msg/detail/task_cost__functions.h
[0.811s] -- Up-to-date: /home/mpcmeulensteen/blackboard_ws/install/message_pkg/include/message_pkg/msg/detail/b_bsynch__functions.c
[0.811s] -- Up-to-date: /home/mpcmeulensteen/blackboard_ws/install/message_pkg/include/message_pkg/msg/detail/task_cost__struct.h
[0.811s] -- Up-to-date: /home/mpcmeulensteen/blackboard_ws/install/message_pkg/include/message_pkg/msg/detail/b_bsynch__type_support.h
[0.811s] -- Up-to-date: /home/mpcmeulensteen/blackboard_ws/install/message_pkg/include/message_pkg/msg/detail/b_bbackup__functions.h
[0.811s] -- Up-to-date: /home/mpcmeulensteen/blackboard_ws/install/message_pkg/include/message_pkg/msg/detail/task_msg__functions.h
[0.811s] -- Up-to-date: /home/mpcmeulensteen/blackboard_ws/install/message_pkg/include/message_pkg/msg/detail/task_msg__struct.h
[0.811s] -- Up-to-date: /home/mpcmeulensteen/blackboard_ws/install/message_pkg/include/message_pkg/msg/detail/b_bsynch__struct.h
[0.811s] -- Up-to-date: /home/mpcmeulensteen/blackboard_ws/install/message_pkg/include/message_pkg/msg/detail/b_bbackup__struct.h
[0.811s] -- Up-to-date: /home/mpcmeulensteen/blackboard_ws/install/message_pkg/include/message_pkg/msg/detail/task_state_msg__functions.h
[0.811s] -- Up-to-date: /home/mpcmeulensteen/blackboard_ws/install/message_pkg/include/message_pkg/msg/detail/b_bbackup__functions.c
[0.811s] -- Up-to-date: /home/mpcmeulensteen/blackboard_ws/install/message_pkg/include/message_pkg/msg/detail/b_bsynch__functions.h
[0.811s] -- Up-to-date: /home/mpcmeulensteen/blackboard_ws/install/message_pkg/include/message_pkg/msg/detail/task_cost__type_support.h
[0.811s] -- Up-to-date: /home/mpcmeulensteen/blackboard_ws/install/message_pkg/include/message_pkg/msg/task_cost.h
[0.811s] -- Up-to-date: /home/mpcmeulensteen/blackboard_ws/install/message_pkg/include/message_pkg/msg/b_bsynch.h
[0.811s] -- Up-to-date: /home/mpcmeulensteen/blackboard_ws/install/message_pkg/include/message_pkg/msg/task_state_msg.h
[0.811s] -- Up-to-date: /home/mpcmeulensteen/blackboard_ws/install/message_pkg/include/message_pkg/msg/b_bbackup.h
[0.812s] -- Up-to-date: /home/mpcmeulensteen/blackboard_ws/install/message_pkg/include/message_pkg/msg/rosidl_generator_c__visibility_control.h
[0.812s] -- Up-to-date: /home/mpcmeulensteen/blackboard_ws/install/message_pkg/share/message_pkg/environment/library_path.sh
[0.812s] -- Up-to-date: /home/mpcmeulensteen/blackboard_ws/install/message_pkg/share/message_pkg/environment/library_path.dsv
[0.812s] -- Up-to-date: /home/mpcmeulensteen/blackboard_ws/install/message_pkg/lib/libmessage_pkg__rosidl_generator_c.so
[0.812s] -- Up-to-date: /home/mpcmeulensteen/blackboard_ws/install/message_pkg/include/message_pkg
[0.812s] -- Up-to-date: /home/mpcmeulensteen/blackboard_ws/install/message_pkg/include/message_pkg/msg
[0.812s] -- Up-to-date: /home/mpcmeulensteen/blackboard_ws/install/message_pkg/include/message_pkg/msg/detail
[0.812s] -- Up-to-date: /home/mpcmeulensteen/blackboard_ws/install/message_pkg/include/message_pkg/msg/detail/task_state_msg__rosidl_typesupport_fastrtps_c.h
[0.812s] -- Up-to-date: /home/mpcmeulensteen/blackboard_ws/install/message_pkg/include/message_pkg/msg/detail/task_msg__rosidl_typesupport_fastrtps_c.h
[0.812s] -- Up-to-date: /home/mpcmeulensteen/blackboard_ws/install/message_pkg/include/message_pkg/msg/detail/b_bbackup__rosidl_typesupport_fastrtps_c.h
[0.812s] -- Up-to-date: /home/mpcmeulensteen/blackboard_ws/install/message_pkg/include/message_pkg/msg/detail/task_cost__rosidl_typesupport_fastrtps_c.h
[0.812s] -- Up-to-date: /home/mpcmeulensteen/blackboard_ws/install/message_pkg/include/message_pkg/msg/detail/b_bsynch__rosidl_typesupport_fastrtps_c.h
[0.817s] -- Up-to-date: /home/mpcmeulensteen/blackboard_ws/install/message_pkg/include/message_pkg/msg/rosidl_typesupport_fastrtps_c__visibility_control.h
[0.817s] -- Up-to-date: /home/mpcmeulensteen/blackboard_ws/install/message_pkg/lib/libmessage_pkg__rosidl_typesupport_fastrtps_c.so
[0.817s] -- Up-to-date: /home/mpcmeulensteen/blackboard_ws/install/message_pkg/include/message_pkg
[0.817s] -- Up-to-date: /home/mpcmeulensteen/blackboard_ws/install/message_pkg/include/message_pkg/msg
[0.817s] -- Up-to-date: /home/mpcmeulensteen/blackboard_ws/install/message_pkg/include/message_pkg/msg/detail
[0.817s] -- Up-to-date: /home/mpcmeulensteen/blackboard_ws/install/message_pkg/include/message_pkg/msg/detail/task_cost__rosidl_typesupport_fastrtps_cpp.hpp
[0.817s] -- Up-to-date: /home/mpcmeulensteen/blackboard_ws/install/message_pkg/include/message_pkg/msg/detail/b_bsynch__rosidl_typesupport_fastrtps_cpp.hpp
[0.817s] -- Up-to-date: /home/mpcmeulensteen/blackboard_ws/install/message_pkg/include/message_pkg/msg/detail/b_bbackup__rosidl_typesupport_fastrtps_cpp.hpp
[0.817s] -- Up-to-date: /home/mpcmeulensteen/blackboard_ws/install/message_pkg/include/message_pkg/msg/detail/task_state_msg__rosidl_typesupport_fastrtps_cpp.hpp
[0.817s] -- Up-to-date: /home/mpcmeulensteen/blackboard_ws/install/message_pkg/include/message_pkg/msg/detail/task_msg__rosidl_typesupport_fastrtps_cpp.hpp
[0.817s] -- Up-to-date: /home/mpcmeulensteen/blackboard_ws/install/message_pkg/include/message_pkg/msg/detail/dds_fastrtps
[0.817s] -- Up-to-date: /home/mpcmeulensteen/blackboard_ws/install/message_pkg/include/message_pkg/msg/rosidl_typesupport_fastrtps_cpp__visibility_control.h
[0.823s] -- Up-to-date: /home/mpcmeulensteen/blackboard_ws/install/message_pkg/lib/libmessage_pkg__rosidl_typesupport_fastrtps_cpp.so
[0.824s] -- Up-to-date: /home/mpcmeulensteen/blackboard_ws/install/message_pkg/include/message_pkg
[0.824s] -- Up-to-date: /home/mpcmeulensteen/blackboard_ws/install/message_pkg/include/message_pkg/msg
[0.824s] -- Up-to-date: /home/mpcmeulensteen/blackboard_ws/install/message_pkg/include/message_pkg/msg/detail
[0.824s] -- Up-to-date: /home/mpcmeulensteen/blackboard_ws/install/message_pkg/include/message_pkg/msg/detail/b_bsynch__type_support.c
[0.824s] -- Up-to-date: /home/mpcmeulensteen/blackboard_ws/install/message_pkg/include/message_pkg/msg/detail/task_msg__rosidl_typesupport_introspection_c.h
[0.824s] -- Up-to-date: /home/mpcmeulensteen/blackboard_ws/install/message_pkg/include/message_pkg/msg/detail/b_bsynch__rosidl_typesupport_introspection_c.h
[0.824s] -- Up-to-date: /home/mpcmeulensteen/blackboard_ws/install/message_pkg/include/message_pkg/msg/detail/b_bbackup__type_support.c
[0.825s] -- Up-to-date: /home/mpcmeulensteen/blackboard_ws/install/message_pkg/include/message_pkg/msg/detail/task_msg__type_support.c
[0.825s] -- Up-to-date: /home/mpcmeulensteen/blackboard_ws/install/message_pkg/include/message_pkg/msg/detail/task_state_msg__type_support.c
[0.825s] -- Up-to-date: /home/mpcmeulensteen/blackboard_ws/install/message_pkg/include/message_pkg/msg/detail/b_bbackup__rosidl_typesupport_introspection_c.h
[0.825s] -- Up-to-date: /home/mpcmeulensteen/blackboard_ws/install/message_pkg/include/message_pkg/msg/detail/task_state_msg__rosidl_typesupport_introspection_c.h
[0.825s] -- Up-to-date: /home/mpcmeulensteen/blackboard_ws/install/message_pkg/include/message_pkg/msg/detail/task_cost__rosidl_typesupport_introspection_c.h
[0.825s] -- Up-to-date: /home/mpcmeulensteen/blackboard_ws/install/message_pkg/include/message_pkg/msg/detail/task_cost__type_support.c
[0.825s] -- Up-to-date: /home/mpcmeulensteen/blackboard_ws/install/message_pkg/include/message_pkg/msg/rosidl_typesupport_introspection_c__visibility_control.h
[0.825s] -- Up-to-date: /home/mpcmeulensteen/blackboard_ws/install/message_pkg/lib/libmessage_pkg__rosidl_typesupport_introspection_c.so
[0.825s] -- Up-to-date: /home/mpcmeulensteen/blackboard_ws/install/message_pkg/lib/libmessage_pkg__rosidl_typesupport_c.so
[0.825s] -- Up-to-date: /home/mpcmeulensteen/blackboard_ws/install/message_pkg/include/message_pkg
[0.825s] -- Up-to-date: /home/mpcmeulensteen/blackboard_ws/install/message_pkg/include/message_pkg/msg
[0.825s] -- Up-to-date: /home/mpcmeulensteen/blackboard_ws/install/message_pkg/include/message_pkg/msg/task_msg.hpp
[0.825s] -- Up-to-date: /home/mpcmeulensteen/blackboard_ws/install/message_pkg/include/message_pkg/msg/b_bbackup.hpp
[0.825s] -- Up-to-date: /home/mpcmeulensteen/blackboard_ws/install/message_pkg/include/message_pkg/msg/detail
[0.825s] -- Up-to-date: /home/mpcmeulensteen/blackboard_ws/install/message_pkg/include/message_pkg/msg/detail/task_state_msg__builder.hpp
[0.826s] -- Up-to-date: /home/mpcmeulensteen/blackboard_ws/install/message_pkg/include/message_pkg/msg/detail/task_state_msg__struct.hpp
[0.826s] -- Up-to-date: /home/mpcmeulensteen/blackboard_ws/install/message_pkg/include/message_pkg/msg/detail/b_bsynch__builder.hpp
[0.826s] -- Up-to-date: /home/mpcmeulensteen/blackboard_ws/install/message_pkg/include/message_pkg/msg/detail/task_state_msg__traits.hpp
[0.826s] -- Up-to-date: /home/mpcmeulensteen/blackboard_ws/install/message_pkg/include/message_pkg/msg/detail/task_cost__traits.hpp
[0.826s] -- Up-to-date: /home/mpcmeulensteen/blackboard_ws/install/message_pkg/include/message_pkg/msg/detail/task_msg__traits.hpp
[0.826s] -- Up-to-date: /home/mpcmeulensteen/blackboard_ws/install/message_pkg/include/message_pkg/msg/detail/b_bsynch__struct.hpp
[0.826s] -- Up-to-date: /home/mpcmeulensteen/blackboard_ws/install/message_pkg/include/message_pkg/msg/detail/b_bbackup__traits.hpp
[0.826s] -- Up-to-date: /home/mpcmeulensteen/blackboard_ws/install/message_pkg/include/message_pkg/msg/detail/b_bbackup__struct.hpp
[0.826s] -- Up-to-date: /home/mpcmeulensteen/blackboard_ws/install/message_pkg/include/message_pkg/msg/detail/task_cost__builder.hpp
[0.826s] -- Up-to-date: /home/mpcmeulensteen/blackboard_ws/install/message_pkg/include/message_pkg/msg/detail/b_bsynch__traits.hpp
[0.826s] -- Up-to-date: /home/mpcmeulensteen/blackboard_ws/install/message_pkg/include/message_pkg/msg/detail/task_msg__builder.hpp
[0.826s] -- Up-to-date: /home/mpcmeulensteen/blackboard_ws/install/message_pkg/include/message_pkg/msg/detail/task_cost__struct.hpp
[0.826s] -- Up-to-date: /home/mpcmeulensteen/blackboard_ws/install/message_pkg/include/message_pkg/msg/detail/task_msg__struct.hpp
[0.826s] -- Up-to-date: /home/mpcmeulensteen/blackboard_ws/install/message_pkg/include/message_pkg/msg/detail/b_bbackup__builder.hpp
[0.826s] -- Up-to-date: /home/mpcmeulensteen/blackboard_ws/install/message_pkg/include/message_pkg/msg/task_cost.hpp
[0.826s] -- Up-to-date: /home/mpcmeulensteen/blackboard_ws/install/message_pkg/include/message_pkg/msg/task_state_msg.hpp
[0.826s] -- Up-to-date: /home/mpcmeulensteen/blackboard_ws/install/message_pkg/include/message_pkg/msg/b_bsynch.hpp
[0.827s] -- Up-to-date: /home/mpcmeulensteen/blackboard_ws/install/message_pkg/include/message_pkg
[0.827s] -- Up-to-date: /home/mpcmeulensteen/blackboard_ws/install/message_pkg/include/message_pkg/msg
[0.827s] -- Up-to-date: /home/mpcmeulensteen/blackboard_ws/install/message_pkg/include/message_pkg/msg/detail
[0.827s] -- Up-to-date: /home/mpcmeulensteen/blackboard_ws/install/message_pkg/include/message_pkg/msg/detail/task_state_msg__rosidl_typesupport_introspection_cpp.hpp
[0.827s] -- Up-to-date: /home/mpcmeulensteen/blackboard_ws/install/message_pkg/include/message_pkg/msg/detail/b_bsynch__type_support.cpp
[0.827s] -- Up-to-date: /home/mpcmeulensteen/blackboard_ws/install/message_pkg/include/message_pkg/msg/detail/task_cost__rosidl_typesupport_introspection_cpp.hpp
[0.827s] -- Up-to-date: /home/mpcmeulensteen/blackboard_ws/install/message_pkg/include/message_pkg/msg/detail/task_state_msg__type_support.cpp
[0.827s] -- Up-to-date: /home/mpcmeulensteen/blackboard_ws/install/message_pkg/include/message_pkg/msg/detail/task_msg__rosidl_typesupport_introspection_cpp.hpp
[0.827s] -- Up-to-date: /home/mpcmeulensteen/blackboard_ws/install/message_pkg/include/message_pkg/msg/detail/b_bbackup__type_support.cpp
[0.827s] -- Up-to-date: /home/mpcmeulensteen/blackboard_ws/install/message_pkg/include/message_pkg/msg/detail/b_bbackup__rosidl_typesupport_introspection_cpp.hpp
[0.827s] -- Up-to-date: /home/mpcmeulensteen/blackboard_ws/install/message_pkg/include/message_pkg/msg/detail/b_bsynch__rosidl_typesupport_introspection_cpp.hpp
[0.827s] -- Up-to-date: /home/mpcmeulensteen/blackboard_ws/install/message_pkg/include/message_pkg/msg/detail/task_cost__type_support.cpp
[0.827s] -- Up-to-date: /home/mpcmeulensteen/blackboard_ws/install/message_pkg/include/message_pkg/msg/detail/task_msg__type_support.cpp
[0.827s] -- Up-to-date: /home/mpcmeulensteen/blackboard_ws/install/message_pkg/lib/libmessage_pkg__rosidl_typesupport_introspection_cpp.so
[0.827s] -- Up-to-date: /home/mpcmeulensteen/blackboard_ws/install/message_pkg/lib/libmessage_pkg__rosidl_typesupport_cpp.so
[0.849s] -- Up-to-date: /home/mpcmeulensteen/blackboard_ws/install/message_pkg/share/message_pkg/environment/pythonpath.sh
[0.849s] -- Up-to-date: /home/mpcmeulensteen/blackboard_ws/install/message_pkg/share/message_pkg/environment/pythonpath.dsv
[0.849s] -- Up-to-date: /home/mpcmeulensteen/blackboard_ws/install/message_pkg/lib/python3.8/site-packages/message_pkg/__init__.py
[0.911s] -- Up-to-date: /home/mpcmeulensteen/blackboard_ws/install/message_pkg/lib/python3.8/site-packages/message_pkg/msg
[0.911s] -- Up-to-date: /home/mpcmeulensteen/blackboard_ws/install/message_pkg/lib/python3.8/site-packages/message_pkg/msg/_task_state_msg.py
[0.911s] -- Up-to-date: /home/mpcmeulensteen/blackboard_ws/install/message_pkg/lib/python3.8/site-packages/message_pkg/msg/_task_msg_s.c
[0.911s] -- Up-to-date: /home/mpcmeulensteen/blackboard_ws/install/message_pkg/lib/python3.8/site-packages/message_pkg/msg/_b_bsynch.py
[0.911s] -- Up-to-date: /home/mpcmeulensteen/blackboard_ws/install/message_pkg/lib/python3.8/site-packages/message_pkg/msg/_b_bbackup.py
[0.911s] -- Up-to-date: /home/mpcmeulensteen/blackboard_ws/install/message_pkg/lib/python3.8/site-packages/message_pkg/msg/_b_bbackup_s.c
[0.911s] -- Up-to-date: /home/mpcmeulensteen/blackboard_ws/install/message_pkg/lib/python3.8/site-packages/message_pkg/msg/_b_bsynch_s.c
[0.911s] -- Up-to-date: /home/mpcmeulensteen/blackboard_ws/install/message_pkg/lib/python3.8/site-packages/message_pkg/msg/_task_cost.py
[0.911s] -- Up-to-date: /home/mpcmeulensteen/blackboard_ws/install/message_pkg/lib/python3.8/site-packages/message_pkg/msg/_task_state_msg_s.c
[0.911s] -- Up-to-date: /home/mpcmeulensteen/blackboard_ws/install/message_pkg/lib/python3.8/site-packages/message_pkg/msg/_task_cost_s.c
[0.911s] -- Up-to-date: /home/mpcmeulensteen/blackboard_ws/install/message_pkg/lib/python3.8/site-packages/message_pkg/msg/__init__.py
[0.912s] -- Up-to-date: /home/mpcmeulensteen/blackboard_ws/install/message_pkg/lib/python3.8/site-packages/message_pkg/msg/_task_msg.py
[0.912s] -- Up-to-date: /home/mpcmeulensteen/blackboard_ws/install/message_pkg/lib/python3.8/site-packages/message_pkg/message_pkg_s__rosidl_typesupport_fastrtps_c.cpython-38-x86_64-linux-gnu.so
[0.912s] -- Up-to-date: /home/mpcmeulensteen/blackboard_ws/install/message_pkg/lib/python3.8/site-packages/message_pkg/message_pkg_s__rosidl_typesupport_introspection_c.cpython-38-x86_64-linux-gnu.so
[0.912s] -- Up-to-date: /home/mpcmeulensteen/blackboard_ws/install/message_pkg/lib/python3.8/site-packages/message_pkg/message_pkg_s__rosidl_typesupport_c.cpython-38-x86_64-linux-gnu.so
[0.912s] -- Up-to-date: /home/mpcmeulensteen/blackboard_ws/install/message_pkg/lib/libmessage_pkg__python.so
[0.912s] -- Up-to-date: /home/mpcmeulensteen/blackboard_ws/install/message_pkg/share/message_pkg/msg/BBbackup.idl
[0.912s] -- Up-to-date: /home/mpcmeulensteen/blackboard_ws/install/message_pkg/share/message_pkg/msg/BBsynch.idl
[0.912s] -- Up-to-date: /home/mpcmeulensteen/blackboard_ws/install/message_pkg/share/message_pkg/msg/TaskCost.idl
[0.912s] -- Up-to-date: /home/mpcmeulensteen/blackboard_ws/install/message_pkg/share/message_pkg/msg/TaskMsg.idl
[0.912s] -- Up-to-date: /home/mpcmeulensteen/blackboard_ws/install/message_pkg/share/message_pkg/msg/TaskStateMsg.idl
[0.912s] -- Up-to-date: /home/mpcmeulensteen/blackboard_ws/install/message_pkg/share/message_pkg/msg/BBbackup.msg
[0.912s] -- Up-to-date: /home/mpcmeulensteen/blackboard_ws/install/message_pkg/share/message_pkg/msg/BBsynch.msg
[0.912s] -- Up-to-date: /home/mpcmeulensteen/blackboard_ws/install/message_pkg/share/message_pkg/msg/TaskCost.msg
[0.912s] -- Up-to-date: /home/mpcmeulensteen/blackboard_ws/install/message_pkg/share/message_pkg/msg/TaskMsg.msg
[0.912s] -- Up-to-date: /home/mpcmeulensteen/blackboard_ws/install/message_pkg/share/message_pkg/msg/TaskStateMsg.msg
[0.912s] -- Up-to-date: /home/mpcmeulensteen/blackboard_ws/install/message_pkg/share/ament_index/resource_index/package_run_dependencies/message_pkg
[0.912s] -- Up-to-date: /home/mpcmeulensteen/blackboard_ws/install/message_pkg/share/ament_index/resource_index/parent_prefix_path/message_pkg
[0.921s] -- Up-to-date: /home/mpcmeulensteen/blackboard_ws/install/message_pkg/share/message_pkg/environment/ament_prefix_path.sh
[0.921s] -- Up-to-date: /home/mpcmeulensteen/blackboard_ws/install/message_pkg/share/message_pkg/environment/ament_prefix_path.dsv
[0.921s] -- Up-to-date: /home/mpcmeulensteen/blackboard_ws/install/message_pkg/share/message_pkg/environment/path.sh
[0.922s] -- Up-to-date: /home/mpcmeulensteen/blackboard_ws/install/message_pkg/share/message_pkg/environment/path.dsv
[0.922s] -- Up-to-date: /home/mpcmeulensteen/blackboard_ws/install/message_pkg/share/message_pkg/local_setup.bash
[0.922s] -- Up-to-date: /home/mpcmeulensteen/blackboard_ws/install/message_pkg/share/message_pkg/local_setup.sh
[0.922s] -- Up-to-date: /home/mpcmeulensteen/blackboard_ws/install/message_pkg/share/message_pkg/local_setup.zsh
[0.922s] -- Up-to-date: /home/mpcmeulensteen/blackboard_ws/install/message_pkg/share/message_pkg/local_setup.dsv
[0.923s] -- Installing: /home/mpcmeulensteen/blackboard_ws/install/message_pkg/share/message_pkg/package.dsv
[0.924s] -- Up-to-date: /home/mpcmeulensteen/blackboard_ws/install/message_pkg/share/ament_index/resource_index/packages/message_pkg
[0.928s] -- Up-to-date: /home/mpcmeulensteen/blackboard_ws/install/message_pkg/share/message_pkg/cmake/message_pkg__rosidl_generator_cExport.cmake
[0.928s] -- Up-to-date: /home/mpcmeulensteen/blackboard_ws/install/message_pkg/share/message_pkg/cmake/message_pkg__rosidl_generator_cExport-noconfig.cmake
[0.928s] -- Up-to-date: /home/mpcmeulensteen/blackboard_ws/install/message_pkg/share/message_pkg/cmake/message_pkg__rosidl_typesupport_introspection_cExport.cmake
[0.929s] -- Up-to-date: /home/mpcmeulensteen/blackboard_ws/install/message_pkg/share/message_pkg/cmake/message_pkg__rosidl_typesupport_introspection_cExport-noconfig.cmake
[0.929s] -- Up-to-date: /home/mpcmeulensteen/blackboard_ws/install/message_pkg/share/message_pkg/cmake/message_pkg__rosidl_typesupport_cExport.cmake
[0.929s] -- Up-to-date: /home/mpcmeulensteen/blackboard_ws/install/message_pkg/share/message_pkg/cmake/message_pkg__rosidl_typesupport_cExport-noconfig.cmake
[0.929s] -- Up-to-date: /home/mpcmeulensteen/blackboard_ws/install/message_pkg/share/message_pkg/cmake/message_pkg__rosidl_generator_cppExport.cmake
[0.929s] -- Up-to-date: /home/mpcmeulensteen/blackboard_ws/install/message_pkg/share/message_pkg/cmake/message_pkg__rosidl_typesupport_introspection_cppExport.cmake
[0.929s] -- Up-to-date: /home/mpcmeulensteen/blackboard_ws/install/message_pkg/share/message_pkg/cmake/message_pkg__rosidl_typesupport_introspection_cppExport-noconfig.cmake
[0.929s] -- Up-to-date: /home/mpcmeulensteen/blackboard_ws/install/message_pkg/share/message_pkg/cmake/message_pkg__rosidl_typesupport_cppExport.cmake
[0.929s] -- Up-to-date: /home/mpcmeulensteen/blackboard_ws/install/message_pkg/share/message_pkg/cmake/message_pkg__rosidl_typesupport_cppExport-noconfig.cmake
[0.929s] -- Up-to-date: /home/mpcmeulensteen/blackboard_ws/install/message_pkg/share/message_pkg/cmake/rosidl_cmake-extras.cmake
[0.929s] -- Up-to-date: /home/mpcmeulensteen/blackboard_ws/install/message_pkg/share/message_pkg/cmake/ament_cmake_export_dependencies-extras.cmake
[0.929s] -- Up-to-date: /home/mpcmeulensteen/blackboard_ws/install/message_pkg/share/message_pkg/cmake/ament_cmake_export_libraries-extras.cmake
[0.929s] -- Up-to-date: /home/mpcmeulensteen/blackboard_ws/install/message_pkg/share/message_pkg/cmake/ament_cmake_export_targets-extras.cmake
[0.929s] -- Up-to-date: /home/mpcmeulensteen/blackboard_ws/install/message_pkg/share/message_pkg/cmake/ament_cmake_export_include_directories-extras.cmake
[0.929s] -- Up-to-date: /home/mpcmeulensteen/blackboard_ws/install/message_pkg/share/message_pkg/cmake/rosidl_cmake_export_typesupport_libraries-extras.cmake
[0.929s] -- Up-to-date: /home/mpcmeulensteen/blackboard_ws/install/message_pkg/share/message_pkg/cmake/rosidl_cmake_export_typesupport_targets-extras.cmake
[0.929s] -- Up-to-date: /home/mpcmeulensteen/blackboard_ws/install/message_pkg/share/message_pkg/cmake/message_pkgConfig.cmake
[0.929s] -- Up-to-date: /home/mpcmeulensteen/blackboard_ws/install/message_pkg/share/message_pkg/cmake/message_pkgConfig-version.cmake
[0.929s] -- Up-to-date: /home/mpcmeulensteen/blackboard_ws/install/message_pkg/share/message_pkg/package.xml
[0.933s] Invoked command in '/home/mpcmeulensteen/blackboard_ws/build/message_pkg' returned '0': CMAKE_PREFIX_PATH=${CMAKE_PREFIX_PATH}:/home/mpcmeulensteen/turtlebot3_ws/install/turtlebot3_teleop:/home/mpcmeulensteen/turtlebot3_ws/install/turtlebot3_example:/home/mpcmeulensteen/colcon_ws/install/turtlebot3_teleop:/home/mpcmeulensteen/colcon_ws/install/turtlebot3_example:/opt/ros/foxy /usr/bin/cmake --install /home/mpcmeulensteen/blackboard_ws/build/message_pkg
