[0.029s] Invoking command in '/home/mpcmeulensteen/blackboard_ws/build/message_pkg': CMAKE_PREFIX_PATH=${CMAKE_PREFIX_PATH}:/home/mpcmeulensteen/turtlebot3_ws/install/turtlebot3_teleop:/home/mpcmeulensteen/turtlebot3_ws/install/turtlebot3_example:/home/mpcmeulensteen/colcon_ws/install/turtlebot3_teleop:/home/mpcmeulensteen/colcon_ws/install/turtlebot3_example:/opt/ros/foxy /usr/bin/cmake /home/mpcmeulensteen/blackboard_ws/src/message_pkg -DCMAKE_INSTALL_PREFIX=/home/mpcmeulensteen/blackboard_ws/install/message_pkg
[0.064s] -- Found ament_cmake: 0.9.9 (/opt/ros/foxy/share/ament_cmake/cmake)
[0.117s] -- Found PythonInterp: /usr/bin/python3 (found suitable version "3.8.10", minimum required is "3") 
[0.118s] -- Using PYTHON_EXECUTABLE: /usr/bin/python3
[0.445s] -- Found rosidl_default_generators: 1.0.1 (/opt/ros/foxy/share/rosidl_default_generators/cmake)
[0.459s] -- Using all available rosidl_typesupport_c: rosidl_typesupport_fastrtps_c;rosidl_typesupport_introspection_c
[0.466s] -- Found rosidl_adapter: 1.2.1 (/opt/ros/foxy/share/rosidl_adapter/cmake)
[0.770s] -- Using all available rosidl_typesupport_cpp: rosidl_typesupport_fastrtps_cpp;rosidl_typesupport_introspection_cpp
[0.875s] -- Found PythonInterp: /usr/bin/python3 (found version "3.8.10") 
[1.314s] -- Configuring incomplete, errors occurred!
[1.315s] See also "/home/mpcmeulensteen/blackboard_ws/build/message_pkg/CMakeFiles/CMakeOutput.log".
[1.316s] CMake Error at /opt/ros/foxy/share/rosidl_adapter/cmake/rosidl_adapt_interfaces.cmake:60 (message):
[1.317s]   execute_process(/usr/bin/python3 -m rosidl_adapter --package-name
[1.317s]   message_pkg --arguments-file
[1.317s]   /home/mpcmeulensteen/blackboard_ws/build/message_pkg/rosidl_adapter__arguments__message_pkg.json
[1.317s]   --output-dir
[1.317s]   /home/mpcmeulensteen/blackboard_ws/build/message_pkg/rosidl_adapter/message_pkg
[1.317s]   --output-file
[1.317s]   /home/mpcmeulensteen/blackboard_ws/build/message_pkg/rosidl_adapter/message_pkg.idls)
[1.317s]   returned error code 1:
[1.317s] 
[1.318s]   Traceback (most recent call last):
[1.318s] 
[1.318s]     File "/usr/lib/python3.8/runpy.py", line 194, in _run_module_as_main
[1.318s]       return _run_code(code, main_globals, None,
[1.318s]     File "/usr/lib/python3.8/runpy.py", line 87, in _run_code
[1.318s]       exec(code, run_globals)
[1.318s]     File "/opt/ros/foxy/lib/python3.8/site-packages/rosidl_adapter/__main__.py", line 19, in <module>
[1.318s]       sys.exit(main())
[1.318s]     File "/opt/ros/foxy/lib/python3.8/site-packages/rosidl_adapter/main.py", line 53, in main
[1.318s]       abs_idl_file = convert_to_idl(
[1.318s]     File "/opt/ros/foxy/lib/python3.8/site-packages/rosidl_adapter/__init__.py", line 19, in convert_to_idl
[1.318s]       return convert_msg_to_idl(
[1.319s]     File "/opt/ros/foxy/lib/python3.8/site-packages/rosidl_adapter/msg/__init__.py", line 28, in convert_msg_to_idl
[1.319s]       msg = parse_message_string(package_name, input_file.stem, content)
[1.319s]     File "/opt/ros/foxy/lib/python3.8/site-packages/rosidl_adapter/parser.py", line 540, in parse_message_string
[1.319s]       msg = MessageSpecification(pkg_name, msg_name, fields, constants)
[1.320s]     File "/opt/ros/foxy/lib/python3.8/site-packages/rosidl_adapter/parser.py", line 387, in __init__
[1.320s]       self.base_type = BaseType(
[1.320s]     File "/opt/ros/foxy/lib/python3.8/site-packages/rosidl_adapter/parser.py", line 204, in __init__
[1.320s]       raise InvalidResourceName(
[1.320s] 
[1.320s]   rosidl_adapter.parser.InvalidResourceName: 'bbsynch' is an invalid message
[1.320s]   name.  It should have the pattern '^[A-Z][A-Za-z0-9]*$'
[1.320s] 
[1.320s] Call Stack (most recent call first):
[1.320s]   /opt/ros/foxy/share/rosidl_cmake/cmake/rosidl_generate_interfaces.cmake:130 (rosidl_adapt_interfaces)
[1.321s]   CMakeLists.txt:27 (rosidl_generate_interfaces)
[1.321s] 
[1.321s] 
[1.329s] Invoked command in '/home/mpcmeulensteen/blackboard_ws/build/message_pkg' returned '1': CMAKE_PREFIX_PATH=${CMAKE_PREFIX_PATH}:/home/mpcmeulensteen/turtlebot3_ws/install/turtlebot3_teleop:/home/mpcmeulensteen/turtlebot3_ws/install/turtlebot3_example:/home/mpcmeulensteen/colcon_ws/install/turtlebot3_teleop:/home/mpcmeulensteen/colcon_ws/install/turtlebot3_example:/opt/ros/foxy /usr/bin/cmake /home/mpcmeulensteen/blackboard_ws/src/message_pkg -DCMAKE_INSTALL_PREFIX=/home/mpcmeulensteen/blackboard_ws/install/message_pkg
