[0.379s] Invoking command in '/home/mpcmeulensteen/blackboard_ws/src/blackboard': PYTHONPATH=/home/mpcmeulensteen/blackboard_ws/install/blackboard/lib/python3.8/site-packages:${PYTHONPATH} /usr/bin/python3 setup.py egg_info --egg-base ../../build/blackboard build --build-base /home/mpcmeulensteen/blackboard_ws/build/blackboard/build install --prefix /home/mpcmeulensteen/blackboard_ws/install/blackboard --record /home/mpcmeulensteen/blackboard_ws/build/blackboard/install.log --single-version-externally-managed
[0.769s] running egg_info
[0.770s] writing ../../build/blackboard/blackboard.egg-info/PKG-INFO
[0.771s] writing dependency_links to ../../build/blackboard/blackboard.egg-info/dependency_links.txt
[0.772s] writing entry points to ../../build/blackboard/blackboard.egg-info/entry_points.txt
[0.773s] writing requirements to ../../build/blackboard/blackboard.egg-info/requires.txt
[0.773s] writing top-level names to ../../build/blackboard/blackboard.egg-info/top_level.txt
[0.820s] reading manifest file '../../build/blackboard/blackboard.egg-info/SOURCES.txt'
[0.823s] writing manifest file '../../build/blackboard/blackboard.egg-info/SOURCES.txt'
[0.823s] running build
[0.824s] running build_py
[0.824s] running install
[0.825s] running install_lib
[0.827s] running install_data
[0.828s] running install_egg_info
[0.834s] removing '/home/mpcmeulensteen/blackboard_ws/install/blackboard/lib/python3.8/site-packages/blackboard-0.0.0-py3.8.egg-info' (and everything under it)
[0.835s] Copying ../../build/blackboard/blackboard.egg-info to /home/mpcmeulensteen/blackboard_ws/install/blackboard/lib/python3.8/site-packages/blackboard-0.0.0-py3.8.egg-info
[0.835s] running install_scripts
[0.864s] writing list of installed files to '/home/mpcmeulensteen/blackboard_ws/build/blackboard/install.log'
[0.889s] Invoked command in '/home/mpcmeulensteen/blackboard_ws/src/blackboard' returned '0': PYTHONPATH=/home/mpcmeulensteen/blackboard_ws/install/blackboard/lib/python3.8/site-packages:${PYTHONPATH} /usr/bin/python3 setup.py egg_info --egg-base ../../build/blackboard build --build-base /home/mpcmeulensteen/blackboard_ws/build/blackboard/build install --prefix /home/mpcmeulensteen/blackboard_ws/install/blackboard --record /home/mpcmeulensteen/blackboard_ws/build/blackboard/install.log --single-version-externally-managed
