[0.024s] Invoking command in '/home/mpcmeulensteen/blackboard_ws/build/turtlebot3_msgs': CMAKE_PREFIX_PATH=${CMAKE_PREFIX_PATH}:/home/mpcmeulensteen/turtlebot3_ws/install/turtlebot3_teleop:/home/mpcmeulensteen/turtlebot3_ws/install/turtlebot3_example:/home/mpcmeulensteen/colcon_ws/install/turtlebot3_teleop:/home/mpcmeulensteen/colcon_ws/install/turtlebot3_example:/opt/ros/foxy /usr/bin/cmake --build /home/mpcmeulensteen/blackboard_ws/build/turtlebot3_msgs -- -j2 -l2
[0.098s] [  1%] Built target turtlebot3_msgs__cpp
[0.103s] [ 12%] Built target turtlebot3_msgs__rosidl_generator_c
[0.147s] [ 23%] Built target turtlebot3_msgs__rosidl_typesupport_cpp
[0.149s] [ 35%] Built target turtlebot3_msgs__rosidl_typesupport_fastrtps_cpp
[0.174s] [ 46%] Built target turtlebot3_msgs__rosidl_typesupport_introspection_cpp
[0.175s] [ 57%] Built target turtlebot3_msgs__rosidl_typesupport_c
[0.208s] [ 78%] Built target turtlebot3_msgs__rosidl_typesupport_fastrtps_c
[0.208s] [ 80%] Built target turtlebot3_msgs__rosidl_typesupport_introspection_c
[0.237s] [ 80%] Built target turtlebot3_msgs
[0.264s] [ 81%] Built target turtlebot3_msgs__py
[0.290s] [ 91%] Built target turtlebot3_msgs__python
[0.330s] [ 94%] Built target turtlebot3_msgs__rosidl_typesupport_fastrtps_c__pyext
[0.340s] [ 97%] Built target turtlebot3_msgs__rosidl_typesupport_introspection_c__pyext
[0.359s] [100%] Built target turtlebot3_msgs__rosidl_typesupport_c__pyext
[0.372s] Invoked command in '/home/mpcmeulensteen/blackboard_ws/build/turtlebot3_msgs' returned '0': CMAKE_PREFIX_PATH=${CMAKE_PREFIX_PATH}:/home/mpcmeulensteen/turtlebot3_ws/install/turtlebot3_teleop:/home/mpcmeulensteen/turtlebot3_ws/install/turtlebot3_example:/home/mpcmeulensteen/colcon_ws/install/turtlebot3_teleop:/home/mpcmeulensteen/colcon_ws/install/turtlebot3_example:/opt/ros/foxy /usr/bin/cmake --build /home/mpcmeulensteen/blackboard_ws/build/turtlebot3_msgs -- -j2 -l2
[0.549s] Invoking command in '/home/mpcmeulensteen/blackboard_ws/build/turtlebot3_msgs': CMAKE_PREFIX_PATH=${CMAKE_PREFIX_PATH}:/home/mpcmeulensteen/turtlebot3_ws/install/turtlebot3_teleop:/home/mpcmeulensteen/turtlebot3_ws/install/turtlebot3_example:/home/mpcmeulensteen/colcon_ws/install/turtlebot3_teleop:/home/mpcmeulensteen/colcon_ws/install/turtlebot3_example:/opt/ros/foxy /usr/bin/cmake --install /home/mpcmeulensteen/blackboard_ws/build/turtlebot3_msgs
[0.563s] -- Install configuration: ""
[0.564s] -- Up-to-date: /home/mpcmeulensteen/blackboard_ws/install/turtlebot3_msgs/share/ament_index/resource_index/rosidl_interfaces/turtlebot3_msgs
[0.564s] -- Up-to-date: /home/mpcmeulensteen/blackboard_ws/install/turtlebot3_msgs/include/turtlebot3_msgs
[0.564s] -- Up-to-date: /home/mpcmeulensteen/blackboard_ws/install/turtlebot3_msgs/include/turtlebot3_msgs/action
[0.564s] -- Up-to-date: /home/mpcmeulensteen/blackboard_ws/install/turtlebot3_msgs/include/turtlebot3_msgs/action/detail
[0.564s] -- Up-to-date: /home/mpcmeulensteen/blackboard_ws/install/turtlebot3_msgs/include/turtlebot3_msgs/action/detail/patrol__type_support.h
[0.564s] -- Up-to-date: /home/mpcmeulensteen/blackboard_ws/install/turtlebot3_msgs/include/turtlebot3_msgs/action/detail/patrol__functions.c
[0.564s] -- Up-to-date: /home/mpcmeulensteen/blackboard_ws/install/turtlebot3_msgs/include/turtlebot3_msgs/action/detail/patrol__struct.h
[0.564s] -- Up-to-date: /home/mpcmeulensteen/blackboard_ws/install/turtlebot3_msgs/include/turtlebot3_msgs/action/detail/patrol__functions.h
[0.564s] -- Up-to-date: /home/mpcmeulensteen/blackboard_ws/install/turtlebot3_msgs/include/turtlebot3_msgs/action/patrol.h
[0.564s] -- Up-to-date: /home/mpcmeulensteen/blackboard_ws/install/turtlebot3_msgs/include/turtlebot3_msgs/srv
[0.565s] -- Up-to-date: /home/mpcmeulensteen/blackboard_ws/install/turtlebot3_msgs/include/turtlebot3_msgs/srv/detail
[0.565s] -- Up-to-date: /home/mpcmeulensteen/blackboard_ws/install/turtlebot3_msgs/include/turtlebot3_msgs/srv/detail/sound__functions.c
[0.565s] -- Up-to-date: /home/mpcmeulensteen/blackboard_ws/install/turtlebot3_msgs/include/turtlebot3_msgs/srv/detail/dqn__type_support.h
[0.565s] -- Up-to-date: /home/mpcmeulensteen/blackboard_ws/install/turtlebot3_msgs/include/turtlebot3_msgs/srv/detail/sound__functions.h
[0.565s] -- Up-to-date: /home/mpcmeulensteen/blackboard_ws/install/turtlebot3_msgs/include/turtlebot3_msgs/srv/detail/sound__struct.h
[0.565s] -- Up-to-date: /home/mpcmeulensteen/blackboard_ws/install/turtlebot3_msgs/include/turtlebot3_msgs/srv/detail/sound__type_support.h
[0.566s] -- Up-to-date: /home/mpcmeulensteen/blackboard_ws/install/turtlebot3_msgs/include/turtlebot3_msgs/srv/detail/dqn__functions.c
[0.566s] -- Up-to-date: /home/mpcmeulensteen/blackboard_ws/install/turtlebot3_msgs/include/turtlebot3_msgs/srv/detail/dqn__struct.h
[0.566s] -- Up-to-date: /home/mpcmeulensteen/blackboard_ws/install/turtlebot3_msgs/include/turtlebot3_msgs/srv/detail/dqn__functions.h
[0.566s] -- Up-to-date: /home/mpcmeulensteen/blackboard_ws/install/turtlebot3_msgs/include/turtlebot3_msgs/srv/dqn.h
[0.566s] -- Up-to-date: /home/mpcmeulensteen/blackboard_ws/install/turtlebot3_msgs/include/turtlebot3_msgs/srv/sound.h
[0.566s] -- Up-to-date: /home/mpcmeulensteen/blackboard_ws/install/turtlebot3_msgs/include/turtlebot3_msgs/msg
[0.566s] -- Up-to-date: /home/mpcmeulensteen/blackboard_ws/install/turtlebot3_msgs/include/turtlebot3_msgs/msg/sensor_state.h
[0.567s] -- Up-to-date: /home/mpcmeulensteen/blackboard_ws/install/turtlebot3_msgs/include/turtlebot3_msgs/msg/detail
[0.567s] -- Up-to-date: /home/mpcmeulensteen/blackboard_ws/install/turtlebot3_msgs/include/turtlebot3_msgs/msg/detail/sensor_state__functions.h
[0.567s] -- Up-to-date: /home/mpcmeulensteen/blackboard_ws/install/turtlebot3_msgs/include/turtlebot3_msgs/msg/detail/sound__functions.c
[0.568s] -- Up-to-date: /home/mpcmeulensteen/blackboard_ws/install/turtlebot3_msgs/include/turtlebot3_msgs/msg/detail/sound__functions.h
[0.568s] -- Up-to-date: /home/mpcmeulensteen/blackboard_ws/install/turtlebot3_msgs/include/turtlebot3_msgs/msg/detail/version_info__functions.h
[0.569s] -- Up-to-date: /home/mpcmeulensteen/blackboard_ws/install/turtlebot3_msgs/include/turtlebot3_msgs/msg/detail/sensor_state__struct.h
[0.569s] -- Up-to-date: /home/mpcmeulensteen/blackboard_ws/install/turtlebot3_msgs/include/turtlebot3_msgs/msg/detail/sound__struct.h
[0.569s] -- Up-to-date: /home/mpcmeulensteen/blackboard_ws/install/turtlebot3_msgs/include/turtlebot3_msgs/msg/detail/sound__type_support.h
[0.569s] -- Up-to-date: /home/mpcmeulensteen/blackboard_ws/install/turtlebot3_msgs/include/turtlebot3_msgs/msg/detail/sensor_state__functions.c
[0.569s] -- Up-to-date: /home/mpcmeulensteen/blackboard_ws/install/turtlebot3_msgs/include/turtlebot3_msgs/msg/detail/sensor_state__type_support.h
[0.569s] -- Up-to-date: /home/mpcmeulensteen/blackboard_ws/install/turtlebot3_msgs/include/turtlebot3_msgs/msg/detail/version_info__struct.h
[0.570s] -- Up-to-date: /home/mpcmeulensteen/blackboard_ws/install/turtlebot3_msgs/include/turtlebot3_msgs/msg/detail/version_info__type_support.h
[0.570s] -- Up-to-date: /home/mpcmeulensteen/blackboard_ws/install/turtlebot3_msgs/include/turtlebot3_msgs/msg/detail/version_info__functions.c
[0.570s] -- Up-to-date: /home/mpcmeulensteen/blackboard_ws/install/turtlebot3_msgs/include/turtlebot3_msgs/msg/version_info.h
[0.570s] -- Up-to-date: /home/mpcmeulensteen/blackboard_ws/install/turtlebot3_msgs/include/turtlebot3_msgs/msg/rosidl_generator_c__visibility_control.h
[0.570s] -- Up-to-date: /home/mpcmeulensteen/blackboard_ws/install/turtlebot3_msgs/include/turtlebot3_msgs/msg/sound.h
[0.570s] -- Up-to-date: /home/mpcmeulensteen/blackboard_ws/install/turtlebot3_msgs/share/turtlebot3_msgs/environment/library_path.sh
[0.570s] -- Up-to-date: /home/mpcmeulensteen/blackboard_ws/install/turtlebot3_msgs/share/turtlebot3_msgs/environment/library_path.dsv
[0.570s] -- Up-to-date: /home/mpcmeulensteen/blackboard_ws/install/turtlebot3_msgs/lib/libturtlebot3_msgs__rosidl_generator_c.so
[0.570s] -- Up-to-date: /home/mpcmeulensteen/blackboard_ws/install/turtlebot3_msgs/include/turtlebot3_msgs
[0.570s] -- Up-to-date: /home/mpcmeulensteen/blackboard_ws/install/turtlebot3_msgs/include/turtlebot3_msgs/action
[0.570s] -- Up-to-date: /home/mpcmeulensteen/blackboard_ws/install/turtlebot3_msgs/include/turtlebot3_msgs/action/detail
[0.570s] -- Up-to-date: /home/mpcmeulensteen/blackboard_ws/install/turtlebot3_msgs/include/turtlebot3_msgs/action/detail/patrol__rosidl_typesupport_fastrtps_c.h
[0.570s] -- Up-to-date: /home/mpcmeulensteen/blackboard_ws/install/turtlebot3_msgs/include/turtlebot3_msgs/srv
[0.570s] -- Up-to-date: /home/mpcmeulensteen/blackboard_ws/install/turtlebot3_msgs/include/turtlebot3_msgs/srv/detail
[0.570s] -- Up-to-date: /home/mpcmeulensteen/blackboard_ws/install/turtlebot3_msgs/include/turtlebot3_msgs/srv/detail/dqn__rosidl_typesupport_fastrtps_c.h
[0.571s] -- Up-to-date: /home/mpcmeulensteen/blackboard_ws/install/turtlebot3_msgs/include/turtlebot3_msgs/srv/detail/sound__rosidl_typesupport_fastrtps_c.h
[0.571s] -- Up-to-date: /home/mpcmeulensteen/blackboard_ws/install/turtlebot3_msgs/include/turtlebot3_msgs/msg
[0.571s] -- Up-to-date: /home/mpcmeulensteen/blackboard_ws/install/turtlebot3_msgs/include/turtlebot3_msgs/msg/detail
[0.571s] -- Up-to-date: /home/mpcmeulensteen/blackboard_ws/install/turtlebot3_msgs/include/turtlebot3_msgs/msg/detail/sensor_state__rosidl_typesupport_fastrtps_c.h
[0.571s] -- Up-to-date: /home/mpcmeulensteen/blackboard_ws/install/turtlebot3_msgs/include/turtlebot3_msgs/msg/detail/version_info__rosidl_typesupport_fastrtps_c.h
[0.571s] -- Up-to-date: /home/mpcmeulensteen/blackboard_ws/install/turtlebot3_msgs/include/turtlebot3_msgs/msg/detail/sound__rosidl_typesupport_fastrtps_c.h
[0.571s] -- Up-to-date: /home/mpcmeulensteen/blackboard_ws/install/turtlebot3_msgs/include/turtlebot3_msgs/msg/rosidl_typesupport_fastrtps_c__visibility_control.h
[0.571s] -- Up-to-date: /home/mpcmeulensteen/blackboard_ws/install/turtlebot3_msgs/lib/libturtlebot3_msgs__rosidl_typesupport_fastrtps_c.so
[0.571s] -- Up-to-date: /home/mpcmeulensteen/blackboard_ws/install/turtlebot3_msgs/include/turtlebot3_msgs
[0.571s] -- Up-to-date: /home/mpcmeulensteen/blackboard_ws/install/turtlebot3_msgs/include/turtlebot3_msgs/action
[0.571s] -- Up-to-date: /home/mpcmeulensteen/blackboard_ws/install/turtlebot3_msgs/include/turtlebot3_msgs/action/detail
[0.571s] -- Up-to-date: /home/mpcmeulensteen/blackboard_ws/install/turtlebot3_msgs/include/turtlebot3_msgs/action/detail/dds_fastrtps
[0.571s] -- Up-to-date: /home/mpcmeulensteen/blackboard_ws/install/turtlebot3_msgs/include/turtlebot3_msgs/action/detail/patrol__rosidl_typesupport_fastrtps_cpp.hpp
[0.571s] -- Up-to-date: /home/mpcmeulensteen/blackboard_ws/install/turtlebot3_msgs/include/turtlebot3_msgs/srv
[0.571s] -- Up-to-date: /home/mpcmeulensteen/blackboard_ws/install/turtlebot3_msgs/include/turtlebot3_msgs/srv/detail
[0.571s] -- Up-to-date: /home/mpcmeulensteen/blackboard_ws/install/turtlebot3_msgs/include/turtlebot3_msgs/srv/detail/dqn__rosidl_typesupport_fastrtps_cpp.hpp
[0.571s] -- Up-to-date: /home/mpcmeulensteen/blackboard_ws/install/turtlebot3_msgs/include/turtlebot3_msgs/srv/detail/dds_fastrtps
[0.572s] -- Up-to-date: /home/mpcmeulensteen/blackboard_ws/install/turtlebot3_msgs/include/turtlebot3_msgs/srv/detail/sound__rosidl_typesupport_fastrtps_cpp.hpp
[0.572s] -- Up-to-date: /home/mpcmeulensteen/blackboard_ws/install/turtlebot3_msgs/include/turtlebot3_msgs/msg
[0.572s] -- Up-to-date: /home/mpcmeulensteen/blackboard_ws/install/turtlebot3_msgs/include/turtlebot3_msgs/msg/detail
[0.572s] -- Up-to-date: /home/mpcmeulensteen/blackboard_ws/install/turtlebot3_msgs/include/turtlebot3_msgs/msg/detail/version_info__rosidl_typesupport_fastrtps_cpp.hpp
[0.572s] -- Up-to-date: /home/mpcmeulensteen/blackboard_ws/install/turtlebot3_msgs/include/turtlebot3_msgs/msg/detail/sensor_state__rosidl_typesupport_fastrtps_cpp.hpp
[0.572s] -- Up-to-date: /home/mpcmeulensteen/blackboard_ws/install/turtlebot3_msgs/include/turtlebot3_msgs/msg/detail/dds_fastrtps
[0.572s] -- Up-to-date: /home/mpcmeulensteen/blackboard_ws/install/turtlebot3_msgs/include/turtlebot3_msgs/msg/detail/sound__rosidl_typesupport_fastrtps_cpp.hpp
[0.572s] -- Up-to-date: /home/mpcmeulensteen/blackboard_ws/install/turtlebot3_msgs/include/turtlebot3_msgs/msg/rosidl_typesupport_fastrtps_cpp__visibility_control.h
[0.572s] -- Up-to-date: /home/mpcmeulensteen/blackboard_ws/install/turtlebot3_msgs/lib/libturtlebot3_msgs__rosidl_typesupport_fastrtps_cpp.so
[0.572s] -- Up-to-date: /home/mpcmeulensteen/blackboard_ws/install/turtlebot3_msgs/include/turtlebot3_msgs
[0.572s] -- Up-to-date: /home/mpcmeulensteen/blackboard_ws/install/turtlebot3_msgs/include/turtlebot3_msgs/action
[0.572s] -- Up-to-date: /home/mpcmeulensteen/blackboard_ws/install/turtlebot3_msgs/include/turtlebot3_msgs/action/detail
[0.572s] -- Up-to-date: /home/mpcmeulensteen/blackboard_ws/install/turtlebot3_msgs/include/turtlebot3_msgs/action/detail/patrol__rosidl_typesupport_introspection_c.h
[0.572s] -- Up-to-date: /home/mpcmeulensteen/blackboard_ws/install/turtlebot3_msgs/include/turtlebot3_msgs/action/detail/patrol__type_support.c
[0.572s] -- Up-to-date: /home/mpcmeulensteen/blackboard_ws/install/turtlebot3_msgs/include/turtlebot3_msgs/srv
[0.572s] -- Up-to-date: /home/mpcmeulensteen/blackboard_ws/install/turtlebot3_msgs/include/turtlebot3_msgs/srv/detail
[0.572s] -- Up-to-date: /home/mpcmeulensteen/blackboard_ws/install/turtlebot3_msgs/include/turtlebot3_msgs/srv/detail/dqn__type_support.c
[0.573s] -- Up-to-date: /home/mpcmeulensteen/blackboard_ws/install/turtlebot3_msgs/include/turtlebot3_msgs/srv/detail/dqn__rosidl_typesupport_introspection_c.h
[0.573s] -- Up-to-date: /home/mpcmeulensteen/blackboard_ws/install/turtlebot3_msgs/include/turtlebot3_msgs/srv/detail/sound__rosidl_typesupport_introspection_c.h
[0.573s] -- Up-to-date: /home/mpcmeulensteen/blackboard_ws/install/turtlebot3_msgs/include/turtlebot3_msgs/srv/detail/sound__type_support.c
[0.573s] -- Up-to-date: /home/mpcmeulensteen/blackboard_ws/install/turtlebot3_msgs/include/turtlebot3_msgs/msg
[0.573s] -- Up-to-date: /home/mpcmeulensteen/blackboard_ws/install/turtlebot3_msgs/include/turtlebot3_msgs/msg/detail
[0.573s] -- Up-to-date: /home/mpcmeulensteen/blackboard_ws/install/turtlebot3_msgs/include/turtlebot3_msgs/msg/detail/version_info__type_support.c
[0.573s] -- Up-to-date: /home/mpcmeulensteen/blackboard_ws/install/turtlebot3_msgs/include/turtlebot3_msgs/msg/detail/sensor_state__rosidl_typesupport_introspection_c.h
[0.573s] -- Up-to-date: /home/mpcmeulensteen/blackboard_ws/install/turtlebot3_msgs/include/turtlebot3_msgs/msg/detail/version_info__rosidl_typesupport_introspection_c.h
[0.573s] -- Up-to-date: /home/mpcmeulensteen/blackboard_ws/install/turtlebot3_msgs/include/turtlebot3_msgs/msg/detail/sound__rosidl_typesupport_introspection_c.h
[0.573s] -- Up-to-date: /home/mpcmeulensteen/blackboard_ws/install/turtlebot3_msgs/include/turtlebot3_msgs/msg/detail/sensor_state__type_support.c
[0.573s] -- Up-to-date: /home/mpcmeulensteen/blackboard_ws/install/turtlebot3_msgs/include/turtlebot3_msgs/msg/detail/sound__type_support.c
[0.573s] -- Up-to-date: /home/mpcmeulensteen/blackboard_ws/install/turtlebot3_msgs/include/turtlebot3_msgs/msg/rosidl_typesupport_introspection_c__visibility_control.h
[0.573s] -- Up-to-date: /home/mpcmeulensteen/blackboard_ws/install/turtlebot3_msgs/lib/libturtlebot3_msgs__rosidl_typesupport_introspection_c.so
[0.573s] -- Up-to-date: /home/mpcmeulensteen/blackboard_ws/install/turtlebot3_msgs/lib/libturtlebot3_msgs__rosidl_typesupport_c.so
[0.573s] -- Up-to-date: /home/mpcmeulensteen/blackboard_ws/install/turtlebot3_msgs/include/turtlebot3_msgs
[0.573s] -- Up-to-date: /home/mpcmeulensteen/blackboard_ws/install/turtlebot3_msgs/include/turtlebot3_msgs/action
[0.573s] -- Up-to-date: /home/mpcmeulensteen/blackboard_ws/install/turtlebot3_msgs/include/turtlebot3_msgs/action/detail
[0.573s] -- Up-to-date: /home/mpcmeulensteen/blackboard_ws/install/turtlebot3_msgs/include/turtlebot3_msgs/action/detail/patrol__builder.hpp
[0.574s] -- Up-to-date: /home/mpcmeulensteen/blackboard_ws/install/turtlebot3_msgs/include/turtlebot3_msgs/action/detail/patrol__traits.hpp
[0.574s] -- Up-to-date: /home/mpcmeulensteen/blackboard_ws/install/turtlebot3_msgs/include/turtlebot3_msgs/action/detail/patrol__struct.hpp
[0.574s] -- Up-to-date: /home/mpcmeulensteen/blackboard_ws/install/turtlebot3_msgs/include/turtlebot3_msgs/action/patrol.hpp
[0.574s] -- Up-to-date: /home/mpcmeulensteen/blackboard_ws/install/turtlebot3_msgs/include/turtlebot3_msgs/srv
[0.574s] -- Up-to-date: /home/mpcmeulensteen/blackboard_ws/install/turtlebot3_msgs/include/turtlebot3_msgs/srv/detail
[0.574s] -- Up-to-date: /home/mpcmeulensteen/blackboard_ws/install/turtlebot3_msgs/include/turtlebot3_msgs/srv/detail/dqn__traits.hpp
[0.574s] -- Up-to-date: /home/mpcmeulensteen/blackboard_ws/install/turtlebot3_msgs/include/turtlebot3_msgs/srv/detail/sound__traits.hpp
[0.574s] -- Up-to-date: /home/mpcmeulensteen/blackboard_ws/install/turtlebot3_msgs/include/turtlebot3_msgs/srv/detail/sound__builder.hpp
[0.574s] -- Up-to-date: /home/mpcmeulensteen/blackboard_ws/install/turtlebot3_msgs/include/turtlebot3_msgs/srv/detail/dqn__struct.hpp
[0.574s] -- Up-to-date: /home/mpcmeulensteen/blackboard_ws/install/turtlebot3_msgs/include/turtlebot3_msgs/srv/detail/sound__struct.hpp
[0.574s] -- Up-to-date: /home/mpcmeulensteen/blackboard_ws/install/turtlebot3_msgs/include/turtlebot3_msgs/srv/detail/dqn__builder.hpp
[0.574s] -- Up-to-date: /home/mpcmeulensteen/blackboard_ws/install/turtlebot3_msgs/include/turtlebot3_msgs/srv/dqn.hpp
[0.574s] -- Up-to-date: /home/mpcmeulensteen/blackboard_ws/install/turtlebot3_msgs/include/turtlebot3_msgs/srv/sound.hpp
[0.574s] -- Up-to-date: /home/mpcmeulensteen/blackboard_ws/install/turtlebot3_msgs/include/turtlebot3_msgs/msg
[0.574s] -- Up-to-date: /home/mpcmeulensteen/blackboard_ws/install/turtlebot3_msgs/include/turtlebot3_msgs/msg/version_info.hpp
[0.574s] -- Up-to-date: /home/mpcmeulensteen/blackboard_ws/install/turtlebot3_msgs/include/turtlebot3_msgs/msg/detail
[0.574s] -- Up-to-date: /home/mpcmeulensteen/blackboard_ws/install/turtlebot3_msgs/include/turtlebot3_msgs/msg/detail/sound__traits.hpp
[0.574s] -- Up-to-date: /home/mpcmeulensteen/blackboard_ws/install/turtlebot3_msgs/include/turtlebot3_msgs/msg/detail/sensor_state__traits.hpp
[0.574s] -- Up-to-date: /home/mpcmeulensteen/blackboard_ws/install/turtlebot3_msgs/include/turtlebot3_msgs/msg/detail/version_info__struct.hpp
[0.574s] -- Up-to-date: /home/mpcmeulensteen/blackboard_ws/install/turtlebot3_msgs/include/turtlebot3_msgs/msg/detail/version_info__traits.hpp
[0.575s] -- Up-to-date: /home/mpcmeulensteen/blackboard_ws/install/turtlebot3_msgs/include/turtlebot3_msgs/msg/detail/sensor_state__builder.hpp
[0.575s] -- Up-to-date: /home/mpcmeulensteen/blackboard_ws/install/turtlebot3_msgs/include/turtlebot3_msgs/msg/detail/version_info__builder.hpp
[0.575s] -- Up-to-date: /home/mpcmeulensteen/blackboard_ws/install/turtlebot3_msgs/include/turtlebot3_msgs/msg/detail/sound__builder.hpp
[0.575s] -- Up-to-date: /home/mpcmeulensteen/blackboard_ws/install/turtlebot3_msgs/include/turtlebot3_msgs/msg/detail/sound__struct.hpp
[0.575s] -- Up-to-date: /home/mpcmeulensteen/blackboard_ws/install/turtlebot3_msgs/include/turtlebot3_msgs/msg/detail/sensor_state__struct.hpp
[0.575s] -- Up-to-date: /home/mpcmeulensteen/blackboard_ws/install/turtlebot3_msgs/include/turtlebot3_msgs/msg/sensor_state.hpp
[0.575s] -- Up-to-date: /home/mpcmeulensteen/blackboard_ws/install/turtlebot3_msgs/include/turtlebot3_msgs/msg/sound.hpp
[0.575s] -- Up-to-date: /home/mpcmeulensteen/blackboard_ws/install/turtlebot3_msgs/include/turtlebot3_msgs
[0.575s] -- Up-to-date: /home/mpcmeulensteen/blackboard_ws/install/turtlebot3_msgs/include/turtlebot3_msgs/action
[0.575s] -- Up-to-date: /home/mpcmeulensteen/blackboard_ws/install/turtlebot3_msgs/include/turtlebot3_msgs/action/detail
[0.575s] -- Up-to-date: /home/mpcmeulensteen/blackboard_ws/install/turtlebot3_msgs/include/turtlebot3_msgs/action/detail/patrol__type_support.cpp
[0.575s] -- Up-to-date: /home/mpcmeulensteen/blackboard_ws/install/turtlebot3_msgs/include/turtlebot3_msgs/action/detail/patrol__rosidl_typesupport_introspection_cpp.hpp
[0.577s] -- Up-to-date: /home/mpcmeulensteen/blackboard_ws/install/turtlebot3_msgs/include/turtlebot3_msgs/srv
[0.577s] -- Up-to-date: /home/mpcmeulensteen/blackboard_ws/install/turtlebot3_msgs/include/turtlebot3_msgs/srv/detail
[0.577s] -- Up-to-date: /home/mpcmeulensteen/blackboard_ws/install/turtlebot3_msgs/include/turtlebot3_msgs/srv/detail/dqn__rosidl_typesupport_introspection_cpp.hpp
[0.577s] -- Up-to-date: /home/mpcmeulensteen/blackboard_ws/install/turtlebot3_msgs/include/turtlebot3_msgs/srv/detail/dqn__type_support.cpp
[0.577s] -- Up-to-date: /home/mpcmeulensteen/blackboard_ws/install/turtlebot3_msgs/include/turtlebot3_msgs/srv/detail/sound__rosidl_typesupport_introspection_cpp.hpp
[0.577s] -- Up-to-date: /home/mpcmeulensteen/blackboard_ws/install/turtlebot3_msgs/include/turtlebot3_msgs/srv/detail/sound__type_support.cpp
[0.577s] -- Up-to-date: /home/mpcmeulensteen/blackboard_ws/install/turtlebot3_msgs/include/turtlebot3_msgs/msg
[0.577s] -- Up-to-date: /home/mpcmeulensteen/blackboard_ws/install/turtlebot3_msgs/include/turtlebot3_msgs/msg/detail
[0.577s] -- Up-to-date: /home/mpcmeulensteen/blackboard_ws/install/turtlebot3_msgs/include/turtlebot3_msgs/msg/detail/sensor_state__type_support.cpp
[0.577s] -- Up-to-date: /home/mpcmeulensteen/blackboard_ws/install/turtlebot3_msgs/include/turtlebot3_msgs/msg/detail/version_info__rosidl_typesupport_introspection_cpp.hpp
[0.577s] -- Up-to-date: /home/mpcmeulensteen/blackboard_ws/install/turtlebot3_msgs/include/turtlebot3_msgs/msg/detail/version_info__type_support.cpp
[0.577s] -- Up-to-date: /home/mpcmeulensteen/blackboard_ws/install/turtlebot3_msgs/include/turtlebot3_msgs/msg/detail/sensor_state__rosidl_typesupport_introspection_cpp.hpp
[0.577s] -- Up-to-date: /home/mpcmeulensteen/blackboard_ws/install/turtlebot3_msgs/include/turtlebot3_msgs/msg/detail/sound__rosidl_typesupport_introspection_cpp.hpp
[0.577s] -- Up-to-date: /home/mpcmeulensteen/blackboard_ws/install/turtlebot3_msgs/include/turtlebot3_msgs/msg/detail/sound__type_support.cpp
[0.577s] -- Up-to-date: /home/mpcmeulensteen/blackboard_ws/install/turtlebot3_msgs/lib/libturtlebot3_msgs__rosidl_typesupport_introspection_cpp.so
[0.577s] -- Up-to-date: /home/mpcmeulensteen/blackboard_ws/install/turtlebot3_msgs/lib/libturtlebot3_msgs__rosidl_typesupport_cpp.so
[0.578s] -- Up-to-date: /home/mpcmeulensteen/blackboard_ws/install/turtlebot3_msgs/share/turtlebot3_msgs/environment/pythonpath.sh
[0.578s] -- Up-to-date: /home/mpcmeulensteen/blackboard_ws/install/turtlebot3_msgs/share/turtlebot3_msgs/environment/pythonpath.dsv
[0.578s] -- Up-to-date: /home/mpcmeulensteen/blackboard_ws/install/turtlebot3_msgs/lib/python3.8/site-packages/turtlebot3_msgs/__init__.py
[0.624s] -- Up-to-date: /home/mpcmeulensteen/blackboard_ws/install/turtlebot3_msgs/lib/python3.8/site-packages/turtlebot3_msgs/msg
[0.624s] -- Up-to-date: /home/mpcmeulensteen/blackboard_ws/install/turtlebot3_msgs/lib/python3.8/site-packages/turtlebot3_msgs/msg/_sensor_state.py
[0.624s] -- Up-to-date: /home/mpcmeulensteen/blackboard_ws/install/turtlebot3_msgs/lib/python3.8/site-packages/turtlebot3_msgs/msg/_sound_s.c
[0.625s] -- Up-to-date: /home/mpcmeulensteen/blackboard_ws/install/turtlebot3_msgs/lib/python3.8/site-packages/turtlebot3_msgs/msg/_sensor_state_s.c
[0.625s] -- Up-to-date: /home/mpcmeulensteen/blackboard_ws/install/turtlebot3_msgs/lib/python3.8/site-packages/turtlebot3_msgs/msg/_version_info.py
[0.625s] -- Up-to-date: /home/mpcmeulensteen/blackboard_ws/install/turtlebot3_msgs/lib/python3.8/site-packages/turtlebot3_msgs/msg/_version_info_s.c
[0.625s] -- Up-to-date: /home/mpcmeulensteen/blackboard_ws/install/turtlebot3_msgs/lib/python3.8/site-packages/turtlebot3_msgs/msg/_sound.py
[0.625s] -- Up-to-date: /home/mpcmeulensteen/blackboard_ws/install/turtlebot3_msgs/lib/python3.8/site-packages/turtlebot3_msgs/msg/__init__.py
[0.625s] -- Up-to-date: /home/mpcmeulensteen/blackboard_ws/install/turtlebot3_msgs/lib/python3.8/site-packages/turtlebot3_msgs/srv
[0.626s] -- Up-to-date: /home/mpcmeulensteen/blackboard_ws/install/turtlebot3_msgs/lib/python3.8/site-packages/turtlebot3_msgs/srv/_dqn.py
[0.626s] -- Up-to-date: /home/mpcmeulensteen/blackboard_ws/install/turtlebot3_msgs/lib/python3.8/site-packages/turtlebot3_msgs/srv/_sound_s.c
[0.628s] -- Up-to-date: /home/mpcmeulensteen/blackboard_ws/install/turtlebot3_msgs/lib/python3.8/site-packages/turtlebot3_msgs/srv/_dqn_s.c
[0.628s] -- Up-to-date: /home/mpcmeulensteen/blackboard_ws/install/turtlebot3_msgs/lib/python3.8/site-packages/turtlebot3_msgs/srv/_sound.py
[0.628s] -- Up-to-date: /home/mpcmeulensteen/blackboard_ws/install/turtlebot3_msgs/lib/python3.8/site-packages/turtlebot3_msgs/srv/__init__.py
[0.628s] -- Up-to-date: /home/mpcmeulensteen/blackboard_ws/install/turtlebot3_msgs/lib/python3.8/site-packages/turtlebot3_msgs/action
[0.628s] -- Up-to-date: /home/mpcmeulensteen/blackboard_ws/install/turtlebot3_msgs/lib/python3.8/site-packages/turtlebot3_msgs/action/_patrol_s.c
[0.628s] -- Up-to-date: /home/mpcmeulensteen/blackboard_ws/install/turtlebot3_msgs/lib/python3.8/site-packages/turtlebot3_msgs/action/__init__.py
[0.628s] -- Up-to-date: /home/mpcmeulensteen/blackboard_ws/install/turtlebot3_msgs/lib/python3.8/site-packages/turtlebot3_msgs/action/_patrol.py
[0.628s] -- Up-to-date: /home/mpcmeulensteen/blackboard_ws/install/turtlebot3_msgs/lib/python3.8/site-packages/turtlebot3_msgs/turtlebot3_msgs_s__rosidl_typesupport_fastrtps_c.cpython-38-x86_64-linux-gnu.so
[0.628s] -- Up-to-date: /home/mpcmeulensteen/blackboard_ws/install/turtlebot3_msgs/lib/python3.8/site-packages/turtlebot3_msgs/turtlebot3_msgs_s__rosidl_typesupport_introspection_c.cpython-38-x86_64-linux-gnu.so
[0.628s] -- Up-to-date: /home/mpcmeulensteen/blackboard_ws/install/turtlebot3_msgs/lib/python3.8/site-packages/turtlebot3_msgs/turtlebot3_msgs_s__rosidl_typesupport_c.cpython-38-x86_64-linux-gnu.so
[0.629s] -- Up-to-date: /home/mpcmeulensteen/blackboard_ws/install/turtlebot3_msgs/lib/libturtlebot3_msgs__python.so
[0.629s] -- Up-to-date: /home/mpcmeulensteen/blackboard_ws/install/turtlebot3_msgs/share/turtlebot3_msgs/msg/SensorState.idl
[0.629s] -- Up-to-date: /home/mpcmeulensteen/blackboard_ws/install/turtlebot3_msgs/share/turtlebot3_msgs/msg/Sound.idl
[0.629s] -- Up-to-date: /home/mpcmeulensteen/blackboard_ws/install/turtlebot3_msgs/share/turtlebot3_msgs/msg/VersionInfo.idl
[0.629s] -- Up-to-date: /home/mpcmeulensteen/blackboard_ws/install/turtlebot3_msgs/share/turtlebot3_msgs/srv/Sound.idl
[0.629s] -- Up-to-date: /home/mpcmeulensteen/blackboard_ws/install/turtlebot3_msgs/share/turtlebot3_msgs/srv/Dqn.idl
[0.629s] -- Up-to-date: /home/mpcmeulensteen/blackboard_ws/install/turtlebot3_msgs/share/turtlebot3_msgs/action/Patrol.idl
[0.630s] -- Up-to-date: /home/mpcmeulensteen/blackboard_ws/install/turtlebot3_msgs/share/turtlebot3_msgs/msg/SensorState.msg
[0.630s] -- Up-to-date: /home/mpcmeulensteen/blackboard_ws/install/turtlebot3_msgs/share/turtlebot3_msgs/msg/Sound.msg
[0.631s] -- Up-to-date: /home/mpcmeulensteen/blackboard_ws/install/turtlebot3_msgs/share/turtlebot3_msgs/msg/VersionInfo.msg
[0.631s] -- Up-to-date: /home/mpcmeulensteen/blackboard_ws/install/turtlebot3_msgs/share/turtlebot3_msgs/srv/Sound.srv
[0.632s] -- Up-to-date: /home/mpcmeulensteen/blackboard_ws/install/turtlebot3_msgs/share/turtlebot3_msgs/srv/Sound_Request.msg
[0.632s] -- Up-to-date: /home/mpcmeulensteen/blackboard_ws/install/turtlebot3_msgs/share/turtlebot3_msgs/srv/Sound_Response.msg
[0.632s] -- Up-to-date: /home/mpcmeulensteen/blackboard_ws/install/turtlebot3_msgs/share/turtlebot3_msgs/srv/Dqn.srv
[0.632s] -- Up-to-date: /home/mpcmeulensteen/blackboard_ws/install/turtlebot3_msgs/share/turtlebot3_msgs/srv/Dqn_Request.msg
[0.632s] -- Up-to-date: /home/mpcmeulensteen/blackboard_ws/install/turtlebot3_msgs/share/turtlebot3_msgs/srv/Dqn_Response.msg
[0.632s] -- Up-to-date: /home/mpcmeulensteen/blackboard_ws/install/turtlebot3_msgs/share/turtlebot3_msgs/action/Patrol.action
[0.633s] -- Up-to-date: /home/mpcmeulensteen/blackboard_ws/install/turtlebot3_msgs/share/ament_index/resource_index/package_run_dependencies/turtlebot3_msgs
[0.633s] -- Up-to-date: /home/mpcmeulensteen/blackboard_ws/install/turtlebot3_msgs/share/ament_index/resource_index/parent_prefix_path/turtlebot3_msgs
[0.633s] -- Up-to-date: /home/mpcmeulensteen/blackboard_ws/install/turtlebot3_msgs/share/turtlebot3_msgs/environment/ament_prefix_path.sh
[0.633s] -- Up-to-date: /home/mpcmeulensteen/blackboard_ws/install/turtlebot3_msgs/share/turtlebot3_msgs/environment/ament_prefix_path.dsv
[0.633s] -- Up-to-date: /home/mpcmeulensteen/blackboard_ws/install/turtlebot3_msgs/share/turtlebot3_msgs/environment/path.sh
[0.634s] -- Up-to-date: /home/mpcmeulensteen/blackboard_ws/install/turtlebot3_msgs/share/turtlebot3_msgs/environment/path.dsv
[0.634s] -- Up-to-date: /home/mpcmeulensteen/blackboard_ws/install/turtlebot3_msgs/share/turtlebot3_msgs/local_setup.bash
[0.634s] -- Up-to-date: /home/mpcmeulensteen/blackboard_ws/install/turtlebot3_msgs/share/turtlebot3_msgs/local_setup.sh
[0.634s] -- Up-to-date: /home/mpcmeulensteen/blackboard_ws/install/turtlebot3_msgs/share/turtlebot3_msgs/local_setup.zsh
[0.634s] -- Up-to-date: /home/mpcmeulensteen/blackboard_ws/install/turtlebot3_msgs/share/turtlebot3_msgs/local_setup.dsv
[0.634s] -- Installing: /home/mpcmeulensteen/blackboard_ws/install/turtlebot3_msgs/share/turtlebot3_msgs/package.dsv
[0.634s] -- Up-to-date: /home/mpcmeulensteen/blackboard_ws/install/turtlebot3_msgs/share/ament_index/resource_index/packages/turtlebot3_msgs
[0.634s] -- Up-to-date: /home/mpcmeulensteen/blackboard_ws/install/turtlebot3_msgs/share/turtlebot3_msgs/cmake/turtlebot3_msgs__rosidl_generator_cExport.cmake
[0.635s] -- Up-to-date: /home/mpcmeulensteen/blackboard_ws/install/turtlebot3_msgs/share/turtlebot3_msgs/cmake/turtlebot3_msgs__rosidl_generator_cExport-noconfig.cmake
[0.635s] -- Up-to-date: /home/mpcmeulensteen/blackboard_ws/install/turtlebot3_msgs/share/turtlebot3_msgs/cmake/turtlebot3_msgs__rosidl_typesupport_introspection_cExport.cmake
[0.635s] -- Up-to-date: /home/mpcmeulensteen/blackboard_ws/install/turtlebot3_msgs/share/turtlebot3_msgs/cmake/turtlebot3_msgs__rosidl_typesupport_introspection_cExport-noconfig.cmake
[0.635s] -- Up-to-date: /home/mpcmeulensteen/blackboard_ws/install/turtlebot3_msgs/share/turtlebot3_msgs/cmake/turtlebot3_msgs__rosidl_typesupport_cExport.cmake
[0.635s] -- Up-to-date: /home/mpcmeulensteen/blackboard_ws/install/turtlebot3_msgs/share/turtlebot3_msgs/cmake/turtlebot3_msgs__rosidl_typesupport_cExport-noconfig.cmake
[0.635s] -- Up-to-date: /home/mpcmeulensteen/blackboard_ws/install/turtlebot3_msgs/share/turtlebot3_msgs/cmake/turtlebot3_msgs__rosidl_generator_cppExport.cmake
[0.635s] -- Up-to-date: /home/mpcmeulensteen/blackboard_ws/install/turtlebot3_msgs/share/turtlebot3_msgs/cmake/turtlebot3_msgs__rosidl_typesupport_introspection_cppExport.cmake
[0.635s] -- Up-to-date: /home/mpcmeulensteen/blackboard_ws/install/turtlebot3_msgs/share/turtlebot3_msgs/cmake/turtlebot3_msgs__rosidl_typesupport_introspection_cppExport-noconfig.cmake
[0.636s] -- Up-to-date: /home/mpcmeulensteen/blackboard_ws/install/turtlebot3_msgs/share/turtlebot3_msgs/cmake/turtlebot3_msgs__rosidl_typesupport_cppExport.cmake
[0.636s] -- Up-to-date: /home/mpcmeulensteen/blackboard_ws/install/turtlebot3_msgs/share/turtlebot3_msgs/cmake/turtlebot3_msgs__rosidl_typesupport_cppExport-noconfig.cmake
[0.636s] -- Up-to-date: /home/mpcmeulensteen/blackboard_ws/install/turtlebot3_msgs/share/turtlebot3_msgs/cmake/rosidl_cmake-extras.cmake
[0.636s] -- Up-to-date: /home/mpcmeulensteen/blackboard_ws/install/turtlebot3_msgs/share/turtlebot3_msgs/cmake/ament_cmake_export_dependencies-extras.cmake
[0.636s] -- Up-to-date: /home/mpcmeulensteen/blackboard_ws/install/turtlebot3_msgs/share/turtlebot3_msgs/cmake/ament_cmake_export_libraries-extras.cmake
[0.636s] -- Up-to-date: /home/mpcmeulensteen/blackboard_ws/install/turtlebot3_msgs/share/turtlebot3_msgs/cmake/ament_cmake_export_targets-extras.cmake
[0.636s] -- Up-to-date: /home/mpcmeulensteen/blackboard_ws/install/turtlebot3_msgs/share/turtlebot3_msgs/cmake/ament_cmake_export_include_directories-extras.cmake
[0.637s] -- Up-to-date: /home/mpcmeulensteen/blackboard_ws/install/turtlebot3_msgs/share/turtlebot3_msgs/cmake/rosidl_cmake_export_typesupport_libraries-extras.cmake
[0.638s] -- Up-to-date: /home/mpcmeulensteen/blackboard_ws/install/turtlebot3_msgs/share/turtlebot3_msgs/cmake/rosidl_cmake_export_typesupport_targets-extras.cmake
[0.638s] -- Up-to-date: /home/mpcmeulensteen/blackboard_ws/install/turtlebot3_msgs/share/turtlebot3_msgs/cmake/turtlebot3_msgsConfig.cmake
[0.638s] -- Up-to-date: /home/mpcmeulensteen/blackboard_ws/install/turtlebot3_msgs/share/turtlebot3_msgs/cmake/turtlebot3_msgsConfig-version.cmake
[0.638s] -- Up-to-date: /home/mpcmeulensteen/blackboard_ws/install/turtlebot3_msgs/share/turtlebot3_msgs/package.xml
[0.638s] Invoked command in '/home/mpcmeulensteen/blackboard_ws/build/turtlebot3_msgs' returned '0': CMAKE_PREFIX_PATH=${CMAKE_PREFIX_PATH}:/home/mpcmeulensteen/turtlebot3_ws/install/turtlebot3_teleop:/home/mpcmeulensteen/turtlebot3_ws/install/turtlebot3_example:/home/mpcmeulensteen/colcon_ws/install/turtlebot3_teleop:/home/mpcmeulensteen/colcon_ws/install/turtlebot3_example:/opt/ros/foxy /usr/bin/cmake --install /home/mpcmeulensteen/blackboard_ws/build/turtlebot3_msgs
