[0.025s] Invoking command in '/home/mpcmeulensteen/blackboard_ws/build/navigation': CMAKE_PREFIX_PATH=${CMAKE_PREFIX_PATH}:/home/mpcmeulensteen/blackboard_ws/install/turtlebot3_teleop:/home/mpcmeulensteen/blackboard_ws/install/turtlebot3_example:/home/mpcmeulensteen/turtlebot3_ws/install/turtlebot3_teleop:/home/mpcmeulensteen/turtlebot3_ws/install/turtlebot3_example:/home/mpcmeulensteen/colcon_ws/install/turtlebot3_teleop:/home/mpcmeulensteen/colcon_ws/install/turtlebot3_example:/opt/ros/foxy /usr/bin/cmake --build /home/mpcmeulensteen/blackboard_ws/build/navigation -- -j2 -l2
[0.226s] Invoked command in '/home/mpcmeulensteen/blackboard_ws/build/navigation' returned '0': CMAKE_PREFIX_PATH=${CMAKE_PREFIX_PATH}:/home/mpcmeulensteen/blackboard_ws/install/turtlebot3_teleop:/home/mpcmeulensteen/blackboard_ws/install/turtlebot3_example:/home/mpcmeulensteen/turtlebot3_ws/install/turtlebot3_teleop:/home/mpcmeulensteen/turtlebot3_ws/install/turtlebot3_example:/home/mpcmeulensteen/colcon_ws/install/turtlebot3_teleop:/home/mpcmeulensteen/colcon_ws/install/turtlebot3_example:/opt/ros/foxy /usr/bin/cmake --build /home/mpcmeulensteen/blackboard_ws/build/navigation -- -j2 -l2
[0.385s] Invoking command in '/home/mpcmeulensteen/blackboard_ws/build/navigation': CMAKE_PREFIX_PATH=${CMAKE_PREFIX_PATH}:/home/mpcmeulensteen/blackboard_ws/install/turtlebot3_teleop:/home/mpcmeulensteen/blackboard_ws/install/turtlebot3_example:/home/mpcmeulensteen/turtlebot3_ws/install/turtlebot3_teleop:/home/mpcmeulensteen/turtlebot3_ws/install/turtlebot3_example:/home/mpcmeulensteen/colcon_ws/install/turtlebot3_teleop:/home/mpcmeulensteen/colcon_ws/install/turtlebot3_example:/opt/ros/foxy /usr/bin/cmake --install /home/mpcmeulensteen/blackboard_ws/build/navigation
[0.439s] -- Install configuration: ""
[0.440s] -- Up-to-date: /home/mpcmeulensteen/blackboard_ws/install/navigation/share/navigation//launch
[0.440s] -- Up-to-date: /home/mpcmeulensteen/blackboard_ws/install/navigation/share/navigation//launch/environment.launch.py
[0.440s] -- Up-to-date: /home/mpcmeulensteen/blackboard_ws/install/navigation/share/navigation//launch/__pycache__
[0.440s] -- Up-to-date: /home/mpcmeulensteen/blackboard_ws/install/navigation/share/navigation//launch/__pycache__/gazebo_launch.cpython-38.pyc
[0.440s] -- Up-to-date: /home/mpcmeulensteen/blackboard_ws/install/navigation/share/navigation//launch/robot_state_publisher.launch.py
[0.440s] -- Up-to-date: /home/mpcmeulensteen/blackboard_ws/install/navigation/share/navigation//param
[0.440s] -- Up-to-date: /home/mpcmeulensteen/blackboard_ws/install/navigation/share/navigation//param/waffle.yaml
[0.440s] -- Up-to-date: /home/mpcmeulensteen/blackboard_ws/install/navigation/share/navigation//param/burger.yaml
[0.440s] -- Up-to-date: /home/mpcmeulensteen/blackboard_ws/install/navigation/share/navigation//param/waffle_pi.yaml
[0.440s] -- Up-to-date: /home/mpcmeulensteen/blackboard_ws/install/navigation/share/ament_index/resource_index/package_run_dependencies/navigation
[0.440s] -- Up-to-date: /home/mpcmeulensteen/blackboard_ws/install/navigation/share/ament_index/resource_index/parent_prefix_path/navigation
[0.441s] -- Up-to-date: /home/mpcmeulensteen/blackboard_ws/install/navigation/share/navigation/environment/ament_prefix_path.sh
[0.441s] -- Up-to-date: /home/mpcmeulensteen/blackboard_ws/install/navigation/share/navigation/environment/ament_prefix_path.dsv
[0.441s] -- Up-to-date: /home/mpcmeulensteen/blackboard_ws/install/navigation/share/navigation/environment/path.sh
[0.441s] -- Up-to-date: /home/mpcmeulensteen/blackboard_ws/install/navigation/share/navigation/environment/path.dsv
[0.451s] -- Up-to-date: /home/mpcmeulensteen/blackboard_ws/install/navigation/share/navigation/local_setup.bash
[0.451s] -- Up-to-date: /home/mpcmeulensteen/blackboard_ws/install/navigation/share/navigation/local_setup.sh
[0.451s] -- Up-to-date: /home/mpcmeulensteen/blackboard_ws/install/navigation/share/navigation/local_setup.zsh
[0.451s] -- Up-to-date: /home/mpcmeulensteen/blackboard_ws/install/navigation/share/navigation/local_setup.dsv
[0.451s] -- Installing: /home/mpcmeulensteen/blackboard_ws/install/navigation/share/navigation/package.dsv
[0.452s] -- Up-to-date: /home/mpcmeulensteen/blackboard_ws/install/navigation/share/ament_index/resource_index/packages/navigation
[0.452s] -- Up-to-date: /home/mpcmeulensteen/blackboard_ws/install/navigation/share/navigation/cmake/navigationConfig.cmake
[0.452s] -- Up-to-date: /home/mpcmeulensteen/blackboard_ws/install/navigation/share/navigation/cmake/navigationConfig-version.cmake
[0.452s] -- Up-to-date: /home/mpcmeulensteen/blackboard_ws/install/navigation/share/navigation/package.xml
[0.458s] Invoked command in '/home/mpcmeulensteen/blackboard_ws/build/navigation' returned '0': CMAKE_PREFIX_PATH=${CMAKE_PREFIX_PATH}:/home/mpcmeulensteen/blackboard_ws/install/turtlebot3_teleop:/home/mpcmeulensteen/blackboard_ws/install/turtlebot3_example:/home/mpcmeulensteen/turtlebot3_ws/install/turtlebot3_teleop:/home/mpcmeulensteen/turtlebot3_ws/install/turtlebot3_example:/home/mpcmeulensteen/colcon_ws/install/turtlebot3_teleop:/home/mpcmeulensteen/colcon_ws/install/turtlebot3_example:/opt/ros/foxy /usr/bin/cmake --install /home/mpcmeulensteen/blackboard_ws/build/navigation
