[0.322s] Invoking command in '/home/mpcmeulensteen/blackboard_ws/src/navigation': PYTHONPATH=/home/mpcmeulensteen/blackboard_ws/install/navigation/lib/python3.8/site-packages:${PYTHONPATH} /usr/bin/python3 setup.py egg_info --egg-base ../../build/navigation build --build-base /home/mpcmeulensteen/blackboard_ws/build/navigation/build install --prefix /home/mpcmeulensteen/blackboard_ws/install/navigation --record /home/mpcmeulensteen/blackboard_ws/build/navigation/install.log --single-version-externally-managed
[0.731s] running egg_info
[0.731s] writing ../../build/navigation/navigation.egg-info/PKG-INFO
[0.738s] writing dependency_links to ../../build/navigation/navigation.egg-info/dependency_links.txt
[0.738s] writing entry points to ../../build/navigation/navigation.egg-info/entry_points.txt
[0.739s] writing requirements to ../../build/navigation/navigation.egg-info/requires.txt
[0.739s] writing top-level names to ../../build/navigation/navigation.egg-info/top_level.txt
[0.787s] reading manifest file '../../build/navigation/navigation.egg-info/SOURCES.txt'
[0.788s] writing manifest file '../../build/navigation/navigation.egg-info/SOURCES.txt'
[0.790s] running build
[0.790s] running build_py
[0.791s] running install
[0.793s] running install_lib
[0.793s] running install_data
[0.796s] running install_egg_info
[0.796s] removing '/home/mpcmeulensteen/blackboard_ws/install/navigation/lib/python3.8/site-packages/navigation-0.0.0-py3.8.egg-info' (and everything under it)
[0.799s] Copying ../../build/navigation/navigation.egg-info to /home/mpcmeulensteen/blackboard_ws/install/navigation/lib/python3.8/site-packages/navigation-0.0.0-py3.8.egg-info
[0.799s] running install_scripts
[0.825s] writing list of installed files to '/home/mpcmeulensteen/blackboard_ws/build/navigation/install.log'
[0.860s] Invoked command in '/home/mpcmeulensteen/blackboard_ws/src/navigation' returned '0': PYTHONPATH=/home/mpcmeulensteen/blackboard_ws/install/navigation/lib/python3.8/site-packages:${PYTHONPATH} /usr/bin/python3 setup.py egg_info --egg-base ../../build/navigation build --build-base /home/mpcmeulensteen/blackboard_ws/build/navigation/build install --prefix /home/mpcmeulensteen/blackboard_ws/install/navigation --record /home/mpcmeulensteen/blackboard_ws/build/navigation/install.log --single-version-externally-managed
