[0.281s] Invoking command in '/home/mpcmeulensteen/blackboard_ws/src/ros2_bbinstance': PYTHONPATH=/home/mpcmeulensteen/blackboard_ws/install/ros2_bbinstance/lib/python3.8/site-packages:${PYTHONPATH} /usr/bin/python3 setup.py egg_info --egg-base ../../build/ros2_bbinstance build --build-base /home/mpcmeulensteen/blackboard_ws/build/ros2_bbinstance/build install --prefix /home/mpcmeulensteen/blackboard_ws/install/ros2_bbinstance --record /home/mpcmeulensteen/blackboard_ws/build/ros2_bbinstance/install.log --single-version-externally-managed
[0.639s] running egg_info
[0.641s] writing ../../build/ros2_bbinstance/ros2_bbinstance.egg-info/PKG-INFO
[0.641s] writing dependency_links to ../../build/ros2_bbinstance/ros2_bbinstance.egg-info/dependency_links.txt
[0.642s] writing entry points to ../../build/ros2_bbinstance/ros2_bbinstance.egg-info/entry_points.txt
[0.643s] writing requirements to ../../build/ros2_bbinstance/ros2_bbinstance.egg-info/requires.txt
[0.648s] writing top-level names to ../../build/ros2_bbinstance/ros2_bbinstance.egg-info/top_level.txt
[0.705s] reading manifest file '../../build/ros2_bbinstance/ros2_bbinstance.egg-info/SOURCES.txt'
[0.708s] writing manifest file '../../build/ros2_bbinstance/ros2_bbinstance.egg-info/SOURCES.txt'
[0.715s] running build
[0.716s] running build_py
[0.716s] copying ros2_bbinstance/gui.py -> /home/mpcmeulensteen/blackboard_ws/build/ros2_bbinstance/build/lib/ros2_bbinstance
[0.717s] running install
[0.718s] running install_lib
[0.719s] copying /home/mpcmeulensteen/blackboard_ws/build/ros2_bbinstance/build/lib/ros2_bbinstance/gui.py -> /home/mpcmeulensteen/blackboard_ws/install/ros2_bbinstance/lib/python3.8/site-packages/ros2_bbinstance
[0.722s] byte-compiling /home/mpcmeulensteen/blackboard_ws/install/ros2_bbinstance/lib/python3.8/site-packages/ros2_bbinstance/gui.py to gui.cpython-38.pyc
[0.727s] running install_data
[0.728s] running install_egg_info
[0.730s] removing '/home/mpcmeulensteen/blackboard_ws/install/ros2_bbinstance/lib/python3.8/site-packages/ros2_bbinstance-0.0.0-py3.8.egg-info' (and everything under it)
[0.739s] Copying ../../build/ros2_bbinstance/ros2_bbinstance.egg-info to /home/mpcmeulensteen/blackboard_ws/install/ros2_bbinstance/lib/python3.8/site-packages/ros2_bbinstance-0.0.0-py3.8.egg-info
[0.748s] running install_scripts
[0.764s] Installing blackboardinstance script to /home/mpcmeulensteen/blackboard_ws/install/ros2_bbinstance/lib/ros2_bbinstance
[0.764s] Installing gui script to /home/mpcmeulensteen/blackboard_ws/install/ros2_bbinstance/lib/ros2_bbinstance
[0.765s] Installing robotInstance script to /home/mpcmeulensteen/blackboard_ws/install/ros2_bbinstance/lib/ros2_bbinstance
[0.766s] Installing taskview script to /home/mpcmeulensteen/blackboard_ws/install/ros2_bbinstance/lib/ros2_bbinstance
[0.766s] writing list of installed files to '/home/mpcmeulensteen/blackboard_ws/build/ros2_bbinstance/install.log'
[0.786s] Invoked command in '/home/mpcmeulensteen/blackboard_ws/src/ros2_bbinstance' returned '0': PYTHONPATH=/home/mpcmeulensteen/blackboard_ws/install/ros2_bbinstance/lib/python3.8/site-packages:${PYTHONPATH} /usr/bin/python3 setup.py egg_info --egg-base ../../build/ros2_bbinstance build --build-base /home/mpcmeulensteen/blackboard_ws/build/ros2_bbinstance/build install --prefix /home/mpcmeulensteen/blackboard_ws/install/ros2_bbinstance --record /home/mpcmeulensteen/blackboard_ws/build/ros2_bbinstance/install.log --single-version-externally-managed
