[0.063s] Invoking command in '/home/mpcmeulensteen/blackboard_ws/build/dynamixel_sdk': CMAKE_PREFIX_PATH=${CMAKE_PREFIX_PATH}:/home/mpcmeulensteen/blackboard_ws/install/turtlebot3_teleop:/home/mpcmeulensteen/blackboard_ws/install/turtlebot3_example:/home/mpcmeulensteen/blackboard_ws/install/tf_transformations:/home/mpcmeulensteen/blackboard_ws/install/ros2_blackboard:/home/mpcmeulensteen/blackboard_ws/install/ros2_bbinstance:/opt/ros/foxy /usr/bin/cmake --build /home/mpcmeulensteen/blackboard_ws/build/dynamixel_sdk -- -j2 -l2
[0.269s] [100%] Built target dynamixel_sdk
[0.321s] Invoked command in '/home/mpcmeulensteen/blackboard_ws/build/dynamixel_sdk' returned '0': CMAKE_PREFIX_PATH=${CMAKE_PREFIX_PATH}:/home/mpcmeulensteen/blackboard_ws/install/turtlebot3_teleop:/home/mpcmeulensteen/blackboard_ws/install/turtlebot3_example:/home/mpcmeulensteen/blackboard_ws/install/tf_transformations:/home/mpcmeulensteen/blackboard_ws/install/ros2_blackboard:/home/mpcmeulensteen/blackboard_ws/install/ros2_bbinstance:/opt/ros/foxy /usr/bin/cmake --build /home/mpcmeulensteen/blackboard_ws/build/dynamixel_sdk -- -j2 -l2
[0.630s] Invoking command in '/home/mpcmeulensteen/blackboard_ws/build/dynamixel_sdk': CMAKE_PREFIX_PATH=${CMAKE_PREFIX_PATH}:/home/mpcmeulensteen/blackboard_ws/install/turtlebot3_teleop:/home/mpcmeulensteen/blackboard_ws/install/turtlebot3_example:/home/mpcmeulensteen/blackboard_ws/install/tf_transformations:/home/mpcmeulensteen/blackboard_ws/install/ros2_blackboard:/home/mpcmeulensteen/blackboard_ws/install/ros2_bbinstance:/opt/ros/foxy /usr/bin/cmake --install /home/mpcmeulensteen/blackboard_ws/build/dynamixel_sdk
[0.662s] -- Install configuration: ""
[0.663s] -- Up-to-date: /home/mpcmeulensteen/blackboard_ws/install/dynamixel_sdk/include/
[0.664s] -- Up-to-date: /home/mpcmeulensteen/blackboard_ws/install/dynamixel_sdk/include//dynamixel_sdk
[0.665s] -- Up-to-date: /home/mpcmeulensteen/blackboard_ws/install/dynamixel_sdk/include//dynamixel_sdk/port_handler.h
[0.665s] -- Up-to-date: /home/mpcmeulensteen/blackboard_ws/install/dynamixel_sdk/include//dynamixel_sdk/packet_handler.h
[0.666s] -- Up-to-date: /home/mpcmeulensteen/blackboard_ws/install/dynamixel_sdk/include//dynamixel_sdk/protocol2_packet_handler.h
[0.668s] -- Up-to-date: /home/mpcmeulensteen/blackboard_ws/install/dynamixel_sdk/include//dynamixel_sdk/group_bulk_read.h
[0.668s] -- Up-to-date: /home/mpcmeulensteen/blackboard_ws/install/dynamixel_sdk/include//dynamixel_sdk/group_bulk_write.h
[0.668s] -- Up-to-date: /home/mpcmeulensteen/blackboard_ws/install/dynamixel_sdk/include//dynamixel_sdk/protocol1_packet_handler.h
[0.668s] -- Up-to-date: /home/mpcmeulensteen/blackboard_ws/install/dynamixel_sdk/include//dynamixel_sdk/dynamixel_sdk.h
[0.669s] -- Up-to-date: /home/mpcmeulensteen/blackboard_ws/install/dynamixel_sdk/include//dynamixel_sdk/port_handler_arduino.h
[0.669s] -- Up-to-date: /home/mpcmeulensteen/blackboard_ws/install/dynamixel_sdk/include//dynamixel_sdk/group_sync_write.h
[0.669s] -- Up-to-date: /home/mpcmeulensteen/blackboard_ws/install/dynamixel_sdk/include//dynamixel_sdk/port_handler_windows.h
[0.669s] -- Up-to-date: /home/mpcmeulensteen/blackboard_ws/install/dynamixel_sdk/include//dynamixel_sdk/port_handler_mac.h
[0.669s] -- Up-to-date: /home/mpcmeulensteen/blackboard_ws/install/dynamixel_sdk/include//dynamixel_sdk/port_handler_linux.h
[0.670s] -- Up-to-date: /home/mpcmeulensteen/blackboard_ws/install/dynamixel_sdk/include//dynamixel_sdk/group_sync_read.h
[0.670s] -- Up-to-date: /home/mpcmeulensteen/blackboard_ws/install/dynamixel_sdk/lib/libdynamixel_sdk.so
[0.671s] -- Up-to-date: /home/mpcmeulensteen/blackboard_ws/install/dynamixel_sdk/share/dynamixel_sdk/environment/library_path.sh
[0.672s] -- Up-to-date: /home/mpcmeulensteen/blackboard_ws/install/dynamixel_sdk/share/dynamixel_sdk/environment/library_path.dsv
[0.673s] -- Up-to-date: /home/mpcmeulensteen/blackboard_ws/install/dynamixel_sdk/share/ament_index/resource_index/package_run_dependencies/dynamixel_sdk
[0.673s] -- Up-to-date: /home/mpcmeulensteen/blackboard_ws/install/dynamixel_sdk/share/ament_index/resource_index/parent_prefix_path/dynamixel_sdk
[0.674s] -- Up-to-date: /home/mpcmeulensteen/blackboard_ws/install/dynamixel_sdk/share/dynamixel_sdk/environment/ament_prefix_path.sh
[0.674s] -- Up-to-date: /home/mpcmeulensteen/blackboard_ws/install/dynamixel_sdk/share/dynamixel_sdk/environment/ament_prefix_path.dsv
[0.675s] -- Up-to-date: /home/mpcmeulensteen/blackboard_ws/install/dynamixel_sdk/share/dynamixel_sdk/environment/path.sh
[0.675s] -- Up-to-date: /home/mpcmeulensteen/blackboard_ws/install/dynamixel_sdk/share/dynamixel_sdk/environment/path.dsv
[0.677s] -- Up-to-date: /home/mpcmeulensteen/blackboard_ws/install/dynamixel_sdk/share/dynamixel_sdk/local_setup.bash
[0.677s] -- Up-to-date: /home/mpcmeulensteen/blackboard_ws/install/dynamixel_sdk/share/dynamixel_sdk/local_setup.sh
[0.679s] -- Up-to-date: /home/mpcmeulensteen/blackboard_ws/install/dynamixel_sdk/share/dynamixel_sdk/local_setup.zsh
[0.681s] -- Up-to-date: /home/mpcmeulensteen/blackboard_ws/install/dynamixel_sdk/share/dynamixel_sdk/local_setup.dsv
[0.681s] -- Installing: /home/mpcmeulensteen/blackboard_ws/install/dynamixel_sdk/share/dynamixel_sdk/package.dsv
[0.681s] -- Up-to-date: /home/mpcmeulensteen/blackboard_ws/install/dynamixel_sdk/share/ament_index/resource_index/packages/dynamixel_sdk
[0.683s] -- Up-to-date: /home/mpcmeulensteen/blackboard_ws/install/dynamixel_sdk/share/dynamixel_sdk/cmake/ament_cmake_export_include_directories-extras.cmake
[0.683s] -- Up-to-date: /home/mpcmeulensteen/blackboard_ws/install/dynamixel_sdk/share/dynamixel_sdk/cmake/ament_cmake_export_libraries-extras.cmake
[0.685s] -- Up-to-date: /home/mpcmeulensteen/blackboard_ws/install/dynamixel_sdk/share/dynamixel_sdk/cmake/dynamixel_sdkConfig.cmake
[0.687s] -- Up-to-date: /home/mpcmeulensteen/blackboard_ws/install/dynamixel_sdk/share/dynamixel_sdk/cmake/dynamixel_sdkConfig-version.cmake
[0.688s] -- Up-to-date: /home/mpcmeulensteen/blackboard_ws/install/dynamixel_sdk/share/dynamixel_sdk/package.xml
[0.699s] Invoked command in '/home/mpcmeulensteen/blackboard_ws/build/dynamixel_sdk' returned '0': CMAKE_PREFIX_PATH=${CMAKE_PREFIX_PATH}:/home/mpcmeulensteen/blackboard_ws/install/turtlebot3_teleop:/home/mpcmeulensteen/blackboard_ws/install/turtlebot3_example:/home/mpcmeulensteen/blackboard_ws/install/tf_transformations:/home/mpcmeulensteen/blackboard_ws/install/ros2_blackboard:/home/mpcmeulensteen/blackboard_ws/install/ros2_bbinstance:/opt/ros/foxy /usr/bin/cmake --install /home/mpcmeulensteen/blackboard_ws/build/dynamixel_sdk
