[0.480s] Invoking command in '/home/mpcmeulensteen/blackboard_ws/src/blackboard': PYTHONPATH=/home/mpcmeulensteen/blackboard_ws/install/blackboard/lib/python3.8/site-packages:${PYTHONPATH} /usr/bin/python3 setup.py egg_info --egg-base ../../build/blackboard build --build-base /home/mpcmeulensteen/blackboard_ws/build/blackboard/build install --prefix /home/mpcmeulensteen/blackboard_ws/install/blackboard --record /home/mpcmeulensteen/blackboard_ws/build/blackboard/install.log --single-version-externally-managed
[0.830s] running egg_info
[0.832s] writing ../../build/blackboard/blackboard.egg-info/PKG-INFO
[0.834s] writing dependency_links to ../../build/blackboard/blackboard.egg-info/dependency_links.txt
[0.834s] writing entry points to ../../build/blackboard/blackboard.egg-info/entry_points.txt
[0.835s] writing requirements to ../../build/blackboard/blackboard.egg-info/requires.txt
[0.835s] writing top-level names to ../../build/blackboard/blackboard.egg-info/top_level.txt
[0.898s] reading manifest file '../../build/blackboard/blackboard.egg-info/SOURCES.txt'
[0.902s] writing manifest file '../../build/blackboard/blackboard.egg-info/SOURCES.txt'
[0.903s] running build
[0.903s] running build_py
[0.904s] running install
[0.907s] running install_lib
[0.911s] running install_data
[0.913s] running install_egg_info
[0.918s] removing '/home/mpcmeulensteen/blackboard_ws/install/blackboard/lib/python3.8/site-packages/blackboard-0.0.0-py3.8.egg-info' (and everything under it)
[0.918s] Copying ../../build/blackboard/blackboard.egg-info to /home/mpcmeulensteen/blackboard_ws/install/blackboard/lib/python3.8/site-packages/blackboard-0.0.0-py3.8.egg-info
[0.921s] running install_scripts
[0.954s] writing list of installed files to '/home/mpcmeulensteen/blackboard_ws/build/blackboard/install.log'
[1.033s] Invoked command in '/home/mpcmeulensteen/blackboard_ws/src/blackboard' returned '0': PYTHONPATH=/home/mpcmeulensteen/blackboard_ws/install/blackboard/lib/python3.8/site-packages:${PYTHONPATH} /usr/bin/python3 setup.py egg_info --egg-base ../../build/blackboard build --build-base /home/mpcmeulensteen/blackboard_ws/build/blackboard/build install --prefix /home/mpcmeulensteen/blackboard_ws/install/blackboard --record /home/mpcmeulensteen/blackboard_ws/build/blackboard/install.log --single-version-externally-managed
