[0.039s] Invoking command in '/home/mpcmeulensteen/blackboard_ws/build/dynamixel_sdk_custom_interfaces': CMAKE_PREFIX_PATH=/opt/ros/foxy /usr/bin/cmake --build /home/mpcmeulensteen/blackboard_ws/build/dynamixel_sdk_custom_interfaces -- -j2 -l2
[0.162s] [  2%] Built target dynamixel_sdk_custom_interfaces__cpp
[0.173s] [ 12%] Built target dynamixel_sdk_custom_interfaces__rosidl_generator_c
[0.216s] [ 23%] Built target dynamixel_sdk_custom_interfaces__rosidl_typesupport_cpp
[0.230s] [ 33%] Built target dynamixel_sdk_custom_interfaces__rosidl_typesupport_fastrtps_cpp
[0.269s] [ 43%] Built target dynamixel_sdk_custom_interfaces__rosidl_typesupport_introspection_c
[0.280s] [ 53%] Built target dynamixel_sdk_custom_interfaces__rosidl_typesupport_introspection_cpp
[0.321s] [ 64%] Built target dynamixel_sdk_custom_interfaces__rosidl_typesupport_c
[0.366s] [ 74%] Built target dynamixel_sdk_custom_interfaces__rosidl_typesupport_fastrtps_c
[0.401s] [ 74%] Built target dynamixel_sdk_custom_interfaces
[0.431s] [ 76%] Built target dynamixel_sdk_custom_interfaces__py
[0.483s] [ 84%] Built target dynamixel_sdk_custom_interfaces__python
[0.534s] [ 89%] Built target dynamixel_sdk_custom_interfaces__rosidl_typesupport_c__pyext
[0.538s] [ 94%] Built target dynamixel_sdk_custom_interfaces__rosidl_typesupport_introspection_c__pyext
[0.577s] [100%] Built target dynamixel_sdk_custom_interfaces__rosidl_typesupport_fastrtps_c__pyext
[0.593s] Invoked command in '/home/mpcmeulensteen/blackboard_ws/build/dynamixel_sdk_custom_interfaces' returned '0': CMAKE_PREFIX_PATH=/opt/ros/foxy /usr/bin/cmake --build /home/mpcmeulensteen/blackboard_ws/build/dynamixel_sdk_custom_interfaces -- -j2 -l2
[0.699s] Invoking command in '/home/mpcmeulensteen/blackboard_ws/build/dynamixel_sdk_custom_interfaces': CMAKE_PREFIX_PATH=/opt/ros/foxy /usr/bin/cmake --install /home/mpcmeulensteen/blackboard_ws/build/dynamixel_sdk_custom_interfaces
[0.712s] -- Install configuration: ""
[0.715s] -- Up-to-date: /home/mpcmeulensteen/blackboard_ws/install/dynamixel_sdk_custom_interfaces/share/ament_index/resource_index/rosidl_interfaces/dynamixel_sdk_custom_interfaces
[0.715s] -- Up-to-date: /home/mpcmeulensteen/blackboard_ws/install/dynamixel_sdk_custom_interfaces/include/dynamixel_sdk_custom_interfaces
[0.715s] -- Up-to-date: /home/mpcmeulensteen/blackboard_ws/install/dynamixel_sdk_custom_interfaces/include/dynamixel_sdk_custom_interfaces/srv
[0.716s] -- Up-to-date: /home/mpcmeulensteen/blackboard_ws/install/dynamixel_sdk_custom_interfaces/include/dynamixel_sdk_custom_interfaces/srv/get_position.h
[0.716s] -- Up-to-date: /home/mpcmeulensteen/blackboard_ws/install/dynamixel_sdk_custom_interfaces/include/dynamixel_sdk_custom_interfaces/srv/detail
[0.717s] -- Up-to-date: /home/mpcmeulensteen/blackboard_ws/install/dynamixel_sdk_custom_interfaces/include/dynamixel_sdk_custom_interfaces/srv/detail/get_position__type_support.h
[0.717s] -- Up-to-date: /home/mpcmeulensteen/blackboard_ws/install/dynamixel_sdk_custom_interfaces/include/dynamixel_sdk_custom_interfaces/srv/detail/get_position__functions.c
[0.717s] -- Up-to-date: /home/mpcmeulensteen/blackboard_ws/install/dynamixel_sdk_custom_interfaces/include/dynamixel_sdk_custom_interfaces/srv/detail/get_position__functions.h
[0.717s] -- Up-to-date: /home/mpcmeulensteen/blackboard_ws/install/dynamixel_sdk_custom_interfaces/include/dynamixel_sdk_custom_interfaces/srv/detail/get_position__struct.h
[0.717s] -- Up-to-date: /home/mpcmeulensteen/blackboard_ws/install/dynamixel_sdk_custom_interfaces/include/dynamixel_sdk_custom_interfaces/msg
[0.717s] -- Up-to-date: /home/mpcmeulensteen/blackboard_ws/install/dynamixel_sdk_custom_interfaces/include/dynamixel_sdk_custom_interfaces/msg/rosidl_generator_c__visibility_control.h
[0.718s] -- Up-to-date: /home/mpcmeulensteen/blackboard_ws/install/dynamixel_sdk_custom_interfaces/include/dynamixel_sdk_custom_interfaces/msg/set_position.h
[0.718s] -- Up-to-date: /home/mpcmeulensteen/blackboard_ws/install/dynamixel_sdk_custom_interfaces/include/dynamixel_sdk_custom_interfaces/msg/detail
[0.719s] -- Up-to-date: /home/mpcmeulensteen/blackboard_ws/install/dynamixel_sdk_custom_interfaces/include/dynamixel_sdk_custom_interfaces/msg/detail/set_position__struct.h
[0.719s] -- Up-to-date: /home/mpcmeulensteen/blackboard_ws/install/dynamixel_sdk_custom_interfaces/include/dynamixel_sdk_custom_interfaces/msg/detail/set_position__functions.c
[0.719s] -- Up-to-date: /home/mpcmeulensteen/blackboard_ws/install/dynamixel_sdk_custom_interfaces/include/dynamixel_sdk_custom_interfaces/msg/detail/set_position__functions.h
[0.719s] -- Up-to-date: /home/mpcmeulensteen/blackboard_ws/install/dynamixel_sdk_custom_interfaces/include/dynamixel_sdk_custom_interfaces/msg/detail/set_position__type_support.h
[0.719s] -- Up-to-date: /home/mpcmeulensteen/blackboard_ws/install/dynamixel_sdk_custom_interfaces/share/dynamixel_sdk_custom_interfaces/environment/library_path.sh
[0.720s] -- Up-to-date: /home/mpcmeulensteen/blackboard_ws/install/dynamixel_sdk_custom_interfaces/share/dynamixel_sdk_custom_interfaces/environment/library_path.dsv
[0.722s] -- Up-to-date: /home/mpcmeulensteen/blackboard_ws/install/dynamixel_sdk_custom_interfaces/lib/libdynamixel_sdk_custom_interfaces__rosidl_generator_c.so
[0.722s] -- Up-to-date: /home/mpcmeulensteen/blackboard_ws/install/dynamixel_sdk_custom_interfaces/include/dynamixel_sdk_custom_interfaces
[0.722s] -- Up-to-date: /home/mpcmeulensteen/blackboard_ws/install/dynamixel_sdk_custom_interfaces/include/dynamixel_sdk_custom_interfaces/srv
[0.722s] -- Up-to-date: /home/mpcmeulensteen/blackboard_ws/install/dynamixel_sdk_custom_interfaces/include/dynamixel_sdk_custom_interfaces/srv/detail
[0.722s] -- Up-to-date: /home/mpcmeulensteen/blackboard_ws/install/dynamixel_sdk_custom_interfaces/include/dynamixel_sdk_custom_interfaces/srv/detail/get_position__rosidl_typesupport_fastrtps_c.h
[0.722s] -- Up-to-date: /home/mpcmeulensteen/blackboard_ws/install/dynamixel_sdk_custom_interfaces/include/dynamixel_sdk_custom_interfaces/msg
[0.723s] -- Up-to-date: /home/mpcmeulensteen/blackboard_ws/install/dynamixel_sdk_custom_interfaces/include/dynamixel_sdk_custom_interfaces/msg/detail
[0.723s] -- Up-to-date: /home/mpcmeulensteen/blackboard_ws/install/dynamixel_sdk_custom_interfaces/include/dynamixel_sdk_custom_interfaces/msg/detail/set_position__rosidl_typesupport_fastrtps_c.h
[0.723s] -- Up-to-date: /home/mpcmeulensteen/blackboard_ws/install/dynamixel_sdk_custom_interfaces/include/dynamixel_sdk_custom_interfaces/msg/rosidl_typesupport_fastrtps_c__visibility_control.h
[0.725s] -- Up-to-date: /home/mpcmeulensteen/blackboard_ws/install/dynamixel_sdk_custom_interfaces/lib/libdynamixel_sdk_custom_interfaces__rosidl_typesupport_fastrtps_c.so
[0.725s] -- Up-to-date: /home/mpcmeulensteen/blackboard_ws/install/dynamixel_sdk_custom_interfaces/include/dynamixel_sdk_custom_interfaces
[0.725s] -- Up-to-date: /home/mpcmeulensteen/blackboard_ws/install/dynamixel_sdk_custom_interfaces/include/dynamixel_sdk_custom_interfaces/srv
[0.725s] -- Up-to-date: /home/mpcmeulensteen/blackboard_ws/install/dynamixel_sdk_custom_interfaces/include/dynamixel_sdk_custom_interfaces/srv/detail
[0.725s] -- Up-to-date: /home/mpcmeulensteen/blackboard_ws/install/dynamixel_sdk_custom_interfaces/include/dynamixel_sdk_custom_interfaces/srv/detail/get_position__rosidl_typesupport_fastrtps_cpp.hpp
[0.725s] -- Up-to-date: /home/mpcmeulensteen/blackboard_ws/install/dynamixel_sdk_custom_interfaces/include/dynamixel_sdk_custom_interfaces/srv/detail/dds_fastrtps
[0.725s] -- Up-to-date: /home/mpcmeulensteen/blackboard_ws/install/dynamixel_sdk_custom_interfaces/include/dynamixel_sdk_custom_interfaces/msg
[0.725s] -- Up-to-date: /home/mpcmeulensteen/blackboard_ws/install/dynamixel_sdk_custom_interfaces/include/dynamixel_sdk_custom_interfaces/msg/detail
[0.726s] -- Up-to-date: /home/mpcmeulensteen/blackboard_ws/install/dynamixel_sdk_custom_interfaces/include/dynamixel_sdk_custom_interfaces/msg/detail/dds_fastrtps
[0.726s] -- Up-to-date: /home/mpcmeulensteen/blackboard_ws/install/dynamixel_sdk_custom_interfaces/include/dynamixel_sdk_custom_interfaces/msg/detail/set_position__rosidl_typesupport_fastrtps_cpp.hpp
[0.726s] -- Up-to-date: /home/mpcmeulensteen/blackboard_ws/install/dynamixel_sdk_custom_interfaces/include/dynamixel_sdk_custom_interfaces/msg/rosidl_typesupport_fastrtps_cpp__visibility_control.h
[0.727s] -- Up-to-date: /home/mpcmeulensteen/blackboard_ws/install/dynamixel_sdk_custom_interfaces/lib/libdynamixel_sdk_custom_interfaces__rosidl_typesupport_fastrtps_cpp.so
[0.728s] -- Up-to-date: /home/mpcmeulensteen/blackboard_ws/install/dynamixel_sdk_custom_interfaces/include/dynamixel_sdk_custom_interfaces
[0.728s] -- Up-to-date: /home/mpcmeulensteen/blackboard_ws/install/dynamixel_sdk_custom_interfaces/include/dynamixel_sdk_custom_interfaces/srv
[0.728s] -- Up-to-date: /home/mpcmeulensteen/blackboard_ws/install/dynamixel_sdk_custom_interfaces/include/dynamixel_sdk_custom_interfaces/srv/detail
[0.728s] -- Up-to-date: /home/mpcmeulensteen/blackboard_ws/install/dynamixel_sdk_custom_interfaces/include/dynamixel_sdk_custom_interfaces/srv/detail/get_position__type_support.c
[0.728s] -- Up-to-date: /home/mpcmeulensteen/blackboard_ws/install/dynamixel_sdk_custom_interfaces/include/dynamixel_sdk_custom_interfaces/srv/detail/get_position__rosidl_typesupport_introspection_c.h
[0.728s] -- Up-to-date: /home/mpcmeulensteen/blackboard_ws/install/dynamixel_sdk_custom_interfaces/include/dynamixel_sdk_custom_interfaces/msg
[0.728s] -- Up-to-date: /home/mpcmeulensteen/blackboard_ws/install/dynamixel_sdk_custom_interfaces/include/dynamixel_sdk_custom_interfaces/msg/rosidl_typesupport_introspection_c__visibility_control.h
[0.728s] -- Up-to-date: /home/mpcmeulensteen/blackboard_ws/install/dynamixel_sdk_custom_interfaces/include/dynamixel_sdk_custom_interfaces/msg/detail
[0.728s] -- Up-to-date: /home/mpcmeulensteen/blackboard_ws/install/dynamixel_sdk_custom_interfaces/include/dynamixel_sdk_custom_interfaces/msg/detail/set_position__type_support.c
[0.728s] -- Up-to-date: /home/mpcmeulensteen/blackboard_ws/install/dynamixel_sdk_custom_interfaces/include/dynamixel_sdk_custom_interfaces/msg/detail/set_position__rosidl_typesupport_introspection_c.h
[0.730s] -- Up-to-date: /home/mpcmeulensteen/blackboard_ws/install/dynamixel_sdk_custom_interfaces/lib/libdynamixel_sdk_custom_interfaces__rosidl_typesupport_introspection_c.so
[0.731s] -- Up-to-date: /home/mpcmeulensteen/blackboard_ws/install/dynamixel_sdk_custom_interfaces/lib/libdynamixel_sdk_custom_interfaces__rosidl_typesupport_c.so
[0.731s] -- Up-to-date: /home/mpcmeulensteen/blackboard_ws/install/dynamixel_sdk_custom_interfaces/include/dynamixel_sdk_custom_interfaces
[0.733s] -- Up-to-date: /home/mpcmeulensteen/blackboard_ws/install/dynamixel_sdk_custom_interfaces/include/dynamixel_sdk_custom_interfaces/srv
[0.733s] -- Up-to-date: /home/mpcmeulensteen/blackboard_ws/install/dynamixel_sdk_custom_interfaces/include/dynamixel_sdk_custom_interfaces/srv/get_position.hpp
[0.733s] -- Up-to-date: /home/mpcmeulensteen/blackboard_ws/install/dynamixel_sdk_custom_interfaces/include/dynamixel_sdk_custom_interfaces/srv/detail
[0.734s] -- Up-to-date: /home/mpcmeulensteen/blackboard_ws/install/dynamixel_sdk_custom_interfaces/include/dynamixel_sdk_custom_interfaces/srv/detail/get_position__struct.hpp
[0.734s] -- Up-to-date: /home/mpcmeulensteen/blackboard_ws/install/dynamixel_sdk_custom_interfaces/include/dynamixel_sdk_custom_interfaces/srv/detail/get_position__traits.hpp
[0.734s] -- Up-to-date: /home/mpcmeulensteen/blackboard_ws/install/dynamixel_sdk_custom_interfaces/include/dynamixel_sdk_custom_interfaces/srv/detail/get_position__builder.hpp
[0.734s] -- Up-to-date: /home/mpcmeulensteen/blackboard_ws/install/dynamixel_sdk_custom_interfaces/include/dynamixel_sdk_custom_interfaces/msg
[0.734s] -- Up-to-date: /home/mpcmeulensteen/blackboard_ws/install/dynamixel_sdk_custom_interfaces/include/dynamixel_sdk_custom_interfaces/msg/set_position.hpp
[0.734s] -- Up-to-date: /home/mpcmeulensteen/blackboard_ws/install/dynamixel_sdk_custom_interfaces/include/dynamixel_sdk_custom_interfaces/msg/detail
[0.734s] -- Up-to-date: /home/mpcmeulensteen/blackboard_ws/install/dynamixel_sdk_custom_interfaces/include/dynamixel_sdk_custom_interfaces/msg/detail/set_position__struct.hpp
[0.735s] -- Up-to-date: /home/mpcmeulensteen/blackboard_ws/install/dynamixel_sdk_custom_interfaces/include/dynamixel_sdk_custom_interfaces/msg/detail/set_position__traits.hpp
[0.735s] -- Up-to-date: /home/mpcmeulensteen/blackboard_ws/install/dynamixel_sdk_custom_interfaces/include/dynamixel_sdk_custom_interfaces/msg/detail/set_position__builder.hpp
[0.735s] -- Up-to-date: /home/mpcmeulensteen/blackboard_ws/install/dynamixel_sdk_custom_interfaces/include/dynamixel_sdk_custom_interfaces
[0.735s] -- Up-to-date: /home/mpcmeulensteen/blackboard_ws/install/dynamixel_sdk_custom_interfaces/include/dynamixel_sdk_custom_interfaces/srv
[0.735s] -- Up-to-date: /home/mpcmeulensteen/blackboard_ws/install/dynamixel_sdk_custom_interfaces/include/dynamixel_sdk_custom_interfaces/srv/detail
[0.735s] -- Up-to-date: /home/mpcmeulensteen/blackboard_ws/install/dynamixel_sdk_custom_interfaces/include/dynamixel_sdk_custom_interfaces/srv/detail/get_position__type_support.cpp
[0.735s] -- Up-to-date: /home/mpcmeulensteen/blackboard_ws/install/dynamixel_sdk_custom_interfaces/include/dynamixel_sdk_custom_interfaces/srv/detail/get_position__rosidl_typesupport_introspection_cpp.hpp
[0.735s] -- Up-to-date: /home/mpcmeulensteen/blackboard_ws/install/dynamixel_sdk_custom_interfaces/include/dynamixel_sdk_custom_interfaces/msg
[0.735s] -- Up-to-date: /home/mpcmeulensteen/blackboard_ws/install/dynamixel_sdk_custom_interfaces/include/dynamixel_sdk_custom_interfaces/msg/detail
[0.736s] -- Up-to-date: /home/mpcmeulensteen/blackboard_ws/install/dynamixel_sdk_custom_interfaces/include/dynamixel_sdk_custom_interfaces/msg/detail/set_position__type_support.cpp
[0.736s] -- Up-to-date: /home/mpcmeulensteen/blackboard_ws/install/dynamixel_sdk_custom_interfaces/include/dynamixel_sdk_custom_interfaces/msg/detail/set_position__rosidl_typesupport_introspection_cpp.hpp
[0.737s] -- Up-to-date: /home/mpcmeulensteen/blackboard_ws/install/dynamixel_sdk_custom_interfaces/lib/libdynamixel_sdk_custom_interfaces__rosidl_typesupport_introspection_cpp.so
[0.737s] -- Up-to-date: /home/mpcmeulensteen/blackboard_ws/install/dynamixel_sdk_custom_interfaces/lib/libdynamixel_sdk_custom_interfaces__rosidl_typesupport_cpp.so
[0.738s] -- Up-to-date: /home/mpcmeulensteen/blackboard_ws/install/dynamixel_sdk_custom_interfaces/share/dynamixel_sdk_custom_interfaces/environment/pythonpath.sh
[0.738s] -- Up-to-date: /home/mpcmeulensteen/blackboard_ws/install/dynamixel_sdk_custom_interfaces/share/dynamixel_sdk_custom_interfaces/environment/pythonpath.dsv
[0.740s] -- Up-to-date: /home/mpcmeulensteen/blackboard_ws/install/dynamixel_sdk_custom_interfaces/lib/python3.8/site-packages/dynamixel_sdk_custom_interfaces/__init__.py
[0.797s] -- Up-to-date: /home/mpcmeulensteen/blackboard_ws/install/dynamixel_sdk_custom_interfaces/lib/python3.8/site-packages/dynamixel_sdk_custom_interfaces/msg
[0.798s] -- Up-to-date: /home/mpcmeulensteen/blackboard_ws/install/dynamixel_sdk_custom_interfaces/lib/python3.8/site-packages/dynamixel_sdk_custom_interfaces/msg/_set_position.py
[0.798s] -- Up-to-date: /home/mpcmeulensteen/blackboard_ws/install/dynamixel_sdk_custom_interfaces/lib/python3.8/site-packages/dynamixel_sdk_custom_interfaces/msg/_set_position_s.c
[0.798s] -- Up-to-date: /home/mpcmeulensteen/blackboard_ws/install/dynamixel_sdk_custom_interfaces/lib/python3.8/site-packages/dynamixel_sdk_custom_interfaces/msg/__init__.py
[0.798s] -- Up-to-date: /home/mpcmeulensteen/blackboard_ws/install/dynamixel_sdk_custom_interfaces/lib/python3.8/site-packages/dynamixel_sdk_custom_interfaces/srv
[0.800s] -- Up-to-date: /home/mpcmeulensteen/blackboard_ws/install/dynamixel_sdk_custom_interfaces/lib/python3.8/site-packages/dynamixel_sdk_custom_interfaces/srv/__init__.py
[0.800s] -- Up-to-date: /home/mpcmeulensteen/blackboard_ws/install/dynamixel_sdk_custom_interfaces/lib/python3.8/site-packages/dynamixel_sdk_custom_interfaces/srv/_get_position_s.c
[0.800s] -- Up-to-date: /home/mpcmeulensteen/blackboard_ws/install/dynamixel_sdk_custom_interfaces/lib/python3.8/site-packages/dynamixel_sdk_custom_interfaces/srv/_get_position.py
[0.803s] -- Up-to-date: /home/mpcmeulensteen/blackboard_ws/install/dynamixel_sdk_custom_interfaces/lib/python3.8/site-packages/dynamixel_sdk_custom_interfaces/dynamixel_sdk_custom_interfaces_s__rosidl_typesupport_fastrtps_c.cpython-38-x86_64-linux-gnu.so
[0.804s] -- Up-to-date: /home/mpcmeulensteen/blackboard_ws/install/dynamixel_sdk_custom_interfaces/lib/python3.8/site-packages/dynamixel_sdk_custom_interfaces/dynamixel_sdk_custom_interfaces_s__rosidl_typesupport_introspection_c.cpython-38-x86_64-linux-gnu.so
[0.814s] -- Up-to-date: /home/mpcmeulensteen/blackboard_ws/install/dynamixel_sdk_custom_interfaces/lib/python3.8/site-packages/dynamixel_sdk_custom_interfaces/dynamixel_sdk_custom_interfaces_s__rosidl_typesupport_c.cpython-38-x86_64-linux-gnu.so
[0.814s] -- Up-to-date: /home/mpcmeulensteen/blackboard_ws/install/dynamixel_sdk_custom_interfaces/lib/libdynamixel_sdk_custom_interfaces__python.so
[0.815s] -- Up-to-date: /home/mpcmeulensteen/blackboard_ws/install/dynamixel_sdk_custom_interfaces/share/dynamixel_sdk_custom_interfaces/msg/SetPosition.idl
[0.815s] -- Up-to-date: /home/mpcmeulensteen/blackboard_ws/install/dynamixel_sdk_custom_interfaces/share/dynamixel_sdk_custom_interfaces/srv/GetPosition.idl
[0.816s] -- Up-to-date: /home/mpcmeulensteen/blackboard_ws/install/dynamixel_sdk_custom_interfaces/share/dynamixel_sdk_custom_interfaces/msg/SetPosition.msg
[0.816s] -- Up-to-date: /home/mpcmeulensteen/blackboard_ws/install/dynamixel_sdk_custom_interfaces/share/dynamixel_sdk_custom_interfaces/srv/GetPosition.srv
[0.818s] -- Up-to-date: /home/mpcmeulensteen/blackboard_ws/install/dynamixel_sdk_custom_interfaces/share/dynamixel_sdk_custom_interfaces/srv/GetPosition_Request.msg
[0.821s] -- Up-to-date: /home/mpcmeulensteen/blackboard_ws/install/dynamixel_sdk_custom_interfaces/share/dynamixel_sdk_custom_interfaces/srv/GetPosition_Response.msg
[0.824s] -- Up-to-date: /home/mpcmeulensteen/blackboard_ws/install/dynamixel_sdk_custom_interfaces/share/ament_index/resource_index/package_run_dependencies/dynamixel_sdk_custom_interfaces
[0.825s] -- Up-to-date: /home/mpcmeulensteen/blackboard_ws/install/dynamixel_sdk_custom_interfaces/share/ament_index/resource_index/parent_prefix_path/dynamixel_sdk_custom_interfaces
[0.825s] -- Up-to-date: /home/mpcmeulensteen/blackboard_ws/install/dynamixel_sdk_custom_interfaces/share/dynamixel_sdk_custom_interfaces/environment/ament_prefix_path.sh
[0.825s] -- Up-to-date: /home/mpcmeulensteen/blackboard_ws/install/dynamixel_sdk_custom_interfaces/share/dynamixel_sdk_custom_interfaces/environment/ament_prefix_path.dsv
[0.826s] -- Up-to-date: /home/mpcmeulensteen/blackboard_ws/install/dynamixel_sdk_custom_interfaces/share/dynamixel_sdk_custom_interfaces/environment/path.sh
[0.826s] -- Up-to-date: /home/mpcmeulensteen/blackboard_ws/install/dynamixel_sdk_custom_interfaces/share/dynamixel_sdk_custom_interfaces/environment/path.dsv
[0.826s] -- Up-to-date: /home/mpcmeulensteen/blackboard_ws/install/dynamixel_sdk_custom_interfaces/share/dynamixel_sdk_custom_interfaces/local_setup.bash
[0.826s] -- Up-to-date: /home/mpcmeulensteen/blackboard_ws/install/dynamixel_sdk_custom_interfaces/share/dynamixel_sdk_custom_interfaces/local_setup.sh
[0.826s] -- Up-to-date: /home/mpcmeulensteen/blackboard_ws/install/dynamixel_sdk_custom_interfaces/share/dynamixel_sdk_custom_interfaces/local_setup.zsh
[0.826s] -- Up-to-date: /home/mpcmeulensteen/blackboard_ws/install/dynamixel_sdk_custom_interfaces/share/dynamixel_sdk_custom_interfaces/local_setup.dsv
[0.827s] -- Installing: /home/mpcmeulensteen/blackboard_ws/install/dynamixel_sdk_custom_interfaces/share/dynamixel_sdk_custom_interfaces/package.dsv
[0.827s] -- Up-to-date: /home/mpcmeulensteen/blackboard_ws/install/dynamixel_sdk_custom_interfaces/share/ament_index/resource_index/packages/dynamixel_sdk_custom_interfaces
[0.827s] -- Up-to-date: /home/mpcmeulensteen/blackboard_ws/install/dynamixel_sdk_custom_interfaces/share/dynamixel_sdk_custom_interfaces/cmake/dynamixel_sdk_custom_interfaces__rosidl_generator_cExport.cmake
[0.827s] -- Up-to-date: /home/mpcmeulensteen/blackboard_ws/install/dynamixel_sdk_custom_interfaces/share/dynamixel_sdk_custom_interfaces/cmake/dynamixel_sdk_custom_interfaces__rosidl_generator_cExport-noconfig.cmake
[0.827s] -- Up-to-date: /home/mpcmeulensteen/blackboard_ws/install/dynamixel_sdk_custom_interfaces/share/dynamixel_sdk_custom_interfaces/cmake/dynamixel_sdk_custom_interfaces__rosidl_typesupport_introspection_cExport.cmake
[0.827s] -- Up-to-date: /home/mpcmeulensteen/blackboard_ws/install/dynamixel_sdk_custom_interfaces/share/dynamixel_sdk_custom_interfaces/cmake/dynamixel_sdk_custom_interfaces__rosidl_typesupport_introspection_cExport-noconfig.cmake
[0.828s] -- Up-to-date: /home/mpcmeulensteen/blackboard_ws/install/dynamixel_sdk_custom_interfaces/share/dynamixel_sdk_custom_interfaces/cmake/dynamixel_sdk_custom_interfaces__rosidl_typesupport_cExport.cmake
[0.828s] -- Up-to-date: /home/mpcmeulensteen/blackboard_ws/install/dynamixel_sdk_custom_interfaces/share/dynamixel_sdk_custom_interfaces/cmake/dynamixel_sdk_custom_interfaces__rosidl_typesupport_cExport-noconfig.cmake
[0.828s] -- Up-to-date: /home/mpcmeulensteen/blackboard_ws/install/dynamixel_sdk_custom_interfaces/share/dynamixel_sdk_custom_interfaces/cmake/dynamixel_sdk_custom_interfaces__rosidl_generator_cppExport.cmake
[0.828s] -- Up-to-date: /home/mpcmeulensteen/blackboard_ws/install/dynamixel_sdk_custom_interfaces/share/dynamixel_sdk_custom_interfaces/cmake/dynamixel_sdk_custom_interfaces__rosidl_typesupport_introspection_cppExport.cmake
[0.828s] -- Up-to-date: /home/mpcmeulensteen/blackboard_ws/install/dynamixel_sdk_custom_interfaces/share/dynamixel_sdk_custom_interfaces/cmake/dynamixel_sdk_custom_interfaces__rosidl_typesupport_introspection_cppExport-noconfig.cmake
[0.830s] -- Up-to-date: /home/mpcmeulensteen/blackboard_ws/install/dynamixel_sdk_custom_interfaces/share/dynamixel_sdk_custom_interfaces/cmake/dynamixel_sdk_custom_interfaces__rosidl_typesupport_cppExport.cmake
[0.830s] -- Up-to-date: /home/mpcmeulensteen/blackboard_ws/install/dynamixel_sdk_custom_interfaces/share/dynamixel_sdk_custom_interfaces/cmake/dynamixel_sdk_custom_interfaces__rosidl_typesupport_cppExport-noconfig.cmake
[0.830s] -- Up-to-date: /home/mpcmeulensteen/blackboard_ws/install/dynamixel_sdk_custom_interfaces/share/dynamixel_sdk_custom_interfaces/cmake/rosidl_cmake-extras.cmake
[0.831s] -- Up-to-date: /home/mpcmeulensteen/blackboard_ws/install/dynamixel_sdk_custom_interfaces/share/dynamixel_sdk_custom_interfaces/cmake/ament_cmake_export_dependencies-extras.cmake
[0.831s] -- Up-to-date: /home/mpcmeulensteen/blackboard_ws/install/dynamixel_sdk_custom_interfaces/share/dynamixel_sdk_custom_interfaces/cmake/ament_cmake_export_libraries-extras.cmake
[0.831s] -- Up-to-date: /home/mpcmeulensteen/blackboard_ws/install/dynamixel_sdk_custom_interfaces/share/dynamixel_sdk_custom_interfaces/cmake/ament_cmake_export_targets-extras.cmake
[0.831s] -- Up-to-date: /home/mpcmeulensteen/blackboard_ws/install/dynamixel_sdk_custom_interfaces/share/dynamixel_sdk_custom_interfaces/cmake/ament_cmake_export_include_directories-extras.cmake
[0.832s] -- Up-to-date: /home/mpcmeulensteen/blackboard_ws/install/dynamixel_sdk_custom_interfaces/share/dynamixel_sdk_custom_interfaces/cmake/rosidl_cmake_export_typesupport_libraries-extras.cmake
[0.832s] -- Up-to-date: /home/mpcmeulensteen/blackboard_ws/install/dynamixel_sdk_custom_interfaces/share/dynamixel_sdk_custom_interfaces/cmake/rosidl_cmake_export_typesupport_targets-extras.cmake
[0.833s] -- Up-to-date: /home/mpcmeulensteen/blackboard_ws/install/dynamixel_sdk_custom_interfaces/share/dynamixel_sdk_custom_interfaces/cmake/dynamixel_sdk_custom_interfacesConfig.cmake
[0.833s] -- Up-to-date: /home/mpcmeulensteen/blackboard_ws/install/dynamixel_sdk_custom_interfaces/share/dynamixel_sdk_custom_interfaces/cmake/dynamixel_sdk_custom_interfacesConfig-version.cmake
[0.833s] -- Up-to-date: /home/mpcmeulensteen/blackboard_ws/install/dynamixel_sdk_custom_interfaces/share/dynamixel_sdk_custom_interfaces/package.xml
[0.835s] Invoked command in '/home/mpcmeulensteen/blackboard_ws/build/dynamixel_sdk_custom_interfaces' returned '0': CMAKE_PREFIX_PATH=/opt/ros/foxy /usr/bin/cmake --install /home/mpcmeulensteen/blackboard_ws/build/dynamixel_sdk_custom_interfaces
