[0.043s] Invoking command in '/home/mpcmeulensteen/blackboard_ws/build/turtlebot3_msgs': CMAKE_PREFIX_PATH=${CMAKE_PREFIX_PATH}:/home/mpcmeulensteen/blackboard_ws/install/turtlebot3_teleop:/home/mpcmeulensteen/blackboard_ws/install/turtlebot3_example:/home/mpcmeulensteen/turtlebot3_ws/install/turtlebot3_teleop:/home/mpcmeulensteen/turtlebot3_ws/install/turtlebot3_example:/home/mpcmeulensteen/colcon_ws/install/turtlebot3_teleop:/home/mpcmeulensteen/colcon_ws/install/turtlebot3_example:/opt/ros/foxy /usr/bin/cmake --build /home/mpcmeulensteen/blackboard_ws/build/turtlebot3_msgs -- -j2 -l2
[0.116s] [  1%] Built target turtlebot3_msgs__cpp
[0.143s] [ 12%] Built target turtlebot3_msgs__rosidl_generator_c
[0.165s] [ 23%] Built target turtlebot3_msgs__rosidl_typesupport_cpp
[0.208s] [ 35%] Built target turtlebot3_msgs__rosidl_typesupport_fastrtps_cpp
[0.219s] [ 46%] Built target turtlebot3_msgs__rosidl_typesupport_introspection_cpp
[0.243s] [ 57%] Built target turtlebot3_msgs__rosidl_typesupport_c
[0.265s] [ 69%] Built target turtlebot3_msgs__rosidl_typesupport_introspection_c
[0.292s] [ 80%] Built target turtlebot3_msgs__rosidl_typesupport_fastrtps_c
[0.341s] [ 80%] Built target turtlebot3_msgs
[0.372s] [ 81%] Built target turtlebot3_msgs__py
[0.442s] [ 91%] Built target turtlebot3_msgs__python
[0.486s] [ 94%] Built target turtlebot3_msgs__rosidl_typesupport_fastrtps_c__pyext
[0.498s] [ 97%] Built target turtlebot3_msgs__rosidl_typesupport_introspection_c__pyext
[0.548s] [100%] Built target turtlebot3_msgs__rosidl_typesupport_c__pyext
[0.578s] Invoked command in '/home/mpcmeulensteen/blackboard_ws/build/turtlebot3_msgs' returned '0': CMAKE_PREFIX_PATH=${CMAKE_PREFIX_PATH}:/home/mpcmeulensteen/blackboard_ws/install/turtlebot3_teleop:/home/mpcmeulensteen/blackboard_ws/install/turtlebot3_example:/home/mpcmeulensteen/turtlebot3_ws/install/turtlebot3_teleop:/home/mpcmeulensteen/turtlebot3_ws/install/turtlebot3_example:/home/mpcmeulensteen/colcon_ws/install/turtlebot3_teleop:/home/mpcmeulensteen/colcon_ws/install/turtlebot3_example:/opt/ros/foxy /usr/bin/cmake --build /home/mpcmeulensteen/blackboard_ws/build/turtlebot3_msgs -- -j2 -l2
[0.788s] Invoking command in '/home/mpcmeulensteen/blackboard_ws/build/turtlebot3_msgs': CMAKE_PREFIX_PATH=${CMAKE_PREFIX_PATH}:/home/mpcmeulensteen/blackboard_ws/install/turtlebot3_teleop:/home/mpcmeulensteen/blackboard_ws/install/turtlebot3_example:/home/mpcmeulensteen/turtlebot3_ws/install/turtlebot3_teleop:/home/mpcmeulensteen/turtlebot3_ws/install/turtlebot3_example:/home/mpcmeulensteen/colcon_ws/install/turtlebot3_teleop:/home/mpcmeulensteen/colcon_ws/install/turtlebot3_example:/opt/ros/foxy /usr/bin/cmake --install /home/mpcmeulensteen/blackboard_ws/build/turtlebot3_msgs
[0.808s] -- Install configuration: ""
[0.808s] -- Up-to-date: /home/mpcmeulensteen/blackboard_ws/install/turtlebot3_msgs/share/ament_index/resource_index/rosidl_interfaces/turtlebot3_msgs
[0.808s] -- Up-to-date: /home/mpcmeulensteen/blackboard_ws/install/turtlebot3_msgs/include/turtlebot3_msgs
[0.809s] -- Up-to-date: /home/mpcmeulensteen/blackboard_ws/install/turtlebot3_msgs/include/turtlebot3_msgs/action
[0.809s] -- Up-to-date: /home/mpcmeulensteen/blackboard_ws/install/turtlebot3_msgs/include/turtlebot3_msgs/action/detail
[0.809s] -- Up-to-date: /home/mpcmeulensteen/blackboard_ws/install/turtlebot3_msgs/include/turtlebot3_msgs/action/detail/patrol__type_support.h
[0.809s] -- Up-to-date: /home/mpcmeulensteen/blackboard_ws/install/turtlebot3_msgs/include/turtlebot3_msgs/action/detail/patrol__functions.c
[0.811s] -- Up-to-date: /home/mpcmeulensteen/blackboard_ws/install/turtlebot3_msgs/include/turtlebot3_msgs/action/detail/patrol__struct.h
[0.811s] -- Up-to-date: /home/mpcmeulensteen/blackboard_ws/install/turtlebot3_msgs/include/turtlebot3_msgs/action/detail/patrol__functions.h
[0.811s] -- Up-to-date: /home/mpcmeulensteen/blackboard_ws/install/turtlebot3_msgs/include/turtlebot3_msgs/action/patrol.h
[0.811s] -- Up-to-date: /home/mpcmeulensteen/blackboard_ws/install/turtlebot3_msgs/include/turtlebot3_msgs/srv
[0.811s] -- Up-to-date: /home/mpcmeulensteen/blackboard_ws/install/turtlebot3_msgs/include/turtlebot3_msgs/srv/detail
[0.811s] -- Up-to-date: /home/mpcmeulensteen/blackboard_ws/install/turtlebot3_msgs/include/turtlebot3_msgs/srv/detail/sound__functions.c
[0.811s] -- Up-to-date: /home/mpcmeulensteen/blackboard_ws/install/turtlebot3_msgs/include/turtlebot3_msgs/srv/detail/dqn__type_support.h
[0.811s] -- Up-to-date: /home/mpcmeulensteen/blackboard_ws/install/turtlebot3_msgs/include/turtlebot3_msgs/srv/detail/sound__functions.h
[0.811s] -- Up-to-date: /home/mpcmeulensteen/blackboard_ws/install/turtlebot3_msgs/include/turtlebot3_msgs/srv/detail/sound__struct.h
[0.811s] -- Up-to-date: /home/mpcmeulensteen/blackboard_ws/install/turtlebot3_msgs/include/turtlebot3_msgs/srv/detail/sound__type_support.h
[0.811s] -- Up-to-date: /home/mpcmeulensteen/blackboard_ws/install/turtlebot3_msgs/include/turtlebot3_msgs/srv/detail/dqn__functions.c
[0.811s] -- Up-to-date: /home/mpcmeulensteen/blackboard_ws/install/turtlebot3_msgs/include/turtlebot3_msgs/srv/detail/dqn__struct.h
[0.811s] -- Up-to-date: /home/mpcmeulensteen/blackboard_ws/install/turtlebot3_msgs/include/turtlebot3_msgs/srv/detail/dqn__functions.h
[0.811s] -- Up-to-date: /home/mpcmeulensteen/blackboard_ws/install/turtlebot3_msgs/include/turtlebot3_msgs/srv/dqn.h
[0.812s] -- Up-to-date: /home/mpcmeulensteen/blackboard_ws/install/turtlebot3_msgs/include/turtlebot3_msgs/srv/sound.h
[0.812s] -- Up-to-date: /home/mpcmeulensteen/blackboard_ws/install/turtlebot3_msgs/include/turtlebot3_msgs/msg
[0.812s] -- Up-to-date: /home/mpcmeulensteen/blackboard_ws/install/turtlebot3_msgs/include/turtlebot3_msgs/msg/sensor_state.h
[0.812s] -- Up-to-date: /home/mpcmeulensteen/blackboard_ws/install/turtlebot3_msgs/include/turtlebot3_msgs/msg/detail
[0.812s] -- Up-to-date: /home/mpcmeulensteen/blackboard_ws/install/turtlebot3_msgs/include/turtlebot3_msgs/msg/detail/sensor_state__functions.h
[0.812s] -- Up-to-date: /home/mpcmeulensteen/blackboard_ws/install/turtlebot3_msgs/include/turtlebot3_msgs/msg/detail/sound__functions.c
[0.812s] -- Up-to-date: /home/mpcmeulensteen/blackboard_ws/install/turtlebot3_msgs/include/turtlebot3_msgs/msg/detail/sound__functions.h
[0.812s] -- Up-to-date: /home/mpcmeulensteen/blackboard_ws/install/turtlebot3_msgs/include/turtlebot3_msgs/msg/detail/version_info__functions.h
[0.812s] -- Up-to-date: /home/mpcmeulensteen/blackboard_ws/install/turtlebot3_msgs/include/turtlebot3_msgs/msg/detail/sensor_state__struct.h
[0.812s] -- Up-to-date: /home/mpcmeulensteen/blackboard_ws/install/turtlebot3_msgs/include/turtlebot3_msgs/msg/detail/sound__struct.h
[0.812s] -- Up-to-date: /home/mpcmeulensteen/blackboard_ws/install/turtlebot3_msgs/include/turtlebot3_msgs/msg/detail/sound__type_support.h
[0.812s] -- Up-to-date: /home/mpcmeulensteen/blackboard_ws/install/turtlebot3_msgs/include/turtlebot3_msgs/msg/detail/sensor_state__functions.c
[0.812s] -- Up-to-date: /home/mpcmeulensteen/blackboard_ws/install/turtlebot3_msgs/include/turtlebot3_msgs/msg/detail/sensor_state__type_support.h
[0.812s] -- Up-to-date: /home/mpcmeulensteen/blackboard_ws/install/turtlebot3_msgs/include/turtlebot3_msgs/msg/detail/version_info__struct.h
[0.812s] -- Up-to-date: /home/mpcmeulensteen/blackboard_ws/install/turtlebot3_msgs/include/turtlebot3_msgs/msg/detail/version_info__type_support.h
[0.812s] -- Up-to-date: /home/mpcmeulensteen/blackboard_ws/install/turtlebot3_msgs/include/turtlebot3_msgs/msg/detail/version_info__functions.c
[0.813s] -- Up-to-date: /home/mpcmeulensteen/blackboard_ws/install/turtlebot3_msgs/include/turtlebot3_msgs/msg/version_info.h
[0.813s] -- Up-to-date: /home/mpcmeulensteen/blackboard_ws/install/turtlebot3_msgs/include/turtlebot3_msgs/msg/rosidl_generator_c__visibility_control.h
[0.813s] -- Up-to-date: /home/mpcmeulensteen/blackboard_ws/install/turtlebot3_msgs/include/turtlebot3_msgs/msg/sound.h
[0.813s] -- Up-to-date: /home/mpcmeulensteen/blackboard_ws/install/turtlebot3_msgs/share/turtlebot3_msgs/environment/library_path.sh
[0.813s] -- Up-to-date: /home/mpcmeulensteen/blackboard_ws/install/turtlebot3_msgs/share/turtlebot3_msgs/environment/library_path.dsv
[0.813s] -- Up-to-date: /home/mpcmeulensteen/blackboard_ws/install/turtlebot3_msgs/lib/libturtlebot3_msgs__rosidl_generator_c.so
[0.813s] -- Up-to-date: /home/mpcmeulensteen/blackboard_ws/install/turtlebot3_msgs/include/turtlebot3_msgs
[0.813s] -- Up-to-date: /home/mpcmeulensteen/blackboard_ws/install/turtlebot3_msgs/include/turtlebot3_msgs/action
[0.814s] -- Up-to-date: /home/mpcmeulensteen/blackboard_ws/install/turtlebot3_msgs/include/turtlebot3_msgs/action/detail
[0.814s] -- Up-to-date: /home/mpcmeulensteen/blackboard_ws/install/turtlebot3_msgs/include/turtlebot3_msgs/action/detail/patrol__rosidl_typesupport_fastrtps_c.h
[0.814s] -- Up-to-date: /home/mpcmeulensteen/blackboard_ws/install/turtlebot3_msgs/include/turtlebot3_msgs/srv
[0.814s] -- Up-to-date: /home/mpcmeulensteen/blackboard_ws/install/turtlebot3_msgs/include/turtlebot3_msgs/srv/detail
[0.814s] -- Up-to-date: /home/mpcmeulensteen/blackboard_ws/install/turtlebot3_msgs/include/turtlebot3_msgs/srv/detail/dqn__rosidl_typesupport_fastrtps_c.h
[0.814s] -- Up-to-date: /home/mpcmeulensteen/blackboard_ws/install/turtlebot3_msgs/include/turtlebot3_msgs/srv/detail/sound__rosidl_typesupport_fastrtps_c.h
[0.814s] -- Up-to-date: /home/mpcmeulensteen/blackboard_ws/install/turtlebot3_msgs/include/turtlebot3_msgs/msg
[0.814s] -- Up-to-date: /home/mpcmeulensteen/blackboard_ws/install/turtlebot3_msgs/include/turtlebot3_msgs/msg/detail
[0.814s] -- Up-to-date: /home/mpcmeulensteen/blackboard_ws/install/turtlebot3_msgs/include/turtlebot3_msgs/msg/detail/sensor_state__rosidl_typesupport_fastrtps_c.h
[0.814s] -- Up-to-date: /home/mpcmeulensteen/blackboard_ws/install/turtlebot3_msgs/include/turtlebot3_msgs/msg/detail/version_info__rosidl_typesupport_fastrtps_c.h
[0.814s] -- Up-to-date: /home/mpcmeulensteen/blackboard_ws/install/turtlebot3_msgs/include/turtlebot3_msgs/msg/detail/sound__rosidl_typesupport_fastrtps_c.h
[0.814s] -- Up-to-date: /home/mpcmeulensteen/blackboard_ws/install/turtlebot3_msgs/include/turtlebot3_msgs/msg/rosidl_typesupport_fastrtps_c__visibility_control.h
[0.814s] -- Up-to-date: /home/mpcmeulensteen/blackboard_ws/install/turtlebot3_msgs/lib/libturtlebot3_msgs__rosidl_typesupport_fastrtps_c.so
[0.815s] -- Up-to-date: /home/mpcmeulensteen/blackboard_ws/install/turtlebot3_msgs/include/turtlebot3_msgs
[0.815s] -- Up-to-date: /home/mpcmeulensteen/blackboard_ws/install/turtlebot3_msgs/include/turtlebot3_msgs/action
[0.815s] -- Up-to-date: /home/mpcmeulensteen/blackboard_ws/install/turtlebot3_msgs/include/turtlebot3_msgs/action/detail
[0.815s] -- Up-to-date: /home/mpcmeulensteen/blackboard_ws/install/turtlebot3_msgs/include/turtlebot3_msgs/action/detail/dds_fastrtps
[0.815s] -- Up-to-date: /home/mpcmeulensteen/blackboard_ws/install/turtlebot3_msgs/include/turtlebot3_msgs/action/detail/patrol__rosidl_typesupport_fastrtps_cpp.hpp
[0.815s] -- Up-to-date: /home/mpcmeulensteen/blackboard_ws/install/turtlebot3_msgs/include/turtlebot3_msgs/srv
[0.815s] -- Up-to-date: /home/mpcmeulensteen/blackboard_ws/install/turtlebot3_msgs/include/turtlebot3_msgs/srv/detail
[0.815s] -- Up-to-date: /home/mpcmeulensteen/blackboard_ws/install/turtlebot3_msgs/include/turtlebot3_msgs/srv/detail/dqn__rosidl_typesupport_fastrtps_cpp.hpp
[0.815s] -- Up-to-date: /home/mpcmeulensteen/blackboard_ws/install/turtlebot3_msgs/include/turtlebot3_msgs/srv/detail/dds_fastrtps
[0.815s] -- Up-to-date: /home/mpcmeulensteen/blackboard_ws/install/turtlebot3_msgs/include/turtlebot3_msgs/srv/detail/sound__rosidl_typesupport_fastrtps_cpp.hpp
[0.815s] -- Up-to-date: /home/mpcmeulensteen/blackboard_ws/install/turtlebot3_msgs/include/turtlebot3_msgs/msg
[0.815s] -- Up-to-date: /home/mpcmeulensteen/blackboard_ws/install/turtlebot3_msgs/include/turtlebot3_msgs/msg/detail
[0.815s] -- Up-to-date: /home/mpcmeulensteen/blackboard_ws/install/turtlebot3_msgs/include/turtlebot3_msgs/msg/detail/version_info__rosidl_typesupport_fastrtps_cpp.hpp
[0.817s] -- Up-to-date: /home/mpcmeulensteen/blackboard_ws/install/turtlebot3_msgs/include/turtlebot3_msgs/msg/detail/sensor_state__rosidl_typesupport_fastrtps_cpp.hpp
[0.817s] -- Up-to-date: /home/mpcmeulensteen/blackboard_ws/install/turtlebot3_msgs/include/turtlebot3_msgs/msg/detail/dds_fastrtps
[0.817s] -- Up-to-date: /home/mpcmeulensteen/blackboard_ws/install/turtlebot3_msgs/include/turtlebot3_msgs/msg/detail/sound__rosidl_typesupport_fastrtps_cpp.hpp
[0.817s] -- Up-to-date: /home/mpcmeulensteen/blackboard_ws/install/turtlebot3_msgs/include/turtlebot3_msgs/msg/rosidl_typesupport_fastrtps_cpp__visibility_control.h
[0.817s] -- Up-to-date: /home/mpcmeulensteen/blackboard_ws/install/turtlebot3_msgs/lib/libturtlebot3_msgs__rosidl_typesupport_fastrtps_cpp.so
[0.817s] -- Up-to-date: /home/mpcmeulensteen/blackboard_ws/install/turtlebot3_msgs/include/turtlebot3_msgs
[0.817s] -- Up-to-date: /home/mpcmeulensteen/blackboard_ws/install/turtlebot3_msgs/include/turtlebot3_msgs/action
[0.817s] -- Up-to-date: /home/mpcmeulensteen/blackboard_ws/install/turtlebot3_msgs/include/turtlebot3_msgs/action/detail
[0.817s] -- Up-to-date: /home/mpcmeulensteen/blackboard_ws/install/turtlebot3_msgs/include/turtlebot3_msgs/action/detail/patrol__rosidl_typesupport_introspection_c.h
[0.818s] -- Up-to-date: /home/mpcmeulensteen/blackboard_ws/install/turtlebot3_msgs/include/turtlebot3_msgs/action/detail/patrol__type_support.c
[0.818s] -- Up-to-date: /home/mpcmeulensteen/blackboard_ws/install/turtlebot3_msgs/include/turtlebot3_msgs/srv
[0.819s] -- Up-to-date: /home/mpcmeulensteen/blackboard_ws/install/turtlebot3_msgs/include/turtlebot3_msgs/srv/detail
[0.819s] -- Up-to-date: /home/mpcmeulensteen/blackboard_ws/install/turtlebot3_msgs/include/turtlebot3_msgs/srv/detail/dqn__type_support.c
[0.819s] -- Up-to-date: /home/mpcmeulensteen/blackboard_ws/install/turtlebot3_msgs/include/turtlebot3_msgs/srv/detail/dqn__rosidl_typesupport_introspection_c.h
[0.820s] -- Up-to-date: /home/mpcmeulensteen/blackboard_ws/install/turtlebot3_msgs/include/turtlebot3_msgs/srv/detail/sound__rosidl_typesupport_introspection_c.h
[0.820s] -- Up-to-date: /home/mpcmeulensteen/blackboard_ws/install/turtlebot3_msgs/include/turtlebot3_msgs/srv/detail/sound__type_support.c
[0.820s] -- Up-to-date: /home/mpcmeulensteen/blackboard_ws/install/turtlebot3_msgs/include/turtlebot3_msgs/msg
[0.820s] -- Up-to-date: /home/mpcmeulensteen/blackboard_ws/install/turtlebot3_msgs/include/turtlebot3_msgs/msg/detail
[0.823s] -- Up-to-date: /home/mpcmeulensteen/blackboard_ws/install/turtlebot3_msgs/include/turtlebot3_msgs/msg/detail/version_info__type_support.c
[0.824s] -- Up-to-date: /home/mpcmeulensteen/blackboard_ws/install/turtlebot3_msgs/include/turtlebot3_msgs/msg/detail/sensor_state__rosidl_typesupport_introspection_c.h
[0.824s] -- Up-to-date: /home/mpcmeulensteen/blackboard_ws/install/turtlebot3_msgs/include/turtlebot3_msgs/msg/detail/version_info__rosidl_typesupport_introspection_c.h
[0.824s] -- Up-to-date: /home/mpcmeulensteen/blackboard_ws/install/turtlebot3_msgs/include/turtlebot3_msgs/msg/detail/sound__rosidl_typesupport_introspection_c.h
[0.824s] -- Up-to-date: /home/mpcmeulensteen/blackboard_ws/install/turtlebot3_msgs/include/turtlebot3_msgs/msg/detail/sensor_state__type_support.c
[0.824s] -- Up-to-date: /home/mpcmeulensteen/blackboard_ws/install/turtlebot3_msgs/include/turtlebot3_msgs/msg/detail/sound__type_support.c
[0.824s] -- Up-to-date: /home/mpcmeulensteen/blackboard_ws/install/turtlebot3_msgs/include/turtlebot3_msgs/msg/rosidl_typesupport_introspection_c__visibility_control.h
[0.825s] -- Up-to-date: /home/mpcmeulensteen/blackboard_ws/install/turtlebot3_msgs/lib/libturtlebot3_msgs__rosidl_typesupport_introspection_c.so
[0.825s] -- Up-to-date: /home/mpcmeulensteen/blackboard_ws/install/turtlebot3_msgs/lib/libturtlebot3_msgs__rosidl_typesupport_c.so
[0.825s] -- Up-to-date: /home/mpcmeulensteen/blackboard_ws/install/turtlebot3_msgs/include/turtlebot3_msgs
[0.825s] -- Up-to-date: /home/mpcmeulensteen/blackboard_ws/install/turtlebot3_msgs/include/turtlebot3_msgs/action
[0.825s] -- Up-to-date: /home/mpcmeulensteen/blackboard_ws/install/turtlebot3_msgs/include/turtlebot3_msgs/action/detail
[0.825s] -- Up-to-date: /home/mpcmeulensteen/blackboard_ws/install/turtlebot3_msgs/include/turtlebot3_msgs/action/detail/patrol__builder.hpp
[0.825s] -- Up-to-date: /home/mpcmeulensteen/blackboard_ws/install/turtlebot3_msgs/include/turtlebot3_msgs/action/detail/patrol__traits.hpp
[0.825s] -- Up-to-date: /home/mpcmeulensteen/blackboard_ws/install/turtlebot3_msgs/include/turtlebot3_msgs/action/detail/patrol__struct.hpp
[0.825s] -- Up-to-date: /home/mpcmeulensteen/blackboard_ws/install/turtlebot3_msgs/include/turtlebot3_msgs/action/patrol.hpp
[0.825s] -- Up-to-date: /home/mpcmeulensteen/blackboard_ws/install/turtlebot3_msgs/include/turtlebot3_msgs/srv
[0.826s] -- Up-to-date: /home/mpcmeulensteen/blackboard_ws/install/turtlebot3_msgs/include/turtlebot3_msgs/srv/detail
[0.827s] -- Up-to-date: /home/mpcmeulensteen/blackboard_ws/install/turtlebot3_msgs/include/turtlebot3_msgs/srv/detail/dqn__traits.hpp
[0.827s] -- Up-to-date: /home/mpcmeulensteen/blackboard_ws/install/turtlebot3_msgs/include/turtlebot3_msgs/srv/detail/sound__traits.hpp
[0.828s] -- Up-to-date: /home/mpcmeulensteen/blackboard_ws/install/turtlebot3_msgs/include/turtlebot3_msgs/srv/detail/sound__builder.hpp
[0.828s] -- Up-to-date: /home/mpcmeulensteen/blackboard_ws/install/turtlebot3_msgs/include/turtlebot3_msgs/srv/detail/dqn__struct.hpp
[0.828s] -- Up-to-date: /home/mpcmeulensteen/blackboard_ws/install/turtlebot3_msgs/include/turtlebot3_msgs/srv/detail/sound__struct.hpp
[0.828s] -- Up-to-date: /home/mpcmeulensteen/blackboard_ws/install/turtlebot3_msgs/include/turtlebot3_msgs/srv/detail/dqn__builder.hpp
[0.828s] -- Up-to-date: /home/mpcmeulensteen/blackboard_ws/install/turtlebot3_msgs/include/turtlebot3_msgs/srv/dqn.hpp
[0.828s] -- Up-to-date: /home/mpcmeulensteen/blackboard_ws/install/turtlebot3_msgs/include/turtlebot3_msgs/srv/sound.hpp
[0.828s] -- Up-to-date: /home/mpcmeulensteen/blackboard_ws/install/turtlebot3_msgs/include/turtlebot3_msgs/msg
[0.828s] -- Up-to-date: /home/mpcmeulensteen/blackboard_ws/install/turtlebot3_msgs/include/turtlebot3_msgs/msg/version_info.hpp
[0.828s] -- Up-to-date: /home/mpcmeulensteen/blackboard_ws/install/turtlebot3_msgs/include/turtlebot3_msgs/msg/detail
[0.828s] -- Up-to-date: /home/mpcmeulensteen/blackboard_ws/install/turtlebot3_msgs/include/turtlebot3_msgs/msg/detail/sound__traits.hpp
[0.828s] -- Up-to-date: /home/mpcmeulensteen/blackboard_ws/install/turtlebot3_msgs/include/turtlebot3_msgs/msg/detail/sensor_state__traits.hpp
[0.828s] -- Up-to-date: /home/mpcmeulensteen/blackboard_ws/install/turtlebot3_msgs/include/turtlebot3_msgs/msg/detail/version_info__struct.hpp
[0.828s] -- Up-to-date: /home/mpcmeulensteen/blackboard_ws/install/turtlebot3_msgs/include/turtlebot3_msgs/msg/detail/version_info__traits.hpp
[0.828s] -- Up-to-date: /home/mpcmeulensteen/blackboard_ws/install/turtlebot3_msgs/include/turtlebot3_msgs/msg/detail/sensor_state__builder.hpp
[0.829s] -- Up-to-date: /home/mpcmeulensteen/blackboard_ws/install/turtlebot3_msgs/include/turtlebot3_msgs/msg/detail/version_info__builder.hpp
[0.829s] -- Up-to-date: /home/mpcmeulensteen/blackboard_ws/install/turtlebot3_msgs/include/turtlebot3_msgs/msg/detail/sound__builder.hpp
[0.829s] -- Up-to-date: /home/mpcmeulensteen/blackboard_ws/install/turtlebot3_msgs/include/turtlebot3_msgs/msg/detail/sound__struct.hpp
[0.829s] -- Up-to-date: /home/mpcmeulensteen/blackboard_ws/install/turtlebot3_msgs/include/turtlebot3_msgs/msg/detail/sensor_state__struct.hpp
[0.829s] -- Up-to-date: /home/mpcmeulensteen/blackboard_ws/install/turtlebot3_msgs/include/turtlebot3_msgs/msg/sensor_state.hpp
[0.829s] -- Up-to-date: /home/mpcmeulensteen/blackboard_ws/install/turtlebot3_msgs/include/turtlebot3_msgs/msg/sound.hpp
[0.829s] -- Up-to-date: /home/mpcmeulensteen/blackboard_ws/install/turtlebot3_msgs/include/turtlebot3_msgs
[0.829s] -- Up-to-date: /home/mpcmeulensteen/blackboard_ws/install/turtlebot3_msgs/include/turtlebot3_msgs/action
[0.829s] -- Up-to-date: /home/mpcmeulensteen/blackboard_ws/install/turtlebot3_msgs/include/turtlebot3_msgs/action/detail
[0.829s] -- Up-to-date: /home/mpcmeulensteen/blackboard_ws/install/turtlebot3_msgs/include/turtlebot3_msgs/action/detail/patrol__type_support.cpp
[0.831s] -- Up-to-date: /home/mpcmeulensteen/blackboard_ws/install/turtlebot3_msgs/include/turtlebot3_msgs/action/detail/patrol__rosidl_typesupport_introspection_cpp.hpp
[0.831s] -- Up-to-date: /home/mpcmeulensteen/blackboard_ws/install/turtlebot3_msgs/include/turtlebot3_msgs/srv
[0.831s] -- Up-to-date: /home/mpcmeulensteen/blackboard_ws/install/turtlebot3_msgs/include/turtlebot3_msgs/srv/detail
[0.831s] -- Up-to-date: /home/mpcmeulensteen/blackboard_ws/install/turtlebot3_msgs/include/turtlebot3_msgs/srv/detail/dqn__rosidl_typesupport_introspection_cpp.hpp
[0.831s] -- Up-to-date: /home/mpcmeulensteen/blackboard_ws/install/turtlebot3_msgs/include/turtlebot3_msgs/srv/detail/dqn__type_support.cpp
[0.831s] -- Up-to-date: /home/mpcmeulensteen/blackboard_ws/install/turtlebot3_msgs/include/turtlebot3_msgs/srv/detail/sound__rosidl_typesupport_introspection_cpp.hpp
[0.831s] -- Up-to-date: /home/mpcmeulensteen/blackboard_ws/install/turtlebot3_msgs/include/turtlebot3_msgs/srv/detail/sound__type_support.cpp
[0.832s] -- Up-to-date: /home/mpcmeulensteen/blackboard_ws/install/turtlebot3_msgs/include/turtlebot3_msgs/msg
[0.832s] -- Up-to-date: /home/mpcmeulensteen/blackboard_ws/install/turtlebot3_msgs/include/turtlebot3_msgs/msg/detail
[0.832s] -- Up-to-date: /home/mpcmeulensteen/blackboard_ws/install/turtlebot3_msgs/include/turtlebot3_msgs/msg/detail/sensor_state__type_support.cpp
[0.832s] -- Up-to-date: /home/mpcmeulensteen/blackboard_ws/install/turtlebot3_msgs/include/turtlebot3_msgs/msg/detail/version_info__rosidl_typesupport_introspection_cpp.hpp
[0.832s] -- Up-to-date: /home/mpcmeulensteen/blackboard_ws/install/turtlebot3_msgs/include/turtlebot3_msgs/msg/detail/version_info__type_support.cpp
[0.832s] -- Up-to-date: /home/mpcmeulensteen/blackboard_ws/install/turtlebot3_msgs/include/turtlebot3_msgs/msg/detail/sensor_state__rosidl_typesupport_introspection_cpp.hpp
[0.833s] -- Up-to-date: /home/mpcmeulensteen/blackboard_ws/install/turtlebot3_msgs/include/turtlebot3_msgs/msg/detail/sound__rosidl_typesupport_introspection_cpp.hpp
[0.833s] -- Up-to-date: /home/mpcmeulensteen/blackboard_ws/install/turtlebot3_msgs/include/turtlebot3_msgs/msg/detail/sound__type_support.cpp
[0.833s] -- Up-to-date: /home/mpcmeulensteen/blackboard_ws/install/turtlebot3_msgs/lib/libturtlebot3_msgs__rosidl_typesupport_introspection_cpp.so
[0.834s] -- Up-to-date: /home/mpcmeulensteen/blackboard_ws/install/turtlebot3_msgs/lib/libturtlebot3_msgs__rosidl_typesupport_cpp.so
[0.834s] -- Up-to-date: /home/mpcmeulensteen/blackboard_ws/install/turtlebot3_msgs/share/turtlebot3_msgs/environment/pythonpath.sh
[0.834s] -- Up-to-date: /home/mpcmeulensteen/blackboard_ws/install/turtlebot3_msgs/share/turtlebot3_msgs/environment/pythonpath.dsv
[0.834s] -- Up-to-date: /home/mpcmeulensteen/blackboard_ws/install/turtlebot3_msgs/lib/python3.8/site-packages/turtlebot3_msgs/__init__.py
[0.884s] -- Up-to-date: /home/mpcmeulensteen/blackboard_ws/install/turtlebot3_msgs/lib/python3.8/site-packages/turtlebot3_msgs/msg
[0.885s] -- Up-to-date: /home/mpcmeulensteen/blackboard_ws/install/turtlebot3_msgs/lib/python3.8/site-packages/turtlebot3_msgs/msg/_sensor_state.py
[0.885s] -- Up-to-date: /home/mpcmeulensteen/blackboard_ws/install/turtlebot3_msgs/lib/python3.8/site-packages/turtlebot3_msgs/msg/_sound_s.c
[0.885s] -- Up-to-date: /home/mpcmeulensteen/blackboard_ws/install/turtlebot3_msgs/lib/python3.8/site-packages/turtlebot3_msgs/msg/_sensor_state_s.c
[0.885s] -- Up-to-date: /home/mpcmeulensteen/blackboard_ws/install/turtlebot3_msgs/lib/python3.8/site-packages/turtlebot3_msgs/msg/_version_info.py
[0.885s] -- Up-to-date: /home/mpcmeulensteen/blackboard_ws/install/turtlebot3_msgs/lib/python3.8/site-packages/turtlebot3_msgs/msg/_version_info_s.c
[0.885s] -- Up-to-date: /home/mpcmeulensteen/blackboard_ws/install/turtlebot3_msgs/lib/python3.8/site-packages/turtlebot3_msgs/msg/_sound.py
[0.885s] -- Up-to-date: /home/mpcmeulensteen/blackboard_ws/install/turtlebot3_msgs/lib/python3.8/site-packages/turtlebot3_msgs/msg/__init__.py
[0.885s] -- Up-to-date: /home/mpcmeulensteen/blackboard_ws/install/turtlebot3_msgs/lib/python3.8/site-packages/turtlebot3_msgs/srv
[0.885s] -- Up-to-date: /home/mpcmeulensteen/blackboard_ws/install/turtlebot3_msgs/lib/python3.8/site-packages/turtlebot3_msgs/srv/_dqn.py
[0.885s] -- Up-to-date: /home/mpcmeulensteen/blackboard_ws/install/turtlebot3_msgs/lib/python3.8/site-packages/turtlebot3_msgs/srv/_sound_s.c
[0.885s] -- Up-to-date: /home/mpcmeulensteen/blackboard_ws/install/turtlebot3_msgs/lib/python3.8/site-packages/turtlebot3_msgs/srv/_dqn_s.c
[0.885s] -- Up-to-date: /home/mpcmeulensteen/blackboard_ws/install/turtlebot3_msgs/lib/python3.8/site-packages/turtlebot3_msgs/srv/_sound.py
[0.885s] -- Up-to-date: /home/mpcmeulensteen/blackboard_ws/install/turtlebot3_msgs/lib/python3.8/site-packages/turtlebot3_msgs/srv/__init__.py
[0.885s] -- Up-to-date: /home/mpcmeulensteen/blackboard_ws/install/turtlebot3_msgs/lib/python3.8/site-packages/turtlebot3_msgs/action
[0.885s] -- Up-to-date: /home/mpcmeulensteen/blackboard_ws/install/turtlebot3_msgs/lib/python3.8/site-packages/turtlebot3_msgs/action/_patrol_s.c
[0.886s] -- Up-to-date: /home/mpcmeulensteen/blackboard_ws/install/turtlebot3_msgs/lib/python3.8/site-packages/turtlebot3_msgs/action/__init__.py
[0.886s] -- Up-to-date: /home/mpcmeulensteen/blackboard_ws/install/turtlebot3_msgs/lib/python3.8/site-packages/turtlebot3_msgs/action/_patrol.py
[0.886s] -- Up-to-date: /home/mpcmeulensteen/blackboard_ws/install/turtlebot3_msgs/lib/python3.8/site-packages/turtlebot3_msgs/turtlebot3_msgs_s__rosidl_typesupport_fastrtps_c.cpython-38-x86_64-linux-gnu.so
[0.886s] -- Up-to-date: /home/mpcmeulensteen/blackboard_ws/install/turtlebot3_msgs/lib/python3.8/site-packages/turtlebot3_msgs/turtlebot3_msgs_s__rosidl_typesupport_introspection_c.cpython-38-x86_64-linux-gnu.so
[0.886s] -- Up-to-date: /home/mpcmeulensteen/blackboard_ws/install/turtlebot3_msgs/lib/python3.8/site-packages/turtlebot3_msgs/turtlebot3_msgs_s__rosidl_typesupport_c.cpython-38-x86_64-linux-gnu.so
[0.886s] -- Up-to-date: /home/mpcmeulensteen/blackboard_ws/install/turtlebot3_msgs/lib/libturtlebot3_msgs__python.so
[0.887s] -- Up-to-date: /home/mpcmeulensteen/blackboard_ws/install/turtlebot3_msgs/share/turtlebot3_msgs/msg/SensorState.idl
[0.887s] -- Up-to-date: /home/mpcmeulensteen/blackboard_ws/install/turtlebot3_msgs/share/turtlebot3_msgs/msg/Sound.idl
[0.887s] -- Up-to-date: /home/mpcmeulensteen/blackboard_ws/install/turtlebot3_msgs/share/turtlebot3_msgs/msg/VersionInfo.idl
[0.887s] -- Up-to-date: /home/mpcmeulensteen/blackboard_ws/install/turtlebot3_msgs/share/turtlebot3_msgs/srv/Sound.idl
[0.887s] -- Up-to-date: /home/mpcmeulensteen/blackboard_ws/install/turtlebot3_msgs/share/turtlebot3_msgs/srv/Dqn.idl
[0.887s] -- Up-to-date: /home/mpcmeulensteen/blackboard_ws/install/turtlebot3_msgs/share/turtlebot3_msgs/action/Patrol.idl
[0.887s] -- Up-to-date: /home/mpcmeulensteen/blackboard_ws/install/turtlebot3_msgs/share/turtlebot3_msgs/msg/SensorState.msg
[0.887s] -- Up-to-date: /home/mpcmeulensteen/blackboard_ws/install/turtlebot3_msgs/share/turtlebot3_msgs/msg/Sound.msg
[0.887s] -- Up-to-date: /home/mpcmeulensteen/blackboard_ws/install/turtlebot3_msgs/share/turtlebot3_msgs/msg/VersionInfo.msg
[0.888s] -- Up-to-date: /home/mpcmeulensteen/blackboard_ws/install/turtlebot3_msgs/share/turtlebot3_msgs/srv/Sound.srv
[0.888s] -- Up-to-date: /home/mpcmeulensteen/blackboard_ws/install/turtlebot3_msgs/share/turtlebot3_msgs/srv/Sound_Request.msg
[0.888s] -- Up-to-date: /home/mpcmeulensteen/blackboard_ws/install/turtlebot3_msgs/share/turtlebot3_msgs/srv/Sound_Response.msg
[0.888s] -- Up-to-date: /home/mpcmeulensteen/blackboard_ws/install/turtlebot3_msgs/share/turtlebot3_msgs/srv/Dqn.srv
[0.889s] -- Up-to-date: /home/mpcmeulensteen/blackboard_ws/install/turtlebot3_msgs/share/turtlebot3_msgs/srv/Dqn_Request.msg
[0.889s] -- Up-to-date: /home/mpcmeulensteen/blackboard_ws/install/turtlebot3_msgs/share/turtlebot3_msgs/srv/Dqn_Response.msg
[0.889s] -- Up-to-date: /home/mpcmeulensteen/blackboard_ws/install/turtlebot3_msgs/share/turtlebot3_msgs/action/Patrol.action
[0.889s] -- Up-to-date: /home/mpcmeulensteen/blackboard_ws/install/turtlebot3_msgs/share/ament_index/resource_index/package_run_dependencies/turtlebot3_msgs
[0.889s] -- Up-to-date: /home/mpcmeulensteen/blackboard_ws/install/turtlebot3_msgs/share/ament_index/resource_index/parent_prefix_path/turtlebot3_msgs
[0.889s] -- Up-to-date: /home/mpcmeulensteen/blackboard_ws/install/turtlebot3_msgs/share/turtlebot3_msgs/environment/ament_prefix_path.sh
[0.890s] -- Up-to-date: /home/mpcmeulensteen/blackboard_ws/install/turtlebot3_msgs/share/turtlebot3_msgs/environment/ament_prefix_path.dsv
[0.890s] -- Up-to-date: /home/mpcmeulensteen/blackboard_ws/install/turtlebot3_msgs/share/turtlebot3_msgs/environment/path.sh
[0.890s] -- Up-to-date: /home/mpcmeulensteen/blackboard_ws/install/turtlebot3_msgs/share/turtlebot3_msgs/environment/path.dsv
[0.890s] -- Up-to-date: /home/mpcmeulensteen/blackboard_ws/install/turtlebot3_msgs/share/turtlebot3_msgs/local_setup.bash
[0.890s] -- Up-to-date: /home/mpcmeulensteen/blackboard_ws/install/turtlebot3_msgs/share/turtlebot3_msgs/local_setup.sh
[0.890s] -- Up-to-date: /home/mpcmeulensteen/blackboard_ws/install/turtlebot3_msgs/share/turtlebot3_msgs/local_setup.zsh
[0.891s] -- Up-to-date: /home/mpcmeulensteen/blackboard_ws/install/turtlebot3_msgs/share/turtlebot3_msgs/local_setup.dsv
[0.891s] -- Installing: /home/mpcmeulensteen/blackboard_ws/install/turtlebot3_msgs/share/turtlebot3_msgs/package.dsv
[0.891s] -- Up-to-date: /home/mpcmeulensteen/blackboard_ws/install/turtlebot3_msgs/share/ament_index/resource_index/packages/turtlebot3_msgs
[0.891s] -- Up-to-date: /home/mpcmeulensteen/blackboard_ws/install/turtlebot3_msgs/share/turtlebot3_msgs/cmake/turtlebot3_msgs__rosidl_generator_cExport.cmake
[0.891s] -- Up-to-date: /home/mpcmeulensteen/blackboard_ws/install/turtlebot3_msgs/share/turtlebot3_msgs/cmake/turtlebot3_msgs__rosidl_generator_cExport-noconfig.cmake
[0.891s] -- Up-to-date: /home/mpcmeulensteen/blackboard_ws/install/turtlebot3_msgs/share/turtlebot3_msgs/cmake/turtlebot3_msgs__rosidl_typesupport_introspection_cExport.cmake
[0.891s] -- Up-to-date: /home/mpcmeulensteen/blackboard_ws/install/turtlebot3_msgs/share/turtlebot3_msgs/cmake/turtlebot3_msgs__rosidl_typesupport_introspection_cExport-noconfig.cmake
[0.891s] -- Up-to-date: /home/mpcmeulensteen/blackboard_ws/install/turtlebot3_msgs/share/turtlebot3_msgs/cmake/turtlebot3_msgs__rosidl_typesupport_cExport.cmake
[0.891s] -- Up-to-date: /home/mpcmeulensteen/blackboard_ws/install/turtlebot3_msgs/share/turtlebot3_msgs/cmake/turtlebot3_msgs__rosidl_typesupport_cExport-noconfig.cmake
[0.891s] -- Up-to-date: /home/mpcmeulensteen/blackboard_ws/install/turtlebot3_msgs/share/turtlebot3_msgs/cmake/turtlebot3_msgs__rosidl_generator_cppExport.cmake
[0.891s] -- Up-to-date: /home/mpcmeulensteen/blackboard_ws/install/turtlebot3_msgs/share/turtlebot3_msgs/cmake/turtlebot3_msgs__rosidl_typesupport_introspection_cppExport.cmake
[0.892s] -- Up-to-date: /home/mpcmeulensteen/blackboard_ws/install/turtlebot3_msgs/share/turtlebot3_msgs/cmake/turtlebot3_msgs__rosidl_typesupport_introspection_cppExport-noconfig.cmake
[0.892s] -- Up-to-date: /home/mpcmeulensteen/blackboard_ws/install/turtlebot3_msgs/share/turtlebot3_msgs/cmake/turtlebot3_msgs__rosidl_typesupport_cppExport.cmake
[0.892s] -- Up-to-date: /home/mpcmeulensteen/blackboard_ws/install/turtlebot3_msgs/share/turtlebot3_msgs/cmake/turtlebot3_msgs__rosidl_typesupport_cppExport-noconfig.cmake
[0.892s] -- Up-to-date: /home/mpcmeulensteen/blackboard_ws/install/turtlebot3_msgs/share/turtlebot3_msgs/cmake/rosidl_cmake-extras.cmake
[0.892s] -- Up-to-date: /home/mpcmeulensteen/blackboard_ws/install/turtlebot3_msgs/share/turtlebot3_msgs/cmake/ament_cmake_export_dependencies-extras.cmake
[0.892s] -- Up-to-date: /home/mpcmeulensteen/blackboard_ws/install/turtlebot3_msgs/share/turtlebot3_msgs/cmake/ament_cmake_export_libraries-extras.cmake
[0.892s] -- Up-to-date: /home/mpcmeulensteen/blackboard_ws/install/turtlebot3_msgs/share/turtlebot3_msgs/cmake/ament_cmake_export_targets-extras.cmake
[0.892s] -- Up-to-date: /home/mpcmeulensteen/blackboard_ws/install/turtlebot3_msgs/share/turtlebot3_msgs/cmake/ament_cmake_export_include_directories-extras.cmake
[0.893s] -- Up-to-date: /home/mpcmeulensteen/blackboard_ws/install/turtlebot3_msgs/share/turtlebot3_msgs/cmake/rosidl_cmake_export_typesupport_libraries-extras.cmake
[0.893s] -- Up-to-date: /home/mpcmeulensteen/blackboard_ws/install/turtlebot3_msgs/share/turtlebot3_msgs/cmake/rosidl_cmake_export_typesupport_targets-extras.cmake
[0.893s] -- Up-to-date: /home/mpcmeulensteen/blackboard_ws/install/turtlebot3_msgs/share/turtlebot3_msgs/cmake/turtlebot3_msgsConfig.cmake
[0.893s] -- Up-to-date: /home/mpcmeulensteen/blackboard_ws/install/turtlebot3_msgs/share/turtlebot3_msgs/cmake/turtlebot3_msgsConfig-version.cmake
[0.893s] -- Up-to-date: /home/mpcmeulensteen/blackboard_ws/install/turtlebot3_msgs/share/turtlebot3_msgs/package.xml
[0.898s] Invoked command in '/home/mpcmeulensteen/blackboard_ws/build/turtlebot3_msgs' returned '0': CMAKE_PREFIX_PATH=${CMAKE_PREFIX_PATH}:/home/mpcmeulensteen/blackboard_ws/install/turtlebot3_teleop:/home/mpcmeulensteen/blackboard_ws/install/turtlebot3_example:/home/mpcmeulensteen/turtlebot3_ws/install/turtlebot3_teleop:/home/mpcmeulensteen/turtlebot3_ws/install/turtlebot3_example:/home/mpcmeulensteen/colcon_ws/install/turtlebot3_teleop:/home/mpcmeulensteen/colcon_ws/install/turtlebot3_example:/opt/ros/foxy /usr/bin/cmake --install /home/mpcmeulensteen/blackboard_ws/build/turtlebot3_msgs
