[0.096s] Invoking command in '/home/mpcmeulensteen/blackboard_ws/build/map_msgs': CMAKE_PREFIX_PATH=${CMAKE_PREFIX_PATH}:/home/mpcmeulensteen/blackboard_ws/install/turtlebot3_teleop:/home/mpcmeulensteen/blackboard_ws/install/turtlebot3_example:/home/mpcmeulensteen/blackboard_ws/install/ros2_blackboard:/home/mpcmeulensteen/turtlebot3_ws/install/turtlebot3_teleop:/home/mpcmeulensteen/turtlebot3_ws/install/turtlebot3_example:/home/mpcmeulensteen/colcon_ws/install/turtlebot3_teleop:/home/mpcmeulensteen/colcon_ws/install/turtlebot3_example:/opt/ros/foxy /usr/bin/cmake --build /home/mpcmeulensteen/blackboard_ws/build/map_msgs -- -j2 -l2
[0.290s] [  0%] Built target map_msgs__cpp
[0.317s] [ 12%] Built target map_msgs__rosidl_generator_c
[0.434s] [ 24%] Built target map_msgs__rosidl_typesupport_cpp
[0.494s] [ 35%] Built target map_msgs__rosidl_typesupport_fastrtps_cpp
[0.600s] [ 47%] Built target map_msgs__rosidl_typesupport_introspection_c
[0.631s] [ 58%] Built target map_msgs__rosidl_typesupport_c
[0.746s] [ 70%] Built target map_msgs__rosidl_typesupport_introspection_cpp
[0.778s] [ 82%] Built target map_msgs__rosidl_typesupport_fastrtps_c
[0.843s] [ 82%] Built target map_msgs
[0.925s] [ 83%] Built target map_msgs__py
[1.070s] [ 94%] Built target map_msgs__python
[1.181s] [ 96%] Built target map_msgs__rosidl_typesupport_introspection_c__pyext
[1.215s] [ 98%] Built target map_msgs__rosidl_typesupport_fastrtps_c__pyext
[1.268s] [100%] Built target map_msgs__rosidl_typesupport_c__pyext
[1.321s] Invoked command in '/home/mpcmeulensteen/blackboard_ws/build/map_msgs' returned '0': CMAKE_PREFIX_PATH=${CMAKE_PREFIX_PATH}:/home/mpcmeulensteen/blackboard_ws/install/turtlebot3_teleop:/home/mpcmeulensteen/blackboard_ws/install/turtlebot3_example:/home/mpcmeulensteen/blackboard_ws/install/ros2_blackboard:/home/mpcmeulensteen/turtlebot3_ws/install/turtlebot3_teleop:/home/mpcmeulensteen/turtlebot3_ws/install/turtlebot3_example:/home/mpcmeulensteen/colcon_ws/install/turtlebot3_teleop:/home/mpcmeulensteen/colcon_ws/install/turtlebot3_example:/opt/ros/foxy /usr/bin/cmake --build /home/mpcmeulensteen/blackboard_ws/build/map_msgs -- -j2 -l2
[1.975s] Invoking command in '/home/mpcmeulensteen/blackboard_ws/build/map_msgs': CMAKE_PREFIX_PATH=${CMAKE_PREFIX_PATH}:/home/mpcmeulensteen/blackboard_ws/install/turtlebot3_teleop:/home/mpcmeulensteen/blackboard_ws/install/turtlebot3_example:/home/mpcmeulensteen/blackboard_ws/install/ros2_blackboard:/home/mpcmeulensteen/turtlebot3_ws/install/turtlebot3_teleop:/home/mpcmeulensteen/turtlebot3_ws/install/turtlebot3_example:/home/mpcmeulensteen/colcon_ws/install/turtlebot3_teleop:/home/mpcmeulensteen/colcon_ws/install/turtlebot3_example:/opt/ros/foxy /usr/bin/cmake --install /home/mpcmeulensteen/blackboard_ws/build/map_msgs
[1.986s] -- Install configuration: ""
[1.986s] -- Up-to-date: /home/mpcmeulensteen/blackboard_ws/install/map_msgs/share/ament_index/resource_index/rosidl_interfaces/map_msgs
[1.987s] -- Up-to-date: /home/mpcmeulensteen/blackboard_ws/install/map_msgs/include/map_msgs
[1.987s] -- Up-to-date: /home/mpcmeulensteen/blackboard_ws/install/map_msgs/include/map_msgs/srv
[1.987s] -- Up-to-date: /home/mpcmeulensteen/blackboard_ws/install/map_msgs/include/map_msgs/srv/set_map_projections.h
[1.987s] -- Up-to-date: /home/mpcmeulensteen/blackboard_ws/install/map_msgs/include/map_msgs/srv/projected_maps_info.h
[1.987s] -- Up-to-date: /home/mpcmeulensteen/blackboard_ws/install/map_msgs/include/map_msgs/srv/detail
[1.988s] -- Up-to-date: /home/mpcmeulensteen/blackboard_ws/install/map_msgs/include/map_msgs/srv/detail/save_map__functions.c
[1.988s] -- Up-to-date: /home/mpcmeulensteen/blackboard_ws/install/map_msgs/include/map_msgs/srv/detail/projected_maps_info__functions.c
[1.988s] -- Up-to-date: /home/mpcmeulensteen/blackboard_ws/install/map_msgs/include/map_msgs/srv/detail/get_map_roi__type_support.h
[1.989s] -- Up-to-date: /home/mpcmeulensteen/blackboard_ws/install/map_msgs/include/map_msgs/srv/detail/get_point_map__functions.h
[1.989s] -- Up-to-date: /home/mpcmeulensteen/blackboard_ws/install/map_msgs/include/map_msgs/srv/detail/save_map__struct.h
[1.989s] -- Up-to-date: /home/mpcmeulensteen/blackboard_ws/install/map_msgs/include/map_msgs/srv/detail/set_map_projections__type_support.h
[1.989s] -- Up-to-date: /home/mpcmeulensteen/blackboard_ws/install/map_msgs/include/map_msgs/srv/detail/set_map_projections__functions.h
[1.989s] -- Up-to-date: /home/mpcmeulensteen/blackboard_ws/install/map_msgs/include/map_msgs/srv/detail/get_point_map_roi__functions.h
[1.989s] -- Up-to-date: /home/mpcmeulensteen/blackboard_ws/install/map_msgs/include/map_msgs/srv/detail/get_point_map_roi__functions.c
[1.990s] -- Up-to-date: /home/mpcmeulensteen/blackboard_ws/install/map_msgs/include/map_msgs/srv/detail/get_point_map__struct.h
[1.990s] -- Up-to-date: /home/mpcmeulensteen/blackboard_ws/install/map_msgs/include/map_msgs/srv/detail/set_map_projections__struct.h
[1.990s] -- Up-to-date: /home/mpcmeulensteen/blackboard_ws/install/map_msgs/include/map_msgs/srv/detail/get_point_map_roi__struct.h
[1.991s] -- Up-to-date: /home/mpcmeulensteen/blackboard_ws/install/map_msgs/include/map_msgs/srv/detail/get_point_map__functions.c
[1.991s] -- Up-to-date: /home/mpcmeulensteen/blackboard_ws/install/map_msgs/include/map_msgs/srv/detail/get_point_map__type_support.h
[1.991s] -- Up-to-date: /home/mpcmeulensteen/blackboard_ws/install/map_msgs/include/map_msgs/srv/detail/get_map_roi__struct.h
[1.991s] -- Up-to-date: /home/mpcmeulensteen/blackboard_ws/install/map_msgs/include/map_msgs/srv/detail/projected_maps_info__functions.h
[1.991s] -- Up-to-date: /home/mpcmeulensteen/blackboard_ws/install/map_msgs/include/map_msgs/srv/detail/save_map__type_support.h
[1.991s] -- Up-to-date: /home/mpcmeulensteen/blackboard_ws/install/map_msgs/include/map_msgs/srv/detail/get_map_roi__functions.c
[1.991s] -- Up-to-date: /home/mpcmeulensteen/blackboard_ws/install/map_msgs/include/map_msgs/srv/detail/get_map_roi__functions.h
[1.991s] -- Up-to-date: /home/mpcmeulensteen/blackboard_ws/install/map_msgs/include/map_msgs/srv/detail/projected_maps_info__struct.h
[1.992s] -- Up-to-date: /home/mpcmeulensteen/blackboard_ws/install/map_msgs/include/map_msgs/srv/detail/set_map_projections__functions.c
[1.992s] -- Up-to-date: /home/mpcmeulensteen/blackboard_ws/install/map_msgs/include/map_msgs/srv/detail/get_point_map_roi__type_support.h
[1.992s] -- Up-to-date: /home/mpcmeulensteen/blackboard_ws/install/map_msgs/include/map_msgs/srv/detail/projected_maps_info__type_support.h
[1.992s] -- Up-to-date: /home/mpcmeulensteen/blackboard_ws/install/map_msgs/include/map_msgs/srv/detail/save_map__functions.h
[1.992s] -- Up-to-date: /home/mpcmeulensteen/blackboard_ws/install/map_msgs/include/map_msgs/srv/get_map_roi.h
[1.992s] -- Up-to-date: /home/mpcmeulensteen/blackboard_ws/install/map_msgs/include/map_msgs/srv/save_map.h
[1.992s] -- Up-to-date: /home/mpcmeulensteen/blackboard_ws/install/map_msgs/include/map_msgs/srv/get_point_map.h
[1.992s] -- Up-to-date: /home/mpcmeulensteen/blackboard_ws/install/map_msgs/include/map_msgs/srv/get_point_map_roi.h
[1.992s] -- Up-to-date: /home/mpcmeulensteen/blackboard_ws/install/map_msgs/include/map_msgs/msg
[1.992s] -- Up-to-date: /home/mpcmeulensteen/blackboard_ws/install/map_msgs/include/map_msgs/msg/detail
[1.992s] -- Up-to-date: /home/mpcmeulensteen/blackboard_ws/install/map_msgs/include/map_msgs/msg/detail/point_cloud2_update__functions.h
[1.993s] -- Up-to-date: /home/mpcmeulensteen/blackboard_ws/install/map_msgs/include/map_msgs/msg/detail/point_cloud2_update__struct.h
[1.993s] -- Up-to-date: /home/mpcmeulensteen/blackboard_ws/install/map_msgs/include/map_msgs/msg/detail/projected_map__functions.h
[1.993s] -- Up-to-date: /home/mpcmeulensteen/blackboard_ws/install/map_msgs/include/map_msgs/msg/detail/projected_map__type_support.h
[1.993s] -- Up-to-date: /home/mpcmeulensteen/blackboard_ws/install/map_msgs/include/map_msgs/msg/detail/occupancy_grid_update__type_support.h
[1.993s] -- Up-to-date: /home/mpcmeulensteen/blackboard_ws/install/map_msgs/include/map_msgs/msg/detail/projected_map__struct.h
[1.993s] -- Up-to-date: /home/mpcmeulensteen/blackboard_ws/install/map_msgs/include/map_msgs/msg/detail/projected_map_info__functions.h
[1.993s] -- Up-to-date: /home/mpcmeulensteen/blackboard_ws/install/map_msgs/include/map_msgs/msg/detail/projected_map_info__functions.c
[1.993s] -- Up-to-date: /home/mpcmeulensteen/blackboard_ws/install/map_msgs/include/map_msgs/msg/detail/projected_map__functions.c
[1.993s] -- Up-to-date: /home/mpcmeulensteen/blackboard_ws/install/map_msgs/include/map_msgs/msg/detail/occupancy_grid_update__struct.h
[1.993s] -- Up-to-date: /home/mpcmeulensteen/blackboard_ws/install/map_msgs/include/map_msgs/msg/detail/point_cloud2_update__type_support.h
[1.993s] -- Up-to-date: /home/mpcmeulensteen/blackboard_ws/install/map_msgs/include/map_msgs/msg/detail/projected_map_info__struct.h
[1.993s] -- Up-to-date: /home/mpcmeulensteen/blackboard_ws/install/map_msgs/include/map_msgs/msg/detail/projected_map_info__type_support.h
[1.993s] -- Up-to-date: /home/mpcmeulensteen/blackboard_ws/install/map_msgs/include/map_msgs/msg/detail/occupancy_grid_update__functions.c
[1.993s] -- Up-to-date: /home/mpcmeulensteen/blackboard_ws/install/map_msgs/include/map_msgs/msg/detail/point_cloud2_update__functions.c
[1.994s] -- Up-to-date: /home/mpcmeulensteen/blackboard_ws/install/map_msgs/include/map_msgs/msg/detail/occupancy_grid_update__functions.h
[1.994s] -- Up-to-date: /home/mpcmeulensteen/blackboard_ws/install/map_msgs/include/map_msgs/msg/projected_map.h
[1.994s] -- Up-to-date: /home/mpcmeulensteen/blackboard_ws/install/map_msgs/include/map_msgs/msg/occupancy_grid_update.h
[1.994s] -- Up-to-date: /home/mpcmeulensteen/blackboard_ws/install/map_msgs/include/map_msgs/msg/projected_map_info.h
[1.994s] -- Up-to-date: /home/mpcmeulensteen/blackboard_ws/install/map_msgs/include/map_msgs/msg/point_cloud2_update.h
[1.994s] -- Up-to-date: /home/mpcmeulensteen/blackboard_ws/install/map_msgs/include/map_msgs/msg/rosidl_generator_c__visibility_control.h
[1.995s] -- Up-to-date: /home/mpcmeulensteen/blackboard_ws/install/map_msgs/share/map_msgs/environment/library_path.sh
[1.995s] -- Up-to-date: /home/mpcmeulensteen/blackboard_ws/install/map_msgs/share/map_msgs/environment/library_path.dsv
[1.995s] -- Up-to-date: /home/mpcmeulensteen/blackboard_ws/install/map_msgs/lib/libmap_msgs__rosidl_generator_c.so
[1.995s] -- Up-to-date: /home/mpcmeulensteen/blackboard_ws/install/map_msgs/include/map_msgs
[1.995s] -- Up-to-date: /home/mpcmeulensteen/blackboard_ws/install/map_msgs/include/map_msgs/srv
[1.995s] -- Up-to-date: /home/mpcmeulensteen/blackboard_ws/install/map_msgs/include/map_msgs/srv/detail
[1.995s] -- Up-to-date: /home/mpcmeulensteen/blackboard_ws/install/map_msgs/include/map_msgs/srv/detail/get_point_map_roi__rosidl_typesupport_fastrtps_c.h
[1.995s] -- Up-to-date: /home/mpcmeulensteen/blackboard_ws/install/map_msgs/include/map_msgs/srv/detail/get_map_roi__rosidl_typesupport_fastrtps_c.h
[1.995s] -- Up-to-date: /home/mpcmeulensteen/blackboard_ws/install/map_msgs/include/map_msgs/srv/detail/projected_maps_info__rosidl_typesupport_fastrtps_c.h
[1.995s] -- Up-to-date: /home/mpcmeulensteen/blackboard_ws/install/map_msgs/include/map_msgs/srv/detail/get_point_map__rosidl_typesupport_fastrtps_c.h
[1.995s] -- Up-to-date: /home/mpcmeulensteen/blackboard_ws/install/map_msgs/include/map_msgs/srv/detail/save_map__rosidl_typesupport_fastrtps_c.h
[1.996s] -- Up-to-date: /home/mpcmeulensteen/blackboard_ws/install/map_msgs/include/map_msgs/srv/detail/set_map_projections__rosidl_typesupport_fastrtps_c.h
[1.996s] -- Up-to-date: /home/mpcmeulensteen/blackboard_ws/install/map_msgs/include/map_msgs/msg
[1.996s] -- Up-to-date: /home/mpcmeulensteen/blackboard_ws/install/map_msgs/include/map_msgs/msg/detail
[1.996s] -- Up-to-date: /home/mpcmeulensteen/blackboard_ws/install/map_msgs/include/map_msgs/msg/detail/occupancy_grid_update__rosidl_typesupport_fastrtps_c.h
[1.996s] -- Up-to-date: /home/mpcmeulensteen/blackboard_ws/install/map_msgs/include/map_msgs/msg/detail/projected_map__rosidl_typesupport_fastrtps_c.h
[1.996s] -- Up-to-date: /home/mpcmeulensteen/blackboard_ws/install/map_msgs/include/map_msgs/msg/detail/point_cloud2_update__rosidl_typesupport_fastrtps_c.h
[1.996s] -- Up-to-date: /home/mpcmeulensteen/blackboard_ws/install/map_msgs/include/map_msgs/msg/detail/projected_map_info__rosidl_typesupport_fastrtps_c.h
[1.996s] -- Up-to-date: /home/mpcmeulensteen/blackboard_ws/install/map_msgs/include/map_msgs/msg/rosidl_typesupport_fastrtps_c__visibility_control.h
[1.996s] -- Up-to-date: /home/mpcmeulensteen/blackboard_ws/install/map_msgs/lib/libmap_msgs__rosidl_typesupport_fastrtps_c.so
[1.996s] -- Up-to-date: /home/mpcmeulensteen/blackboard_ws/install/map_msgs/include/map_msgs
[1.996s] -- Up-to-date: /home/mpcmeulensteen/blackboard_ws/install/map_msgs/include/map_msgs/srv
[1.996s] -- Up-to-date: /home/mpcmeulensteen/blackboard_ws/install/map_msgs/include/map_msgs/srv/detail
[1.998s] -- Up-to-date: /home/mpcmeulensteen/blackboard_ws/install/map_msgs/include/map_msgs/srv/detail/get_point_map_roi__rosidl_typesupport_fastrtps_cpp.hpp
[1.998s] -- Up-to-date: /home/mpcmeulensteen/blackboard_ws/install/map_msgs/include/map_msgs/srv/detail/set_map_projections__rosidl_typesupport_fastrtps_cpp.hpp
[1.998s] -- Up-to-date: /home/mpcmeulensteen/blackboard_ws/install/map_msgs/include/map_msgs/srv/detail/save_map__rosidl_typesupport_fastrtps_cpp.hpp
[1.999s] -- Up-to-date: /home/mpcmeulensteen/blackboard_ws/install/map_msgs/include/map_msgs/srv/detail/projected_maps_info__rosidl_typesupport_fastrtps_cpp.hpp
[1.999s] -- Up-to-date: /home/mpcmeulensteen/blackboard_ws/install/map_msgs/include/map_msgs/srv/detail/get_point_map__rosidl_typesupport_fastrtps_cpp.hpp
[1.999s] -- Up-to-date: /home/mpcmeulensteen/blackboard_ws/install/map_msgs/include/map_msgs/srv/detail/get_map_roi__rosidl_typesupport_fastrtps_cpp.hpp
[1.999s] -- Up-to-date: /home/mpcmeulensteen/blackboard_ws/install/map_msgs/include/map_msgs/srv/detail/dds_fastrtps
[1.999s] -- Up-to-date: /home/mpcmeulensteen/blackboard_ws/install/map_msgs/include/map_msgs/msg
[1.999s] -- Up-to-date: /home/mpcmeulensteen/blackboard_ws/install/map_msgs/include/map_msgs/msg/detail
[1.999s] -- Up-to-date: /home/mpcmeulensteen/blackboard_ws/install/map_msgs/include/map_msgs/msg/detail/projected_map__rosidl_typesupport_fastrtps_cpp.hpp
[1.999s] -- Up-to-date: /home/mpcmeulensteen/blackboard_ws/install/map_msgs/include/map_msgs/msg/detail/occupancy_grid_update__rosidl_typesupport_fastrtps_cpp.hpp
[1.999s] -- Up-to-date: /home/mpcmeulensteen/blackboard_ws/install/map_msgs/include/map_msgs/msg/detail/point_cloud2_update__rosidl_typesupport_fastrtps_cpp.hpp
[1.999s] -- Up-to-date: /home/mpcmeulensteen/blackboard_ws/install/map_msgs/include/map_msgs/msg/detail/dds_fastrtps
[1.999s] -- Up-to-date: /home/mpcmeulensteen/blackboard_ws/install/map_msgs/include/map_msgs/msg/detail/projected_map_info__rosidl_typesupport_fastrtps_cpp.hpp
[1.999s] -- Up-to-date: /home/mpcmeulensteen/blackboard_ws/install/map_msgs/include/map_msgs/msg/rosidl_typesupport_fastrtps_cpp__visibility_control.h
[2.000s] -- Up-to-date: /home/mpcmeulensteen/blackboard_ws/install/map_msgs/lib/libmap_msgs__rosidl_typesupport_fastrtps_cpp.so
[2.000s] -- Up-to-date: /home/mpcmeulensteen/blackboard_ws/install/map_msgs/include/map_msgs
[2.001s] -- Up-to-date: /home/mpcmeulensteen/blackboard_ws/install/map_msgs/include/map_msgs/srv
[2.001s] -- Up-to-date: /home/mpcmeulensteen/blackboard_ws/install/map_msgs/include/map_msgs/srv/detail
[2.001s] -- Up-to-date: /home/mpcmeulensteen/blackboard_ws/install/map_msgs/include/map_msgs/srv/detail/get_point_map_roi__rosidl_typesupport_introspection_c.h
[2.002s] -- Up-to-date: /home/mpcmeulensteen/blackboard_ws/install/map_msgs/include/map_msgs/srv/detail/projected_maps_info__type_support.c
[2.002s] -- Up-to-date: /home/mpcmeulensteen/blackboard_ws/install/map_msgs/include/map_msgs/srv/detail/get_point_map_roi__type_support.c
[2.002s] -- Up-to-date: /home/mpcmeulensteen/blackboard_ws/install/map_msgs/include/map_msgs/srv/detail/get_point_map__rosidl_typesupport_introspection_c.h
[2.002s] -- Up-to-date: /home/mpcmeulensteen/blackboard_ws/install/map_msgs/include/map_msgs/srv/detail/set_map_projections__type_support.c
[2.002s] -- Up-to-date: /home/mpcmeulensteen/blackboard_ws/install/map_msgs/include/map_msgs/srv/detail/save_map__type_support.c
[2.004s] -- Up-to-date: /home/mpcmeulensteen/blackboard_ws/install/map_msgs/include/map_msgs/srv/detail/projected_maps_info__rosidl_typesupport_introspection_c.h
[2.004s] -- Up-to-date: /home/mpcmeulensteen/blackboard_ws/install/map_msgs/include/map_msgs/srv/detail/get_map_roi__type_support.c
[2.004s] -- Up-to-date: /home/mpcmeulensteen/blackboard_ws/install/map_msgs/include/map_msgs/srv/detail/get_map_roi__rosidl_typesupport_introspection_c.h
[2.005s] -- Up-to-date: /home/mpcmeulensteen/blackboard_ws/install/map_msgs/include/map_msgs/srv/detail/set_map_projections__rosidl_typesupport_introspection_c.h
[2.005s] -- Up-to-date: /home/mpcmeulensteen/blackboard_ws/install/map_msgs/include/map_msgs/srv/detail/get_point_map__type_support.c
[2.005s] -- Up-to-date: /home/mpcmeulensteen/blackboard_ws/install/map_msgs/include/map_msgs/srv/detail/save_map__rosidl_typesupport_introspection_c.h
[2.005s] -- Up-to-date: /home/mpcmeulensteen/blackboard_ws/install/map_msgs/include/map_msgs/msg
[2.005s] -- Up-to-date: /home/mpcmeulensteen/blackboard_ws/install/map_msgs/include/map_msgs/msg/detail
[2.005s] -- Up-to-date: /home/mpcmeulensteen/blackboard_ws/install/map_msgs/include/map_msgs/msg/detail/projected_map__type_support.c
[2.005s] -- Up-to-date: /home/mpcmeulensteen/blackboard_ws/install/map_msgs/include/map_msgs/msg/detail/projected_map__rosidl_typesupport_introspection_c.h
[2.005s] -- Up-to-date: /home/mpcmeulensteen/blackboard_ws/install/map_msgs/include/map_msgs/msg/detail/projected_map_info__rosidl_typesupport_introspection_c.h
[2.005s] -- Up-to-date: /home/mpcmeulensteen/blackboard_ws/install/map_msgs/include/map_msgs/msg/detail/point_cloud2_update__type_support.c
[2.005s] -- Up-to-date: /home/mpcmeulensteen/blackboard_ws/install/map_msgs/include/map_msgs/msg/detail/occupancy_grid_update__rosidl_typesupport_introspection_c.h
[2.005s] -- Up-to-date: /home/mpcmeulensteen/blackboard_ws/install/map_msgs/include/map_msgs/msg/detail/point_cloud2_update__rosidl_typesupport_introspection_c.h
[2.005s] -- Up-to-date: /home/mpcmeulensteen/blackboard_ws/install/map_msgs/include/map_msgs/msg/detail/occupancy_grid_update__type_support.c
[2.009s] -- Up-to-date: /home/mpcmeulensteen/blackboard_ws/install/map_msgs/include/map_msgs/msg/detail/projected_map_info__type_support.c
[2.009s] -- Up-to-date: /home/mpcmeulensteen/blackboard_ws/install/map_msgs/include/map_msgs/msg/rosidl_typesupport_introspection_c__visibility_control.h
[2.009s] -- Up-to-date: /home/mpcmeulensteen/blackboard_ws/install/map_msgs/lib/libmap_msgs__rosidl_typesupport_introspection_c.so
[2.009s] -- Up-to-date: /home/mpcmeulensteen/blackboard_ws/install/map_msgs/lib/libmap_msgs__rosidl_typesupport_c.so
[2.009s] -- Up-to-date: /home/mpcmeulensteen/blackboard_ws/install/map_msgs/include/map_msgs
[2.010s] -- Up-to-date: /home/mpcmeulensteen/blackboard_ws/install/map_msgs/include/map_msgs/srv
[2.011s] -- Up-to-date: /home/mpcmeulensteen/blackboard_ws/install/map_msgs/include/map_msgs/srv/projected_maps_info.hpp
[2.011s] -- Up-to-date: /home/mpcmeulensteen/blackboard_ws/install/map_msgs/include/map_msgs/srv/detail
[2.012s] -- Up-to-date: /home/mpcmeulensteen/blackboard_ws/install/map_msgs/include/map_msgs/srv/detail/get_map_roi__traits.hpp
[2.012s] -- Up-to-date: /home/mpcmeulensteen/blackboard_ws/install/map_msgs/include/map_msgs/srv/detail/save_map__traits.hpp
[2.012s] -- Up-to-date: /home/mpcmeulensteen/blackboard_ws/install/map_msgs/include/map_msgs/srv/detail/get_point_map_roi__builder.hpp
[2.012s] -- Up-to-date: /home/mpcmeulensteen/blackboard_ws/install/map_msgs/include/map_msgs/srv/detail/projected_maps_info__builder.hpp
[2.012s] -- Up-to-date: /home/mpcmeulensteen/blackboard_ws/install/map_msgs/include/map_msgs/srv/detail/projected_maps_info__traits.hpp
[2.012s] -- Up-to-date: /home/mpcmeulensteen/blackboard_ws/install/map_msgs/include/map_msgs/srv/detail/get_point_map_roi__struct.hpp
[2.012s] -- Up-to-date: /home/mpcmeulensteen/blackboard_ws/install/map_msgs/include/map_msgs/srv/detail/set_map_projections__builder.hpp
[2.012s] -- Up-to-date: /home/mpcmeulensteen/blackboard_ws/install/map_msgs/include/map_msgs/srv/detail/save_map__struct.hpp
[2.013s] -- Up-to-date: /home/mpcmeulensteen/blackboard_ws/install/map_msgs/include/map_msgs/srv/detail/projected_maps_info__struct.hpp
[2.013s] -- Up-to-date: /home/mpcmeulensteen/blackboard_ws/install/map_msgs/include/map_msgs/srv/detail/get_point_map__traits.hpp
[2.013s] -- Up-to-date: /home/mpcmeulensteen/blackboard_ws/install/map_msgs/include/map_msgs/srv/detail/get_point_map__struct.hpp
[2.013s] -- Up-to-date: /home/mpcmeulensteen/blackboard_ws/install/map_msgs/include/map_msgs/srv/detail/get_map_roi__struct.hpp
[2.013s] -- Up-to-date: /home/mpcmeulensteen/blackboard_ws/install/map_msgs/include/map_msgs/srv/detail/get_map_roi__builder.hpp
[2.013s] -- Up-to-date: /home/mpcmeulensteen/blackboard_ws/install/map_msgs/include/map_msgs/srv/detail/set_map_projections__traits.hpp
[2.013s] -- Up-to-date: /home/mpcmeulensteen/blackboard_ws/install/map_msgs/include/map_msgs/srv/detail/get_point_map_roi__traits.hpp
[2.013s] -- Up-to-date: /home/mpcmeulensteen/blackboard_ws/install/map_msgs/include/map_msgs/srv/detail/save_map__builder.hpp
[2.013s] -- Up-to-date: /home/mpcmeulensteen/blackboard_ws/install/map_msgs/include/map_msgs/srv/detail/set_map_projections__struct.hpp
[2.013s] -- Up-to-date: /home/mpcmeulensteen/blackboard_ws/install/map_msgs/include/map_msgs/srv/detail/get_point_map__builder.hpp
[2.013s] -- Up-to-date: /home/mpcmeulensteen/blackboard_ws/install/map_msgs/include/map_msgs/srv/save_map.hpp
[2.013s] -- Up-to-date: /home/mpcmeulensteen/blackboard_ws/install/map_msgs/include/map_msgs/srv/set_map_projections.hpp
[2.013s] -- Up-to-date: /home/mpcmeulensteen/blackboard_ws/install/map_msgs/include/map_msgs/srv/get_map_roi.hpp
[2.015s] -- Up-to-date: /home/mpcmeulensteen/blackboard_ws/install/map_msgs/include/map_msgs/srv/get_point_map.hpp
[2.015s] -- Up-to-date: /home/mpcmeulensteen/blackboard_ws/install/map_msgs/include/map_msgs/srv/get_point_map_roi.hpp
[2.015s] -- Up-to-date: /home/mpcmeulensteen/blackboard_ws/install/map_msgs/include/map_msgs/msg
[2.015s] -- Up-to-date: /home/mpcmeulensteen/blackboard_ws/install/map_msgs/include/map_msgs/msg/detail
[2.015s] -- Up-to-date: /home/mpcmeulensteen/blackboard_ws/install/map_msgs/include/map_msgs/msg/detail/projected_map_info__traits.hpp
[2.015s] -- Up-to-date: /home/mpcmeulensteen/blackboard_ws/install/map_msgs/include/map_msgs/msg/detail/occupancy_grid_update__traits.hpp
[2.015s] -- Up-to-date: /home/mpcmeulensteen/blackboard_ws/install/map_msgs/include/map_msgs/msg/detail/occupancy_grid_update__builder.hpp
[2.015s] -- Up-to-date: /home/mpcmeulensteen/blackboard_ws/install/map_msgs/include/map_msgs/msg/detail/projected_map__traits.hpp
[2.017s] -- Up-to-date: /home/mpcmeulensteen/blackboard_ws/install/map_msgs/include/map_msgs/msg/detail/point_cloud2_update__builder.hpp
[2.017s] -- Up-to-date: /home/mpcmeulensteen/blackboard_ws/install/map_msgs/include/map_msgs/msg/detail/projected_map_info__builder.hpp
[2.017s] -- Up-to-date: /home/mpcmeulensteen/blackboard_ws/install/map_msgs/include/map_msgs/msg/detail/point_cloud2_update__struct.hpp
[2.017s] -- Up-to-date: /home/mpcmeulensteen/blackboard_ws/install/map_msgs/include/map_msgs/msg/detail/projected_map__builder.hpp
[2.017s] -- Up-to-date: /home/mpcmeulensteen/blackboard_ws/install/map_msgs/include/map_msgs/msg/detail/projected_map_info__struct.hpp
[2.017s] -- Up-to-date: /home/mpcmeulensteen/blackboard_ws/install/map_msgs/include/map_msgs/msg/detail/point_cloud2_update__traits.hpp
[2.018s] -- Up-to-date: /home/mpcmeulensteen/blackboard_ws/install/map_msgs/include/map_msgs/msg/detail/occupancy_grid_update__struct.hpp
[2.019s] -- Up-to-date: /home/mpcmeulensteen/blackboard_ws/install/map_msgs/include/map_msgs/msg/detail/projected_map__struct.hpp
[2.019s] -- Up-to-date: /home/mpcmeulensteen/blackboard_ws/install/map_msgs/include/map_msgs/msg/projected_map.hpp
[2.019s] -- Up-to-date: /home/mpcmeulensteen/blackboard_ws/install/map_msgs/include/map_msgs/msg/projected_map_info.hpp
[2.019s] -- Up-to-date: /home/mpcmeulensteen/blackboard_ws/install/map_msgs/include/map_msgs/msg/point_cloud2_update.hpp
[2.019s] -- Up-to-date: /home/mpcmeulensteen/blackboard_ws/install/map_msgs/include/map_msgs/msg/occupancy_grid_update.hpp
[2.019s] -- Up-to-date: /home/mpcmeulensteen/blackboard_ws/install/map_msgs/include/map_msgs
[2.019s] -- Up-to-date: /home/mpcmeulensteen/blackboard_ws/install/map_msgs/include/map_msgs/srv
[2.019s] -- Up-to-date: /home/mpcmeulensteen/blackboard_ws/install/map_msgs/include/map_msgs/srv/detail
[2.019s] -- Up-to-date: /home/mpcmeulensteen/blackboard_ws/install/map_msgs/include/map_msgs/srv/detail/set_map_projections__rosidl_typesupport_introspection_cpp.hpp
[2.019s] -- Up-to-date: /home/mpcmeulensteen/blackboard_ws/install/map_msgs/include/map_msgs/srv/detail/set_map_projections__type_support.cpp
[2.019s] -- Up-to-date: /home/mpcmeulensteen/blackboard_ws/install/map_msgs/include/map_msgs/srv/detail/get_map_roi__type_support.cpp
[2.019s] -- Up-to-date: /home/mpcmeulensteen/blackboard_ws/install/map_msgs/include/map_msgs/srv/detail/projected_maps_info__rosidl_typesupport_introspection_cpp.hpp
[2.019s] -- Up-to-date: /home/mpcmeulensteen/blackboard_ws/install/map_msgs/include/map_msgs/srv/detail/get_point_map__rosidl_typesupport_introspection_cpp.hpp
[2.020s] -- Up-to-date: /home/mpcmeulensteen/blackboard_ws/install/map_msgs/include/map_msgs/srv/detail/save_map__type_support.cpp
[2.020s] -- Up-to-date: /home/mpcmeulensteen/blackboard_ws/install/map_msgs/include/map_msgs/srv/detail/get_point_map_roi__type_support.cpp
[2.020s] -- Up-to-date: /home/mpcmeulensteen/blackboard_ws/install/map_msgs/include/map_msgs/srv/detail/get_point_map_roi__rosidl_typesupport_introspection_cpp.hpp
[2.020s] -- Up-to-date: /home/mpcmeulensteen/blackboard_ws/install/map_msgs/include/map_msgs/srv/detail/get_point_map__type_support.cpp
[2.021s] -- Up-to-date: /home/mpcmeulensteen/blackboard_ws/install/map_msgs/include/map_msgs/srv/detail/save_map__rosidl_typesupport_introspection_cpp.hpp
[2.021s] -- Up-to-date: /home/mpcmeulensteen/blackboard_ws/install/map_msgs/include/map_msgs/srv/detail/projected_maps_info__type_support.cpp
[2.021s] -- Up-to-date: /home/mpcmeulensteen/blackboard_ws/install/map_msgs/include/map_msgs/srv/detail/get_map_roi__rosidl_typesupport_introspection_cpp.hpp
[2.021s] -- Up-to-date: /home/mpcmeulensteen/blackboard_ws/install/map_msgs/include/map_msgs/msg
[2.021s] -- Up-to-date: /home/mpcmeulensteen/blackboard_ws/install/map_msgs/include/map_msgs/msg/detail
[2.021s] -- Up-to-date: /home/mpcmeulensteen/blackboard_ws/install/map_msgs/include/map_msgs/msg/detail/projected_map__rosidl_typesupport_introspection_cpp.hpp
[2.021s] -- Up-to-date: /home/mpcmeulensteen/blackboard_ws/install/map_msgs/include/map_msgs/msg/detail/projected_map_info__rosidl_typesupport_introspection_cpp.hpp
[2.021s] -- Up-to-date: /home/mpcmeulensteen/blackboard_ws/install/map_msgs/include/map_msgs/msg/detail/occupancy_grid_update__type_support.cpp
[2.021s] -- Up-to-date: /home/mpcmeulensteen/blackboard_ws/install/map_msgs/include/map_msgs/msg/detail/occupancy_grid_update__rosidl_typesupport_introspection_cpp.hpp
[2.022s] -- Up-to-date: /home/mpcmeulensteen/blackboard_ws/install/map_msgs/include/map_msgs/msg/detail/projected_map_info__type_support.cpp
[2.022s] -- Up-to-date: /home/mpcmeulensteen/blackboard_ws/install/map_msgs/include/map_msgs/msg/detail/point_cloud2_update__type_support.cpp
[2.022s] -- Up-to-date: /home/mpcmeulensteen/blackboard_ws/install/map_msgs/include/map_msgs/msg/detail/point_cloud2_update__rosidl_typesupport_introspection_cpp.hpp
[2.022s] -- Up-to-date: /home/mpcmeulensteen/blackboard_ws/install/map_msgs/include/map_msgs/msg/detail/projected_map__type_support.cpp
[2.022s] -- Up-to-date: /home/mpcmeulensteen/blackboard_ws/install/map_msgs/lib/libmap_msgs__rosidl_typesupport_introspection_cpp.so
[2.022s] -- Up-to-date: /home/mpcmeulensteen/blackboard_ws/install/map_msgs/lib/libmap_msgs__rosidl_typesupport_cpp.so
[2.022s] -- Up-to-date: /home/mpcmeulensteen/blackboard_ws/install/map_msgs/share/map_msgs/environment/pythonpath.sh
[2.022s] -- Up-to-date: /home/mpcmeulensteen/blackboard_ws/install/map_msgs/share/map_msgs/environment/pythonpath.dsv
[2.024s] -- Up-to-date: /home/mpcmeulensteen/blackboard_ws/install/map_msgs/lib/python3.8/site-packages/map_msgs/__init__.py
[2.120s] -- Up-to-date: /home/mpcmeulensteen/blackboard_ws/install/map_msgs/lib/python3.8/site-packages/map_msgs/msg
[2.120s] -- Up-to-date: /home/mpcmeulensteen/blackboard_ws/install/map_msgs/lib/python3.8/site-packages/map_msgs/msg/_point_cloud2_update_s.c
[2.121s] -- Up-to-date: /home/mpcmeulensteen/blackboard_ws/install/map_msgs/lib/python3.8/site-packages/map_msgs/msg/_occupancy_grid_update_s.c
[2.121s] -- Up-to-date: /home/mpcmeulensteen/blackboard_ws/install/map_msgs/lib/python3.8/site-packages/map_msgs/msg/_projected_map_s.c
[2.121s] -- Up-to-date: /home/mpcmeulensteen/blackboard_ws/install/map_msgs/lib/python3.8/site-packages/map_msgs/msg/_projected_map_info_s.c
[2.121s] -- Up-to-date: /home/mpcmeulensteen/blackboard_ws/install/map_msgs/lib/python3.8/site-packages/map_msgs/msg/_point_cloud2_update.py
[2.122s] -- Up-to-date: /home/mpcmeulensteen/blackboard_ws/install/map_msgs/lib/python3.8/site-packages/map_msgs/msg/_projected_map.py
[2.122s] -- Up-to-date: /home/mpcmeulensteen/blackboard_ws/install/map_msgs/lib/python3.8/site-packages/map_msgs/msg/_projected_map_info.py
[2.122s] -- Up-to-date: /home/mpcmeulensteen/blackboard_ws/install/map_msgs/lib/python3.8/site-packages/map_msgs/msg/__init__.py
[2.122s] -- Up-to-date: /home/mpcmeulensteen/blackboard_ws/install/map_msgs/lib/python3.8/site-packages/map_msgs/msg/_occupancy_grid_update.py
[2.123s] -- Up-to-date: /home/mpcmeulensteen/blackboard_ws/install/map_msgs/lib/python3.8/site-packages/map_msgs/srv
[2.123s] -- Up-to-date: /home/mpcmeulensteen/blackboard_ws/install/map_msgs/lib/python3.8/site-packages/map_msgs/srv/_projected_maps_info_s.c
[2.123s] -- Up-to-date: /home/mpcmeulensteen/blackboard_ws/install/map_msgs/lib/python3.8/site-packages/map_msgs/srv/_get_point_map.py
[2.123s] -- Up-to-date: /home/mpcmeulensteen/blackboard_ws/install/map_msgs/lib/python3.8/site-packages/map_msgs/srv/_save_map.py
[2.123s] -- Up-to-date: /home/mpcmeulensteen/blackboard_ws/install/map_msgs/lib/python3.8/site-packages/map_msgs/srv/_get_map_roi_s.c
[2.123s] -- Up-to-date: /home/mpcmeulensteen/blackboard_ws/install/map_msgs/lib/python3.8/site-packages/map_msgs/srv/_projected_maps_info.py
[2.125s] -- Up-to-date: /home/mpcmeulensteen/blackboard_ws/install/map_msgs/lib/python3.8/site-packages/map_msgs/srv/__init__.py
[2.130s] -- Up-to-date: /home/mpcmeulensteen/blackboard_ws/install/map_msgs/lib/python3.8/site-packages/map_msgs/srv/_set_map_projections.py
[2.130s] -- Up-to-date: /home/mpcmeulensteen/blackboard_ws/install/map_msgs/lib/python3.8/site-packages/map_msgs/srv/_save_map_s.c
[2.131s] -- Up-to-date: /home/mpcmeulensteen/blackboard_ws/install/map_msgs/lib/python3.8/site-packages/map_msgs/srv/_get_point_map_roi_s.c
[2.131s] -- Up-to-date: /home/mpcmeulensteen/blackboard_ws/install/map_msgs/lib/python3.8/site-packages/map_msgs/srv/_get_map_roi.py
[2.131s] -- Up-to-date: /home/mpcmeulensteen/blackboard_ws/install/map_msgs/lib/python3.8/site-packages/map_msgs/srv/_get_point_map_roi.py
[2.131s] -- Up-to-date: /home/mpcmeulensteen/blackboard_ws/install/map_msgs/lib/python3.8/site-packages/map_msgs/srv/_get_point_map_s.c
[2.131s] -- Up-to-date: /home/mpcmeulensteen/blackboard_ws/install/map_msgs/lib/python3.8/site-packages/map_msgs/srv/_set_map_projections_s.c
[2.131s] -- Up-to-date: /home/mpcmeulensteen/blackboard_ws/install/map_msgs/lib/python3.8/site-packages/map_msgs/map_msgs_s__rosidl_typesupport_fastrtps_c.cpython-38-x86_64-linux-gnu.so
[2.132s] -- Up-to-date: /home/mpcmeulensteen/blackboard_ws/install/map_msgs/lib/python3.8/site-packages/map_msgs/map_msgs_s__rosidl_typesupport_introspection_c.cpython-38-x86_64-linux-gnu.so
[2.132s] -- Up-to-date: /home/mpcmeulensteen/blackboard_ws/install/map_msgs/lib/python3.8/site-packages/map_msgs/map_msgs_s__rosidl_typesupport_c.cpython-38-x86_64-linux-gnu.so
[2.133s] -- Up-to-date: /home/mpcmeulensteen/blackboard_ws/install/map_msgs/lib/libmap_msgs__python.so
[2.133s] -- Up-to-date: /home/mpcmeulensteen/blackboard_ws/install/map_msgs/share/map_msgs/msg/OccupancyGridUpdate.idl
[2.134s] -- Up-to-date: /home/mpcmeulensteen/blackboard_ws/install/map_msgs/share/map_msgs/msg/PointCloud2Update.idl
[2.134s] -- Up-to-date: /home/mpcmeulensteen/blackboard_ws/install/map_msgs/share/map_msgs/msg/ProjectedMapInfo.idl
[2.134s] -- Up-to-date: /home/mpcmeulensteen/blackboard_ws/install/map_msgs/share/map_msgs/msg/ProjectedMap.idl
[2.134s] -- Up-to-date: /home/mpcmeulensteen/blackboard_ws/install/map_msgs/share/map_msgs/srv/GetMapROI.idl
[2.135s] -- Up-to-date: /home/mpcmeulensteen/blackboard_ws/install/map_msgs/share/map_msgs/srv/GetPointMapROI.idl
[2.135s] -- Up-to-date: /home/mpcmeulensteen/blackboard_ws/install/map_msgs/share/map_msgs/srv/GetPointMap.idl
[2.135s] -- Up-to-date: /home/mpcmeulensteen/blackboard_ws/install/map_msgs/share/map_msgs/srv/ProjectedMapsInfo.idl
[2.135s] -- Up-to-date: /home/mpcmeulensteen/blackboard_ws/install/map_msgs/share/map_msgs/srv/SaveMap.idl
[2.135s] -- Up-to-date: /home/mpcmeulensteen/blackboard_ws/install/map_msgs/share/map_msgs/srv/SetMapProjections.idl
[2.138s] -- Up-to-date: /home/mpcmeulensteen/blackboard_ws/install/map_msgs/share/map_msgs/msg/OccupancyGridUpdate.msg
[2.138s] -- Up-to-date: /home/mpcmeulensteen/blackboard_ws/install/map_msgs/share/map_msgs/msg/PointCloud2Update.msg
[2.138s] -- Up-to-date: /home/mpcmeulensteen/blackboard_ws/install/map_msgs/share/map_msgs/msg/ProjectedMapInfo.msg
[2.138s] -- Up-to-date: /home/mpcmeulensteen/blackboard_ws/install/map_msgs/share/map_msgs/msg/ProjectedMap.msg
[2.139s] -- Up-to-date: /home/mpcmeulensteen/blackboard_ws/install/map_msgs/share/map_msgs/srv/GetMapROI.srv
[2.139s] -- Up-to-date: /home/mpcmeulensteen/blackboard_ws/install/map_msgs/share/map_msgs/srv/GetMapROI_Request.msg
[2.139s] -- Up-to-date: /home/mpcmeulensteen/blackboard_ws/install/map_msgs/share/map_msgs/srv/GetMapROI_Response.msg
[2.139s] -- Up-to-date: /home/mpcmeulensteen/blackboard_ws/install/map_msgs/share/map_msgs/srv/GetPointMapROI.srv
[2.139s] -- Up-to-date: /home/mpcmeulensteen/blackboard_ws/install/map_msgs/share/map_msgs/srv/GetPointMapROI_Request.msg
[2.143s] -- Up-to-date: /home/mpcmeulensteen/blackboard_ws/install/map_msgs/share/map_msgs/srv/GetPointMapROI_Response.msg
[2.144s] -- Up-to-date: /home/mpcmeulensteen/blackboard_ws/install/map_msgs/share/map_msgs/srv/GetPointMap.srv
[2.144s] -- Up-to-date: /home/mpcmeulensteen/blackboard_ws/install/map_msgs/share/map_msgs/srv/GetPointMap_Request.msg
[2.144s] -- Up-to-date: /home/mpcmeulensteen/blackboard_ws/install/map_msgs/share/map_msgs/srv/GetPointMap_Response.msg
[2.144s] -- Up-to-date: /home/mpcmeulensteen/blackboard_ws/install/map_msgs/share/map_msgs/srv/ProjectedMapsInfo.srv
[2.144s] -- Up-to-date: /home/mpcmeulensteen/blackboard_ws/install/map_msgs/share/map_msgs/srv/ProjectedMapsInfo_Request.msg
[2.144s] -- Up-to-date: /home/mpcmeulensteen/blackboard_ws/install/map_msgs/share/map_msgs/srv/ProjectedMapsInfo_Response.msg
[2.144s] -- Up-to-date: /home/mpcmeulensteen/blackboard_ws/install/map_msgs/share/map_msgs/srv/SaveMap.srv
[2.144s] -- Up-to-date: /home/mpcmeulensteen/blackboard_ws/install/map_msgs/share/map_msgs/srv/SaveMap_Request.msg
[2.145s] -- Up-to-date: /home/mpcmeulensteen/blackboard_ws/install/map_msgs/share/map_msgs/srv/SaveMap_Response.msg
[2.145s] -- Up-to-date: /home/mpcmeulensteen/blackboard_ws/install/map_msgs/share/map_msgs/srv/SetMapProjections.srv
[2.145s] -- Up-to-date: /home/mpcmeulensteen/blackboard_ws/install/map_msgs/share/map_msgs/srv/SetMapProjections_Request.msg
[2.145s] -- Up-to-date: /home/mpcmeulensteen/blackboard_ws/install/map_msgs/share/map_msgs/srv/SetMapProjections_Response.msg
[2.145s] -- Up-to-date: /home/mpcmeulensteen/blackboard_ws/install/map_msgs/share/ament_index/resource_index/package_run_dependencies/map_msgs
[2.146s] -- Up-to-date: /home/mpcmeulensteen/blackboard_ws/install/map_msgs/share/ament_index/resource_index/parent_prefix_path/map_msgs
[2.146s] -- Up-to-date: /home/mpcmeulensteen/blackboard_ws/install/map_msgs/share/map_msgs/environment/ament_prefix_path.sh
[2.146s] -- Up-to-date: /home/mpcmeulensteen/blackboard_ws/install/map_msgs/share/map_msgs/environment/ament_prefix_path.dsv
[2.146s] -- Up-to-date: /home/mpcmeulensteen/blackboard_ws/install/map_msgs/share/map_msgs/environment/path.sh
[2.146s] -- Up-to-date: /home/mpcmeulensteen/blackboard_ws/install/map_msgs/share/map_msgs/environment/path.dsv
[2.146s] -- Up-to-date: /home/mpcmeulensteen/blackboard_ws/install/map_msgs/share/map_msgs/local_setup.bash
[2.147s] -- Up-to-date: /home/mpcmeulensteen/blackboard_ws/install/map_msgs/share/map_msgs/local_setup.sh
[2.147s] -- Up-to-date: /home/mpcmeulensteen/blackboard_ws/install/map_msgs/share/map_msgs/local_setup.zsh
[2.147s] -- Up-to-date: /home/mpcmeulensteen/blackboard_ws/install/map_msgs/share/map_msgs/local_setup.dsv
[2.147s] -- Installing: /home/mpcmeulensteen/blackboard_ws/install/map_msgs/share/map_msgs/package.dsv
[2.147s] -- Up-to-date: /home/mpcmeulensteen/blackboard_ws/install/map_msgs/share/ament_index/resource_index/packages/map_msgs
[2.147s] -- Up-to-date: /home/mpcmeulensteen/blackboard_ws/install/map_msgs/share/map_msgs/cmake/map_msgs__rosidl_generator_cExport.cmake
[2.147s] -- Up-to-date: /home/mpcmeulensteen/blackboard_ws/install/map_msgs/share/map_msgs/cmake/map_msgs__rosidl_generator_cExport-noconfig.cmake
[2.147s] -- Up-to-date: /home/mpcmeulensteen/blackboard_ws/install/map_msgs/share/map_msgs/cmake/map_msgs__rosidl_typesupport_introspection_cExport.cmake
[2.147s] -- Up-to-date: /home/mpcmeulensteen/blackboard_ws/install/map_msgs/share/map_msgs/cmake/map_msgs__rosidl_typesupport_introspection_cExport-noconfig.cmake
[2.147s] -- Up-to-date: /home/mpcmeulensteen/blackboard_ws/install/map_msgs/share/map_msgs/cmake/map_msgs__rosidl_typesupport_cExport.cmake
[2.147s] -- Up-to-date: /home/mpcmeulensteen/blackboard_ws/install/map_msgs/share/map_msgs/cmake/map_msgs__rosidl_typesupport_cExport-noconfig.cmake
[2.148s] -- Up-to-date: /home/mpcmeulensteen/blackboard_ws/install/map_msgs/share/map_msgs/cmake/map_msgs__rosidl_generator_cppExport.cmake
[2.148s] -- Up-to-date: /home/mpcmeulensteen/blackboard_ws/install/map_msgs/share/map_msgs/cmake/map_msgs__rosidl_typesupport_introspection_cppExport.cmake
[2.148s] -- Up-to-date: /home/mpcmeulensteen/blackboard_ws/install/map_msgs/share/map_msgs/cmake/map_msgs__rosidl_typesupport_introspection_cppExport-noconfig.cmake
[2.148s] -- Up-to-date: /home/mpcmeulensteen/blackboard_ws/install/map_msgs/share/map_msgs/cmake/map_msgs__rosidl_typesupport_cppExport.cmake
[2.148s] -- Up-to-date: /home/mpcmeulensteen/blackboard_ws/install/map_msgs/share/map_msgs/cmake/map_msgs__rosidl_typesupport_cppExport-noconfig.cmake
[2.148s] -- Up-to-date: /home/mpcmeulensteen/blackboard_ws/install/map_msgs/share/map_msgs/cmake/rosidl_cmake-extras.cmake
[2.148s] -- Up-to-date: /home/mpcmeulensteen/blackboard_ws/install/map_msgs/share/map_msgs/cmake/ament_cmake_export_dependencies-extras.cmake
[2.152s] -- Up-to-date: /home/mpcmeulensteen/blackboard_ws/install/map_msgs/share/map_msgs/cmake/ament_cmake_export_libraries-extras.cmake
[2.152s] -- Up-to-date: /home/mpcmeulensteen/blackboard_ws/install/map_msgs/share/map_msgs/cmake/ament_cmake_export_targets-extras.cmake
[2.152s] -- Up-to-date: /home/mpcmeulensteen/blackboard_ws/install/map_msgs/share/map_msgs/cmake/ament_cmake_export_include_directories-extras.cmake
[2.152s] -- Up-to-date: /home/mpcmeulensteen/blackboard_ws/install/map_msgs/share/map_msgs/cmake/rosidl_cmake_export_typesupport_libraries-extras.cmake
[2.152s] -- Up-to-date: /home/mpcmeulensteen/blackboard_ws/install/map_msgs/share/map_msgs/cmake/rosidl_cmake_export_typesupport_targets-extras.cmake
[2.152s] -- Up-to-date: /home/mpcmeulensteen/blackboard_ws/install/map_msgs/share/map_msgs/cmake/map_msgsConfig.cmake
[2.153s] -- Up-to-date: /home/mpcmeulensteen/blackboard_ws/install/map_msgs/share/map_msgs/cmake/map_msgsConfig-version.cmake
[2.153s] -- Up-to-date: /home/mpcmeulensteen/blackboard_ws/install/map_msgs/share/map_msgs/package.xml
[2.166s] Invoked command in '/home/mpcmeulensteen/blackboard_ws/build/map_msgs' returned '0': CMAKE_PREFIX_PATH=${CMAKE_PREFIX_PATH}:/home/mpcmeulensteen/blackboard_ws/install/turtlebot3_teleop:/home/mpcmeulensteen/blackboard_ws/install/turtlebot3_example:/home/mpcmeulensteen/blackboard_ws/install/ros2_blackboard:/home/mpcmeulensteen/turtlebot3_ws/install/turtlebot3_teleop:/home/mpcmeulensteen/turtlebot3_ws/install/turtlebot3_example:/home/mpcmeulensteen/colcon_ws/install/turtlebot3_teleop:/home/mpcmeulensteen/colcon_ws/install/turtlebot3_example:/opt/ros/foxy /usr/bin/cmake --install /home/mpcmeulensteen/blackboard_ws/build/map_msgs
