[0.336s] Invoking command in '/home/mpcmeulensteen/blackboard_ws/src/navigation': PYTHONPATH=/home/mpcmeulensteen/blackboard_ws/install/navigation/lib/python3.8/site-packages:${PYTHONPATH} /usr/bin/python3 setup.py egg_info --egg-base ../../build/navigation build --build-base /home/mpcmeulensteen/blackboard_ws/build/navigation/build install --prefix /home/mpcmeulensteen/blackboard_ws/install/navigation --record /home/mpcmeulensteen/blackboard_ws/build/navigation/install.log --single-version-externally-managed
[0.605s] running egg_info
[0.606s] writing ../../build/navigation/navigation.egg-info/PKG-INFO
[0.608s] writing dependency_links to ../../build/navigation/navigation.egg-info/dependency_links.txt
[0.608s] writing entry points to ../../build/navigation/navigation.egg-info/entry_points.txt
[0.609s] writing requirements to ../../build/navigation/navigation.egg-info/requires.txt
[0.609s] writing top-level names to ../../build/navigation/navigation.egg-info/top_level.txt
[0.646s] reading manifest file '../../build/navigation/navigation.egg-info/SOURCES.txt'
[0.648s] writing manifest file '../../build/navigation/navigation.egg-info/SOURCES.txt'
[0.648s] running build
[0.649s] running build_py
[0.649s] running install
[0.654s] running install_lib
[0.656s] running install_data
[0.656s] copying launch/robot_state_publisher.launch.py -> /home/mpcmeulensteen/blackboard_ws/install/navigation/share/navigation
[0.657s] running install_egg_info
[0.659s] removing '/home/mpcmeulensteen/blackboard_ws/install/navigation/lib/python3.8/site-packages/navigation-0.0.0-py3.8.egg-info' (and everything under it)
[0.667s] Copying ../../build/navigation/navigation.egg-info to /home/mpcmeulensteen/blackboard_ws/install/navigation/lib/python3.8/site-packages/navigation-0.0.0-py3.8.egg-info
[0.668s] running install_scripts
[0.686s] writing list of installed files to '/home/mpcmeulensteen/blackboard_ws/build/navigation/install.log'
[0.708s] Invoked command in '/home/mpcmeulensteen/blackboard_ws/src/navigation' returned '0': PYTHONPATH=/home/mpcmeulensteen/blackboard_ws/install/navigation/lib/python3.8/site-packages:${PYTHONPATH} /usr/bin/python3 setup.py egg_info --egg-base ../../build/navigation build --build-base /home/mpcmeulensteen/blackboard_ws/build/navigation/build install --prefix /home/mpcmeulensteen/blackboard_ws/install/navigation --record /home/mpcmeulensteen/blackboard_ws/build/navigation/install.log --single-version-externally-managed
