[0.050s] Invoking command in '/home/mpcmeulensteen/blackboard_ws/build/turtlebot3_gazebo': CMAKE_PREFIX_PATH=/home/mpcmeulensteen/blackboard_ws/install/turtlebot3_description:/home/mpcmeulensteen/blackboard_ws/install/turtlebot3:/home/mpcmeulensteen/blackboard_ws/install/turtlebot3_simulations:/home/mpcmeulensteen/blackboard_ws/install/turtlebot3_bringup:/home/mpcmeulensteen/blackboard_ws/install/turtlebot3_node:/home/mpcmeulensteen/blackboard_ws/install/turtlebot3_navigation2:/home/mpcmeulensteen/blackboard_ws/install/turtlebot3_fake_node:/home/mpcmeulensteen/blackboard_ws/install/turtlebot3_msgs:/home/mpcmeulensteen/blackboard_ws/install/turtlebot3_gazebo:/home/mpcmeulensteen/blackboard_ws/install/turtlebot3_cartographer:/home/mpcmeulensteen/blackboard_ws/install/robot1:/home/mpcmeulensteen/blackboard_ws/install/python_qt_binding:/home/mpcmeulensteen/blackboard_ws/install/navigation_cartographer:/home/mpcmeulensteen/blackboard_ws/install/navigation:/home/mpcmeulensteen/blackboard_ws/install/navigate_robot_pkg:/home/mpcmeulensteen/blackboard_ws/install/move_base_msgs:/home/mpcmeulensteen/blackboard_ws/install/message_pkg:/home/mpcmeulensteen/blackboard_ws/install/map_msgs:/home/mpcmeulensteen/blackboard_ws/install/hls_lfcd_lds_driver:/home/mpcmeulensteen/blackboard_ws/install/dynamixel_sdk_examples:/home/mpcmeulensteen/blackboard_ws/install/dynamixel_sdk_custom_interfaces:/home/mpcmeulensteen/blackboard_ws/install/dynamixel_sdk:/home/mpcmeulensteen/blackboard_ws/install/blackboard:/home/mpcmeulensteen/blackboard_ws/install/bbinstance:/home/mpcmeulensteen/blackboard_ws/install/turtlebot3_teleop:/home/mpcmeulensteen/blackboard_ws/install/turtlebot3_example:/home/mpcmeulensteen/blackboard_ws/install/tf_transformations:/home/mpcmeulensteen/blackboard_ws/install/ros2_blackboard:/home/mpcmeulensteen/blackboard_ws/install/ros2_bbinstance:/opt/ros/foxy /usr/bin/cmake --build /home/mpcmeulensteen/blackboard_ws/build/turtlebot3_gazebo -- -j2 -l2
[0.399s] [ 25%] Built target obstacle2
[0.447s] [ 50%] Built target obstacles
[0.506s] [ 75%] Built target turtlebot3_drive
[0.568s] [100%] Built target obstacle1
[0.611s] Invoked command in '/home/mpcmeulensteen/blackboard_ws/build/turtlebot3_gazebo' returned '0': CMAKE_PREFIX_PATH=/home/mpcmeulensteen/blackboard_ws/install/turtlebot3_description:/home/mpcmeulensteen/blackboard_ws/install/turtlebot3:/home/mpcmeulensteen/blackboard_ws/install/turtlebot3_simulations:/home/mpcmeulensteen/blackboard_ws/install/turtlebot3_bringup:/home/mpcmeulensteen/blackboard_ws/install/turtlebot3_node:/home/mpcmeulensteen/blackboard_ws/install/turtlebot3_navigation2:/home/mpcmeulensteen/blackboard_ws/install/turtlebot3_fake_node:/home/mpcmeulensteen/blackboard_ws/install/turtlebot3_msgs:/home/mpcmeulensteen/blackboard_ws/install/turtlebot3_gazebo:/home/mpcmeulensteen/blackboard_ws/install/turtlebot3_cartographer:/home/mpcmeulensteen/blackboard_ws/install/robot1:/home/mpcmeulensteen/blackboard_ws/install/python_qt_binding:/home/mpcmeulensteen/blackboard_ws/install/navigation_cartographer:/home/mpcmeulensteen/blackboard_ws/install/navigation:/home/mpcmeulensteen/blackboard_ws/install/navigate_robot_pkg:/home/mpcmeulensteen/blackboard_ws/install/move_base_msgs:/home/mpcmeulensteen/blackboard_ws/install/message_pkg:/home/mpcmeulensteen/blackboard_ws/install/map_msgs:/home/mpcmeulensteen/blackboard_ws/install/hls_lfcd_lds_driver:/home/mpcmeulensteen/blackboard_ws/install/dynamixel_sdk_examples:/home/mpcmeulensteen/blackboard_ws/install/dynamixel_sdk_custom_interfaces:/home/mpcmeulensteen/blackboard_ws/install/dynamixel_sdk:/home/mpcmeulensteen/blackboard_ws/install/blackboard:/home/mpcmeulensteen/blackboard_ws/install/bbinstance:/home/mpcmeulensteen/blackboard_ws/install/turtlebot3_teleop:/home/mpcmeulensteen/blackboard_ws/install/turtlebot3_example:/home/mpcmeulensteen/blackboard_ws/install/tf_transformations:/home/mpcmeulensteen/blackboard_ws/install/ros2_blackboard:/home/mpcmeulensteen/blackboard_ws/install/ros2_bbinstance:/opt/ros/foxy /usr/bin/cmake --build /home/mpcmeulensteen/blackboard_ws/build/turtlebot3_gazebo -- -j2 -l2
[1.163s] Invoking command in '/home/mpcmeulensteen/blackboard_ws/build/turtlebot3_gazebo': CMAKE_PREFIX_PATH=/home/mpcmeulensteen/blackboard_ws/install/turtlebot3_description:/home/mpcmeulensteen/blackboard_ws/install/turtlebot3:/home/mpcmeulensteen/blackboard_ws/install/turtlebot3_simulations:/home/mpcmeulensteen/blackboard_ws/install/turtlebot3_bringup:/home/mpcmeulensteen/blackboard_ws/install/turtlebot3_node:/home/mpcmeulensteen/blackboard_ws/install/turtlebot3_navigation2:/home/mpcmeulensteen/blackboard_ws/install/turtlebot3_fake_node:/home/mpcmeulensteen/blackboard_ws/install/turtlebot3_msgs:/home/mpcmeulensteen/blackboard_ws/install/turtlebot3_gazebo:/home/mpcmeulensteen/blackboard_ws/install/turtlebot3_cartographer:/home/mpcmeulensteen/blackboard_ws/install/robot1:/home/mpcmeulensteen/blackboard_ws/install/python_qt_binding:/home/mpcmeulensteen/blackboard_ws/install/navigation_cartographer:/home/mpcmeulensteen/blackboard_ws/install/navigation:/home/mpcmeulensteen/blackboard_ws/install/navigate_robot_pkg:/home/mpcmeulensteen/blackboard_ws/install/move_base_msgs:/home/mpcmeulensteen/blackboard_ws/install/message_pkg:/home/mpcmeulensteen/blackboard_ws/install/map_msgs:/home/mpcmeulensteen/blackboard_ws/install/hls_lfcd_lds_driver:/home/mpcmeulensteen/blackboard_ws/install/dynamixel_sdk_examples:/home/mpcmeulensteen/blackboard_ws/install/dynamixel_sdk_custom_interfaces:/home/mpcmeulensteen/blackboard_ws/install/dynamixel_sdk:/home/mpcmeulensteen/blackboard_ws/install/blackboard:/home/mpcmeulensteen/blackboard_ws/install/bbinstance:/home/mpcmeulensteen/blackboard_ws/install/turtlebot3_teleop:/home/mpcmeulensteen/blackboard_ws/install/turtlebot3_example:/home/mpcmeulensteen/blackboard_ws/install/tf_transformations:/home/mpcmeulensteen/blackboard_ws/install/ros2_blackboard:/home/mpcmeulensteen/blackboard_ws/install/ros2_bbinstance:/opt/ros/foxy /usr/bin/cmake --install /home/mpcmeulensteen/blackboard_ws/build/turtlebot3_gazebo
[1.193s] -- Install configuration: ""
[1.193s] -- Up-to-date: /home/mpcmeulensteen/blackboard_ws/install/turtlebot3_gazebo/lib/turtlebot3_gazebo/turtlebot3_drive
[1.194s] -- Up-to-date: /home/mpcmeulensteen/blackboard_ws/install/turtlebot3_gazebo/share/turtlebot3_gazebo//launch
[1.200s] -- Up-to-date: /home/mpcmeulensteen/blackboard_ws/install/turtlebot3_gazebo/share/turtlebot3_gazebo//launch/empty_world.launch.py
[1.200s] -- Up-to-date: /home/mpcmeulensteen/blackboard_ws/install/turtlebot3_gazebo/share/turtlebot3_gazebo//launch/turtlebot3_autorace.launch.py
[1.204s] -- Up-to-date: /home/mpcmeulensteen/blackboard_ws/install/turtlebot3_gazebo/share/turtlebot3_gazebo//launch/turtlebot3_dqn_stage1.launch.py
[1.214s] -- Up-to-date: /home/mpcmeulensteen/blackboard_ws/install/turtlebot3_gazebo/share/turtlebot3_gazebo//launch/turtlebot3_house.launch.py
[1.214s] -- Up-to-date: /home/mpcmeulensteen/blackboard_ws/install/turtlebot3_gazebo/share/turtlebot3_gazebo//launch/turtlebot3_dqn_stage2.launch.py
[1.215s] -- Up-to-date: /home/mpcmeulensteen/blackboard_ws/install/turtlebot3_gazebo/share/turtlebot3_gazebo//launch/turtlebot3_dqn_stage4.launch.py
[1.215s] -- Up-to-date: /home/mpcmeulensteen/blackboard_ws/install/turtlebot3_gazebo/share/turtlebot3_gazebo//launch/turtlebot3_world.launch.py
[1.215s] -- Up-to-date: /home/mpcmeulensteen/blackboard_ws/install/turtlebot3_gazebo/share/turtlebot3_gazebo//launch/turtlebot3_dqn_stage3.launch.py
[1.216s] -- Up-to-date: /home/mpcmeulensteen/blackboard_ws/install/turtlebot3_gazebo/share/turtlebot3_gazebo//launch/robot_state_publisher.launch.py
[1.216s] -- Up-to-date: /home/mpcmeulensteen/blackboard_ws/install/turtlebot3_gazebo/share/turtlebot3_gazebo//models
[1.216s] -- Up-to-date: /home/mpcmeulensteen/blackboard_ws/install/turtlebot3_gazebo/share/turtlebot3_gazebo//models/turtlebot3_world
[1.217s] -- Up-to-date: /home/mpcmeulensteen/blackboard_ws/install/turtlebot3_gazebo/share/turtlebot3_gazebo//models/turtlebot3_world/meshes
[1.228s] -- Up-to-date: /home/mpcmeulensteen/blackboard_ws/install/turtlebot3_gazebo/share/turtlebot3_gazebo//models/turtlebot3_world/meshes/wall.dae
[1.233s] -- Up-to-date: /home/mpcmeulensteen/blackboard_ws/install/turtlebot3_gazebo/share/turtlebot3_gazebo//models/turtlebot3_world/meshes/hexagon.dae
[1.234s] -- Up-to-date: /home/mpcmeulensteen/blackboard_ws/install/turtlebot3_gazebo/share/turtlebot3_gazebo//models/turtlebot3_world/model-1_4.sdf
[1.235s] -- Up-to-date: /home/mpcmeulensteen/blackboard_ws/install/turtlebot3_gazebo/share/turtlebot3_gazebo//models/turtlebot3_world/model.config
[1.236s] -- Up-to-date: /home/mpcmeulensteen/blackboard_ws/install/turtlebot3_gazebo/share/turtlebot3_gazebo//models/turtlebot3_world/model.sdf
[1.236s] -- Up-to-date: /home/mpcmeulensteen/blackboard_ws/install/turtlebot3_gazebo/share/turtlebot3_gazebo//models/turtlebot3_waffle
[1.236s] -- Up-to-date: /home/mpcmeulensteen/blackboard_ws/install/turtlebot3_gazebo/share/turtlebot3_gazebo//models/turtlebot3_waffle/meshes
[1.239s] -- Up-to-date: /home/mpcmeulensteen/blackboard_ws/install/turtlebot3_gazebo/share/turtlebot3_gazebo//models/turtlebot3_waffle/meshes/lds.dae
[1.239s] -- Up-to-date: /home/mpcmeulensteen/blackboard_ws/install/turtlebot3_gazebo/share/turtlebot3_gazebo//models/turtlebot3_waffle/meshes/tire.dae
[1.239s] -- Up-to-date: /home/mpcmeulensteen/blackboard_ws/install/turtlebot3_gazebo/share/turtlebot3_gazebo//models/turtlebot3_waffle/meshes/r200.dae
[1.242s] -- Up-to-date: /home/mpcmeulensteen/blackboard_ws/install/turtlebot3_gazebo/share/turtlebot3_gazebo//models/turtlebot3_waffle/meshes/waffle_base.dae
[1.243s] -- Up-to-date: /home/mpcmeulensteen/blackboard_ws/install/turtlebot3_gazebo/share/turtlebot3_gazebo//models/turtlebot3_waffle/model-1_4.sdf
[1.243s] -- Up-to-date: /home/mpcmeulensteen/blackboard_ws/install/turtlebot3_gazebo/share/turtlebot3_gazebo//models/turtlebot3_waffle/model.config
[1.244s] -- Up-to-date: /home/mpcmeulensteen/blackboard_ws/install/turtlebot3_gazebo/share/turtlebot3_gazebo//models/turtlebot3_waffle/model.sdf
[1.245s] -- Up-to-date: /home/mpcmeulensteen/blackboard_ws/install/turtlebot3_gazebo/share/turtlebot3_gazebo//models/turtlebot3_dqn_world
[1.245s] -- Up-to-date: /home/mpcmeulensteen/blackboard_ws/install/turtlebot3_gazebo/share/turtlebot3_gazebo//models/turtlebot3_dqn_world/inner_walls
[1.245s] -- Up-to-date: /home/mpcmeulensteen/blackboard_ws/install/turtlebot3_gazebo/share/turtlebot3_gazebo//models/turtlebot3_dqn_world/inner_walls/model.config
[1.246s] -- Up-to-date: /home/mpcmeulensteen/blackboard_ws/install/turtlebot3_gazebo/share/turtlebot3_gazebo//models/turtlebot3_dqn_world/inner_walls/model.sdf
[1.248s] -- Up-to-date: /home/mpcmeulensteen/blackboard_ws/install/turtlebot3_gazebo/share/turtlebot3_gazebo//models/turtlebot3_dqn_world/model.config
[1.249s] -- Up-to-date: /home/mpcmeulensteen/blackboard_ws/install/turtlebot3_gazebo/share/turtlebot3_gazebo//models/turtlebot3_dqn_world/obstacles
[1.249s] -- Up-to-date: /home/mpcmeulensteen/blackboard_ws/install/turtlebot3_gazebo/share/turtlebot3_gazebo//models/turtlebot3_dqn_world/obstacles/model.config
[1.250s] -- Up-to-date: /home/mpcmeulensteen/blackboard_ws/install/turtlebot3_gazebo/share/turtlebot3_gazebo//models/turtlebot3_dqn_world/obstacles/model.sdf
[1.256s] -- Up-to-date: /home/mpcmeulensteen/blackboard_ws/install/turtlebot3_gazebo/share/turtlebot3_gazebo//models/turtlebot3_dqn_world/obstacle2
[1.257s] -- Up-to-date: /home/mpcmeulensteen/blackboard_ws/install/turtlebot3_gazebo/share/turtlebot3_gazebo//models/turtlebot3_dqn_world/obstacle2/model.config
[1.257s] -- Up-to-date: /home/mpcmeulensteen/blackboard_ws/install/turtlebot3_gazebo/share/turtlebot3_gazebo//models/turtlebot3_dqn_world/obstacle2/model.sdf
[1.258s] -- Up-to-date: /home/mpcmeulensteen/blackboard_ws/install/turtlebot3_gazebo/share/turtlebot3_gazebo//models/turtlebot3_dqn_world/goal_box
[1.258s] -- Up-to-date: /home/mpcmeulensteen/blackboard_ws/install/turtlebot3_gazebo/share/turtlebot3_gazebo//models/turtlebot3_dqn_world/goal_box/model.config
[1.259s] -- Up-to-date: /home/mpcmeulensteen/blackboard_ws/install/turtlebot3_gazebo/share/turtlebot3_gazebo//models/turtlebot3_dqn_world/goal_box/model.sdf
[1.259s] -- Up-to-date: /home/mpcmeulensteen/blackboard_ws/install/turtlebot3_gazebo/share/turtlebot3_gazebo//models/turtlebot3_dqn_world/obstacle1
[1.260s] -- Up-to-date: /home/mpcmeulensteen/blackboard_ws/install/turtlebot3_gazebo/share/turtlebot3_gazebo//models/turtlebot3_dqn_world/obstacle1/model.config
[1.261s] -- Up-to-date: /home/mpcmeulensteen/blackboard_ws/install/turtlebot3_gazebo/share/turtlebot3_gazebo//models/turtlebot3_dqn_world/obstacle1/model.sdf
[1.261s] -- Up-to-date: /home/mpcmeulensteen/blackboard_ws/install/turtlebot3_gazebo/share/turtlebot3_gazebo//models/turtlebot3_dqn_world/model.sdf
[1.261s] -- Up-to-date: /home/mpcmeulensteen/blackboard_ws/install/turtlebot3_gazebo/share/turtlebot3_gazebo//models/turtlebot3_dqn_world/obstacle_plugin
[1.262s] -- Up-to-date: /home/mpcmeulensteen/blackboard_ws/install/turtlebot3_gazebo/share/turtlebot3_gazebo//models/turtlebot3_dqn_world/obstacle_plugin/obstacle1.cc
[1.263s] -- Up-to-date: /home/mpcmeulensteen/blackboard_ws/install/turtlebot3_gazebo/share/turtlebot3_gazebo//models/turtlebot3_dqn_world/obstacle_plugin/CMakeLists.txt
[1.263s] -- Up-to-date: /home/mpcmeulensteen/blackboard_ws/install/turtlebot3_gazebo/share/turtlebot3_gazebo//models/turtlebot3_dqn_world/obstacle_plugin/obstacles.cc
[1.264s] -- Up-to-date: /home/mpcmeulensteen/blackboard_ws/install/turtlebot3_gazebo/share/turtlebot3_gazebo//models/turtlebot3_dqn_world/obstacle_plugin/obstacle2.cc
[1.270s] -- Up-to-date: /home/mpcmeulensteen/blackboard_ws/install/turtlebot3_gazebo/share/turtlebot3_gazebo//models/turtlebot3_burger
[1.271s] -- Up-to-date: /home/mpcmeulensteen/blackboard_ws/install/turtlebot3_gazebo/share/turtlebot3_gazebo//models/turtlebot3_burger/meshes
[1.271s] -- Up-to-date: /home/mpcmeulensteen/blackboard_ws/install/turtlebot3_gazebo/share/turtlebot3_gazebo//models/turtlebot3_burger/meshes/lds.dae
[1.271s] -- Up-to-date: /home/mpcmeulensteen/blackboard_ws/install/turtlebot3_gazebo/share/turtlebot3_gazebo//models/turtlebot3_burger/meshes/burger_base.dae
[1.272s] -- Up-to-date: /home/mpcmeulensteen/blackboard_ws/install/turtlebot3_gazebo/share/turtlebot3_gazebo//models/turtlebot3_burger/meshes/tire.dae
[1.272s] -- Up-to-date: /home/mpcmeulensteen/blackboard_ws/install/turtlebot3_gazebo/share/turtlebot3_gazebo//models/turtlebot3_burger/model-1_4.sdf
[1.273s] -- Up-to-date: /home/mpcmeulensteen/blackboard_ws/install/turtlebot3_gazebo/share/turtlebot3_gazebo//models/turtlebot3_burger/model.config
[1.273s] -- Up-to-date: /home/mpcmeulensteen/blackboard_ws/install/turtlebot3_gazebo/share/turtlebot3_gazebo//models/turtlebot3_burger/model.sdf
[1.273s] -- Up-to-date: /home/mpcmeulensteen/blackboard_ws/install/turtlebot3_gazebo/share/turtlebot3_gazebo//models/turtlebot3_waffle_pi
[1.274s] -- Up-to-date: /home/mpcmeulensteen/blackboard_ws/install/turtlebot3_gazebo/share/turtlebot3_gazebo//models/turtlebot3_waffle_pi/meshes
[1.274s] -- Up-to-date: /home/mpcmeulensteen/blackboard_ws/install/turtlebot3_gazebo/share/turtlebot3_gazebo//models/turtlebot3_waffle_pi/meshes/lds.dae
[1.279s] -- Up-to-date: /home/mpcmeulensteen/blackboard_ws/install/turtlebot3_gazebo/share/turtlebot3_gazebo//models/turtlebot3_waffle_pi/meshes/tire.dae
[1.279s] -- Up-to-date: /home/mpcmeulensteen/blackboard_ws/install/turtlebot3_gazebo/share/turtlebot3_gazebo//models/turtlebot3_waffle_pi/meshes/waffle_pi_base.dae
[1.279s] -- Up-to-date: /home/mpcmeulensteen/blackboard_ws/install/turtlebot3_gazebo/share/turtlebot3_gazebo//models/turtlebot3_waffle_pi/model-1_4_.sdf
[1.280s] -- Up-to-date: /home/mpcmeulensteen/blackboard_ws/install/turtlebot3_gazebo/share/turtlebot3_gazebo//models/turtlebot3_waffle_pi/model.config
[1.280s] -- Up-to-date: /home/mpcmeulensteen/blackboard_ws/install/turtlebot3_gazebo/share/turtlebot3_gazebo//models/turtlebot3_waffle_pi/model.sdf
[1.280s] -- Up-to-date: /home/mpcmeulensteen/blackboard_ws/install/turtlebot3_gazebo/share/turtlebot3_gazebo//models/turtlebot3_house
[1.282s] -- Up-to-date: /home/mpcmeulensteen/blackboard_ws/install/turtlebot3_gazebo/share/turtlebot3_gazebo//models/turtlebot3_house/model.config
[1.282s] -- Up-to-date: /home/mpcmeulensteen/blackboard_ws/install/turtlebot3_gazebo/share/turtlebot3_gazebo//models/turtlebot3_house/model.sdf
[1.283s] -- Up-to-date: /home/mpcmeulensteen/blackboard_ws/install/turtlebot3_gazebo/share/turtlebot3_gazebo//models/turtlebot3_autorace
[1.283s] -- Up-to-date: /home/mpcmeulensteen/blackboard_ws/install/turtlebot3_gazebo/share/turtlebot3_gazebo//models/turtlebot3_autorace/traffic_light_green
[1.283s] -- Up-to-date: /home/mpcmeulensteen/blackboard_ws/install/turtlebot3_gazebo/share/turtlebot3_gazebo//models/turtlebot3_autorace/traffic_light_green/model.config
[1.284s] -- Up-to-date: /home/mpcmeulensteen/blackboard_ws/install/turtlebot3_gazebo/share/turtlebot3_gazebo//models/turtlebot3_autorace/traffic_light_green/model.sdf
[1.284s] -- Up-to-date: /home/mpcmeulensteen/blackboard_ws/install/turtlebot3_gazebo/share/turtlebot3_gazebo//models/turtlebot3_autorace/tunnel_obstacles
[1.286s] -- Up-to-date: /home/mpcmeulensteen/blackboard_ws/install/turtlebot3_gazebo/share/turtlebot3_gazebo//models/turtlebot3_autorace/tunnel_obstacles/model.config
[1.286s] -- Up-to-date: /home/mpcmeulensteen/blackboard_ws/install/turtlebot3_gazebo/share/turtlebot3_gazebo//models/turtlebot3_autorace/tunnel_obstacles/model.sdf
[1.286s] -- Up-to-date: /home/mpcmeulensteen/blackboard_ws/install/turtlebot3_gazebo/share/turtlebot3_gazebo//models/turtlebot3_autorace/traffic_light_red
[1.287s] -- Up-to-date: /home/mpcmeulensteen/blackboard_ws/install/turtlebot3_gazebo/share/turtlebot3_gazebo//models/turtlebot3_autorace/traffic_light_red/model.config
[1.287s] -- Up-to-date: /home/mpcmeulensteen/blackboard_ws/install/turtlebot3_gazebo/share/turtlebot3_gazebo//models/turtlebot3_autorace/traffic_light_red/model.sdf
[1.290s] -- Up-to-date: /home/mpcmeulensteen/blackboard_ws/install/turtlebot3_gazebo/share/turtlebot3_gazebo//models/turtlebot3_autorace/model.config
[1.290s] -- Up-to-date: /home/mpcmeulensteen/blackboard_ws/install/turtlebot3_gazebo/share/turtlebot3_gazebo//models/turtlebot3_autorace/course
[1.290s] -- Up-to-date: /home/mpcmeulensteen/blackboard_ws/install/turtlebot3_gazebo/share/turtlebot3_gazebo//models/turtlebot3_autorace/course/model.config
[1.291s] -- Up-to-date: /home/mpcmeulensteen/blackboard_ws/install/turtlebot3_gazebo/share/turtlebot3_gazebo//models/turtlebot3_autorace/course/materials
[1.294s] -- Up-to-date: /home/mpcmeulensteen/blackboard_ws/install/turtlebot3_gazebo/share/turtlebot3_gazebo//models/turtlebot3_autorace/course/materials/scripts
[1.295s] -- Up-to-date: /home/mpcmeulensteen/blackboard_ws/install/turtlebot3_gazebo/share/turtlebot3_gazebo//models/turtlebot3_autorace/course/materials/scripts/course.material
[1.295s] -- Up-to-date: /home/mpcmeulensteen/blackboard_ws/install/turtlebot3_gazebo/share/turtlebot3_gazebo//models/turtlebot3_autorace/course/materials/textures
[1.295s] -- Up-to-date: /home/mpcmeulensteen/blackboard_ws/install/turtlebot3_gazebo/share/turtlebot3_gazebo//models/turtlebot3_autorace/course/materials/textures/course.png
[1.295s] -- Up-to-date: /home/mpcmeulensteen/blackboard_ws/install/turtlebot3_gazebo/share/turtlebot3_gazebo//models/turtlebot3_autorace/course/model.sdf
[1.296s] -- Up-to-date: /home/mpcmeulensteen/blackboard_ws/install/turtlebot3_gazebo/share/turtlebot3_gazebo//models/turtlebot3_autorace/lights
[1.296s] -- Up-to-date: /home/mpcmeulensteen/blackboard_ws/install/turtlebot3_gazebo/share/turtlebot3_gazebo//models/turtlebot3_autorace/lights/model.config
[1.296s] -- Up-to-date: /home/mpcmeulensteen/blackboard_ws/install/turtlebot3_gazebo/share/turtlebot3_gazebo//models/turtlebot3_autorace/lights/model.sdf
[1.297s] -- Up-to-date: /home/mpcmeulensteen/blackboard_ws/install/turtlebot3_gazebo/share/turtlebot3_gazebo//models/turtlebot3_autorace/tunnel_wall
[1.298s] -- Up-to-date: /home/mpcmeulensteen/blackboard_ws/install/turtlebot3_gazebo/share/turtlebot3_gazebo//models/turtlebot3_autorace/tunnel_wall/model.config
[1.299s] -- Up-to-date: /home/mpcmeulensteen/blackboard_ws/install/turtlebot3_gazebo/share/turtlebot3_gazebo//models/turtlebot3_autorace/tunnel_wall/model.sdf
[1.299s] -- Up-to-date: /home/mpcmeulensteen/blackboard_ws/install/turtlebot3_gazebo/share/turtlebot3_gazebo//models/turtlebot3_autorace/traffic_stop
[1.299s] -- Up-to-date: /home/mpcmeulensteen/blackboard_ws/install/turtlebot3_gazebo/share/turtlebot3_gazebo//models/turtlebot3_autorace/traffic_stop/model.config
[1.299s] -- Up-to-date: /home/mpcmeulensteen/blackboard_ws/install/turtlebot3_gazebo/share/turtlebot3_gazebo//models/turtlebot3_autorace/traffic_stop/materials
[1.300s] -- Up-to-date: /home/mpcmeulensteen/blackboard_ws/install/turtlebot3_gazebo/share/turtlebot3_gazebo//models/turtlebot3_autorace/traffic_stop/materials/scripts
[1.305s] -- Up-to-date: /home/mpcmeulensteen/blackboard_ws/install/turtlebot3_gazebo/share/turtlebot3_gazebo//models/turtlebot3_autorace/traffic_stop/materials/scripts/traffic_stop.material
[1.305s] -- Up-to-date: /home/mpcmeulensteen/blackboard_ws/install/turtlebot3_gazebo/share/turtlebot3_gazebo//models/turtlebot3_autorace/traffic_stop/materials/textures
[1.305s] -- Up-to-date: /home/mpcmeulensteen/blackboard_ws/install/turtlebot3_gazebo/share/turtlebot3_gazebo//models/turtlebot3_autorace/traffic_stop/materials/textures/traffic_stop.png
[1.305s] -- Up-to-date: /home/mpcmeulensteen/blackboard_ws/install/turtlebot3_gazebo/share/turtlebot3_gazebo//models/turtlebot3_autorace/traffic_stop/model.sdf
[1.306s] -- Up-to-date: /home/mpcmeulensteen/blackboard_ws/install/turtlebot3_gazebo/share/turtlebot3_gazebo//models/turtlebot3_autorace/traffic_parking
[1.306s] -- Up-to-date: /home/mpcmeulensteen/blackboard_ws/install/turtlebot3_gazebo/share/turtlebot3_gazebo//models/turtlebot3_autorace/traffic_parking/model.config
[1.306s] -- Up-to-date: /home/mpcmeulensteen/blackboard_ws/install/turtlebot3_gazebo/share/turtlebot3_gazebo//models/turtlebot3_autorace/traffic_parking/materials
[1.307s] -- Up-to-date: /home/mpcmeulensteen/blackboard_ws/install/turtlebot3_gazebo/share/turtlebot3_gazebo//models/turtlebot3_autorace/traffic_parking/materials/scripts
[1.307s] -- Up-to-date: /home/mpcmeulensteen/blackboard_ws/install/turtlebot3_gazebo/share/turtlebot3_gazebo//models/turtlebot3_autorace/traffic_parking/materials/scripts/traffic_parking.material
[1.310s] -- Up-to-date: /home/mpcmeulensteen/blackboard_ws/install/turtlebot3_gazebo/share/turtlebot3_gazebo//models/turtlebot3_autorace/traffic_parking/materials/textures
[1.310s] -- Up-to-date: /home/mpcmeulensteen/blackboard_ws/install/turtlebot3_gazebo/share/turtlebot3_gazebo//models/turtlebot3_autorace/traffic_parking/materials/textures/traffic_parking.png
[1.311s] -- Up-to-date: /home/mpcmeulensteen/blackboard_ws/install/turtlebot3_gazebo/share/turtlebot3_gazebo//models/turtlebot3_autorace/traffic_parking/model.sdf
[1.311s] -- Up-to-date: /home/mpcmeulensteen/blackboard_ws/install/turtlebot3_gazebo/share/turtlebot3_gazebo//models/turtlebot3_autorace/traffic_bar_down
[1.311s] -- Up-to-date: /home/mpcmeulensteen/blackboard_ws/install/turtlebot3_gazebo/share/turtlebot3_gazebo//models/turtlebot3_autorace/traffic_bar_down/model.config
[1.313s] -- Up-to-date: /home/mpcmeulensteen/blackboard_ws/install/turtlebot3_gazebo/share/turtlebot3_gazebo//models/turtlebot3_autorace/traffic_bar_down/materials
[1.316s] -- Up-to-date: /home/mpcmeulensteen/blackboard_ws/install/turtlebot3_gazebo/share/turtlebot3_gazebo//models/turtlebot3_autorace/traffic_bar_down/materials/scripts
[1.316s] -- Up-to-date: /home/mpcmeulensteen/blackboard_ws/install/turtlebot3_gazebo/share/turtlebot3_gazebo//models/turtlebot3_autorace/traffic_bar_down/materials/scripts/traffic_bar.material
[1.317s] -- Up-to-date: /home/mpcmeulensteen/blackboard_ws/install/turtlebot3_gazebo/share/turtlebot3_gazebo//models/turtlebot3_autorace/traffic_bar_down/materials/textures
[1.317s] -- Up-to-date: /home/mpcmeulensteen/blackboard_ws/install/turtlebot3_gazebo/share/turtlebot3_gazebo//models/turtlebot3_autorace/traffic_bar_down/materials/textures/traffic_bar.png
[1.317s] -- Up-to-date: /home/mpcmeulensteen/blackboard_ws/install/turtlebot3_gazebo/share/turtlebot3_gazebo//models/turtlebot3_autorace/traffic_bar_down/model.sdf
[1.317s] -- Up-to-date: /home/mpcmeulensteen/blackboard_ws/install/turtlebot3_gazebo/share/turtlebot3_gazebo//models/turtlebot3_autorace/traffic_tunnel
[1.318s] -- Up-to-date: /home/mpcmeulensteen/blackboard_ws/install/turtlebot3_gazebo/share/turtlebot3_gazebo//models/turtlebot3_autorace/traffic_tunnel/model.config
[1.318s] -- Up-to-date: /home/mpcmeulensteen/blackboard_ws/install/turtlebot3_gazebo/share/turtlebot3_gazebo//models/turtlebot3_autorace/traffic_tunnel/materials
[1.318s] -- Up-to-date: /home/mpcmeulensteen/blackboard_ws/install/turtlebot3_gazebo/share/turtlebot3_gazebo//models/turtlebot3_autorace/traffic_tunnel/materials/scripts
[1.323s] -- Up-to-date: /home/mpcmeulensteen/blackboard_ws/install/turtlebot3_gazebo/share/turtlebot3_gazebo//models/turtlebot3_autorace/traffic_tunnel/materials/scripts/tunnel.material
[1.323s] -- Up-to-date: /home/mpcmeulensteen/blackboard_ws/install/turtlebot3_gazebo/share/turtlebot3_gazebo//models/turtlebot3_autorace/traffic_tunnel/materials/textures
[1.323s] -- Up-to-date: /home/mpcmeulensteen/blackboard_ws/install/turtlebot3_gazebo/share/turtlebot3_gazebo//models/turtlebot3_autorace/traffic_tunnel/materials/textures/tunnel.png
[1.324s] -- Up-to-date: /home/mpcmeulensteen/blackboard_ws/install/turtlebot3_gazebo/share/turtlebot3_gazebo//models/turtlebot3_autorace/traffic_tunnel/model.sdf
[1.324s] -- Up-to-date: /home/mpcmeulensteen/blackboard_ws/install/turtlebot3_gazebo/share/turtlebot3_gazebo//models/turtlebot3_autorace/traffic_bar_up
[1.324s] -- Up-to-date: /home/mpcmeulensteen/blackboard_ws/install/turtlebot3_gazebo/share/turtlebot3_gazebo//models/turtlebot3_autorace/traffic_bar_up/model.config
[1.324s] -- Up-to-date: /home/mpcmeulensteen/blackboard_ws/install/turtlebot3_gazebo/share/turtlebot3_gazebo//models/turtlebot3_autorace/traffic_bar_up/materials
[1.325s] -- Up-to-date: /home/mpcmeulensteen/blackboard_ws/install/turtlebot3_gazebo/share/turtlebot3_gazebo//models/turtlebot3_autorace/traffic_bar_up/materials/scripts
[1.325s] -- Up-to-date: /home/mpcmeulensteen/blackboard_ws/install/turtlebot3_gazebo/share/turtlebot3_gazebo//models/turtlebot3_autorace/traffic_bar_up/materials/scripts/traffic_bar.material
[1.326s] -- Up-to-date: /home/mpcmeulensteen/blackboard_ws/install/turtlebot3_gazebo/share/turtlebot3_gazebo//models/turtlebot3_autorace/traffic_bar_up/materials/textures
[1.326s] -- Up-to-date: /home/mpcmeulensteen/blackboard_ws/install/turtlebot3_gazebo/share/turtlebot3_gazebo//models/turtlebot3_autorace/traffic_bar_up/materials/textures/traffic_bar.png
[1.326s] -- Up-to-date: /home/mpcmeulensteen/blackboard_ws/install/turtlebot3_gazebo/share/turtlebot3_gazebo//models/turtlebot3_autorace/traffic_bar_up/model.sdf
[1.326s] -- Up-to-date: /home/mpcmeulensteen/blackboard_ws/install/turtlebot3_gazebo/share/turtlebot3_gazebo//models/turtlebot3_autorace/ground
[1.327s] -- Up-to-date: /home/mpcmeulensteen/blackboard_ws/install/turtlebot3_gazebo/share/turtlebot3_gazebo//models/turtlebot3_autorace/ground/model.config
[1.327s] -- Up-to-date: /home/mpcmeulensteen/blackboard_ws/install/turtlebot3_gazebo/share/turtlebot3_gazebo//models/turtlebot3_autorace/ground/model.sdf
[1.329s] -- Up-to-date: /home/mpcmeulensteen/blackboard_ws/install/turtlebot3_gazebo/share/turtlebot3_gazebo//models/turtlebot3_autorace/traffic_light_yellow
[1.329s] -- Up-to-date: /home/mpcmeulensteen/blackboard_ws/install/turtlebot3_gazebo/share/turtlebot3_gazebo//models/turtlebot3_autorace/traffic_light_yellow/model.config
[1.330s] -- Up-to-date: /home/mpcmeulensteen/blackboard_ws/install/turtlebot3_gazebo/share/turtlebot3_gazebo//models/turtlebot3_autorace/traffic_light_yellow/model.sdf
[1.330s] -- Up-to-date: /home/mpcmeulensteen/blackboard_ws/install/turtlebot3_gazebo/share/turtlebot3_gazebo//rviz
[1.330s] -- Up-to-date: /home/mpcmeulensteen/blackboard_ws/install/turtlebot3_gazebo/share/turtlebot3_gazebo//rviz/tb3_gazebo.rviz
[1.331s] -- Up-to-date: /home/mpcmeulensteen/blackboard_ws/install/turtlebot3_gazebo/share/turtlebot3_gazebo//worlds
[1.331s] -- Up-to-date: /home/mpcmeulensteen/blackboard_ws/install/turtlebot3_gazebo/share/turtlebot3_gazebo//worlds/turtlebot3_dqn_stage4
[1.333s] -- Up-to-date: /home/mpcmeulensteen/blackboard_ws/install/turtlebot3_gazebo/share/turtlebot3_gazebo//worlds/turtlebot3_dqn_stage4/waffle_pi.model
[1.333s] -- Up-to-date: /home/mpcmeulensteen/blackboard_ws/install/turtlebot3_gazebo/share/turtlebot3_gazebo//worlds/turtlebot3_dqn_stage4/burger.model
[1.333s] -- Up-to-date: /home/mpcmeulensteen/blackboard_ws/install/turtlebot3_gazebo/share/turtlebot3_gazebo//worlds/turtlebot3_dqn_stage4/waffle.model
[1.334s] -- Up-to-date: /home/mpcmeulensteen/blackboard_ws/install/turtlebot3_gazebo/share/turtlebot3_gazebo//worlds/turtlebot3_autoraces
[1.335s] -- Up-to-date: /home/mpcmeulensteen/blackboard_ws/install/turtlebot3_gazebo/share/turtlebot3_gazebo//worlds/turtlebot3_autoraces/waffle_pi.model
[1.335s] -- Up-to-date: /home/mpcmeulensteen/blackboard_ws/install/turtlebot3_gazebo/share/turtlebot3_gazebo//worlds/turtlebot3_autoraces/burger.model
[1.336s] -- Up-to-date: /home/mpcmeulensteen/blackboard_ws/install/turtlebot3_gazebo/share/turtlebot3_gazebo//worlds/turtlebot3_autoraces/waffle.model
[1.338s] -- Up-to-date: /home/mpcmeulensteen/blackboard_ws/install/turtlebot3_gazebo/share/turtlebot3_gazebo//worlds/turtlebot3_worlds
[1.338s] -- Up-to-date: /home/mpcmeulensteen/blackboard_ws/install/turtlebot3_gazebo/share/turtlebot3_gazebo//worlds/turtlebot3_worlds/waffle_pi.model
[1.338s] -- Up-to-date: /home/mpcmeulensteen/blackboard_ws/install/turtlebot3_gazebo/share/turtlebot3_gazebo//worlds/turtlebot3_worlds/burger.model
[1.338s] -- Up-to-date: /home/mpcmeulensteen/blackboard_ws/install/turtlebot3_gazebo/share/turtlebot3_gazebo//worlds/turtlebot3_worlds/waffle.model
[1.338s] -- Up-to-date: /home/mpcmeulensteen/blackboard_ws/install/turtlebot3_gazebo/share/turtlebot3_gazebo//worlds/turtlebot3_dqn_stage2
[1.339s] -- Up-to-date: /home/mpcmeulensteen/blackboard_ws/install/turtlebot3_gazebo/share/turtlebot3_gazebo//worlds/turtlebot3_dqn_stage2/waffle_pi.model
[1.339s] -- Up-to-date: /home/mpcmeulensteen/blackboard_ws/install/turtlebot3_gazebo/share/turtlebot3_gazebo//worlds/turtlebot3_dqn_stage2/burger.model
[1.339s] -- Up-to-date: /home/mpcmeulensteen/blackboard_ws/install/turtlebot3_gazebo/share/turtlebot3_gazebo//worlds/turtlebot3_dqn_stage2/waffle.model
[1.339s] -- Up-to-date: /home/mpcmeulensteen/blackboard_ws/install/turtlebot3_gazebo/share/turtlebot3_gazebo//worlds/turtlebot3_dqn_stage1
[1.339s] -- Up-to-date: /home/mpcmeulensteen/blackboard_ws/install/turtlebot3_gazebo/share/turtlebot3_gazebo//worlds/turtlebot3_dqn_stage1/waffle_pi.model
[1.340s] -- Up-to-date: /home/mpcmeulensteen/blackboard_ws/install/turtlebot3_gazebo/share/turtlebot3_gazebo//worlds/turtlebot3_dqn_stage1/burger.model
[1.340s] -- Up-to-date: /home/mpcmeulensteen/blackboard_ws/install/turtlebot3_gazebo/share/turtlebot3_gazebo//worlds/turtlebot3_dqn_stage1/waffle.model
[1.342s] -- Up-to-date: /home/mpcmeulensteen/blackboard_ws/install/turtlebot3_gazebo/share/turtlebot3_gazebo//worlds/empty_worlds
[1.342s] -- Up-to-date: /home/mpcmeulensteen/blackboard_ws/install/turtlebot3_gazebo/share/turtlebot3_gazebo//worlds/empty_worlds/waffle_pi.model
[1.342s] -- Up-to-date: /home/mpcmeulensteen/blackboard_ws/install/turtlebot3_gazebo/share/turtlebot3_gazebo//worlds/empty_worlds/burger.model
[1.342s] -- Up-to-date: /home/mpcmeulensteen/blackboard_ws/install/turtlebot3_gazebo/share/turtlebot3_gazebo//worlds/empty_worlds/waffle.model
[1.343s] -- Up-to-date: /home/mpcmeulensteen/blackboard_ws/install/turtlebot3_gazebo/share/turtlebot3_gazebo//worlds/turtlebot3_houses
[1.343s] -- Up-to-date: /home/mpcmeulensteen/blackboard_ws/install/turtlebot3_gazebo/share/turtlebot3_gazebo//worlds/turtlebot3_houses/waffle_pi.model
[1.343s] -- Up-to-date: /home/mpcmeulensteen/blackboard_ws/install/turtlebot3_gazebo/share/turtlebot3_gazebo//worlds/turtlebot3_houses/burger.model
[1.344s] -- Up-to-date: /home/mpcmeulensteen/blackboard_ws/install/turtlebot3_gazebo/share/turtlebot3_gazebo//worlds/turtlebot3_houses/waffle.model
[1.344s] -- Up-to-date: /home/mpcmeulensteen/blackboard_ws/install/turtlebot3_gazebo/share/turtlebot3_gazebo//worlds/turtlebot3_dqn_stage3
[1.346s] -- Up-to-date: /home/mpcmeulensteen/blackboard_ws/install/turtlebot3_gazebo/share/turtlebot3_gazebo//worlds/turtlebot3_dqn_stage3/waffle_pi.model
[1.346s] -- Up-to-date: /home/mpcmeulensteen/blackboard_ws/install/turtlebot3_gazebo/share/turtlebot3_gazebo//worlds/turtlebot3_dqn_stage3/burger.model
[1.346s] -- Up-to-date: /home/mpcmeulensteen/blackboard_ws/install/turtlebot3_gazebo/share/turtlebot3_gazebo//worlds/turtlebot3_dqn_stage3/waffle.model
[1.347s] -- Up-to-date: /home/mpcmeulensteen/blackboard_ws/install/turtlebot3_gazebo/include/
[1.347s] -- Up-to-date: /home/mpcmeulensteen/blackboard_ws/install/turtlebot3_gazebo/include//turtlebot3_gazebo
[1.347s] -- Up-to-date: /home/mpcmeulensteen/blackboard_ws/install/turtlebot3_gazebo/include//turtlebot3_gazebo/turtlebot3_drive.hpp
[1.348s] -- Up-to-date: /home/mpcmeulensteen/blackboard_ws/install/turtlebot3_gazebo/share/ament_index/resource_index/package_run_dependencies/turtlebot3_gazebo
[1.354s] -- Up-to-date: /home/mpcmeulensteen/blackboard_ws/install/turtlebot3_gazebo/share/ament_index/resource_index/parent_prefix_path/turtlebot3_gazebo
[1.354s] -- Up-to-date: /home/mpcmeulensteen/blackboard_ws/install/turtlebot3_gazebo/share/turtlebot3_gazebo/environment/ament_prefix_path.sh
[1.354s] -- Up-to-date: /home/mpcmeulensteen/blackboard_ws/install/turtlebot3_gazebo/share/turtlebot3_gazebo/environment/ament_prefix_path.dsv
[1.354s] -- Up-to-date: /home/mpcmeulensteen/blackboard_ws/install/turtlebot3_gazebo/share/turtlebot3_gazebo/environment/path.sh
[1.355s] -- Up-to-date: /home/mpcmeulensteen/blackboard_ws/install/turtlebot3_gazebo/share/turtlebot3_gazebo/environment/path.dsv
[1.355s] -- Up-to-date: /home/mpcmeulensteen/blackboard_ws/install/turtlebot3_gazebo/share/turtlebot3_gazebo/local_setup.bash
[1.355s] -- Up-to-date: /home/mpcmeulensteen/blackboard_ws/install/turtlebot3_gazebo/share/turtlebot3_gazebo/local_setup.sh
[1.356s] -- Up-to-date: /home/mpcmeulensteen/blackboard_ws/install/turtlebot3_gazebo/share/turtlebot3_gazebo/local_setup.zsh
[1.357s] -- Up-to-date: /home/mpcmeulensteen/blackboard_ws/install/turtlebot3_gazebo/share/turtlebot3_gazebo/local_setup.dsv
[1.357s] -- Installing: /home/mpcmeulensteen/blackboard_ws/install/turtlebot3_gazebo/share/turtlebot3_gazebo/package.dsv
[1.357s] -- Up-to-date: /home/mpcmeulensteen/blackboard_ws/install/turtlebot3_gazebo/share/ament_index/resource_index/packages/turtlebot3_gazebo
[1.357s] -- Up-to-date: /home/mpcmeulensteen/blackboard_ws/install/turtlebot3_gazebo/share/turtlebot3_gazebo/cmake/ament_cmake_export_include_directories-extras.cmake
[1.358s] -- Up-to-date: /home/mpcmeulensteen/blackboard_ws/install/turtlebot3_gazebo/share/turtlebot3_gazebo/cmake/ament_cmake_export_dependencies-extras.cmake
[1.358s] -- Up-to-date: /home/mpcmeulensteen/blackboard_ws/install/turtlebot3_gazebo/share/turtlebot3_gazebo/cmake/turtlebot3_gazeboConfig.cmake
[1.358s] -- Up-to-date: /home/mpcmeulensteen/blackboard_ws/install/turtlebot3_gazebo/share/turtlebot3_gazebo/cmake/turtlebot3_gazeboConfig-version.cmake
[1.358s] -- Up-to-date: /home/mpcmeulensteen/blackboard_ws/install/turtlebot3_gazebo/share/turtlebot3_gazebo/package.xml
[1.359s] Invoked command in '/home/mpcmeulensteen/blackboard_ws/build/turtlebot3_gazebo' returned '0': CMAKE_PREFIX_PATH=/home/mpcmeulensteen/blackboard_ws/install/turtlebot3_description:/home/mpcmeulensteen/blackboard_ws/install/turtlebot3:/home/mpcmeulensteen/blackboard_ws/install/turtlebot3_simulations:/home/mpcmeulensteen/blackboard_ws/install/turtlebot3_bringup:/home/mpcmeulensteen/blackboard_ws/install/turtlebot3_node:/home/mpcmeulensteen/blackboard_ws/install/turtlebot3_navigation2:/home/mpcmeulensteen/blackboard_ws/install/turtlebot3_fake_node:/home/mpcmeulensteen/blackboard_ws/install/turtlebot3_msgs:/home/mpcmeulensteen/blackboard_ws/install/turtlebot3_gazebo:/home/mpcmeulensteen/blackboard_ws/install/turtlebot3_cartographer:/home/mpcmeulensteen/blackboard_ws/install/robot1:/home/mpcmeulensteen/blackboard_ws/install/python_qt_binding:/home/mpcmeulensteen/blackboard_ws/install/navigation_cartographer:/home/mpcmeulensteen/blackboard_ws/install/navigation:/home/mpcmeulensteen/blackboard_ws/install/navigate_robot_pkg:/home/mpcmeulensteen/blackboard_ws/install/move_base_msgs:/home/mpcmeulensteen/blackboard_ws/install/message_pkg:/home/mpcmeulensteen/blackboard_ws/install/map_msgs:/home/mpcmeulensteen/blackboard_ws/install/hls_lfcd_lds_driver:/home/mpcmeulensteen/blackboard_ws/install/dynamixel_sdk_examples:/home/mpcmeulensteen/blackboard_ws/install/dynamixel_sdk_custom_interfaces:/home/mpcmeulensteen/blackboard_ws/install/dynamixel_sdk:/home/mpcmeulensteen/blackboard_ws/install/blackboard:/home/mpcmeulensteen/blackboard_ws/install/bbinstance:/home/mpcmeulensteen/blackboard_ws/install/turtlebot3_teleop:/home/mpcmeulensteen/blackboard_ws/install/turtlebot3_example:/home/mpcmeulensteen/blackboard_ws/install/tf_transformations:/home/mpcmeulensteen/blackboard_ws/install/ros2_blackboard:/home/mpcmeulensteen/blackboard_ws/install/ros2_bbinstance:/opt/ros/foxy /usr/bin/cmake --install /home/mpcmeulensteen/blackboard_ws/build/turtlebot3_gazebo
