[0.521s] Invoking command in '/home/mpcmeulensteen/blackboard_ws/src/blackboard': PYTHONPATH=/home/mpcmeulensteen/blackboard_ws/install/blackboard/lib/python3.8/site-packages:${PYTHONPATH} /usr/bin/python3 setup.py egg_info --egg-base ../../build/blackboard build --build-base /home/mpcmeulensteen/blackboard_ws/build/blackboard/build install --prefix /home/mpcmeulensteen/blackboard_ws/install/blackboard --record /home/mpcmeulensteen/blackboard_ws/build/blackboard/install.log --single-version-externally-managed
[0.954s] running egg_info
[0.954s] writing ../../build/blackboard/blackboard.egg-info/PKG-INFO
[0.954s] writing dependency_links to ../../build/blackboard/blackboard.egg-info/dependency_links.txt
[0.954s] writing entry points to ../../build/blackboard/blackboard.egg-info/entry_points.txt
[0.954s] writing requirements to ../../build/blackboard/blackboard.egg-info/requires.txt
[0.954s] writing top-level names to ../../build/blackboard/blackboard.egg-info/top_level.txt
[1.030s] reading manifest file '../../build/blackboard/blackboard.egg-info/SOURCES.txt'
[1.030s] writing manifest file '../../build/blackboard/blackboard.egg-info/SOURCES.txt'
[1.030s] running build
[1.030s] running build_py
[1.030s] running install
[1.033s] running install_lib
[1.041s] running install_data
[1.045s] running install_egg_info
[1.049s] removing '/home/mpcmeulensteen/blackboard_ws/install/blackboard/lib/python3.8/site-packages/blackboard-0.0.0-py3.8.egg-info' (and everything under it)
[1.053s] Copying ../../build/blackboard/blackboard.egg-info to /home/mpcmeulensteen/blackboard_ws/install/blackboard/lib/python3.8/site-packages/blackboard-0.0.0-py3.8.egg-info
[1.056s] running install_scripts
[1.097s] writing list of installed files to '/home/mpcmeulensteen/blackboard_ws/build/blackboard/install.log'
[1.142s] Invoked command in '/home/mpcmeulensteen/blackboard_ws/src/blackboard' returned '0': PYTHONPATH=/home/mpcmeulensteen/blackboard_ws/install/blackboard/lib/python3.8/site-packages:${PYTHONPATH} /usr/bin/python3 setup.py egg_info --egg-base ../../build/blackboard build --build-base /home/mpcmeulensteen/blackboard_ws/build/blackboard/build install --prefix /home/mpcmeulensteen/blackboard_ws/install/blackboard --record /home/mpcmeulensteen/blackboard_ws/build/blackboard/install.log --single-version-externally-managed
