[0.028s] Invoking command in '/home/mpcmeulensteen/blackboard_ws/build/map_msgs': CMAKE_PREFIX_PATH=${CMAKE_PREFIX_PATH}:/home/mpcmeulensteen/turtlebot3_ws/install/turtlebot3_teleop:/home/mpcmeulensteen/turtlebot3_ws/install/turtlebot3_example:/home/mpcmeulensteen/colcon_ws/install/turtlebot3_teleop:/home/mpcmeulensteen/colcon_ws/install/turtlebot3_example:/opt/ros/foxy /usr/bin/cmake --build /home/mpcmeulensteen/blackboard_ws/build/map_msgs -- -j2 -l2
[0.145s] [  0%] Built target map_msgs__cpp
[0.162s] [ 12%] Built target map_msgs__rosidl_generator_c
[0.237s] [ 24%] Built target map_msgs__rosidl_typesupport_cpp
[0.243s] [ 35%] Built target map_msgs__rosidl_typesupport_fastrtps_cpp
[0.323s] [ 47%] Built target map_msgs__rosidl_typesupport_introspection_c
[0.356s] [ 58%] Built target map_msgs__rosidl_typesupport_c
[0.430s] [ 70%] Built target map_msgs__rosidl_typesupport_introspection_cpp
[0.461s] [ 82%] Built target map_msgs__rosidl_typesupport_fastrtps_c
[0.508s] [ 82%] Built target map_msgs
[0.553s] [ 83%] Built target map_msgs__py
[0.652s] [ 94%] Built target map_msgs__python
[0.731s] [ 96%] Built target map_msgs__rosidl_typesupport_introspection_c__pyext
[0.768s] [ 98%] Built target map_msgs__rosidl_typesupport_fastrtps_c__pyext
[0.800s] [100%] Built target map_msgs__rosidl_typesupport_c__pyext
[0.814s] Invoked command in '/home/mpcmeulensteen/blackboard_ws/build/map_msgs' returned '0': CMAKE_PREFIX_PATH=${CMAKE_PREFIX_PATH}:/home/mpcmeulensteen/turtlebot3_ws/install/turtlebot3_teleop:/home/mpcmeulensteen/turtlebot3_ws/install/turtlebot3_example:/home/mpcmeulensteen/colcon_ws/install/turtlebot3_teleop:/home/mpcmeulensteen/colcon_ws/install/turtlebot3_example:/opt/ros/foxy /usr/bin/cmake --build /home/mpcmeulensteen/blackboard_ws/build/map_msgs -- -j2 -l2
[1.262s] Invoking command in '/home/mpcmeulensteen/blackboard_ws/build/map_msgs': CMAKE_PREFIX_PATH=${CMAKE_PREFIX_PATH}:/home/mpcmeulensteen/turtlebot3_ws/install/turtlebot3_teleop:/home/mpcmeulensteen/turtlebot3_ws/install/turtlebot3_example:/home/mpcmeulensteen/colcon_ws/install/turtlebot3_teleop:/home/mpcmeulensteen/colcon_ws/install/turtlebot3_example:/opt/ros/foxy /usr/bin/cmake --install /home/mpcmeulensteen/blackboard_ws/build/map_msgs
[1.274s] -- Install configuration: ""
[1.274s] -- Up-to-date: /home/mpcmeulensteen/blackboard_ws/install/map_msgs/share/ament_index/resource_index/rosidl_interfaces/map_msgs
[1.275s] -- Up-to-date: /home/mpcmeulensteen/blackboard_ws/install/map_msgs/include/map_msgs
[1.275s] -- Up-to-date: /home/mpcmeulensteen/blackboard_ws/install/map_msgs/include/map_msgs/srv
[1.275s] -- Up-to-date: /home/mpcmeulensteen/blackboard_ws/install/map_msgs/include/map_msgs/srv/set_map_projections.h
[1.276s] -- Up-to-date: /home/mpcmeulensteen/blackboard_ws/install/map_msgs/include/map_msgs/srv/projected_maps_info.h
[1.276s] -- Up-to-date: /home/mpcmeulensteen/blackboard_ws/install/map_msgs/include/map_msgs/srv/detail
[1.276s] -- Up-to-date: /home/mpcmeulensteen/blackboard_ws/install/map_msgs/include/map_msgs/srv/detail/save_map__functions.c
[1.277s] -- Up-to-date: /home/mpcmeulensteen/blackboard_ws/install/map_msgs/include/map_msgs/srv/detail/projected_maps_info__functions.c
[1.277s] -- Up-to-date: /home/mpcmeulensteen/blackboard_ws/install/map_msgs/include/map_msgs/srv/detail/get_map_roi__type_support.h
[1.277s] -- Up-to-date: /home/mpcmeulensteen/blackboard_ws/install/map_msgs/include/map_msgs/srv/detail/get_point_map__functions.h
[1.277s] -- Up-to-date: /home/mpcmeulensteen/blackboard_ws/install/map_msgs/include/map_msgs/srv/detail/save_map__struct.h
[1.277s] -- Up-to-date: /home/mpcmeulensteen/blackboard_ws/install/map_msgs/include/map_msgs/srv/detail/set_map_projections__type_support.h
[1.278s] -- Up-to-date: /home/mpcmeulensteen/blackboard_ws/install/map_msgs/include/map_msgs/srv/detail/set_map_projections__functions.h
[1.278s] -- Up-to-date: /home/mpcmeulensteen/blackboard_ws/install/map_msgs/include/map_msgs/srv/detail/get_point_map_roi__functions.h
[1.278s] -- Up-to-date: /home/mpcmeulensteen/blackboard_ws/install/map_msgs/include/map_msgs/srv/detail/get_point_map_roi__functions.c
[1.278s] -- Up-to-date: /home/mpcmeulensteen/blackboard_ws/install/map_msgs/include/map_msgs/srv/detail/get_point_map__struct.h
[1.278s] -- Up-to-date: /home/mpcmeulensteen/blackboard_ws/install/map_msgs/include/map_msgs/srv/detail/set_map_projections__struct.h
[1.279s] -- Up-to-date: /home/mpcmeulensteen/blackboard_ws/install/map_msgs/include/map_msgs/srv/detail/get_point_map_roi__struct.h
[1.279s] -- Up-to-date: /home/mpcmeulensteen/blackboard_ws/install/map_msgs/include/map_msgs/srv/detail/get_point_map__functions.c
[1.279s] -- Up-to-date: /home/mpcmeulensteen/blackboard_ws/install/map_msgs/include/map_msgs/srv/detail/get_point_map__type_support.h
[1.279s] -- Up-to-date: /home/mpcmeulensteen/blackboard_ws/install/map_msgs/include/map_msgs/srv/detail/get_map_roi__struct.h
[1.280s] -- Up-to-date: /home/mpcmeulensteen/blackboard_ws/install/map_msgs/include/map_msgs/srv/detail/projected_maps_info__functions.h
[1.280s] -- Up-to-date: /home/mpcmeulensteen/blackboard_ws/install/map_msgs/include/map_msgs/srv/detail/save_map__type_support.h
[1.280s] -- Up-to-date: /home/mpcmeulensteen/blackboard_ws/install/map_msgs/include/map_msgs/srv/detail/get_map_roi__functions.c
[1.280s] -- Up-to-date: /home/mpcmeulensteen/blackboard_ws/install/map_msgs/include/map_msgs/srv/detail/get_map_roi__functions.h
[1.280s] -- Up-to-date: /home/mpcmeulensteen/blackboard_ws/install/map_msgs/include/map_msgs/srv/detail/projected_maps_info__struct.h
[1.280s] -- Up-to-date: /home/mpcmeulensteen/blackboard_ws/install/map_msgs/include/map_msgs/srv/detail/set_map_projections__functions.c
[1.280s] -- Up-to-date: /home/mpcmeulensteen/blackboard_ws/install/map_msgs/include/map_msgs/srv/detail/get_point_map_roi__type_support.h
[1.280s] -- Up-to-date: /home/mpcmeulensteen/blackboard_ws/install/map_msgs/include/map_msgs/srv/detail/projected_maps_info__type_support.h
[1.281s] -- Up-to-date: /home/mpcmeulensteen/blackboard_ws/install/map_msgs/include/map_msgs/srv/detail/save_map__functions.h
[1.281s] -- Up-to-date: /home/mpcmeulensteen/blackboard_ws/install/map_msgs/include/map_msgs/srv/get_map_roi.h
[1.281s] -- Up-to-date: /home/mpcmeulensteen/blackboard_ws/install/map_msgs/include/map_msgs/srv/save_map.h
[1.281s] -- Up-to-date: /home/mpcmeulensteen/blackboard_ws/install/map_msgs/include/map_msgs/srv/get_point_map.h
[1.281s] -- Up-to-date: /home/mpcmeulensteen/blackboard_ws/install/map_msgs/include/map_msgs/srv/get_point_map_roi.h
[1.282s] -- Up-to-date: /home/mpcmeulensteen/blackboard_ws/install/map_msgs/include/map_msgs/msg
[1.282s] -- Up-to-date: /home/mpcmeulensteen/blackboard_ws/install/map_msgs/include/map_msgs/msg/detail
[1.282s] -- Up-to-date: /home/mpcmeulensteen/blackboard_ws/install/map_msgs/include/map_msgs/msg/detail/point_cloud2_update__functions.h
[1.282s] -- Up-to-date: /home/mpcmeulensteen/blackboard_ws/install/map_msgs/include/map_msgs/msg/detail/point_cloud2_update__struct.h
[1.282s] -- Up-to-date: /home/mpcmeulensteen/blackboard_ws/install/map_msgs/include/map_msgs/msg/detail/projected_map__functions.h
[1.282s] -- Up-to-date: /home/mpcmeulensteen/blackboard_ws/install/map_msgs/include/map_msgs/msg/detail/projected_map__type_support.h
[1.283s] -- Up-to-date: /home/mpcmeulensteen/blackboard_ws/install/map_msgs/include/map_msgs/msg/detail/occupancy_grid_update__type_support.h
[1.283s] -- Up-to-date: /home/mpcmeulensteen/blackboard_ws/install/map_msgs/include/map_msgs/msg/detail/projected_map__struct.h
[1.283s] -- Up-to-date: /home/mpcmeulensteen/blackboard_ws/install/map_msgs/include/map_msgs/msg/detail/projected_map_info__functions.h
[1.283s] -- Up-to-date: /home/mpcmeulensteen/blackboard_ws/install/map_msgs/include/map_msgs/msg/detail/projected_map_info__functions.c
[1.283s] -- Up-to-date: /home/mpcmeulensteen/blackboard_ws/install/map_msgs/include/map_msgs/msg/detail/projected_map__functions.c
[1.283s] -- Up-to-date: /home/mpcmeulensteen/blackboard_ws/install/map_msgs/include/map_msgs/msg/detail/occupancy_grid_update__struct.h
[1.283s] -- Up-to-date: /home/mpcmeulensteen/blackboard_ws/install/map_msgs/include/map_msgs/msg/detail/point_cloud2_update__type_support.h
[1.283s] -- Up-to-date: /home/mpcmeulensteen/blackboard_ws/install/map_msgs/include/map_msgs/msg/detail/projected_map_info__struct.h
[1.284s] -- Up-to-date: /home/mpcmeulensteen/blackboard_ws/install/map_msgs/include/map_msgs/msg/detail/projected_map_info__type_support.h
[1.284s] -- Up-to-date: /home/mpcmeulensteen/blackboard_ws/install/map_msgs/include/map_msgs/msg/detail/occupancy_grid_update__functions.c
[1.285s] -- Up-to-date: /home/mpcmeulensteen/blackboard_ws/install/map_msgs/include/map_msgs/msg/detail/point_cloud2_update__functions.c
[1.285s] -- Up-to-date: /home/mpcmeulensteen/blackboard_ws/install/map_msgs/include/map_msgs/msg/detail/occupancy_grid_update__functions.h
[1.285s] -- Up-to-date: /home/mpcmeulensteen/blackboard_ws/install/map_msgs/include/map_msgs/msg/projected_map.h
[1.285s] -- Up-to-date: /home/mpcmeulensteen/blackboard_ws/install/map_msgs/include/map_msgs/msg/occupancy_grid_update.h
[1.285s] -- Up-to-date: /home/mpcmeulensteen/blackboard_ws/install/map_msgs/include/map_msgs/msg/projected_map_info.h
[1.285s] -- Up-to-date: /home/mpcmeulensteen/blackboard_ws/install/map_msgs/include/map_msgs/msg/point_cloud2_update.h
[1.286s] -- Up-to-date: /home/mpcmeulensteen/blackboard_ws/install/map_msgs/include/map_msgs/msg/rosidl_generator_c__visibility_control.h
[1.286s] -- Up-to-date: /home/mpcmeulensteen/blackboard_ws/install/map_msgs/share/map_msgs/environment/library_path.sh
[1.286s] -- Up-to-date: /home/mpcmeulensteen/blackboard_ws/install/map_msgs/share/map_msgs/environment/library_path.dsv
[1.286s] -- Up-to-date: /home/mpcmeulensteen/blackboard_ws/install/map_msgs/lib/libmap_msgs__rosidl_generator_c.so
[1.288s] -- Up-to-date: /home/mpcmeulensteen/blackboard_ws/install/map_msgs/include/map_msgs
[1.288s] -- Up-to-date: /home/mpcmeulensteen/blackboard_ws/install/map_msgs/include/map_msgs/srv
[1.288s] -- Up-to-date: /home/mpcmeulensteen/blackboard_ws/install/map_msgs/include/map_msgs/srv/detail
[1.288s] -- Up-to-date: /home/mpcmeulensteen/blackboard_ws/install/map_msgs/include/map_msgs/srv/detail/get_point_map_roi__rosidl_typesupport_fastrtps_c.h
[1.288s] -- Up-to-date: /home/mpcmeulensteen/blackboard_ws/install/map_msgs/include/map_msgs/srv/detail/get_map_roi__rosidl_typesupport_fastrtps_c.h
[1.288s] -- Up-to-date: /home/mpcmeulensteen/blackboard_ws/install/map_msgs/include/map_msgs/srv/detail/projected_maps_info__rosidl_typesupport_fastrtps_c.h
[1.289s] -- Up-to-date: /home/mpcmeulensteen/blackboard_ws/install/map_msgs/include/map_msgs/srv/detail/get_point_map__rosidl_typesupport_fastrtps_c.h
[1.289s] -- Up-to-date: /home/mpcmeulensteen/blackboard_ws/install/map_msgs/include/map_msgs/srv/detail/save_map__rosidl_typesupport_fastrtps_c.h
[1.289s] -- Up-to-date: /home/mpcmeulensteen/blackboard_ws/install/map_msgs/include/map_msgs/srv/detail/set_map_projections__rosidl_typesupport_fastrtps_c.h
[1.289s] -- Up-to-date: /home/mpcmeulensteen/blackboard_ws/install/map_msgs/include/map_msgs/msg
[1.289s] -- Up-to-date: /home/mpcmeulensteen/blackboard_ws/install/map_msgs/include/map_msgs/msg/detail
[1.289s] -- Up-to-date: /home/mpcmeulensteen/blackboard_ws/install/map_msgs/include/map_msgs/msg/detail/occupancy_grid_update__rosidl_typesupport_fastrtps_c.h
[1.289s] -- Up-to-date: /home/mpcmeulensteen/blackboard_ws/install/map_msgs/include/map_msgs/msg/detail/projected_map__rosidl_typesupport_fastrtps_c.h
[1.289s] -- Up-to-date: /home/mpcmeulensteen/blackboard_ws/install/map_msgs/include/map_msgs/msg/detail/point_cloud2_update__rosidl_typesupport_fastrtps_c.h
[1.290s] -- Up-to-date: /home/mpcmeulensteen/blackboard_ws/install/map_msgs/include/map_msgs/msg/detail/projected_map_info__rosidl_typesupport_fastrtps_c.h
[1.290s] -- Up-to-date: /home/mpcmeulensteen/blackboard_ws/install/map_msgs/include/map_msgs/msg/rosidl_typesupport_fastrtps_c__visibility_control.h
[1.290s] -- Up-to-date: /home/mpcmeulensteen/blackboard_ws/install/map_msgs/lib/libmap_msgs__rosidl_typesupport_fastrtps_c.so
[1.291s] -- Up-to-date: /home/mpcmeulensteen/blackboard_ws/install/map_msgs/include/map_msgs
[1.291s] -- Up-to-date: /home/mpcmeulensteen/blackboard_ws/install/map_msgs/include/map_msgs/srv
[1.291s] -- Up-to-date: /home/mpcmeulensteen/blackboard_ws/install/map_msgs/include/map_msgs/srv/detail
[1.291s] -- Up-to-date: /home/mpcmeulensteen/blackboard_ws/install/map_msgs/include/map_msgs/srv/detail/get_point_map_roi__rosidl_typesupport_fastrtps_cpp.hpp
[1.292s] -- Up-to-date: /home/mpcmeulensteen/blackboard_ws/install/map_msgs/include/map_msgs/srv/detail/set_map_projections__rosidl_typesupport_fastrtps_cpp.hpp
[1.292s] -- Up-to-date: /home/mpcmeulensteen/blackboard_ws/install/map_msgs/include/map_msgs/srv/detail/save_map__rosidl_typesupport_fastrtps_cpp.hpp
[1.292s] -- Up-to-date: /home/mpcmeulensteen/blackboard_ws/install/map_msgs/include/map_msgs/srv/detail/projected_maps_info__rosidl_typesupport_fastrtps_cpp.hpp
[1.292s] -- Up-to-date: /home/mpcmeulensteen/blackboard_ws/install/map_msgs/include/map_msgs/srv/detail/get_point_map__rosidl_typesupport_fastrtps_cpp.hpp
[1.293s] -- Up-to-date: /home/mpcmeulensteen/blackboard_ws/install/map_msgs/include/map_msgs/srv/detail/get_map_roi__rosidl_typesupport_fastrtps_cpp.hpp
[1.293s] -- Up-to-date: /home/mpcmeulensteen/blackboard_ws/install/map_msgs/include/map_msgs/srv/detail/dds_fastrtps
[1.293s] -- Up-to-date: /home/mpcmeulensteen/blackboard_ws/install/map_msgs/include/map_msgs/msg
[1.293s] -- Up-to-date: /home/mpcmeulensteen/blackboard_ws/install/map_msgs/include/map_msgs/msg/detail
[1.293s] -- Up-to-date: /home/mpcmeulensteen/blackboard_ws/install/map_msgs/include/map_msgs/msg/detail/projected_map__rosidl_typesupport_fastrtps_cpp.hpp
[1.293s] -- Up-to-date: /home/mpcmeulensteen/blackboard_ws/install/map_msgs/include/map_msgs/msg/detail/occupancy_grid_update__rosidl_typesupport_fastrtps_cpp.hpp
[1.294s] -- Up-to-date: /home/mpcmeulensteen/blackboard_ws/install/map_msgs/include/map_msgs/msg/detail/point_cloud2_update__rosidl_typesupport_fastrtps_cpp.hpp
[1.294s] -- Up-to-date: /home/mpcmeulensteen/blackboard_ws/install/map_msgs/include/map_msgs/msg/detail/dds_fastrtps
[1.294s] -- Up-to-date: /home/mpcmeulensteen/blackboard_ws/install/map_msgs/include/map_msgs/msg/detail/projected_map_info__rosidl_typesupport_fastrtps_cpp.hpp
[1.294s] -- Up-to-date: /home/mpcmeulensteen/blackboard_ws/install/map_msgs/include/map_msgs/msg/rosidl_typesupport_fastrtps_cpp__visibility_control.h
[1.294s] -- Up-to-date: /home/mpcmeulensteen/blackboard_ws/install/map_msgs/lib/libmap_msgs__rosidl_typesupport_fastrtps_cpp.so
[1.295s] -- Up-to-date: /home/mpcmeulensteen/blackboard_ws/install/map_msgs/include/map_msgs
[1.295s] -- Up-to-date: /home/mpcmeulensteen/blackboard_ws/install/map_msgs/include/map_msgs/srv
[1.295s] -- Up-to-date: /home/mpcmeulensteen/blackboard_ws/install/map_msgs/include/map_msgs/srv/detail
[1.296s] -- Up-to-date: /home/mpcmeulensteen/blackboard_ws/install/map_msgs/include/map_msgs/srv/detail/get_point_map_roi__rosidl_typesupport_introspection_c.h
[1.296s] -- Up-to-date: /home/mpcmeulensteen/blackboard_ws/install/map_msgs/include/map_msgs/srv/detail/projected_maps_info__type_support.c
[1.296s] -- Up-to-date: /home/mpcmeulensteen/blackboard_ws/install/map_msgs/include/map_msgs/srv/detail/get_point_map_roi__type_support.c
[1.296s] -- Up-to-date: /home/mpcmeulensteen/blackboard_ws/install/map_msgs/include/map_msgs/srv/detail/get_point_map__rosidl_typesupport_introspection_c.h
[1.296s] -- Up-to-date: /home/mpcmeulensteen/blackboard_ws/install/map_msgs/include/map_msgs/srv/detail/set_map_projections__type_support.c
[1.296s] -- Up-to-date: /home/mpcmeulensteen/blackboard_ws/install/map_msgs/include/map_msgs/srv/detail/save_map__type_support.c
[1.297s] -- Up-to-date: /home/mpcmeulensteen/blackboard_ws/install/map_msgs/include/map_msgs/srv/detail/projected_maps_info__rosidl_typesupport_introspection_c.h
[1.297s] -- Up-to-date: /home/mpcmeulensteen/blackboard_ws/install/map_msgs/include/map_msgs/srv/detail/get_map_roi__type_support.c
[1.297s] -- Up-to-date: /home/mpcmeulensteen/blackboard_ws/install/map_msgs/include/map_msgs/srv/detail/get_map_roi__rosidl_typesupport_introspection_c.h
[1.297s] -- Up-to-date: /home/mpcmeulensteen/blackboard_ws/install/map_msgs/include/map_msgs/srv/detail/set_map_projections__rosidl_typesupport_introspection_c.h
[1.297s] -- Up-to-date: /home/mpcmeulensteen/blackboard_ws/install/map_msgs/include/map_msgs/srv/detail/get_point_map__type_support.c
[1.298s] -- Up-to-date: /home/mpcmeulensteen/blackboard_ws/install/map_msgs/include/map_msgs/srv/detail/save_map__rosidl_typesupport_introspection_c.h
[1.298s] -- Up-to-date: /home/mpcmeulensteen/blackboard_ws/install/map_msgs/include/map_msgs/msg
[1.298s] -- Up-to-date: /home/mpcmeulensteen/blackboard_ws/install/map_msgs/include/map_msgs/msg/detail
[1.298s] -- Up-to-date: /home/mpcmeulensteen/blackboard_ws/install/map_msgs/include/map_msgs/msg/detail/projected_map__type_support.c
[1.298s] -- Up-to-date: /home/mpcmeulensteen/blackboard_ws/install/map_msgs/include/map_msgs/msg/detail/projected_map__rosidl_typesupport_introspection_c.h
[1.298s] -- Up-to-date: /home/mpcmeulensteen/blackboard_ws/install/map_msgs/include/map_msgs/msg/detail/projected_map_info__rosidl_typesupport_introspection_c.h
[1.298s] -- Up-to-date: /home/mpcmeulensteen/blackboard_ws/install/map_msgs/include/map_msgs/msg/detail/point_cloud2_update__type_support.c
[1.298s] -- Up-to-date: /home/mpcmeulensteen/blackboard_ws/install/map_msgs/include/map_msgs/msg/detail/occupancy_grid_update__rosidl_typesupport_introspection_c.h
[1.299s] -- Up-to-date: /home/mpcmeulensteen/blackboard_ws/install/map_msgs/include/map_msgs/msg/detail/point_cloud2_update__rosidl_typesupport_introspection_c.h
[1.299s] -- Up-to-date: /home/mpcmeulensteen/blackboard_ws/install/map_msgs/include/map_msgs/msg/detail/occupancy_grid_update__type_support.c
[1.299s] -- Up-to-date: /home/mpcmeulensteen/blackboard_ws/install/map_msgs/include/map_msgs/msg/detail/projected_map_info__type_support.c
[1.300s] -- Up-to-date: /home/mpcmeulensteen/blackboard_ws/install/map_msgs/include/map_msgs/msg/rosidl_typesupport_introspection_c__visibility_control.h
[1.300s] -- Up-to-date: /home/mpcmeulensteen/blackboard_ws/install/map_msgs/lib/libmap_msgs__rosidl_typesupport_introspection_c.so
[1.301s] -- Up-to-date: /home/mpcmeulensteen/blackboard_ws/install/map_msgs/lib/libmap_msgs__rosidl_typesupport_c.so
[1.302s] -- Up-to-date: /home/mpcmeulensteen/blackboard_ws/install/map_msgs/include/map_msgs
[1.302s] -- Up-to-date: /home/mpcmeulensteen/blackboard_ws/install/map_msgs/include/map_msgs/srv
[1.302s] -- Up-to-date: /home/mpcmeulensteen/blackboard_ws/install/map_msgs/include/map_msgs/srv/projected_maps_info.hpp
[1.302s] -- Up-to-date: /home/mpcmeulensteen/blackboard_ws/install/map_msgs/include/map_msgs/srv/detail
[1.303s] -- Up-to-date: /home/mpcmeulensteen/blackboard_ws/install/map_msgs/include/map_msgs/srv/detail/get_map_roi__traits.hpp
[1.303s] -- Up-to-date: /home/mpcmeulensteen/blackboard_ws/install/map_msgs/include/map_msgs/srv/detail/save_map__traits.hpp
[1.303s] -- Up-to-date: /home/mpcmeulensteen/blackboard_ws/install/map_msgs/include/map_msgs/srv/detail/get_point_map_roi__builder.hpp
[1.303s] -- Up-to-date: /home/mpcmeulensteen/blackboard_ws/install/map_msgs/include/map_msgs/srv/detail/projected_maps_info__builder.hpp
[1.304s] -- Up-to-date: /home/mpcmeulensteen/blackboard_ws/install/map_msgs/include/map_msgs/srv/detail/projected_maps_info__traits.hpp
[1.305s] -- Up-to-date: /home/mpcmeulensteen/blackboard_ws/install/map_msgs/include/map_msgs/srv/detail/get_point_map_roi__struct.hpp
[1.305s] -- Up-to-date: /home/mpcmeulensteen/blackboard_ws/install/map_msgs/include/map_msgs/srv/detail/set_map_projections__builder.hpp
[1.305s] -- Up-to-date: /home/mpcmeulensteen/blackboard_ws/install/map_msgs/include/map_msgs/srv/detail/save_map__struct.hpp
[1.306s] -- Up-to-date: /home/mpcmeulensteen/blackboard_ws/install/map_msgs/include/map_msgs/srv/detail/projected_maps_info__struct.hpp
[1.306s] -- Up-to-date: /home/mpcmeulensteen/blackboard_ws/install/map_msgs/include/map_msgs/srv/detail/get_point_map__traits.hpp
[1.306s] -- Up-to-date: /home/mpcmeulensteen/blackboard_ws/install/map_msgs/include/map_msgs/srv/detail/get_point_map__struct.hpp
[1.306s] -- Up-to-date: /home/mpcmeulensteen/blackboard_ws/install/map_msgs/include/map_msgs/srv/detail/get_map_roi__struct.hpp
[1.306s] -- Up-to-date: /home/mpcmeulensteen/blackboard_ws/install/map_msgs/include/map_msgs/srv/detail/get_map_roi__builder.hpp
[1.306s] -- Up-to-date: /home/mpcmeulensteen/blackboard_ws/install/map_msgs/include/map_msgs/srv/detail/set_map_projections__traits.hpp
[1.307s] -- Up-to-date: /home/mpcmeulensteen/blackboard_ws/install/map_msgs/include/map_msgs/srv/detail/get_point_map_roi__traits.hpp
[1.307s] -- Up-to-date: /home/mpcmeulensteen/blackboard_ws/install/map_msgs/include/map_msgs/srv/detail/save_map__builder.hpp
[1.307s] -- Up-to-date: /home/mpcmeulensteen/blackboard_ws/install/map_msgs/include/map_msgs/srv/detail/set_map_projections__struct.hpp
[1.307s] -- Up-to-date: /home/mpcmeulensteen/blackboard_ws/install/map_msgs/include/map_msgs/srv/detail/get_point_map__builder.hpp
[1.307s] -- Up-to-date: /home/mpcmeulensteen/blackboard_ws/install/map_msgs/include/map_msgs/srv/save_map.hpp
[1.307s] -- Up-to-date: /home/mpcmeulensteen/blackboard_ws/install/map_msgs/include/map_msgs/srv/set_map_projections.hpp
[1.307s] -- Up-to-date: /home/mpcmeulensteen/blackboard_ws/install/map_msgs/include/map_msgs/srv/get_map_roi.hpp
[1.307s] -- Up-to-date: /home/mpcmeulensteen/blackboard_ws/install/map_msgs/include/map_msgs/srv/get_point_map.hpp
[1.307s] -- Up-to-date: /home/mpcmeulensteen/blackboard_ws/install/map_msgs/include/map_msgs/srv/get_point_map_roi.hpp
[1.307s] -- Up-to-date: /home/mpcmeulensteen/blackboard_ws/install/map_msgs/include/map_msgs/msg
[1.308s] -- Up-to-date: /home/mpcmeulensteen/blackboard_ws/install/map_msgs/include/map_msgs/msg/detail
[1.310s] -- Up-to-date: /home/mpcmeulensteen/blackboard_ws/install/map_msgs/include/map_msgs/msg/detail/projected_map_info__traits.hpp
[1.310s] -- Up-to-date: /home/mpcmeulensteen/blackboard_ws/install/map_msgs/include/map_msgs/msg/detail/occupancy_grid_update__traits.hpp
[1.310s] -- Up-to-date: /home/mpcmeulensteen/blackboard_ws/install/map_msgs/include/map_msgs/msg/detail/occupancy_grid_update__builder.hpp
[1.310s] -- Up-to-date: /home/mpcmeulensteen/blackboard_ws/install/map_msgs/include/map_msgs/msg/detail/projected_map__traits.hpp
[1.310s] -- Up-to-date: /home/mpcmeulensteen/blackboard_ws/install/map_msgs/include/map_msgs/msg/detail/point_cloud2_update__builder.hpp
[1.310s] -- Up-to-date: /home/mpcmeulensteen/blackboard_ws/install/map_msgs/include/map_msgs/msg/detail/projected_map_info__builder.hpp
[1.310s] -- Up-to-date: /home/mpcmeulensteen/blackboard_ws/install/map_msgs/include/map_msgs/msg/detail/point_cloud2_update__struct.hpp
[1.310s] -- Up-to-date: /home/mpcmeulensteen/blackboard_ws/install/map_msgs/include/map_msgs/msg/detail/projected_map__builder.hpp
[1.310s] -- Up-to-date: /home/mpcmeulensteen/blackboard_ws/install/map_msgs/include/map_msgs/msg/detail/projected_map_info__struct.hpp
[1.310s] -- Up-to-date: /home/mpcmeulensteen/blackboard_ws/install/map_msgs/include/map_msgs/msg/detail/point_cloud2_update__traits.hpp
[1.311s] -- Up-to-date: /home/mpcmeulensteen/blackboard_ws/install/map_msgs/include/map_msgs/msg/detail/occupancy_grid_update__struct.hpp
[1.311s] -- Up-to-date: /home/mpcmeulensteen/blackboard_ws/install/map_msgs/include/map_msgs/msg/detail/projected_map__struct.hpp
[1.311s] -- Up-to-date: /home/mpcmeulensteen/blackboard_ws/install/map_msgs/include/map_msgs/msg/projected_map.hpp
[1.311s] -- Up-to-date: /home/mpcmeulensteen/blackboard_ws/install/map_msgs/include/map_msgs/msg/projected_map_info.hpp
[1.311s] -- Up-to-date: /home/mpcmeulensteen/blackboard_ws/install/map_msgs/include/map_msgs/msg/point_cloud2_update.hpp
[1.311s] -- Up-to-date: /home/mpcmeulensteen/blackboard_ws/install/map_msgs/include/map_msgs/msg/occupancy_grid_update.hpp
[1.311s] -- Up-to-date: /home/mpcmeulensteen/blackboard_ws/install/map_msgs/include/map_msgs
[1.311s] -- Up-to-date: /home/mpcmeulensteen/blackboard_ws/install/map_msgs/include/map_msgs/srv
[1.311s] -- Up-to-date: /home/mpcmeulensteen/blackboard_ws/install/map_msgs/include/map_msgs/srv/detail
[1.311s] -- Up-to-date: /home/mpcmeulensteen/blackboard_ws/install/map_msgs/include/map_msgs/srv/detail/set_map_projections__rosidl_typesupport_introspection_cpp.hpp
[1.311s] -- Up-to-date: /home/mpcmeulensteen/blackboard_ws/install/map_msgs/include/map_msgs/srv/detail/set_map_projections__type_support.cpp
[1.311s] -- Up-to-date: /home/mpcmeulensteen/blackboard_ws/install/map_msgs/include/map_msgs/srv/detail/get_map_roi__type_support.cpp
[1.311s] -- Up-to-date: /home/mpcmeulensteen/blackboard_ws/install/map_msgs/include/map_msgs/srv/detail/projected_maps_info__rosidl_typesupport_introspection_cpp.hpp
[1.311s] -- Up-to-date: /home/mpcmeulensteen/blackboard_ws/install/map_msgs/include/map_msgs/srv/detail/get_point_map__rosidl_typesupport_introspection_cpp.hpp
[1.311s] -- Up-to-date: /home/mpcmeulensteen/blackboard_ws/install/map_msgs/include/map_msgs/srv/detail/save_map__type_support.cpp
[1.311s] -- Up-to-date: /home/mpcmeulensteen/blackboard_ws/install/map_msgs/include/map_msgs/srv/detail/get_point_map_roi__type_support.cpp
[1.311s] -- Up-to-date: /home/mpcmeulensteen/blackboard_ws/install/map_msgs/include/map_msgs/srv/detail/get_point_map_roi__rosidl_typesupport_introspection_cpp.hpp
[1.311s] -- Up-to-date: /home/mpcmeulensteen/blackboard_ws/install/map_msgs/include/map_msgs/srv/detail/get_point_map__type_support.cpp
[1.312s] -- Up-to-date: /home/mpcmeulensteen/blackboard_ws/install/map_msgs/include/map_msgs/srv/detail/save_map__rosidl_typesupport_introspection_cpp.hpp
[1.312s] -- Up-to-date: /home/mpcmeulensteen/blackboard_ws/install/map_msgs/include/map_msgs/srv/detail/projected_maps_info__type_support.cpp
[1.323s] -- Up-to-date: /home/mpcmeulensteen/blackboard_ws/install/map_msgs/include/map_msgs/srv/detail/get_map_roi__rosidl_typesupport_introspection_cpp.hpp
[1.323s] -- Up-to-date: /home/mpcmeulensteen/blackboard_ws/install/map_msgs/include/map_msgs/msg
[1.323s] -- Up-to-date: /home/mpcmeulensteen/blackboard_ws/install/map_msgs/include/map_msgs/msg/detail
[1.323s] -- Up-to-date: /home/mpcmeulensteen/blackboard_ws/install/map_msgs/include/map_msgs/msg/detail/projected_map__rosidl_typesupport_introspection_cpp.hpp
[1.323s] -- Up-to-date: /home/mpcmeulensteen/blackboard_ws/install/map_msgs/include/map_msgs/msg/detail/projected_map_info__rosidl_typesupport_introspection_cpp.hpp
[1.323s] -- Up-to-date: /home/mpcmeulensteen/blackboard_ws/install/map_msgs/include/map_msgs/msg/detail/occupancy_grid_update__type_support.cpp
[1.323s] -- Up-to-date: /home/mpcmeulensteen/blackboard_ws/install/map_msgs/include/map_msgs/msg/detail/occupancy_grid_update__rosidl_typesupport_introspection_cpp.hpp
[1.323s] -- Up-to-date: /home/mpcmeulensteen/blackboard_ws/install/map_msgs/include/map_msgs/msg/detail/projected_map_info__type_support.cpp
[1.323s] -- Up-to-date: /home/mpcmeulensteen/blackboard_ws/install/map_msgs/include/map_msgs/msg/detail/point_cloud2_update__type_support.cpp
[1.323s] -- Up-to-date: /home/mpcmeulensteen/blackboard_ws/install/map_msgs/include/map_msgs/msg/detail/point_cloud2_update__rosidl_typesupport_introspection_cpp.hpp
[1.324s] -- Up-to-date: /home/mpcmeulensteen/blackboard_ws/install/map_msgs/include/map_msgs/msg/detail/projected_map__type_support.cpp
[1.324s] -- Up-to-date: /home/mpcmeulensteen/blackboard_ws/install/map_msgs/lib/libmap_msgs__rosidl_typesupport_introspection_cpp.so
[1.324s] -- Up-to-date: /home/mpcmeulensteen/blackboard_ws/install/map_msgs/lib/libmap_msgs__rosidl_typesupport_cpp.so
[1.324s] -- Up-to-date: /home/mpcmeulensteen/blackboard_ws/install/map_msgs/share/map_msgs/environment/pythonpath.sh
[1.324s] -- Up-to-date: /home/mpcmeulensteen/blackboard_ws/install/map_msgs/share/map_msgs/environment/pythonpath.dsv
[1.324s] -- Up-to-date: /home/mpcmeulensteen/blackboard_ws/install/map_msgs/lib/python3.8/site-packages/map_msgs/__init__.py
[1.384s] -- Up-to-date: /home/mpcmeulensteen/blackboard_ws/install/map_msgs/lib/python3.8/site-packages/map_msgs/msg
[1.385s] -- Up-to-date: /home/mpcmeulensteen/blackboard_ws/install/map_msgs/lib/python3.8/site-packages/map_msgs/msg/_point_cloud2_update_s.c
[1.385s] -- Up-to-date: /home/mpcmeulensteen/blackboard_ws/install/map_msgs/lib/python3.8/site-packages/map_msgs/msg/_occupancy_grid_update_s.c
[1.385s] -- Up-to-date: /home/mpcmeulensteen/blackboard_ws/install/map_msgs/lib/python3.8/site-packages/map_msgs/msg/_projected_map_s.c
[1.385s] -- Up-to-date: /home/mpcmeulensteen/blackboard_ws/install/map_msgs/lib/python3.8/site-packages/map_msgs/msg/_projected_map_info_s.c
[1.385s] -- Up-to-date: /home/mpcmeulensteen/blackboard_ws/install/map_msgs/lib/python3.8/site-packages/map_msgs/msg/_point_cloud2_update.py
[1.385s] -- Up-to-date: /home/mpcmeulensteen/blackboard_ws/install/map_msgs/lib/python3.8/site-packages/map_msgs/msg/_projected_map.py
[1.385s] -- Up-to-date: /home/mpcmeulensteen/blackboard_ws/install/map_msgs/lib/python3.8/site-packages/map_msgs/msg/_projected_map_info.py
[1.386s] -- Up-to-date: /home/mpcmeulensteen/blackboard_ws/install/map_msgs/lib/python3.8/site-packages/map_msgs/msg/__init__.py
[1.386s] -- Up-to-date: /home/mpcmeulensteen/blackboard_ws/install/map_msgs/lib/python3.8/site-packages/map_msgs/msg/_occupancy_grid_update.py
[1.386s] -- Up-to-date: /home/mpcmeulensteen/blackboard_ws/install/map_msgs/lib/python3.8/site-packages/map_msgs/srv
[1.387s] -- Up-to-date: /home/mpcmeulensteen/blackboard_ws/install/map_msgs/lib/python3.8/site-packages/map_msgs/srv/_projected_maps_info_s.c
[1.387s] -- Up-to-date: /home/mpcmeulensteen/blackboard_ws/install/map_msgs/lib/python3.8/site-packages/map_msgs/srv/_get_point_map.py
[1.387s] -- Up-to-date: /home/mpcmeulensteen/blackboard_ws/install/map_msgs/lib/python3.8/site-packages/map_msgs/srv/_save_map.py
[1.387s] -- Up-to-date: /home/mpcmeulensteen/blackboard_ws/install/map_msgs/lib/python3.8/site-packages/map_msgs/srv/_get_map_roi_s.c
[1.387s] -- Up-to-date: /home/mpcmeulensteen/blackboard_ws/install/map_msgs/lib/python3.8/site-packages/map_msgs/srv/_projected_maps_info.py
[1.387s] -- Up-to-date: /home/mpcmeulensteen/blackboard_ws/install/map_msgs/lib/python3.8/site-packages/map_msgs/srv/__init__.py
[1.387s] -- Up-to-date: /home/mpcmeulensteen/blackboard_ws/install/map_msgs/lib/python3.8/site-packages/map_msgs/srv/_set_map_projections.py
[1.387s] -- Up-to-date: /home/mpcmeulensteen/blackboard_ws/install/map_msgs/lib/python3.8/site-packages/map_msgs/srv/_save_map_s.c
[1.387s] -- Up-to-date: /home/mpcmeulensteen/blackboard_ws/install/map_msgs/lib/python3.8/site-packages/map_msgs/srv/_get_point_map_roi_s.c
[1.387s] -- Up-to-date: /home/mpcmeulensteen/blackboard_ws/install/map_msgs/lib/python3.8/site-packages/map_msgs/srv/_get_map_roi.py
[1.387s] -- Up-to-date: /home/mpcmeulensteen/blackboard_ws/install/map_msgs/lib/python3.8/site-packages/map_msgs/srv/_get_point_map_roi.py
[1.387s] -- Up-to-date: /home/mpcmeulensteen/blackboard_ws/install/map_msgs/lib/python3.8/site-packages/map_msgs/srv/_get_point_map_s.c
[1.387s] -- Up-to-date: /home/mpcmeulensteen/blackboard_ws/install/map_msgs/lib/python3.8/site-packages/map_msgs/srv/_set_map_projections_s.c
[1.388s] -- Up-to-date: /home/mpcmeulensteen/blackboard_ws/install/map_msgs/lib/python3.8/site-packages/map_msgs/map_msgs_s__rosidl_typesupport_fastrtps_c.cpython-38-x86_64-linux-gnu.so
[1.388s] -- Up-to-date: /home/mpcmeulensteen/blackboard_ws/install/map_msgs/lib/python3.8/site-packages/map_msgs/map_msgs_s__rosidl_typesupport_introspection_c.cpython-38-x86_64-linux-gnu.so
[1.388s] -- Up-to-date: /home/mpcmeulensteen/blackboard_ws/install/map_msgs/lib/python3.8/site-packages/map_msgs/map_msgs_s__rosidl_typesupport_c.cpython-38-x86_64-linux-gnu.so
[1.389s] -- Up-to-date: /home/mpcmeulensteen/blackboard_ws/install/map_msgs/lib/libmap_msgs__python.so
[1.389s] -- Up-to-date: /home/mpcmeulensteen/blackboard_ws/install/map_msgs/share/map_msgs/msg/OccupancyGridUpdate.idl
[1.389s] -- Up-to-date: /home/mpcmeulensteen/blackboard_ws/install/map_msgs/share/map_msgs/msg/PointCloud2Update.idl
[1.390s] -- Up-to-date: /home/mpcmeulensteen/blackboard_ws/install/map_msgs/share/map_msgs/msg/ProjectedMapInfo.idl
[1.390s] -- Up-to-date: /home/mpcmeulensteen/blackboard_ws/install/map_msgs/share/map_msgs/msg/ProjectedMap.idl
[1.390s] -- Up-to-date: /home/mpcmeulensteen/blackboard_ws/install/map_msgs/share/map_msgs/srv/GetMapROI.idl
[1.390s] -- Up-to-date: /home/mpcmeulensteen/blackboard_ws/install/map_msgs/share/map_msgs/srv/GetPointMapROI.idl
[1.390s] -- Up-to-date: /home/mpcmeulensteen/blackboard_ws/install/map_msgs/share/map_msgs/srv/GetPointMap.idl
[1.391s] -- Up-to-date: /home/mpcmeulensteen/blackboard_ws/install/map_msgs/share/map_msgs/srv/ProjectedMapsInfo.idl
[1.391s] -- Up-to-date: /home/mpcmeulensteen/blackboard_ws/install/map_msgs/share/map_msgs/srv/SaveMap.idl
[1.391s] -- Up-to-date: /home/mpcmeulensteen/blackboard_ws/install/map_msgs/share/map_msgs/srv/SetMapProjections.idl
[1.391s] -- Up-to-date: /home/mpcmeulensteen/blackboard_ws/install/map_msgs/share/map_msgs/msg/OccupancyGridUpdate.msg
[1.391s] -- Up-to-date: /home/mpcmeulensteen/blackboard_ws/install/map_msgs/share/map_msgs/msg/PointCloud2Update.msg
[1.391s] -- Up-to-date: /home/mpcmeulensteen/blackboard_ws/install/map_msgs/share/map_msgs/msg/ProjectedMapInfo.msg
[1.392s] -- Up-to-date: /home/mpcmeulensteen/blackboard_ws/install/map_msgs/share/map_msgs/msg/ProjectedMap.msg
[1.392s] -- Up-to-date: /home/mpcmeulensteen/blackboard_ws/install/map_msgs/share/map_msgs/srv/GetMapROI.srv
[1.392s] -- Up-to-date: /home/mpcmeulensteen/blackboard_ws/install/map_msgs/share/map_msgs/srv/GetMapROI_Request.msg
[1.392s] -- Up-to-date: /home/mpcmeulensteen/blackboard_ws/install/map_msgs/share/map_msgs/srv/GetMapROI_Response.msg
[1.392s] -- Up-to-date: /home/mpcmeulensteen/blackboard_ws/install/map_msgs/share/map_msgs/srv/GetPointMapROI.srv
[1.392s] -- Up-to-date: /home/mpcmeulensteen/blackboard_ws/install/map_msgs/share/map_msgs/srv/GetPointMapROI_Request.msg
[1.393s] -- Up-to-date: /home/mpcmeulensteen/blackboard_ws/install/map_msgs/share/map_msgs/srv/GetPointMapROI_Response.msg
[1.393s] -- Up-to-date: /home/mpcmeulensteen/blackboard_ws/install/map_msgs/share/map_msgs/srv/GetPointMap.srv
[1.393s] -- Up-to-date: /home/mpcmeulensteen/blackboard_ws/install/map_msgs/share/map_msgs/srv/GetPointMap_Request.msg
[1.393s] -- Up-to-date: /home/mpcmeulensteen/blackboard_ws/install/map_msgs/share/map_msgs/srv/GetPointMap_Response.msg
[1.393s] -- Up-to-date: /home/mpcmeulensteen/blackboard_ws/install/map_msgs/share/map_msgs/srv/ProjectedMapsInfo.srv
[1.393s] -- Up-to-date: /home/mpcmeulensteen/blackboard_ws/install/map_msgs/share/map_msgs/srv/ProjectedMapsInfo_Request.msg
[1.394s] -- Up-to-date: /home/mpcmeulensteen/blackboard_ws/install/map_msgs/share/map_msgs/srv/ProjectedMapsInfo_Response.msg
[1.394s] -- Up-to-date: /home/mpcmeulensteen/blackboard_ws/install/map_msgs/share/map_msgs/srv/SaveMap.srv
[1.394s] -- Up-to-date: /home/mpcmeulensteen/blackboard_ws/install/map_msgs/share/map_msgs/srv/SaveMap_Request.msg
[1.394s] -- Up-to-date: /home/mpcmeulensteen/blackboard_ws/install/map_msgs/share/map_msgs/srv/SaveMap_Response.msg
[1.394s] -- Up-to-date: /home/mpcmeulensteen/blackboard_ws/install/map_msgs/share/map_msgs/srv/SetMapProjections.srv
[1.395s] -- Up-to-date: /home/mpcmeulensteen/blackboard_ws/install/map_msgs/share/map_msgs/srv/SetMapProjections_Request.msg
[1.395s] -- Up-to-date: /home/mpcmeulensteen/blackboard_ws/install/map_msgs/share/map_msgs/srv/SetMapProjections_Response.msg
[1.395s] -- Up-to-date: /home/mpcmeulensteen/blackboard_ws/install/map_msgs/share/ament_index/resource_index/package_run_dependencies/map_msgs
[1.395s] -- Up-to-date: /home/mpcmeulensteen/blackboard_ws/install/map_msgs/share/ament_index/resource_index/parent_prefix_path/map_msgs
[1.395s] -- Up-to-date: /home/mpcmeulensteen/blackboard_ws/install/map_msgs/share/map_msgs/environment/ament_prefix_path.sh
[1.395s] -- Up-to-date: /home/mpcmeulensteen/blackboard_ws/install/map_msgs/share/map_msgs/environment/ament_prefix_path.dsv
[1.396s] -- Up-to-date: /home/mpcmeulensteen/blackboard_ws/install/map_msgs/share/map_msgs/environment/path.sh
[1.396s] -- Up-to-date: /home/mpcmeulensteen/blackboard_ws/install/map_msgs/share/map_msgs/environment/path.dsv
[1.396s] -- Up-to-date: /home/mpcmeulensteen/blackboard_ws/install/map_msgs/share/map_msgs/local_setup.bash
[1.397s] -- Up-to-date: /home/mpcmeulensteen/blackboard_ws/install/map_msgs/share/map_msgs/local_setup.sh
[1.397s] -- Up-to-date: /home/mpcmeulensteen/blackboard_ws/install/map_msgs/share/map_msgs/local_setup.zsh
[1.397s] -- Up-to-date: /home/mpcmeulensteen/blackboard_ws/install/map_msgs/share/map_msgs/local_setup.dsv
[1.397s] -- Installing: /home/mpcmeulensteen/blackboard_ws/install/map_msgs/share/map_msgs/package.dsv
[1.397s] -- Up-to-date: /home/mpcmeulensteen/blackboard_ws/install/map_msgs/share/ament_index/resource_index/packages/map_msgs
[1.397s] -- Up-to-date: /home/mpcmeulensteen/blackboard_ws/install/map_msgs/share/map_msgs/cmake/map_msgs__rosidl_generator_cExport.cmake
[1.398s] -- Up-to-date: /home/mpcmeulensteen/blackboard_ws/install/map_msgs/share/map_msgs/cmake/map_msgs__rosidl_generator_cExport-noconfig.cmake
[1.398s] -- Up-to-date: /home/mpcmeulensteen/blackboard_ws/install/map_msgs/share/map_msgs/cmake/map_msgs__rosidl_typesupport_introspection_cExport.cmake
[1.398s] -- Up-to-date: /home/mpcmeulensteen/blackboard_ws/install/map_msgs/share/map_msgs/cmake/map_msgs__rosidl_typesupport_introspection_cExport-noconfig.cmake
[1.399s] -- Up-to-date: /home/mpcmeulensteen/blackboard_ws/install/map_msgs/share/map_msgs/cmake/map_msgs__rosidl_typesupport_cExport.cmake
[1.399s] -- Up-to-date: /home/mpcmeulensteen/blackboard_ws/install/map_msgs/share/map_msgs/cmake/map_msgs__rosidl_typesupport_cExport-noconfig.cmake
[1.399s] -- Up-to-date: /home/mpcmeulensteen/blackboard_ws/install/map_msgs/share/map_msgs/cmake/map_msgs__rosidl_generator_cppExport.cmake
[1.400s] -- Up-to-date: /home/mpcmeulensteen/blackboard_ws/install/map_msgs/share/map_msgs/cmake/map_msgs__rosidl_typesupport_introspection_cppExport.cmake
[1.400s] -- Up-to-date: /home/mpcmeulensteen/blackboard_ws/install/map_msgs/share/map_msgs/cmake/map_msgs__rosidl_typesupport_introspection_cppExport-noconfig.cmake
[1.400s] -- Up-to-date: /home/mpcmeulensteen/blackboard_ws/install/map_msgs/share/map_msgs/cmake/map_msgs__rosidl_typesupport_cppExport.cmake
[1.400s] -- Up-to-date: /home/mpcmeulensteen/blackboard_ws/install/map_msgs/share/map_msgs/cmake/map_msgs__rosidl_typesupport_cppExport-noconfig.cmake
[1.401s] -- Up-to-date: /home/mpcmeulensteen/blackboard_ws/install/map_msgs/share/map_msgs/cmake/rosidl_cmake-extras.cmake
[1.401s] -- Up-to-date: /home/mpcmeulensteen/blackboard_ws/install/map_msgs/share/map_msgs/cmake/ament_cmake_export_dependencies-extras.cmake
[1.401s] -- Up-to-date: /home/mpcmeulensteen/blackboard_ws/install/map_msgs/share/map_msgs/cmake/ament_cmake_export_libraries-extras.cmake
[1.401s] -- Up-to-date: /home/mpcmeulensteen/blackboard_ws/install/map_msgs/share/map_msgs/cmake/ament_cmake_export_targets-extras.cmake
[1.402s] -- Up-to-date: /home/mpcmeulensteen/blackboard_ws/install/map_msgs/share/map_msgs/cmake/ament_cmake_export_include_directories-extras.cmake
[1.402s] -- Up-to-date: /home/mpcmeulensteen/blackboard_ws/install/map_msgs/share/map_msgs/cmake/rosidl_cmake_export_typesupport_libraries-extras.cmake
[1.402s] -- Up-to-date: /home/mpcmeulensteen/blackboard_ws/install/map_msgs/share/map_msgs/cmake/rosidl_cmake_export_typesupport_targets-extras.cmake
[1.402s] -- Up-to-date: /home/mpcmeulensteen/blackboard_ws/install/map_msgs/share/map_msgs/cmake/map_msgsConfig.cmake
[1.402s] -- Up-to-date: /home/mpcmeulensteen/blackboard_ws/install/map_msgs/share/map_msgs/cmake/map_msgsConfig-version.cmake
[1.403s] -- Up-to-date: /home/mpcmeulensteen/blackboard_ws/install/map_msgs/share/map_msgs/package.xml
[1.415s] Invoked command in '/home/mpcmeulensteen/blackboard_ws/build/map_msgs' returned '0': CMAKE_PREFIX_PATH=${CMAKE_PREFIX_PATH}:/home/mpcmeulensteen/turtlebot3_ws/install/turtlebot3_teleop:/home/mpcmeulensteen/turtlebot3_ws/install/turtlebot3_example:/home/mpcmeulensteen/colcon_ws/install/turtlebot3_teleop:/home/mpcmeulensteen/colcon_ws/install/turtlebot3_example:/opt/ros/foxy /usr/bin/cmake --install /home/mpcmeulensteen/blackboard_ws/build/map_msgs
