[0.246s] Invoking command in '/home/mpcmeulensteen/blackboard_ws/src/ros2_blackboard': PYTHONPATH=/home/mpcmeulensteen/blackboard_ws/install/ros2_blackboard/lib/python3.8/site-packages:${PYTHONPATH} /usr/bin/python3 setup.py egg_info --egg-base ../../build/ros2_blackboard build --build-base /home/mpcmeulensteen/blackboard_ws/build/ros2_blackboard/build install --prefix /home/mpcmeulensteen/blackboard_ws/install/ros2_blackboard --record /home/mpcmeulensteen/blackboard_ws/build/ros2_blackboard/install.log --single-version-externally-managed
[0.454s] running egg_info
[0.454s] writing ../../build/ros2_blackboard/ros2_blackboard.egg-info/PKG-INFO
[0.454s] writing dependency_links to ../../build/ros2_blackboard/ros2_blackboard.egg-info/dependency_links.txt
[0.455s] writing entry points to ../../build/ros2_blackboard/ros2_blackboard.egg-info/entry_points.txt
[0.455s] writing requirements to ../../build/ros2_blackboard/ros2_blackboard.egg-info/requires.txt
[0.455s] writing top-level names to ../../build/ros2_blackboard/ros2_blackboard.egg-info/top_level.txt
[0.488s] reading manifest file '../../build/ros2_blackboard/ros2_blackboard.egg-info/SOURCES.txt'
[0.489s] writing manifest file '../../build/ros2_blackboard/ros2_blackboard.egg-info/SOURCES.txt'
[0.489s] running build
[0.489s] running build_py
[0.489s] copying ros2_blackboard/RosCommunication.py -> /home/mpcmeulensteen/blackboard_ws/build/ros2_blackboard/build/lib/ros2_blackboard
[0.490s] running install
[0.490s] running install_lib
[0.491s] copying /home/mpcmeulensteen/blackboard_ws/build/ros2_blackboard/build/lib/ros2_blackboard/RosCommunication.py -> /home/mpcmeulensteen/blackboard_ws/install/ros2_blackboard/lib/python3.8/site-packages/ros2_blackboard
[0.492s] byte-compiling /home/mpcmeulensteen/blackboard_ws/install/ros2_blackboard/lib/python3.8/site-packages/ros2_blackboard/RosCommunication.py to RosCommunication.cpython-38.pyc
[0.493s] running install_data
[0.493s] copying package.xml -> /home/mpcmeulensteen/blackboard_ws/install/ros2_blackboard/share/ros2_blackboard
[0.493s] running install_egg_info
[0.495s] removing '/home/mpcmeulensteen/blackboard_ws/install/ros2_blackboard/lib/python3.8/site-packages/ros2_blackboard-0.0.0-py3.8.egg-info' (and everything under it)
[0.495s] Copying ../../build/ros2_blackboard/ros2_blackboard.egg-info to /home/mpcmeulensteen/blackboard_ws/install/ros2_blackboard/lib/python3.8/site-packages/ros2_blackboard-0.0.0-py3.8.egg-info
[0.496s] running install_scripts
[0.511s] Installing RosCommunication script to /home/mpcmeulensteen/blackboard_ws/install/ros2_blackboard/lib/ros2_blackboard
[0.511s] writing list of installed files to '/home/mpcmeulensteen/blackboard_ws/build/ros2_blackboard/install.log'
[0.532s] Invoked command in '/home/mpcmeulensteen/blackboard_ws/src/ros2_blackboard' returned '0': PYTHONPATH=/home/mpcmeulensteen/blackboard_ws/install/ros2_blackboard/lib/python3.8/site-packages:${PYTHONPATH} /usr/bin/python3 setup.py egg_info --egg-base ../../build/ros2_blackboard build --build-base /home/mpcmeulensteen/blackboard_ws/build/ros2_blackboard/build install --prefix /home/mpcmeulensteen/blackboard_ws/install/ros2_blackboard --record /home/mpcmeulensteen/blackboard_ws/build/ros2_blackboard/install.log --single-version-externally-managed
