[0.395s] Invoking command in '/home/mpcmeulensteen/blackboard_ws/src/navigation': PYTHONPATH=/home/mpcmeulensteen/blackboard_ws/install/navigation/lib/python3.8/site-packages:${PYTHONPATH} /usr/bin/python3 setup.py egg_info --egg-base ../../build/navigation build --build-base /home/mpcmeulensteen/blackboard_ws/build/navigation/build install --prefix /home/mpcmeulensteen/blackboard_ws/install/navigation --record /home/mpcmeulensteen/blackboard_ws/build/navigation/install.log --single-version-externally-managed
[0.690s] running egg_info
[0.690s] writing ../../build/navigation/navigation.egg-info/PKG-INFO
[0.691s] writing dependency_links to ../../build/navigation/navigation.egg-info/dependency_links.txt
[0.692s] writing entry points to ../../build/navigation/navigation.egg-info/entry_points.txt
[0.692s] writing requirements to ../../build/navigation/navigation.egg-info/requires.txt
[0.693s] writing top-level names to ../../build/navigation/navigation.egg-info/top_level.txt
[0.783s] reading manifest file '../../build/navigation/navigation.egg-info/SOURCES.txt'
[0.784s] writing manifest file '../../build/navigation/navigation.egg-info/SOURCES.txt'
[0.785s] running build
[0.785s] running build_py
[0.785s] running install
[0.786s] running install_lib
[0.788s] running install_data
[0.788s] copying launch/simulation.launch.py -> /home/mpcmeulensteen/blackboard_ws/install/navigation/share/navigation
[0.790s] running install_egg_info
[0.793s] removing '/home/mpcmeulensteen/blackboard_ws/install/navigation/lib/python3.8/site-packages/navigation-0.0.0-py3.8.egg-info' (and everything under it)
[0.793s] Copying ../../build/navigation/navigation.egg-info to /home/mpcmeulensteen/blackboard_ws/install/navigation/lib/python3.8/site-packages/navigation-0.0.0-py3.8.egg-info
[0.794s] running install_scripts
[0.810s] writing list of installed files to '/home/mpcmeulensteen/blackboard_ws/build/navigation/install.log'
[0.834s] Invoked command in '/home/mpcmeulensteen/blackboard_ws/src/navigation' returned '0': PYTHONPATH=/home/mpcmeulensteen/blackboard_ws/install/navigation/lib/python3.8/site-packages:${PYTHONPATH} /usr/bin/python3 setup.py egg_info --egg-base ../../build/navigation build --build-base /home/mpcmeulensteen/blackboard_ws/build/navigation/build install --prefix /home/mpcmeulensteen/blackboard_ws/install/navigation --record /home/mpcmeulensteen/blackboard_ws/build/navigation/install.log --single-version-externally-managed
