[0.048s] Invoking command in '/home/mpcmeulensteen/blackboard_ws/build/message_pkg': CMAKE_PREFIX_PATH=${CMAKE_PREFIX_PATH}:/home/mpcmeulensteen/blackboard_ws/install/turtlebot3_teleop:/home/mpcmeulensteen/blackboard_ws/install/turtlebot3_example:/home/mpcmeulensteen/blackboard_ws/install/tf_transformations:/home/mpcmeulensteen/blackboard_ws/install/ros2_blackboard:/home/mpcmeulensteen/blackboard_ws/install/ros2_bbinstance:/opt/ros/foxy /usr/bin/cmake --build /home/mpcmeulensteen/blackboard_ws/build/message_pkg -- -j2 -l2
[0.311s] [ 11%] Built target message_pkg__rosidl_generator_c
[0.314s] [ 12%] Built target message_pkg__cpp
[0.437s] [ 23%] Built target message_pkg__rosidl_typesupport_c
[0.444s] [ 34%] Built target message_pkg__rosidl_typesupport_introspection_c
[0.542s] [ 46%] Built target message_pkg__rosidl_typesupport_cpp
[0.572s] [ 57%] Built target message_pkg__rosidl_typesupport_fastrtps_cpp
[0.655s] [ 68%] Built target message_pkg__rosidl_typesupport_introspection_cpp
[0.695s] [ 79%] Built target message_pkg__rosidl_typesupport_fastrtps_c
[0.846s] [ 79%] Built target message_pkg
[0.896s] [ 80%] Built target message_pkg__py
[0.974s] [ 90%] Built target message_pkg__python
[1.056s] [ 93%] Built target message_pkg__rosidl_typesupport_introspection_c__pyext
[1.079s] [ 96%] Built target message_pkg__rosidl_typesupport_fastrtps_c__pyext
[1.145s] [100%] Built target message_pkg__rosidl_typesupport_c__pyext
[1.213s] Invoked command in '/home/mpcmeulensteen/blackboard_ws/build/message_pkg' returned '0': CMAKE_PREFIX_PATH=${CMAKE_PREFIX_PATH}:/home/mpcmeulensteen/blackboard_ws/install/turtlebot3_teleop:/home/mpcmeulensteen/blackboard_ws/install/turtlebot3_example:/home/mpcmeulensteen/blackboard_ws/install/tf_transformations:/home/mpcmeulensteen/blackboard_ws/install/ros2_blackboard:/home/mpcmeulensteen/blackboard_ws/install/ros2_bbinstance:/opt/ros/foxy /usr/bin/cmake --build /home/mpcmeulensteen/blackboard_ws/build/message_pkg -- -j2 -l2
[1.760s] Invoking command in '/home/mpcmeulensteen/blackboard_ws/build/message_pkg': CMAKE_PREFIX_PATH=${CMAKE_PREFIX_PATH}:/home/mpcmeulensteen/blackboard_ws/install/turtlebot3_teleop:/home/mpcmeulensteen/blackboard_ws/install/turtlebot3_example:/home/mpcmeulensteen/blackboard_ws/install/tf_transformations:/home/mpcmeulensteen/blackboard_ws/install/ros2_blackboard:/home/mpcmeulensteen/blackboard_ws/install/ros2_bbinstance:/opt/ros/foxy /usr/bin/cmake --install /home/mpcmeulensteen/blackboard_ws/build/message_pkg
[1.812s] -- Install configuration: ""
[1.813s] -- Up-to-date: /home/mpcmeulensteen/blackboard_ws/install/message_pkg/share/ament_index/resource_index/rosidl_interfaces/message_pkg
[1.813s] -- Up-to-date: /home/mpcmeulensteen/blackboard_ws/install/message_pkg/include/message_pkg
[1.815s] -- Up-to-date: /home/mpcmeulensteen/blackboard_ws/install/message_pkg/include/message_pkg/msg
[1.816s] -- Up-to-date: /home/mpcmeulensteen/blackboard_ws/install/message_pkg/include/message_pkg/msg/rosidl_generator_c__visibility_control.h
[1.816s] -- Up-to-date: /home/mpcmeulensteen/blackboard_ws/install/message_pkg/include/message_pkg/msg/b_bsynch.h
[1.816s] -- Up-to-date: /home/mpcmeulensteen/blackboard_ws/install/message_pkg/include/message_pkg/msg/task_msg.h
[1.817s] -- Up-to-date: /home/mpcmeulensteen/blackboard_ws/install/message_pkg/include/message_pkg/msg/b_bbackup.h
[1.817s] -- Up-to-date: /home/mpcmeulensteen/blackboard_ws/install/message_pkg/include/message_pkg/msg/task_cost.h
[1.817s] -- Up-to-date: /home/mpcmeulensteen/blackboard_ws/install/message_pkg/include/message_pkg/msg/detail
[1.818s] -- Up-to-date: /home/mpcmeulensteen/blackboard_ws/install/message_pkg/include/message_pkg/msg/detail/task_msg__functions.h
[1.818s] -- Up-to-date: /home/mpcmeulensteen/blackboard_ws/install/message_pkg/include/message_pkg/msg/detail/task_state_msg__functions.h
[1.818s] -- Up-to-date: /home/mpcmeulensteen/blackboard_ws/install/message_pkg/include/message_pkg/msg/detail/b_bsynch__functions.c
[1.819s] -- Up-to-date: /home/mpcmeulensteen/blackboard_ws/install/message_pkg/include/message_pkg/msg/detail/task_msg__functions.c
[1.819s] -- Up-to-date: /home/mpcmeulensteen/blackboard_ws/install/message_pkg/include/message_pkg/msg/detail/b_bsynch__functions.h
[1.819s] -- Up-to-date: /home/mpcmeulensteen/blackboard_ws/install/message_pkg/include/message_pkg/msg/detail/task_msg__type_support.h
[1.820s] -- Up-to-date: /home/mpcmeulensteen/blackboard_ws/install/message_pkg/include/message_pkg/msg/detail/task_cost__type_support.h
[1.820s] -- Up-to-date: /home/mpcmeulensteen/blackboard_ws/install/message_pkg/include/message_pkg/msg/detail/b_bsynch__struct.h
[1.820s] -- Up-to-date: /home/mpcmeulensteen/blackboard_ws/install/message_pkg/include/message_pkg/msg/detail/task_state_msg__type_support.h
[1.821s] -- Up-to-date: /home/mpcmeulensteen/blackboard_ws/install/message_pkg/include/message_pkg/msg/detail/b_bbackup__functions.h
[1.821s] -- Up-to-date: /home/mpcmeulensteen/blackboard_ws/install/message_pkg/include/message_pkg/msg/detail/task_cost__struct.h
[1.821s] -- Up-to-date: /home/mpcmeulensteen/blackboard_ws/install/message_pkg/include/message_pkg/msg/detail/b_bsynch__type_support.h
[1.822s] -- Up-to-date: /home/mpcmeulensteen/blackboard_ws/install/message_pkg/include/message_pkg/msg/detail/task_state_msg__functions.c
[1.822s] -- Up-to-date: /home/mpcmeulensteen/blackboard_ws/install/message_pkg/include/message_pkg/msg/detail/task_msg__struct.h
[1.822s] -- Up-to-date: /home/mpcmeulensteen/blackboard_ws/install/message_pkg/include/message_pkg/msg/detail/b_bbackup__type_support.h
[1.823s] -- Up-to-date: /home/mpcmeulensteen/blackboard_ws/install/message_pkg/include/message_pkg/msg/detail/task_state_msg__struct.h
[1.823s] -- Up-to-date: /home/mpcmeulensteen/blackboard_ws/install/message_pkg/include/message_pkg/msg/detail/b_bbackup__functions.c
[1.823s] -- Up-to-date: /home/mpcmeulensteen/blackboard_ws/install/message_pkg/include/message_pkg/msg/detail/task_cost__functions.h
[1.824s] -- Up-to-date: /home/mpcmeulensteen/blackboard_ws/install/message_pkg/include/message_pkg/msg/detail/b_bbackup__struct.h
[1.824s] -- Up-to-date: /home/mpcmeulensteen/blackboard_ws/install/message_pkg/include/message_pkg/msg/detail/task_cost__functions.c
[1.824s] -- Up-to-date: /home/mpcmeulensteen/blackboard_ws/install/message_pkg/include/message_pkg/msg/task_state_msg.h
[1.825s] -- Up-to-date: /home/mpcmeulensteen/blackboard_ws/install/message_pkg/share/message_pkg/environment/library_path.sh
[1.826s] -- Up-to-date: /home/mpcmeulensteen/blackboard_ws/install/message_pkg/share/message_pkg/environment/library_path.dsv
[1.827s] -- Up-to-date: /home/mpcmeulensteen/blackboard_ws/install/message_pkg/lib/libmessage_pkg__rosidl_generator_c.so
[1.834s] -- Up-to-date: /home/mpcmeulensteen/blackboard_ws/install/message_pkg/include/message_pkg
[1.834s] -- Up-to-date: /home/mpcmeulensteen/blackboard_ws/install/message_pkg/include/message_pkg/msg
[1.835s] -- Up-to-date: /home/mpcmeulensteen/blackboard_ws/install/message_pkg/include/message_pkg/msg/detail
[1.835s] -- Up-to-date: /home/mpcmeulensteen/blackboard_ws/install/message_pkg/include/message_pkg/msg/detail/b_bbackup__rosidl_typesupport_fastrtps_c.h
[1.836s] -- Up-to-date: /home/mpcmeulensteen/blackboard_ws/install/message_pkg/include/message_pkg/msg/detail/task_cost__rosidl_typesupport_fastrtps_c.h
[1.836s] -- Up-to-date: /home/mpcmeulensteen/blackboard_ws/install/message_pkg/include/message_pkg/msg/detail/b_bsynch__rosidl_typesupport_fastrtps_c.h
[1.837s] -- Up-to-date: /home/mpcmeulensteen/blackboard_ws/install/message_pkg/include/message_pkg/msg/detail/task_msg__rosidl_typesupport_fastrtps_c.h
[1.837s] -- Up-to-date: /home/mpcmeulensteen/blackboard_ws/install/message_pkg/include/message_pkg/msg/detail/task_state_msg__rosidl_typesupport_fastrtps_c.h
[1.838s] -- Up-to-date: /home/mpcmeulensteen/blackboard_ws/install/message_pkg/include/message_pkg/msg/rosidl_typesupport_fastrtps_c__visibility_control.h
[1.838s] -- Up-to-date: /home/mpcmeulensteen/blackboard_ws/install/message_pkg/lib/libmessage_pkg__rosidl_typesupport_fastrtps_c.so
[1.839s] -- Up-to-date: /home/mpcmeulensteen/blackboard_ws/install/message_pkg/include/message_pkg
[1.840s] -- Up-to-date: /home/mpcmeulensteen/blackboard_ws/install/message_pkg/include/message_pkg/msg
[1.841s] -- Up-to-date: /home/mpcmeulensteen/blackboard_ws/install/message_pkg/include/message_pkg/msg/detail
[1.841s] -- Up-to-date: /home/mpcmeulensteen/blackboard_ws/install/message_pkg/include/message_pkg/msg/detail/task_cost__rosidl_typesupport_fastrtps_cpp.hpp
[1.841s] -- Up-to-date: /home/mpcmeulensteen/blackboard_ws/install/message_pkg/include/message_pkg/msg/detail/task_msg__rosidl_typesupport_fastrtps_cpp.hpp
[1.842s] -- Up-to-date: /home/mpcmeulensteen/blackboard_ws/install/message_pkg/include/message_pkg/msg/detail/b_bbackup__rosidl_typesupport_fastrtps_cpp.hpp
[1.842s] -- Up-to-date: /home/mpcmeulensteen/blackboard_ws/install/message_pkg/include/message_pkg/msg/detail/dds_fastrtps
[1.842s] -- Up-to-date: /home/mpcmeulensteen/blackboard_ws/install/message_pkg/include/message_pkg/msg/detail/b_bsynch__rosidl_typesupport_fastrtps_cpp.hpp
[1.843s] -- Up-to-date: /home/mpcmeulensteen/blackboard_ws/install/message_pkg/include/message_pkg/msg/detail/task_state_msg__rosidl_typesupport_fastrtps_cpp.hpp
[1.843s] -- Up-to-date: /home/mpcmeulensteen/blackboard_ws/install/message_pkg/include/message_pkg/msg/rosidl_typesupport_fastrtps_cpp__visibility_control.h
[1.844s] -- Up-to-date: /home/mpcmeulensteen/blackboard_ws/install/message_pkg/lib/libmessage_pkg__rosidl_typesupport_fastrtps_cpp.so
[1.845s] -- Up-to-date: /home/mpcmeulensteen/blackboard_ws/install/message_pkg/include/message_pkg
[1.845s] -- Up-to-date: /home/mpcmeulensteen/blackboard_ws/install/message_pkg/include/message_pkg/msg
[1.846s] -- Up-to-date: /home/mpcmeulensteen/blackboard_ws/install/message_pkg/include/message_pkg/msg/rosidl_typesupport_introspection_c__visibility_control.h
[1.846s] -- Up-to-date: /home/mpcmeulensteen/blackboard_ws/install/message_pkg/include/message_pkg/msg/detail
[1.846s] -- Up-to-date: /home/mpcmeulensteen/blackboard_ws/install/message_pkg/include/message_pkg/msg/detail/task_cost__rosidl_typesupport_introspection_c.h
[1.847s] -- Up-to-date: /home/mpcmeulensteen/blackboard_ws/install/message_pkg/include/message_pkg/msg/detail/b_bbackup__rosidl_typesupport_introspection_c.h
[1.847s] -- Up-to-date: /home/mpcmeulensteen/blackboard_ws/install/message_pkg/include/message_pkg/msg/detail/b_bsynch__rosidl_typesupport_introspection_c.h
[1.848s] -- Up-to-date: /home/mpcmeulensteen/blackboard_ws/install/message_pkg/include/message_pkg/msg/detail/task_msg__type_support.c
[1.849s] -- Up-to-date: /home/mpcmeulensteen/blackboard_ws/install/message_pkg/include/message_pkg/msg/detail/task_cost__type_support.c
[1.849s] -- Up-to-date: /home/mpcmeulensteen/blackboard_ws/install/message_pkg/include/message_pkg/msg/detail/task_state_msg__rosidl_typesupport_introspection_c.h
[1.850s] -- Up-to-date: /home/mpcmeulensteen/blackboard_ws/install/message_pkg/include/message_pkg/msg/detail/b_bsynch__type_support.c
[1.850s] -- Up-to-date: /home/mpcmeulensteen/blackboard_ws/install/message_pkg/include/message_pkg/msg/detail/b_bbackup__type_support.c
[1.851s] -- Up-to-date: /home/mpcmeulensteen/blackboard_ws/install/message_pkg/include/message_pkg/msg/detail/task_state_msg__type_support.c
[1.851s] -- Up-to-date: /home/mpcmeulensteen/blackboard_ws/install/message_pkg/include/message_pkg/msg/detail/task_msg__rosidl_typesupport_introspection_c.h
[1.852s] -- Up-to-date: /home/mpcmeulensteen/blackboard_ws/install/message_pkg/lib/libmessage_pkg__rosidl_typesupport_introspection_c.so
[1.852s] -- Up-to-date: /home/mpcmeulensteen/blackboard_ws/install/message_pkg/lib/libmessage_pkg__rosidl_typesupport_c.so
[1.853s] -- Up-to-date: /home/mpcmeulensteen/blackboard_ws/install/message_pkg/include/message_pkg
[1.854s] -- Up-to-date: /home/mpcmeulensteen/blackboard_ws/install/message_pkg/include/message_pkg/msg
[1.856s] -- Up-to-date: /home/mpcmeulensteen/blackboard_ws/install/message_pkg/include/message_pkg/msg/task_cost.hpp
[1.856s] -- Up-to-date: /home/mpcmeulensteen/blackboard_ws/install/message_pkg/include/message_pkg/msg/b_bsynch.hpp
[1.857s] -- Up-to-date: /home/mpcmeulensteen/blackboard_ws/install/message_pkg/include/message_pkg/msg/detail
[1.858s] -- Up-to-date: /home/mpcmeulensteen/blackboard_ws/install/message_pkg/include/message_pkg/msg/detail/b_bsynch__builder.hpp
[1.858s] -- Up-to-date: /home/mpcmeulensteen/blackboard_ws/install/message_pkg/include/message_pkg/msg/detail/task_msg__traits.hpp
[1.859s] -- Up-to-date: /home/mpcmeulensteen/blackboard_ws/install/message_pkg/include/message_pkg/msg/detail/b_bbackup__builder.hpp
[1.860s] -- Up-to-date: /home/mpcmeulensteen/blackboard_ws/install/message_pkg/include/message_pkg/msg/detail/task_msg__builder.hpp
[1.860s] -- Up-to-date: /home/mpcmeulensteen/blackboard_ws/install/message_pkg/include/message_pkg/msg/detail/task_cost__struct.hpp
[1.861s] -- Up-to-date: /home/mpcmeulensteen/blackboard_ws/install/message_pkg/include/message_pkg/msg/detail/b_bsynch__traits.hpp
[1.861s] -- Up-to-date: /home/mpcmeulensteen/blackboard_ws/install/message_pkg/include/message_pkg/msg/detail/task_state_msg__traits.hpp
[1.861s] -- Up-to-date: /home/mpcmeulensteen/blackboard_ws/install/message_pkg/include/message_pkg/msg/detail/task_cost__builder.hpp
[1.866s] -- Up-to-date: /home/mpcmeulensteen/blackboard_ws/install/message_pkg/include/message_pkg/msg/detail/b_bsynch__struct.hpp
[1.866s] -- Up-to-date: /home/mpcmeulensteen/blackboard_ws/install/message_pkg/include/message_pkg/msg/detail/task_msg__struct.hpp
[1.867s] -- Up-to-date: /home/mpcmeulensteen/blackboard_ws/install/message_pkg/include/message_pkg/msg/detail/b_bbackup__struct.hpp
[1.867s] -- Up-to-date: /home/mpcmeulensteen/blackboard_ws/install/message_pkg/include/message_pkg/msg/detail/task_state_msg__struct.hpp
[1.868s] -- Up-to-date: /home/mpcmeulensteen/blackboard_ws/install/message_pkg/include/message_pkg/msg/detail/task_cost__traits.hpp
[1.868s] -- Up-to-date: /home/mpcmeulensteen/blackboard_ws/install/message_pkg/include/message_pkg/msg/detail/task_state_msg__builder.hpp
[1.868s] -- Up-to-date: /home/mpcmeulensteen/blackboard_ws/install/message_pkg/include/message_pkg/msg/detail/b_bbackup__traits.hpp
[1.868s] -- Up-to-date: /home/mpcmeulensteen/blackboard_ws/install/message_pkg/include/message_pkg/msg/task_state_msg.hpp
[1.868s] -- Up-to-date: /home/mpcmeulensteen/blackboard_ws/install/message_pkg/include/message_pkg/msg/b_bbackup.hpp
[1.869s] -- Up-to-date: /home/mpcmeulensteen/blackboard_ws/install/message_pkg/include/message_pkg/msg/task_msg.hpp
[1.869s] -- Up-to-date: /home/mpcmeulensteen/blackboard_ws/install/message_pkg/include/message_pkg
[1.869s] -- Up-to-date: /home/mpcmeulensteen/blackboard_ws/install/message_pkg/include/message_pkg/msg
[1.869s] -- Up-to-date: /home/mpcmeulensteen/blackboard_ws/install/message_pkg/include/message_pkg/msg/detail
[1.869s] -- Up-to-date: /home/mpcmeulensteen/blackboard_ws/install/message_pkg/include/message_pkg/msg/detail/task_state_msg__rosidl_typesupport_introspection_cpp.hpp
[1.870s] -- Up-to-date: /home/mpcmeulensteen/blackboard_ws/install/message_pkg/include/message_pkg/msg/detail/b_bsynch__type_support.cpp
[1.870s] -- Up-to-date: /home/mpcmeulensteen/blackboard_ws/install/message_pkg/include/message_pkg/msg/detail/b_bsynch__rosidl_typesupport_introspection_cpp.hpp
[1.870s] -- Up-to-date: /home/mpcmeulensteen/blackboard_ws/install/message_pkg/include/message_pkg/msg/detail/task_state_msg__type_support.cpp
[1.871s] -- Up-to-date: /home/mpcmeulensteen/blackboard_ws/install/message_pkg/include/message_pkg/msg/detail/b_bbackup__type_support.cpp
[1.871s] -- Up-to-date: /home/mpcmeulensteen/blackboard_ws/install/message_pkg/include/message_pkg/msg/detail/task_msg__rosidl_typesupport_introspection_cpp.hpp
[1.871s] -- Up-to-date: /home/mpcmeulensteen/blackboard_ws/install/message_pkg/include/message_pkg/msg/detail/task_msg__type_support.cpp
[1.871s] -- Up-to-date: /home/mpcmeulensteen/blackboard_ws/install/message_pkg/include/message_pkg/msg/detail/task_cost__rosidl_typesupport_introspection_cpp.hpp
[1.872s] -- Up-to-date: /home/mpcmeulensteen/blackboard_ws/install/message_pkg/include/message_pkg/msg/detail/task_cost__type_support.cpp
[1.872s] -- Up-to-date: /home/mpcmeulensteen/blackboard_ws/install/message_pkg/include/message_pkg/msg/detail/b_bbackup__rosidl_typesupport_introspection_cpp.hpp
[1.872s] -- Up-to-date: /home/mpcmeulensteen/blackboard_ws/install/message_pkg/lib/libmessage_pkg__rosidl_typesupport_introspection_cpp.so
[1.872s] -- Up-to-date: /home/mpcmeulensteen/blackboard_ws/install/message_pkg/lib/libmessage_pkg__rosidl_typesupport_cpp.so
[1.873s] -- Up-to-date: /home/mpcmeulensteen/blackboard_ws/install/message_pkg/share/message_pkg/environment/pythonpath.sh
[1.873s] -- Up-to-date: /home/mpcmeulensteen/blackboard_ws/install/message_pkg/share/message_pkg/environment/pythonpath.dsv
[1.874s] -- Up-to-date: /home/mpcmeulensteen/blackboard_ws/install/message_pkg/lib/python3.8/site-packages/message_pkg/__init__.py
[2.027s] -- Up-to-date: /home/mpcmeulensteen/blackboard_ws/install/message_pkg/lib/python3.8/site-packages/message_pkg/msg
[2.028s] -- Up-to-date: /home/mpcmeulensteen/blackboard_ws/install/message_pkg/lib/python3.8/site-packages/message_pkg/msg/_b_bbackup.py
[2.029s] -- Up-to-date: /home/mpcmeulensteen/blackboard_ws/install/message_pkg/lib/python3.8/site-packages/message_pkg/msg/_task_cost.py
[2.030s] -- Up-to-date: /home/mpcmeulensteen/blackboard_ws/install/message_pkg/lib/python3.8/site-packages/message_pkg/msg/_task_state_msg.py
[2.030s] -- Up-to-date: /home/mpcmeulensteen/blackboard_ws/install/message_pkg/lib/python3.8/site-packages/message_pkg/msg/_b_bsynch.py
[2.030s] -- Up-to-date: /home/mpcmeulensteen/blackboard_ws/install/message_pkg/lib/python3.8/site-packages/message_pkg/msg/_task_cost_s.c
[2.031s] -- Up-to-date: /home/mpcmeulensteen/blackboard_ws/install/message_pkg/lib/python3.8/site-packages/message_pkg/msg/_task_msg_s.c
[2.031s] -- Up-to-date: /home/mpcmeulensteen/blackboard_ws/install/message_pkg/lib/python3.8/site-packages/message_pkg/msg/__init__.py
[2.032s] -- Up-to-date: /home/mpcmeulensteen/blackboard_ws/install/message_pkg/lib/python3.8/site-packages/message_pkg/msg/_b_bbackup_s.c
[2.032s] -- Up-to-date: /home/mpcmeulensteen/blackboard_ws/install/message_pkg/lib/python3.8/site-packages/message_pkg/msg/_b_bsynch_s.c
[2.033s] -- Up-to-date: /home/mpcmeulensteen/blackboard_ws/install/message_pkg/lib/python3.8/site-packages/message_pkg/msg/_task_state_msg_s.c
[2.033s] -- Up-to-date: /home/mpcmeulensteen/blackboard_ws/install/message_pkg/lib/python3.8/site-packages/message_pkg/msg/_task_msg.py
[2.033s] -- Up-to-date: /home/mpcmeulensteen/blackboard_ws/install/message_pkg/lib/python3.8/site-packages/message_pkg/message_pkg_s__rosidl_typesupport_fastrtps_c.cpython-38-x86_64-linux-gnu.so
[2.034s] -- Up-to-date: /home/mpcmeulensteen/blackboard_ws/install/message_pkg/lib/python3.8/site-packages/message_pkg/message_pkg_s__rosidl_typesupport_introspection_c.cpython-38-x86_64-linux-gnu.so
[2.035s] -- Up-to-date: /home/mpcmeulensteen/blackboard_ws/install/message_pkg/lib/python3.8/site-packages/message_pkg/message_pkg_s__rosidl_typesupport_c.cpython-38-x86_64-linux-gnu.so
[2.036s] -- Up-to-date: /home/mpcmeulensteen/blackboard_ws/install/message_pkg/lib/libmessage_pkg__python.so
[2.037s] -- Up-to-date: /home/mpcmeulensteen/blackboard_ws/install/message_pkg/share/message_pkg/msg/BBbackup.idl
[2.038s] -- Up-to-date: /home/mpcmeulensteen/blackboard_ws/install/message_pkg/share/message_pkg/msg/BBsynch.idl
[2.038s] -- Up-to-date: /home/mpcmeulensteen/blackboard_ws/install/message_pkg/share/message_pkg/msg/TaskCost.idl
[2.039s] -- Up-to-date: /home/mpcmeulensteen/blackboard_ws/install/message_pkg/share/message_pkg/msg/TaskMsg.idl
[2.039s] -- Up-to-date: /home/mpcmeulensteen/blackboard_ws/install/message_pkg/share/message_pkg/msg/TaskStateMsg.idl
[2.040s] -- Up-to-date: /home/mpcmeulensteen/blackboard_ws/install/message_pkg/share/message_pkg/msg/BBbackup.msg
[2.040s] -- Up-to-date: /home/mpcmeulensteen/blackboard_ws/install/message_pkg/share/message_pkg/msg/BBsynch.msg
[2.041s] -- Up-to-date: /home/mpcmeulensteen/blackboard_ws/install/message_pkg/share/message_pkg/msg/TaskCost.msg
[2.041s] -- Up-to-date: /home/mpcmeulensteen/blackboard_ws/install/message_pkg/share/message_pkg/msg/TaskMsg.msg
[2.042s] -- Up-to-date: /home/mpcmeulensteen/blackboard_ws/install/message_pkg/share/message_pkg/msg/TaskStateMsg.msg
[2.042s] -- Up-to-date: /home/mpcmeulensteen/blackboard_ws/install/message_pkg/share/ament_index/resource_index/package_run_dependencies/message_pkg
[2.043s] -- Up-to-date: /home/mpcmeulensteen/blackboard_ws/install/message_pkg/share/ament_index/resource_index/parent_prefix_path/message_pkg
[2.043s] -- Up-to-date: /home/mpcmeulensteen/blackboard_ws/install/message_pkg/share/message_pkg/environment/ament_prefix_path.sh
[2.050s] -- Up-to-date: /home/mpcmeulensteen/blackboard_ws/install/message_pkg/share/message_pkg/environment/ament_prefix_path.dsv
[2.051s] -- Up-to-date: /home/mpcmeulensteen/blackboard_ws/install/message_pkg/share/message_pkg/environment/path.sh
[2.052s] -- Up-to-date: /home/mpcmeulensteen/blackboard_ws/install/message_pkg/share/message_pkg/environment/path.dsv
[2.053s] -- Up-to-date: /home/mpcmeulensteen/blackboard_ws/install/message_pkg/share/message_pkg/local_setup.bash
[2.053s] -- Up-to-date: /home/mpcmeulensteen/blackboard_ws/install/message_pkg/share/message_pkg/local_setup.sh
[2.054s] -- Up-to-date: /home/mpcmeulensteen/blackboard_ws/install/message_pkg/share/message_pkg/local_setup.zsh
[2.054s] -- Up-to-date: /home/mpcmeulensteen/blackboard_ws/install/message_pkg/share/message_pkg/local_setup.dsv
[2.055s] -- Installing: /home/mpcmeulensteen/blackboard_ws/install/message_pkg/share/message_pkg/package.dsv
[2.055s] -- Up-to-date: /home/mpcmeulensteen/blackboard_ws/install/message_pkg/share/ament_index/resource_index/packages/message_pkg
[2.056s] -- Up-to-date: /home/mpcmeulensteen/blackboard_ws/install/message_pkg/share/message_pkg/cmake/message_pkg__rosidl_generator_cExport.cmake
[2.056s] -- Up-to-date: /home/mpcmeulensteen/blackboard_ws/install/message_pkg/share/message_pkg/cmake/message_pkg__rosidl_generator_cExport-noconfig.cmake
[2.057s] -- Up-to-date: /home/mpcmeulensteen/blackboard_ws/install/message_pkg/share/message_pkg/cmake/message_pkg__rosidl_typesupport_introspection_cExport.cmake
[2.057s] -- Up-to-date: /home/mpcmeulensteen/blackboard_ws/install/message_pkg/share/message_pkg/cmake/message_pkg__rosidl_typesupport_introspection_cExport-noconfig.cmake
[2.058s] -- Up-to-date: /home/mpcmeulensteen/blackboard_ws/install/message_pkg/share/message_pkg/cmake/message_pkg__rosidl_typesupport_cExport.cmake
[2.058s] -- Up-to-date: /home/mpcmeulensteen/blackboard_ws/install/message_pkg/share/message_pkg/cmake/message_pkg__rosidl_typesupport_cExport-noconfig.cmake
[2.059s] -- Up-to-date: /home/mpcmeulensteen/blackboard_ws/install/message_pkg/share/message_pkg/cmake/message_pkg__rosidl_generator_cppExport.cmake
[2.059s] -- Up-to-date: /home/mpcmeulensteen/blackboard_ws/install/message_pkg/share/message_pkg/cmake/message_pkg__rosidl_typesupport_introspection_cppExport.cmake
[2.060s] -- Up-to-date: /home/mpcmeulensteen/blackboard_ws/install/message_pkg/share/message_pkg/cmake/message_pkg__rosidl_typesupport_introspection_cppExport-noconfig.cmake
[2.061s] -- Up-to-date: /home/mpcmeulensteen/blackboard_ws/install/message_pkg/share/message_pkg/cmake/message_pkg__rosidl_typesupport_cppExport.cmake
[2.061s] -- Up-to-date: /home/mpcmeulensteen/blackboard_ws/install/message_pkg/share/message_pkg/cmake/message_pkg__rosidl_typesupport_cppExport-noconfig.cmake
[2.062s] -- Up-to-date: /home/mpcmeulensteen/blackboard_ws/install/message_pkg/share/message_pkg/cmake/rosidl_cmake-extras.cmake
[2.063s] -- Up-to-date: /home/mpcmeulensteen/blackboard_ws/install/message_pkg/share/message_pkg/cmake/ament_cmake_export_dependencies-extras.cmake
[2.063s] -- Up-to-date: /home/mpcmeulensteen/blackboard_ws/install/message_pkg/share/message_pkg/cmake/ament_cmake_export_libraries-extras.cmake
[2.064s] -- Up-to-date: /home/mpcmeulensteen/blackboard_ws/install/message_pkg/share/message_pkg/cmake/ament_cmake_export_targets-extras.cmake
[2.064s] -- Up-to-date: /home/mpcmeulensteen/blackboard_ws/install/message_pkg/share/message_pkg/cmake/ament_cmake_export_include_directories-extras.cmake
[2.064s] -- Up-to-date: /home/mpcmeulensteen/blackboard_ws/install/message_pkg/share/message_pkg/cmake/rosidl_cmake_export_typesupport_libraries-extras.cmake
[2.065s] -- Up-to-date: /home/mpcmeulensteen/blackboard_ws/install/message_pkg/share/message_pkg/cmake/rosidl_cmake_export_typesupport_targets-extras.cmake
[2.065s] -- Up-to-date: /home/mpcmeulensteen/blackboard_ws/install/message_pkg/share/message_pkg/cmake/message_pkgConfig.cmake
[2.066s] -- Up-to-date: /home/mpcmeulensteen/blackboard_ws/install/message_pkg/share/message_pkg/cmake/message_pkgConfig-version.cmake
[2.066s] -- Up-to-date: /home/mpcmeulensteen/blackboard_ws/install/message_pkg/share/message_pkg/package.xml
[2.070s] Invoked command in '/home/mpcmeulensteen/blackboard_ws/build/message_pkg' returned '0': CMAKE_PREFIX_PATH=${CMAKE_PREFIX_PATH}:/home/mpcmeulensteen/blackboard_ws/install/turtlebot3_teleop:/home/mpcmeulensteen/blackboard_ws/install/turtlebot3_example:/home/mpcmeulensteen/blackboard_ws/install/tf_transformations:/home/mpcmeulensteen/blackboard_ws/install/ros2_blackboard:/home/mpcmeulensteen/blackboard_ws/install/ros2_bbinstance:/opt/ros/foxy /usr/bin/cmake --install /home/mpcmeulensteen/blackboard_ws/build/message_pkg
