[0.027s] Invoking command in '/home/mpcmeulensteen/blackboard_ws/build/navigate_robot_pkg': CMAKE_PREFIX_PATH=${CMAKE_PREFIX_PATH}:/home/mpcmeulensteen/blackboard_ws/install/turtlebot3_teleop:/home/mpcmeulensteen/blackboard_ws/install/turtlebot3_example:/home/mpcmeulensteen/blackboard_ws/install/tf_transformations:/home/mpcmeulensteen/blackboard_ws/install/ros2_blackboard:/home/mpcmeulensteen/blackboard_ws/install/ros2_bbinstance:/opt/ros/foxy /usr/bin/cmake --build /home/mpcmeulensteen/blackboard_ws/build/navigate_robot_pkg -- -j2 -l2
[0.156s] Invoked command in '/home/mpcmeulensteen/blackboard_ws/build/navigate_robot_pkg' returned '0': CMAKE_PREFIX_PATH=${CMAKE_PREFIX_PATH}:/home/mpcmeulensteen/blackboard_ws/install/turtlebot3_teleop:/home/mpcmeulensteen/blackboard_ws/install/turtlebot3_example:/home/mpcmeulensteen/blackboard_ws/install/tf_transformations:/home/mpcmeulensteen/blackboard_ws/install/ros2_blackboard:/home/mpcmeulensteen/blackboard_ws/install/ros2_bbinstance:/opt/ros/foxy /usr/bin/cmake --build /home/mpcmeulensteen/blackboard_ws/build/navigate_robot_pkg -- -j2 -l2
[0.306s] Invoking command in '/home/mpcmeulensteen/blackboard_ws/build/navigate_robot_pkg': CMAKE_PREFIX_PATH=${CMAKE_PREFIX_PATH}:/home/mpcmeulensteen/blackboard_ws/install/turtlebot3_teleop:/home/mpcmeulensteen/blackboard_ws/install/turtlebot3_example:/home/mpcmeulensteen/blackboard_ws/install/tf_transformations:/home/mpcmeulensteen/blackboard_ws/install/ros2_blackboard:/home/mpcmeulensteen/blackboard_ws/install/ros2_bbinstance:/opt/ros/foxy /usr/bin/cmake --install /home/mpcmeulensteen/blackboard_ws/build/navigate_robot_pkg
[0.332s] -- Install configuration: ""
[0.342s] -- Up-to-date: /home/mpcmeulensteen/blackboard_ws/install/navigate_robot_pkg/share/ament_index/resource_index/package_run_dependencies/navigate_robot_pkg
[0.343s] -- Up-to-date: /home/mpcmeulensteen/blackboard_ws/install/navigate_robot_pkg/share/ament_index/resource_index/parent_prefix_path/navigate_robot_pkg
[0.343s] -- Up-to-date: /home/mpcmeulensteen/blackboard_ws/install/navigate_robot_pkg/share/navigate_robot_pkg/environment/ament_prefix_path.sh
[0.344s] -- Up-to-date: /home/mpcmeulensteen/blackboard_ws/install/navigate_robot_pkg/share/navigate_robot_pkg/environment/ament_prefix_path.dsv
[0.344s] -- Up-to-date: /home/mpcmeulensteen/blackboard_ws/install/navigate_robot_pkg/share/navigate_robot_pkg/environment/path.sh
[0.345s] -- Up-to-date: /home/mpcmeulensteen/blackboard_ws/install/navigate_robot_pkg/share/navigate_robot_pkg/environment/path.dsv
[0.345s] -- Up-to-date: /home/mpcmeulensteen/blackboard_ws/install/navigate_robot_pkg/share/navigate_robot_pkg/local_setup.bash
[0.345s] -- Up-to-date: /home/mpcmeulensteen/blackboard_ws/install/navigate_robot_pkg/share/navigate_robot_pkg/local_setup.sh
[0.346s] -- Up-to-date: /home/mpcmeulensteen/blackboard_ws/install/navigate_robot_pkg/share/navigate_robot_pkg/local_setup.zsh
[0.346s] -- Up-to-date: /home/mpcmeulensteen/blackboard_ws/install/navigate_robot_pkg/share/navigate_robot_pkg/local_setup.dsv
[0.347s] -- Installing: /home/mpcmeulensteen/blackboard_ws/install/navigate_robot_pkg/share/navigate_robot_pkg/package.dsv
[0.347s] -- Up-to-date: /home/mpcmeulensteen/blackboard_ws/install/navigate_robot_pkg/share/ament_index/resource_index/packages/navigate_robot_pkg
[0.348s] -- Up-to-date: /home/mpcmeulensteen/blackboard_ws/install/navigate_robot_pkg/share/navigate_robot_pkg/cmake/navigate_robot_pkgConfig.cmake
[0.348s] -- Up-to-date: /home/mpcmeulensteen/blackboard_ws/install/navigate_robot_pkg/share/navigate_robot_pkg/cmake/navigate_robot_pkgConfig-version.cmake
[0.349s] -- Up-to-date: /home/mpcmeulensteen/blackboard_ws/install/navigate_robot_pkg/share/navigate_robot_pkg/package.xml
[0.355s] Invoked command in '/home/mpcmeulensteen/blackboard_ws/build/navigate_robot_pkg' returned '0': CMAKE_PREFIX_PATH=${CMAKE_PREFIX_PATH}:/home/mpcmeulensteen/blackboard_ws/install/turtlebot3_teleop:/home/mpcmeulensteen/blackboard_ws/install/turtlebot3_example:/home/mpcmeulensteen/blackboard_ws/install/tf_transformations:/home/mpcmeulensteen/blackboard_ws/install/ros2_blackboard:/home/mpcmeulensteen/blackboard_ws/install/ros2_bbinstance:/opt/ros/foxy /usr/bin/cmake --install /home/mpcmeulensteen/blackboard_ws/build/navigate_robot_pkg
