[0.078s] Invoking command in '/home/mpcmeulensteen/blackboard_ws/build/turtlebot3_gazebo': CMAKE_PREFIX_PATH=/home/mpcmeulensteen/blackboard_ws/install/turtlebot3_description:/home/mpcmeulensteen/blackboard_ws/install/turtlebot3:/home/mpcmeulensteen/blackboard_ws/install/turtlebot3_simulations:/home/mpcmeulensteen/blackboard_ws/install/turtlebot3_bringup:/home/mpcmeulensteen/blackboard_ws/install/turtlebot3_node:/home/mpcmeulensteen/blackboard_ws/install/turtlebot3_navigation2:/home/mpcmeulensteen/blackboard_ws/install/turtlebot3_fake_node:/home/mpcmeulensteen/blackboard_ws/install/turtlebot3_msgs:/home/mpcmeulensteen/blackboard_ws/install/turtlebot3_gazebo:/home/mpcmeulensteen/blackboard_ws/install/turtlebot3_cartographer:/home/mpcmeulensteen/blackboard_ws/install/robot1:/home/mpcmeulensteen/blackboard_ws/install/navigation_cartographer:/home/mpcmeulensteen/blackboard_ws/install/navigation:/home/mpcmeulensteen/blackboard_ws/install/navigate_robot_pkg:/home/mpcmeulensteen/blackboard_ws/install/hls_lfcd_lds_driver:/home/mpcmeulensteen/blackboard_ws/install/dynamixel_sdk_examples:/home/mpcmeulensteen/blackboard_ws/install/dynamixel_sdk_custom_interfaces:/home/mpcmeulensteen/blackboard_ws/install/dynamixel_sdk:/home/mpcmeulensteen/blackboard_ws/install/blackboard:/home/mpcmeulensteen/blackboard_ws/install/bbinstance:/home/mpcmeulensteen/turtlebot3_ws/install/turtlebot3:/home/mpcmeulensteen/turtlebot3_ws/install/turtlebot3_simulations:/home/mpcmeulensteen/turtlebot3_ws/install/turtlebot3_bringup:/home/mpcmeulensteen/turtlebot3_ws/install/turtlebot3_node:/home/mpcmeulensteen/turtlebot3_ws/install/turtlebot3_navigation2:/home/mpcmeulensteen/turtlebot3_ws/install/turtlebot3_fake_node:/home/mpcmeulensteen/turtlebot3_ws/install/turtlebot3_msgs:/home/mpcmeulensteen/turtlebot3_ws/install/turtlebot3_gazebo:/home/mpcmeulensteen/turtlebot3_ws/install/turtlebot3_description:/home/mpcmeulensteen/turtlebot3_ws/install/turtlebot3_cartographer:/home/mpcmeulensteen/turtlebot3_ws/install/hls_lfcd_lds_driver:/home/mpcmeulensteen/turtlebot3_ws/install/dynamixel_sdk_examples:/home/mpcmeulensteen/turtlebot3_ws/install/dynamixel_sdk_custom_interfaces:/home/mpcmeulensteen/turtlebot3_ws/install/dynamixel_sdk:/home/mpcmeulensteen/colcon_ws/install/turtlebot3:/home/mpcmeulensteen/colcon_ws/install/turtlebot3_simulations:/home/mpcmeulensteen/colcon_ws/install/turtlebot3_bringup:/home/mpcmeulensteen/colcon_ws/install/turtlebot3_node:/home/mpcmeulensteen/colcon_ws/install/turtlebot3_navigation2:/home/mpcmeulensteen/colcon_ws/install/turtlebot3_fake_node:/home/mpcmeulensteen/colcon_ws/install/turtlebot3_msgs:/home/mpcmeulensteen/colcon_ws/install/turtlebot3_gazebo:/home/mpcmeulensteen/colcon_ws/install/turtlebot3_description:/home/mpcmeulensteen/colcon_ws/install/turtlebot3_cartographer:/home/mpcmeulensteen/colcon_ws/install/robot1:/home/mpcmeulensteen/colcon_ws/install/navigation_cartographer:/home/mpcmeulensteen/colcon_ws/install/navigation:/home/mpcmeulensteen/colcon_ws/install/navigate_robot_pkg:/home/mpcmeulensteen/colcon_ws/install/hls_lfcd_lds_driver:/home/mpcmeulensteen/colcon_ws/install/dynamixel_sdk_examples:/home/mpcmeulensteen/colcon_ws/install/dynamixel_sdk_custom_interfaces:/home/mpcmeulensteen/colcon_ws/install/dynamixel_sdk:/home/mpcmeulensteen/colcon_ws/install/blackboard:/home/mpcmeulensteen/colcon_ws/install/bbinstance:/home/mpcmeulensteen/blackboard_ws/install/turtlebot3_teleop:/home/mpcmeulensteen/blackboard_ws/install/turtlebot3_example:/home/mpcmeulensteen/turtlebot3_ws/install/turtlebot3_teleop:/home/mpcmeulensteen/turtlebot3_ws/install/turtlebot3_example:/home/mpcmeulensteen/colcon_ws/install/turtlebot3_teleop:/home/mpcmeulensteen/colcon_ws/install/turtlebot3_example:/opt/ros/foxy /usr/bin/cmake --build /home/mpcmeulensteen/blackboard_ws/build/turtlebot3_gazebo -- -j2 -l2
[0.357s] [ 25%] Built target obstacles
[0.510s] [ 50%] Built target obstacle2
[0.635s] [ 75%] Built target turtlebot3_drive
[0.814s] [100%] Built target obstacle1
[0.893s] Invoked command in '/home/mpcmeulensteen/blackboard_ws/build/turtlebot3_gazebo' returned '0': CMAKE_PREFIX_PATH=/home/mpcmeulensteen/blackboard_ws/install/turtlebot3_description:/home/mpcmeulensteen/blackboard_ws/install/turtlebot3:/home/mpcmeulensteen/blackboard_ws/install/turtlebot3_simulations:/home/mpcmeulensteen/blackboard_ws/install/turtlebot3_bringup:/home/mpcmeulensteen/blackboard_ws/install/turtlebot3_node:/home/mpcmeulensteen/blackboard_ws/install/turtlebot3_navigation2:/home/mpcmeulensteen/blackboard_ws/install/turtlebot3_fake_node:/home/mpcmeulensteen/blackboard_ws/install/turtlebot3_msgs:/home/mpcmeulensteen/blackboard_ws/install/turtlebot3_gazebo:/home/mpcmeulensteen/blackboard_ws/install/turtlebot3_cartographer:/home/mpcmeulensteen/blackboard_ws/install/robot1:/home/mpcmeulensteen/blackboard_ws/install/navigation_cartographer:/home/mpcmeulensteen/blackboard_ws/install/navigation:/home/mpcmeulensteen/blackboard_ws/install/navigate_robot_pkg:/home/mpcmeulensteen/blackboard_ws/install/hls_lfcd_lds_driver:/home/mpcmeulensteen/blackboard_ws/install/dynamixel_sdk_examples:/home/mpcmeulensteen/blackboard_ws/install/dynamixel_sdk_custom_interfaces:/home/mpcmeulensteen/blackboard_ws/install/dynamixel_sdk:/home/mpcmeulensteen/blackboard_ws/install/blackboard:/home/mpcmeulensteen/blackboard_ws/install/bbinstance:/home/mpcmeulensteen/turtlebot3_ws/install/turtlebot3:/home/mpcmeulensteen/turtlebot3_ws/install/turtlebot3_simulations:/home/mpcmeulensteen/turtlebot3_ws/install/turtlebot3_bringup:/home/mpcmeulensteen/turtlebot3_ws/install/turtlebot3_node:/home/mpcmeulensteen/turtlebot3_ws/install/turtlebot3_navigation2:/home/mpcmeulensteen/turtlebot3_ws/install/turtlebot3_fake_node:/home/mpcmeulensteen/turtlebot3_ws/install/turtlebot3_msgs:/home/mpcmeulensteen/turtlebot3_ws/install/turtlebot3_gazebo:/home/mpcmeulensteen/turtlebot3_ws/install/turtlebot3_description:/home/mpcmeulensteen/turtlebot3_ws/install/turtlebot3_cartographer:/home/mpcmeulensteen/turtlebot3_ws/install/hls_lfcd_lds_driver:/home/mpcmeulensteen/turtlebot3_ws/install/dynamixel_sdk_examples:/home/mpcmeulensteen/turtlebot3_ws/install/dynamixel_sdk_custom_interfaces:/home/mpcmeulensteen/turtlebot3_ws/install/dynamixel_sdk:/home/mpcmeulensteen/colcon_ws/install/turtlebot3:/home/mpcmeulensteen/colcon_ws/install/turtlebot3_simulations:/home/mpcmeulensteen/colcon_ws/install/turtlebot3_bringup:/home/mpcmeulensteen/colcon_ws/install/turtlebot3_node:/home/mpcmeulensteen/colcon_ws/install/turtlebot3_navigation2:/home/mpcmeulensteen/colcon_ws/install/turtlebot3_fake_node:/home/mpcmeulensteen/colcon_ws/install/turtlebot3_msgs:/home/mpcmeulensteen/colcon_ws/install/turtlebot3_gazebo:/home/mpcmeulensteen/colcon_ws/install/turtlebot3_description:/home/mpcmeulensteen/colcon_ws/install/turtlebot3_cartographer:/home/mpcmeulensteen/colcon_ws/install/robot1:/home/mpcmeulensteen/colcon_ws/install/navigation_cartographer:/home/mpcmeulensteen/colcon_ws/install/navigation:/home/mpcmeulensteen/colcon_ws/install/navigate_robot_pkg:/home/mpcmeulensteen/colcon_ws/install/hls_lfcd_lds_driver:/home/mpcmeulensteen/colcon_ws/install/dynamixel_sdk_examples:/home/mpcmeulensteen/colcon_ws/install/dynamixel_sdk_custom_interfaces:/home/mpcmeulensteen/colcon_ws/install/dynamixel_sdk:/home/mpcmeulensteen/colcon_ws/install/blackboard:/home/mpcmeulensteen/colcon_ws/install/bbinstance:/home/mpcmeulensteen/blackboard_ws/install/turtlebot3_teleop:/home/mpcmeulensteen/blackboard_ws/install/turtlebot3_example:/home/mpcmeulensteen/turtlebot3_ws/install/turtlebot3_teleop:/home/mpcmeulensteen/turtlebot3_ws/install/turtlebot3_example:/home/mpcmeulensteen/colcon_ws/install/turtlebot3_teleop:/home/mpcmeulensteen/colcon_ws/install/turtlebot3_example:/opt/ros/foxy /usr/bin/cmake --build /home/mpcmeulensteen/blackboard_ws/build/turtlebot3_gazebo -- -j2 -l2
[1.111s] Invoking command in '/home/mpcmeulensteen/blackboard_ws/build/turtlebot3_gazebo': CMAKE_PREFIX_PATH=/home/mpcmeulensteen/blackboard_ws/install/turtlebot3_description:/home/mpcmeulensteen/blackboard_ws/install/turtlebot3:/home/mpcmeulensteen/blackboard_ws/install/turtlebot3_simulations:/home/mpcmeulensteen/blackboard_ws/install/turtlebot3_bringup:/home/mpcmeulensteen/blackboard_ws/install/turtlebot3_node:/home/mpcmeulensteen/blackboard_ws/install/turtlebot3_navigation2:/home/mpcmeulensteen/blackboard_ws/install/turtlebot3_fake_node:/home/mpcmeulensteen/blackboard_ws/install/turtlebot3_msgs:/home/mpcmeulensteen/blackboard_ws/install/turtlebot3_gazebo:/home/mpcmeulensteen/blackboard_ws/install/turtlebot3_cartographer:/home/mpcmeulensteen/blackboard_ws/install/robot1:/home/mpcmeulensteen/blackboard_ws/install/navigation_cartographer:/home/mpcmeulensteen/blackboard_ws/install/navigation:/home/mpcmeulensteen/blackboard_ws/install/navigate_robot_pkg:/home/mpcmeulensteen/blackboard_ws/install/hls_lfcd_lds_driver:/home/mpcmeulensteen/blackboard_ws/install/dynamixel_sdk_examples:/home/mpcmeulensteen/blackboard_ws/install/dynamixel_sdk_custom_interfaces:/home/mpcmeulensteen/blackboard_ws/install/dynamixel_sdk:/home/mpcmeulensteen/blackboard_ws/install/blackboard:/home/mpcmeulensteen/blackboard_ws/install/bbinstance:/home/mpcmeulensteen/turtlebot3_ws/install/turtlebot3:/home/mpcmeulensteen/turtlebot3_ws/install/turtlebot3_simulations:/home/mpcmeulensteen/turtlebot3_ws/install/turtlebot3_bringup:/home/mpcmeulensteen/turtlebot3_ws/install/turtlebot3_node:/home/mpcmeulensteen/turtlebot3_ws/install/turtlebot3_navigation2:/home/mpcmeulensteen/turtlebot3_ws/install/turtlebot3_fake_node:/home/mpcmeulensteen/turtlebot3_ws/install/turtlebot3_msgs:/home/mpcmeulensteen/turtlebot3_ws/install/turtlebot3_gazebo:/home/mpcmeulensteen/turtlebot3_ws/install/turtlebot3_description:/home/mpcmeulensteen/turtlebot3_ws/install/turtlebot3_cartographer:/home/mpcmeulensteen/turtlebot3_ws/install/hls_lfcd_lds_driver:/home/mpcmeulensteen/turtlebot3_ws/install/dynamixel_sdk_examples:/home/mpcmeulensteen/turtlebot3_ws/install/dynamixel_sdk_custom_interfaces:/home/mpcmeulensteen/turtlebot3_ws/install/dynamixel_sdk:/home/mpcmeulensteen/colcon_ws/install/turtlebot3:/home/mpcmeulensteen/colcon_ws/install/turtlebot3_simulations:/home/mpcmeulensteen/colcon_ws/install/turtlebot3_bringup:/home/mpcmeulensteen/colcon_ws/install/turtlebot3_node:/home/mpcmeulensteen/colcon_ws/install/turtlebot3_navigation2:/home/mpcmeulensteen/colcon_ws/install/turtlebot3_fake_node:/home/mpcmeulensteen/colcon_ws/install/turtlebot3_msgs:/home/mpcmeulensteen/colcon_ws/install/turtlebot3_gazebo:/home/mpcmeulensteen/colcon_ws/install/turtlebot3_description:/home/mpcmeulensteen/colcon_ws/install/turtlebot3_cartographer:/home/mpcmeulensteen/colcon_ws/install/robot1:/home/mpcmeulensteen/colcon_ws/install/navigation_cartographer:/home/mpcmeulensteen/colcon_ws/install/navigation:/home/mpcmeulensteen/colcon_ws/install/navigate_robot_pkg:/home/mpcmeulensteen/colcon_ws/install/hls_lfcd_lds_driver:/home/mpcmeulensteen/colcon_ws/install/dynamixel_sdk_examples:/home/mpcmeulensteen/colcon_ws/install/dynamixel_sdk_custom_interfaces:/home/mpcmeulensteen/colcon_ws/install/dynamixel_sdk:/home/mpcmeulensteen/colcon_ws/install/blackboard:/home/mpcmeulensteen/colcon_ws/install/bbinstance:/home/mpcmeulensteen/blackboard_ws/install/turtlebot3_teleop:/home/mpcmeulensteen/blackboard_ws/install/turtlebot3_example:/home/mpcmeulensteen/turtlebot3_ws/install/turtlebot3_teleop:/home/mpcmeulensteen/turtlebot3_ws/install/turtlebot3_example:/home/mpcmeulensteen/colcon_ws/install/turtlebot3_teleop:/home/mpcmeulensteen/colcon_ws/install/turtlebot3_example:/opt/ros/foxy /usr/bin/cmake --install /home/mpcmeulensteen/blackboard_ws/build/turtlebot3_gazebo
[1.149s] -- Install configuration: ""
[1.149s] -- Up-to-date: /home/mpcmeulensteen/blackboard_ws/install/turtlebot3_gazebo/lib/turtlebot3_gazebo/turtlebot3_drive
[1.149s] -- Up-to-date: /home/mpcmeulensteen/blackboard_ws/install/turtlebot3_gazebo/share/turtlebot3_gazebo//launch
[1.149s] -- Up-to-date: /home/mpcmeulensteen/blackboard_ws/install/turtlebot3_gazebo/share/turtlebot3_gazebo//launch/turtlebot3_dqn_stage2.launch.py
[1.149s] -- Up-to-date: /home/mpcmeulensteen/blackboard_ws/install/turtlebot3_gazebo/share/turtlebot3_gazebo//launch/turtlebot3_autorace.launch.py
[1.149s] -- Up-to-date: /home/mpcmeulensteen/blackboard_ws/install/turtlebot3_gazebo/share/turtlebot3_gazebo//launch/turtlebot3_dqn_stage1.launch.py
[1.150s] -- Up-to-date: /home/mpcmeulensteen/blackboard_ws/install/turtlebot3_gazebo/share/turtlebot3_gazebo//launch/turtlebot3_house.launch.py
[1.150s] -- Up-to-date: /home/mpcmeulensteen/blackboard_ws/install/turtlebot3_gazebo/share/turtlebot3_gazebo//launch/turtlebot3_dqn_stage4.launch.py
[1.152s] -- Up-to-date: /home/mpcmeulensteen/blackboard_ws/install/turtlebot3_gazebo/share/turtlebot3_gazebo//launch/empty_world.launch.py
[1.153s] -- Up-to-date: /home/mpcmeulensteen/blackboard_ws/install/turtlebot3_gazebo/share/turtlebot3_gazebo//launch/turtlebot3_dqn_stage3.launch.py
[1.153s] -- Up-to-date: /home/mpcmeulensteen/blackboard_ws/install/turtlebot3_gazebo/share/turtlebot3_gazebo//launch/turtlebot3_world.launch.py
[1.155s] -- Up-to-date: /home/mpcmeulensteen/blackboard_ws/install/turtlebot3_gazebo/share/turtlebot3_gazebo//launch/robot_state_publisher.launch.py
[1.156s] -- Up-to-date: /home/mpcmeulensteen/blackboard_ws/install/turtlebot3_gazebo/share/turtlebot3_gazebo//models
[1.174s] -- Up-to-date: /home/mpcmeulensteen/blackboard_ws/install/turtlebot3_gazebo/share/turtlebot3_gazebo//models/turtlebot3_waffle_pi
[1.174s] -- Up-to-date: /home/mpcmeulensteen/blackboard_ws/install/turtlebot3_gazebo/share/turtlebot3_gazebo//models/turtlebot3_waffle_pi/meshes
[1.174s] -- Up-to-date: /home/mpcmeulensteen/blackboard_ws/install/turtlebot3_gazebo/share/turtlebot3_gazebo//models/turtlebot3_waffle_pi/meshes/tire.dae
[1.174s] -- Up-to-date: /home/mpcmeulensteen/blackboard_ws/install/turtlebot3_gazebo/share/turtlebot3_gazebo//models/turtlebot3_waffle_pi/meshes/waffle_pi_base.dae
[1.174s] -- Up-to-date: /home/mpcmeulensteen/blackboard_ws/install/turtlebot3_gazebo/share/turtlebot3_gazebo//models/turtlebot3_waffle_pi/meshes/lds.dae
[1.175s] -- Up-to-date: /home/mpcmeulensteen/blackboard_ws/install/turtlebot3_gazebo/share/turtlebot3_gazebo//models/turtlebot3_waffle_pi/model.config
[1.175s] -- Up-to-date: /home/mpcmeulensteen/blackboard_ws/install/turtlebot3_gazebo/share/turtlebot3_gazebo//models/turtlebot3_waffle_pi/model-1_4_.sdf
[1.175s] -- Up-to-date: /home/mpcmeulensteen/blackboard_ws/install/turtlebot3_gazebo/share/turtlebot3_gazebo//models/turtlebot3_waffle_pi/model.sdf
[1.175s] -- Up-to-date: /home/mpcmeulensteen/blackboard_ws/install/turtlebot3_gazebo/share/turtlebot3_gazebo//models/turtlebot3_waffle
[1.175s] -- Up-to-date: /home/mpcmeulensteen/blackboard_ws/install/turtlebot3_gazebo/share/turtlebot3_gazebo//models/turtlebot3_waffle/meshes
[1.175s] -- Up-to-date: /home/mpcmeulensteen/blackboard_ws/install/turtlebot3_gazebo/share/turtlebot3_gazebo//models/turtlebot3_waffle/meshes/waffle_base.dae
[1.175s] -- Up-to-date: /home/mpcmeulensteen/blackboard_ws/install/turtlebot3_gazebo/share/turtlebot3_gazebo//models/turtlebot3_waffle/meshes/r200.dae
[1.175s] -- Up-to-date: /home/mpcmeulensteen/blackboard_ws/install/turtlebot3_gazebo/share/turtlebot3_gazebo//models/turtlebot3_waffle/meshes/tire.dae
[1.175s] -- Up-to-date: /home/mpcmeulensteen/blackboard_ws/install/turtlebot3_gazebo/share/turtlebot3_gazebo//models/turtlebot3_waffle/meshes/lds.dae
[1.175s] -- Up-to-date: /home/mpcmeulensteen/blackboard_ws/install/turtlebot3_gazebo/share/turtlebot3_gazebo//models/turtlebot3_waffle/model.config
[1.175s] -- Up-to-date: /home/mpcmeulensteen/blackboard_ws/install/turtlebot3_gazebo/share/turtlebot3_gazebo//models/turtlebot3_waffle/model.sdf
[1.175s] -- Up-to-date: /home/mpcmeulensteen/blackboard_ws/install/turtlebot3_gazebo/share/turtlebot3_gazebo//models/turtlebot3_waffle/model-1_4.sdf
[1.175s] -- Up-to-date: /home/mpcmeulensteen/blackboard_ws/install/turtlebot3_gazebo/share/turtlebot3_gazebo//models/turtlebot3_autorace
[1.176s] -- Up-to-date: /home/mpcmeulensteen/blackboard_ws/install/turtlebot3_gazebo/share/turtlebot3_gazebo//models/turtlebot3_autorace/traffic_bar_down
[1.176s] -- Up-to-date: /home/mpcmeulensteen/blackboard_ws/install/turtlebot3_gazebo/share/turtlebot3_gazebo//models/turtlebot3_autorace/traffic_bar_down/model.config
[1.176s] -- Up-to-date: /home/mpcmeulensteen/blackboard_ws/install/turtlebot3_gazebo/share/turtlebot3_gazebo//models/turtlebot3_autorace/traffic_bar_down/model.sdf
[1.176s] -- Up-to-date: /home/mpcmeulensteen/blackboard_ws/install/turtlebot3_gazebo/share/turtlebot3_gazebo//models/turtlebot3_autorace/traffic_bar_down/materials
[1.176s] -- Up-to-date: /home/mpcmeulensteen/blackboard_ws/install/turtlebot3_gazebo/share/turtlebot3_gazebo//models/turtlebot3_autorace/traffic_bar_down/materials/textures
[1.176s] -- Up-to-date: /home/mpcmeulensteen/blackboard_ws/install/turtlebot3_gazebo/share/turtlebot3_gazebo//models/turtlebot3_autorace/traffic_bar_down/materials/textures/traffic_bar.png
[1.176s] -- Up-to-date: /home/mpcmeulensteen/blackboard_ws/install/turtlebot3_gazebo/share/turtlebot3_gazebo//models/turtlebot3_autorace/traffic_bar_down/materials/scripts
[1.176s] -- Up-to-date: /home/mpcmeulensteen/blackboard_ws/install/turtlebot3_gazebo/share/turtlebot3_gazebo//models/turtlebot3_autorace/traffic_bar_down/materials/scripts/traffic_bar.material
[1.176s] -- Up-to-date: /home/mpcmeulensteen/blackboard_ws/install/turtlebot3_gazebo/share/turtlebot3_gazebo//models/turtlebot3_autorace/lights
[1.176s] -- Up-to-date: /home/mpcmeulensteen/blackboard_ws/install/turtlebot3_gazebo/share/turtlebot3_gazebo//models/turtlebot3_autorace/lights/model.config
[1.176s] -- Up-to-date: /home/mpcmeulensteen/blackboard_ws/install/turtlebot3_gazebo/share/turtlebot3_gazebo//models/turtlebot3_autorace/lights/model.sdf
[1.176s] -- Up-to-date: /home/mpcmeulensteen/blackboard_ws/install/turtlebot3_gazebo/share/turtlebot3_gazebo//models/turtlebot3_autorace/traffic_light_red
[1.176s] -- Up-to-date: /home/mpcmeulensteen/blackboard_ws/install/turtlebot3_gazebo/share/turtlebot3_gazebo//models/turtlebot3_autorace/traffic_light_red/model.config
[1.177s] -- Up-to-date: /home/mpcmeulensteen/blackboard_ws/install/turtlebot3_gazebo/share/turtlebot3_gazebo//models/turtlebot3_autorace/traffic_light_red/model.sdf
[1.177s] -- Up-to-date: /home/mpcmeulensteen/blackboard_ws/install/turtlebot3_gazebo/share/turtlebot3_gazebo//models/turtlebot3_autorace/model.config
[1.177s] -- Up-to-date: /home/mpcmeulensteen/blackboard_ws/install/turtlebot3_gazebo/share/turtlebot3_gazebo//models/turtlebot3_autorace/traffic_bar_up
[1.177s] -- Up-to-date: /home/mpcmeulensteen/blackboard_ws/install/turtlebot3_gazebo/share/turtlebot3_gazebo//models/turtlebot3_autorace/traffic_bar_up/model.config
[1.184s] -- Up-to-date: /home/mpcmeulensteen/blackboard_ws/install/turtlebot3_gazebo/share/turtlebot3_gazebo//models/turtlebot3_autorace/traffic_bar_up/model.sdf
[1.184s] -- Up-to-date: /home/mpcmeulensteen/blackboard_ws/install/turtlebot3_gazebo/share/turtlebot3_gazebo//models/turtlebot3_autorace/traffic_bar_up/materials
[1.184s] -- Up-to-date: /home/mpcmeulensteen/blackboard_ws/install/turtlebot3_gazebo/share/turtlebot3_gazebo//models/turtlebot3_autorace/traffic_bar_up/materials/textures
[1.184s] -- Up-to-date: /home/mpcmeulensteen/blackboard_ws/install/turtlebot3_gazebo/share/turtlebot3_gazebo//models/turtlebot3_autorace/traffic_bar_up/materials/textures/traffic_bar.png
[1.184s] -- Up-to-date: /home/mpcmeulensteen/blackboard_ws/install/turtlebot3_gazebo/share/turtlebot3_gazebo//models/turtlebot3_autorace/traffic_bar_up/materials/scripts
[1.184s] -- Up-to-date: /home/mpcmeulensteen/blackboard_ws/install/turtlebot3_gazebo/share/turtlebot3_gazebo//models/turtlebot3_autorace/traffic_bar_up/materials/scripts/traffic_bar.material
[1.185s] -- Up-to-date: /home/mpcmeulensteen/blackboard_ws/install/turtlebot3_gazebo/share/turtlebot3_gazebo//models/turtlebot3_autorace/traffic_light_green
[1.185s] -- Up-to-date: /home/mpcmeulensteen/blackboard_ws/install/turtlebot3_gazebo/share/turtlebot3_gazebo//models/turtlebot3_autorace/traffic_light_green/model.config
[1.185s] -- Up-to-date: /home/mpcmeulensteen/blackboard_ws/install/turtlebot3_gazebo/share/turtlebot3_gazebo//models/turtlebot3_autorace/traffic_light_green/model.sdf
[1.185s] -- Up-to-date: /home/mpcmeulensteen/blackboard_ws/install/turtlebot3_gazebo/share/turtlebot3_gazebo//models/turtlebot3_autorace/traffic_parking
[1.185s] -- Up-to-date: /home/mpcmeulensteen/blackboard_ws/install/turtlebot3_gazebo/share/turtlebot3_gazebo//models/turtlebot3_autorace/traffic_parking/model.config
[1.185s] -- Up-to-date: /home/mpcmeulensteen/blackboard_ws/install/turtlebot3_gazebo/share/turtlebot3_gazebo//models/turtlebot3_autorace/traffic_parking/model.sdf
[1.185s] -- Up-to-date: /home/mpcmeulensteen/blackboard_ws/install/turtlebot3_gazebo/share/turtlebot3_gazebo//models/turtlebot3_autorace/traffic_parking/materials
[1.185s] -- Up-to-date: /home/mpcmeulensteen/blackboard_ws/install/turtlebot3_gazebo/share/turtlebot3_gazebo//models/turtlebot3_autorace/traffic_parking/materials/textures
[1.185s] -- Up-to-date: /home/mpcmeulensteen/blackboard_ws/install/turtlebot3_gazebo/share/turtlebot3_gazebo//models/turtlebot3_autorace/traffic_parking/materials/textures/traffic_parking.png
[1.185s] -- Up-to-date: /home/mpcmeulensteen/blackboard_ws/install/turtlebot3_gazebo/share/turtlebot3_gazebo//models/turtlebot3_autorace/traffic_parking/materials/scripts
[1.185s] -- Up-to-date: /home/mpcmeulensteen/blackboard_ws/install/turtlebot3_gazebo/share/turtlebot3_gazebo//models/turtlebot3_autorace/traffic_parking/materials/scripts/traffic_parking.material
[1.186s] -- Up-to-date: /home/mpcmeulensteen/blackboard_ws/install/turtlebot3_gazebo/share/turtlebot3_gazebo//models/turtlebot3_autorace/traffic_stop
[1.186s] -- Up-to-date: /home/mpcmeulensteen/blackboard_ws/install/turtlebot3_gazebo/share/turtlebot3_gazebo//models/turtlebot3_autorace/traffic_stop/model.config
[1.186s] -- Up-to-date: /home/mpcmeulensteen/blackboard_ws/install/turtlebot3_gazebo/share/turtlebot3_gazebo//models/turtlebot3_autorace/traffic_stop/model.sdf
[1.186s] -- Up-to-date: /home/mpcmeulensteen/blackboard_ws/install/turtlebot3_gazebo/share/turtlebot3_gazebo//models/turtlebot3_autorace/traffic_stop/materials
[1.186s] -- Up-to-date: /home/mpcmeulensteen/blackboard_ws/install/turtlebot3_gazebo/share/turtlebot3_gazebo//models/turtlebot3_autorace/traffic_stop/materials/textures
[1.186s] -- Up-to-date: /home/mpcmeulensteen/blackboard_ws/install/turtlebot3_gazebo/share/turtlebot3_gazebo//models/turtlebot3_autorace/traffic_stop/materials/textures/traffic_stop.png
[1.187s] -- Up-to-date: /home/mpcmeulensteen/blackboard_ws/install/turtlebot3_gazebo/share/turtlebot3_gazebo//models/turtlebot3_autorace/traffic_stop/materials/scripts
[1.187s] -- Up-to-date: /home/mpcmeulensteen/blackboard_ws/install/turtlebot3_gazebo/share/turtlebot3_gazebo//models/turtlebot3_autorace/traffic_stop/materials/scripts/traffic_stop.material
[1.187s] -- Up-to-date: /home/mpcmeulensteen/blackboard_ws/install/turtlebot3_gazebo/share/turtlebot3_gazebo//models/turtlebot3_autorace/tunnel_obstacles
[1.187s] -- Up-to-date: /home/mpcmeulensteen/blackboard_ws/install/turtlebot3_gazebo/share/turtlebot3_gazebo//models/turtlebot3_autorace/tunnel_obstacles/model.config
[1.187s] -- Up-to-date: /home/mpcmeulensteen/blackboard_ws/install/turtlebot3_gazebo/share/turtlebot3_gazebo//models/turtlebot3_autorace/tunnel_obstacles/model.sdf
[1.188s] -- Up-to-date: /home/mpcmeulensteen/blackboard_ws/install/turtlebot3_gazebo/share/turtlebot3_gazebo//models/turtlebot3_autorace/traffic_light_yellow
[1.188s] -- Up-to-date: /home/mpcmeulensteen/blackboard_ws/install/turtlebot3_gazebo/share/turtlebot3_gazebo//models/turtlebot3_autorace/traffic_light_yellow/model.config
[1.188s] -- Up-to-date: /home/mpcmeulensteen/blackboard_ws/install/turtlebot3_gazebo/share/turtlebot3_gazebo//models/turtlebot3_autorace/traffic_light_yellow/model.sdf
[1.188s] -- Up-to-date: /home/mpcmeulensteen/blackboard_ws/install/turtlebot3_gazebo/share/turtlebot3_gazebo//models/turtlebot3_autorace/ground
[1.188s] -- Up-to-date: /home/mpcmeulensteen/blackboard_ws/install/turtlebot3_gazebo/share/turtlebot3_gazebo//models/turtlebot3_autorace/ground/model.config
[1.188s] -- Up-to-date: /home/mpcmeulensteen/blackboard_ws/install/turtlebot3_gazebo/share/turtlebot3_gazebo//models/turtlebot3_autorace/ground/model.sdf
[1.188s] -- Up-to-date: /home/mpcmeulensteen/blackboard_ws/install/turtlebot3_gazebo/share/turtlebot3_gazebo//models/turtlebot3_autorace/tunnel_wall
[1.188s] -- Up-to-date: /home/mpcmeulensteen/blackboard_ws/install/turtlebot3_gazebo/share/turtlebot3_gazebo//models/turtlebot3_autorace/tunnel_wall/model.config
[1.198s] -- Up-to-date: /home/mpcmeulensteen/blackboard_ws/install/turtlebot3_gazebo/share/turtlebot3_gazebo//models/turtlebot3_autorace/tunnel_wall/model.sdf
[1.198s] -- Up-to-date: /home/mpcmeulensteen/blackboard_ws/install/turtlebot3_gazebo/share/turtlebot3_gazebo//models/turtlebot3_autorace/traffic_tunnel
[1.199s] -- Up-to-date: /home/mpcmeulensteen/blackboard_ws/install/turtlebot3_gazebo/share/turtlebot3_gazebo//models/turtlebot3_autorace/traffic_tunnel/model.config
[1.199s] -- Up-to-date: /home/mpcmeulensteen/blackboard_ws/install/turtlebot3_gazebo/share/turtlebot3_gazebo//models/turtlebot3_autorace/traffic_tunnel/model.sdf
[1.199s] -- Up-to-date: /home/mpcmeulensteen/blackboard_ws/install/turtlebot3_gazebo/share/turtlebot3_gazebo//models/turtlebot3_autorace/traffic_tunnel/materials
[1.205s] -- Up-to-date: /home/mpcmeulensteen/blackboard_ws/install/turtlebot3_gazebo/share/turtlebot3_gazebo//models/turtlebot3_autorace/traffic_tunnel/materials/textures
[1.209s] -- Up-to-date: /home/mpcmeulensteen/blackboard_ws/install/turtlebot3_gazebo/share/turtlebot3_gazebo//models/turtlebot3_autorace/traffic_tunnel/materials/textures/tunnel.png
[1.209s] -- Up-to-date: /home/mpcmeulensteen/blackboard_ws/install/turtlebot3_gazebo/share/turtlebot3_gazebo//models/turtlebot3_autorace/traffic_tunnel/materials/scripts
[1.216s] -- Up-to-date: /home/mpcmeulensteen/blackboard_ws/install/turtlebot3_gazebo/share/turtlebot3_gazebo//models/turtlebot3_autorace/traffic_tunnel/materials/scripts/tunnel.material
[1.217s] -- Up-to-date: /home/mpcmeulensteen/blackboard_ws/install/turtlebot3_gazebo/share/turtlebot3_gazebo//models/turtlebot3_autorace/course
[1.217s] -- Up-to-date: /home/mpcmeulensteen/blackboard_ws/install/turtlebot3_gazebo/share/turtlebot3_gazebo//models/turtlebot3_autorace/course/model.config
[1.217s] -- Up-to-date: /home/mpcmeulensteen/blackboard_ws/install/turtlebot3_gazebo/share/turtlebot3_gazebo//models/turtlebot3_autorace/course/model.sdf
[1.223s] -- Up-to-date: /home/mpcmeulensteen/blackboard_ws/install/turtlebot3_gazebo/share/turtlebot3_gazebo//models/turtlebot3_autorace/course/materials
[1.223s] -- Up-to-date: /home/mpcmeulensteen/blackboard_ws/install/turtlebot3_gazebo/share/turtlebot3_gazebo//models/turtlebot3_autorace/course/materials/textures
[1.223s] -- Up-to-date: /home/mpcmeulensteen/blackboard_ws/install/turtlebot3_gazebo/share/turtlebot3_gazebo//models/turtlebot3_autorace/course/materials/textures/course.png
[1.223s] -- Up-to-date: /home/mpcmeulensteen/blackboard_ws/install/turtlebot3_gazebo/share/turtlebot3_gazebo//models/turtlebot3_autorace/course/materials/scripts
[1.224s] -- Up-to-date: /home/mpcmeulensteen/blackboard_ws/install/turtlebot3_gazebo/share/turtlebot3_gazebo//models/turtlebot3_autorace/course/materials/scripts/course.material
[1.224s] -- Up-to-date: /home/mpcmeulensteen/blackboard_ws/install/turtlebot3_gazebo/share/turtlebot3_gazebo//models/turtlebot3_dqn_world
[1.224s] -- Up-to-date: /home/mpcmeulensteen/blackboard_ws/install/turtlebot3_gazebo/share/turtlebot3_gazebo//models/turtlebot3_dqn_world/obstacle2
[1.224s] -- Up-to-date: /home/mpcmeulensteen/blackboard_ws/install/turtlebot3_gazebo/share/turtlebot3_gazebo//models/turtlebot3_dqn_world/obstacle2/model.config
[1.225s] -- Up-to-date: /home/mpcmeulensteen/blackboard_ws/install/turtlebot3_gazebo/share/turtlebot3_gazebo//models/turtlebot3_dqn_world/obstacle2/model.sdf
[1.226s] -- Up-to-date: /home/mpcmeulensteen/blackboard_ws/install/turtlebot3_gazebo/share/turtlebot3_gazebo//models/turtlebot3_dqn_world/obstacle_plugin
[1.226s] -- Up-to-date: /home/mpcmeulensteen/blackboard_ws/install/turtlebot3_gazebo/share/turtlebot3_gazebo//models/turtlebot3_dqn_world/obstacle_plugin/obstacle2.cc
[1.227s] -- Up-to-date: /home/mpcmeulensteen/blackboard_ws/install/turtlebot3_gazebo/share/turtlebot3_gazebo//models/turtlebot3_dqn_world/obstacle_plugin/CMakeLists.txt
[1.229s] -- Up-to-date: /home/mpcmeulensteen/blackboard_ws/install/turtlebot3_gazebo/share/turtlebot3_gazebo//models/turtlebot3_dqn_world/obstacle_plugin/obstacles.cc
[1.229s] -- Up-to-date: /home/mpcmeulensteen/blackboard_ws/install/turtlebot3_gazebo/share/turtlebot3_gazebo//models/turtlebot3_dqn_world/obstacle_plugin/obstacle1.cc
[1.229s] -- Up-to-date: /home/mpcmeulensteen/blackboard_ws/install/turtlebot3_gazebo/share/turtlebot3_gazebo//models/turtlebot3_dqn_world/model.config
[1.230s] -- Up-to-date: /home/mpcmeulensteen/blackboard_ws/install/turtlebot3_gazebo/share/turtlebot3_gazebo//models/turtlebot3_dqn_world/obstacle1
[1.230s] -- Up-to-date: /home/mpcmeulensteen/blackboard_ws/install/turtlebot3_gazebo/share/turtlebot3_gazebo//models/turtlebot3_dqn_world/obstacle1/model.config
[1.230s] -- Up-to-date: /home/mpcmeulensteen/blackboard_ws/install/turtlebot3_gazebo/share/turtlebot3_gazebo//models/turtlebot3_dqn_world/obstacle1/model.sdf
[1.230s] -- Up-to-date: /home/mpcmeulensteen/blackboard_ws/install/turtlebot3_gazebo/share/turtlebot3_gazebo//models/turtlebot3_dqn_world/inner_walls
[1.233s] -- Up-to-date: /home/mpcmeulensteen/blackboard_ws/install/turtlebot3_gazebo/share/turtlebot3_gazebo//models/turtlebot3_dqn_world/inner_walls/model.config
[1.233s] -- Up-to-date: /home/mpcmeulensteen/blackboard_ws/install/turtlebot3_gazebo/share/turtlebot3_gazebo//models/turtlebot3_dqn_world/inner_walls/model.sdf
[1.233s] -- Up-to-date: /home/mpcmeulensteen/blackboard_ws/install/turtlebot3_gazebo/share/turtlebot3_gazebo//models/turtlebot3_dqn_world/model.sdf
[1.237s] -- Up-to-date: /home/mpcmeulensteen/blackboard_ws/install/turtlebot3_gazebo/share/turtlebot3_gazebo//models/turtlebot3_dqn_world/goal_box
[1.238s] -- Up-to-date: /home/mpcmeulensteen/blackboard_ws/install/turtlebot3_gazebo/share/turtlebot3_gazebo//models/turtlebot3_dqn_world/goal_box/model.config
[1.238s] -- Up-to-date: /home/mpcmeulensteen/blackboard_ws/install/turtlebot3_gazebo/share/turtlebot3_gazebo//models/turtlebot3_dqn_world/goal_box/model.sdf
[1.238s] -- Up-to-date: /home/mpcmeulensteen/blackboard_ws/install/turtlebot3_gazebo/share/turtlebot3_gazebo//models/turtlebot3_dqn_world/obstacles
[1.238s] -- Up-to-date: /home/mpcmeulensteen/blackboard_ws/install/turtlebot3_gazebo/share/turtlebot3_gazebo//models/turtlebot3_dqn_world/obstacles/model.config
[1.242s] -- Up-to-date: /home/mpcmeulensteen/blackboard_ws/install/turtlebot3_gazebo/share/turtlebot3_gazebo//models/turtlebot3_dqn_world/obstacles/model.sdf
[1.243s] -- Up-to-date: /home/mpcmeulensteen/blackboard_ws/install/turtlebot3_gazebo/share/turtlebot3_gazebo//models/turtlebot3_house
[1.243s] -- Up-to-date: /home/mpcmeulensteen/blackboard_ws/install/turtlebot3_gazebo/share/turtlebot3_gazebo//models/turtlebot3_house/model.config
[1.243s] -- Up-to-date: /home/mpcmeulensteen/blackboard_ws/install/turtlebot3_gazebo/share/turtlebot3_gazebo//models/turtlebot3_house/model.sdf
[1.243s] -- Up-to-date: /home/mpcmeulensteen/blackboard_ws/install/turtlebot3_gazebo/share/turtlebot3_gazebo//models/turtlebot3_burger
[1.243s] -- Up-to-date: /home/mpcmeulensteen/blackboard_ws/install/turtlebot3_gazebo/share/turtlebot3_gazebo//models/turtlebot3_burger/meshes
[1.244s] -- Up-to-date: /home/mpcmeulensteen/blackboard_ws/install/turtlebot3_gazebo/share/turtlebot3_gazebo//models/turtlebot3_burger/meshes/burger_base.dae
[1.244s] -- Up-to-date: /home/mpcmeulensteen/blackboard_ws/install/turtlebot3_gazebo/share/turtlebot3_gazebo//models/turtlebot3_burger/meshes/tire.dae
[1.244s] -- Up-to-date: /home/mpcmeulensteen/blackboard_ws/install/turtlebot3_gazebo/share/turtlebot3_gazebo//models/turtlebot3_burger/meshes/lds.dae
[1.244s] -- Up-to-date: /home/mpcmeulensteen/blackboard_ws/install/turtlebot3_gazebo/share/turtlebot3_gazebo//models/turtlebot3_burger/model.config
[1.244s] -- Up-to-date: /home/mpcmeulensteen/blackboard_ws/install/turtlebot3_gazebo/share/turtlebot3_gazebo//models/turtlebot3_burger/model.sdf
[1.244s] -- Up-to-date: /home/mpcmeulensteen/blackboard_ws/install/turtlebot3_gazebo/share/turtlebot3_gazebo//models/turtlebot3_burger/model-1_4.sdf
[1.244s] -- Up-to-date: /home/mpcmeulensteen/blackboard_ws/install/turtlebot3_gazebo/share/turtlebot3_gazebo//models/turtlebot3_world
[1.244s] -- Up-to-date: /home/mpcmeulensteen/blackboard_ws/install/turtlebot3_gazebo/share/turtlebot3_gazebo//models/turtlebot3_world/meshes
[1.244s] -- Up-to-date: /home/mpcmeulensteen/blackboard_ws/install/turtlebot3_gazebo/share/turtlebot3_gazebo//models/turtlebot3_world/meshes/wall.dae
[1.244s] -- Up-to-date: /home/mpcmeulensteen/blackboard_ws/install/turtlebot3_gazebo/share/turtlebot3_gazebo//models/turtlebot3_world/meshes/hexagon.dae
[1.244s] -- Up-to-date: /home/mpcmeulensteen/blackboard_ws/install/turtlebot3_gazebo/share/turtlebot3_gazebo//models/turtlebot3_world/model.config
[1.244s] -- Up-to-date: /home/mpcmeulensteen/blackboard_ws/install/turtlebot3_gazebo/share/turtlebot3_gazebo//models/turtlebot3_world/model.sdf
[1.244s] -- Up-to-date: /home/mpcmeulensteen/blackboard_ws/install/turtlebot3_gazebo/share/turtlebot3_gazebo//models/turtlebot3_world/model-1_4.sdf
[1.245s] -- Up-to-date: /home/mpcmeulensteen/blackboard_ws/install/turtlebot3_gazebo/share/turtlebot3_gazebo//rviz
[1.245s] -- Up-to-date: /home/mpcmeulensteen/blackboard_ws/install/turtlebot3_gazebo/share/turtlebot3_gazebo//rviz/tb3_gazebo.rviz
[1.245s] -- Up-to-date: /home/mpcmeulensteen/blackboard_ws/install/turtlebot3_gazebo/share/turtlebot3_gazebo//worlds
[1.245s] -- Up-to-date: /home/mpcmeulensteen/blackboard_ws/install/turtlebot3_gazebo/share/turtlebot3_gazebo//worlds/turtlebot3_autoraces
[1.245s] -- Up-to-date: /home/mpcmeulensteen/blackboard_ws/install/turtlebot3_gazebo/share/turtlebot3_gazebo//worlds/turtlebot3_autoraces/waffle_pi.model
[1.247s] -- Up-to-date: /home/mpcmeulensteen/blackboard_ws/install/turtlebot3_gazebo/share/turtlebot3_gazebo//worlds/turtlebot3_autoraces/burger.model
[1.247s] -- Up-to-date: /home/mpcmeulensteen/blackboard_ws/install/turtlebot3_gazebo/share/turtlebot3_gazebo//worlds/turtlebot3_autoraces/waffle.model
[1.248s] -- Up-to-date: /home/mpcmeulensteen/blackboard_ws/install/turtlebot3_gazebo/share/turtlebot3_gazebo//worlds/turtlebot3_worlds
[1.248s] -- Up-to-date: /home/mpcmeulensteen/blackboard_ws/install/turtlebot3_gazebo/share/turtlebot3_gazebo//worlds/turtlebot3_worlds/waffle_pi.model
[1.248s] -- Up-to-date: /home/mpcmeulensteen/blackboard_ws/install/turtlebot3_gazebo/share/turtlebot3_gazebo//worlds/turtlebot3_worlds/burger.model
[1.248s] -- Up-to-date: /home/mpcmeulensteen/blackboard_ws/install/turtlebot3_gazebo/share/turtlebot3_gazebo//worlds/turtlebot3_worlds/waffle.model
[1.248s] -- Up-to-date: /home/mpcmeulensteen/blackboard_ws/install/turtlebot3_gazebo/share/turtlebot3_gazebo//worlds/turtlebot3_dqn_stage2
[1.249s] -- Up-to-date: /home/mpcmeulensteen/blackboard_ws/install/turtlebot3_gazebo/share/turtlebot3_gazebo//worlds/turtlebot3_dqn_stage2/waffle_pi.model
[1.249s] -- Up-to-date: /home/mpcmeulensteen/blackboard_ws/install/turtlebot3_gazebo/share/turtlebot3_gazebo//worlds/turtlebot3_dqn_stage2/burger.model
[1.249s] -- Up-to-date: /home/mpcmeulensteen/blackboard_ws/install/turtlebot3_gazebo/share/turtlebot3_gazebo//worlds/turtlebot3_dqn_stage2/waffle.model
[1.251s] -- Up-to-date: /home/mpcmeulensteen/blackboard_ws/install/turtlebot3_gazebo/share/turtlebot3_gazebo//worlds/turtlebot3_dqn_stage1
[1.251s] -- Up-to-date: /home/mpcmeulensteen/blackboard_ws/install/turtlebot3_gazebo/share/turtlebot3_gazebo//worlds/turtlebot3_dqn_stage1/waffle_pi.model
[1.254s] -- Up-to-date: /home/mpcmeulensteen/blackboard_ws/install/turtlebot3_gazebo/share/turtlebot3_gazebo//worlds/turtlebot3_dqn_stage1/burger.model
[1.254s] -- Up-to-date: /home/mpcmeulensteen/blackboard_ws/install/turtlebot3_gazebo/share/turtlebot3_gazebo//worlds/turtlebot3_dqn_stage1/waffle.model
[1.254s] -- Up-to-date: /home/mpcmeulensteen/blackboard_ws/install/turtlebot3_gazebo/share/turtlebot3_gazebo//worlds/turtlebot3_dqn_stage4
[1.254s] -- Up-to-date: /home/mpcmeulensteen/blackboard_ws/install/turtlebot3_gazebo/share/turtlebot3_gazebo//worlds/turtlebot3_dqn_stage4/waffle_pi.model
[1.254s] -- Up-to-date: /home/mpcmeulensteen/blackboard_ws/install/turtlebot3_gazebo/share/turtlebot3_gazebo//worlds/turtlebot3_dqn_stage4/burger.model
[1.255s] -- Up-to-date: /home/mpcmeulensteen/blackboard_ws/install/turtlebot3_gazebo/share/turtlebot3_gazebo//worlds/turtlebot3_dqn_stage4/waffle.model
[1.255s] -- Up-to-date: /home/mpcmeulensteen/blackboard_ws/install/turtlebot3_gazebo/share/turtlebot3_gazebo//worlds/empty_worlds
[1.255s] -- Up-to-date: /home/mpcmeulensteen/blackboard_ws/install/turtlebot3_gazebo/share/turtlebot3_gazebo//worlds/empty_worlds/waffle_pi.model
[1.255s] -- Up-to-date: /home/mpcmeulensteen/blackboard_ws/install/turtlebot3_gazebo/share/turtlebot3_gazebo//worlds/empty_worlds/burger.model
[1.255s] -- Up-to-date: /home/mpcmeulensteen/blackboard_ws/install/turtlebot3_gazebo/share/turtlebot3_gazebo//worlds/empty_worlds/waffle.model
[1.256s] -- Up-to-date: /home/mpcmeulensteen/blackboard_ws/install/turtlebot3_gazebo/share/turtlebot3_gazebo//worlds/turtlebot3_houses
[1.256s] -- Up-to-date: /home/mpcmeulensteen/blackboard_ws/install/turtlebot3_gazebo/share/turtlebot3_gazebo//worlds/turtlebot3_houses/waffle_pi.model
[1.256s] -- Up-to-date: /home/mpcmeulensteen/blackboard_ws/install/turtlebot3_gazebo/share/turtlebot3_gazebo//worlds/turtlebot3_houses/burger.model
[1.260s] -- Up-to-date: /home/mpcmeulensteen/blackboard_ws/install/turtlebot3_gazebo/share/turtlebot3_gazebo//worlds/turtlebot3_houses/waffle.model
[1.273s] -- Up-to-date: /home/mpcmeulensteen/blackboard_ws/install/turtlebot3_gazebo/share/turtlebot3_gazebo//worlds/turtlebot3_dqn_stage3
[1.273s] -- Up-to-date: /home/mpcmeulensteen/blackboard_ws/install/turtlebot3_gazebo/share/turtlebot3_gazebo//worlds/turtlebot3_dqn_stage3/waffle_pi.model
[1.273s] -- Up-to-date: /home/mpcmeulensteen/blackboard_ws/install/turtlebot3_gazebo/share/turtlebot3_gazebo//worlds/turtlebot3_dqn_stage3/burger.model
[1.273s] -- Up-to-date: /home/mpcmeulensteen/blackboard_ws/install/turtlebot3_gazebo/share/turtlebot3_gazebo//worlds/turtlebot3_dqn_stage3/waffle.model
[1.278s] -- Up-to-date: /home/mpcmeulensteen/blackboard_ws/install/turtlebot3_gazebo/include/
[1.279s] -- Up-to-date: /home/mpcmeulensteen/blackboard_ws/install/turtlebot3_gazebo/include//turtlebot3_gazebo
[1.279s] -- Up-to-date: /home/mpcmeulensteen/blackboard_ws/install/turtlebot3_gazebo/include//turtlebot3_gazebo/turtlebot3_drive.hpp
[1.279s] -- Up-to-date: /home/mpcmeulensteen/blackboard_ws/install/turtlebot3_gazebo/share/ament_index/resource_index/package_run_dependencies/turtlebot3_gazebo
[1.279s] -- Up-to-date: /home/mpcmeulensteen/blackboard_ws/install/turtlebot3_gazebo/share/ament_index/resource_index/parent_prefix_path/turtlebot3_gazebo
[1.279s] -- Up-to-date: /home/mpcmeulensteen/blackboard_ws/install/turtlebot3_gazebo/share/turtlebot3_gazebo/environment/ament_prefix_path.sh
[1.279s] -- Up-to-date: /home/mpcmeulensteen/blackboard_ws/install/turtlebot3_gazebo/share/turtlebot3_gazebo/environment/ament_prefix_path.dsv
[1.279s] -- Up-to-date: /home/mpcmeulensteen/blackboard_ws/install/turtlebot3_gazebo/share/turtlebot3_gazebo/environment/path.sh
[1.279s] -- Up-to-date: /home/mpcmeulensteen/blackboard_ws/install/turtlebot3_gazebo/share/turtlebot3_gazebo/environment/path.dsv
[1.279s] -- Up-to-date: /home/mpcmeulensteen/blackboard_ws/install/turtlebot3_gazebo/share/turtlebot3_gazebo/local_setup.bash
[1.279s] -- Up-to-date: /home/mpcmeulensteen/blackboard_ws/install/turtlebot3_gazebo/share/turtlebot3_gazebo/local_setup.sh
[1.279s] -- Up-to-date: /home/mpcmeulensteen/blackboard_ws/install/turtlebot3_gazebo/share/turtlebot3_gazebo/local_setup.zsh
[1.279s] -- Up-to-date: /home/mpcmeulensteen/blackboard_ws/install/turtlebot3_gazebo/share/turtlebot3_gazebo/local_setup.dsv
[1.280s] -- Installing: /home/mpcmeulensteen/blackboard_ws/install/turtlebot3_gazebo/share/turtlebot3_gazebo/package.dsv
[1.280s] -- Up-to-date: /home/mpcmeulensteen/blackboard_ws/install/turtlebot3_gazebo/share/ament_index/resource_index/packages/turtlebot3_gazebo
[1.280s] -- Up-to-date: /home/mpcmeulensteen/blackboard_ws/install/turtlebot3_gazebo/share/turtlebot3_gazebo/cmake/ament_cmake_export_include_directories-extras.cmake
[1.280s] -- Up-to-date: /home/mpcmeulensteen/blackboard_ws/install/turtlebot3_gazebo/share/turtlebot3_gazebo/cmake/ament_cmake_export_dependencies-extras.cmake
[1.280s] -- Up-to-date: /home/mpcmeulensteen/blackboard_ws/install/turtlebot3_gazebo/share/turtlebot3_gazebo/cmake/turtlebot3_gazeboConfig.cmake
[1.280s] -- Up-to-date: /home/mpcmeulensteen/blackboard_ws/install/turtlebot3_gazebo/share/turtlebot3_gazebo/cmake/turtlebot3_gazeboConfig-version.cmake
[1.280s] -- Up-to-date: /home/mpcmeulensteen/blackboard_ws/install/turtlebot3_gazebo/share/turtlebot3_gazebo/package.xml
[1.280s] Invoked command in '/home/mpcmeulensteen/blackboard_ws/build/turtlebot3_gazebo' returned '0': CMAKE_PREFIX_PATH=/home/mpcmeulensteen/blackboard_ws/install/turtlebot3_description:/home/mpcmeulensteen/blackboard_ws/install/turtlebot3:/home/mpcmeulensteen/blackboard_ws/install/turtlebot3_simulations:/home/mpcmeulensteen/blackboard_ws/install/turtlebot3_bringup:/home/mpcmeulensteen/blackboard_ws/install/turtlebot3_node:/home/mpcmeulensteen/blackboard_ws/install/turtlebot3_navigation2:/home/mpcmeulensteen/blackboard_ws/install/turtlebot3_fake_node:/home/mpcmeulensteen/blackboard_ws/install/turtlebot3_msgs:/home/mpcmeulensteen/blackboard_ws/install/turtlebot3_gazebo:/home/mpcmeulensteen/blackboard_ws/install/turtlebot3_cartographer:/home/mpcmeulensteen/blackboard_ws/install/robot1:/home/mpcmeulensteen/blackboard_ws/install/navigation_cartographer:/home/mpcmeulensteen/blackboard_ws/install/navigation:/home/mpcmeulensteen/blackboard_ws/install/navigate_robot_pkg:/home/mpcmeulensteen/blackboard_ws/install/hls_lfcd_lds_driver:/home/mpcmeulensteen/blackboard_ws/install/dynamixel_sdk_examples:/home/mpcmeulensteen/blackboard_ws/install/dynamixel_sdk_custom_interfaces:/home/mpcmeulensteen/blackboard_ws/install/dynamixel_sdk:/home/mpcmeulensteen/blackboard_ws/install/blackboard:/home/mpcmeulensteen/blackboard_ws/install/bbinstance:/home/mpcmeulensteen/turtlebot3_ws/install/turtlebot3:/home/mpcmeulensteen/turtlebot3_ws/install/turtlebot3_simulations:/home/mpcmeulensteen/turtlebot3_ws/install/turtlebot3_bringup:/home/mpcmeulensteen/turtlebot3_ws/install/turtlebot3_node:/home/mpcmeulensteen/turtlebot3_ws/install/turtlebot3_navigation2:/home/mpcmeulensteen/turtlebot3_ws/install/turtlebot3_fake_node:/home/mpcmeulensteen/turtlebot3_ws/install/turtlebot3_msgs:/home/mpcmeulensteen/turtlebot3_ws/install/turtlebot3_gazebo:/home/mpcmeulensteen/turtlebot3_ws/install/turtlebot3_description:/home/mpcmeulensteen/turtlebot3_ws/install/turtlebot3_cartographer:/home/mpcmeulensteen/turtlebot3_ws/install/hls_lfcd_lds_driver:/home/mpcmeulensteen/turtlebot3_ws/install/dynamixel_sdk_examples:/home/mpcmeulensteen/turtlebot3_ws/install/dynamixel_sdk_custom_interfaces:/home/mpcmeulensteen/turtlebot3_ws/install/dynamixel_sdk:/home/mpcmeulensteen/colcon_ws/install/turtlebot3:/home/mpcmeulensteen/colcon_ws/install/turtlebot3_simulations:/home/mpcmeulensteen/colcon_ws/install/turtlebot3_bringup:/home/mpcmeulensteen/colcon_ws/install/turtlebot3_node:/home/mpcmeulensteen/colcon_ws/install/turtlebot3_navigation2:/home/mpcmeulensteen/colcon_ws/install/turtlebot3_fake_node:/home/mpcmeulensteen/colcon_ws/install/turtlebot3_msgs:/home/mpcmeulensteen/colcon_ws/install/turtlebot3_gazebo:/home/mpcmeulensteen/colcon_ws/install/turtlebot3_description:/home/mpcmeulensteen/colcon_ws/install/turtlebot3_cartographer:/home/mpcmeulensteen/colcon_ws/install/robot1:/home/mpcmeulensteen/colcon_ws/install/navigation_cartographer:/home/mpcmeulensteen/colcon_ws/install/navigation:/home/mpcmeulensteen/colcon_ws/install/navigate_robot_pkg:/home/mpcmeulensteen/colcon_ws/install/hls_lfcd_lds_driver:/home/mpcmeulensteen/colcon_ws/install/dynamixel_sdk_examples:/home/mpcmeulensteen/colcon_ws/install/dynamixel_sdk_custom_interfaces:/home/mpcmeulensteen/colcon_ws/install/dynamixel_sdk:/home/mpcmeulensteen/colcon_ws/install/blackboard:/home/mpcmeulensteen/colcon_ws/install/bbinstance:/home/mpcmeulensteen/blackboard_ws/install/turtlebot3_teleop:/home/mpcmeulensteen/blackboard_ws/install/turtlebot3_example:/home/mpcmeulensteen/turtlebot3_ws/install/turtlebot3_teleop:/home/mpcmeulensteen/turtlebot3_ws/install/turtlebot3_example:/home/mpcmeulensteen/colcon_ws/install/turtlebot3_teleop:/home/mpcmeulensteen/colcon_ws/install/turtlebot3_example:/opt/ros/foxy /usr/bin/cmake --install /home/mpcmeulensteen/blackboard_ws/build/turtlebot3_gazebo
