[0.567s] Invoking command in '/home/mpcmeulensteen/blackboard_ws/src/navigation': PYTHONPATH=/home/mpcmeulensteen/blackboard_ws/install/navigation/lib/python3.8/site-packages:${PYTHONPATH} /usr/bin/python3 setup.py egg_info --egg-base ../../build/navigation build --build-base /home/mpcmeulensteen/blackboard_ws/build/navigation/build install --prefix /home/mpcmeulensteen/blackboard_ws/install/navigation --record /home/mpcmeulensteen/blackboard_ws/build/navigation/install.log --single-version-externally-managed
[1.050s] running egg_info
[1.053s] writing ../../build/navigation/navigation.egg-info/PKG-INFO
[1.055s] writing dependency_links to ../../build/navigation/navigation.egg-info/dependency_links.txt
[1.057s] writing entry points to ../../build/navigation/navigation.egg-info/entry_points.txt
[1.057s] writing requirements to ../../build/navigation/navigation.egg-info/requires.txt
[1.058s] writing top-level names to ../../build/navigation/navigation.egg-info/top_level.txt
[1.120s] reading manifest file '../../build/navigation/navigation.egg-info/SOURCES.txt'
[1.124s] writing manifest file '../../build/navigation/navigation.egg-info/SOURCES.txt'
[1.124s] running build
[1.126s] running build_py
[1.126s] running install
[1.128s] running install_lib
[1.131s] running install_data
[1.133s] copying launch/navigation.launch.py -> /home/mpcmeulensteen/blackboard_ws/install/navigation/share/navigation
[1.136s] running install_egg_info
[1.140s] removing '/home/mpcmeulensteen/blackboard_ws/install/navigation/lib/python3.8/site-packages/navigation-0.0.0-py3.8.egg-info' (and everything under it)
[1.144s] Copying ../../build/navigation/navigation.egg-info to /home/mpcmeulensteen/blackboard_ws/install/navigation/lib/python3.8/site-packages/navigation-0.0.0-py3.8.egg-info
[1.146s] running install_scripts
[1.178s] writing list of installed files to '/home/mpcmeulensteen/blackboard_ws/build/navigation/install.log'
[1.213s] Invoked command in '/home/mpcmeulensteen/blackboard_ws/src/navigation' returned '0': PYTHONPATH=/home/mpcmeulensteen/blackboard_ws/install/navigation/lib/python3.8/site-packages:${PYTHONPATH} /usr/bin/python3 setup.py egg_info --egg-base ../../build/navigation build --build-base /home/mpcmeulensteen/blackboard_ws/build/navigation/build install --prefix /home/mpcmeulensteen/blackboard_ws/install/navigation --record /home/mpcmeulensteen/blackboard_ws/build/navigation/install.log --single-version-externally-managed
