[0.435s] Invoking command in '/home/mpcmeulensteen/blackboard_ws/src/ros2_blackboard': PYTHONPATH=/home/mpcmeulensteen/blackboard_ws/install/ros2_blackboard/lib/python3.8/site-packages:${PYTHONPATH} /usr/bin/python3 setup.py egg_info --egg-base ../../build/ros2_blackboard build --build-base /home/mpcmeulensteen/blackboard_ws/build/ros2_blackboard/build install --prefix /home/mpcmeulensteen/blackboard_ws/install/ros2_blackboard --record /home/mpcmeulensteen/blackboard_ws/build/ros2_blackboard/install.log --single-version-externally-managed
[0.846s] running egg_info
[0.847s] writing ../../build/ros2_blackboard/ros2_blackboard.egg-info/PKG-INFO
[0.847s] writing dependency_links to ../../build/ros2_blackboard/ros2_blackboard.egg-info/dependency_links.txt
[0.847s] writing entry points to ../../build/ros2_blackboard/ros2_blackboard.egg-info/entry_points.txt
[0.848s] writing requirements to ../../build/ros2_blackboard/ros2_blackboard.egg-info/requires.txt
[0.849s] writing top-level names to ../../build/ros2_blackboard/ros2_blackboard.egg-info/top_level.txt
[0.909s] reading manifest file '../../build/ros2_blackboard/ros2_blackboard.egg-info/SOURCES.txt'
[0.921s] writing manifest file '../../build/ros2_blackboard/ros2_blackboard.egg-info/SOURCES.txt'
[0.921s] running build
[0.921s] running build_py
[0.922s] running install
[0.923s] running install_lib
[0.925s] running install_data
[0.926s] running install_egg_info
[0.928s] removing '/home/mpcmeulensteen/blackboard_ws/install/ros2_blackboard/lib/python3.8/site-packages/ros2_blackboard-0.0.0-py3.8.egg-info' (and everything under it)
[0.933s] Copying ../../build/ros2_blackboard/ros2_blackboard.egg-info to /home/mpcmeulensteen/blackboard_ws/install/ros2_blackboard/lib/python3.8/site-packages/ros2_blackboard-0.0.0-py3.8.egg-info
[0.937s] running install_scripts
[0.957s] Installing RosCommunication script to /home/mpcmeulensteen/blackboard_ws/install/ros2_blackboard/lib/ros2_blackboard
[0.961s] Installing service script to /home/mpcmeulensteen/blackboard_ws/install/ros2_blackboard/lib/ros2_blackboard
[0.962s] Installing testMain script to /home/mpcmeulensteen/blackboard_ws/install/ros2_blackboard/lib/ros2_blackboard
[0.962s] writing list of installed files to '/home/mpcmeulensteen/blackboard_ws/build/ros2_blackboard/install.log'
[0.992s] Invoked command in '/home/mpcmeulensteen/blackboard_ws/src/ros2_blackboard' returned '0': PYTHONPATH=/home/mpcmeulensteen/blackboard_ws/install/ros2_blackboard/lib/python3.8/site-packages:${PYTHONPATH} /usr/bin/python3 setup.py egg_info --egg-base ../../build/ros2_blackboard build --build-base /home/mpcmeulensteen/blackboard_ws/build/ros2_blackboard/build install --prefix /home/mpcmeulensteen/blackboard_ws/install/ros2_blackboard --record /home/mpcmeulensteen/blackboard_ws/build/ros2_blackboard/install.log --single-version-externally-managed
