[0.437s] Invoking command in '/home/mpcmeulensteen/blackboard_ws/src/bbinstance': PYTHONPATH=/home/mpcmeulensteen/blackboard_ws/install/bbinstance/lib/python3.8/site-packages:${PYTHONPATH} /usr/bin/python3 setup.py egg_info --egg-base ../../build/bbinstance build --build-base /home/mpcmeulensteen/blackboard_ws/build/bbinstance/build install --prefix /home/mpcmeulensteen/blackboard_ws/install/bbinstance --record /home/mpcmeulensteen/blackboard_ws/build/bbinstance/install.log --single-version-externally-managed
[0.619s] running egg_info
[0.620s] writing ../../build/bbinstance/bbinstance.egg-info/PKG-INFO
[0.621s] writing dependency_links to ../../build/bbinstance/bbinstance.egg-info/dependency_links.txt
[0.621s] writing entry points to ../../build/bbinstance/bbinstance.egg-info/entry_points.txt
[0.621s] writing requirements to ../../build/bbinstance/bbinstance.egg-info/requires.txt
[0.621s] writing top-level names to ../../build/bbinstance/bbinstance.egg-info/top_level.txt
[0.651s] reading manifest file '../../build/bbinstance/bbinstance.egg-info/SOURCES.txt'
[0.652s] writing manifest file '../../build/bbinstance/bbinstance.egg-info/SOURCES.txt'
[0.652s] running build
[0.652s] running build_py
[0.652s] copying bbinstance/robotInstance.py -> /home/mpcmeulensteen/blackboard_ws/build/bbinstance/build/lib/bbinstance
[0.653s] running install
[0.654s] running install_lib
[0.654s] copying /home/mpcmeulensteen/blackboard_ws/build/bbinstance/build/lib/bbinstance/robotInstance.py -> /home/mpcmeulensteen/blackboard_ws/install/bbinstance/lib/python3.8/site-packages/bbinstance
[0.655s] byte-compiling /home/mpcmeulensteen/blackboard_ws/install/bbinstance/lib/python3.8/site-packages/bbinstance/robotInstance.py to robotInstance.cpython-38.pyc
[0.656s] running install_data
[0.657s] running install_egg_info
[0.658s] removing '/home/mpcmeulensteen/blackboard_ws/install/bbinstance/lib/python3.8/site-packages/bbinstance-0.0.0-py3.8.egg-info' (and everything under it)
[0.658s] Copying ../../build/bbinstance/bbinstance.egg-info to /home/mpcmeulensteen/blackboard_ws/install/bbinstance/lib/python3.8/site-packages/bbinstance-0.0.0-py3.8.egg-info
[0.659s] running install_scripts
[0.673s] Installing blackboardinstance script to /home/mpcmeulensteen/blackboard_ws/install/bbinstance/lib/bbinstance
[0.674s] Installing robotInstance script to /home/mpcmeulensteen/blackboard_ws/install/bbinstance/lib/bbinstance
[0.674s] Installing robotInstance2 script to /home/mpcmeulensteen/blackboard_ws/install/bbinstance/lib/bbinstance
[0.674s] Installing robotInstance3 script to /home/mpcmeulensteen/blackboard_ws/install/bbinstance/lib/bbinstance
[0.674s] Installing robotInstance4 script to /home/mpcmeulensteen/blackboard_ws/install/bbinstance/lib/bbinstance
[0.675s] Installing taskview script to /home/mpcmeulensteen/blackboard_ws/install/bbinstance/lib/bbinstance
[0.675s] writing list of installed files to '/home/mpcmeulensteen/blackboard_ws/build/bbinstance/install.log'
[0.698s] Invoked command in '/home/mpcmeulensteen/blackboard_ws/src/bbinstance' returned '0': PYTHONPATH=/home/mpcmeulensteen/blackboard_ws/install/bbinstance/lib/python3.8/site-packages:${PYTHONPATH} /usr/bin/python3 setup.py egg_info --egg-base ../../build/bbinstance build --build-base /home/mpcmeulensteen/blackboard_ws/build/bbinstance/build install --prefix /home/mpcmeulensteen/blackboard_ws/install/bbinstance --record /home/mpcmeulensteen/blackboard_ws/build/bbinstance/install.log --single-version-externally-managed
