[0.037s] Invoking command in '/home/mpcmeulensteen/blackboard_ws/build/turtlebot3_gazebo': AMENT_PREFIX_PATH=/home/mpcmeulensteen/blackboard_ws/install/turtlebot3_description:${AMENT_PREFIX_PATH} CMAKE_PREFIX_PATH=/home/mpcmeulensteen/blackboard_ws/install/turtlebot3_description:/opt/ros/foxy /usr/bin/cmake --build /home/mpcmeulensteen/blackboard_ws/build/turtlebot3_gazebo -- -j2 -l2
[0.162s] -- Found ament_cmake: 0.9.9 (/opt/ros/foxy/share/ament_cmake/cmake)
[0.186s] -- Using PYTHON_EXECUTABLE: /usr/bin/python3
[0.558s] -- Found DART: /usr/include (Required is at least version "6.6") found components: dart 
[0.647s] -- Found Protobuf: /usr/lib/x86_64-linux-gnu/libprotobuf.so;-lpthread (found version "3.6.1") 
[0.651s] -- Looking for ignition-math6 -- found version 6.9.2
[0.662s] -- Searching for dependencies of ignition-math6
[0.665s] -- Looking for OGRE...
[0.672s] -- Found Ogre Ghadamon (1.9.0)
[0.673s] -- Found OGRE: optimized;/usr/lib/x86_64-linux-gnu/libOgreMain.so;debug;/usr/lib/x86_64-linux-gnu/libOgreMain.so
[0.686s] -- Looking for OGRE_Paging...
[0.686s] -- Found OGRE_Paging: optimized;/usr/lib/x86_64-linux-gnu/libOgrePaging.so;debug;/usr/lib/x86_64-linux-gnu/libOgrePaging.so
[0.687s] -- Looking for OGRE_Terrain...
[0.687s] -- Found OGRE_Terrain: optimized;/usr/lib/x86_64-linux-gnu/libOgreTerrain.so;debug;/usr/lib/x86_64-linux-gnu/libOgreTerrain.so
[0.687s] -- Looking for OGRE_Property...
[0.688s] -- Found OGRE_Property: optimized;/usr/lib/x86_64-linux-gnu/libOgreProperty.so;debug;/usr/lib/x86_64-linux-gnu/libOgreProperty.so
[0.688s] -- Looking for OGRE_RTShaderSystem...
[0.688s] -- Found OGRE_RTShaderSystem: optimized;/usr/lib/x86_64-linux-gnu/libOgreRTShaderSystem.so;debug;/usr/lib/x86_64-linux-gnu/libOgreRTShaderSystem.so
[0.689s] -- Looking for OGRE_Volume...
[0.689s] -- Found OGRE_Volume: optimized;/usr/lib/x86_64-linux-gnu/libOgreVolume.so;debug;/usr/lib/x86_64-linux-gnu/libOgreVolume.so
[0.689s] -- Looking for OGRE_Overlay...
[0.689s] -- Found OGRE_Overlay: optimized;/usr/lib/x86_64-linux-gnu/libOgreOverlay.so;debug;/usr/lib/x86_64-linux-gnu/libOgreOverlay.so
[0.817s] -- Looking for ignition-math6 -- found version 6.9.2
[0.818s] -- Looking for ignition-transport8 -- found version 8.2.1
[0.819s] -- Searching for dependencies of ignition-transport8
[0.838s] -- Found Protobuf: /usr/lib/x86_64-linux-gnu/libprotobuf.so;-lpthread (found suitable version "3.6.1", minimum required is "3") 
[0.847s] -- Config-file not installed for ZeroMQ -- checking for pkg-config
[0.853s] -- Checking for module 'libzmq >= 4'
[0.879s] --   Found libzmq , version 4.3.2
[0.926s] -- Checking for module 'uuid'
[0.946s] --   Found uuid, version 2.34.0
[0.990s] -- Looking for ignition-msgs5 -- found version 5.8.1
[0.991s] -- Searching for dependencies of ignition-msgs5
[1.010s] -- Looking for ignition-math6 -- found version 6.9.2
[1.016s] -- Checking for module 'tinyxml2'
[1.035s] --   Found tinyxml2, version 6.2.0
[1.081s] -- Looking for ignition-msgs5 -- found version 5.8.1
[1.083s] -- Looking for ignition-common3 -- found version 3.14.0
[1.084s] -- Searching for dependencies of ignition-common3
[1.085s] -- Looking for dlfcn.h - found
[1.086s] -- Looking for libdl - found
[1.097s] -- Searching for <ignition-common3> component [graphics]
[1.099s] -- Looking for ignition-common3-graphics -- found version 3.14.0
[1.100s] -- Searching for dependencies of ignition-common3-graphics
[1.101s] -- Looking for ignition-math6 -- found version 6.9.2
[1.103s] -- Looking for ignition-fuel_tools4 -- found version 4.4.0
[1.104s] -- Searching for dependencies of ignition-fuel_tools4
[1.138s] -- Checking for module 'jsoncpp'
[1.157s] --   Found jsoncpp, version 1.7.4
[1.210s] -- Checking for module 'libzip'
[1.231s] --   Found libzip, version 1.5.1
[1.280s] -- Looking for ignition-common3 -- found version 3.14.0
[1.281s] -- Looking for ignition-math6 -- found version 6.9.2
[1.281s] -- Looking for ignition-msgs5 -- found version 5.8.1
[1.286s] -- Found gazebo_ros_pkgs: 3.5.3 (/opt/ros/foxy/share/gazebo_ros_pkgs/cmake)
[1.287s] -- Found geometry_msgs: 2.0.4 (/opt/ros/foxy/share/geometry_msgs/cmake)
[1.303s] -- Using all available rosidl_typesupport_c: rosidl_typesupport_fastrtps_c;rosidl_typesupport_introspection_c
[1.307s] -- Found rosidl_adapter: 1.2.1 (/opt/ros/foxy/share/rosidl_adapter/cmake)
[1.440s] -- Using all available rosidl_typesupport_cpp: rosidl_typesupport_fastrtps_cpp;rosidl_typesupport_introspection_cpp
[1.530s] -- Found nav_msgs: 2.0.4 (/opt/ros/foxy/share/nav_msgs/cmake)
[1.606s] -- Found rclcpp: 2.4.0 (/opt/ros/foxy/share/rclcpp/cmake)
[1.641s] -- Found rmw_implementation_cmake: 1.0.3 (/opt/ros/foxy/share/rmw_implementation_cmake/cmake)
[1.642s] -- Using RMW implementation 'rmw_fastrtps_cpp' as default
[1.781s] -- Found sensor_msgs: 2.0.4 (/opt/ros/foxy/share/sensor_msgs/cmake)
[1.857s] -- Found tf2: 0.13.12 (/opt/ros/foxy/share/tf2/cmake)
[1.944s] -- Configuring done
[2.026s] -- Generating done
[2.030s] -- Build files have been written to: /home/mpcmeulensteen/blackboard_ws/build/turtlebot3_gazebo
[2.075s] [35m[1mScanning dependencies of target obstacles[0m
[2.157s] [ 12%] [32mBuilding CXX object CMakeFiles/obstacles.dir/models/turtlebot3_dqn_world/obstacle_plugin/obstacles.cc.o[0m
[14.332s] [ 25%] [32m[1mLinking CXX shared library libobstacles.so[0m
[15.043s] [ 25%] Built target obstacles
[15.062s] [35m[1mScanning dependencies of target obstacle2[0m
[15.136s] [ 37%] [32mBuilding CXX object CMakeFiles/obstacle2.dir/models/turtlebot3_dqn_world/obstacle_plugin/obstacle2.cc.o[0m
[32.547s] [ 50%] [32m[1mLinking CXX shared library libobstacle2.so[0m
[33.292s] [ 50%] Built target obstacle2
[33.330s] [35m[1mScanning dependencies of target turtlebot3_drive[0m
[33.398s] [ 62%] [32mBuilding CXX object CMakeFiles/turtlebot3_drive.dir/src/turtlebot3_drive.cpp.o[0m
[45.275s] [ 75%] [32m[1mLinking CXX executable turtlebot3_drive[0m
[45.698s] [ 75%] Built target turtlebot3_drive
[45.718s] [35m[1mScanning dependencies of target obstacle1[0m
[45.783s] [ 87%] [32mBuilding CXX object CMakeFiles/obstacle1.dir/models/turtlebot3_dqn_world/obstacle_plugin/obstacle1.cc.o[0m
[57.270s] [100%] [32m[1mLinking CXX shared library libobstacle1.so[0m
[57.662s] [100%] Built target obstacle1
[57.678s] Invoked command in '/home/mpcmeulensteen/blackboard_ws/build/turtlebot3_gazebo' returned '0': AMENT_PREFIX_PATH=/home/mpcmeulensteen/blackboard_ws/install/turtlebot3_description:${AMENT_PREFIX_PATH} CMAKE_PREFIX_PATH=/home/mpcmeulensteen/blackboard_ws/install/turtlebot3_description:/opt/ros/foxy /usr/bin/cmake --build /home/mpcmeulensteen/blackboard_ws/build/turtlebot3_gazebo -- -j2 -l2
[57.718s] Invoking command in '/home/mpcmeulensteen/blackboard_ws/build/turtlebot3_gazebo': AMENT_PREFIX_PATH=/home/mpcmeulensteen/blackboard_ws/install/turtlebot3_description:${AMENT_PREFIX_PATH} CMAKE_PREFIX_PATH=/home/mpcmeulensteen/blackboard_ws/install/turtlebot3_description:/opt/ros/foxy /usr/bin/cmake --install /home/mpcmeulensteen/blackboard_ws/build/turtlebot3_gazebo
[57.727s] -- Install configuration: ""
[57.730s] -- Installing: /home/mpcmeulensteen/blackboard_ws/install/turtlebot3_gazebo/lib/turtlebot3_gazebo/turtlebot3_drive
[57.735s] -- Set runtime path of "/home/mpcmeulensteen/blackboard_ws/install/turtlebot3_gazebo/lib/turtlebot3_gazebo/turtlebot3_drive" to ""
[57.735s] -- Up-to-date: /home/mpcmeulensteen/blackboard_ws/install/turtlebot3_gazebo/share/turtlebot3_gazebo//launch
[57.735s] -- Installing: /home/mpcmeulensteen/blackboard_ws/install/turtlebot3_gazebo/share/turtlebot3_gazebo//launch/empty_world.launch.py
[57.735s] -- Installing: /home/mpcmeulensteen/blackboard_ws/install/turtlebot3_gazebo/share/turtlebot3_gazebo//launch/turtlebot3_autorace.launch.py
[57.735s] -- Installing: /home/mpcmeulensteen/blackboard_ws/install/turtlebot3_gazebo/share/turtlebot3_gazebo//launch/turtlebot3_dqn_stage1.launch.py
[57.735s] -- Installing: /home/mpcmeulensteen/blackboard_ws/install/turtlebot3_gazebo/share/turtlebot3_gazebo//launch/turtlebot3_house.launch.py
[57.735s] -- Installing: /home/mpcmeulensteen/blackboard_ws/install/turtlebot3_gazebo/share/turtlebot3_gazebo//launch/turtlebot3_dqn_stage2.launch.py
[57.735s] -- Installing: /home/mpcmeulensteen/blackboard_ws/install/turtlebot3_gazebo/share/turtlebot3_gazebo//launch/turtlebot3_dqn_stage4.launch.py
[57.736s] -- Installing: /home/mpcmeulensteen/blackboard_ws/install/turtlebot3_gazebo/share/turtlebot3_gazebo//launch/turtlebot3_world.launch.py
[57.736s] -- Installing: /home/mpcmeulensteen/blackboard_ws/install/turtlebot3_gazebo/share/turtlebot3_gazebo//launch/turtlebot3_dqn_stage3.launch.py
[57.736s] -- Installing: /home/mpcmeulensteen/blackboard_ws/install/turtlebot3_gazebo/share/turtlebot3_gazebo//launch/robot_state_publisher.launch.py
[57.736s] -- Up-to-date: /home/mpcmeulensteen/blackboard_ws/install/turtlebot3_gazebo/share/turtlebot3_gazebo//models
[57.736s] -- Up-to-date: /home/mpcmeulensteen/blackboard_ws/install/turtlebot3_gazebo/share/turtlebot3_gazebo//models/turtlebot3_world
[57.736s] -- Up-to-date: /home/mpcmeulensteen/blackboard_ws/install/turtlebot3_gazebo/share/turtlebot3_gazebo//models/turtlebot3_world/meshes
[57.736s] -- Installing: /home/mpcmeulensteen/blackboard_ws/install/turtlebot3_gazebo/share/turtlebot3_gazebo//models/turtlebot3_world/meshes/wall.dae
[57.736s] -- Installing: /home/mpcmeulensteen/blackboard_ws/install/turtlebot3_gazebo/share/turtlebot3_gazebo//models/turtlebot3_world/meshes/hexagon.dae
[57.736s] -- Installing: /home/mpcmeulensteen/blackboard_ws/install/turtlebot3_gazebo/share/turtlebot3_gazebo//models/turtlebot3_world/model-1_4.sdf
[57.737s] -- Installing: /home/mpcmeulensteen/blackboard_ws/install/turtlebot3_gazebo/share/turtlebot3_gazebo//models/turtlebot3_world/model.config
[57.737s] -- Installing: /home/mpcmeulensteen/blackboard_ws/install/turtlebot3_gazebo/share/turtlebot3_gazebo//models/turtlebot3_world/model.sdf
[57.737s] -- Up-to-date: /home/mpcmeulensteen/blackboard_ws/install/turtlebot3_gazebo/share/turtlebot3_gazebo//models/turtlebot3_waffle
[57.737s] -- Up-to-date: /home/mpcmeulensteen/blackboard_ws/install/turtlebot3_gazebo/share/turtlebot3_gazebo//models/turtlebot3_waffle/meshes
[57.737s] -- Installing: /home/mpcmeulensteen/blackboard_ws/install/turtlebot3_gazebo/share/turtlebot3_gazebo//models/turtlebot3_waffle/meshes/lds.dae
[57.737s] -- Installing: /home/mpcmeulensteen/blackboard_ws/install/turtlebot3_gazebo/share/turtlebot3_gazebo//models/turtlebot3_waffle/meshes/tire.dae
[57.737s] -- Installing: /home/mpcmeulensteen/blackboard_ws/install/turtlebot3_gazebo/share/turtlebot3_gazebo//models/turtlebot3_waffle/meshes/r200.dae
[57.738s] -- Installing: /home/mpcmeulensteen/blackboard_ws/install/turtlebot3_gazebo/share/turtlebot3_gazebo//models/turtlebot3_waffle/meshes/waffle_base.dae
[57.738s] -- Installing: /home/mpcmeulensteen/blackboard_ws/install/turtlebot3_gazebo/share/turtlebot3_gazebo//models/turtlebot3_waffle/model-1_4.sdf
[57.739s] -- Installing: /home/mpcmeulensteen/blackboard_ws/install/turtlebot3_gazebo/share/turtlebot3_gazebo//models/turtlebot3_waffle/model.config
[57.739s] -- Installing: /home/mpcmeulensteen/blackboard_ws/install/turtlebot3_gazebo/share/turtlebot3_gazebo//models/turtlebot3_waffle/model.sdf
[57.739s] -- Up-to-date: /home/mpcmeulensteen/blackboard_ws/install/turtlebot3_gazebo/share/turtlebot3_gazebo//models/turtlebot3_dqn_world
[57.739s] -- Up-to-date: /home/mpcmeulensteen/blackboard_ws/install/turtlebot3_gazebo/share/turtlebot3_gazebo//models/turtlebot3_dqn_world/inner_walls
[57.739s] -- Installing: /home/mpcmeulensteen/blackboard_ws/install/turtlebot3_gazebo/share/turtlebot3_gazebo//models/turtlebot3_dqn_world/inner_walls/model.config
[57.740s] -- Installing: /home/mpcmeulensteen/blackboard_ws/install/turtlebot3_gazebo/share/turtlebot3_gazebo//models/turtlebot3_dqn_world/inner_walls/model.sdf
[57.740s] -- Installing: /home/mpcmeulensteen/blackboard_ws/install/turtlebot3_gazebo/share/turtlebot3_gazebo//models/turtlebot3_dqn_world/model.config
[57.740s] -- Up-to-date: /home/mpcmeulensteen/blackboard_ws/install/turtlebot3_gazebo/share/turtlebot3_gazebo//models/turtlebot3_dqn_world/obstacles
[57.741s] -- Installing: /home/mpcmeulensteen/blackboard_ws/install/turtlebot3_gazebo/share/turtlebot3_gazebo//models/turtlebot3_dqn_world/obstacles/model.config
[57.741s] -- Installing: /home/mpcmeulensteen/blackboard_ws/install/turtlebot3_gazebo/share/turtlebot3_gazebo//models/turtlebot3_dqn_world/obstacles/model.sdf
[57.741s] -- Up-to-date: /home/mpcmeulensteen/blackboard_ws/install/turtlebot3_gazebo/share/turtlebot3_gazebo//models/turtlebot3_dqn_world/obstacle2
[57.741s] -- Installing: /home/mpcmeulensteen/blackboard_ws/install/turtlebot3_gazebo/share/turtlebot3_gazebo//models/turtlebot3_dqn_world/obstacle2/model.config
[57.741s] -- Installing: /home/mpcmeulensteen/blackboard_ws/install/turtlebot3_gazebo/share/turtlebot3_gazebo//models/turtlebot3_dqn_world/obstacle2/model.sdf
[57.742s] -- Up-to-date: /home/mpcmeulensteen/blackboard_ws/install/turtlebot3_gazebo/share/turtlebot3_gazebo//models/turtlebot3_dqn_world/goal_box
[57.742s] -- Installing: /home/mpcmeulensteen/blackboard_ws/install/turtlebot3_gazebo/share/turtlebot3_gazebo//models/turtlebot3_dqn_world/goal_box/model.config
[57.742s] -- Installing: /home/mpcmeulensteen/blackboard_ws/install/turtlebot3_gazebo/share/turtlebot3_gazebo//models/turtlebot3_dqn_world/goal_box/model.sdf
[57.742s] -- Up-to-date: /home/mpcmeulensteen/blackboard_ws/install/turtlebot3_gazebo/share/turtlebot3_gazebo//models/turtlebot3_dqn_world/obstacle1
[57.742s] -- Installing: /home/mpcmeulensteen/blackboard_ws/install/turtlebot3_gazebo/share/turtlebot3_gazebo//models/turtlebot3_dqn_world/obstacle1/model.config
[57.742s] -- Installing: /home/mpcmeulensteen/blackboard_ws/install/turtlebot3_gazebo/share/turtlebot3_gazebo//models/turtlebot3_dqn_world/obstacle1/model.sdf
[57.742s] -- Installing: /home/mpcmeulensteen/blackboard_ws/install/turtlebot3_gazebo/share/turtlebot3_gazebo//models/turtlebot3_dqn_world/model.sdf
[57.742s] -- Up-to-date: /home/mpcmeulensteen/blackboard_ws/install/turtlebot3_gazebo/share/turtlebot3_gazebo//models/turtlebot3_dqn_world/obstacle_plugin
[57.742s] -- Installing: /home/mpcmeulensteen/blackboard_ws/install/turtlebot3_gazebo/share/turtlebot3_gazebo//models/turtlebot3_dqn_world/obstacle_plugin/obstacle1.cc
[57.742s] -- Installing: /home/mpcmeulensteen/blackboard_ws/install/turtlebot3_gazebo/share/turtlebot3_gazebo//models/turtlebot3_dqn_world/obstacle_plugin/CMakeLists.txt
[57.743s] -- Installing: /home/mpcmeulensteen/blackboard_ws/install/turtlebot3_gazebo/share/turtlebot3_gazebo//models/turtlebot3_dqn_world/obstacle_plugin/obstacles.cc
[57.743s] -- Installing: /home/mpcmeulensteen/blackboard_ws/install/turtlebot3_gazebo/share/turtlebot3_gazebo//models/turtlebot3_dqn_world/obstacle_plugin/obstacle2.cc
[57.743s] -- Up-to-date: /home/mpcmeulensteen/blackboard_ws/install/turtlebot3_gazebo/share/turtlebot3_gazebo//models/turtlebot3_burger
[57.743s] -- Up-to-date: /home/mpcmeulensteen/blackboard_ws/install/turtlebot3_gazebo/share/turtlebot3_gazebo//models/turtlebot3_burger/meshes
[57.743s] -- Installing: /home/mpcmeulensteen/blackboard_ws/install/turtlebot3_gazebo/share/turtlebot3_gazebo//models/turtlebot3_burger/meshes/lds.dae
[57.743s] -- Installing: /home/mpcmeulensteen/blackboard_ws/install/turtlebot3_gazebo/share/turtlebot3_gazebo//models/turtlebot3_burger/meshes/burger_base.dae
[57.743s] -- Installing: /home/mpcmeulensteen/blackboard_ws/install/turtlebot3_gazebo/share/turtlebot3_gazebo//models/turtlebot3_burger/meshes/tire.dae
[57.743s] -- Installing: /home/mpcmeulensteen/blackboard_ws/install/turtlebot3_gazebo/share/turtlebot3_gazebo//models/turtlebot3_burger/model-1_4.sdf
[57.744s] -- Installing: /home/mpcmeulensteen/blackboard_ws/install/turtlebot3_gazebo/share/turtlebot3_gazebo//models/turtlebot3_burger/model.config
[57.744s] -- Installing: /home/mpcmeulensteen/blackboard_ws/install/turtlebot3_gazebo/share/turtlebot3_gazebo//models/turtlebot3_burger/model.sdf
[57.744s] -- Up-to-date: /home/mpcmeulensteen/blackboard_ws/install/turtlebot3_gazebo/share/turtlebot3_gazebo//models/turtlebot3_waffle_pi
[57.744s] -- Up-to-date: /home/mpcmeulensteen/blackboard_ws/install/turtlebot3_gazebo/share/turtlebot3_gazebo//models/turtlebot3_waffle_pi/meshes
[57.744s] -- Installing: /home/mpcmeulensteen/blackboard_ws/install/turtlebot3_gazebo/share/turtlebot3_gazebo//models/turtlebot3_waffle_pi/meshes/lds.dae
[57.744s] -- Installing: /home/mpcmeulensteen/blackboard_ws/install/turtlebot3_gazebo/share/turtlebot3_gazebo//models/turtlebot3_waffle_pi/meshes/tire.dae
[57.744s] -- Installing: /home/mpcmeulensteen/blackboard_ws/install/turtlebot3_gazebo/share/turtlebot3_gazebo//models/turtlebot3_waffle_pi/meshes/waffle_pi_base.dae
[57.745s] -- Installing: /home/mpcmeulensteen/blackboard_ws/install/turtlebot3_gazebo/share/turtlebot3_gazebo//models/turtlebot3_waffle_pi/model-1_4_.sdf
[57.745s] -- Installing: /home/mpcmeulensteen/blackboard_ws/install/turtlebot3_gazebo/share/turtlebot3_gazebo//models/turtlebot3_waffle_pi/model.config
[57.745s] -- Installing: /home/mpcmeulensteen/blackboard_ws/install/turtlebot3_gazebo/share/turtlebot3_gazebo//models/turtlebot3_waffle_pi/model.sdf
[57.745s] -- Up-to-date: /home/mpcmeulensteen/blackboard_ws/install/turtlebot3_gazebo/share/turtlebot3_gazebo//models/turtlebot3_house
[57.745s] -- Installing: /home/mpcmeulensteen/blackboard_ws/install/turtlebot3_gazebo/share/turtlebot3_gazebo//models/turtlebot3_house/model.config
[57.745s] -- Installing: /home/mpcmeulensteen/blackboard_ws/install/turtlebot3_gazebo/share/turtlebot3_gazebo//models/turtlebot3_house/model.sdf
[57.745s] -- Up-to-date: /home/mpcmeulensteen/blackboard_ws/install/turtlebot3_gazebo/share/turtlebot3_gazebo//models/turtlebot3_autorace
[57.745s] -- Up-to-date: /home/mpcmeulensteen/blackboard_ws/install/turtlebot3_gazebo/share/turtlebot3_gazebo//models/turtlebot3_autorace/traffic_light_green
[57.745s] -- Installing: /home/mpcmeulensteen/blackboard_ws/install/turtlebot3_gazebo/share/turtlebot3_gazebo//models/turtlebot3_autorace/traffic_light_green/model.config
[57.745s] -- Installing: /home/mpcmeulensteen/blackboard_ws/install/turtlebot3_gazebo/share/turtlebot3_gazebo//models/turtlebot3_autorace/traffic_light_green/model.sdf
[57.746s] -- Up-to-date: /home/mpcmeulensteen/blackboard_ws/install/turtlebot3_gazebo/share/turtlebot3_gazebo//models/turtlebot3_autorace/tunnel_obstacles
[57.746s] -- Installing: /home/mpcmeulensteen/blackboard_ws/install/turtlebot3_gazebo/share/turtlebot3_gazebo//models/turtlebot3_autorace/tunnel_obstacles/model.config
[57.746s] -- Installing: /home/mpcmeulensteen/blackboard_ws/install/turtlebot3_gazebo/share/turtlebot3_gazebo//models/turtlebot3_autorace/tunnel_obstacles/model.sdf
[57.746s] -- Up-to-date: /home/mpcmeulensteen/blackboard_ws/install/turtlebot3_gazebo/share/turtlebot3_gazebo//models/turtlebot3_autorace/traffic_light_red
[57.746s] -- Installing: /home/mpcmeulensteen/blackboard_ws/install/turtlebot3_gazebo/share/turtlebot3_gazebo//models/turtlebot3_autorace/traffic_light_red/model.config
[57.746s] -- Installing: /home/mpcmeulensteen/blackboard_ws/install/turtlebot3_gazebo/share/turtlebot3_gazebo//models/turtlebot3_autorace/traffic_light_red/model.sdf
[57.746s] -- Installing: /home/mpcmeulensteen/blackboard_ws/install/turtlebot3_gazebo/share/turtlebot3_gazebo//models/turtlebot3_autorace/model.config
[57.746s] -- Up-to-date: /home/mpcmeulensteen/blackboard_ws/install/turtlebot3_gazebo/share/turtlebot3_gazebo//models/turtlebot3_autorace/course
[57.747s] -- Installing: /home/mpcmeulensteen/blackboard_ws/install/turtlebot3_gazebo/share/turtlebot3_gazebo//models/turtlebot3_autorace/course/model.config
[57.747s] -- Up-to-date: /home/mpcmeulensteen/blackboard_ws/install/turtlebot3_gazebo/share/turtlebot3_gazebo//models/turtlebot3_autorace/course/materials
[57.747s] -- Up-to-date: /home/mpcmeulensteen/blackboard_ws/install/turtlebot3_gazebo/share/turtlebot3_gazebo//models/turtlebot3_autorace/course/materials/scripts
[57.747s] -- Installing: /home/mpcmeulensteen/blackboard_ws/install/turtlebot3_gazebo/share/turtlebot3_gazebo//models/turtlebot3_autorace/course/materials/scripts/course.material
[57.747s] -- Up-to-date: /home/mpcmeulensteen/blackboard_ws/install/turtlebot3_gazebo/share/turtlebot3_gazebo//models/turtlebot3_autorace/course/materials/textures
[57.747s] -- Installing: /home/mpcmeulensteen/blackboard_ws/install/turtlebot3_gazebo/share/turtlebot3_gazebo//models/turtlebot3_autorace/course/materials/textures/course.png
[57.747s] -- Installing: /home/mpcmeulensteen/blackboard_ws/install/turtlebot3_gazebo/share/turtlebot3_gazebo//models/turtlebot3_autorace/course/model.sdf
[57.748s] -- Up-to-date: /home/mpcmeulensteen/blackboard_ws/install/turtlebot3_gazebo/share/turtlebot3_gazebo//models/turtlebot3_autorace/lights
[57.748s] -- Installing: /home/mpcmeulensteen/blackboard_ws/install/turtlebot3_gazebo/share/turtlebot3_gazebo//models/turtlebot3_autorace/lights/model.config
[57.748s] -- Installing: /home/mpcmeulensteen/blackboard_ws/install/turtlebot3_gazebo/share/turtlebot3_gazebo//models/turtlebot3_autorace/lights/model.sdf
[57.748s] -- Up-to-date: /home/mpcmeulensteen/blackboard_ws/install/turtlebot3_gazebo/share/turtlebot3_gazebo//models/turtlebot3_autorace/tunnel_wall
[57.748s] -- Installing: /home/mpcmeulensteen/blackboard_ws/install/turtlebot3_gazebo/share/turtlebot3_gazebo//models/turtlebot3_autorace/tunnel_wall/model.config
[57.748s] -- Installing: /home/mpcmeulensteen/blackboard_ws/install/turtlebot3_gazebo/share/turtlebot3_gazebo//models/turtlebot3_autorace/tunnel_wall/model.sdf
[57.748s] -- Up-to-date: /home/mpcmeulensteen/blackboard_ws/install/turtlebot3_gazebo/share/turtlebot3_gazebo//models/turtlebot3_autorace/traffic_stop
[57.748s] -- Installing: /home/mpcmeulensteen/blackboard_ws/install/turtlebot3_gazebo/share/turtlebot3_gazebo//models/turtlebot3_autorace/traffic_stop/model.config
[57.749s] -- Up-to-date: /home/mpcmeulensteen/blackboard_ws/install/turtlebot3_gazebo/share/turtlebot3_gazebo//models/turtlebot3_autorace/traffic_stop/materials
[57.749s] -- Up-to-date: /home/mpcmeulensteen/blackboard_ws/install/turtlebot3_gazebo/share/turtlebot3_gazebo//models/turtlebot3_autorace/traffic_stop/materials/scripts
[57.749s] -- Installing: /home/mpcmeulensteen/blackboard_ws/install/turtlebot3_gazebo/share/turtlebot3_gazebo//models/turtlebot3_autorace/traffic_stop/materials/scripts/traffic_stop.material
[57.749s] -- Up-to-date: /home/mpcmeulensteen/blackboard_ws/install/turtlebot3_gazebo/share/turtlebot3_gazebo//models/turtlebot3_autorace/traffic_stop/materials/textures
[57.749s] -- Installing: /home/mpcmeulensteen/blackboard_ws/install/turtlebot3_gazebo/share/turtlebot3_gazebo//models/turtlebot3_autorace/traffic_stop/materials/textures/traffic_stop.png
[57.749s] -- Installing: /home/mpcmeulensteen/blackboard_ws/install/turtlebot3_gazebo/share/turtlebot3_gazebo//models/turtlebot3_autorace/traffic_stop/model.sdf
[57.749s] -- Up-to-date: /home/mpcmeulensteen/blackboard_ws/install/turtlebot3_gazebo/share/turtlebot3_gazebo//models/turtlebot3_autorace/traffic_parking
[57.749s] -- Installing: /home/mpcmeulensteen/blackboard_ws/install/turtlebot3_gazebo/share/turtlebot3_gazebo//models/turtlebot3_autorace/traffic_parking/model.config
[57.750s] -- Up-to-date: /home/mpcmeulensteen/blackboard_ws/install/turtlebot3_gazebo/share/turtlebot3_gazebo//models/turtlebot3_autorace/traffic_parking/materials
[57.750s] -- Up-to-date: /home/mpcmeulensteen/blackboard_ws/install/turtlebot3_gazebo/share/turtlebot3_gazebo//models/turtlebot3_autorace/traffic_parking/materials/scripts
[57.750s] -- Installing: /home/mpcmeulensteen/blackboard_ws/install/turtlebot3_gazebo/share/turtlebot3_gazebo//models/turtlebot3_autorace/traffic_parking/materials/scripts/traffic_parking.material
[57.750s] -- Up-to-date: /home/mpcmeulensteen/blackboard_ws/install/turtlebot3_gazebo/share/turtlebot3_gazebo//models/turtlebot3_autorace/traffic_parking/materials/textures
[57.750s] -- Installing: /home/mpcmeulensteen/blackboard_ws/install/turtlebot3_gazebo/share/turtlebot3_gazebo//models/turtlebot3_autorace/traffic_parking/materials/textures/traffic_parking.png
[57.750s] -- Installing: /home/mpcmeulensteen/blackboard_ws/install/turtlebot3_gazebo/share/turtlebot3_gazebo//models/turtlebot3_autorace/traffic_parking/model.sdf
[57.750s] -- Up-to-date: /home/mpcmeulensteen/blackboard_ws/install/turtlebot3_gazebo/share/turtlebot3_gazebo//models/turtlebot3_autorace/traffic_bar_down
[57.750s] -- Installing: /home/mpcmeulensteen/blackboard_ws/install/turtlebot3_gazebo/share/turtlebot3_gazebo//models/turtlebot3_autorace/traffic_bar_down/model.config
[57.750s] -- Up-to-date: /home/mpcmeulensteen/blackboard_ws/install/turtlebot3_gazebo/share/turtlebot3_gazebo//models/turtlebot3_autorace/traffic_bar_down/materials
[57.750s] -- Up-to-date: /home/mpcmeulensteen/blackboard_ws/install/turtlebot3_gazebo/share/turtlebot3_gazebo//models/turtlebot3_autorace/traffic_bar_down/materials/scripts
[57.751s] -- Installing: /home/mpcmeulensteen/blackboard_ws/install/turtlebot3_gazebo/share/turtlebot3_gazebo//models/turtlebot3_autorace/traffic_bar_down/materials/scripts/traffic_bar.material
[57.751s] -- Up-to-date: /home/mpcmeulensteen/blackboard_ws/install/turtlebot3_gazebo/share/turtlebot3_gazebo//models/turtlebot3_autorace/traffic_bar_down/materials/textures
[57.751s] -- Installing: /home/mpcmeulensteen/blackboard_ws/install/turtlebot3_gazebo/share/turtlebot3_gazebo//models/turtlebot3_autorace/traffic_bar_down/materials/textures/traffic_bar.png
[57.751s] -- Installing: /home/mpcmeulensteen/blackboard_ws/install/turtlebot3_gazebo/share/turtlebot3_gazebo//models/turtlebot3_autorace/traffic_bar_down/model.sdf
[57.751s] -- Up-to-date: /home/mpcmeulensteen/blackboard_ws/install/turtlebot3_gazebo/share/turtlebot3_gazebo//models/turtlebot3_autorace/traffic_tunnel
[57.752s] -- Installing: /home/mpcmeulensteen/blackboard_ws/install/turtlebot3_gazebo/share/turtlebot3_gazebo//models/turtlebot3_autorace/traffic_tunnel/model.config
[57.752s] -- Up-to-date: /home/mpcmeulensteen/blackboard_ws/install/turtlebot3_gazebo/share/turtlebot3_gazebo//models/turtlebot3_autorace/traffic_tunnel/materials
[57.752s] -- Up-to-date: /home/mpcmeulensteen/blackboard_ws/install/turtlebot3_gazebo/share/turtlebot3_gazebo//models/turtlebot3_autorace/traffic_tunnel/materials/scripts
[57.752s] -- Installing: /home/mpcmeulensteen/blackboard_ws/install/turtlebot3_gazebo/share/turtlebot3_gazebo//models/turtlebot3_autorace/traffic_tunnel/materials/scripts/tunnel.material
[57.752s] -- Up-to-date: /home/mpcmeulensteen/blackboard_ws/install/turtlebot3_gazebo/share/turtlebot3_gazebo//models/turtlebot3_autorace/traffic_tunnel/materials/textures
[57.752s] -- Installing: /home/mpcmeulensteen/blackboard_ws/install/turtlebot3_gazebo/share/turtlebot3_gazebo//models/turtlebot3_autorace/traffic_tunnel/materials/textures/tunnel.png
[57.752s] -- Installing: /home/mpcmeulensteen/blackboard_ws/install/turtlebot3_gazebo/share/turtlebot3_gazebo//models/turtlebot3_autorace/traffic_tunnel/model.sdf
[57.752s] -- Up-to-date: /home/mpcmeulensteen/blackboard_ws/install/turtlebot3_gazebo/share/turtlebot3_gazebo//models/turtlebot3_autorace/traffic_bar_up
[57.752s] -- Installing: /home/mpcmeulensteen/blackboard_ws/install/turtlebot3_gazebo/share/turtlebot3_gazebo//models/turtlebot3_autorace/traffic_bar_up/model.config
[57.752s] -- Up-to-date: /home/mpcmeulensteen/blackboard_ws/install/turtlebot3_gazebo/share/turtlebot3_gazebo//models/turtlebot3_autorace/traffic_bar_up/materials
[57.752s] -- Up-to-date: /home/mpcmeulensteen/blackboard_ws/install/turtlebot3_gazebo/share/turtlebot3_gazebo//models/turtlebot3_autorace/traffic_bar_up/materials/scripts
[57.752s] -- Installing: /home/mpcmeulensteen/blackboard_ws/install/turtlebot3_gazebo/share/turtlebot3_gazebo//models/turtlebot3_autorace/traffic_bar_up/materials/scripts/traffic_bar.material
[57.753s] -- Up-to-date: /home/mpcmeulensteen/blackboard_ws/install/turtlebot3_gazebo/share/turtlebot3_gazebo//models/turtlebot3_autorace/traffic_bar_up/materials/textures
[57.753s] -- Installing: /home/mpcmeulensteen/blackboard_ws/install/turtlebot3_gazebo/share/turtlebot3_gazebo//models/turtlebot3_autorace/traffic_bar_up/materials/textures/traffic_bar.png
[57.753s] -- Installing: /home/mpcmeulensteen/blackboard_ws/install/turtlebot3_gazebo/share/turtlebot3_gazebo//models/turtlebot3_autorace/traffic_bar_up/model.sdf
[57.753s] -- Up-to-date: /home/mpcmeulensteen/blackboard_ws/install/turtlebot3_gazebo/share/turtlebot3_gazebo//models/turtlebot3_autorace/ground
[57.753s] -- Installing: /home/mpcmeulensteen/blackboard_ws/install/turtlebot3_gazebo/share/turtlebot3_gazebo//models/turtlebot3_autorace/ground/model.config
[57.753s] -- Installing: /home/mpcmeulensteen/blackboard_ws/install/turtlebot3_gazebo/share/turtlebot3_gazebo//models/turtlebot3_autorace/ground/model.sdf
[57.753s] -- Up-to-date: /home/mpcmeulensteen/blackboard_ws/install/turtlebot3_gazebo/share/turtlebot3_gazebo//models/turtlebot3_autorace/traffic_light_yellow
[57.753s] -- Installing: /home/mpcmeulensteen/blackboard_ws/install/turtlebot3_gazebo/share/turtlebot3_gazebo//models/turtlebot3_autorace/traffic_light_yellow/model.config
[57.753s] -- Installing: /home/mpcmeulensteen/blackboard_ws/install/turtlebot3_gazebo/share/turtlebot3_gazebo//models/turtlebot3_autorace/traffic_light_yellow/model.sdf
[57.754s] -- Up-to-date: /home/mpcmeulensteen/blackboard_ws/install/turtlebot3_gazebo/share/turtlebot3_gazebo//rviz
[57.754s] -- Installing: /home/mpcmeulensteen/blackboard_ws/install/turtlebot3_gazebo/share/turtlebot3_gazebo//rviz/tb3_gazebo.rviz
[57.754s] -- Up-to-date: /home/mpcmeulensteen/blackboard_ws/install/turtlebot3_gazebo/share/turtlebot3_gazebo//worlds
[57.754s] -- Up-to-date: /home/mpcmeulensteen/blackboard_ws/install/turtlebot3_gazebo/share/turtlebot3_gazebo//worlds/turtlebot3_dqn_stage4
[57.754s] -- Installing: /home/mpcmeulensteen/blackboard_ws/install/turtlebot3_gazebo/share/turtlebot3_gazebo//worlds/turtlebot3_dqn_stage4/waffle_pi.model
[57.754s] -- Installing: /home/mpcmeulensteen/blackboard_ws/install/turtlebot3_gazebo/share/turtlebot3_gazebo//worlds/turtlebot3_dqn_stage4/burger.model
[57.754s] -- Installing: /home/mpcmeulensteen/blackboard_ws/install/turtlebot3_gazebo/share/turtlebot3_gazebo//worlds/turtlebot3_dqn_stage4/waffle.model
[57.754s] -- Up-to-date: /home/mpcmeulensteen/blackboard_ws/install/turtlebot3_gazebo/share/turtlebot3_gazebo//worlds/turtlebot3_autoraces
[57.754s] -- Installing: /home/mpcmeulensteen/blackboard_ws/install/turtlebot3_gazebo/share/turtlebot3_gazebo//worlds/turtlebot3_autoraces/waffle_pi.model
[57.755s] -- Installing: /home/mpcmeulensteen/blackboard_ws/install/turtlebot3_gazebo/share/turtlebot3_gazebo//worlds/turtlebot3_autoraces/burger.model
[57.755s] -- Installing: /home/mpcmeulensteen/blackboard_ws/install/turtlebot3_gazebo/share/turtlebot3_gazebo//worlds/turtlebot3_autoraces/waffle.model
[57.755s] -- Up-to-date: /home/mpcmeulensteen/blackboard_ws/install/turtlebot3_gazebo/share/turtlebot3_gazebo//worlds/turtlebot3_worlds
[57.755s] -- Installing: /home/mpcmeulensteen/blackboard_ws/install/turtlebot3_gazebo/share/turtlebot3_gazebo//worlds/turtlebot3_worlds/waffle_pi.model
[57.755s] -- Installing: /home/mpcmeulensteen/blackboard_ws/install/turtlebot3_gazebo/share/turtlebot3_gazebo//worlds/turtlebot3_worlds/burger.model
[57.755s] -- Installing: /home/mpcmeulensteen/blackboard_ws/install/turtlebot3_gazebo/share/turtlebot3_gazebo//worlds/turtlebot3_worlds/waffle.model
[57.755s] -- Up-to-date: /home/mpcmeulensteen/blackboard_ws/install/turtlebot3_gazebo/share/turtlebot3_gazebo//worlds/turtlebot3_dqn_stage2
[57.755s] -- Installing: /home/mpcmeulensteen/blackboard_ws/install/turtlebot3_gazebo/share/turtlebot3_gazebo//worlds/turtlebot3_dqn_stage2/waffle_pi.model
[57.756s] -- Installing: /home/mpcmeulensteen/blackboard_ws/install/turtlebot3_gazebo/share/turtlebot3_gazebo//worlds/turtlebot3_dqn_stage2/burger.model
[57.756s] -- Installing: /home/mpcmeulensteen/blackboard_ws/install/turtlebot3_gazebo/share/turtlebot3_gazebo//worlds/turtlebot3_dqn_stage2/waffle.model
[57.756s] -- Up-to-date: /home/mpcmeulensteen/blackboard_ws/install/turtlebot3_gazebo/share/turtlebot3_gazebo//worlds/turtlebot3_dqn_stage1
[57.756s] -- Installing: /home/mpcmeulensteen/blackboard_ws/install/turtlebot3_gazebo/share/turtlebot3_gazebo//worlds/turtlebot3_dqn_stage1/waffle_pi.model
[57.756s] -- Installing: /home/mpcmeulensteen/blackboard_ws/install/turtlebot3_gazebo/share/turtlebot3_gazebo//worlds/turtlebot3_dqn_stage1/burger.model
[57.756s] -- Installing: /home/mpcmeulensteen/blackboard_ws/install/turtlebot3_gazebo/share/turtlebot3_gazebo//worlds/turtlebot3_dqn_stage1/waffle.model
[57.756s] -- Up-to-date: /home/mpcmeulensteen/blackboard_ws/install/turtlebot3_gazebo/share/turtlebot3_gazebo//worlds/empty_worlds
[57.756s] -- Installing: /home/mpcmeulensteen/blackboard_ws/install/turtlebot3_gazebo/share/turtlebot3_gazebo//worlds/empty_worlds/waffle_pi.model
[57.756s] -- Installing: /home/mpcmeulensteen/blackboard_ws/install/turtlebot3_gazebo/share/turtlebot3_gazebo//worlds/empty_worlds/burger.model
[57.756s] -- Installing: /home/mpcmeulensteen/blackboard_ws/install/turtlebot3_gazebo/share/turtlebot3_gazebo//worlds/empty_worlds/waffle.model
[57.756s] -- Up-to-date: /home/mpcmeulensteen/blackboard_ws/install/turtlebot3_gazebo/share/turtlebot3_gazebo//worlds/turtlebot3_houses
[57.756s] -- Installing: /home/mpcmeulensteen/blackboard_ws/install/turtlebot3_gazebo/share/turtlebot3_gazebo//worlds/turtlebot3_houses/waffle_pi.model
[57.757s] -- Installing: /home/mpcmeulensteen/blackboard_ws/install/turtlebot3_gazebo/share/turtlebot3_gazebo//worlds/turtlebot3_houses/burger.model
[57.757s] -- Installing: /home/mpcmeulensteen/blackboard_ws/install/turtlebot3_gazebo/share/turtlebot3_gazebo//worlds/turtlebot3_houses/waffle.model
[57.757s] -- Up-to-date: /home/mpcmeulensteen/blackboard_ws/install/turtlebot3_gazebo/share/turtlebot3_gazebo//worlds/turtlebot3_dqn_stage3
[57.757s] -- Installing: /home/mpcmeulensteen/blackboard_ws/install/turtlebot3_gazebo/share/turtlebot3_gazebo//worlds/turtlebot3_dqn_stage3/waffle_pi.model
[57.757s] -- Installing: /home/mpcmeulensteen/blackboard_ws/install/turtlebot3_gazebo/share/turtlebot3_gazebo//worlds/turtlebot3_dqn_stage3/burger.model
[57.757s] -- Installing: /home/mpcmeulensteen/blackboard_ws/install/turtlebot3_gazebo/share/turtlebot3_gazebo//worlds/turtlebot3_dqn_stage3/waffle.model
[57.757s] -- Up-to-date: /home/mpcmeulensteen/blackboard_ws/install/turtlebot3_gazebo/include/
[57.757s] -- Up-to-date: /home/mpcmeulensteen/blackboard_ws/install/turtlebot3_gazebo/include//turtlebot3_gazebo
[57.757s] -- Installing: /home/mpcmeulensteen/blackboard_ws/install/turtlebot3_gazebo/include//turtlebot3_gazebo/turtlebot3_drive.hpp
[57.757s] -- Installing: /home/mpcmeulensteen/blackboard_ws/install/turtlebot3_gazebo/share/ament_index/resource_index/package_run_dependencies/turtlebot3_gazebo
[57.758s] -- Installing: /home/mpcmeulensteen/blackboard_ws/install/turtlebot3_gazebo/share/ament_index/resource_index/parent_prefix_path/turtlebot3_gazebo
[57.758s] -- Installing: /home/mpcmeulensteen/blackboard_ws/install/turtlebot3_gazebo/share/turtlebot3_gazebo/environment/ament_prefix_path.sh
[57.758s] -- Installing: /home/mpcmeulensteen/blackboard_ws/install/turtlebot3_gazebo/share/turtlebot3_gazebo/environment/ament_prefix_path.dsv
[57.758s] -- Installing: /home/mpcmeulensteen/blackboard_ws/install/turtlebot3_gazebo/share/turtlebot3_gazebo/environment/path.sh
[57.758s] -- Installing: /home/mpcmeulensteen/blackboard_ws/install/turtlebot3_gazebo/share/turtlebot3_gazebo/environment/path.dsv
[57.758s] -- Installing: /home/mpcmeulensteen/blackboard_ws/install/turtlebot3_gazebo/share/turtlebot3_gazebo/local_setup.bash
[57.758s] -- Installing: /home/mpcmeulensteen/blackboard_ws/install/turtlebot3_gazebo/share/turtlebot3_gazebo/local_setup.sh
[57.758s] -- Installing: /home/mpcmeulensteen/blackboard_ws/install/turtlebot3_gazebo/share/turtlebot3_gazebo/local_setup.zsh
[57.758s] -- Installing: /home/mpcmeulensteen/blackboard_ws/install/turtlebot3_gazebo/share/turtlebot3_gazebo/local_setup.dsv
[57.758s] -- Installing: /home/mpcmeulensteen/blackboard_ws/install/turtlebot3_gazebo/share/turtlebot3_gazebo/package.dsv
[57.759s] -- Installing: /home/mpcmeulensteen/blackboard_ws/install/turtlebot3_gazebo/share/ament_index/resource_index/packages/turtlebot3_gazebo
[57.759s] -- Installing: /home/mpcmeulensteen/blackboard_ws/install/turtlebot3_gazebo/share/turtlebot3_gazebo/cmake/ament_cmake_export_include_directories-extras.cmake
[57.759s] -- Installing: /home/mpcmeulensteen/blackboard_ws/install/turtlebot3_gazebo/share/turtlebot3_gazebo/cmake/ament_cmake_export_dependencies-extras.cmake
[57.759s] -- Installing: /home/mpcmeulensteen/blackboard_ws/install/turtlebot3_gazebo/share/turtlebot3_gazebo/cmake/turtlebot3_gazeboConfig.cmake
[57.759s] -- Installing: /home/mpcmeulensteen/blackboard_ws/install/turtlebot3_gazebo/share/turtlebot3_gazebo/cmake/turtlebot3_gazeboConfig-version.cmake
[57.759s] -- Installing: /home/mpcmeulensteen/blackboard_ws/install/turtlebot3_gazebo/share/turtlebot3_gazebo/package.xml
[57.764s] Invoked command in '/home/mpcmeulensteen/blackboard_ws/build/turtlebot3_gazebo' returned '0': AMENT_PREFIX_PATH=/home/mpcmeulensteen/blackboard_ws/install/turtlebot3_description:${AMENT_PREFIX_PATH} CMAKE_PREFIX_PATH=/home/mpcmeulensteen/blackboard_ws/install/turtlebot3_description:/opt/ros/foxy /usr/bin/cmake --install /home/mpcmeulensteen/blackboard_ws/build/turtlebot3_gazebo
