[0.291s] Invoking command in '/home/mpcmeulensteen/blackboard_ws/src/navigation': PYTHONPATH=/home/mpcmeulensteen/blackboard_ws/install/navigation/lib/python3.8/site-packages:${PYTHONPATH} /usr/bin/python3 setup.py egg_info --egg-base ../../build/navigation build --build-base /home/mpcmeulensteen/blackboard_ws/build/navigation/build install --prefix /home/mpcmeulensteen/blackboard_ws/install/navigation --record /home/mpcmeulensteen/blackboard_ws/build/navigation/install.log --single-version-externally-managed
[0.513s] running egg_info
[0.516s] writing ../../build/navigation/navigation.egg-info/PKG-INFO
[0.517s] writing dependency_links to ../../build/navigation/navigation.egg-info/dependency_links.txt
[0.518s] writing entry points to ../../build/navigation/navigation.egg-info/entry_points.txt
[0.519s] writing requirements to ../../build/navigation/navigation.egg-info/requires.txt
[0.520s] writing top-level names to ../../build/navigation/navigation.egg-info/top_level.txt
[0.552s] reading manifest file '../../build/navigation/navigation.egg-info/SOURCES.txt'
[0.553s] writing manifest file '../../build/navigation/navigation.egg-info/SOURCES.txt'
[0.554s] running build
[0.554s] running build_py
[0.555s] running install
[0.556s] running install_lib
[0.558s] running install_data
[0.560s] running install_egg_info
[0.562s] removing '/home/mpcmeulensteen/blackboard_ws/install/navigation/lib/python3.8/site-packages/navigation-0.0.0-py3.8.egg-info' (and everything under it)
[0.568s] Copying ../../build/navigation/navigation.egg-info to /home/mpcmeulensteen/blackboard_ws/install/navigation/lib/python3.8/site-packages/navigation-0.0.0-py3.8.egg-info
[0.569s] running install_scripts
[0.589s] writing list of installed files to '/home/mpcmeulensteen/blackboard_ws/build/navigation/install.log'
[0.613s] Invoked command in '/home/mpcmeulensteen/blackboard_ws/src/navigation' returned '0': PYTHONPATH=/home/mpcmeulensteen/blackboard_ws/install/navigation/lib/python3.8/site-packages:${PYTHONPATH} /usr/bin/python3 setup.py egg_info --egg-base ../../build/navigation build --build-base /home/mpcmeulensteen/blackboard_ws/build/navigation/build install --prefix /home/mpcmeulensteen/blackboard_ws/install/navigation --record /home/mpcmeulensteen/blackboard_ws/build/navigation/install.log --single-version-externally-managed
