[0.399s] Invoking command in '/home/mpcmeulensteen/blackboard_ws/src/turtlebot3/turtlebot3_example': AMENT_PREFIX_PATH=/home/mpcmeulensteen/blackboard_ws/install/turtlebot3_msgs:${AMENT_PREFIX_PATH} CMAKE_PREFIX_PATH=/home/mpcmeulensteen/blackboard_ws/install/turtlebot3_msgs LD_LIBRARY_PATH=/home/mpcmeulensteen/blackboard_ws/install/turtlebot3_msgs/lib:${LD_LIBRARY_PATH} PYTHONPATH=/home/mpcmeulensteen/blackboard_ws/install/turtlebot3_example/lib/python3.8/site-packages:/home/mpcmeulensteen/blackboard_ws/install/turtlebot3_msgs/lib/python3.8/site-packages:${PYTHONPATH} /usr/bin/python3 setup.py egg_info --egg-base ../../../build/turtlebot3_example build --build-base /home/mpcmeulensteen/blackboard_ws/build/turtlebot3_example/build install --prefix /home/mpcmeulensteen/blackboard_ws/install/turtlebot3_example --record /home/mpcmeulensteen/blackboard_ws/build/turtlebot3_example/install.log --single-version-externally-managed
[0.660s] running egg_info
[0.660s] writing ../../../build/turtlebot3_example/turtlebot3_example.egg-info/PKG-INFO
[0.661s] writing dependency_links to ../../../build/turtlebot3_example/turtlebot3_example.egg-info/dependency_links.txt
[0.662s] writing entry points to ../../../build/turtlebot3_example/turtlebot3_example.egg-info/entry_points.txt
[0.662s] writing requirements to ../../../build/turtlebot3_example/turtlebot3_example.egg-info/requires.txt
[0.662s] writing top-level names to ../../../build/turtlebot3_example/turtlebot3_example.egg-info/top_level.txt
[0.729s] reading manifest file '../../../build/turtlebot3_example/turtlebot3_example.egg-info/SOURCES.txt'
[0.731s] writing manifest file '../../../build/turtlebot3_example/turtlebot3_example.egg-info/SOURCES.txt'
[0.731s] running build
[0.731s] running build_py
[0.732s] copying turtlebot3_example/__init__.py -> /home/mpcmeulensteen/blackboard_ws/build/turtlebot3_example/build/lib/turtlebot3_example
[0.732s] copying turtlebot3_example/turtlebot3_obstacle_detection/turtlebot3_obstacle_detection.py -> /home/mpcmeulensteen/blackboard_ws/build/turtlebot3_example/build/lib/turtlebot3_example/turtlebot3_obstacle_detection
[0.732s] copying turtlebot3_example/turtlebot3_obstacle_detection/__init__.py -> /home/mpcmeulensteen/blackboard_ws/build/turtlebot3_example/build/lib/turtlebot3_example/turtlebot3_obstacle_detection
[0.732s] copying turtlebot3_example/turtlebot3_obstacle_detection/main.py -> /home/mpcmeulensteen/blackboard_ws/build/turtlebot3_example/build/lib/turtlebot3_example/turtlebot3_obstacle_detection
[0.733s] copying turtlebot3_example/turtlebot3_patrol_client/turtlebot3_patrol_client.py -> /home/mpcmeulensteen/blackboard_ws/build/turtlebot3_example/build/lib/turtlebot3_example/turtlebot3_patrol_client
[0.733s] copying turtlebot3_example/turtlebot3_patrol_client/__init__.py -> /home/mpcmeulensteen/blackboard_ws/build/turtlebot3_example/build/lib/turtlebot3_example/turtlebot3_patrol_client
[0.733s] copying turtlebot3_example/turtlebot3_patrol_client/main.py -> /home/mpcmeulensteen/blackboard_ws/build/turtlebot3_example/build/lib/turtlebot3_example/turtlebot3_patrol_client
[0.733s] copying turtlebot3_example/turtlebot3_patrol_server/turtlebot3_path.py -> /home/mpcmeulensteen/blackboard_ws/build/turtlebot3_example/build/lib/turtlebot3_example/turtlebot3_patrol_server
[0.733s] copying turtlebot3_example/turtlebot3_patrol_server/turtlebot3_patrol_server.py -> /home/mpcmeulensteen/blackboard_ws/build/turtlebot3_example/build/lib/turtlebot3_example/turtlebot3_patrol_server
[0.734s] copying turtlebot3_example/turtlebot3_patrol_server/__init__.py -> /home/mpcmeulensteen/blackboard_ws/build/turtlebot3_example/build/lib/turtlebot3_example/turtlebot3_patrol_server
[0.734s] copying turtlebot3_example/turtlebot3_patrol_server/main.py -> /home/mpcmeulensteen/blackboard_ws/build/turtlebot3_example/build/lib/turtlebot3_example/turtlebot3_patrol_server
[0.734s] copying turtlebot3_example/turtlebot3_position_control/turtlebot3_path.py -> /home/mpcmeulensteen/blackboard_ws/build/turtlebot3_example/build/lib/turtlebot3_example/turtlebot3_position_control
[0.734s] copying turtlebot3_example/turtlebot3_position_control/turtlebot3_position_control.py -> /home/mpcmeulensteen/blackboard_ws/build/turtlebot3_example/build/lib/turtlebot3_example/turtlebot3_position_control
[0.734s] copying turtlebot3_example/turtlebot3_position_control/__init__.py -> /home/mpcmeulensteen/blackboard_ws/build/turtlebot3_example/build/lib/turtlebot3_example/turtlebot3_position_control
[0.735s] copying turtlebot3_example/turtlebot3_position_control/main.py -> /home/mpcmeulensteen/blackboard_ws/build/turtlebot3_example/build/lib/turtlebot3_example/turtlebot3_position_control
[0.735s] running install
[0.736s] running install_lib
[0.744s] copying /home/mpcmeulensteen/blackboard_ws/build/turtlebot3_example/build/lib/turtlebot3_example/turtlebot3_obstacle_detection/turtlebot3_obstacle_detection.py -> /home/mpcmeulensteen/blackboard_ws/install/turtlebot3_example/lib/python3.8/site-packages/turtlebot3_example/turtlebot3_obstacle_detection
[0.744s] copying /home/mpcmeulensteen/blackboard_ws/build/turtlebot3_example/build/lib/turtlebot3_example/turtlebot3_obstacle_detection/__init__.py -> /home/mpcmeulensteen/blackboard_ws/install/turtlebot3_example/lib/python3.8/site-packages/turtlebot3_example/turtlebot3_obstacle_detection
[0.745s] copying /home/mpcmeulensteen/blackboard_ws/build/turtlebot3_example/build/lib/turtlebot3_example/turtlebot3_obstacle_detection/main.py -> /home/mpcmeulensteen/blackboard_ws/install/turtlebot3_example/lib/python3.8/site-packages/turtlebot3_example/turtlebot3_obstacle_detection
[0.745s] copying /home/mpcmeulensteen/blackboard_ws/build/turtlebot3_example/build/lib/turtlebot3_example/turtlebot3_patrol_client/turtlebot3_patrol_client.py -> /home/mpcmeulensteen/blackboard_ws/install/turtlebot3_example/lib/python3.8/site-packages/turtlebot3_example/turtlebot3_patrol_client
[0.745s] copying /home/mpcmeulensteen/blackboard_ws/build/turtlebot3_example/build/lib/turtlebot3_example/turtlebot3_patrol_client/__init__.py -> /home/mpcmeulensteen/blackboard_ws/install/turtlebot3_example/lib/python3.8/site-packages/turtlebot3_example/turtlebot3_patrol_client
[0.745s] copying /home/mpcmeulensteen/blackboard_ws/build/turtlebot3_example/build/lib/turtlebot3_example/turtlebot3_patrol_client/main.py -> /home/mpcmeulensteen/blackboard_ws/install/turtlebot3_example/lib/python3.8/site-packages/turtlebot3_example/turtlebot3_patrol_client
[0.745s] copying /home/mpcmeulensteen/blackboard_ws/build/turtlebot3_example/build/lib/turtlebot3_example/turtlebot3_patrol_server/turtlebot3_path.py -> /home/mpcmeulensteen/blackboard_ws/install/turtlebot3_example/lib/python3.8/site-packages/turtlebot3_example/turtlebot3_patrol_server
[0.746s] copying /home/mpcmeulensteen/blackboard_ws/build/turtlebot3_example/build/lib/turtlebot3_example/turtlebot3_patrol_server/turtlebot3_patrol_server.py -> /home/mpcmeulensteen/blackboard_ws/install/turtlebot3_example/lib/python3.8/site-packages/turtlebot3_example/turtlebot3_patrol_server
[0.746s] copying /home/mpcmeulensteen/blackboard_ws/build/turtlebot3_example/build/lib/turtlebot3_example/turtlebot3_patrol_server/__init__.py -> /home/mpcmeulensteen/blackboard_ws/install/turtlebot3_example/lib/python3.8/site-packages/turtlebot3_example/turtlebot3_patrol_server
[0.746s] copying /home/mpcmeulensteen/blackboard_ws/build/turtlebot3_example/build/lib/turtlebot3_example/turtlebot3_patrol_server/main.py -> /home/mpcmeulensteen/blackboard_ws/install/turtlebot3_example/lib/python3.8/site-packages/turtlebot3_example/turtlebot3_patrol_server
[0.746s] copying /home/mpcmeulensteen/blackboard_ws/build/turtlebot3_example/build/lib/turtlebot3_example/__init__.py -> /home/mpcmeulensteen/blackboard_ws/install/turtlebot3_example/lib/python3.8/site-packages/turtlebot3_example
[0.746s] copying /home/mpcmeulensteen/blackboard_ws/build/turtlebot3_example/build/lib/turtlebot3_example/turtlebot3_position_control/turtlebot3_path.py -> /home/mpcmeulensteen/blackboard_ws/install/turtlebot3_example/lib/python3.8/site-packages/turtlebot3_example/turtlebot3_position_control
[0.746s] copying /home/mpcmeulensteen/blackboard_ws/build/turtlebot3_example/build/lib/turtlebot3_example/turtlebot3_position_control/turtlebot3_position_control.py -> /home/mpcmeulensteen/blackboard_ws/install/turtlebot3_example/lib/python3.8/site-packages/turtlebot3_example/turtlebot3_position_control
[0.747s] copying /home/mpcmeulensteen/blackboard_ws/build/turtlebot3_example/build/lib/turtlebot3_example/turtlebot3_position_control/__init__.py -> /home/mpcmeulensteen/blackboard_ws/install/turtlebot3_example/lib/python3.8/site-packages/turtlebot3_example/turtlebot3_position_control
[0.747s] copying /home/mpcmeulensteen/blackboard_ws/build/turtlebot3_example/build/lib/turtlebot3_example/turtlebot3_position_control/main.py -> /home/mpcmeulensteen/blackboard_ws/install/turtlebot3_example/lib/python3.8/site-packages/turtlebot3_example/turtlebot3_position_control
[0.748s] byte-compiling /home/mpcmeulensteen/blackboard_ws/install/turtlebot3_example/lib/python3.8/site-packages/turtlebot3_example/turtlebot3_obstacle_detection/turtlebot3_obstacle_detection.py to turtlebot3_obstacle_detection.cpython-38.pyc
[0.750s] byte-compiling /home/mpcmeulensteen/blackboard_ws/install/turtlebot3_example/lib/python3.8/site-packages/turtlebot3_example/turtlebot3_obstacle_detection/__init__.py to __init__.cpython-38.pyc
[0.750s] byte-compiling /home/mpcmeulensteen/blackboard_ws/install/turtlebot3_example/lib/python3.8/site-packages/turtlebot3_example/turtlebot3_obstacle_detection/main.py to main.cpython-38.pyc
[0.750s] byte-compiling /home/mpcmeulensteen/blackboard_ws/install/turtlebot3_example/lib/python3.8/site-packages/turtlebot3_example/turtlebot3_patrol_client/turtlebot3_patrol_client.py to turtlebot3_patrol_client.cpython-38.pyc
[0.751s] byte-compiling /home/mpcmeulensteen/blackboard_ws/install/turtlebot3_example/lib/python3.8/site-packages/turtlebot3_example/turtlebot3_patrol_client/__init__.py to __init__.cpython-38.pyc
[0.751s] byte-compiling /home/mpcmeulensteen/blackboard_ws/install/turtlebot3_example/lib/python3.8/site-packages/turtlebot3_example/turtlebot3_patrol_client/main.py to main.cpython-38.pyc
[0.752s] byte-compiling /home/mpcmeulensteen/blackboard_ws/install/turtlebot3_example/lib/python3.8/site-packages/turtlebot3_example/turtlebot3_patrol_server/turtlebot3_path.py to turtlebot3_path.cpython-38.pyc
[0.753s] byte-compiling /home/mpcmeulensteen/blackboard_ws/install/turtlebot3_example/lib/python3.8/site-packages/turtlebot3_example/turtlebot3_patrol_server/turtlebot3_patrol_server.py to turtlebot3_patrol_server.cpython-38.pyc
[0.761s] byte-compiling /home/mpcmeulensteen/blackboard_ws/install/turtlebot3_example/lib/python3.8/site-packages/turtlebot3_example/turtlebot3_patrol_server/__init__.py to __init__.cpython-38.pyc
[0.761s] byte-compiling /home/mpcmeulensteen/blackboard_ws/install/turtlebot3_example/lib/python3.8/site-packages/turtlebot3_example/turtlebot3_patrol_server/main.py to main.cpython-38.pyc
[0.762s] byte-compiling /home/mpcmeulensteen/blackboard_ws/install/turtlebot3_example/lib/python3.8/site-packages/turtlebot3_example/__init__.py to __init__.cpython-38.pyc
[0.762s] byte-compiling /home/mpcmeulensteen/blackboard_ws/install/turtlebot3_example/lib/python3.8/site-packages/turtlebot3_example/turtlebot3_position_control/turtlebot3_path.py to turtlebot3_path.cpython-38.pyc
[0.763s] byte-compiling /home/mpcmeulensteen/blackboard_ws/install/turtlebot3_example/lib/python3.8/site-packages/turtlebot3_example/turtlebot3_position_control/turtlebot3_position_control.py to turtlebot3_position_control.cpython-38.pyc
[0.764s] byte-compiling /home/mpcmeulensteen/blackboard_ws/install/turtlebot3_example/lib/python3.8/site-packages/turtlebot3_example/turtlebot3_position_control/__init__.py to __init__.cpython-38.pyc
[0.764s] byte-compiling /home/mpcmeulensteen/blackboard_ws/install/turtlebot3_example/lib/python3.8/site-packages/turtlebot3_example/turtlebot3_position_control/main.py to main.cpython-38.pyc
[0.764s] running install_data
[0.765s] copying resource/turtlebot3_example -> /home/mpcmeulensteen/blackboard_ws/install/turtlebot3_example/share/ament_index/resource_index/packages
[0.765s] copying package.xml -> /home/mpcmeulensteen/blackboard_ws/install/turtlebot3_example/share/turtlebot3_example
[0.765s] running install_egg_info
[0.777s] removing '/home/mpcmeulensteen/blackboard_ws/install/turtlebot3_example/lib/python3.8/site-packages/turtlebot3_example-2.1.2-py3.8.egg-info' (and everything under it)
[0.777s] Copying ../../../build/turtlebot3_example/turtlebot3_example.egg-info to /home/mpcmeulensteen/blackboard_ws/install/turtlebot3_example/lib/python3.8/site-packages/turtlebot3_example-2.1.2-py3.8.egg-info
[0.778s] running install_scripts
[0.802s] Installing turtlebot3_obstacle_detection script to /home/mpcmeulensteen/blackboard_ws/install/turtlebot3_example/lib/turtlebot3_example
[0.809s] Installing turtlebot3_patrol_client script to /home/mpcmeulensteen/blackboard_ws/install/turtlebot3_example/lib/turtlebot3_example
[0.809s] Installing turtlebot3_patrol_server script to /home/mpcmeulensteen/blackboard_ws/install/turtlebot3_example/lib/turtlebot3_example
[0.809s] Installing turtlebot3_position_control script to /home/mpcmeulensteen/blackboard_ws/install/turtlebot3_example/lib/turtlebot3_example
[0.810s] writing list of installed files to '/home/mpcmeulensteen/blackboard_ws/build/turtlebot3_example/install.log'
[0.829s] Invoked command in '/home/mpcmeulensteen/blackboard_ws/src/turtlebot3/turtlebot3_example' returned '0': AMENT_PREFIX_PATH=/home/mpcmeulensteen/blackboard_ws/install/turtlebot3_msgs:${AMENT_PREFIX_PATH} CMAKE_PREFIX_PATH=/home/mpcmeulensteen/blackboard_ws/install/turtlebot3_msgs LD_LIBRARY_PATH=/home/mpcmeulensteen/blackboard_ws/install/turtlebot3_msgs/lib:${LD_LIBRARY_PATH} PYTHONPATH=/home/mpcmeulensteen/blackboard_ws/install/turtlebot3_example/lib/python3.8/site-packages:/home/mpcmeulensteen/blackboard_ws/install/turtlebot3_msgs/lib/python3.8/site-packages:${PYTHONPATH} /usr/bin/python3 setup.py egg_info --egg-base ../../../build/turtlebot3_example build --build-base /home/mpcmeulensteen/blackboard_ws/build/turtlebot3_example/build install --prefix /home/mpcmeulensteen/blackboard_ws/install/turtlebot3_example --record /home/mpcmeulensteen/blackboard_ws/build/turtlebot3_example/install.log --single-version-externally-managed
