[0.063s] Invoking command in '/home/mpcmeulensteen/blackboard_ws/build/dynamixel_sdk': CMAKE_PREFIX_PATH=${CMAKE_PREFIX_PATH}:/home/mpcmeulensteen/blackboard_ws/install/turtlebot3_teleop:/home/mpcmeulensteen/blackboard_ws/install/turtlebot3_example:/home/mpcmeulensteen/blackboard_ws/install/tf_transformations:/home/mpcmeulensteen/blackboard_ws/install/ros2_blackboard:/home/mpcmeulensteen/blackboard_ws/install/ros2_bbinstance:/opt/ros/foxy /usr/bin/cmake --build /home/mpcmeulensteen/blackboard_ws/build/dynamixel_sdk -- -j2 -l2
[0.304s] [100%] Built target dynamixel_sdk
[0.354s] Invoked command in '/home/mpcmeulensteen/blackboard_ws/build/dynamixel_sdk' returned '0': CMAKE_PREFIX_PATH=${CMAKE_PREFIX_PATH}:/home/mpcmeulensteen/blackboard_ws/install/turtlebot3_teleop:/home/mpcmeulensteen/blackboard_ws/install/turtlebot3_example:/home/mpcmeulensteen/blackboard_ws/install/tf_transformations:/home/mpcmeulensteen/blackboard_ws/install/ros2_blackboard:/home/mpcmeulensteen/blackboard_ws/install/ros2_bbinstance:/opt/ros/foxy /usr/bin/cmake --build /home/mpcmeulensteen/blackboard_ws/build/dynamixel_sdk -- -j2 -l2
[0.801s] Invoking command in '/home/mpcmeulensteen/blackboard_ws/build/dynamixel_sdk': CMAKE_PREFIX_PATH=${CMAKE_PREFIX_PATH}:/home/mpcmeulensteen/blackboard_ws/install/turtlebot3_teleop:/home/mpcmeulensteen/blackboard_ws/install/turtlebot3_example:/home/mpcmeulensteen/blackboard_ws/install/tf_transformations:/home/mpcmeulensteen/blackboard_ws/install/ros2_blackboard:/home/mpcmeulensteen/blackboard_ws/install/ros2_bbinstance:/opt/ros/foxy /usr/bin/cmake --install /home/mpcmeulensteen/blackboard_ws/build/dynamixel_sdk
[0.860s] -- Install configuration: ""
[0.861s] -- Up-to-date: /home/mpcmeulensteen/blackboard_ws/install/dynamixel_sdk/include/
[0.866s] -- Up-to-date: /home/mpcmeulensteen/blackboard_ws/install/dynamixel_sdk/include//dynamixel_sdk
[0.866s] -- Up-to-date: /home/mpcmeulensteen/blackboard_ws/install/dynamixel_sdk/include//dynamixel_sdk/port_handler.h
[0.866s] -- Up-to-date: /home/mpcmeulensteen/blackboard_ws/install/dynamixel_sdk/include//dynamixel_sdk/packet_handler.h
[0.866s] -- Up-to-date: /home/mpcmeulensteen/blackboard_ws/install/dynamixel_sdk/include//dynamixel_sdk/protocol2_packet_handler.h
[0.866s] -- Up-to-date: /home/mpcmeulensteen/blackboard_ws/install/dynamixel_sdk/include//dynamixel_sdk/group_bulk_read.h
[0.866s] -- Up-to-date: /home/mpcmeulensteen/blackboard_ws/install/dynamixel_sdk/include//dynamixel_sdk/group_bulk_write.h
[0.866s] -- Up-to-date: /home/mpcmeulensteen/blackboard_ws/install/dynamixel_sdk/include//dynamixel_sdk/protocol1_packet_handler.h
[0.867s] -- Up-to-date: /home/mpcmeulensteen/blackboard_ws/install/dynamixel_sdk/include//dynamixel_sdk/dynamixel_sdk.h
[0.868s] -- Up-to-date: /home/mpcmeulensteen/blackboard_ws/install/dynamixel_sdk/include//dynamixel_sdk/port_handler_arduino.h
[0.873s] -- Up-to-date: /home/mpcmeulensteen/blackboard_ws/install/dynamixel_sdk/include//dynamixel_sdk/group_sync_write.h
[0.874s] -- Up-to-date: /home/mpcmeulensteen/blackboard_ws/install/dynamixel_sdk/include//dynamixel_sdk/port_handler_windows.h
[0.874s] -- Up-to-date: /home/mpcmeulensteen/blackboard_ws/install/dynamixel_sdk/include//dynamixel_sdk/port_handler_mac.h
[0.874s] -- Up-to-date: /home/mpcmeulensteen/blackboard_ws/install/dynamixel_sdk/include//dynamixel_sdk/port_handler_linux.h
[0.874s] -- Up-to-date: /home/mpcmeulensteen/blackboard_ws/install/dynamixel_sdk/include//dynamixel_sdk/group_sync_read.h
[0.874s] -- Up-to-date: /home/mpcmeulensteen/blackboard_ws/install/dynamixel_sdk/lib/libdynamixel_sdk.so
[0.875s] -- Up-to-date: /home/mpcmeulensteen/blackboard_ws/install/dynamixel_sdk/share/dynamixel_sdk/environment/library_path.sh
[0.875s] -- Up-to-date: /home/mpcmeulensteen/blackboard_ws/install/dynamixel_sdk/share/dynamixel_sdk/environment/library_path.dsv
[0.875s] -- Up-to-date: /home/mpcmeulensteen/blackboard_ws/install/dynamixel_sdk/share/ament_index/resource_index/package_run_dependencies/dynamixel_sdk
[0.876s] -- Up-to-date: /home/mpcmeulensteen/blackboard_ws/install/dynamixel_sdk/share/ament_index/resource_index/parent_prefix_path/dynamixel_sdk
[0.880s] -- Up-to-date: /home/mpcmeulensteen/blackboard_ws/install/dynamixel_sdk/share/dynamixel_sdk/environment/ament_prefix_path.sh
[0.880s] -- Up-to-date: /home/mpcmeulensteen/blackboard_ws/install/dynamixel_sdk/share/dynamixel_sdk/environment/ament_prefix_path.dsv
[0.880s] -- Up-to-date: /home/mpcmeulensteen/blackboard_ws/install/dynamixel_sdk/share/dynamixel_sdk/environment/path.sh
[0.880s] -- Up-to-date: /home/mpcmeulensteen/blackboard_ws/install/dynamixel_sdk/share/dynamixel_sdk/environment/path.dsv
[0.880s] -- Up-to-date: /home/mpcmeulensteen/blackboard_ws/install/dynamixel_sdk/share/dynamixel_sdk/local_setup.bash
[0.881s] -- Up-to-date: /home/mpcmeulensteen/blackboard_ws/install/dynamixel_sdk/share/dynamixel_sdk/local_setup.sh
[0.881s] -- Up-to-date: /home/mpcmeulensteen/blackboard_ws/install/dynamixel_sdk/share/dynamixel_sdk/local_setup.zsh
[0.881s] -- Up-to-date: /home/mpcmeulensteen/blackboard_ws/install/dynamixel_sdk/share/dynamixel_sdk/local_setup.dsv
[0.881s] -- Installing: /home/mpcmeulensteen/blackboard_ws/install/dynamixel_sdk/share/dynamixel_sdk/package.dsv
[0.881s] -- Up-to-date: /home/mpcmeulensteen/blackboard_ws/install/dynamixel_sdk/share/ament_index/resource_index/packages/dynamixel_sdk
[0.881s] -- Up-to-date: /home/mpcmeulensteen/blackboard_ws/install/dynamixel_sdk/share/dynamixel_sdk/cmake/ament_cmake_export_include_directories-extras.cmake
[0.881s] -- Up-to-date: /home/mpcmeulensteen/blackboard_ws/install/dynamixel_sdk/share/dynamixel_sdk/cmake/ament_cmake_export_libraries-extras.cmake
[0.881s] -- Up-to-date: /home/mpcmeulensteen/blackboard_ws/install/dynamixel_sdk/share/dynamixel_sdk/cmake/dynamixel_sdkConfig.cmake
[0.881s] -- Up-to-date: /home/mpcmeulensteen/blackboard_ws/install/dynamixel_sdk/share/dynamixel_sdk/cmake/dynamixel_sdkConfig-version.cmake
[0.881s] -- Up-to-date: /home/mpcmeulensteen/blackboard_ws/install/dynamixel_sdk/share/dynamixel_sdk/package.xml
[0.910s] Invoked command in '/home/mpcmeulensteen/blackboard_ws/build/dynamixel_sdk' returned '0': CMAKE_PREFIX_PATH=${CMAKE_PREFIX_PATH}:/home/mpcmeulensteen/blackboard_ws/install/turtlebot3_teleop:/home/mpcmeulensteen/blackboard_ws/install/turtlebot3_example:/home/mpcmeulensteen/blackboard_ws/install/tf_transformations:/home/mpcmeulensteen/blackboard_ws/install/ros2_blackboard:/home/mpcmeulensteen/blackboard_ws/install/ros2_bbinstance:/opt/ros/foxy /usr/bin/cmake --install /home/mpcmeulensteen/blackboard_ws/build/dynamixel_sdk
