[0.256s] Invoking command in '/home/mpcmeulensteen/blackboard_ws/src/bbinstance': PYTHONPATH=/home/mpcmeulensteen/blackboard_ws/install/bbinstance/lib/python3.8/site-packages:${PYTHONPATH} /usr/bin/python3 setup.py egg_info --egg-base ../../build/bbinstance build --build-base /home/mpcmeulensteen/blackboard_ws/build/bbinstance/build install --prefix /home/mpcmeulensteen/blackboard_ws/install/bbinstance --record /home/mpcmeulensteen/blackboard_ws/build/bbinstance/install.log --single-version-externally-managed
[0.465s] running egg_info
[0.466s] writing ../../build/bbinstance/bbinstance.egg-info/PKG-INFO
[0.466s] writing dependency_links to ../../build/bbinstance/bbinstance.egg-info/dependency_links.txt
[0.467s] writing entry points to ../../build/bbinstance/bbinstance.egg-info/entry_points.txt
[0.468s] writing requirements to ../../build/bbinstance/bbinstance.egg-info/requires.txt
[0.468s] writing top-level names to ../../build/bbinstance/bbinstance.egg-info/top_level.txt
[0.499s] reading manifest file '../../build/bbinstance/bbinstance.egg-info/SOURCES.txt'
[0.500s] writing manifest file '../../build/bbinstance/bbinstance.egg-info/SOURCES.txt'
[0.501s] running build
[0.501s] running build_py
[0.502s] copying bbinstance/blackboardinstance.py -> /home/mpcmeulensteen/blackboard_ws/build/bbinstance/build/lib/bbinstance
[0.502s] running install
[0.503s] running install_lib
[0.504s] copying /home/mpcmeulensteen/blackboard_ws/build/bbinstance/build/lib/bbinstance/blackboardinstance.py -> /home/mpcmeulensteen/blackboard_ws/install/bbinstance/lib/python3.8/site-packages/bbinstance
[0.505s] byte-compiling /home/mpcmeulensteen/blackboard_ws/install/bbinstance/lib/python3.8/site-packages/bbinstance/blackboardinstance.py to blackboardinstance.cpython-38.pyc
[0.507s] running install_data
[0.507s] running install_egg_info
[0.509s] removing '/home/mpcmeulensteen/blackboard_ws/install/bbinstance/lib/python3.8/site-packages/bbinstance-0.0.0-py3.8.egg-info' (and everything under it)
[0.509s] Copying ../../build/bbinstance/bbinstance.egg-info to /home/mpcmeulensteen/blackboard_ws/install/bbinstance/lib/python3.8/site-packages/bbinstance-0.0.0-py3.8.egg-info
[0.510s] running install_scripts
[0.526s] Installing blackboardinstance script to /home/mpcmeulensteen/blackboard_ws/install/bbinstance/lib/bbinstance
[0.526s] Installing gui script to /home/mpcmeulensteen/blackboard_ws/install/bbinstance/lib/bbinstance
[0.532s] Installing robotInstance script to /home/mpcmeulensteen/blackboard_ws/install/bbinstance/lib/bbinstance
[0.532s] Installing robotInstance2 script to /home/mpcmeulensteen/blackboard_ws/install/bbinstance/lib/bbinstance
[0.532s] Installing robotInstance3 script to /home/mpcmeulensteen/blackboard_ws/install/bbinstance/lib/bbinstance
[0.532s] Installing robotInstance4 script to /home/mpcmeulensteen/blackboard_ws/install/bbinstance/lib/bbinstance
[0.532s] Installing taskview script to /home/mpcmeulensteen/blackboard_ws/install/bbinstance/lib/bbinstance
[0.532s] writing list of installed files to '/home/mpcmeulensteen/blackboard_ws/build/bbinstance/install.log'
[0.551s] Invoked command in '/home/mpcmeulensteen/blackboard_ws/src/bbinstance' returned '0': PYTHONPATH=/home/mpcmeulensteen/blackboard_ws/install/bbinstance/lib/python3.8/site-packages:${PYTHONPATH} /usr/bin/python3 setup.py egg_info --egg-base ../../build/bbinstance build --build-base /home/mpcmeulensteen/blackboard_ws/build/bbinstance/build install --prefix /home/mpcmeulensteen/blackboard_ws/install/bbinstance --record /home/mpcmeulensteen/blackboard_ws/build/bbinstance/install.log --single-version-externally-managed
