[0.334s] Invoking command in '/home/mpcmeulensteen/blackboard_ws/src/blackboard': PYTHONPATH=/home/mpcmeulensteen/blackboard_ws/install/blackboard/lib/python3.8/site-packages:${PYTHONPATH} /usr/bin/python3 setup.py egg_info --egg-base ../../build/blackboard build --build-base /home/mpcmeulensteen/blackboard_ws/build/blackboard/build install --prefix /home/mpcmeulensteen/blackboard_ws/install/blackboard --record /home/mpcmeulensteen/blackboard_ws/build/blackboard/install.log --single-version-externally-managed
[0.622s] running egg_info
[0.623s] creating ../../build/blackboard/blackboard.egg-info
[0.623s] writing ../../build/blackboard/blackboard.egg-info/PKG-INFO
[0.624s] writing dependency_links to ../../build/blackboard/blackboard.egg-info/dependency_links.txt
[0.624s] writing entry points to ../../build/blackboard/blackboard.egg-info/entry_points.txt
[0.624s] writing requirements to ../../build/blackboard/blackboard.egg-info/requires.txt
[0.624s] writing top-level names to ../../build/blackboard/blackboard.egg-info/top_level.txt
[0.626s] writing manifest file '../../build/blackboard/blackboard.egg-info/SOURCES.txt'
[0.670s] reading manifest file '../../build/blackboard/blackboard.egg-info/SOURCES.txt'
[0.671s] writing manifest file '../../build/blackboard/blackboard.egg-info/SOURCES.txt'
[0.671s] running build
[0.671s] running build_py
[0.672s] creating /home/mpcmeulensteen/blackboard_ws/build/blackboard/build
[0.672s] creating /home/mpcmeulensteen/blackboard_ws/build/blackboard/build/lib
[0.672s] creating /home/mpcmeulensteen/blackboard_ws/build/blackboard/build/lib/blackboard
[0.672s] copying blackboard/Robot.py -> /home/mpcmeulensteen/blackboard_ws/build/blackboard/build/lib/blackboard
[0.673s] copying blackboard/Controller.py -> /home/mpcmeulensteen/blackboard_ws/build/blackboard/build/lib/blackboard
[0.673s] copying blackboard/Blackboard.py -> /home/mpcmeulensteen/blackboard_ws/build/blackboard/build/lib/blackboard
[0.673s] copying blackboard/Task.py -> /home/mpcmeulensteen/blackboard_ws/build/blackboard/build/lib/blackboard
[0.673s] copying blackboard/__init__.py -> /home/mpcmeulensteen/blackboard_ws/build/blackboard/build/lib/blackboard
[0.674s] copying blackboard/Battery.py -> /home/mpcmeulensteen/blackboard_ws/build/blackboard/build/lib/blackboard
[0.674s] copying blackboard/RosCommunication.py -> /home/mpcmeulensteen/blackboard_ws/build/blackboard/build/lib/blackboard
[0.675s] running install
[0.675s] running install_lib
[0.676s] creating /home/mpcmeulensteen/blackboard_ws/install/blackboard/lib/python3.8/site-packages/blackboard
[0.677s] copying /home/mpcmeulensteen/blackboard_ws/build/blackboard/build/lib/blackboard/Robot.py -> /home/mpcmeulensteen/blackboard_ws/install/blackboard/lib/python3.8/site-packages/blackboard
[0.679s] copying /home/mpcmeulensteen/blackboard_ws/build/blackboard/build/lib/blackboard/Controller.py -> /home/mpcmeulensteen/blackboard_ws/install/blackboard/lib/python3.8/site-packages/blackboard
[0.679s] copying /home/mpcmeulensteen/blackboard_ws/build/blackboard/build/lib/blackboard/Blackboard.py -> /home/mpcmeulensteen/blackboard_ws/install/blackboard/lib/python3.8/site-packages/blackboard
[0.679s] copying /home/mpcmeulensteen/blackboard_ws/build/blackboard/build/lib/blackboard/Task.py -> /home/mpcmeulensteen/blackboard_ws/install/blackboard/lib/python3.8/site-packages/blackboard
[0.679s] copying /home/mpcmeulensteen/blackboard_ws/build/blackboard/build/lib/blackboard/__init__.py -> /home/mpcmeulensteen/blackboard_ws/install/blackboard/lib/python3.8/site-packages/blackboard
[0.680s] copying /home/mpcmeulensteen/blackboard_ws/build/blackboard/build/lib/blackboard/Battery.py -> /home/mpcmeulensteen/blackboard_ws/install/blackboard/lib/python3.8/site-packages/blackboard
[0.680s] copying /home/mpcmeulensteen/blackboard_ws/build/blackboard/build/lib/blackboard/RosCommunication.py -> /home/mpcmeulensteen/blackboard_ws/install/blackboard/lib/python3.8/site-packages/blackboard
[0.681s] byte-compiling /home/mpcmeulensteen/blackboard_ws/install/blackboard/lib/python3.8/site-packages/blackboard/Robot.py to Robot.cpython-38.pyc
[0.683s] /home/mpcmeulensteen/blackboard_ws/install/blackboard/lib/python3.8/site-packages/blackboard/Robot.py:193: SyntaxWarning: "is not" with a literal. Did you mean "!="?
[0.683s]   if energyAtTask is not 0:
[0.684s] byte-compiling /home/mpcmeulensteen/blackboard_ws/install/blackboard/lib/python3.8/site-packages/blackboard/Controller.py to Controller.cpython-38.pyc
[0.685s] byte-compiling /home/mpcmeulensteen/blackboard_ws/install/blackboard/lib/python3.8/site-packages/blackboard/Blackboard.py to Blackboard.cpython-38.pyc
[0.686s] /home/mpcmeulensteen/blackboard_ws/install/blackboard/lib/python3.8/site-packages/blackboard/Blackboard.py:37: SyntaxWarning: "is" with a literal. Did you mean "=="?
[0.686s]   if state is 1:                               # Incase the blackboard instance is active declare variables
[0.686s] byte-compiling /home/mpcmeulensteen/blackboard_ws/install/blackboard/lib/python3.8/site-packages/blackboard/Task.py to Task.cpython-38.pyc
[0.687s] byte-compiling /home/mpcmeulensteen/blackboard_ws/install/blackboard/lib/python3.8/site-packages/blackboard/__init__.py to __init__.cpython-38.pyc
[0.687s] byte-compiling /home/mpcmeulensteen/blackboard_ws/install/blackboard/lib/python3.8/site-packages/blackboard/Battery.py to Battery.cpython-38.pyc
[0.687s] byte-compiling /home/mpcmeulensteen/blackboard_ws/install/blackboard/lib/python3.8/site-packages/blackboard/RosCommunication.py to RosCommunication.cpython-38.pyc
[0.688s] running install_data
[0.688s] copying resource/blackboard -> /home/mpcmeulensteen/blackboard_ws/install/blackboard/share/ament_index/resource_index/packages
[0.689s] copying package.xml -> /home/mpcmeulensteen/blackboard_ws/install/blackboard/share/blackboard
[0.689s] running install_egg_info
[0.691s] Copying ../../build/blackboard/blackboard.egg-info to /home/mpcmeulensteen/blackboard_ws/install/blackboard/lib/python3.8/site-packages/blackboard-0.0.0-py3.8.egg-info
[0.692s] running install_scripts
[0.713s] writing list of installed files to '/home/mpcmeulensteen/blackboard_ws/build/blackboard/install.log'
[0.738s] Invoked command in '/home/mpcmeulensteen/blackboard_ws/src/blackboard' returned '0': PYTHONPATH=/home/mpcmeulensteen/blackboard_ws/install/blackboard/lib/python3.8/site-packages:${PYTHONPATH} /usr/bin/python3 setup.py egg_info --egg-base ../../build/blackboard build --build-base /home/mpcmeulensteen/blackboard_ws/build/blackboard/build install --prefix /home/mpcmeulensteen/blackboard_ws/install/blackboard --record /home/mpcmeulensteen/blackboard_ws/build/blackboard/install.log --single-version-externally-managed
