[0.457s] Invoking command in '/home/mpcmeulensteen/blackboard_ws/src/turtlebot3/turtlebot3_teleop': PYTHONPATH=/home/mpcmeulensteen/blackboard_ws/install/turtlebot3_teleop/lib/python3.8/site-packages:${PYTHONPATH} /usr/bin/python3 setup.py egg_info --egg-base ../../../build/turtlebot3_teleop build --build-base /home/mpcmeulensteen/blackboard_ws/build/turtlebot3_teleop/build install --prefix /home/mpcmeulensteen/blackboard_ws/install/turtlebot3_teleop --record /home/mpcmeulensteen/blackboard_ws/build/turtlebot3_teleop/install.log --single-version-externally-managed
[1.011s] running egg_info
[1.012s] writing ../../../build/turtlebot3_teleop/turtlebot3_teleop.egg-info/PKG-INFO
[1.013s] writing dependency_links to ../../../build/turtlebot3_teleop/turtlebot3_teleop.egg-info/dependency_links.txt
[1.013s] writing entry points to ../../../build/turtlebot3_teleop/turtlebot3_teleop.egg-info/entry_points.txt
[1.014s] writing requirements to ../../../build/turtlebot3_teleop/turtlebot3_teleop.egg-info/requires.txt
[1.014s] writing top-level names to ../../../build/turtlebot3_teleop/turtlebot3_teleop.egg-info/top_level.txt
[1.071s] reading manifest file '../../../build/turtlebot3_teleop/turtlebot3_teleop.egg-info/SOURCES.txt'
[1.073s] writing manifest file '../../../build/turtlebot3_teleop/turtlebot3_teleop.egg-info/SOURCES.txt'
[1.074s] running build
[1.074s] running build_py
[1.075s] running install
[1.077s] running install_lib
[1.079s] running install_data
[1.080s] running install_egg_info
[1.083s] removing '/home/mpcmeulensteen/blackboard_ws/install/turtlebot3_teleop/lib/python3.8/site-packages/turtlebot3_teleop-2.1.2-py3.8.egg-info' (and everything under it)
[1.098s] Copying ../../../build/turtlebot3_teleop/turtlebot3_teleop.egg-info to /home/mpcmeulensteen/blackboard_ws/install/turtlebot3_teleop/lib/python3.8/site-packages/turtlebot3_teleop-2.1.2-py3.8.egg-info
[1.104s] running install_scripts
[1.154s] Installing teleop_keyboard script to /home/mpcmeulensteen/blackboard_ws/install/turtlebot3_teleop/lib/turtlebot3_teleop
[1.155s] writing list of installed files to '/home/mpcmeulensteen/blackboard_ws/build/turtlebot3_teleop/install.log'
[1.205s] Invoked command in '/home/mpcmeulensteen/blackboard_ws/src/turtlebot3/turtlebot3_teleop' returned '0': PYTHONPATH=/home/mpcmeulensteen/blackboard_ws/install/turtlebot3_teleop/lib/python3.8/site-packages:${PYTHONPATH} /usr/bin/python3 setup.py egg_info --egg-base ../../../build/turtlebot3_teleop build --build-base /home/mpcmeulensteen/blackboard_ws/build/turtlebot3_teleop/build install --prefix /home/mpcmeulensteen/blackboard_ws/install/turtlebot3_teleop --record /home/mpcmeulensteen/blackboard_ws/build/turtlebot3_teleop/install.log --single-version-externally-managed
