[0.226s] Invoking command in '/home/mpcmeulensteen/blackboard_ws/src/bbinstance': PYTHONPATH=/home/mpcmeulensteen/blackboard_ws/install/bbinstance/lib/python3.8/site-packages:${PYTHONPATH} /usr/bin/python3 setup.py egg_info --egg-base ../../build/bbinstance build --build-base /home/mpcmeulensteen/blackboard_ws/build/bbinstance/build install --prefix /home/mpcmeulensteen/blackboard_ws/install/bbinstance --record /home/mpcmeulensteen/blackboard_ws/build/bbinstance/install.log --single-version-externally-managed
[0.426s] running egg_info
[0.427s] writing ../../build/bbinstance/bbinstance.egg-info/PKG-INFO
[0.427s] writing dependency_links to ../../build/bbinstance/bbinstance.egg-info/dependency_links.txt
[0.428s] writing entry points to ../../build/bbinstance/bbinstance.egg-info/entry_points.txt
[0.428s] writing requirements to ../../build/bbinstance/bbinstance.egg-info/requires.txt
[0.428s] writing top-level names to ../../build/bbinstance/bbinstance.egg-info/top_level.txt
[0.457s] reading manifest file '../../build/bbinstance/bbinstance.egg-info/SOURCES.txt'
[0.458s] writing manifest file '../../build/bbinstance/bbinstance.egg-info/SOURCES.txt'
[0.458s] running build
[0.458s] running build_py
[0.459s] running install
[0.460s] running install_lib
[0.461s] running install_data
[0.462s] running install_egg_info
[0.463s] removing '/home/mpcmeulensteen/blackboard_ws/install/bbinstance/lib/python3.8/site-packages/bbinstance-0.0.0-py3.8.egg-info' (and everything under it)
[0.464s] Copying ../../build/bbinstance/bbinstance.egg-info to /home/mpcmeulensteen/blackboard_ws/install/bbinstance/lib/python3.8/site-packages/bbinstance-0.0.0-py3.8.egg-info
[0.464s] running install_scripts
[0.478s] Installing blackboardinstance script to /home/mpcmeulensteen/blackboard_ws/install/bbinstance/lib/bbinstance
[0.479s] Installing robotInstance script to /home/mpcmeulensteen/blackboard_ws/install/bbinstance/lib/bbinstance
[0.479s] Installing robotInstance2 script to /home/mpcmeulensteen/blackboard_ws/install/bbinstance/lib/bbinstance
[0.480s] Installing robotInstance3 script to /home/mpcmeulensteen/blackboard_ws/install/bbinstance/lib/bbinstance
[0.480s] Installing robotInstance4 script to /home/mpcmeulensteen/blackboard_ws/install/bbinstance/lib/bbinstance
[0.480s] Installing taskview script to /home/mpcmeulensteen/blackboard_ws/install/bbinstance/lib/bbinstance
[0.481s] writing list of installed files to '/home/mpcmeulensteen/blackboard_ws/build/bbinstance/install.log'
[0.521s] Invoked command in '/home/mpcmeulensteen/blackboard_ws/src/bbinstance' returned '0': PYTHONPATH=/home/mpcmeulensteen/blackboard_ws/install/bbinstance/lib/python3.8/site-packages:${PYTHONPATH} /usr/bin/python3 setup.py egg_info --egg-base ../../build/bbinstance build --build-base /home/mpcmeulensteen/blackboard_ws/build/bbinstance/build install --prefix /home/mpcmeulensteen/blackboard_ws/install/bbinstance --record /home/mpcmeulensteen/blackboard_ws/build/bbinstance/install.log --single-version-externally-managed
