[0.481s] Invoking command in '/home/mpcmeulensteen/blackboard_ws/src/navigation': PYTHONPATH=/home/mpcmeulensteen/blackboard_ws/install/navigation/lib/python3.8/site-packages:${PYTHONPATH} /usr/bin/python3 setup.py egg_info --egg-base ../../build/navigation build --build-base /home/mpcmeulensteen/blackboard_ws/build/navigation/build install --prefix /home/mpcmeulensteen/blackboard_ws/install/navigation --record /home/mpcmeulensteen/blackboard_ws/build/navigation/install.log --single-version-externally-managed
[0.989s] running egg_info
[0.990s] writing ../../build/navigation/navigation.egg-info/PKG-INFO
[0.993s] writing dependency_links to ../../build/navigation/navigation.egg-info/dependency_links.txt
[0.993s] writing entry points to ../../build/navigation/navigation.egg-info/entry_points.txt
[0.994s] writing requirements to ../../build/navigation/navigation.egg-info/requires.txt
[0.994s] writing top-level names to ../../build/navigation/navigation.egg-info/top_level.txt
[1.046s] reading manifest file '../../build/navigation/navigation.egg-info/SOURCES.txt'
[1.049s] writing manifest file '../../build/navigation/navigation.egg-info/SOURCES.txt'
[1.050s] running build
[1.050s] running build_py
[1.050s] running install
[1.052s] running install_lib
[1.054s] running install_data
[1.060s] running install_egg_info
[1.060s] removing '/home/mpcmeulensteen/blackboard_ws/install/navigation/lib/python3.8/site-packages/navigation-0.0.0-py3.8.egg-info' (and everything under it)
[1.063s] Copying ../../build/navigation/navigation.egg-info to /home/mpcmeulensteen/blackboard_ws/install/navigation/lib/python3.8/site-packages/navigation-0.0.0-py3.8.egg-info
[1.070s] running install_scripts
[1.105s] writing list of installed files to '/home/mpcmeulensteen/blackboard_ws/build/navigation/install.log'
[1.218s] Invoked command in '/home/mpcmeulensteen/blackboard_ws/src/navigation' returned '0': PYTHONPATH=/home/mpcmeulensteen/blackboard_ws/install/navigation/lib/python3.8/site-packages:${PYTHONPATH} /usr/bin/python3 setup.py egg_info --egg-base ../../build/navigation build --build-base /home/mpcmeulensteen/blackboard_ws/build/navigation/build install --prefix /home/mpcmeulensteen/blackboard_ws/install/navigation --record /home/mpcmeulensteen/blackboard_ws/build/navigation/install.log --single-version-externally-managed
