[0.524s] Invoking command in '/home/mpcmeulensteen/blackboard_ws/src/navigation': PYTHONPATH=/home/mpcmeulensteen/blackboard_ws/install/navigation/lib/python3.8/site-packages:${PYTHONPATH} /usr/bin/python3 setup.py egg_info --egg-base ../../build/navigation build --build-base /home/mpcmeulensteen/blackboard_ws/build/navigation/build install --prefix /home/mpcmeulensteen/blackboard_ws/install/navigation --record /home/mpcmeulensteen/blackboard_ws/build/navigation/install.log --single-version-externally-managed
[0.983s] running egg_info
[0.984s] writing ../../build/navigation/navigation.egg-info/PKG-INFO
[0.985s] writing dependency_links to ../../build/navigation/navigation.egg-info/dependency_links.txt
[0.986s] writing entry points to ../../build/navigation/navigation.egg-info/entry_points.txt
[0.987s] writing requirements to ../../build/navigation/navigation.egg-info/requires.txt
[0.988s] writing top-level names to ../../build/navigation/navigation.egg-info/top_level.txt
[1.043s] reading manifest file '../../build/navigation/navigation.egg-info/SOURCES.txt'
[1.043s] writing manifest file '../../build/navigation/navigation.egg-info/SOURCES.txt'
[1.044s] running build
[1.044s] running build_py
[1.044s] running install
[1.046s] running install_lib
[1.048s] running install_data
[1.049s] running install_egg_info
[1.051s] removing '/home/mpcmeulensteen/blackboard_ws/install/navigation/lib/python3.8/site-packages/navigation-0.0.0-py3.8.egg-info' (and everything under it)
[1.057s] Copying ../../build/navigation/navigation.egg-info to /home/mpcmeulensteen/blackboard_ws/install/navigation/lib/python3.8/site-packages/navigation-0.0.0-py3.8.egg-info
[1.058s] running install_scripts
[1.094s] writing list of installed files to '/home/mpcmeulensteen/blackboard_ws/build/navigation/install.log'
[1.117s] Invoked command in '/home/mpcmeulensteen/blackboard_ws/src/navigation' returned '0': PYTHONPATH=/home/mpcmeulensteen/blackboard_ws/install/navigation/lib/python3.8/site-packages:${PYTHONPATH} /usr/bin/python3 setup.py egg_info --egg-base ../../build/navigation build --build-base /home/mpcmeulensteen/blackboard_ws/build/navigation/build install --prefix /home/mpcmeulensteen/blackboard_ws/install/navigation --record /home/mpcmeulensteen/blackboard_ws/build/navigation/install.log --single-version-externally-managed
