[0.267s] Invoking command in '/home/mpcmeulensteen/blackboard_ws/src/turtlebot3/turtlebot3_teleop': PYTHONPATH=/home/mpcmeulensteen/blackboard_ws/install/turtlebot3_teleop/lib/python3.8/site-packages:${PYTHONPATH} /usr/bin/python3 setup.py egg_info --egg-base ../../../build/turtlebot3_teleop build --build-base /home/mpcmeulensteen/blackboard_ws/build/turtlebot3_teleop/build install --prefix /home/mpcmeulensteen/blackboard_ws/install/turtlebot3_teleop --record /home/mpcmeulensteen/blackboard_ws/build/turtlebot3_teleop/install.log --single-version-externally-managed
[0.559s] running egg_info
[0.559s] writing ../../../build/turtlebot3_teleop/turtlebot3_teleop.egg-info/PKG-INFO
[0.560s] writing dependency_links to ../../../build/turtlebot3_teleop/turtlebot3_teleop.egg-info/dependency_links.txt
[0.566s] writing entry points to ../../../build/turtlebot3_teleop/turtlebot3_teleop.egg-info/entry_points.txt
[0.567s] writing requirements to ../../../build/turtlebot3_teleop/turtlebot3_teleop.egg-info/requires.txt
[0.567s] writing top-level names to ../../../build/turtlebot3_teleop/turtlebot3_teleop.egg-info/top_level.txt
[0.601s] reading manifest file '../../../build/turtlebot3_teleop/turtlebot3_teleop.egg-info/SOURCES.txt'
[0.602s] writing manifest file '../../../build/turtlebot3_teleop/turtlebot3_teleop.egg-info/SOURCES.txt'
[0.603s] running build
[0.603s] running build_py
[0.604s] running install
[0.604s] running install_lib
[0.606s] running install_data
[0.607s] running install_egg_info
[0.609s] removing '/home/mpcmeulensteen/blackboard_ws/install/turtlebot3_teleop/lib/python3.8/site-packages/turtlebot3_teleop-2.1.2-py3.8.egg-info' (and everything under it)
[0.611s] Copying ../../../build/turtlebot3_teleop/turtlebot3_teleop.egg-info to /home/mpcmeulensteen/blackboard_ws/install/turtlebot3_teleop/lib/python3.8/site-packages/turtlebot3_teleop-2.1.2-py3.8.egg-info
[0.611s] running install_scripts
[0.628s] Installing teleop_keyboard script to /home/mpcmeulensteen/blackboard_ws/install/turtlebot3_teleop/lib/turtlebot3_teleop
[0.629s] writing list of installed files to '/home/mpcmeulensteen/blackboard_ws/build/turtlebot3_teleop/install.log'
[0.648s] Invoked command in '/home/mpcmeulensteen/blackboard_ws/src/turtlebot3/turtlebot3_teleop' returned '0': PYTHONPATH=/home/mpcmeulensteen/blackboard_ws/install/turtlebot3_teleop/lib/python3.8/site-packages:${PYTHONPATH} /usr/bin/python3 setup.py egg_info --egg-base ../../../build/turtlebot3_teleop build --build-base /home/mpcmeulensteen/blackboard_ws/build/turtlebot3_teleop/build install --prefix /home/mpcmeulensteen/blackboard_ws/install/turtlebot3_teleop --record /home/mpcmeulensteen/blackboard_ws/build/turtlebot3_teleop/install.log --single-version-externally-managed
