[0.026s] Invoking command in '/home/mpcmeulensteen/blackboard_ws/build/dynamixel_sdk_custom_interfaces': CMAKE_PREFIX_PATH=${CMAKE_PREFIX_PATH}:/home/mpcmeulensteen/turtlebot3_ws/install/turtlebot3_teleop:/home/mpcmeulensteen/turtlebot3_ws/install/turtlebot3_example:/home/mpcmeulensteen/colcon_ws/install/turtlebot3_teleop:/home/mpcmeulensteen/colcon_ws/install/turtlebot3_example:/opt/ros/foxy /usr/bin/cmake --build /home/mpcmeulensteen/blackboard_ws/build/dynamixel_sdk_custom_interfaces -- -j2 -l2
[0.156s] [  2%] Built target dynamixel_sdk_custom_interfaces__cpp
[0.164s] [ 12%] Built target dynamixel_sdk_custom_interfaces__rosidl_generator_c
[0.217s] [ 23%] Built target dynamixel_sdk_custom_interfaces__rosidl_typesupport_cpp
[0.231s] [ 33%] Built target dynamixel_sdk_custom_interfaces__rosidl_typesupport_fastrtps_cpp
[0.256s] [ 43%] Built target dynamixel_sdk_custom_interfaces__rosidl_typesupport_introspection_c
[0.307s] [ 53%] Built target dynamixel_sdk_custom_interfaces__rosidl_typesupport_introspection_cpp
[0.317s] [ 64%] Built target dynamixel_sdk_custom_interfaces__rosidl_typesupport_c
[0.368s] [ 74%] Built target dynamixel_sdk_custom_interfaces__rosidl_typesupport_fastrtps_c
[0.408s] [ 74%] Built target dynamixel_sdk_custom_interfaces
[0.445s] [ 76%] Built target dynamixel_sdk_custom_interfaces__py
[0.524s] [ 84%] Built target dynamixel_sdk_custom_interfaces__python
[0.595s] [ 89%] Built target dynamixel_sdk_custom_interfaces__rosidl_typesupport_introspection_c__pyext
[0.603s] [ 94%] Built target dynamixel_sdk_custom_interfaces__rosidl_typesupport_c__pyext
[0.650s] [100%] Built target dynamixel_sdk_custom_interfaces__rosidl_typesupport_fastrtps_c__pyext
[0.680s] Invoked command in '/home/mpcmeulensteen/blackboard_ws/build/dynamixel_sdk_custom_interfaces' returned '0': CMAKE_PREFIX_PATH=${CMAKE_PREFIX_PATH}:/home/mpcmeulensteen/turtlebot3_ws/install/turtlebot3_teleop:/home/mpcmeulensteen/turtlebot3_ws/install/turtlebot3_example:/home/mpcmeulensteen/colcon_ws/install/turtlebot3_teleop:/home/mpcmeulensteen/colcon_ws/install/turtlebot3_example:/opt/ros/foxy /usr/bin/cmake --build /home/mpcmeulensteen/blackboard_ws/build/dynamixel_sdk_custom_interfaces -- -j2 -l2
[0.850s] Invoking command in '/home/mpcmeulensteen/blackboard_ws/build/dynamixel_sdk_custom_interfaces': CMAKE_PREFIX_PATH=${CMAKE_PREFIX_PATH}:/home/mpcmeulensteen/turtlebot3_ws/install/turtlebot3_teleop:/home/mpcmeulensteen/turtlebot3_ws/install/turtlebot3_example:/home/mpcmeulensteen/colcon_ws/install/turtlebot3_teleop:/home/mpcmeulensteen/colcon_ws/install/turtlebot3_example:/opt/ros/foxy /usr/bin/cmake --install /home/mpcmeulensteen/blackboard_ws/build/dynamixel_sdk_custom_interfaces
[0.899s] -- Install configuration: ""
[0.899s] -- Up-to-date: /home/mpcmeulensteen/blackboard_ws/install/dynamixel_sdk_custom_interfaces/share/ament_index/resource_index/rosidl_interfaces/dynamixel_sdk_custom_interfaces
[0.899s] -- Up-to-date: /home/mpcmeulensteen/blackboard_ws/install/dynamixel_sdk_custom_interfaces/include/dynamixel_sdk_custom_interfaces
[0.899s] -- Up-to-date: /home/mpcmeulensteen/blackboard_ws/install/dynamixel_sdk_custom_interfaces/include/dynamixel_sdk_custom_interfaces/srv
[0.899s] -- Up-to-date: /home/mpcmeulensteen/blackboard_ws/install/dynamixel_sdk_custom_interfaces/include/dynamixel_sdk_custom_interfaces/srv/detail
[0.899s] -- Up-to-date: /home/mpcmeulensteen/blackboard_ws/install/dynamixel_sdk_custom_interfaces/include/dynamixel_sdk_custom_interfaces/srv/detail/get_position__functions.c
[0.900s] -- Up-to-date: /home/mpcmeulensteen/blackboard_ws/install/dynamixel_sdk_custom_interfaces/include/dynamixel_sdk_custom_interfaces/srv/detail/get_position__functions.h
[0.900s] -- Up-to-date: /home/mpcmeulensteen/blackboard_ws/install/dynamixel_sdk_custom_interfaces/include/dynamixel_sdk_custom_interfaces/srv/detail/get_position__type_support.h
[0.900s] -- Up-to-date: /home/mpcmeulensteen/blackboard_ws/install/dynamixel_sdk_custom_interfaces/include/dynamixel_sdk_custom_interfaces/srv/detail/get_position__struct.h
[0.900s] -- Up-to-date: /home/mpcmeulensteen/blackboard_ws/install/dynamixel_sdk_custom_interfaces/include/dynamixel_sdk_custom_interfaces/srv/get_position.h
[0.900s] -- Up-to-date: /home/mpcmeulensteen/blackboard_ws/install/dynamixel_sdk_custom_interfaces/include/dynamixel_sdk_custom_interfaces/msg
[0.900s] -- Up-to-date: /home/mpcmeulensteen/blackboard_ws/install/dynamixel_sdk_custom_interfaces/include/dynamixel_sdk_custom_interfaces/msg/detail
[0.900s] -- Up-to-date: /home/mpcmeulensteen/blackboard_ws/install/dynamixel_sdk_custom_interfaces/include/dynamixel_sdk_custom_interfaces/msg/detail/set_position__struct.h
[0.900s] -- Up-to-date: /home/mpcmeulensteen/blackboard_ws/install/dynamixel_sdk_custom_interfaces/include/dynamixel_sdk_custom_interfaces/msg/detail/set_position__functions.c
[0.900s] -- Up-to-date: /home/mpcmeulensteen/blackboard_ws/install/dynamixel_sdk_custom_interfaces/include/dynamixel_sdk_custom_interfaces/msg/detail/set_position__functions.h
[0.900s] -- Up-to-date: /home/mpcmeulensteen/blackboard_ws/install/dynamixel_sdk_custom_interfaces/include/dynamixel_sdk_custom_interfaces/msg/detail/set_position__type_support.h
[0.900s] -- Up-to-date: /home/mpcmeulensteen/blackboard_ws/install/dynamixel_sdk_custom_interfaces/include/dynamixel_sdk_custom_interfaces/msg/set_position.h
[0.900s] -- Up-to-date: /home/mpcmeulensteen/blackboard_ws/install/dynamixel_sdk_custom_interfaces/include/dynamixel_sdk_custom_interfaces/msg/rosidl_generator_c__visibility_control.h
[0.900s] -- Up-to-date: /home/mpcmeulensteen/blackboard_ws/install/dynamixel_sdk_custom_interfaces/share/dynamixel_sdk_custom_interfaces/environment/library_path.sh
[0.900s] -- Up-to-date: /home/mpcmeulensteen/blackboard_ws/install/dynamixel_sdk_custom_interfaces/share/dynamixel_sdk_custom_interfaces/environment/library_path.dsv
[0.900s] -- Up-to-date: /home/mpcmeulensteen/blackboard_ws/install/dynamixel_sdk_custom_interfaces/lib/libdynamixel_sdk_custom_interfaces__rosidl_generator_c.so
[0.911s] -- Up-to-date: /home/mpcmeulensteen/blackboard_ws/install/dynamixel_sdk_custom_interfaces/include/dynamixel_sdk_custom_interfaces
[0.911s] -- Up-to-date: /home/mpcmeulensteen/blackboard_ws/install/dynamixel_sdk_custom_interfaces/include/dynamixel_sdk_custom_interfaces/srv
[0.911s] -- Up-to-date: /home/mpcmeulensteen/blackboard_ws/install/dynamixel_sdk_custom_interfaces/include/dynamixel_sdk_custom_interfaces/srv/detail
[0.911s] -- Up-to-date: /home/mpcmeulensteen/blackboard_ws/install/dynamixel_sdk_custom_interfaces/include/dynamixel_sdk_custom_interfaces/srv/detail/get_position__rosidl_typesupport_fastrtps_c.h
[0.911s] -- Up-to-date: /home/mpcmeulensteen/blackboard_ws/install/dynamixel_sdk_custom_interfaces/include/dynamixel_sdk_custom_interfaces/msg
[0.911s] -- Up-to-date: /home/mpcmeulensteen/blackboard_ws/install/dynamixel_sdk_custom_interfaces/include/dynamixel_sdk_custom_interfaces/msg/detail
[0.911s] -- Up-to-date: /home/mpcmeulensteen/blackboard_ws/install/dynamixel_sdk_custom_interfaces/include/dynamixel_sdk_custom_interfaces/msg/detail/set_position__rosidl_typesupport_fastrtps_c.h
[0.911s] -- Up-to-date: /home/mpcmeulensteen/blackboard_ws/install/dynamixel_sdk_custom_interfaces/include/dynamixel_sdk_custom_interfaces/msg/rosidl_typesupport_fastrtps_c__visibility_control.h
[0.911s] -- Up-to-date: /home/mpcmeulensteen/blackboard_ws/install/dynamixel_sdk_custom_interfaces/lib/libdynamixel_sdk_custom_interfaces__rosidl_typesupport_fastrtps_c.so
[0.915s] -- Up-to-date: /home/mpcmeulensteen/blackboard_ws/install/dynamixel_sdk_custom_interfaces/include/dynamixel_sdk_custom_interfaces
[0.915s] -- Up-to-date: /home/mpcmeulensteen/blackboard_ws/install/dynamixel_sdk_custom_interfaces/include/dynamixel_sdk_custom_interfaces/srv
[0.915s] -- Up-to-date: /home/mpcmeulensteen/blackboard_ws/install/dynamixel_sdk_custom_interfaces/include/dynamixel_sdk_custom_interfaces/srv/detail
[0.917s] -- Up-to-date: /home/mpcmeulensteen/blackboard_ws/install/dynamixel_sdk_custom_interfaces/include/dynamixel_sdk_custom_interfaces/srv/detail/dds_fastrtps
[0.917s] -- Up-to-date: /home/mpcmeulensteen/blackboard_ws/install/dynamixel_sdk_custom_interfaces/include/dynamixel_sdk_custom_interfaces/srv/detail/get_position__rosidl_typesupport_fastrtps_cpp.hpp
[0.917s] -- Up-to-date: /home/mpcmeulensteen/blackboard_ws/install/dynamixel_sdk_custom_interfaces/include/dynamixel_sdk_custom_interfaces/msg
[0.917s] -- Up-to-date: /home/mpcmeulensteen/blackboard_ws/install/dynamixel_sdk_custom_interfaces/include/dynamixel_sdk_custom_interfaces/msg/detail
[0.917s] -- Up-to-date: /home/mpcmeulensteen/blackboard_ws/install/dynamixel_sdk_custom_interfaces/include/dynamixel_sdk_custom_interfaces/msg/detail/set_position__rosidl_typesupport_fastrtps_cpp.hpp
[0.917s] -- Up-to-date: /home/mpcmeulensteen/blackboard_ws/install/dynamixel_sdk_custom_interfaces/include/dynamixel_sdk_custom_interfaces/msg/detail/dds_fastrtps
[0.917s] -- Up-to-date: /home/mpcmeulensteen/blackboard_ws/install/dynamixel_sdk_custom_interfaces/include/dynamixel_sdk_custom_interfaces/msg/rosidl_typesupport_fastrtps_cpp__visibility_control.h
[0.917s] -- Up-to-date: /home/mpcmeulensteen/blackboard_ws/install/dynamixel_sdk_custom_interfaces/lib/libdynamixel_sdk_custom_interfaces__rosidl_typesupport_fastrtps_cpp.so
[0.917s] -- Up-to-date: /home/mpcmeulensteen/blackboard_ws/install/dynamixel_sdk_custom_interfaces/include/dynamixel_sdk_custom_interfaces
[0.918s] -- Up-to-date: /home/mpcmeulensteen/blackboard_ws/install/dynamixel_sdk_custom_interfaces/include/dynamixel_sdk_custom_interfaces/srv
[0.918s] -- Up-to-date: /home/mpcmeulensteen/blackboard_ws/install/dynamixel_sdk_custom_interfaces/include/dynamixel_sdk_custom_interfaces/srv/detail
[0.918s] -- Up-to-date: /home/mpcmeulensteen/blackboard_ws/install/dynamixel_sdk_custom_interfaces/include/dynamixel_sdk_custom_interfaces/srv/detail/get_position__rosidl_typesupport_introspection_c.h
[0.918s] -- Up-to-date: /home/mpcmeulensteen/blackboard_ws/install/dynamixel_sdk_custom_interfaces/include/dynamixel_sdk_custom_interfaces/srv/detail/get_position__type_support.c
[0.919s] -- Up-to-date: /home/mpcmeulensteen/blackboard_ws/install/dynamixel_sdk_custom_interfaces/include/dynamixel_sdk_custom_interfaces/msg
[0.919s] -- Up-to-date: /home/mpcmeulensteen/blackboard_ws/install/dynamixel_sdk_custom_interfaces/include/dynamixel_sdk_custom_interfaces/msg/detail
[0.919s] -- Up-to-date: /home/mpcmeulensteen/blackboard_ws/install/dynamixel_sdk_custom_interfaces/include/dynamixel_sdk_custom_interfaces/msg/detail/set_position__type_support.c
[0.919s] -- Up-to-date: /home/mpcmeulensteen/blackboard_ws/install/dynamixel_sdk_custom_interfaces/include/dynamixel_sdk_custom_interfaces/msg/detail/set_position__rosidl_typesupport_introspection_c.h
[0.919s] -- Up-to-date: /home/mpcmeulensteen/blackboard_ws/install/dynamixel_sdk_custom_interfaces/include/dynamixel_sdk_custom_interfaces/msg/rosidl_typesupport_introspection_c__visibility_control.h
[0.919s] -- Up-to-date: /home/mpcmeulensteen/blackboard_ws/install/dynamixel_sdk_custom_interfaces/lib/libdynamixel_sdk_custom_interfaces__rosidl_typesupport_introspection_c.so
[0.925s] -- Up-to-date: /home/mpcmeulensteen/blackboard_ws/install/dynamixel_sdk_custom_interfaces/lib/libdynamixel_sdk_custom_interfaces__rosidl_typesupport_c.so
[0.925s] -- Up-to-date: /home/mpcmeulensteen/blackboard_ws/install/dynamixel_sdk_custom_interfaces/include/dynamixel_sdk_custom_interfaces
[0.925s] -- Up-to-date: /home/mpcmeulensteen/blackboard_ws/install/dynamixel_sdk_custom_interfaces/include/dynamixel_sdk_custom_interfaces/srv
[0.925s] -- Up-to-date: /home/mpcmeulensteen/blackboard_ws/install/dynamixel_sdk_custom_interfaces/include/dynamixel_sdk_custom_interfaces/srv/get_position.hpp
[0.926s] -- Up-to-date: /home/mpcmeulensteen/blackboard_ws/install/dynamixel_sdk_custom_interfaces/include/dynamixel_sdk_custom_interfaces/srv/detail
[0.926s] -- Up-to-date: /home/mpcmeulensteen/blackboard_ws/install/dynamixel_sdk_custom_interfaces/include/dynamixel_sdk_custom_interfaces/srv/detail/get_position__struct.hpp
[0.926s] -- Up-to-date: /home/mpcmeulensteen/blackboard_ws/install/dynamixel_sdk_custom_interfaces/include/dynamixel_sdk_custom_interfaces/srv/detail/get_position__builder.hpp
[0.926s] -- Up-to-date: /home/mpcmeulensteen/blackboard_ws/install/dynamixel_sdk_custom_interfaces/include/dynamixel_sdk_custom_interfaces/srv/detail/get_position__traits.hpp
[0.926s] -- Up-to-date: /home/mpcmeulensteen/blackboard_ws/install/dynamixel_sdk_custom_interfaces/include/dynamixel_sdk_custom_interfaces/msg
[0.926s] -- Up-to-date: /home/mpcmeulensteen/blackboard_ws/install/dynamixel_sdk_custom_interfaces/include/dynamixel_sdk_custom_interfaces/msg/detail
[0.926s] -- Up-to-date: /home/mpcmeulensteen/blackboard_ws/install/dynamixel_sdk_custom_interfaces/include/dynamixel_sdk_custom_interfaces/msg/detail/set_position__traits.hpp
[0.926s] -- Up-to-date: /home/mpcmeulensteen/blackboard_ws/install/dynamixel_sdk_custom_interfaces/include/dynamixel_sdk_custom_interfaces/msg/detail/set_position__struct.hpp
[0.926s] -- Up-to-date: /home/mpcmeulensteen/blackboard_ws/install/dynamixel_sdk_custom_interfaces/include/dynamixel_sdk_custom_interfaces/msg/detail/set_position__builder.hpp
[0.926s] -- Up-to-date: /home/mpcmeulensteen/blackboard_ws/install/dynamixel_sdk_custom_interfaces/include/dynamixel_sdk_custom_interfaces/msg/set_position.hpp
[0.926s] -- Up-to-date: /home/mpcmeulensteen/blackboard_ws/install/dynamixel_sdk_custom_interfaces/include/dynamixel_sdk_custom_interfaces
[0.926s] -- Up-to-date: /home/mpcmeulensteen/blackboard_ws/install/dynamixel_sdk_custom_interfaces/include/dynamixel_sdk_custom_interfaces/srv
[0.926s] -- Up-to-date: /home/mpcmeulensteen/blackboard_ws/install/dynamixel_sdk_custom_interfaces/include/dynamixel_sdk_custom_interfaces/srv/detail
[0.926s] -- Up-to-date: /home/mpcmeulensteen/blackboard_ws/install/dynamixel_sdk_custom_interfaces/include/dynamixel_sdk_custom_interfaces/srv/detail/get_position__rosidl_typesupport_introspection_cpp.hpp
[0.926s] -- Up-to-date: /home/mpcmeulensteen/blackboard_ws/install/dynamixel_sdk_custom_interfaces/include/dynamixel_sdk_custom_interfaces/srv/detail/get_position__type_support.cpp
[0.926s] -- Up-to-date: /home/mpcmeulensteen/blackboard_ws/install/dynamixel_sdk_custom_interfaces/include/dynamixel_sdk_custom_interfaces/msg
[0.927s] -- Up-to-date: /home/mpcmeulensteen/blackboard_ws/install/dynamixel_sdk_custom_interfaces/include/dynamixel_sdk_custom_interfaces/msg/detail
[0.927s] -- Up-to-date: /home/mpcmeulensteen/blackboard_ws/install/dynamixel_sdk_custom_interfaces/include/dynamixel_sdk_custom_interfaces/msg/detail/set_position__rosidl_typesupport_introspection_cpp.hpp
[0.927s] -- Up-to-date: /home/mpcmeulensteen/blackboard_ws/install/dynamixel_sdk_custom_interfaces/include/dynamixel_sdk_custom_interfaces/msg/detail/set_position__type_support.cpp
[0.927s] -- Up-to-date: /home/mpcmeulensteen/blackboard_ws/install/dynamixel_sdk_custom_interfaces/lib/libdynamixel_sdk_custom_interfaces__rosidl_typesupport_introspection_cpp.so
[0.927s] -- Up-to-date: /home/mpcmeulensteen/blackboard_ws/install/dynamixel_sdk_custom_interfaces/lib/libdynamixel_sdk_custom_interfaces__rosidl_typesupport_cpp.so
[0.927s] -- Up-to-date: /home/mpcmeulensteen/blackboard_ws/install/dynamixel_sdk_custom_interfaces/share/dynamixel_sdk_custom_interfaces/environment/pythonpath.sh
[0.927s] -- Up-to-date: /home/mpcmeulensteen/blackboard_ws/install/dynamixel_sdk_custom_interfaces/share/dynamixel_sdk_custom_interfaces/environment/pythonpath.dsv
[0.927s] -- Up-to-date: /home/mpcmeulensteen/blackboard_ws/install/dynamixel_sdk_custom_interfaces/lib/python3.8/site-packages/dynamixel_sdk_custom_interfaces/__init__.py
[0.984s] -- Up-to-date: /home/mpcmeulensteen/blackboard_ws/install/dynamixel_sdk_custom_interfaces/lib/python3.8/site-packages/dynamixel_sdk_custom_interfaces/msg
[0.984s] -- Up-to-date: /home/mpcmeulensteen/blackboard_ws/install/dynamixel_sdk_custom_interfaces/lib/python3.8/site-packages/dynamixel_sdk_custom_interfaces/msg/_set_position.py
[0.987s] -- Up-to-date: /home/mpcmeulensteen/blackboard_ws/install/dynamixel_sdk_custom_interfaces/lib/python3.8/site-packages/dynamixel_sdk_custom_interfaces/msg/__init__.py
[0.987s] -- Up-to-date: /home/mpcmeulensteen/blackboard_ws/install/dynamixel_sdk_custom_interfaces/lib/python3.8/site-packages/dynamixel_sdk_custom_interfaces/msg/_set_position_s.c
[0.987s] -- Up-to-date: /home/mpcmeulensteen/blackboard_ws/install/dynamixel_sdk_custom_interfaces/lib/python3.8/site-packages/dynamixel_sdk_custom_interfaces/srv
[0.987s] -- Up-to-date: /home/mpcmeulensteen/blackboard_ws/install/dynamixel_sdk_custom_interfaces/lib/python3.8/site-packages/dynamixel_sdk_custom_interfaces/srv/_get_position.py
[0.987s] -- Up-to-date: /home/mpcmeulensteen/blackboard_ws/install/dynamixel_sdk_custom_interfaces/lib/python3.8/site-packages/dynamixel_sdk_custom_interfaces/srv/_get_position_s.c
[0.987s] -- Up-to-date: /home/mpcmeulensteen/blackboard_ws/install/dynamixel_sdk_custom_interfaces/lib/python3.8/site-packages/dynamixel_sdk_custom_interfaces/srv/__init__.py
[0.987s] -- Up-to-date: /home/mpcmeulensteen/blackboard_ws/install/dynamixel_sdk_custom_interfaces/lib/python3.8/site-packages/dynamixel_sdk_custom_interfaces/dynamixel_sdk_custom_interfaces_s__rosidl_typesupport_fastrtps_c.cpython-38-x86_64-linux-gnu.so
[0.988s] -- Up-to-date: /home/mpcmeulensteen/blackboard_ws/install/dynamixel_sdk_custom_interfaces/lib/python3.8/site-packages/dynamixel_sdk_custom_interfaces/dynamixel_sdk_custom_interfaces_s__rosidl_typesupport_introspection_c.cpython-38-x86_64-linux-gnu.so
[0.988s] -- Up-to-date: /home/mpcmeulensteen/blackboard_ws/install/dynamixel_sdk_custom_interfaces/lib/python3.8/site-packages/dynamixel_sdk_custom_interfaces/dynamixel_sdk_custom_interfaces_s__rosidl_typesupport_c.cpython-38-x86_64-linux-gnu.so
[0.988s] -- Up-to-date: /home/mpcmeulensteen/blackboard_ws/install/dynamixel_sdk_custom_interfaces/lib/libdynamixel_sdk_custom_interfaces__python.so
[0.990s] -- Up-to-date: /home/mpcmeulensteen/blackboard_ws/install/dynamixel_sdk_custom_interfaces/share/dynamixel_sdk_custom_interfaces/msg/SetPosition.idl
[0.990s] -- Up-to-date: /home/mpcmeulensteen/blackboard_ws/install/dynamixel_sdk_custom_interfaces/share/dynamixel_sdk_custom_interfaces/srv/GetPosition.idl
[0.991s] -- Up-to-date: /home/mpcmeulensteen/blackboard_ws/install/dynamixel_sdk_custom_interfaces/share/dynamixel_sdk_custom_interfaces/msg/SetPosition.msg
[0.991s] -- Up-to-date: /home/mpcmeulensteen/blackboard_ws/install/dynamixel_sdk_custom_interfaces/share/dynamixel_sdk_custom_interfaces/srv/GetPosition.srv
[0.991s] -- Up-to-date: /home/mpcmeulensteen/blackboard_ws/install/dynamixel_sdk_custom_interfaces/share/dynamixel_sdk_custom_interfaces/srv/GetPosition_Request.msg
[0.991s] -- Up-to-date: /home/mpcmeulensteen/blackboard_ws/install/dynamixel_sdk_custom_interfaces/share/dynamixel_sdk_custom_interfaces/srv/GetPosition_Response.msg
[0.991s] -- Up-to-date: /home/mpcmeulensteen/blackboard_ws/install/dynamixel_sdk_custom_interfaces/share/ament_index/resource_index/package_run_dependencies/dynamixel_sdk_custom_interfaces
[0.991s] -- Up-to-date: /home/mpcmeulensteen/blackboard_ws/install/dynamixel_sdk_custom_interfaces/share/ament_index/resource_index/parent_prefix_path/dynamixel_sdk_custom_interfaces
[0.991s] -- Up-to-date: /home/mpcmeulensteen/blackboard_ws/install/dynamixel_sdk_custom_interfaces/share/dynamixel_sdk_custom_interfaces/environment/ament_prefix_path.sh
[0.991s] -- Up-to-date: /home/mpcmeulensteen/blackboard_ws/install/dynamixel_sdk_custom_interfaces/share/dynamixel_sdk_custom_interfaces/environment/ament_prefix_path.dsv
[0.991s] -- Up-to-date: /home/mpcmeulensteen/blackboard_ws/install/dynamixel_sdk_custom_interfaces/share/dynamixel_sdk_custom_interfaces/environment/path.sh
[0.991s] -- Up-to-date: /home/mpcmeulensteen/blackboard_ws/install/dynamixel_sdk_custom_interfaces/share/dynamixel_sdk_custom_interfaces/environment/path.dsv
[0.991s] -- Up-to-date: /home/mpcmeulensteen/blackboard_ws/install/dynamixel_sdk_custom_interfaces/share/dynamixel_sdk_custom_interfaces/local_setup.bash
[0.991s] -- Up-to-date: /home/mpcmeulensteen/blackboard_ws/install/dynamixel_sdk_custom_interfaces/share/dynamixel_sdk_custom_interfaces/local_setup.sh
[0.992s] -- Up-to-date: /home/mpcmeulensteen/blackboard_ws/install/dynamixel_sdk_custom_interfaces/share/dynamixel_sdk_custom_interfaces/local_setup.zsh
[0.992s] -- Up-to-date: /home/mpcmeulensteen/blackboard_ws/install/dynamixel_sdk_custom_interfaces/share/dynamixel_sdk_custom_interfaces/local_setup.dsv
[0.992s] -- Installing: /home/mpcmeulensteen/blackboard_ws/install/dynamixel_sdk_custom_interfaces/share/dynamixel_sdk_custom_interfaces/package.dsv
[0.992s] -- Up-to-date: /home/mpcmeulensteen/blackboard_ws/install/dynamixel_sdk_custom_interfaces/share/ament_index/resource_index/packages/dynamixel_sdk_custom_interfaces
[0.992s] -- Up-to-date: /home/mpcmeulensteen/blackboard_ws/install/dynamixel_sdk_custom_interfaces/share/dynamixel_sdk_custom_interfaces/cmake/dynamixel_sdk_custom_interfaces__rosidl_generator_cExport.cmake
[0.992s] -- Up-to-date: /home/mpcmeulensteen/blackboard_ws/install/dynamixel_sdk_custom_interfaces/share/dynamixel_sdk_custom_interfaces/cmake/dynamixel_sdk_custom_interfaces__rosidl_generator_cExport-noconfig.cmake
[0.992s] -- Up-to-date: /home/mpcmeulensteen/blackboard_ws/install/dynamixel_sdk_custom_interfaces/share/dynamixel_sdk_custom_interfaces/cmake/dynamixel_sdk_custom_interfaces__rosidl_typesupport_introspection_cExport.cmake
[0.992s] -- Up-to-date: /home/mpcmeulensteen/blackboard_ws/install/dynamixel_sdk_custom_interfaces/share/dynamixel_sdk_custom_interfaces/cmake/dynamixel_sdk_custom_interfaces__rosidl_typesupport_introspection_cExport-noconfig.cmake
[0.992s] -- Up-to-date: /home/mpcmeulensteen/blackboard_ws/install/dynamixel_sdk_custom_interfaces/share/dynamixel_sdk_custom_interfaces/cmake/dynamixel_sdk_custom_interfaces__rosidl_typesupport_cExport.cmake
[0.992s] -- Up-to-date: /home/mpcmeulensteen/blackboard_ws/install/dynamixel_sdk_custom_interfaces/share/dynamixel_sdk_custom_interfaces/cmake/dynamixel_sdk_custom_interfaces__rosidl_typesupport_cExport-noconfig.cmake
[0.992s] -- Up-to-date: /home/mpcmeulensteen/blackboard_ws/install/dynamixel_sdk_custom_interfaces/share/dynamixel_sdk_custom_interfaces/cmake/dynamixel_sdk_custom_interfaces__rosidl_generator_cppExport.cmake
[0.994s] -- Up-to-date: /home/mpcmeulensteen/blackboard_ws/install/dynamixel_sdk_custom_interfaces/share/dynamixel_sdk_custom_interfaces/cmake/dynamixel_sdk_custom_interfaces__rosidl_typesupport_introspection_cppExport.cmake
[0.995s] -- Up-to-date: /home/mpcmeulensteen/blackboard_ws/install/dynamixel_sdk_custom_interfaces/share/dynamixel_sdk_custom_interfaces/cmake/dynamixel_sdk_custom_interfaces__rosidl_typesupport_introspection_cppExport-noconfig.cmake
[0.995s] -- Up-to-date: /home/mpcmeulensteen/blackboard_ws/install/dynamixel_sdk_custom_interfaces/share/dynamixel_sdk_custom_interfaces/cmake/dynamixel_sdk_custom_interfaces__rosidl_typesupport_cppExport.cmake
[0.995s] -- Up-to-date: /home/mpcmeulensteen/blackboard_ws/install/dynamixel_sdk_custom_interfaces/share/dynamixel_sdk_custom_interfaces/cmake/dynamixel_sdk_custom_interfaces__rosidl_typesupport_cppExport-noconfig.cmake
[0.995s] -- Up-to-date: /home/mpcmeulensteen/blackboard_ws/install/dynamixel_sdk_custom_interfaces/share/dynamixel_sdk_custom_interfaces/cmake/rosidl_cmake-extras.cmake
[0.995s] -- Up-to-date: /home/mpcmeulensteen/blackboard_ws/install/dynamixel_sdk_custom_interfaces/share/dynamixel_sdk_custom_interfaces/cmake/ament_cmake_export_dependencies-extras.cmake
[0.995s] -- Up-to-date: /home/mpcmeulensteen/blackboard_ws/install/dynamixel_sdk_custom_interfaces/share/dynamixel_sdk_custom_interfaces/cmake/ament_cmake_export_libraries-extras.cmake
[0.995s] -- Up-to-date: /home/mpcmeulensteen/blackboard_ws/install/dynamixel_sdk_custom_interfaces/share/dynamixel_sdk_custom_interfaces/cmake/ament_cmake_export_targets-extras.cmake
[0.995s] -- Up-to-date: /home/mpcmeulensteen/blackboard_ws/install/dynamixel_sdk_custom_interfaces/share/dynamixel_sdk_custom_interfaces/cmake/ament_cmake_export_include_directories-extras.cmake
[0.995s] -- Up-to-date: /home/mpcmeulensteen/blackboard_ws/install/dynamixel_sdk_custom_interfaces/share/dynamixel_sdk_custom_interfaces/cmake/rosidl_cmake_export_typesupport_libraries-extras.cmake
[0.995s] -- Up-to-date: /home/mpcmeulensteen/blackboard_ws/install/dynamixel_sdk_custom_interfaces/share/dynamixel_sdk_custom_interfaces/cmake/rosidl_cmake_export_typesupport_targets-extras.cmake
[0.995s] -- Up-to-date: /home/mpcmeulensteen/blackboard_ws/install/dynamixel_sdk_custom_interfaces/share/dynamixel_sdk_custom_interfaces/cmake/dynamixel_sdk_custom_interfacesConfig.cmake
[0.995s] -- Up-to-date: /home/mpcmeulensteen/blackboard_ws/install/dynamixel_sdk_custom_interfaces/share/dynamixel_sdk_custom_interfaces/cmake/dynamixel_sdk_custom_interfacesConfig-version.cmake
[0.995s] -- Up-to-date: /home/mpcmeulensteen/blackboard_ws/install/dynamixel_sdk_custom_interfaces/share/dynamixel_sdk_custom_interfaces/package.xml
[1.003s] Invoked command in '/home/mpcmeulensteen/blackboard_ws/build/dynamixel_sdk_custom_interfaces' returned '0': CMAKE_PREFIX_PATH=${CMAKE_PREFIX_PATH}:/home/mpcmeulensteen/turtlebot3_ws/install/turtlebot3_teleop:/home/mpcmeulensteen/turtlebot3_ws/install/turtlebot3_example:/home/mpcmeulensteen/colcon_ws/install/turtlebot3_teleop:/home/mpcmeulensteen/colcon_ws/install/turtlebot3_example:/opt/ros/foxy /usr/bin/cmake --install /home/mpcmeulensteen/blackboard_ws/build/dynamixel_sdk_custom_interfaces
