[0.348s] Invoking command in '/home/mpcmeulensteen/blackboard_ws/src/navigation': PYTHONPATH=/home/mpcmeulensteen/blackboard_ws/install/navigation/lib/python3.8/site-packages:${PYTHONPATH} /usr/bin/python3 setup.py egg_info --egg-base ../../build/navigation build --build-base /home/mpcmeulensteen/blackboard_ws/build/navigation/build install --prefix /home/mpcmeulensteen/blackboard_ws/install/navigation --record /home/mpcmeulensteen/blackboard_ws/build/navigation/install.log --single-version-externally-managed
[0.651s] running egg_info
[0.653s] writing ../../build/navigation/navigation.egg-info/PKG-INFO
[0.654s] writing dependency_links to ../../build/navigation/navigation.egg-info/dependency_links.txt
[0.654s] writing entry points to ../../build/navigation/navigation.egg-info/entry_points.txt
[0.655s] writing requirements to ../../build/navigation/navigation.egg-info/requires.txt
[0.655s] writing top-level names to ../../build/navigation/navigation.egg-info/top_level.txt
[0.693s] reading manifest file '../../build/navigation/navigation.egg-info/SOURCES.txt'
[0.694s] writing manifest file '../../build/navigation/navigation.egg-info/SOURCES.txt'
[0.695s] running build
[0.696s] running build_py
[0.697s] running install
[0.698s] running install_lib
[0.700s] running install_data
[0.701s] copying launch/simulation.launch.py -> /home/mpcmeulensteen/blackboard_ws/install/navigation/share/navigation
[0.702s] running install_egg_info
[0.703s] removing '/home/mpcmeulensteen/blackboard_ws/install/navigation/lib/python3.8/site-packages/navigation-0.0.0-py3.8.egg-info' (and everything under it)
[0.704s] Copying ../../build/navigation/navigation.egg-info to /home/mpcmeulensteen/blackboard_ws/install/navigation/lib/python3.8/site-packages/navigation-0.0.0-py3.8.egg-info
[0.705s] running install_scripts
[0.721s] writing list of installed files to '/home/mpcmeulensteen/blackboard_ws/build/navigation/install.log'
[0.745s] Invoked command in '/home/mpcmeulensteen/blackboard_ws/src/navigation' returned '0': PYTHONPATH=/home/mpcmeulensteen/blackboard_ws/install/navigation/lib/python3.8/site-packages:${PYTHONPATH} /usr/bin/python3 setup.py egg_info --egg-base ../../build/navigation build --build-base /home/mpcmeulensteen/blackboard_ws/build/navigation/build install --prefix /home/mpcmeulensteen/blackboard_ws/install/navigation --record /home/mpcmeulensteen/blackboard_ws/build/navigation/install.log --single-version-externally-managed
