[0.013s] Invoking command in '/home/mpcmeulensteen/blackboard_ws/build/turtlebot3_fake_node': AMENT_PREFIX_PATH=/home/mpcmeulensteen/blackboard_ws/install/turtlebot3_msgs:${AMENT_PREFIX_PATH} CMAKE_PREFIX_PATH=/home/mpcmeulensteen/blackboard_ws/install/turtlebot3_msgs:/home/mpcmeulensteen/turtlebot3_ws/install/turtlebot3:/home/mpcmeulensteen/turtlebot3_ws/install/turtlebot3_simulations:/home/mpcmeulensteen/turtlebot3_ws/install/turtlebot3_bringup:/home/mpcmeulensteen/turtlebot3_ws/install/turtlebot3_node:/home/mpcmeulensteen/turtlebot3_ws/install/turtlebot3_navigation2:/home/mpcmeulensteen/turtlebot3_ws/install/turtlebot3_fake_node:/home/mpcmeulensteen/turtlebot3_ws/install/turtlebot3_msgs:/home/mpcmeulensteen/turtlebot3_ws/install/turtlebot3_gazebo:/home/mpcmeulensteen/turtlebot3_ws/install/turtlebot3_description:/home/mpcmeulensteen/turtlebot3_ws/install/turtlebot3_cartographer:/home/mpcmeulensteen/turtlebot3_ws/install/hls_lfcd_lds_driver:/home/mpcmeulensteen/turtlebot3_ws/install/dynamixel_sdk_examples:/home/mpcmeulensteen/turtlebot3_ws/install/dynamixel_sdk_custom_interfaces:/home/mpcmeulensteen/turtlebot3_ws/install/dynamixel_sdk:/home/mpcmeulensteen/colcon_ws/install/turtlebot3:/home/mpcmeulensteen/colcon_ws/install/turtlebot3_simulations:/home/mpcmeulensteen/colcon_ws/install/turtlebot3_bringup:/home/mpcmeulensteen/colcon_ws/install/turtlebot3_node:/home/mpcmeulensteen/colcon_ws/install/turtlebot3_navigation2:/home/mpcmeulensteen/colcon_ws/install/turtlebot3_fake_node:/home/mpcmeulensteen/colcon_ws/install/turtlebot3_msgs:/home/mpcmeulensteen/colcon_ws/install/turtlebot3_gazebo:/home/mpcmeulensteen/colcon_ws/install/turtlebot3_description:/home/mpcmeulensteen/colcon_ws/install/turtlebot3_cartographer:/home/mpcmeulensteen/colcon_ws/install/robot1:/home/mpcmeulensteen/colcon_ws/install/navigation_cartographer:/home/mpcmeulensteen/colcon_ws/install/navigation:/home/mpcmeulensteen/colcon_ws/install/navigate_robot_pkg:/home/mpcmeulensteen/colcon_ws/install/hls_lfcd_lds_driver:/home/mpcmeulensteen/colcon_ws/install/dynamixel_sdk_examples:/home/mpcmeulensteen/colcon_ws/install/dynamixel_sdk_custom_interfaces:/home/mpcmeulensteen/colcon_ws/install/dynamixel_sdk:/home/mpcmeulensteen/colcon_ws/install/blackboard:/home/mpcmeulensteen/colcon_ws/install/bbinstance:/home/mpcmeulensteen/turtlebot3_ws/install/turtlebot3_teleop:/home/mpcmeulensteen/turtlebot3_ws/install/turtlebot3_example:/home/mpcmeulensteen/colcon_ws/install/turtlebot3_teleop:/home/mpcmeulensteen/colcon_ws/install/turtlebot3_example:/opt/ros/foxy LD_LIBRARY_PATH=/home/mpcmeulensteen/blackboard_ws/install/turtlebot3_msgs/lib:${LD_LIBRARY_PATH} PYTHONPATH=/home/mpcmeulensteen/blackboard_ws/install/turtlebot3_msgs/lib/python3.8/site-packages:${PYTHONPATH} /usr/bin/cmake /home/mpcmeulensteen/blackboard_ws/src/turtlebot3_simulations/turtlebot3_fake_node -DCMAKE_INSTALL_PREFIX=/home/mpcmeulensteen/blackboard_ws/install/turtlebot3_fake_node
[0.078s] -- The C compiler identification is GNU 9.3.0
[0.135s] -- The CXX compiler identification is GNU 9.3.0
[0.135s] -- Check for working C compiler: /usr/bin/cc
[0.206s] -- Check for working C compiler: /usr/bin/cc -- works
[0.208s] -- Detecting C compiler ABI info
[0.276s] -- Detecting C compiler ABI info - done
[0.282s] -- Detecting C compile features
[0.282s] -- Detecting C compile features - done
[0.285s] -- Check for working CXX compiler: /usr/bin/c++
[0.361s] -- Check for working CXX compiler: /usr/bin/c++ -- works
[0.363s] -- Detecting CXX compiler ABI info
[0.432s] -- Detecting CXX compiler ABI info - done
[0.441s] -- Detecting CXX compile features
[0.442s] -- Detecting CXX compile features - done
[0.445s] -- Found ament_cmake: 0.9.9 (/opt/ros/foxy/share/ament_cmake/cmake)
[0.477s] -- Found PythonInterp: /usr/bin/python3 (found suitable version "3.8.10", minimum required is "3") 
[0.477s] -- Using PYTHON_EXECUTABLE: /usr/bin/python3
[0.678s] -- Found geometry_msgs: 2.0.4 (/opt/ros/foxy/share/geometry_msgs/cmake)
[0.727s] -- Using all available rosidl_typesupport_c: rosidl_typesupport_fastrtps_c;rosidl_typesupport_introspection_c
[0.739s] -- Found rosidl_adapter: 1.2.1 (/opt/ros/foxy/share/rosidl_adapter/cmake)
[0.823s] -- Found OpenSSL: /usr/lib/x86_64-linux-gnu/libcrypto.so (found version "1.1.1f")  
[0.850s] -- Found FastRTPS: /opt/ros/foxy/include  
[0.930s] -- Using all available rosidl_typesupport_cpp: rosidl_typesupport_fastrtps_cpp;rosidl_typesupport_introspection_cpp
[1.011s] -- Found nav_msgs: 2.0.4 (/opt/ros/foxy/share/nav_msgs/cmake)
[1.081s] -- Found rclcpp: 2.4.0 (/opt/ros/foxy/share/rclcpp/cmake)
[1.137s] -- Found rmw_implementation_cmake: 1.0.3 (/opt/ros/foxy/share/rmw_implementation_cmake/cmake)
[1.141s] -- Using RMW implementation 'rmw_fastrtps_cpp' as default
[1.142s] -- Looking for pthread.h
[1.219s] -- Looking for pthread.h - found
[1.220s] -- Performing Test CMAKE_HAVE_LIBC_PTHREAD
[1.287s] -- Performing Test CMAKE_HAVE_LIBC_PTHREAD - Failed
[1.289s] -- Looking for pthread_create in pthreads
[1.342s] -- Looking for pthread_create in pthreads - not found
[1.344s] -- Looking for pthread_create in pthread
[1.405s] -- Looking for pthread_create in pthread - found
[1.408s] -- Found Threads: TRUE  
[1.566s] -- Found sensor_msgs: 2.0.4 (/opt/ros/foxy/share/sensor_msgs/cmake)
[1.648s] -- Found tf2: 0.13.12 (/opt/ros/foxy/share/tf2/cmake)
[1.662s] -- Found tf2_msgs: 0.13.12 (/opt/ros/foxy/share/tf2_msgs/cmake)
[1.838s] -- Found turtlebot3_msgs: 2.2.1 (/home/mpcmeulensteen/blackboard_ws/install/turtlebot3_msgs/share/turtlebot3_msgs/cmake)
[1.986s] -- Configuring done
[1.997s] -- Generating done
[1.998s] -- Build files have been written to: /home/mpcmeulensteen/blackboard_ws/build/turtlebot3_fake_node
[2.008s] Invoked command in '/home/mpcmeulensteen/blackboard_ws/build/turtlebot3_fake_node' returned '0': AMENT_PREFIX_PATH=/home/mpcmeulensteen/blackboard_ws/install/turtlebot3_msgs:${AMENT_PREFIX_PATH} CMAKE_PREFIX_PATH=/home/mpcmeulensteen/blackboard_ws/install/turtlebot3_msgs:/home/mpcmeulensteen/turtlebot3_ws/install/turtlebot3:/home/mpcmeulensteen/turtlebot3_ws/install/turtlebot3_simulations:/home/mpcmeulensteen/turtlebot3_ws/install/turtlebot3_bringup:/home/mpcmeulensteen/turtlebot3_ws/install/turtlebot3_node:/home/mpcmeulensteen/turtlebot3_ws/install/turtlebot3_navigation2:/home/mpcmeulensteen/turtlebot3_ws/install/turtlebot3_fake_node:/home/mpcmeulensteen/turtlebot3_ws/install/turtlebot3_msgs:/home/mpcmeulensteen/turtlebot3_ws/install/turtlebot3_gazebo:/home/mpcmeulensteen/turtlebot3_ws/install/turtlebot3_description:/home/mpcmeulensteen/turtlebot3_ws/install/turtlebot3_cartographer:/home/mpcmeulensteen/turtlebot3_ws/install/hls_lfcd_lds_driver:/home/mpcmeulensteen/turtlebot3_ws/install/dynamixel_sdk_examples:/home/mpcmeulensteen/turtlebot3_ws/install/dynamixel_sdk_custom_interfaces:/home/mpcmeulensteen/turtlebot3_ws/install/dynamixel_sdk:/home/mpcmeulensteen/colcon_ws/install/turtlebot3:/home/mpcmeulensteen/colcon_ws/install/turtlebot3_simulations:/home/mpcmeulensteen/colcon_ws/install/turtlebot3_bringup:/home/mpcmeulensteen/colcon_ws/install/turtlebot3_node:/home/mpcmeulensteen/colcon_ws/install/turtlebot3_navigation2:/home/mpcmeulensteen/colcon_ws/install/turtlebot3_fake_node:/home/mpcmeulensteen/colcon_ws/install/turtlebot3_msgs:/home/mpcmeulensteen/colcon_ws/install/turtlebot3_gazebo:/home/mpcmeulensteen/colcon_ws/install/turtlebot3_description:/home/mpcmeulensteen/colcon_ws/install/turtlebot3_cartographer:/home/mpcmeulensteen/colcon_ws/install/robot1:/home/mpcmeulensteen/colcon_ws/install/navigation_cartographer:/home/mpcmeulensteen/colcon_ws/install/navigation:/home/mpcmeulensteen/colcon_ws/install/navigate_robot_pkg:/home/mpcmeulensteen/colcon_ws/install/hls_lfcd_lds_driver:/home/mpcmeulensteen/colcon_ws/install/dynamixel_sdk_examples:/home/mpcmeulensteen/colcon_ws/install/dynamixel_sdk_custom_interfaces:/home/mpcmeulensteen/colcon_ws/install/dynamixel_sdk:/home/mpcmeulensteen/colcon_ws/install/blackboard:/home/mpcmeulensteen/colcon_ws/install/bbinstance:/home/mpcmeulensteen/turtlebot3_ws/install/turtlebot3_teleop:/home/mpcmeulensteen/turtlebot3_ws/install/turtlebot3_example:/home/mpcmeulensteen/colcon_ws/install/turtlebot3_teleop:/home/mpcmeulensteen/colcon_ws/install/turtlebot3_example:/opt/ros/foxy LD_LIBRARY_PATH=/home/mpcmeulensteen/blackboard_ws/install/turtlebot3_msgs/lib:${LD_LIBRARY_PATH} PYTHONPATH=/home/mpcmeulensteen/blackboard_ws/install/turtlebot3_msgs/lib/python3.8/site-packages:${PYTHONPATH} /usr/bin/cmake /home/mpcmeulensteen/blackboard_ws/src/turtlebot3_simulations/turtlebot3_fake_node -DCMAKE_INSTALL_PREFIX=/home/mpcmeulensteen/blackboard_ws/install/turtlebot3_fake_node
[2.009s] Invoking command in '/home/mpcmeulensteen/blackboard_ws/build/turtlebot3_fake_node': AMENT_PREFIX_PATH=/home/mpcmeulensteen/blackboard_ws/install/turtlebot3_msgs:${AMENT_PREFIX_PATH} CMAKE_PREFIX_PATH=/home/mpcmeulensteen/blackboard_ws/install/turtlebot3_msgs:/home/mpcmeulensteen/turtlebot3_ws/install/turtlebot3:/home/mpcmeulensteen/turtlebot3_ws/install/turtlebot3_simulations:/home/mpcmeulensteen/turtlebot3_ws/install/turtlebot3_bringup:/home/mpcmeulensteen/turtlebot3_ws/install/turtlebot3_node:/home/mpcmeulensteen/turtlebot3_ws/install/turtlebot3_navigation2:/home/mpcmeulensteen/turtlebot3_ws/install/turtlebot3_fake_node:/home/mpcmeulensteen/turtlebot3_ws/install/turtlebot3_msgs:/home/mpcmeulensteen/turtlebot3_ws/install/turtlebot3_gazebo:/home/mpcmeulensteen/turtlebot3_ws/install/turtlebot3_description:/home/mpcmeulensteen/turtlebot3_ws/install/turtlebot3_cartographer:/home/mpcmeulensteen/turtlebot3_ws/install/hls_lfcd_lds_driver:/home/mpcmeulensteen/turtlebot3_ws/install/dynamixel_sdk_examples:/home/mpcmeulensteen/turtlebot3_ws/install/dynamixel_sdk_custom_interfaces:/home/mpcmeulensteen/turtlebot3_ws/install/dynamixel_sdk:/home/mpcmeulensteen/colcon_ws/install/turtlebot3:/home/mpcmeulensteen/colcon_ws/install/turtlebot3_simulations:/home/mpcmeulensteen/colcon_ws/install/turtlebot3_bringup:/home/mpcmeulensteen/colcon_ws/install/turtlebot3_node:/home/mpcmeulensteen/colcon_ws/install/turtlebot3_navigation2:/home/mpcmeulensteen/colcon_ws/install/turtlebot3_fake_node:/home/mpcmeulensteen/colcon_ws/install/turtlebot3_msgs:/home/mpcmeulensteen/colcon_ws/install/turtlebot3_gazebo:/home/mpcmeulensteen/colcon_ws/install/turtlebot3_description:/home/mpcmeulensteen/colcon_ws/install/turtlebot3_cartographer:/home/mpcmeulensteen/colcon_ws/install/robot1:/home/mpcmeulensteen/colcon_ws/install/navigation_cartographer:/home/mpcmeulensteen/colcon_ws/install/navigation:/home/mpcmeulensteen/colcon_ws/install/navigate_robot_pkg:/home/mpcmeulensteen/colcon_ws/install/hls_lfcd_lds_driver:/home/mpcmeulensteen/colcon_ws/install/dynamixel_sdk_examples:/home/mpcmeulensteen/colcon_ws/install/dynamixel_sdk_custom_interfaces:/home/mpcmeulensteen/colcon_ws/install/dynamixel_sdk:/home/mpcmeulensteen/colcon_ws/install/blackboard:/home/mpcmeulensteen/colcon_ws/install/bbinstance:/home/mpcmeulensteen/turtlebot3_ws/install/turtlebot3_teleop:/home/mpcmeulensteen/turtlebot3_ws/install/turtlebot3_example:/home/mpcmeulensteen/colcon_ws/install/turtlebot3_teleop:/home/mpcmeulensteen/colcon_ws/install/turtlebot3_example:/opt/ros/foxy LD_LIBRARY_PATH=/home/mpcmeulensteen/blackboard_ws/install/turtlebot3_msgs/lib:${LD_LIBRARY_PATH} PYTHONPATH=/home/mpcmeulensteen/blackboard_ws/install/turtlebot3_msgs/lib/python3.8/site-packages:${PYTHONPATH} /usr/bin/cmake --build /home/mpcmeulensteen/blackboard_ws/build/turtlebot3_fake_node -- -j2 -l2
[2.051s] [35m[1mScanning dependencies of target turtlebot3_fake_node[0m
[2.088s] [ 50%] [32mBuilding CXX object CMakeFiles/turtlebot3_fake_node.dir/src/turtlebot3_fake_node.cpp.o[0m
[9.877s] [100%] [32m[1mLinking CXX executable turtlebot3_fake_node[0m
[10.181s] [100%] Built target turtlebot3_fake_node
[10.195s] Invoked command in '/home/mpcmeulensteen/blackboard_ws/build/turtlebot3_fake_node' returned '0': AMENT_PREFIX_PATH=/home/mpcmeulensteen/blackboard_ws/install/turtlebot3_msgs:${AMENT_PREFIX_PATH} CMAKE_PREFIX_PATH=/home/mpcmeulensteen/blackboard_ws/install/turtlebot3_msgs:/home/mpcmeulensteen/turtlebot3_ws/install/turtlebot3:/home/mpcmeulensteen/turtlebot3_ws/install/turtlebot3_simulations:/home/mpcmeulensteen/turtlebot3_ws/install/turtlebot3_bringup:/home/mpcmeulensteen/turtlebot3_ws/install/turtlebot3_node:/home/mpcmeulensteen/turtlebot3_ws/install/turtlebot3_navigation2:/home/mpcmeulensteen/turtlebot3_ws/install/turtlebot3_fake_node:/home/mpcmeulensteen/turtlebot3_ws/install/turtlebot3_msgs:/home/mpcmeulensteen/turtlebot3_ws/install/turtlebot3_gazebo:/home/mpcmeulensteen/turtlebot3_ws/install/turtlebot3_description:/home/mpcmeulensteen/turtlebot3_ws/install/turtlebot3_cartographer:/home/mpcmeulensteen/turtlebot3_ws/install/hls_lfcd_lds_driver:/home/mpcmeulensteen/turtlebot3_ws/install/dynamixel_sdk_examples:/home/mpcmeulensteen/turtlebot3_ws/install/dynamixel_sdk_custom_interfaces:/home/mpcmeulensteen/turtlebot3_ws/install/dynamixel_sdk:/home/mpcmeulensteen/colcon_ws/install/turtlebot3:/home/mpcmeulensteen/colcon_ws/install/turtlebot3_simulations:/home/mpcmeulensteen/colcon_ws/install/turtlebot3_bringup:/home/mpcmeulensteen/colcon_ws/install/turtlebot3_node:/home/mpcmeulensteen/colcon_ws/install/turtlebot3_navigation2:/home/mpcmeulensteen/colcon_ws/install/turtlebot3_fake_node:/home/mpcmeulensteen/colcon_ws/install/turtlebot3_msgs:/home/mpcmeulensteen/colcon_ws/install/turtlebot3_gazebo:/home/mpcmeulensteen/colcon_ws/install/turtlebot3_description:/home/mpcmeulensteen/colcon_ws/install/turtlebot3_cartographer:/home/mpcmeulensteen/colcon_ws/install/robot1:/home/mpcmeulensteen/colcon_ws/install/navigation_cartographer:/home/mpcmeulensteen/colcon_ws/install/navigation:/home/mpcmeulensteen/colcon_ws/install/navigate_robot_pkg:/home/mpcmeulensteen/colcon_ws/install/hls_lfcd_lds_driver:/home/mpcmeulensteen/colcon_ws/install/dynamixel_sdk_examples:/home/mpcmeulensteen/colcon_ws/install/dynamixel_sdk_custom_interfaces:/home/mpcmeulensteen/colcon_ws/install/dynamixel_sdk:/home/mpcmeulensteen/colcon_ws/install/blackboard:/home/mpcmeulensteen/colcon_ws/install/bbinstance:/home/mpcmeulensteen/turtlebot3_ws/install/turtlebot3_teleop:/home/mpcmeulensteen/turtlebot3_ws/install/turtlebot3_example:/home/mpcmeulensteen/colcon_ws/install/turtlebot3_teleop:/home/mpcmeulensteen/colcon_ws/install/turtlebot3_example:/opt/ros/foxy LD_LIBRARY_PATH=/home/mpcmeulensteen/blackboard_ws/install/turtlebot3_msgs/lib:${LD_LIBRARY_PATH} PYTHONPATH=/home/mpcmeulensteen/blackboard_ws/install/turtlebot3_msgs/lib/python3.8/site-packages:${PYTHONPATH} /usr/bin/cmake --build /home/mpcmeulensteen/blackboard_ws/build/turtlebot3_fake_node -- -j2 -l2
[10.218s] Invoking command in '/home/mpcmeulensteen/blackboard_ws/build/turtlebot3_fake_node': AMENT_PREFIX_PATH=/home/mpcmeulensteen/blackboard_ws/install/turtlebot3_msgs:${AMENT_PREFIX_PATH} CMAKE_PREFIX_PATH=/home/mpcmeulensteen/blackboard_ws/install/turtlebot3_msgs:/home/mpcmeulensteen/turtlebot3_ws/install/turtlebot3:/home/mpcmeulensteen/turtlebot3_ws/install/turtlebot3_simulations:/home/mpcmeulensteen/turtlebot3_ws/install/turtlebot3_bringup:/home/mpcmeulensteen/turtlebot3_ws/install/turtlebot3_node:/home/mpcmeulensteen/turtlebot3_ws/install/turtlebot3_navigation2:/home/mpcmeulensteen/turtlebot3_ws/install/turtlebot3_fake_node:/home/mpcmeulensteen/turtlebot3_ws/install/turtlebot3_msgs:/home/mpcmeulensteen/turtlebot3_ws/install/turtlebot3_gazebo:/home/mpcmeulensteen/turtlebot3_ws/install/turtlebot3_description:/home/mpcmeulensteen/turtlebot3_ws/install/turtlebot3_cartographer:/home/mpcmeulensteen/turtlebot3_ws/install/hls_lfcd_lds_driver:/home/mpcmeulensteen/turtlebot3_ws/install/dynamixel_sdk_examples:/home/mpcmeulensteen/turtlebot3_ws/install/dynamixel_sdk_custom_interfaces:/home/mpcmeulensteen/turtlebot3_ws/install/dynamixel_sdk:/home/mpcmeulensteen/colcon_ws/install/turtlebot3:/home/mpcmeulensteen/colcon_ws/install/turtlebot3_simulations:/home/mpcmeulensteen/colcon_ws/install/turtlebot3_bringup:/home/mpcmeulensteen/colcon_ws/install/turtlebot3_node:/home/mpcmeulensteen/colcon_ws/install/turtlebot3_navigation2:/home/mpcmeulensteen/colcon_ws/install/turtlebot3_fake_node:/home/mpcmeulensteen/colcon_ws/install/turtlebot3_msgs:/home/mpcmeulensteen/colcon_ws/install/turtlebot3_gazebo:/home/mpcmeulensteen/colcon_ws/install/turtlebot3_description:/home/mpcmeulensteen/colcon_ws/install/turtlebot3_cartographer:/home/mpcmeulensteen/colcon_ws/install/robot1:/home/mpcmeulensteen/colcon_ws/install/navigation_cartographer:/home/mpcmeulensteen/colcon_ws/install/navigation:/home/mpcmeulensteen/colcon_ws/install/navigate_robot_pkg:/home/mpcmeulensteen/colcon_ws/install/hls_lfcd_lds_driver:/home/mpcmeulensteen/colcon_ws/install/dynamixel_sdk_examples:/home/mpcmeulensteen/colcon_ws/install/dynamixel_sdk_custom_interfaces:/home/mpcmeulensteen/colcon_ws/install/dynamixel_sdk:/home/mpcmeulensteen/colcon_ws/install/blackboard:/home/mpcmeulensteen/colcon_ws/install/bbinstance:/home/mpcmeulensteen/turtlebot3_ws/install/turtlebot3_teleop:/home/mpcmeulensteen/turtlebot3_ws/install/turtlebot3_example:/home/mpcmeulensteen/colcon_ws/install/turtlebot3_teleop:/home/mpcmeulensteen/colcon_ws/install/turtlebot3_example:/opt/ros/foxy LD_LIBRARY_PATH=/home/mpcmeulensteen/blackboard_ws/install/turtlebot3_msgs/lib:${LD_LIBRARY_PATH} PYTHONPATH=/home/mpcmeulensteen/blackboard_ws/install/turtlebot3_msgs/lib/python3.8/site-packages:${PYTHONPATH} /usr/bin/cmake --install /home/mpcmeulensteen/blackboard_ws/build/turtlebot3_fake_node
[10.228s] -- Install configuration: ""
[10.229s] -- Installing: /home/mpcmeulensteen/blackboard_ws/install/turtlebot3_fake_node/lib/turtlebot3_fake_node/turtlebot3_fake_node
[10.231s] -- Set runtime path of "/home/mpcmeulensteen/blackboard_ws/install/turtlebot3_fake_node/lib/turtlebot3_fake_node/turtlebot3_fake_node" to ""
[10.231s] -- Installing: /home/mpcmeulensteen/blackboard_ws/install/turtlebot3_fake_node/share/turtlebot3_fake_node/launch
[10.232s] -- Installing: /home/mpcmeulensteen/blackboard_ws/install/turtlebot3_fake_node/share/turtlebot3_fake_node/launch/rviz2.launch.py
[10.232s] -- Installing: /home/mpcmeulensteen/blackboard_ws/install/turtlebot3_fake_node/share/turtlebot3_fake_node/launch/turtlebot3_fake_node.launch.py
[10.232s] -- Installing: /home/mpcmeulensteen/blackboard_ws/install/turtlebot3_fake_node/share/turtlebot3_fake_node/param
[10.232s] -- Installing: /home/mpcmeulensteen/blackboard_ws/install/turtlebot3_fake_node/share/turtlebot3_fake_node/param/waffle.yaml
[10.232s] -- Installing: /home/mpcmeulensteen/blackboard_ws/install/turtlebot3_fake_node/share/turtlebot3_fake_node/param/burger.yaml
[10.233s] -- Installing: /home/mpcmeulensteen/blackboard_ws/install/turtlebot3_fake_node/share/turtlebot3_fake_node/param/waffle_pi.yaml
[10.233s] -- Installing: /home/mpcmeulensteen/blackboard_ws/install/turtlebot3_fake_node/share/turtlebot3_fake_node/rviz
[10.233s] -- Installing: /home/mpcmeulensteen/blackboard_ws/install/turtlebot3_fake_node/share/turtlebot3_fake_node/rviz/model.rviz
[10.233s] -- Installing: /home/mpcmeulensteen/blackboard_ws/install/turtlebot3_fake_node/include/
[10.234s] -- Installing: /home/mpcmeulensteen/blackboard_ws/install/turtlebot3_fake_node/include//turtlebot3_fake_node
[10.234s] -- Installing: /home/mpcmeulensteen/blackboard_ws/install/turtlebot3_fake_node/include//turtlebot3_fake_node/turtlebot3_fake_node.hpp
[10.234s] -- Installing: /home/mpcmeulensteen/blackboard_ws/install/turtlebot3_fake_node/share/ament_index/resource_index/package_run_dependencies/turtlebot3_fake_node
[10.234s] -- Installing: /home/mpcmeulensteen/blackboard_ws/install/turtlebot3_fake_node/share/ament_index/resource_index/parent_prefix_path/turtlebot3_fake_node
[10.235s] -- Installing: /home/mpcmeulensteen/blackboard_ws/install/turtlebot3_fake_node/share/turtlebot3_fake_node/environment/ament_prefix_path.sh
[10.235s] -- Installing: /home/mpcmeulensteen/blackboard_ws/install/turtlebot3_fake_node/share/turtlebot3_fake_node/environment/ament_prefix_path.dsv
[10.235s] -- Installing: /home/mpcmeulensteen/blackboard_ws/install/turtlebot3_fake_node/share/turtlebot3_fake_node/environment/path.sh
[10.236s] -- Installing: /home/mpcmeulensteen/blackboard_ws/install/turtlebot3_fake_node/share/turtlebot3_fake_node/environment/path.dsv
[10.236s] -- Installing: /home/mpcmeulensteen/blackboard_ws/install/turtlebot3_fake_node/share/turtlebot3_fake_node/local_setup.bash
[10.236s] -- Installing: /home/mpcmeulensteen/blackboard_ws/install/turtlebot3_fake_node/share/turtlebot3_fake_node/local_setup.sh
[10.236s] -- Installing: /home/mpcmeulensteen/blackboard_ws/install/turtlebot3_fake_node/share/turtlebot3_fake_node/local_setup.zsh
[10.237s] -- Installing: /home/mpcmeulensteen/blackboard_ws/install/turtlebot3_fake_node/share/turtlebot3_fake_node/local_setup.dsv
[10.237s] -- Installing: /home/mpcmeulensteen/blackboard_ws/install/turtlebot3_fake_node/share/turtlebot3_fake_node/package.dsv
[10.237s] -- Installing: /home/mpcmeulensteen/blackboard_ws/install/turtlebot3_fake_node/share/ament_index/resource_index/packages/turtlebot3_fake_node
[10.237s] -- Installing: /home/mpcmeulensteen/blackboard_ws/install/turtlebot3_fake_node/share/turtlebot3_fake_node/cmake/ament_cmake_export_include_directories-extras.cmake
[10.238s] -- Installing: /home/mpcmeulensteen/blackboard_ws/install/turtlebot3_fake_node/share/turtlebot3_fake_node/cmake/ament_cmake_export_dependencies-extras.cmake
[10.238s] -- Installing: /home/mpcmeulensteen/blackboard_ws/install/turtlebot3_fake_node/share/turtlebot3_fake_node/cmake/turtlebot3_fake_nodeConfig.cmake
[10.238s] -- Installing: /home/mpcmeulensteen/blackboard_ws/install/turtlebot3_fake_node/share/turtlebot3_fake_node/cmake/turtlebot3_fake_nodeConfig-version.cmake
[10.238s] -- Installing: /home/mpcmeulensteen/blackboard_ws/install/turtlebot3_fake_node/share/turtlebot3_fake_node/package.xml
[10.242s] Invoked command in '/home/mpcmeulensteen/blackboard_ws/build/turtlebot3_fake_node' returned '0': AMENT_PREFIX_PATH=/home/mpcmeulensteen/blackboard_ws/install/turtlebot3_msgs:${AMENT_PREFIX_PATH} CMAKE_PREFIX_PATH=/home/mpcmeulensteen/blackboard_ws/install/turtlebot3_msgs:/home/mpcmeulensteen/turtlebot3_ws/install/turtlebot3:/home/mpcmeulensteen/turtlebot3_ws/install/turtlebot3_simulations:/home/mpcmeulensteen/turtlebot3_ws/install/turtlebot3_bringup:/home/mpcmeulensteen/turtlebot3_ws/install/turtlebot3_node:/home/mpcmeulensteen/turtlebot3_ws/install/turtlebot3_navigation2:/home/mpcmeulensteen/turtlebot3_ws/install/turtlebot3_fake_node:/home/mpcmeulensteen/turtlebot3_ws/install/turtlebot3_msgs:/home/mpcmeulensteen/turtlebot3_ws/install/turtlebot3_gazebo:/home/mpcmeulensteen/turtlebot3_ws/install/turtlebot3_description:/home/mpcmeulensteen/turtlebot3_ws/install/turtlebot3_cartographer:/home/mpcmeulensteen/turtlebot3_ws/install/hls_lfcd_lds_driver:/home/mpcmeulensteen/turtlebot3_ws/install/dynamixel_sdk_examples:/home/mpcmeulensteen/turtlebot3_ws/install/dynamixel_sdk_custom_interfaces:/home/mpcmeulensteen/turtlebot3_ws/install/dynamixel_sdk:/home/mpcmeulensteen/colcon_ws/install/turtlebot3:/home/mpcmeulensteen/colcon_ws/install/turtlebot3_simulations:/home/mpcmeulensteen/colcon_ws/install/turtlebot3_bringup:/home/mpcmeulensteen/colcon_ws/install/turtlebot3_node:/home/mpcmeulensteen/colcon_ws/install/turtlebot3_navigation2:/home/mpcmeulensteen/colcon_ws/install/turtlebot3_fake_node:/home/mpcmeulensteen/colcon_ws/install/turtlebot3_msgs:/home/mpcmeulensteen/colcon_ws/install/turtlebot3_gazebo:/home/mpcmeulensteen/colcon_ws/install/turtlebot3_description:/home/mpcmeulensteen/colcon_ws/install/turtlebot3_cartographer:/home/mpcmeulensteen/colcon_ws/install/robot1:/home/mpcmeulensteen/colcon_ws/install/navigation_cartographer:/home/mpcmeulensteen/colcon_ws/install/navigation:/home/mpcmeulensteen/colcon_ws/install/navigate_robot_pkg:/home/mpcmeulensteen/colcon_ws/install/hls_lfcd_lds_driver:/home/mpcmeulensteen/colcon_ws/install/dynamixel_sdk_examples:/home/mpcmeulensteen/colcon_ws/install/dynamixel_sdk_custom_interfaces:/home/mpcmeulensteen/colcon_ws/install/dynamixel_sdk:/home/mpcmeulensteen/colcon_ws/install/blackboard:/home/mpcmeulensteen/colcon_ws/install/bbinstance:/home/mpcmeulensteen/turtlebot3_ws/install/turtlebot3_teleop:/home/mpcmeulensteen/turtlebot3_ws/install/turtlebot3_example:/home/mpcmeulensteen/colcon_ws/install/turtlebot3_teleop:/home/mpcmeulensteen/colcon_ws/install/turtlebot3_example:/opt/ros/foxy LD_LIBRARY_PATH=/home/mpcmeulensteen/blackboard_ws/install/turtlebot3_msgs/lib:${LD_LIBRARY_PATH} PYTHONPATH=/home/mpcmeulensteen/blackboard_ws/install/turtlebot3_msgs/lib/python3.8/site-packages:${PYTHONPATH} /usr/bin/cmake --install /home/mpcmeulensteen/blackboard_ws/build/turtlebot3_fake_node
