[0.355s] Invoking command in '/home/mpcmeulensteen/blackboard_ws/src/navigation': PYTHONPATH=/home/mpcmeulensteen/blackboard_ws/install/navigation/lib/python3.8/site-packages:${PYTHONPATH} /usr/bin/python3 setup.py egg_info --egg-base ../../build/navigation build --build-base /home/mpcmeulensteen/blackboard_ws/build/navigation/build install --prefix /home/mpcmeulensteen/blackboard_ws/install/navigation --record /home/mpcmeulensteen/blackboard_ws/build/navigation/install.log --single-version-externally-managed
[0.781s] running egg_info
[0.783s] writing ../../build/navigation/navigation.egg-info/PKG-INFO
[0.784s] writing dependency_links to ../../build/navigation/navigation.egg-info/dependency_links.txt
[0.785s] writing entry points to ../../build/navigation/navigation.egg-info/entry_points.txt
[0.785s] writing requirements to ../../build/navigation/navigation.egg-info/requires.txt
[0.786s] writing top-level names to ../../build/navigation/navigation.egg-info/top_level.txt
[0.832s] reading manifest file '../../build/navigation/navigation.egg-info/SOURCES.txt'
[0.833s] writing manifest file '../../build/navigation/navigation.egg-info/SOURCES.txt'
[0.834s] running build
[0.834s] running build_py
[0.834s] running install
[0.835s] running install_lib
[0.839s] running install_data
[0.840s] running install_egg_info
[0.842s] removing '/home/mpcmeulensteen/blackboard_ws/install/navigation/lib/python3.8/site-packages/navigation-0.0.0-py3.8.egg-info' (and everything under it)
[0.846s] Copying ../../build/navigation/navigation.egg-info to /home/mpcmeulensteen/blackboard_ws/install/navigation/lib/python3.8/site-packages/navigation-0.0.0-py3.8.egg-info
[0.849s] running install_scripts
[0.875s] writing list of installed files to '/home/mpcmeulensteen/blackboard_ws/build/navigation/install.log'
[0.926s] Invoked command in '/home/mpcmeulensteen/blackboard_ws/src/navigation' returned '0': PYTHONPATH=/home/mpcmeulensteen/blackboard_ws/install/navigation/lib/python3.8/site-packages:${PYTHONPATH} /usr/bin/python3 setup.py egg_info --egg-base ../../build/navigation build --build-base /home/mpcmeulensteen/blackboard_ws/build/navigation/build install --prefix /home/mpcmeulensteen/blackboard_ws/install/navigation --record /home/mpcmeulensteen/blackboard_ws/build/navigation/install.log --single-version-externally-managed
