[0.288s] Invoking command in '/home/mpcmeulensteen/blackboard_ws/src/blackboard': PYTHONPATH=/home/mpcmeulensteen/blackboard_ws/install/blackboard/lib/python3.8/site-packages:${PYTHONPATH} /usr/bin/python3 setup.py egg_info --egg-base ../../build/blackboard build --build-base /home/mpcmeulensteen/blackboard_ws/build/blackboard/build install --prefix /home/mpcmeulensteen/blackboard_ws/install/blackboard --record /home/mpcmeulensteen/blackboard_ws/build/blackboard/install.log --single-version-externally-managed
[0.538s] running egg_info
[0.538s] writing ../../build/blackboard/blackboard.egg-info/PKG-INFO
[0.538s] writing dependency_links to ../../build/blackboard/blackboard.egg-info/dependency_links.txt
[0.538s] writing entry points to ../../build/blackboard/blackboard.egg-info/entry_points.txt
[0.539s] writing requirements to ../../build/blackboard/blackboard.egg-info/requires.txt
[0.539s] writing top-level names to ../../build/blackboard/blackboard.egg-info/top_level.txt
[0.580s] reading manifest file '../../build/blackboard/blackboard.egg-info/SOURCES.txt'
[0.580s] writing manifest file '../../build/blackboard/blackboard.egg-info/SOURCES.txt'
[0.580s] running build
[0.581s] running build_py
[0.581s] running install
[0.581s] running install_lib
[0.583s] running install_data
[0.584s] running install_egg_info
[0.585s] removing '/home/mpcmeulensteen/blackboard_ws/install/blackboard/lib/python3.8/site-packages/blackboard-0.0.0-py3.8.egg-info' (and everything under it)
[0.586s] Copying ../../build/blackboard/blackboard.egg-info to /home/mpcmeulensteen/blackboard_ws/install/blackboard/lib/python3.8/site-packages/blackboard-0.0.0-py3.8.egg-info
[0.587s] running install_scripts
[0.609s] writing list of installed files to '/home/mpcmeulensteen/blackboard_ws/build/blackboard/install.log'
[0.646s] Invoked command in '/home/mpcmeulensteen/blackboard_ws/src/blackboard' returned '0': PYTHONPATH=/home/mpcmeulensteen/blackboard_ws/install/blackboard/lib/python3.8/site-packages:${PYTHONPATH} /usr/bin/python3 setup.py egg_info --egg-base ../../build/blackboard build --build-base /home/mpcmeulensteen/blackboard_ws/build/blackboard/build install --prefix /home/mpcmeulensteen/blackboard_ws/install/blackboard --record /home/mpcmeulensteen/blackboard_ws/build/blackboard/install.log --single-version-externally-managed
