[0.595s] Invoking command in '/home/mpcmeulensteen/blackboard_ws/src/ros2_bbinstance': PYTHONPATH=/home/mpcmeulensteen/blackboard_ws/install/ros2_bbinstance/lib/python3.8/site-packages:${PYTHONPATH} /usr/bin/python3 setup.py egg_info --egg-base ../../build/ros2_bbinstance build --build-base /home/mpcmeulensteen/blackboard_ws/build/ros2_bbinstance/build install --prefix /home/mpcmeulensteen/blackboard_ws/install/ros2_bbinstance --record /home/mpcmeulensteen/blackboard_ws/build/ros2_bbinstance/install.log --single-version-externally-managed
[1.200s] running egg_info
[1.201s] writing ../../build/ros2_bbinstance/ros2_bbinstance.egg-info/PKG-INFO
[1.204s] writing dependency_links to ../../build/ros2_bbinstance/ros2_bbinstance.egg-info/dependency_links.txt
[1.208s] writing entry points to ../../build/ros2_bbinstance/ros2_bbinstance.egg-info/entry_points.txt
[1.209s] writing requirements to ../../build/ros2_bbinstance/ros2_bbinstance.egg-info/requires.txt
[1.209s] writing top-level names to ../../build/ros2_bbinstance/ros2_bbinstance.egg-info/top_level.txt
[1.256s] reading manifest file '../../build/ros2_bbinstance/ros2_bbinstance.egg-info/SOURCES.txt'
[1.257s] writing manifest file '../../build/ros2_bbinstance/ros2_bbinstance.egg-info/SOURCES.txt'
[1.257s] running build
[1.257s] running build_py
[1.257s] copying ros2_bbinstance/taskview.py -> /home/mpcmeulensteen/blackboard_ws/build/ros2_bbinstance/build/lib/ros2_bbinstance
[1.257s] running install
[1.257s] running install_lib
[1.257s] copying /home/mpcmeulensteen/blackboard_ws/build/ros2_bbinstance/build/lib/ros2_bbinstance/taskview.py -> /home/mpcmeulensteen/blackboard_ws/install/ros2_bbinstance/lib/python3.8/site-packages/ros2_bbinstance
[1.257s] byte-compiling /home/mpcmeulensteen/blackboard_ws/install/ros2_bbinstance/lib/python3.8/site-packages/ros2_bbinstance/taskview.py to taskview.cpython-38.pyc
[1.258s] running install_data
[1.258s] running install_egg_info
[1.259s] removing '/home/mpcmeulensteen/blackboard_ws/install/ros2_bbinstance/lib/python3.8/site-packages/ros2_bbinstance-0.0.0-py3.8.egg-info' (and everything under it)
[1.264s] Copying ../../build/ros2_bbinstance/ros2_bbinstance.egg-info to /home/mpcmeulensteen/blackboard_ws/install/ros2_bbinstance/lib/python3.8/site-packages/ros2_bbinstance-0.0.0-py3.8.egg-info
[1.270s] running install_scripts
[1.304s] Installing blackboardinstance script to /home/mpcmeulensteen/blackboard_ws/install/ros2_bbinstance/lib/ros2_bbinstance
[1.305s] Installing gui script to /home/mpcmeulensteen/blackboard_ws/install/ros2_bbinstance/lib/ros2_bbinstance
[1.305s] Installing robotInstance script to /home/mpcmeulensteen/blackboard_ws/install/ros2_bbinstance/lib/ros2_bbinstance
[1.305s] Installing taskview script to /home/mpcmeulensteen/blackboard_ws/install/ros2_bbinstance/lib/ros2_bbinstance
[1.305s] writing list of installed files to '/home/mpcmeulensteen/blackboard_ws/build/ros2_bbinstance/install.log'
[1.345s] Invoked command in '/home/mpcmeulensteen/blackboard_ws/src/ros2_bbinstance' returned '0': PYTHONPATH=/home/mpcmeulensteen/blackboard_ws/install/ros2_bbinstance/lib/python3.8/site-packages:${PYTHONPATH} /usr/bin/python3 setup.py egg_info --egg-base ../../build/ros2_bbinstance build --build-base /home/mpcmeulensteen/blackboard_ws/build/ros2_bbinstance/build install --prefix /home/mpcmeulensteen/blackboard_ws/install/ros2_bbinstance --record /home/mpcmeulensteen/blackboard_ws/build/ros2_bbinstance/install.log --single-version-externally-managed
