running egg_info
writing ../../build/ros2_blackboard/ros2_blackboard.egg-info/PKG-INFO
writing dependency_links to ../../build/ros2_blackboard/ros2_blackboard.egg-info/dependency_links.txt
writing entry points to ../../build/ros2_blackboard/ros2_blackboard.egg-info/entry_points.txt
writing requirements to ../../build/ros2_blackboard/ros2_blackboard.egg-info/requires.txt
writing top-level names to ../../build/ros2_blackboard/ros2_blackboard.egg-info/top_level.txt
reading manifest file '../../build/ros2_blackboard/ros2_blackboard.egg-info/SOURCES.txt'
writing manifest file '../../build/ros2_blackboard/ros2_blackboard.egg-info/SOURCES.txt'
running build
running build_py
copying ros2_blackboard/Blackboard.py -> /home/mpcmeulensteen/blackboard_ws/build/ros2_blackboard/build/lib/ros2_blackboard
copying ros2_blackboard/RosCommunication.py -> /home/mpcmeulensteen/blackboard_ws/build/ros2_blackboard/build/lib/ros2_blackboard
running install
running install_lib
copying /home/mpcmeulensteen/blackboard_ws/build/ros2_blackboard/build/lib/ros2_blackboard/Blackboard.py -> /home/mpcmeulensteen/blackboard_ws/install/ros2_blackboard/lib/python3.8/site-packages/ros2_blackboard
copying /home/mpcmeulensteen/blackboard_ws/build/ros2_blackboard/build/lib/ros2_blackboard/RosCommunication.py -> /home/mpcmeulensteen/blackboard_ws/install/ros2_blackboard/lib/python3.8/site-packages/ros2_blackboard
byte-compiling /home/mpcmeulensteen/blackboard_ws/install/ros2_blackboard/lib/python3.8/site-packages/ros2_blackboard/Blackboard.py to Blackboard.cpython-38.pyc
byte-compiling /home/mpcmeulensteen/blackboard_ws/install/ros2_blackboard/lib/python3.8/site-packages/ros2_blackboard/RosCommunication.py to RosCommunication.cpython-38.pyc
running install_data
running install_egg_info
removing '/home/mpcmeulensteen/blackboard_ws/install/ros2_blackboard/lib/python3.8/site-packages/ros2_blackboard-0.0.0-py3.8.egg-info' (and everything under it)
Copying ../../build/ros2_blackboard/ros2_blackboard.egg-info to /home/mpcmeulensteen/blackboard_ws/install/ros2_blackboard/lib/python3.8/site-packages/ros2_blackboard-0.0.0-py3.8.egg-info
running install_scripts
Installing RosCommunication script to /home/mpcmeulensteen/blackboard_ws/install/ros2_blackboard/lib/ros2_blackboard
Installing testMain script to /home/mpcmeulensteen/blackboard_ws/install/ros2_blackboard/lib/ros2_blackboard
writing list of installed files to '/home/mpcmeulensteen/blackboard_ws/build/ros2_blackboard/install.log'
