[0.029s] Invoking command in '/home/mpcmeulensteen/blackboard_ws/build/dynamixel_sdk_custom_interfaces': CMAKE_PREFIX_PATH=${CMAKE_PREFIX_PATH}:/home/mpcmeulensteen/turtlebot3_ws/install/turtlebot3_teleop:/home/mpcmeulensteen/turtlebot3_ws/install/turtlebot3_example:/home/mpcmeulensteen/colcon_ws/install/turtlebot3_teleop:/home/mpcmeulensteen/colcon_ws/install/turtlebot3_example:/opt/ros/foxy /usr/bin/cmake --build /home/mpcmeulensteen/blackboard_ws/build/dynamixel_sdk_custom_interfaces -- -j2 -l2
[0.119s] [  2%] Built target dynamixel_sdk_custom_interfaces__cpp
[0.138s] [ 12%] Built target dynamixel_sdk_custom_interfaces__rosidl_generator_c
[0.200s] [ 23%] Built target dynamixel_sdk_custom_interfaces__rosidl_typesupport_cpp
[0.212s] [ 33%] Built target dynamixel_sdk_custom_interfaces__rosidl_typesupport_fastrtps_cpp
[0.277s] [ 43%] Built target dynamixel_sdk_custom_interfaces__rosidl_typesupport_introspection_c
[0.294s] [ 53%] Built target dynamixel_sdk_custom_interfaces__rosidl_typesupport_introspection_cpp
[0.369s] [ 64%] Built target dynamixel_sdk_custom_interfaces__rosidl_typesupport_fastrtps_c
[0.386s] [ 74%] Built target dynamixel_sdk_custom_interfaces__rosidl_typesupport_c
[0.424s] [ 74%] Built target dynamixel_sdk_custom_interfaces
[0.476s] [ 76%] Built target dynamixel_sdk_custom_interfaces__py
[0.544s] [ 84%] Built target dynamixel_sdk_custom_interfaces__python
[0.594s] [ 89%] Built target dynamixel_sdk_custom_interfaces__rosidl_typesupport_c__pyext
[0.606s] [ 94%] Built target dynamixel_sdk_custom_interfaces__rosidl_typesupport_introspection_c__pyext
[0.661s] [100%] Built target dynamixel_sdk_custom_interfaces__rosidl_typesupport_fastrtps_c__pyext
[0.690s] Invoked command in '/home/mpcmeulensteen/blackboard_ws/build/dynamixel_sdk_custom_interfaces' returned '0': CMAKE_PREFIX_PATH=${CMAKE_PREFIX_PATH}:/home/mpcmeulensteen/turtlebot3_ws/install/turtlebot3_teleop:/home/mpcmeulensteen/turtlebot3_ws/install/turtlebot3_example:/home/mpcmeulensteen/colcon_ws/install/turtlebot3_teleop:/home/mpcmeulensteen/colcon_ws/install/turtlebot3_example:/opt/ros/foxy /usr/bin/cmake --build /home/mpcmeulensteen/blackboard_ws/build/dynamixel_sdk_custom_interfaces -- -j2 -l2
[0.995s] Invoking command in '/home/mpcmeulensteen/blackboard_ws/build/dynamixel_sdk_custom_interfaces': CMAKE_PREFIX_PATH=${CMAKE_PREFIX_PATH}:/home/mpcmeulensteen/turtlebot3_ws/install/turtlebot3_teleop:/home/mpcmeulensteen/turtlebot3_ws/install/turtlebot3_example:/home/mpcmeulensteen/colcon_ws/install/turtlebot3_teleop:/home/mpcmeulensteen/colcon_ws/install/turtlebot3_example:/opt/ros/foxy /usr/bin/cmake --install /home/mpcmeulensteen/blackboard_ws/build/dynamixel_sdk_custom_interfaces
[1.022s] -- Install configuration: ""
[1.022s] -- Up-to-date: /home/mpcmeulensteen/blackboard_ws/install/dynamixel_sdk_custom_interfaces/share/ament_index/resource_index/rosidl_interfaces/dynamixel_sdk_custom_interfaces
[1.022s] -- Up-to-date: /home/mpcmeulensteen/blackboard_ws/install/dynamixel_sdk_custom_interfaces/include/dynamixel_sdk_custom_interfaces
[1.022s] -- Up-to-date: /home/mpcmeulensteen/blackboard_ws/install/dynamixel_sdk_custom_interfaces/include/dynamixel_sdk_custom_interfaces/srv
[1.022s] -- Up-to-date: /home/mpcmeulensteen/blackboard_ws/install/dynamixel_sdk_custom_interfaces/include/dynamixel_sdk_custom_interfaces/srv/detail
[1.022s] -- Up-to-date: /home/mpcmeulensteen/blackboard_ws/install/dynamixel_sdk_custom_interfaces/include/dynamixel_sdk_custom_interfaces/srv/detail/get_position__functions.c
[1.022s] -- Up-to-date: /home/mpcmeulensteen/blackboard_ws/install/dynamixel_sdk_custom_interfaces/include/dynamixel_sdk_custom_interfaces/srv/detail/get_position__functions.h
[1.022s] -- Up-to-date: /home/mpcmeulensteen/blackboard_ws/install/dynamixel_sdk_custom_interfaces/include/dynamixel_sdk_custom_interfaces/srv/detail/get_position__type_support.h
[1.022s] -- Up-to-date: /home/mpcmeulensteen/blackboard_ws/install/dynamixel_sdk_custom_interfaces/include/dynamixel_sdk_custom_interfaces/srv/detail/get_position__struct.h
[1.022s] -- Up-to-date: /home/mpcmeulensteen/blackboard_ws/install/dynamixel_sdk_custom_interfaces/include/dynamixel_sdk_custom_interfaces/srv/get_position.h
[1.022s] -- Up-to-date: /home/mpcmeulensteen/blackboard_ws/install/dynamixel_sdk_custom_interfaces/include/dynamixel_sdk_custom_interfaces/msg
[1.022s] -- Up-to-date: /home/mpcmeulensteen/blackboard_ws/install/dynamixel_sdk_custom_interfaces/include/dynamixel_sdk_custom_interfaces/msg/detail
[1.022s] -- Up-to-date: /home/mpcmeulensteen/blackboard_ws/install/dynamixel_sdk_custom_interfaces/include/dynamixel_sdk_custom_interfaces/msg/detail/set_position__struct.h
[1.022s] -- Up-to-date: /home/mpcmeulensteen/blackboard_ws/install/dynamixel_sdk_custom_interfaces/include/dynamixel_sdk_custom_interfaces/msg/detail/set_position__functions.c
[1.023s] -- Up-to-date: /home/mpcmeulensteen/blackboard_ws/install/dynamixel_sdk_custom_interfaces/include/dynamixel_sdk_custom_interfaces/msg/detail/set_position__functions.h
[1.023s] -- Up-to-date: /home/mpcmeulensteen/blackboard_ws/install/dynamixel_sdk_custom_interfaces/include/dynamixel_sdk_custom_interfaces/msg/detail/set_position__type_support.h
[1.023s] -- Up-to-date: /home/mpcmeulensteen/blackboard_ws/install/dynamixel_sdk_custom_interfaces/include/dynamixel_sdk_custom_interfaces/msg/set_position.h
[1.023s] -- Up-to-date: /home/mpcmeulensteen/blackboard_ws/install/dynamixel_sdk_custom_interfaces/include/dynamixel_sdk_custom_interfaces/msg/rosidl_generator_c__visibility_control.h
[1.023s] -- Up-to-date: /home/mpcmeulensteen/blackboard_ws/install/dynamixel_sdk_custom_interfaces/share/dynamixel_sdk_custom_interfaces/environment/library_path.sh
[1.023s] -- Up-to-date: /home/mpcmeulensteen/blackboard_ws/install/dynamixel_sdk_custom_interfaces/share/dynamixel_sdk_custom_interfaces/environment/library_path.dsv
[1.023s] -- Up-to-date: /home/mpcmeulensteen/blackboard_ws/install/dynamixel_sdk_custom_interfaces/lib/libdynamixel_sdk_custom_interfaces__rosidl_generator_c.so
[1.023s] -- Up-to-date: /home/mpcmeulensteen/blackboard_ws/install/dynamixel_sdk_custom_interfaces/include/dynamixel_sdk_custom_interfaces
[1.023s] -- Up-to-date: /home/mpcmeulensteen/blackboard_ws/install/dynamixel_sdk_custom_interfaces/include/dynamixel_sdk_custom_interfaces/srv
[1.023s] -- Up-to-date: /home/mpcmeulensteen/blackboard_ws/install/dynamixel_sdk_custom_interfaces/include/dynamixel_sdk_custom_interfaces/srv/detail
[1.023s] -- Up-to-date: /home/mpcmeulensteen/blackboard_ws/install/dynamixel_sdk_custom_interfaces/include/dynamixel_sdk_custom_interfaces/srv/detail/get_position__rosidl_typesupport_fastrtps_c.h
[1.023s] -- Up-to-date: /home/mpcmeulensteen/blackboard_ws/install/dynamixel_sdk_custom_interfaces/include/dynamixel_sdk_custom_interfaces/msg
[1.023s] -- Up-to-date: /home/mpcmeulensteen/blackboard_ws/install/dynamixel_sdk_custom_interfaces/include/dynamixel_sdk_custom_interfaces/msg/detail
[1.026s] -- Up-to-date: /home/mpcmeulensteen/blackboard_ws/install/dynamixel_sdk_custom_interfaces/include/dynamixel_sdk_custom_interfaces/msg/detail/set_position__rosidl_typesupport_fastrtps_c.h
[1.026s] -- Up-to-date: /home/mpcmeulensteen/blackboard_ws/install/dynamixel_sdk_custom_interfaces/include/dynamixel_sdk_custom_interfaces/msg/rosidl_typesupport_fastrtps_c__visibility_control.h
[1.026s] -- Up-to-date: /home/mpcmeulensteen/blackboard_ws/install/dynamixel_sdk_custom_interfaces/lib/libdynamixel_sdk_custom_interfaces__rosidl_typesupport_fastrtps_c.so
[1.026s] -- Up-to-date: /home/mpcmeulensteen/blackboard_ws/install/dynamixel_sdk_custom_interfaces/include/dynamixel_sdk_custom_interfaces
[1.026s] -- Up-to-date: /home/mpcmeulensteen/blackboard_ws/install/dynamixel_sdk_custom_interfaces/include/dynamixel_sdk_custom_interfaces/srv
[1.026s] -- Up-to-date: /home/mpcmeulensteen/blackboard_ws/install/dynamixel_sdk_custom_interfaces/include/dynamixel_sdk_custom_interfaces/srv/detail
[1.026s] -- Up-to-date: /home/mpcmeulensteen/blackboard_ws/install/dynamixel_sdk_custom_interfaces/include/dynamixel_sdk_custom_interfaces/srv/detail/dds_fastrtps
[1.026s] -- Up-to-date: /home/mpcmeulensteen/blackboard_ws/install/dynamixel_sdk_custom_interfaces/include/dynamixel_sdk_custom_interfaces/srv/detail/get_position__rosidl_typesupport_fastrtps_cpp.hpp
[1.027s] -- Up-to-date: /home/mpcmeulensteen/blackboard_ws/install/dynamixel_sdk_custom_interfaces/include/dynamixel_sdk_custom_interfaces/msg
[1.027s] -- Up-to-date: /home/mpcmeulensteen/blackboard_ws/install/dynamixel_sdk_custom_interfaces/include/dynamixel_sdk_custom_interfaces/msg/detail
[1.027s] -- Up-to-date: /home/mpcmeulensteen/blackboard_ws/install/dynamixel_sdk_custom_interfaces/include/dynamixel_sdk_custom_interfaces/msg/detail/set_position__rosidl_typesupport_fastrtps_cpp.hpp
[1.028s] -- Up-to-date: /home/mpcmeulensteen/blackboard_ws/install/dynamixel_sdk_custom_interfaces/include/dynamixel_sdk_custom_interfaces/msg/detail/dds_fastrtps
[1.028s] -- Up-to-date: /home/mpcmeulensteen/blackboard_ws/install/dynamixel_sdk_custom_interfaces/include/dynamixel_sdk_custom_interfaces/msg/rosidl_typesupport_fastrtps_cpp__visibility_control.h
[1.028s] -- Up-to-date: /home/mpcmeulensteen/blackboard_ws/install/dynamixel_sdk_custom_interfaces/lib/libdynamixel_sdk_custom_interfaces__rosidl_typesupport_fastrtps_cpp.so
[1.029s] -- Up-to-date: /home/mpcmeulensteen/blackboard_ws/install/dynamixel_sdk_custom_interfaces/include/dynamixel_sdk_custom_interfaces
[1.029s] -- Up-to-date: /home/mpcmeulensteen/blackboard_ws/install/dynamixel_sdk_custom_interfaces/include/dynamixel_sdk_custom_interfaces/srv
[1.030s] -- Up-to-date: /home/mpcmeulensteen/blackboard_ws/install/dynamixel_sdk_custom_interfaces/include/dynamixel_sdk_custom_interfaces/srv/detail
[1.030s] -- Up-to-date: /home/mpcmeulensteen/blackboard_ws/install/dynamixel_sdk_custom_interfaces/include/dynamixel_sdk_custom_interfaces/srv/detail/get_position__rosidl_typesupport_introspection_c.h
[1.030s] -- Up-to-date: /home/mpcmeulensteen/blackboard_ws/install/dynamixel_sdk_custom_interfaces/include/dynamixel_sdk_custom_interfaces/srv/detail/get_position__type_support.c
[1.030s] -- Up-to-date: /home/mpcmeulensteen/blackboard_ws/install/dynamixel_sdk_custom_interfaces/include/dynamixel_sdk_custom_interfaces/msg
[1.030s] -- Up-to-date: /home/mpcmeulensteen/blackboard_ws/install/dynamixel_sdk_custom_interfaces/include/dynamixel_sdk_custom_interfaces/msg/detail
[1.030s] -- Up-to-date: /home/mpcmeulensteen/blackboard_ws/install/dynamixel_sdk_custom_interfaces/include/dynamixel_sdk_custom_interfaces/msg/detail/set_position__type_support.c
[1.030s] -- Up-to-date: /home/mpcmeulensteen/blackboard_ws/install/dynamixel_sdk_custom_interfaces/include/dynamixel_sdk_custom_interfaces/msg/detail/set_position__rosidl_typesupport_introspection_c.h
[1.030s] -- Up-to-date: /home/mpcmeulensteen/blackboard_ws/install/dynamixel_sdk_custom_interfaces/include/dynamixel_sdk_custom_interfaces/msg/rosidl_typesupport_introspection_c__visibility_control.h
[1.030s] -- Up-to-date: /home/mpcmeulensteen/blackboard_ws/install/dynamixel_sdk_custom_interfaces/lib/libdynamixel_sdk_custom_interfaces__rosidl_typesupport_introspection_c.so
[1.033s] -- Up-to-date: /home/mpcmeulensteen/blackboard_ws/install/dynamixel_sdk_custom_interfaces/lib/libdynamixel_sdk_custom_interfaces__rosidl_typesupport_c.so
[1.034s] -- Up-to-date: /home/mpcmeulensteen/blackboard_ws/install/dynamixel_sdk_custom_interfaces/include/dynamixel_sdk_custom_interfaces
[1.034s] -- Up-to-date: /home/mpcmeulensteen/blackboard_ws/install/dynamixel_sdk_custom_interfaces/include/dynamixel_sdk_custom_interfaces/srv
[1.034s] -- Up-to-date: /home/mpcmeulensteen/blackboard_ws/install/dynamixel_sdk_custom_interfaces/include/dynamixel_sdk_custom_interfaces/srv/get_position.hpp
[1.034s] -- Up-to-date: /home/mpcmeulensteen/blackboard_ws/install/dynamixel_sdk_custom_interfaces/include/dynamixel_sdk_custom_interfaces/srv/detail
[1.034s] -- Up-to-date: /home/mpcmeulensteen/blackboard_ws/install/dynamixel_sdk_custom_interfaces/include/dynamixel_sdk_custom_interfaces/srv/detail/get_position__struct.hpp
[1.034s] -- Up-to-date: /home/mpcmeulensteen/blackboard_ws/install/dynamixel_sdk_custom_interfaces/include/dynamixel_sdk_custom_interfaces/srv/detail/get_position__builder.hpp
[1.034s] -- Up-to-date: /home/mpcmeulensteen/blackboard_ws/install/dynamixel_sdk_custom_interfaces/include/dynamixel_sdk_custom_interfaces/srv/detail/get_position__traits.hpp
[1.034s] -- Up-to-date: /home/mpcmeulensteen/blackboard_ws/install/dynamixel_sdk_custom_interfaces/include/dynamixel_sdk_custom_interfaces/msg
[1.034s] -- Up-to-date: /home/mpcmeulensteen/blackboard_ws/install/dynamixel_sdk_custom_interfaces/include/dynamixel_sdk_custom_interfaces/msg/detail
[1.034s] -- Up-to-date: /home/mpcmeulensteen/blackboard_ws/install/dynamixel_sdk_custom_interfaces/include/dynamixel_sdk_custom_interfaces/msg/detail/set_position__traits.hpp
[1.034s] -- Up-to-date: /home/mpcmeulensteen/blackboard_ws/install/dynamixel_sdk_custom_interfaces/include/dynamixel_sdk_custom_interfaces/msg/detail/set_position__struct.hpp
[1.035s] -- Up-to-date: /home/mpcmeulensteen/blackboard_ws/install/dynamixel_sdk_custom_interfaces/include/dynamixel_sdk_custom_interfaces/msg/detail/set_position__builder.hpp
[1.035s] -- Up-to-date: /home/mpcmeulensteen/blackboard_ws/install/dynamixel_sdk_custom_interfaces/include/dynamixel_sdk_custom_interfaces/msg/set_position.hpp
[1.035s] -- Up-to-date: /home/mpcmeulensteen/blackboard_ws/install/dynamixel_sdk_custom_interfaces/include/dynamixel_sdk_custom_interfaces
[1.035s] -- Up-to-date: /home/mpcmeulensteen/blackboard_ws/install/dynamixel_sdk_custom_interfaces/include/dynamixel_sdk_custom_interfaces/srv
[1.035s] -- Up-to-date: /home/mpcmeulensteen/blackboard_ws/install/dynamixel_sdk_custom_interfaces/include/dynamixel_sdk_custom_interfaces/srv/detail
[1.035s] -- Up-to-date: /home/mpcmeulensteen/blackboard_ws/install/dynamixel_sdk_custom_interfaces/include/dynamixel_sdk_custom_interfaces/srv/detail/get_position__rosidl_typesupport_introspection_cpp.hpp
[1.035s] -- Up-to-date: /home/mpcmeulensteen/blackboard_ws/install/dynamixel_sdk_custom_interfaces/include/dynamixel_sdk_custom_interfaces/srv/detail/get_position__type_support.cpp
[1.035s] -- Up-to-date: /home/mpcmeulensteen/blackboard_ws/install/dynamixel_sdk_custom_interfaces/include/dynamixel_sdk_custom_interfaces/msg
[1.035s] -- Up-to-date: /home/mpcmeulensteen/blackboard_ws/install/dynamixel_sdk_custom_interfaces/include/dynamixel_sdk_custom_interfaces/msg/detail
[1.035s] -- Up-to-date: /home/mpcmeulensteen/blackboard_ws/install/dynamixel_sdk_custom_interfaces/include/dynamixel_sdk_custom_interfaces/msg/detail/set_position__rosidl_typesupport_introspection_cpp.hpp
[1.036s] -- Up-to-date: /home/mpcmeulensteen/blackboard_ws/install/dynamixel_sdk_custom_interfaces/include/dynamixel_sdk_custom_interfaces/msg/detail/set_position__type_support.cpp
[1.036s] -- Up-to-date: /home/mpcmeulensteen/blackboard_ws/install/dynamixel_sdk_custom_interfaces/lib/libdynamixel_sdk_custom_interfaces__rosidl_typesupport_introspection_cpp.so
[1.038s] -- Up-to-date: /home/mpcmeulensteen/blackboard_ws/install/dynamixel_sdk_custom_interfaces/lib/libdynamixel_sdk_custom_interfaces__rosidl_typesupport_cpp.so
[1.038s] -- Up-to-date: /home/mpcmeulensteen/blackboard_ws/install/dynamixel_sdk_custom_interfaces/share/dynamixel_sdk_custom_interfaces/environment/pythonpath.sh
[1.038s] -- Up-to-date: /home/mpcmeulensteen/blackboard_ws/install/dynamixel_sdk_custom_interfaces/share/dynamixel_sdk_custom_interfaces/environment/pythonpath.dsv
[1.038s] -- Up-to-date: /home/mpcmeulensteen/blackboard_ws/install/dynamixel_sdk_custom_interfaces/lib/python3.8/site-packages/dynamixel_sdk_custom_interfaces/__init__.py
[1.139s] -- Up-to-date: /home/mpcmeulensteen/blackboard_ws/install/dynamixel_sdk_custom_interfaces/lib/python3.8/site-packages/dynamixel_sdk_custom_interfaces/msg
[1.139s] -- Up-to-date: /home/mpcmeulensteen/blackboard_ws/install/dynamixel_sdk_custom_interfaces/lib/python3.8/site-packages/dynamixel_sdk_custom_interfaces/msg/_set_position.py
[1.139s] -- Up-to-date: /home/mpcmeulensteen/blackboard_ws/install/dynamixel_sdk_custom_interfaces/lib/python3.8/site-packages/dynamixel_sdk_custom_interfaces/msg/__init__.py
[1.139s] -- Up-to-date: /home/mpcmeulensteen/blackboard_ws/install/dynamixel_sdk_custom_interfaces/lib/python3.8/site-packages/dynamixel_sdk_custom_interfaces/msg/_set_position_s.c
[1.139s] -- Up-to-date: /home/mpcmeulensteen/blackboard_ws/install/dynamixel_sdk_custom_interfaces/lib/python3.8/site-packages/dynamixel_sdk_custom_interfaces/srv
[1.140s] -- Up-to-date: /home/mpcmeulensteen/blackboard_ws/install/dynamixel_sdk_custom_interfaces/lib/python3.8/site-packages/dynamixel_sdk_custom_interfaces/srv/_get_position.py
[1.140s] -- Up-to-date: /home/mpcmeulensteen/blackboard_ws/install/dynamixel_sdk_custom_interfaces/lib/python3.8/site-packages/dynamixel_sdk_custom_interfaces/srv/_get_position_s.c
[1.140s] -- Up-to-date: /home/mpcmeulensteen/blackboard_ws/install/dynamixel_sdk_custom_interfaces/lib/python3.8/site-packages/dynamixel_sdk_custom_interfaces/srv/__init__.py
[1.140s] -- Up-to-date: /home/mpcmeulensteen/blackboard_ws/install/dynamixel_sdk_custom_interfaces/lib/python3.8/site-packages/dynamixel_sdk_custom_interfaces/dynamixel_sdk_custom_interfaces_s__rosidl_typesupport_fastrtps_c.cpython-38-x86_64-linux-gnu.so
[1.142s] -- Up-to-date: /home/mpcmeulensteen/blackboard_ws/install/dynamixel_sdk_custom_interfaces/lib/python3.8/site-packages/dynamixel_sdk_custom_interfaces/dynamixel_sdk_custom_interfaces_s__rosidl_typesupport_introspection_c.cpython-38-x86_64-linux-gnu.so
[1.142s] -- Up-to-date: /home/mpcmeulensteen/blackboard_ws/install/dynamixel_sdk_custom_interfaces/lib/python3.8/site-packages/dynamixel_sdk_custom_interfaces/dynamixel_sdk_custom_interfaces_s__rosidl_typesupport_c.cpython-38-x86_64-linux-gnu.so
[1.143s] -- Up-to-date: /home/mpcmeulensteen/blackboard_ws/install/dynamixel_sdk_custom_interfaces/lib/libdynamixel_sdk_custom_interfaces__python.so
[1.144s] -- Up-to-date: /home/mpcmeulensteen/blackboard_ws/install/dynamixel_sdk_custom_interfaces/share/dynamixel_sdk_custom_interfaces/msg/SetPosition.idl
[1.144s] -- Up-to-date: /home/mpcmeulensteen/blackboard_ws/install/dynamixel_sdk_custom_interfaces/share/dynamixel_sdk_custom_interfaces/srv/GetPosition.idl
[1.145s] -- Up-to-date: /home/mpcmeulensteen/blackboard_ws/install/dynamixel_sdk_custom_interfaces/share/dynamixel_sdk_custom_interfaces/msg/SetPosition.msg
[1.145s] -- Up-to-date: /home/mpcmeulensteen/blackboard_ws/install/dynamixel_sdk_custom_interfaces/share/dynamixel_sdk_custom_interfaces/srv/GetPosition.srv
[1.145s] -- Up-to-date: /home/mpcmeulensteen/blackboard_ws/install/dynamixel_sdk_custom_interfaces/share/dynamixel_sdk_custom_interfaces/srv/GetPosition_Request.msg
[1.145s] -- Up-to-date: /home/mpcmeulensteen/blackboard_ws/install/dynamixel_sdk_custom_interfaces/share/dynamixel_sdk_custom_interfaces/srv/GetPosition_Response.msg
[1.146s] -- Up-to-date: /home/mpcmeulensteen/blackboard_ws/install/dynamixel_sdk_custom_interfaces/share/ament_index/resource_index/package_run_dependencies/dynamixel_sdk_custom_interfaces
[1.146s] -- Up-to-date: /home/mpcmeulensteen/blackboard_ws/install/dynamixel_sdk_custom_interfaces/share/ament_index/resource_index/parent_prefix_path/dynamixel_sdk_custom_interfaces
[1.147s] -- Up-to-date: /home/mpcmeulensteen/blackboard_ws/install/dynamixel_sdk_custom_interfaces/share/dynamixel_sdk_custom_interfaces/environment/ament_prefix_path.sh
[1.147s] -- Up-to-date: /home/mpcmeulensteen/blackboard_ws/install/dynamixel_sdk_custom_interfaces/share/dynamixel_sdk_custom_interfaces/environment/ament_prefix_path.dsv
[1.147s] -- Up-to-date: /home/mpcmeulensteen/blackboard_ws/install/dynamixel_sdk_custom_interfaces/share/dynamixel_sdk_custom_interfaces/environment/path.sh
[1.147s] -- Up-to-date: /home/mpcmeulensteen/blackboard_ws/install/dynamixel_sdk_custom_interfaces/share/dynamixel_sdk_custom_interfaces/environment/path.dsv
[1.147s] -- Up-to-date: /home/mpcmeulensteen/blackboard_ws/install/dynamixel_sdk_custom_interfaces/share/dynamixel_sdk_custom_interfaces/local_setup.bash
[1.147s] -- Up-to-date: /home/mpcmeulensteen/blackboard_ws/install/dynamixel_sdk_custom_interfaces/share/dynamixel_sdk_custom_interfaces/local_setup.sh
[1.148s] -- Up-to-date: /home/mpcmeulensteen/blackboard_ws/install/dynamixel_sdk_custom_interfaces/share/dynamixel_sdk_custom_interfaces/local_setup.zsh
[1.148s] -- Up-to-date: /home/mpcmeulensteen/blackboard_ws/install/dynamixel_sdk_custom_interfaces/share/dynamixel_sdk_custom_interfaces/local_setup.dsv
[1.149s] -- Installing: /home/mpcmeulensteen/blackboard_ws/install/dynamixel_sdk_custom_interfaces/share/dynamixel_sdk_custom_interfaces/package.dsv
[1.149s] -- Up-to-date: /home/mpcmeulensteen/blackboard_ws/install/dynamixel_sdk_custom_interfaces/share/ament_index/resource_index/packages/dynamixel_sdk_custom_interfaces
[1.150s] -- Up-to-date: /home/mpcmeulensteen/blackboard_ws/install/dynamixel_sdk_custom_interfaces/share/dynamixel_sdk_custom_interfaces/cmake/dynamixel_sdk_custom_interfaces__rosidl_generator_cExport.cmake
[1.150s] -- Up-to-date: /home/mpcmeulensteen/blackboard_ws/install/dynamixel_sdk_custom_interfaces/share/dynamixel_sdk_custom_interfaces/cmake/dynamixel_sdk_custom_interfaces__rosidl_generator_cExport-noconfig.cmake
[1.151s] -- Up-to-date: /home/mpcmeulensteen/blackboard_ws/install/dynamixel_sdk_custom_interfaces/share/dynamixel_sdk_custom_interfaces/cmake/dynamixel_sdk_custom_interfaces__rosidl_typesupport_introspection_cExport.cmake
[1.152s] -- Up-to-date: /home/mpcmeulensteen/blackboard_ws/install/dynamixel_sdk_custom_interfaces/share/dynamixel_sdk_custom_interfaces/cmake/dynamixel_sdk_custom_interfaces__rosidl_typesupport_introspection_cExport-noconfig.cmake
[1.152s] -- Up-to-date: /home/mpcmeulensteen/blackboard_ws/install/dynamixel_sdk_custom_interfaces/share/dynamixel_sdk_custom_interfaces/cmake/dynamixel_sdk_custom_interfaces__rosidl_typesupport_cExport.cmake
[1.152s] -- Up-to-date: /home/mpcmeulensteen/blackboard_ws/install/dynamixel_sdk_custom_interfaces/share/dynamixel_sdk_custom_interfaces/cmake/dynamixel_sdk_custom_interfaces__rosidl_typesupport_cExport-noconfig.cmake
[1.153s] -- Up-to-date: /home/mpcmeulensteen/blackboard_ws/install/dynamixel_sdk_custom_interfaces/share/dynamixel_sdk_custom_interfaces/cmake/dynamixel_sdk_custom_interfaces__rosidl_generator_cppExport.cmake
[1.153s] -- Up-to-date: /home/mpcmeulensteen/blackboard_ws/install/dynamixel_sdk_custom_interfaces/share/dynamixel_sdk_custom_interfaces/cmake/dynamixel_sdk_custom_interfaces__rosidl_typesupport_introspection_cppExport.cmake
[1.154s] -- Up-to-date: /home/mpcmeulensteen/blackboard_ws/install/dynamixel_sdk_custom_interfaces/share/dynamixel_sdk_custom_interfaces/cmake/dynamixel_sdk_custom_interfaces__rosidl_typesupport_introspection_cppExport-noconfig.cmake
[1.154s] -- Up-to-date: /home/mpcmeulensteen/blackboard_ws/install/dynamixel_sdk_custom_interfaces/share/dynamixel_sdk_custom_interfaces/cmake/dynamixel_sdk_custom_interfaces__rosidl_typesupport_cppExport.cmake
[1.155s] -- Up-to-date: /home/mpcmeulensteen/blackboard_ws/install/dynamixel_sdk_custom_interfaces/share/dynamixel_sdk_custom_interfaces/cmake/dynamixel_sdk_custom_interfaces__rosidl_typesupport_cppExport-noconfig.cmake
[1.155s] -- Up-to-date: /home/mpcmeulensteen/blackboard_ws/install/dynamixel_sdk_custom_interfaces/share/dynamixel_sdk_custom_interfaces/cmake/rosidl_cmake-extras.cmake
[1.155s] -- Up-to-date: /home/mpcmeulensteen/blackboard_ws/install/dynamixel_sdk_custom_interfaces/share/dynamixel_sdk_custom_interfaces/cmake/ament_cmake_export_dependencies-extras.cmake
[1.155s] -- Up-to-date: /home/mpcmeulensteen/blackboard_ws/install/dynamixel_sdk_custom_interfaces/share/dynamixel_sdk_custom_interfaces/cmake/ament_cmake_export_libraries-extras.cmake
[1.155s] -- Up-to-date: /home/mpcmeulensteen/blackboard_ws/install/dynamixel_sdk_custom_interfaces/share/dynamixel_sdk_custom_interfaces/cmake/ament_cmake_export_targets-extras.cmake
[1.157s] -- Up-to-date: /home/mpcmeulensteen/blackboard_ws/install/dynamixel_sdk_custom_interfaces/share/dynamixel_sdk_custom_interfaces/cmake/ament_cmake_export_include_directories-extras.cmake
[1.157s] -- Up-to-date: /home/mpcmeulensteen/blackboard_ws/install/dynamixel_sdk_custom_interfaces/share/dynamixel_sdk_custom_interfaces/cmake/rosidl_cmake_export_typesupport_libraries-extras.cmake
[1.157s] -- Up-to-date: /home/mpcmeulensteen/blackboard_ws/install/dynamixel_sdk_custom_interfaces/share/dynamixel_sdk_custom_interfaces/cmake/rosidl_cmake_export_typesupport_targets-extras.cmake
[1.157s] -- Up-to-date: /home/mpcmeulensteen/blackboard_ws/install/dynamixel_sdk_custom_interfaces/share/dynamixel_sdk_custom_interfaces/cmake/dynamixel_sdk_custom_interfacesConfig.cmake
[1.158s] -- Up-to-date: /home/mpcmeulensteen/blackboard_ws/install/dynamixel_sdk_custom_interfaces/share/dynamixel_sdk_custom_interfaces/cmake/dynamixel_sdk_custom_interfacesConfig-version.cmake
[1.158s] -- Up-to-date: /home/mpcmeulensteen/blackboard_ws/install/dynamixel_sdk_custom_interfaces/share/dynamixel_sdk_custom_interfaces/package.xml
[1.166s] Invoked command in '/home/mpcmeulensteen/blackboard_ws/build/dynamixel_sdk_custom_interfaces' returned '0': CMAKE_PREFIX_PATH=${CMAKE_PREFIX_PATH}:/home/mpcmeulensteen/turtlebot3_ws/install/turtlebot3_teleop:/home/mpcmeulensteen/turtlebot3_ws/install/turtlebot3_example:/home/mpcmeulensteen/colcon_ws/install/turtlebot3_teleop:/home/mpcmeulensteen/colcon_ws/install/turtlebot3_example:/opt/ros/foxy /usr/bin/cmake --install /home/mpcmeulensteen/blackboard_ws/build/dynamixel_sdk_custom_interfaces
