[0.017s] Invoking command in '/home/mpcmeulensteen/blackboard_ws/build/hls_lfcd_lds_driver': CMAKE_PREFIX_PATH=/opt/ros/foxy /usr/bin/cmake --build /home/mpcmeulensteen/blackboard_ws/build/hls_lfcd_lds_driver -- -j2 -l2
[0.112s] [100%] Built target hlds_laser_publisher
[0.125s] Invoked command in '/home/mpcmeulensteen/blackboard_ws/build/hls_lfcd_lds_driver' returned '0': CMAKE_PREFIX_PATH=/opt/ros/foxy /usr/bin/cmake --build /home/mpcmeulensteen/blackboard_ws/build/hls_lfcd_lds_driver -- -j2 -l2
[0.150s] Invoking command in '/home/mpcmeulensteen/blackboard_ws/build/hls_lfcd_lds_driver': CMAKE_PREFIX_PATH=/opt/ros/foxy /usr/bin/cmake --install /home/mpcmeulensteen/blackboard_ws/build/hls_lfcd_lds_driver
[0.163s] -- Install configuration: ""
[0.164s] -- Up-to-date: /home/mpcmeulensteen/blackboard_ws/install/hls_lfcd_lds_driver/share/hls_lfcd_lds_driver/launch
[0.165s] -- Up-to-date: /home/mpcmeulensteen/blackboard_ws/install/hls_lfcd_lds_driver/share/hls_lfcd_lds_driver/launch/hlds_laser.launch.py
[0.165s] -- Up-to-date: /home/mpcmeulensteen/blackboard_ws/install/hls_lfcd_lds_driver/share/hls_lfcd_lds_driver/launch/view_hlds_laser.launch.py
[0.166s] -- Up-to-date: /home/mpcmeulensteen/blackboard_ws/install/hls_lfcd_lds_driver/share/hls_lfcd_lds_driver/rviz
[0.166s] -- Up-to-date: /home/mpcmeulensteen/blackboard_ws/install/hls_lfcd_lds_driver/share/hls_lfcd_lds_driver/rviz/hlds_laser.rviz
[0.169s] -- Up-to-date: /home/mpcmeulensteen/blackboard_ws/install/hls_lfcd_lds_driver/lib/hls_lfcd_lds_driver/hlds_laser_publisher
[0.171s] -- Up-to-date: /home/mpcmeulensteen/blackboard_ws/install/hls_lfcd_lds_driver/share/ament_index/resource_index/package_run_dependencies/hls_lfcd_lds_driver
[0.172s] -- Up-to-date: /home/mpcmeulensteen/blackboard_ws/install/hls_lfcd_lds_driver/share/ament_index/resource_index/parent_prefix_path/hls_lfcd_lds_driver
[0.173s] -- Up-to-date: /home/mpcmeulensteen/blackboard_ws/install/hls_lfcd_lds_driver/share/hls_lfcd_lds_driver/environment/ament_prefix_path.sh
[0.173s] -- Up-to-date: /home/mpcmeulensteen/blackboard_ws/install/hls_lfcd_lds_driver/share/hls_lfcd_lds_driver/environment/ament_prefix_path.dsv
[0.173s] -- Up-to-date: /home/mpcmeulensteen/blackboard_ws/install/hls_lfcd_lds_driver/share/hls_lfcd_lds_driver/environment/path.sh
[0.173s] -- Up-to-date: /home/mpcmeulensteen/blackboard_ws/install/hls_lfcd_lds_driver/share/hls_lfcd_lds_driver/environment/path.dsv
[0.173s] -- Up-to-date: /home/mpcmeulensteen/blackboard_ws/install/hls_lfcd_lds_driver/share/hls_lfcd_lds_driver/local_setup.bash
[0.174s] -- Up-to-date: /home/mpcmeulensteen/blackboard_ws/install/hls_lfcd_lds_driver/share/hls_lfcd_lds_driver/local_setup.sh
[0.174s] -- Up-to-date: /home/mpcmeulensteen/blackboard_ws/install/hls_lfcd_lds_driver/share/hls_lfcd_lds_driver/local_setup.zsh
[0.174s] -- Up-to-date: /home/mpcmeulensteen/blackboard_ws/install/hls_lfcd_lds_driver/share/hls_lfcd_lds_driver/local_setup.dsv
[0.174s] -- Installing: /home/mpcmeulensteen/blackboard_ws/install/hls_lfcd_lds_driver/share/hls_lfcd_lds_driver/package.dsv
[0.176s] -- Up-to-date: /home/mpcmeulensteen/blackboard_ws/install/hls_lfcd_lds_driver/share/ament_index/resource_index/packages/hls_lfcd_lds_driver
[0.179s] -- Up-to-date: /home/mpcmeulensteen/blackboard_ws/install/hls_lfcd_lds_driver/share/hls_lfcd_lds_driver/cmake/ament_cmake_export_dependencies-extras.cmake
[0.179s] -- Up-to-date: /home/mpcmeulensteen/blackboard_ws/install/hls_lfcd_lds_driver/share/hls_lfcd_lds_driver/cmake/ament_cmake_export_include_directories-extras.cmake
[0.179s] -- Up-to-date: /home/mpcmeulensteen/blackboard_ws/install/hls_lfcd_lds_driver/share/hls_lfcd_lds_driver/cmake/hls_lfcd_lds_driverConfig.cmake
[0.179s] -- Up-to-date: /home/mpcmeulensteen/blackboard_ws/install/hls_lfcd_lds_driver/share/hls_lfcd_lds_driver/cmake/hls_lfcd_lds_driverConfig-version.cmake
[0.179s] -- Up-to-date: /home/mpcmeulensteen/blackboard_ws/install/hls_lfcd_lds_driver/share/hls_lfcd_lds_driver/package.xml
[0.179s] Invoked command in '/home/mpcmeulensteen/blackboard_ws/build/hls_lfcd_lds_driver' returned '0': CMAKE_PREFIX_PATH=/opt/ros/foxy /usr/bin/cmake --install /home/mpcmeulensteen/blackboard_ws/build/hls_lfcd_lds_driver
