[0.301s] Invoking command in '/home/mpcmeulensteen/blackboard_ws/src/navigation': PYTHONPATH=/home/mpcmeulensteen/blackboard_ws/install/navigation/lib/python3.8/site-packages:${PYTHONPATH} /usr/bin/python3 setup.py egg_info --egg-base ../../build/navigation build --build-base /home/mpcmeulensteen/blackboard_ws/build/navigation/build install --prefix /home/mpcmeulensteen/blackboard_ws/install/navigation --record /home/mpcmeulensteen/blackboard_ws/build/navigation/install.log --single-version-externally-managed
[0.592s] running egg_info
[0.593s] writing ../../build/navigation/navigation.egg-info/PKG-INFO
[0.594s] writing dependency_links to ../../build/navigation/navigation.egg-info/dependency_links.txt
[0.595s] writing entry points to ../../build/navigation/navigation.egg-info/entry_points.txt
[0.597s] writing requirements to ../../build/navigation/navigation.egg-info/requires.txt
[0.597s] writing top-level names to ../../build/navigation/navigation.egg-info/top_level.txt
[0.640s] reading manifest file '../../build/navigation/navigation.egg-info/SOURCES.txt'
[0.641s] writing manifest file '../../build/navigation/navigation.egg-info/SOURCES.txt'
[0.642s] running build
[0.642s] running build_py
[0.647s] running install
[0.648s] running install_lib
[0.650s] running install_data
[0.650s] running install_egg_info
[0.652s] removing '/home/mpcmeulensteen/blackboard_ws/install/navigation/lib/python3.8/site-packages/navigation-0.0.0-py3.8.egg-info' (and everything under it)
[0.653s] Copying ../../build/navigation/navigation.egg-info to /home/mpcmeulensteen/blackboard_ws/install/navigation/lib/python3.8/site-packages/navigation-0.0.0-py3.8.egg-info
[0.654s] running install_scripts
[0.685s] writing list of installed files to '/home/mpcmeulensteen/blackboard_ws/build/navigation/install.log'
[0.712s] Invoked command in '/home/mpcmeulensteen/blackboard_ws/src/navigation' returned '0': PYTHONPATH=/home/mpcmeulensteen/blackboard_ws/install/navigation/lib/python3.8/site-packages:${PYTHONPATH} /usr/bin/python3 setup.py egg_info --egg-base ../../build/navigation build --build-base /home/mpcmeulensteen/blackboard_ws/build/navigation/build install --prefix /home/mpcmeulensteen/blackboard_ws/install/navigation --record /home/mpcmeulensteen/blackboard_ws/build/navigation/install.log --single-version-externally-managed
