[0.028s] Invoking command in '/home/mpcmeulensteen/blackboard_ws/build/turtlebot3_description': CMAKE_PREFIX_PATH=${CMAKE_PREFIX_PATH}:/home/mpcmeulensteen/blackboard_ws/install/turtlebot3_teleop:/home/mpcmeulensteen/blackboard_ws/install/turtlebot3_example:/home/mpcmeulensteen/blackboard_ws/install/tf_transformations:/home/mpcmeulensteen/blackboard_ws/install/ros2_blackboard:/home/mpcmeulensteen/blackboard_ws/install/ros2_bbinstance:/opt/ros/foxy /usr/bin/cmake --build /home/mpcmeulensteen/blackboard_ws/build/turtlebot3_description -- -j2 -l2
[0.125s] Invoked command in '/home/mpcmeulensteen/blackboard_ws/build/turtlebot3_description' returned '0': CMAKE_PREFIX_PATH=${CMAKE_PREFIX_PATH}:/home/mpcmeulensteen/blackboard_ws/install/turtlebot3_teleop:/home/mpcmeulensteen/blackboard_ws/install/turtlebot3_example:/home/mpcmeulensteen/blackboard_ws/install/tf_transformations:/home/mpcmeulensteen/blackboard_ws/install/ros2_blackboard:/home/mpcmeulensteen/blackboard_ws/install/ros2_bbinstance:/opt/ros/foxy /usr/bin/cmake --build /home/mpcmeulensteen/blackboard_ws/build/turtlebot3_description -- -j2 -l2
[0.167s] Invoking command in '/home/mpcmeulensteen/blackboard_ws/build/turtlebot3_description': CMAKE_PREFIX_PATH=${CMAKE_PREFIX_PATH}:/home/mpcmeulensteen/blackboard_ws/install/turtlebot3_teleop:/home/mpcmeulensteen/blackboard_ws/install/turtlebot3_example:/home/mpcmeulensteen/blackboard_ws/install/tf_transformations:/home/mpcmeulensteen/blackboard_ws/install/ros2_blackboard:/home/mpcmeulensteen/blackboard_ws/install/ros2_bbinstance:/opt/ros/foxy /usr/bin/cmake --install /home/mpcmeulensteen/blackboard_ws/build/turtlebot3_description
[0.187s] -- Install configuration: ""
[0.188s] -- Up-to-date: /home/mpcmeulensteen/blackboard_ws/install/turtlebot3_description/share/turtlebot3_description/meshes
[0.189s] -- Up-to-date: /home/mpcmeulensteen/blackboard_ws/install/turtlebot3_description/share/turtlebot3_description/meshes/wheels
[0.191s] -- Up-to-date: /home/mpcmeulensteen/blackboard_ws/install/turtlebot3_description/share/turtlebot3_description/meshes/wheels/left_tire.stl
[0.191s] -- Up-to-date: /home/mpcmeulensteen/blackboard_ws/install/turtlebot3_description/share/turtlebot3_description/meshes/wheels/right_tire.stl
[0.191s] -- Up-to-date: /home/mpcmeulensteen/blackboard_ws/install/turtlebot3_description/share/turtlebot3_description/meshes/sensors
[0.191s] -- Up-to-date: /home/mpcmeulensteen/blackboard_ws/install/turtlebot3_description/share/turtlebot3_description/meshes/sensors/lds.stl
[0.192s] -- Up-to-date: /home/mpcmeulensteen/blackboard_ws/install/turtlebot3_description/share/turtlebot3_description/meshes/sensors/astra.jpg
[0.192s] -- Up-to-date: /home/mpcmeulensteen/blackboard_ws/install/turtlebot3_description/share/turtlebot3_description/meshes/sensors/r200.dae
[0.192s] -- Up-to-date: /home/mpcmeulensteen/blackboard_ws/install/turtlebot3_description/share/turtlebot3_description/meshes/sensors/astra.dae
[0.192s] -- Up-to-date: /home/mpcmeulensteen/blackboard_ws/install/turtlebot3_description/share/turtlebot3_description/meshes/sensors/r200.jpg
[0.193s] -- Up-to-date: /home/mpcmeulensteen/blackboard_ws/install/turtlebot3_description/share/turtlebot3_description/meshes/bases
[0.197s] -- Up-to-date: /home/mpcmeulensteen/blackboard_ws/install/turtlebot3_description/share/turtlebot3_description/meshes/bases/waffle_base.stl
[0.198s] -- Up-to-date: /home/mpcmeulensteen/blackboard_ws/install/turtlebot3_description/share/turtlebot3_description/meshes/bases/waffle_pi_base.stl
[0.199s] -- Up-to-date: /home/mpcmeulensteen/blackboard_ws/install/turtlebot3_description/share/turtlebot3_description/meshes/bases/burger_base.stl
[0.199s] -- Up-to-date: /home/mpcmeulensteen/blackboard_ws/install/turtlebot3_description/share/turtlebot3_description/rviz
[0.199s] -- Up-to-date: /home/mpcmeulensteen/blackboard_ws/install/turtlebot3_description/share/turtlebot3_description/rviz/model.rviz
[0.199s] -- Up-to-date: /home/mpcmeulensteen/blackboard_ws/install/turtlebot3_description/share/turtlebot3_description/urdf
[0.199s] -- Up-to-date: /home/mpcmeulensteen/blackboard_ws/install/turtlebot3_description/share/turtlebot3_description/urdf/common_properties.urdf
[0.200s] -- Up-to-date: /home/mpcmeulensteen/blackboard_ws/install/turtlebot3_description/share/turtlebot3_description/urdf/turtlebot3_waffle.urdf
[0.200s] -- Up-to-date: /home/mpcmeulensteen/blackboard_ws/install/turtlebot3_description/share/turtlebot3_description/urdf/turtlebot3_waffle_pi.urdf
[0.201s] -- Up-to-date: /home/mpcmeulensteen/blackboard_ws/install/turtlebot3_description/share/turtlebot3_description/urdf/turtlebot3_burger.urdf
[0.202s] -- Up-to-date: /home/mpcmeulensteen/blackboard_ws/install/turtlebot3_description/share/ament_index/resource_index/package_run_dependencies/turtlebot3_description
[0.202s] -- Up-to-date: /home/mpcmeulensteen/blackboard_ws/install/turtlebot3_description/share/ament_index/resource_index/parent_prefix_path/turtlebot3_description
[0.203s] -- Up-to-date: /home/mpcmeulensteen/blackboard_ws/install/turtlebot3_description/share/turtlebot3_description/environment/ament_prefix_path.sh
[0.203s] -- Up-to-date: /home/mpcmeulensteen/blackboard_ws/install/turtlebot3_description/share/turtlebot3_description/environment/ament_prefix_path.dsv
[0.204s] -- Up-to-date: /home/mpcmeulensteen/blackboard_ws/install/turtlebot3_description/share/turtlebot3_description/environment/path.sh
[0.204s] -- Up-to-date: /home/mpcmeulensteen/blackboard_ws/install/turtlebot3_description/share/turtlebot3_description/environment/path.dsv
[0.205s] -- Up-to-date: /home/mpcmeulensteen/blackboard_ws/install/turtlebot3_description/share/turtlebot3_description/local_setup.bash
[0.205s] -- Up-to-date: /home/mpcmeulensteen/blackboard_ws/install/turtlebot3_description/share/turtlebot3_description/local_setup.sh
[0.206s] -- Up-to-date: /home/mpcmeulensteen/blackboard_ws/install/turtlebot3_description/share/turtlebot3_description/local_setup.zsh
[0.206s] -- Up-to-date: /home/mpcmeulensteen/blackboard_ws/install/turtlebot3_description/share/turtlebot3_description/local_setup.dsv
[0.206s] -- Installing: /home/mpcmeulensteen/blackboard_ws/install/turtlebot3_description/share/turtlebot3_description/package.dsv
[0.208s] -- Up-to-date: /home/mpcmeulensteen/blackboard_ws/install/turtlebot3_description/share/ament_index/resource_index/packages/turtlebot3_description
[0.209s] -- Up-to-date: /home/mpcmeulensteen/blackboard_ws/install/turtlebot3_description/share/turtlebot3_description/cmake/turtlebot3_descriptionConfig.cmake
[0.210s] -- Up-to-date: /home/mpcmeulensteen/blackboard_ws/install/turtlebot3_description/share/turtlebot3_description/cmake/turtlebot3_descriptionConfig-version.cmake
[0.210s] -- Up-to-date: /home/mpcmeulensteen/blackboard_ws/install/turtlebot3_description/share/turtlebot3_description/package.xml
[0.211s] Invoked command in '/home/mpcmeulensteen/blackboard_ws/build/turtlebot3_description' returned '0': CMAKE_PREFIX_PATH=${CMAKE_PREFIX_PATH}:/home/mpcmeulensteen/blackboard_ws/install/turtlebot3_teleop:/home/mpcmeulensteen/blackboard_ws/install/turtlebot3_example:/home/mpcmeulensteen/blackboard_ws/install/tf_transformations:/home/mpcmeulensteen/blackboard_ws/install/ros2_blackboard:/home/mpcmeulensteen/blackboard_ws/install/ros2_bbinstance:/opt/ros/foxy /usr/bin/cmake --install /home/mpcmeulensteen/blackboard_ws/build/turtlebot3_description
