[0.969s] Invoking command in '/home/mpcmeulensteen/blackboard_ws/src/turtlebot3/turtlebot3_teleop': PYTHONPATH=/home/mpcmeulensteen/blackboard_ws/install/turtlebot3_teleop/lib/python3.8/site-packages:${PYTHONPATH} /usr/bin/python3 setup.py egg_info --egg-base ../../../build/turtlebot3_teleop build --build-base /home/mpcmeulensteen/blackboard_ws/build/turtlebot3_teleop/build install --prefix /home/mpcmeulensteen/blackboard_ws/install/turtlebot3_teleop --record /home/mpcmeulensteen/blackboard_ws/build/turtlebot3_teleop/install.log --single-version-externally-managed
[1.741s] running egg_info
[1.742s] writing ../../../build/turtlebot3_teleop/turtlebot3_teleop.egg-info/PKG-INFO
[1.746s] writing dependency_links to ../../../build/turtlebot3_teleop/turtlebot3_teleop.egg-info/dependency_links.txt
[1.747s] writing entry points to ../../../build/turtlebot3_teleop/turtlebot3_teleop.egg-info/entry_points.txt
[1.748s] writing requirements to ../../../build/turtlebot3_teleop/turtlebot3_teleop.egg-info/requires.txt
[1.755s] writing top-level names to ../../../build/turtlebot3_teleop/turtlebot3_teleop.egg-info/top_level.txt
[1.911s] reading manifest file '../../../build/turtlebot3_teleop/turtlebot3_teleop.egg-info/SOURCES.txt'
[1.913s] writing manifest file '../../../build/turtlebot3_teleop/turtlebot3_teleop.egg-info/SOURCES.txt'
[1.914s] running build
[1.914s] running build_py
[1.915s] running install
[1.921s] running install_lib
[1.933s] running install_data
[1.934s] running install_egg_info
[1.940s] removing '/home/mpcmeulensteen/blackboard_ws/install/turtlebot3_teleop/lib/python3.8/site-packages/turtlebot3_teleop-2.1.2-py3.8.egg-info' (and everything under it)
[1.951s] Copying ../../../build/turtlebot3_teleop/turtlebot3_teleop.egg-info to /home/mpcmeulensteen/blackboard_ws/install/turtlebot3_teleop/lib/python3.8/site-packages/turtlebot3_teleop-2.1.2-py3.8.egg-info
[1.955s] running install_scripts
[1.997s] Installing teleop_keyboard script to /home/mpcmeulensteen/blackboard_ws/install/turtlebot3_teleop/lib/turtlebot3_teleop
[1.999s] writing list of installed files to '/home/mpcmeulensteen/blackboard_ws/build/turtlebot3_teleop/install.log'
[2.026s] Invoked command in '/home/mpcmeulensteen/blackboard_ws/src/turtlebot3/turtlebot3_teleop' returned '0': PYTHONPATH=/home/mpcmeulensteen/blackboard_ws/install/turtlebot3_teleop/lib/python3.8/site-packages:${PYTHONPATH} /usr/bin/python3 setup.py egg_info --egg-base ../../../build/turtlebot3_teleop build --build-base /home/mpcmeulensteen/blackboard_ws/build/turtlebot3_teleop/build install --prefix /home/mpcmeulensteen/blackboard_ws/install/turtlebot3_teleop --record /home/mpcmeulensteen/blackboard_ws/build/turtlebot3_teleop/install.log --single-version-externally-managed
