[0.736s] Invoking command in '/home/mpcmeulensteen/blackboard_ws/src/blackboard': PYTHONPATH=/home/mpcmeulensteen/blackboard_ws/install/blackboard/lib/python3.8/site-packages:${PYTHONPATH} /usr/bin/python3 setup.py egg_info --egg-base ../../build/blackboard build --build-base /home/mpcmeulensteen/blackboard_ws/build/blackboard/build install --prefix /home/mpcmeulensteen/blackboard_ws/install/blackboard --record /home/mpcmeulensteen/blackboard_ws/build/blackboard/install.log --single-version-externally-managed
[1.299s] running egg_info
[1.303s] writing ../../build/blackboard/blackboard.egg-info/PKG-INFO
[1.304s] writing dependency_links to ../../build/blackboard/blackboard.egg-info/dependency_links.txt
[1.305s] writing entry points to ../../build/blackboard/blackboard.egg-info/entry_points.txt
[1.305s] writing requirements to ../../build/blackboard/blackboard.egg-info/requires.txt
[1.306s] writing top-level names to ../../build/blackboard/blackboard.egg-info/top_level.txt
[1.375s] reading manifest file '../../build/blackboard/blackboard.egg-info/SOURCES.txt'
[1.376s] writing manifest file '../../build/blackboard/blackboard.egg-info/SOURCES.txt'
[1.380s] running build
[1.381s] running build_py
[1.381s] running install
[1.382s] running install_lib
[1.383s] running install_data
[1.384s] running install_egg_info
[1.388s] removing '/home/mpcmeulensteen/blackboard_ws/install/blackboard/lib/python3.8/site-packages/blackboard-0.0.0-py3.8.egg-info' (and everything under it)
[1.394s] Copying ../../build/blackboard/blackboard.egg-info to /home/mpcmeulensteen/blackboard_ws/install/blackboard/lib/python3.8/site-packages/blackboard-0.0.0-py3.8.egg-info
[1.396s] running install_scripts
[1.437s] writing list of installed files to '/home/mpcmeulensteen/blackboard_ws/build/blackboard/install.log'
[1.502s] Invoked command in '/home/mpcmeulensteen/blackboard_ws/src/blackboard' returned '0': PYTHONPATH=/home/mpcmeulensteen/blackboard_ws/install/blackboard/lib/python3.8/site-packages:${PYTHONPATH} /usr/bin/python3 setup.py egg_info --egg-base ../../build/blackboard build --build-base /home/mpcmeulensteen/blackboard_ws/build/blackboard/build install --prefix /home/mpcmeulensteen/blackboard_ws/install/blackboard --record /home/mpcmeulensteen/blackboard_ws/build/blackboard/install.log --single-version-externally-managed
