[0.057s] Invoking command in '/home/mpcmeulensteen/blackboard_ws/build/turtlebot3_msgs': CMAKE_PREFIX_PATH=${CMAKE_PREFIX_PATH}:/home/mpcmeulensteen/blackboard_ws/install/turtlebot3_teleop:/home/mpcmeulensteen/blackboard_ws/install/turtlebot3_example:/home/mpcmeulensteen/blackboard_ws/install/tf_transformations:/home/mpcmeulensteen/blackboard_ws/install/ros2_blackboard:/home/mpcmeulensteen/blackboard_ws/install/ros2_bbinstance:/opt/ros/foxy /usr/bin/cmake --build /home/mpcmeulensteen/blackboard_ws/build/turtlebot3_msgs -- -j2 -l2
[0.233s] [  1%] Built target turtlebot3_msgs__cpp
[0.312s] [ 12%] Built target turtlebot3_msgs__rosidl_generator_c
[0.408s] [ 23%] Built target turtlebot3_msgs__rosidl_typesupport_cpp
[0.464s] [ 35%] Built target turtlebot3_msgs__rosidl_typesupport_fastrtps_cpp
[0.554s] [ 46%] Built target turtlebot3_msgs__rosidl_typesupport_introspection_cpp
[0.627s] [ 57%] Built target turtlebot3_msgs__rosidl_typesupport_c
[0.699s] [ 69%] Built target turtlebot3_msgs__rosidl_typesupport_introspection_c
[0.816s] [ 80%] Built target turtlebot3_msgs__rosidl_typesupport_fastrtps_c
[0.857s] [ 80%] Built target turtlebot3_msgs
[0.950s] [ 81%] Built target turtlebot3_msgs__py
[1.040s] [ 91%] Built target turtlebot3_msgs__python
[1.105s] [ 94%] Built target turtlebot3_msgs__rosidl_typesupport_fastrtps_c__pyext
[1.159s] [ 97%] Built target turtlebot3_msgs__rosidl_typesupport_introspection_c__pyext
[1.210s] [100%] Built target turtlebot3_msgs__rosidl_typesupport_c__pyext
[1.260s] Invoked command in '/home/mpcmeulensteen/blackboard_ws/build/turtlebot3_msgs' returned '0': CMAKE_PREFIX_PATH=${CMAKE_PREFIX_PATH}:/home/mpcmeulensteen/blackboard_ws/install/turtlebot3_teleop:/home/mpcmeulensteen/blackboard_ws/install/turtlebot3_example:/home/mpcmeulensteen/blackboard_ws/install/tf_transformations:/home/mpcmeulensteen/blackboard_ws/install/ros2_blackboard:/home/mpcmeulensteen/blackboard_ws/install/ros2_bbinstance:/opt/ros/foxy /usr/bin/cmake --build /home/mpcmeulensteen/blackboard_ws/build/turtlebot3_msgs -- -j2 -l2
[1.637s] Invoking command in '/home/mpcmeulensteen/blackboard_ws/build/turtlebot3_msgs': CMAKE_PREFIX_PATH=${CMAKE_PREFIX_PATH}:/home/mpcmeulensteen/blackboard_ws/install/turtlebot3_teleop:/home/mpcmeulensteen/blackboard_ws/install/turtlebot3_example:/home/mpcmeulensteen/blackboard_ws/install/tf_transformations:/home/mpcmeulensteen/blackboard_ws/install/ros2_blackboard:/home/mpcmeulensteen/blackboard_ws/install/ros2_bbinstance:/opt/ros/foxy /usr/bin/cmake --install /home/mpcmeulensteen/blackboard_ws/build/turtlebot3_msgs
[1.659s] -- Install configuration: ""
[1.659s] -- Up-to-date: /home/mpcmeulensteen/blackboard_ws/install/turtlebot3_msgs/share/ament_index/resource_index/rosidl_interfaces/turtlebot3_msgs
[1.660s] -- Up-to-date: /home/mpcmeulensteen/blackboard_ws/install/turtlebot3_msgs/include/turtlebot3_msgs
[1.660s] -- Up-to-date: /home/mpcmeulensteen/blackboard_ws/install/turtlebot3_msgs/include/turtlebot3_msgs/srv
[1.660s] -- Up-to-date: /home/mpcmeulensteen/blackboard_ws/install/turtlebot3_msgs/include/turtlebot3_msgs/srv/detail
[1.660s] -- Up-to-date: /home/mpcmeulensteen/blackboard_ws/install/turtlebot3_msgs/include/turtlebot3_msgs/srv/detail/sound__functions.c
[1.660s] -- Up-to-date: /home/mpcmeulensteen/blackboard_ws/install/turtlebot3_msgs/include/turtlebot3_msgs/srv/detail/sound__functions.h
[1.660s] -- Up-to-date: /home/mpcmeulensteen/blackboard_ws/install/turtlebot3_msgs/include/turtlebot3_msgs/srv/detail/dqn__type_support.h
[1.660s] -- Up-to-date: /home/mpcmeulensteen/blackboard_ws/install/turtlebot3_msgs/include/turtlebot3_msgs/srv/detail/dqn__functions.h
[1.660s] -- Up-to-date: /home/mpcmeulensteen/blackboard_ws/install/turtlebot3_msgs/include/turtlebot3_msgs/srv/detail/dqn__struct.h
[1.660s] -- Up-to-date: /home/mpcmeulensteen/blackboard_ws/install/turtlebot3_msgs/include/turtlebot3_msgs/srv/detail/dqn__functions.c
[1.660s] -- Up-to-date: /home/mpcmeulensteen/blackboard_ws/install/turtlebot3_msgs/include/turtlebot3_msgs/srv/detail/sound__struct.h
[1.660s] -- Up-to-date: /home/mpcmeulensteen/blackboard_ws/install/turtlebot3_msgs/include/turtlebot3_msgs/srv/detail/sound__type_support.h
[1.660s] -- Up-to-date: /home/mpcmeulensteen/blackboard_ws/install/turtlebot3_msgs/include/turtlebot3_msgs/srv/sound.h
[1.661s] -- Up-to-date: /home/mpcmeulensteen/blackboard_ws/install/turtlebot3_msgs/include/turtlebot3_msgs/srv/dqn.h
[1.661s] -- Up-to-date: /home/mpcmeulensteen/blackboard_ws/install/turtlebot3_msgs/include/turtlebot3_msgs/action
[1.661s] -- Up-to-date: /home/mpcmeulensteen/blackboard_ws/install/turtlebot3_msgs/include/turtlebot3_msgs/action/detail
[1.661s] -- Up-to-date: /home/mpcmeulensteen/blackboard_ws/install/turtlebot3_msgs/include/turtlebot3_msgs/action/detail/patrol__functions.c
[1.661s] -- Up-to-date: /home/mpcmeulensteen/blackboard_ws/install/turtlebot3_msgs/include/turtlebot3_msgs/action/detail/patrol__struct.h
[1.661s] -- Up-to-date: /home/mpcmeulensteen/blackboard_ws/install/turtlebot3_msgs/include/turtlebot3_msgs/action/detail/patrol__type_support.h
[1.661s] -- Up-to-date: /home/mpcmeulensteen/blackboard_ws/install/turtlebot3_msgs/include/turtlebot3_msgs/action/detail/patrol__functions.h
[1.661s] -- Up-to-date: /home/mpcmeulensteen/blackboard_ws/install/turtlebot3_msgs/include/turtlebot3_msgs/action/patrol.h
[1.662s] -- Up-to-date: /home/mpcmeulensteen/blackboard_ws/install/turtlebot3_msgs/include/turtlebot3_msgs/msg
[1.662s] -- Up-to-date: /home/mpcmeulensteen/blackboard_ws/install/turtlebot3_msgs/include/turtlebot3_msgs/msg/sensor_state.h
[1.662s] -- Up-to-date: /home/mpcmeulensteen/blackboard_ws/install/turtlebot3_msgs/include/turtlebot3_msgs/msg/rosidl_generator_c__visibility_control.h
[1.662s] -- Up-to-date: /home/mpcmeulensteen/blackboard_ws/install/turtlebot3_msgs/include/turtlebot3_msgs/msg/detail
[1.664s] -- Up-to-date: /home/mpcmeulensteen/blackboard_ws/install/turtlebot3_msgs/include/turtlebot3_msgs/msg/detail/sound__functions.c
[1.665s] -- Up-to-date: /home/mpcmeulensteen/blackboard_ws/install/turtlebot3_msgs/include/turtlebot3_msgs/msg/detail/sensor_state__functions.h
[1.665s] -- Up-to-date: /home/mpcmeulensteen/blackboard_ws/install/turtlebot3_msgs/include/turtlebot3_msgs/msg/detail/sound__functions.h
[1.665s] -- Up-to-date: /home/mpcmeulensteen/blackboard_ws/install/turtlebot3_msgs/include/turtlebot3_msgs/msg/detail/version_info__type_support.h
[1.665s] -- Up-to-date: /home/mpcmeulensteen/blackboard_ws/install/turtlebot3_msgs/include/turtlebot3_msgs/msg/detail/sensor_state__functions.c
[1.665s] -- Up-to-date: /home/mpcmeulensteen/blackboard_ws/install/turtlebot3_msgs/include/turtlebot3_msgs/msg/detail/version_info__functions.c
[1.665s] -- Up-to-date: /home/mpcmeulensteen/blackboard_ws/install/turtlebot3_msgs/include/turtlebot3_msgs/msg/detail/sensor_state__struct.h
[1.665s] -- Up-to-date: /home/mpcmeulensteen/blackboard_ws/install/turtlebot3_msgs/include/turtlebot3_msgs/msg/detail/version_info__functions.h
[1.665s] -- Up-to-date: /home/mpcmeulensteen/blackboard_ws/install/turtlebot3_msgs/include/turtlebot3_msgs/msg/detail/version_info__struct.h
[1.665s] -- Up-to-date: /home/mpcmeulensteen/blackboard_ws/install/turtlebot3_msgs/include/turtlebot3_msgs/msg/detail/sound__struct.h
[1.665s] -- Up-to-date: /home/mpcmeulensteen/blackboard_ws/install/turtlebot3_msgs/include/turtlebot3_msgs/msg/detail/sensor_state__type_support.h
[1.665s] -- Up-to-date: /home/mpcmeulensteen/blackboard_ws/install/turtlebot3_msgs/include/turtlebot3_msgs/msg/detail/sound__type_support.h
[1.665s] -- Up-to-date: /home/mpcmeulensteen/blackboard_ws/install/turtlebot3_msgs/include/turtlebot3_msgs/msg/sound.h
[1.665s] -- Up-to-date: /home/mpcmeulensteen/blackboard_ws/install/turtlebot3_msgs/include/turtlebot3_msgs/msg/version_info.h
[1.665s] -- Up-to-date: /home/mpcmeulensteen/blackboard_ws/install/turtlebot3_msgs/share/turtlebot3_msgs/environment/library_path.sh
[1.666s] -- Up-to-date: /home/mpcmeulensteen/blackboard_ws/install/turtlebot3_msgs/share/turtlebot3_msgs/environment/library_path.dsv
[1.666s] -- Up-to-date: /home/mpcmeulensteen/blackboard_ws/install/turtlebot3_msgs/lib/libturtlebot3_msgs__rosidl_generator_c.so
[1.667s] -- Up-to-date: /home/mpcmeulensteen/blackboard_ws/install/turtlebot3_msgs/include/turtlebot3_msgs
[1.667s] -- Up-to-date: /home/mpcmeulensteen/blackboard_ws/install/turtlebot3_msgs/include/turtlebot3_msgs/srv
[1.667s] -- Up-to-date: /home/mpcmeulensteen/blackboard_ws/install/turtlebot3_msgs/include/turtlebot3_msgs/srv/detail
[1.668s] -- Up-to-date: /home/mpcmeulensteen/blackboard_ws/install/turtlebot3_msgs/include/turtlebot3_msgs/srv/detail/sound__rosidl_typesupport_fastrtps_c.h
[1.668s] -- Up-to-date: /home/mpcmeulensteen/blackboard_ws/install/turtlebot3_msgs/include/turtlebot3_msgs/srv/detail/dqn__rosidl_typesupport_fastrtps_c.h
[1.668s] -- Up-to-date: /home/mpcmeulensteen/blackboard_ws/install/turtlebot3_msgs/include/turtlebot3_msgs/action
[1.668s] -- Up-to-date: /home/mpcmeulensteen/blackboard_ws/install/turtlebot3_msgs/include/turtlebot3_msgs/action/detail
[1.668s] -- Up-to-date: /home/mpcmeulensteen/blackboard_ws/install/turtlebot3_msgs/include/turtlebot3_msgs/action/detail/patrol__rosidl_typesupport_fastrtps_c.h
[1.672s] -- Up-to-date: /home/mpcmeulensteen/blackboard_ws/install/turtlebot3_msgs/include/turtlebot3_msgs/msg
[1.673s] -- Up-to-date: /home/mpcmeulensteen/blackboard_ws/install/turtlebot3_msgs/include/turtlebot3_msgs/msg/detail
[1.673s] -- Up-to-date: /home/mpcmeulensteen/blackboard_ws/install/turtlebot3_msgs/include/turtlebot3_msgs/msg/detail/sensor_state__rosidl_typesupport_fastrtps_c.h
[1.673s] -- Up-to-date: /home/mpcmeulensteen/blackboard_ws/install/turtlebot3_msgs/include/turtlebot3_msgs/msg/detail/sound__rosidl_typesupport_fastrtps_c.h
[1.673s] -- Up-to-date: /home/mpcmeulensteen/blackboard_ws/install/turtlebot3_msgs/include/turtlebot3_msgs/msg/detail/version_info__rosidl_typesupport_fastrtps_c.h
[1.673s] -- Up-to-date: /home/mpcmeulensteen/blackboard_ws/install/turtlebot3_msgs/include/turtlebot3_msgs/msg/rosidl_typesupport_fastrtps_c__visibility_control.h
[1.675s] -- Up-to-date: /home/mpcmeulensteen/blackboard_ws/install/turtlebot3_msgs/lib/libturtlebot3_msgs__rosidl_typesupport_fastrtps_c.so
[1.675s] -- Up-to-date: /home/mpcmeulensteen/blackboard_ws/install/turtlebot3_msgs/include/turtlebot3_msgs
[1.675s] -- Up-to-date: /home/mpcmeulensteen/blackboard_ws/install/turtlebot3_msgs/include/turtlebot3_msgs/srv
[1.676s] -- Up-to-date: /home/mpcmeulensteen/blackboard_ws/install/turtlebot3_msgs/include/turtlebot3_msgs/srv/detail
[1.676s] -- Up-to-date: /home/mpcmeulensteen/blackboard_ws/install/turtlebot3_msgs/include/turtlebot3_msgs/srv/detail/sound__rosidl_typesupport_fastrtps_cpp.hpp
[1.677s] -- Up-to-date: /home/mpcmeulensteen/blackboard_ws/install/turtlebot3_msgs/include/turtlebot3_msgs/srv/detail/dqn__rosidl_typesupport_fastrtps_cpp.hpp
[1.677s] -- Up-to-date: /home/mpcmeulensteen/blackboard_ws/install/turtlebot3_msgs/include/turtlebot3_msgs/srv/detail/dds_fastrtps
[1.677s] -- Up-to-date: /home/mpcmeulensteen/blackboard_ws/install/turtlebot3_msgs/include/turtlebot3_msgs/action
[1.677s] -- Up-to-date: /home/mpcmeulensteen/blackboard_ws/install/turtlebot3_msgs/include/turtlebot3_msgs/action/detail
[1.677s] -- Up-to-date: /home/mpcmeulensteen/blackboard_ws/install/turtlebot3_msgs/include/turtlebot3_msgs/action/detail/patrol__rosidl_typesupport_fastrtps_cpp.hpp
[1.677s] -- Up-to-date: /home/mpcmeulensteen/blackboard_ws/install/turtlebot3_msgs/include/turtlebot3_msgs/action/detail/dds_fastrtps
[1.677s] -- Up-to-date: /home/mpcmeulensteen/blackboard_ws/install/turtlebot3_msgs/include/turtlebot3_msgs/msg
[1.677s] -- Up-to-date: /home/mpcmeulensteen/blackboard_ws/install/turtlebot3_msgs/include/turtlebot3_msgs/msg/detail
[1.677s] -- Up-to-date: /home/mpcmeulensteen/blackboard_ws/install/turtlebot3_msgs/include/turtlebot3_msgs/msg/detail/sensor_state__rosidl_typesupport_fastrtps_cpp.hpp
[1.677s] -- Up-to-date: /home/mpcmeulensteen/blackboard_ws/install/turtlebot3_msgs/include/turtlebot3_msgs/msg/detail/sound__rosidl_typesupport_fastrtps_cpp.hpp
[1.677s] -- Up-to-date: /home/mpcmeulensteen/blackboard_ws/install/turtlebot3_msgs/include/turtlebot3_msgs/msg/detail/dds_fastrtps
[1.677s] -- Up-to-date: /home/mpcmeulensteen/blackboard_ws/install/turtlebot3_msgs/include/turtlebot3_msgs/msg/detail/version_info__rosidl_typesupport_fastrtps_cpp.hpp
[1.678s] -- Up-to-date: /home/mpcmeulensteen/blackboard_ws/install/turtlebot3_msgs/include/turtlebot3_msgs/msg/rosidl_typesupport_fastrtps_cpp__visibility_control.h
[1.691s] -- Up-to-date: /home/mpcmeulensteen/blackboard_ws/install/turtlebot3_msgs/lib/libturtlebot3_msgs__rosidl_typesupport_fastrtps_cpp.so
[1.691s] -- Up-to-date: /home/mpcmeulensteen/blackboard_ws/install/turtlebot3_msgs/include/turtlebot3_msgs
[1.691s] -- Up-to-date: /home/mpcmeulensteen/blackboard_ws/install/turtlebot3_msgs/include/turtlebot3_msgs/srv
[1.691s] -- Up-to-date: /home/mpcmeulensteen/blackboard_ws/install/turtlebot3_msgs/include/turtlebot3_msgs/srv/detail
[1.692s] -- Up-to-date: /home/mpcmeulensteen/blackboard_ws/install/turtlebot3_msgs/include/turtlebot3_msgs/srv/detail/sound__type_support.c
[1.692s] -- Up-to-date: /home/mpcmeulensteen/blackboard_ws/install/turtlebot3_msgs/include/turtlebot3_msgs/srv/detail/dqn__type_support.c
[1.692s] -- Up-to-date: /home/mpcmeulensteen/blackboard_ws/install/turtlebot3_msgs/include/turtlebot3_msgs/srv/detail/dqn__rosidl_typesupport_introspection_c.h
[1.692s] -- Up-to-date: /home/mpcmeulensteen/blackboard_ws/install/turtlebot3_msgs/include/turtlebot3_msgs/srv/detail/sound__rosidl_typesupport_introspection_c.h
[1.693s] -- Up-to-date: /home/mpcmeulensteen/blackboard_ws/install/turtlebot3_msgs/include/turtlebot3_msgs/action
[1.693s] -- Up-to-date: /home/mpcmeulensteen/blackboard_ws/install/turtlebot3_msgs/include/turtlebot3_msgs/action/detail
[1.693s] -- Up-to-date: /home/mpcmeulensteen/blackboard_ws/install/turtlebot3_msgs/include/turtlebot3_msgs/action/detail/patrol__rosidl_typesupport_introspection_c.h
[1.694s] -- Up-to-date: /home/mpcmeulensteen/blackboard_ws/install/turtlebot3_msgs/include/turtlebot3_msgs/action/detail/patrol__type_support.c
[1.694s] -- Up-to-date: /home/mpcmeulensteen/blackboard_ws/install/turtlebot3_msgs/include/turtlebot3_msgs/msg
[1.694s] -- Up-to-date: /home/mpcmeulensteen/blackboard_ws/install/turtlebot3_msgs/include/turtlebot3_msgs/msg/rosidl_typesupport_introspection_c__visibility_control.h
[1.694s] -- Up-to-date: /home/mpcmeulensteen/blackboard_ws/install/turtlebot3_msgs/include/turtlebot3_msgs/msg/detail
[1.694s] -- Up-to-date: /home/mpcmeulensteen/blackboard_ws/install/turtlebot3_msgs/include/turtlebot3_msgs/msg/detail/sound__type_support.c
[1.694s] -- Up-to-date: /home/mpcmeulensteen/blackboard_ws/install/turtlebot3_msgs/include/turtlebot3_msgs/msg/detail/sensor_state__type_support.c
[1.694s] -- Up-to-date: /home/mpcmeulensteen/blackboard_ws/install/turtlebot3_msgs/include/turtlebot3_msgs/msg/detail/version_info__type_support.c
[1.695s] -- Up-to-date: /home/mpcmeulensteen/blackboard_ws/install/turtlebot3_msgs/include/turtlebot3_msgs/msg/detail/version_info__rosidl_typesupport_introspection_c.h
[1.695s] -- Up-to-date: /home/mpcmeulensteen/blackboard_ws/install/turtlebot3_msgs/include/turtlebot3_msgs/msg/detail/sound__rosidl_typesupport_introspection_c.h
[1.695s] -- Up-to-date: /home/mpcmeulensteen/blackboard_ws/install/turtlebot3_msgs/include/turtlebot3_msgs/msg/detail/sensor_state__rosidl_typesupport_introspection_c.h
[1.699s] -- Up-to-date: /home/mpcmeulensteen/blackboard_ws/install/turtlebot3_msgs/lib/libturtlebot3_msgs__rosidl_typesupport_introspection_c.so
[1.699s] -- Up-to-date: /home/mpcmeulensteen/blackboard_ws/install/turtlebot3_msgs/lib/libturtlebot3_msgs__rosidl_typesupport_c.so
[1.700s] -- Up-to-date: /home/mpcmeulensteen/blackboard_ws/install/turtlebot3_msgs/include/turtlebot3_msgs
[1.700s] -- Up-to-date: /home/mpcmeulensteen/blackboard_ws/install/turtlebot3_msgs/include/turtlebot3_msgs/srv
[1.700s] -- Up-to-date: /home/mpcmeulensteen/blackboard_ws/install/turtlebot3_msgs/include/turtlebot3_msgs/srv/dqn.hpp
[1.700s] -- Up-to-date: /home/mpcmeulensteen/blackboard_ws/install/turtlebot3_msgs/include/turtlebot3_msgs/srv/detail
[1.701s] -- Up-to-date: /home/mpcmeulensteen/blackboard_ws/install/turtlebot3_msgs/include/turtlebot3_msgs/srv/detail/sound__traits.hpp
[1.701s] -- Up-to-date: /home/mpcmeulensteen/blackboard_ws/install/turtlebot3_msgs/include/turtlebot3_msgs/srv/detail/dqn__builder.hpp
[1.702s] -- Up-to-date: /home/mpcmeulensteen/blackboard_ws/install/turtlebot3_msgs/include/turtlebot3_msgs/srv/detail/dqn__struct.hpp
[1.702s] -- Up-to-date: /home/mpcmeulensteen/blackboard_ws/install/turtlebot3_msgs/include/turtlebot3_msgs/srv/detail/sound__builder.hpp
[1.702s] -- Up-to-date: /home/mpcmeulensteen/blackboard_ws/install/turtlebot3_msgs/include/turtlebot3_msgs/srv/detail/sound__struct.hpp
[1.707s] -- Up-to-date: /home/mpcmeulensteen/blackboard_ws/install/turtlebot3_msgs/include/turtlebot3_msgs/srv/detail/dqn__traits.hpp
[1.707s] -- Up-to-date: /home/mpcmeulensteen/blackboard_ws/install/turtlebot3_msgs/include/turtlebot3_msgs/srv/sound.hpp
[1.708s] -- Up-to-date: /home/mpcmeulensteen/blackboard_ws/install/turtlebot3_msgs/include/turtlebot3_msgs/action
[1.708s] -- Up-to-date: /home/mpcmeulensteen/blackboard_ws/install/turtlebot3_msgs/include/turtlebot3_msgs/action/detail
[1.708s] -- Up-to-date: /home/mpcmeulensteen/blackboard_ws/install/turtlebot3_msgs/include/turtlebot3_msgs/action/detail/patrol__builder.hpp
[1.708s] -- Up-to-date: /home/mpcmeulensteen/blackboard_ws/install/turtlebot3_msgs/include/turtlebot3_msgs/action/detail/patrol__struct.hpp
[1.708s] -- Up-to-date: /home/mpcmeulensteen/blackboard_ws/install/turtlebot3_msgs/include/turtlebot3_msgs/action/detail/patrol__traits.hpp
[1.708s] -- Up-to-date: /home/mpcmeulensteen/blackboard_ws/install/turtlebot3_msgs/include/turtlebot3_msgs/action/patrol.hpp
[1.708s] -- Up-to-date: /home/mpcmeulensteen/blackboard_ws/install/turtlebot3_msgs/include/turtlebot3_msgs/msg
[1.708s] -- Up-to-date: /home/mpcmeulensteen/blackboard_ws/install/turtlebot3_msgs/include/turtlebot3_msgs/msg/version_info.hpp
[1.709s] -- Up-to-date: /home/mpcmeulensteen/blackboard_ws/install/turtlebot3_msgs/include/turtlebot3_msgs/msg/sensor_state.hpp
[1.709s] -- Up-to-date: /home/mpcmeulensteen/blackboard_ws/install/turtlebot3_msgs/include/turtlebot3_msgs/msg/detail
[1.709s] -- Up-to-date: /home/mpcmeulensteen/blackboard_ws/install/turtlebot3_msgs/include/turtlebot3_msgs/msg/detail/sensor_state__traits.hpp
[1.709s] -- Up-to-date: /home/mpcmeulensteen/blackboard_ws/install/turtlebot3_msgs/include/turtlebot3_msgs/msg/detail/sensor_state__builder.hpp
[1.709s] -- Up-to-date: /home/mpcmeulensteen/blackboard_ws/install/turtlebot3_msgs/include/turtlebot3_msgs/msg/detail/sound__traits.hpp
[1.709s] -- Up-to-date: /home/mpcmeulensteen/blackboard_ws/install/turtlebot3_msgs/include/turtlebot3_msgs/msg/detail/version_info__struct.hpp
[1.709s] -- Up-to-date: /home/mpcmeulensteen/blackboard_ws/install/turtlebot3_msgs/include/turtlebot3_msgs/msg/detail/sensor_state__struct.hpp
[1.709s] -- Up-to-date: /home/mpcmeulensteen/blackboard_ws/install/turtlebot3_msgs/include/turtlebot3_msgs/msg/detail/version_info__builder.hpp
[1.710s] -- Up-to-date: /home/mpcmeulensteen/blackboard_ws/install/turtlebot3_msgs/include/turtlebot3_msgs/msg/detail/sound__builder.hpp
[1.710s] -- Up-to-date: /home/mpcmeulensteen/blackboard_ws/install/turtlebot3_msgs/include/turtlebot3_msgs/msg/detail/sound__struct.hpp
[1.710s] -- Up-to-date: /home/mpcmeulensteen/blackboard_ws/install/turtlebot3_msgs/include/turtlebot3_msgs/msg/detail/version_info__traits.hpp
[1.711s] -- Up-to-date: /home/mpcmeulensteen/blackboard_ws/install/turtlebot3_msgs/include/turtlebot3_msgs/msg/sound.hpp
[1.711s] -- Up-to-date: /home/mpcmeulensteen/blackboard_ws/install/turtlebot3_msgs/include/turtlebot3_msgs
[1.715s] -- Up-to-date: /home/mpcmeulensteen/blackboard_ws/install/turtlebot3_msgs/include/turtlebot3_msgs/srv
[1.722s] -- Up-to-date: /home/mpcmeulensteen/blackboard_ws/install/turtlebot3_msgs/include/turtlebot3_msgs/srv/detail
[1.723s] -- Up-to-date: /home/mpcmeulensteen/blackboard_ws/install/turtlebot3_msgs/include/turtlebot3_msgs/srv/detail/sound__rosidl_typesupport_introspection_cpp.hpp
[1.723s] -- Up-to-date: /home/mpcmeulensteen/blackboard_ws/install/turtlebot3_msgs/include/turtlebot3_msgs/srv/detail/dqn__type_support.cpp
[1.723s] -- Up-to-date: /home/mpcmeulensteen/blackboard_ws/install/turtlebot3_msgs/include/turtlebot3_msgs/srv/detail/dqn__rosidl_typesupport_introspection_cpp.hpp
[1.723s] -- Up-to-date: /home/mpcmeulensteen/blackboard_ws/install/turtlebot3_msgs/include/turtlebot3_msgs/srv/detail/sound__type_support.cpp
[1.723s] -- Up-to-date: /home/mpcmeulensteen/blackboard_ws/install/turtlebot3_msgs/include/turtlebot3_msgs/action
[1.723s] -- Up-to-date: /home/mpcmeulensteen/blackboard_ws/install/turtlebot3_msgs/include/turtlebot3_msgs/action/detail
[1.723s] -- Up-to-date: /home/mpcmeulensteen/blackboard_ws/install/turtlebot3_msgs/include/turtlebot3_msgs/action/detail/patrol__rosidl_typesupport_introspection_cpp.hpp
[1.724s] -- Up-to-date: /home/mpcmeulensteen/blackboard_ws/install/turtlebot3_msgs/include/turtlebot3_msgs/action/detail/patrol__type_support.cpp
[1.724s] -- Up-to-date: /home/mpcmeulensteen/blackboard_ws/install/turtlebot3_msgs/include/turtlebot3_msgs/msg
[1.724s] -- Up-to-date: /home/mpcmeulensteen/blackboard_ws/install/turtlebot3_msgs/include/turtlebot3_msgs/msg/detail
[1.724s] -- Up-to-date: /home/mpcmeulensteen/blackboard_ws/install/turtlebot3_msgs/include/turtlebot3_msgs/msg/detail/sound__rosidl_typesupport_introspection_cpp.hpp
[1.724s] -- Up-to-date: /home/mpcmeulensteen/blackboard_ws/install/turtlebot3_msgs/include/turtlebot3_msgs/msg/detail/sensor_state__type_support.cpp
[1.724s] -- Up-to-date: /home/mpcmeulensteen/blackboard_ws/install/turtlebot3_msgs/include/turtlebot3_msgs/msg/detail/version_info__type_support.cpp
[1.724s] -- Up-to-date: /home/mpcmeulensteen/blackboard_ws/install/turtlebot3_msgs/include/turtlebot3_msgs/msg/detail/sound__type_support.cpp
[1.724s] -- Up-to-date: /home/mpcmeulensteen/blackboard_ws/install/turtlebot3_msgs/include/turtlebot3_msgs/msg/detail/version_info__rosidl_typesupport_introspection_cpp.hpp
[1.725s] -- Up-to-date: /home/mpcmeulensteen/blackboard_ws/install/turtlebot3_msgs/include/turtlebot3_msgs/msg/detail/sensor_state__rosidl_typesupport_introspection_cpp.hpp
[1.725s] -- Up-to-date: /home/mpcmeulensteen/blackboard_ws/install/turtlebot3_msgs/lib/libturtlebot3_msgs__rosidl_typesupport_introspection_cpp.so
[1.725s] -- Up-to-date: /home/mpcmeulensteen/blackboard_ws/install/turtlebot3_msgs/lib/libturtlebot3_msgs__rosidl_typesupport_cpp.so
[1.725s] -- Up-to-date: /home/mpcmeulensteen/blackboard_ws/install/turtlebot3_msgs/share/turtlebot3_msgs/environment/pythonpath.sh
[1.725s] -- Up-to-date: /home/mpcmeulensteen/blackboard_ws/install/turtlebot3_msgs/share/turtlebot3_msgs/environment/pythonpath.dsv
[1.725s] -- Up-to-date: /home/mpcmeulensteen/blackboard_ws/install/turtlebot3_msgs/lib/python3.8/site-packages/turtlebot3_msgs/__init__.py
[1.801s] -- Up-to-date: /home/mpcmeulensteen/blackboard_ws/install/turtlebot3_msgs/lib/python3.8/site-packages/turtlebot3_msgs/msg
[1.801s] -- Up-to-date: /home/mpcmeulensteen/blackboard_ws/install/turtlebot3_msgs/lib/python3.8/site-packages/turtlebot3_msgs/msg/_sound_s.c
[1.801s] -- Up-to-date: /home/mpcmeulensteen/blackboard_ws/install/turtlebot3_msgs/lib/python3.8/site-packages/turtlebot3_msgs/msg/_sensor_state.py
[1.801s] -- Up-to-date: /home/mpcmeulensteen/blackboard_ws/install/turtlebot3_msgs/lib/python3.8/site-packages/turtlebot3_msgs/msg/_sensor_state_s.c
[1.801s] -- Up-to-date: /home/mpcmeulensteen/blackboard_ws/install/turtlebot3_msgs/lib/python3.8/site-packages/turtlebot3_msgs/msg/_version_info.py
[1.802s] -- Up-to-date: /home/mpcmeulensteen/blackboard_ws/install/turtlebot3_msgs/lib/python3.8/site-packages/turtlebot3_msgs/msg/_sound.py
[1.802s] -- Up-to-date: /home/mpcmeulensteen/blackboard_ws/install/turtlebot3_msgs/lib/python3.8/site-packages/turtlebot3_msgs/msg/__init__.py
[1.802s] -- Up-to-date: /home/mpcmeulensteen/blackboard_ws/install/turtlebot3_msgs/lib/python3.8/site-packages/turtlebot3_msgs/msg/_version_info_s.c
[1.802s] -- Up-to-date: /home/mpcmeulensteen/blackboard_ws/install/turtlebot3_msgs/lib/python3.8/site-packages/turtlebot3_msgs/srv
[1.803s] -- Up-to-date: /home/mpcmeulensteen/blackboard_ws/install/turtlebot3_msgs/lib/python3.8/site-packages/turtlebot3_msgs/srv/_dqn.py
[1.803s] -- Up-to-date: /home/mpcmeulensteen/blackboard_ws/install/turtlebot3_msgs/lib/python3.8/site-packages/turtlebot3_msgs/srv/_sound_s.c
[1.803s] -- Up-to-date: /home/mpcmeulensteen/blackboard_ws/install/turtlebot3_msgs/lib/python3.8/site-packages/turtlebot3_msgs/srv/_dqn_s.c
[1.803s] -- Up-to-date: /home/mpcmeulensteen/blackboard_ws/install/turtlebot3_msgs/lib/python3.8/site-packages/turtlebot3_msgs/srv/_sound.py
[1.803s] -- Up-to-date: /home/mpcmeulensteen/blackboard_ws/install/turtlebot3_msgs/lib/python3.8/site-packages/turtlebot3_msgs/srv/__init__.py
[1.804s] -- Up-to-date: /home/mpcmeulensteen/blackboard_ws/install/turtlebot3_msgs/lib/python3.8/site-packages/turtlebot3_msgs/action
[1.804s] -- Up-to-date: /home/mpcmeulensteen/blackboard_ws/install/turtlebot3_msgs/lib/python3.8/site-packages/turtlebot3_msgs/action/_patrol_s.c
[1.804s] -- Up-to-date: /home/mpcmeulensteen/blackboard_ws/install/turtlebot3_msgs/lib/python3.8/site-packages/turtlebot3_msgs/action/_patrol.py
[1.804s] -- Up-to-date: /home/mpcmeulensteen/blackboard_ws/install/turtlebot3_msgs/lib/python3.8/site-packages/turtlebot3_msgs/action/__init__.py
[1.806s] -- Up-to-date: /home/mpcmeulensteen/blackboard_ws/install/turtlebot3_msgs/lib/python3.8/site-packages/turtlebot3_msgs/turtlebot3_msgs_s__rosidl_typesupport_fastrtps_c.cpython-38-x86_64-linux-gnu.so
[1.806s] -- Up-to-date: /home/mpcmeulensteen/blackboard_ws/install/turtlebot3_msgs/lib/python3.8/site-packages/turtlebot3_msgs/turtlebot3_msgs_s__rosidl_typesupport_introspection_c.cpython-38-x86_64-linux-gnu.so
[1.808s] -- Up-to-date: /home/mpcmeulensteen/blackboard_ws/install/turtlebot3_msgs/lib/python3.8/site-packages/turtlebot3_msgs/turtlebot3_msgs_s__rosidl_typesupport_c.cpython-38-x86_64-linux-gnu.so
[1.808s] -- Up-to-date: /home/mpcmeulensteen/blackboard_ws/install/turtlebot3_msgs/lib/libturtlebot3_msgs__python.so
[1.809s] -- Up-to-date: /home/mpcmeulensteen/blackboard_ws/install/turtlebot3_msgs/share/turtlebot3_msgs/msg/SensorState.idl
[1.809s] -- Up-to-date: /home/mpcmeulensteen/blackboard_ws/install/turtlebot3_msgs/share/turtlebot3_msgs/msg/Sound.idl
[1.809s] -- Up-to-date: /home/mpcmeulensteen/blackboard_ws/install/turtlebot3_msgs/share/turtlebot3_msgs/msg/VersionInfo.idl
[1.809s] -- Up-to-date: /home/mpcmeulensteen/blackboard_ws/install/turtlebot3_msgs/share/turtlebot3_msgs/srv/Sound.idl
[1.810s] -- Up-to-date: /home/mpcmeulensteen/blackboard_ws/install/turtlebot3_msgs/share/turtlebot3_msgs/srv/Dqn.idl
[1.810s] -- Up-to-date: /home/mpcmeulensteen/blackboard_ws/install/turtlebot3_msgs/share/turtlebot3_msgs/action/Patrol.idl
[1.810s] -- Up-to-date: /home/mpcmeulensteen/blackboard_ws/install/turtlebot3_msgs/share/turtlebot3_msgs/msg/SensorState.msg
[1.811s] -- Up-to-date: /home/mpcmeulensteen/blackboard_ws/install/turtlebot3_msgs/share/turtlebot3_msgs/msg/Sound.msg
[1.811s] -- Up-to-date: /home/mpcmeulensteen/blackboard_ws/install/turtlebot3_msgs/share/turtlebot3_msgs/msg/VersionInfo.msg
[1.811s] -- Up-to-date: /home/mpcmeulensteen/blackboard_ws/install/turtlebot3_msgs/share/turtlebot3_msgs/srv/Sound.srv
[1.811s] -- Up-to-date: /home/mpcmeulensteen/blackboard_ws/install/turtlebot3_msgs/share/turtlebot3_msgs/srv/Sound_Request.msg
[1.812s] -- Up-to-date: /home/mpcmeulensteen/blackboard_ws/install/turtlebot3_msgs/share/turtlebot3_msgs/srv/Sound_Response.msg
[1.812s] -- Up-to-date: /home/mpcmeulensteen/blackboard_ws/install/turtlebot3_msgs/share/turtlebot3_msgs/srv/Dqn.srv
[1.812s] -- Up-to-date: /home/mpcmeulensteen/blackboard_ws/install/turtlebot3_msgs/share/turtlebot3_msgs/srv/Dqn_Request.msg
[1.812s] -- Up-to-date: /home/mpcmeulensteen/blackboard_ws/install/turtlebot3_msgs/share/turtlebot3_msgs/srv/Dqn_Response.msg
[1.812s] -- Up-to-date: /home/mpcmeulensteen/blackboard_ws/install/turtlebot3_msgs/share/turtlebot3_msgs/action/Patrol.action
[1.813s] -- Up-to-date: /home/mpcmeulensteen/blackboard_ws/install/turtlebot3_msgs/share/ament_index/resource_index/package_run_dependencies/turtlebot3_msgs
[1.813s] -- Up-to-date: /home/mpcmeulensteen/blackboard_ws/install/turtlebot3_msgs/share/ament_index/resource_index/parent_prefix_path/turtlebot3_msgs
[1.813s] -- Up-to-date: /home/mpcmeulensteen/blackboard_ws/install/turtlebot3_msgs/share/turtlebot3_msgs/environment/ament_prefix_path.sh
[1.813s] -- Up-to-date: /home/mpcmeulensteen/blackboard_ws/install/turtlebot3_msgs/share/turtlebot3_msgs/environment/ament_prefix_path.dsv
[1.814s] -- Up-to-date: /home/mpcmeulensteen/blackboard_ws/install/turtlebot3_msgs/share/turtlebot3_msgs/environment/path.sh
[1.814s] -- Up-to-date: /home/mpcmeulensteen/blackboard_ws/install/turtlebot3_msgs/share/turtlebot3_msgs/environment/path.dsv
[1.814s] -- Up-to-date: /home/mpcmeulensteen/blackboard_ws/install/turtlebot3_msgs/share/turtlebot3_msgs/local_setup.bash
[1.814s] -- Up-to-date: /home/mpcmeulensteen/blackboard_ws/install/turtlebot3_msgs/share/turtlebot3_msgs/local_setup.sh
[1.814s] -- Up-to-date: /home/mpcmeulensteen/blackboard_ws/install/turtlebot3_msgs/share/turtlebot3_msgs/local_setup.zsh
[1.818s] -- Up-to-date: /home/mpcmeulensteen/blackboard_ws/install/turtlebot3_msgs/share/turtlebot3_msgs/local_setup.dsv
[1.819s] -- Installing: /home/mpcmeulensteen/blackboard_ws/install/turtlebot3_msgs/share/turtlebot3_msgs/package.dsv
[1.819s] -- Up-to-date: /home/mpcmeulensteen/blackboard_ws/install/turtlebot3_msgs/share/ament_index/resource_index/packages/turtlebot3_msgs
[1.820s] -- Up-to-date: /home/mpcmeulensteen/blackboard_ws/install/turtlebot3_msgs/share/turtlebot3_msgs/cmake/turtlebot3_msgs__rosidl_generator_cExport.cmake
[1.820s] -- Up-to-date: /home/mpcmeulensteen/blackboard_ws/install/turtlebot3_msgs/share/turtlebot3_msgs/cmake/turtlebot3_msgs__rosidl_generator_cExport-noconfig.cmake
[1.820s] -- Up-to-date: /home/mpcmeulensteen/blackboard_ws/install/turtlebot3_msgs/share/turtlebot3_msgs/cmake/turtlebot3_msgs__rosidl_typesupport_introspection_cExport.cmake
[1.821s] -- Up-to-date: /home/mpcmeulensteen/blackboard_ws/install/turtlebot3_msgs/share/turtlebot3_msgs/cmake/turtlebot3_msgs__rosidl_typesupport_introspection_cExport-noconfig.cmake
[1.821s] -- Up-to-date: /home/mpcmeulensteen/blackboard_ws/install/turtlebot3_msgs/share/turtlebot3_msgs/cmake/turtlebot3_msgs__rosidl_typesupport_cExport.cmake
[1.822s] -- Up-to-date: /home/mpcmeulensteen/blackboard_ws/install/turtlebot3_msgs/share/turtlebot3_msgs/cmake/turtlebot3_msgs__rosidl_typesupport_cExport-noconfig.cmake
[1.822s] -- Up-to-date: /home/mpcmeulensteen/blackboard_ws/install/turtlebot3_msgs/share/turtlebot3_msgs/cmake/turtlebot3_msgs__rosidl_generator_cppExport.cmake
[1.823s] -- Up-to-date: /home/mpcmeulensteen/blackboard_ws/install/turtlebot3_msgs/share/turtlebot3_msgs/cmake/turtlebot3_msgs__rosidl_typesupport_introspection_cppExport.cmake
[1.823s] -- Up-to-date: /home/mpcmeulensteen/blackboard_ws/install/turtlebot3_msgs/share/turtlebot3_msgs/cmake/turtlebot3_msgs__rosidl_typesupport_introspection_cppExport-noconfig.cmake
[1.825s] -- Up-to-date: /home/mpcmeulensteen/blackboard_ws/install/turtlebot3_msgs/share/turtlebot3_msgs/cmake/turtlebot3_msgs__rosidl_typesupport_cppExport.cmake
[1.825s] -- Up-to-date: /home/mpcmeulensteen/blackboard_ws/install/turtlebot3_msgs/share/turtlebot3_msgs/cmake/turtlebot3_msgs__rosidl_typesupport_cppExport-noconfig.cmake
[1.826s] -- Up-to-date: /home/mpcmeulensteen/blackboard_ws/install/turtlebot3_msgs/share/turtlebot3_msgs/cmake/rosidl_cmake-extras.cmake
[1.826s] -- Up-to-date: /home/mpcmeulensteen/blackboard_ws/install/turtlebot3_msgs/share/turtlebot3_msgs/cmake/ament_cmake_export_dependencies-extras.cmake
[1.826s] -- Up-to-date: /home/mpcmeulensteen/blackboard_ws/install/turtlebot3_msgs/share/turtlebot3_msgs/cmake/ament_cmake_export_libraries-extras.cmake
[1.826s] -- Up-to-date: /home/mpcmeulensteen/blackboard_ws/install/turtlebot3_msgs/share/turtlebot3_msgs/cmake/ament_cmake_export_targets-extras.cmake
[1.827s] -- Up-to-date: /home/mpcmeulensteen/blackboard_ws/install/turtlebot3_msgs/share/turtlebot3_msgs/cmake/ament_cmake_export_include_directories-extras.cmake
[1.827s] -- Up-to-date: /home/mpcmeulensteen/blackboard_ws/install/turtlebot3_msgs/share/turtlebot3_msgs/cmake/rosidl_cmake_export_typesupport_libraries-extras.cmake
[1.827s] -- Up-to-date: /home/mpcmeulensteen/blackboard_ws/install/turtlebot3_msgs/share/turtlebot3_msgs/cmake/rosidl_cmake_export_typesupport_targets-extras.cmake
[1.827s] -- Up-to-date: /home/mpcmeulensteen/blackboard_ws/install/turtlebot3_msgs/share/turtlebot3_msgs/cmake/turtlebot3_msgsConfig.cmake
[1.827s] -- Up-to-date: /home/mpcmeulensteen/blackboard_ws/install/turtlebot3_msgs/share/turtlebot3_msgs/cmake/turtlebot3_msgsConfig-version.cmake
[1.827s] -- Up-to-date: /home/mpcmeulensteen/blackboard_ws/install/turtlebot3_msgs/share/turtlebot3_msgs/package.xml
[1.837s] Invoked command in '/home/mpcmeulensteen/blackboard_ws/build/turtlebot3_msgs' returned '0': CMAKE_PREFIX_PATH=${CMAKE_PREFIX_PATH}:/home/mpcmeulensteen/blackboard_ws/install/turtlebot3_teleop:/home/mpcmeulensteen/blackboard_ws/install/turtlebot3_example:/home/mpcmeulensteen/blackboard_ws/install/tf_transformations:/home/mpcmeulensteen/blackboard_ws/install/ros2_blackboard:/home/mpcmeulensteen/blackboard_ws/install/ros2_bbinstance:/opt/ros/foxy /usr/bin/cmake --install /home/mpcmeulensteen/blackboard_ws/build/turtlebot3_msgs
