[0.228s] Invoking command in '/home/mpcmeulensteen/blackboard_ws/src/turtlebot3/turtlebot3_teleop': PYTHONPATH=/home/mpcmeulensteen/blackboard_ws/install/turtlebot3_teleop/lib/python3.8/site-packages:${PYTHONPATH} /usr/bin/python3 setup.py egg_info --egg-base ../../../build/turtlebot3_teleop build --build-base /home/mpcmeulensteen/blackboard_ws/build/turtlebot3_teleop/build install --prefix /home/mpcmeulensteen/blackboard_ws/install/turtlebot3_teleop --record /home/mpcmeulensteen/blackboard_ws/build/turtlebot3_teleop/install.log --single-version-externally-managed
[0.414s] running egg_info
[0.414s] creating ../../../build/turtlebot3_teleop/turtlebot3_teleop.egg-info
[0.415s] writing ../../../build/turtlebot3_teleop/turtlebot3_teleop.egg-info/PKG-INFO
[0.415s] writing dependency_links to ../../../build/turtlebot3_teleop/turtlebot3_teleop.egg-info/dependency_links.txt
[0.415s] writing entry points to ../../../build/turtlebot3_teleop/turtlebot3_teleop.egg-info/entry_points.txt
[0.416s] writing requirements to ../../../build/turtlebot3_teleop/turtlebot3_teleop.egg-info/requires.txt
[0.416s] writing top-level names to ../../../build/turtlebot3_teleop/turtlebot3_teleop.egg-info/top_level.txt
[0.417s] writing manifest file '../../../build/turtlebot3_teleop/turtlebot3_teleop.egg-info/SOURCES.txt'
[0.447s] reading manifest file '../../../build/turtlebot3_teleop/turtlebot3_teleop.egg-info/SOURCES.txt'
[0.448s] writing manifest file '../../../build/turtlebot3_teleop/turtlebot3_teleop.egg-info/SOURCES.txt'
[0.448s] running build
[0.449s] running build_py
[0.449s] creating /home/mpcmeulensteen/blackboard_ws/build/turtlebot3_teleop/build
[0.449s] creating /home/mpcmeulensteen/blackboard_ws/build/turtlebot3_teleop/build/lib
[0.449s] creating /home/mpcmeulensteen/blackboard_ws/build/turtlebot3_teleop/build/lib/turtlebot3_teleop
[0.449s] copying turtlebot3_teleop/__init__.py -> /home/mpcmeulensteen/blackboard_ws/build/turtlebot3_teleop/build/lib/turtlebot3_teleop
[0.450s] creating /home/mpcmeulensteen/blackboard_ws/build/turtlebot3_teleop/build/lib/turtlebot3_teleop/script
[0.450s] copying turtlebot3_teleop/script/teleop_keyboard.py -> /home/mpcmeulensteen/blackboard_ws/build/turtlebot3_teleop/build/lib/turtlebot3_teleop/script
[0.450s] copying turtlebot3_teleop/script/__init__.py -> /home/mpcmeulensteen/blackboard_ws/build/turtlebot3_teleop/build/lib/turtlebot3_teleop/script
[0.450s] running install
[0.451s] running install_lib
[0.452s] creating /home/mpcmeulensteen/blackboard_ws/install/turtlebot3_teleop/lib/python3.8/site-packages/turtlebot3_teleop
[0.452s] creating /home/mpcmeulensteen/blackboard_ws/install/turtlebot3_teleop/lib/python3.8/site-packages/turtlebot3_teleop/script
[0.453s] copying /home/mpcmeulensteen/blackboard_ws/build/turtlebot3_teleop/build/lib/turtlebot3_teleop/script/teleop_keyboard.py -> /home/mpcmeulensteen/blackboard_ws/install/turtlebot3_teleop/lib/python3.8/site-packages/turtlebot3_teleop/script
[0.453s] copying /home/mpcmeulensteen/blackboard_ws/build/turtlebot3_teleop/build/lib/turtlebot3_teleop/script/__init__.py -> /home/mpcmeulensteen/blackboard_ws/install/turtlebot3_teleop/lib/python3.8/site-packages/turtlebot3_teleop/script
[0.453s] copying /home/mpcmeulensteen/blackboard_ws/build/turtlebot3_teleop/build/lib/turtlebot3_teleop/__init__.py -> /home/mpcmeulensteen/blackboard_ws/install/turtlebot3_teleop/lib/python3.8/site-packages/turtlebot3_teleop
[0.454s] byte-compiling /home/mpcmeulensteen/blackboard_ws/install/turtlebot3_teleop/lib/python3.8/site-packages/turtlebot3_teleop/script/teleop_keyboard.py to teleop_keyboard.cpython-38.pyc
[0.456s] byte-compiling /home/mpcmeulensteen/blackboard_ws/install/turtlebot3_teleop/lib/python3.8/site-packages/turtlebot3_teleop/script/__init__.py to __init__.cpython-38.pyc
[0.456s] byte-compiling /home/mpcmeulensteen/blackboard_ws/install/turtlebot3_teleop/lib/python3.8/site-packages/turtlebot3_teleop/__init__.py to __init__.cpython-38.pyc
[0.456s] running install_data
[0.457s] creating /home/mpcmeulensteen/blackboard_ws/install/turtlebot3_teleop/share/ament_index
[0.457s] creating /home/mpcmeulensteen/blackboard_ws/install/turtlebot3_teleop/share/ament_index/resource_index
[0.457s] creating /home/mpcmeulensteen/blackboard_ws/install/turtlebot3_teleop/share/ament_index/resource_index/packages
[0.457s] copying resource/turtlebot3_teleop -> /home/mpcmeulensteen/blackboard_ws/install/turtlebot3_teleop/share/ament_index/resource_index/packages
[0.457s] copying package.xml -> /home/mpcmeulensteen/blackboard_ws/install/turtlebot3_teleop/share/turtlebot3_teleop
[0.458s] running install_egg_info
[0.459s] Copying ../../../build/turtlebot3_teleop/turtlebot3_teleop.egg-info to /home/mpcmeulensteen/blackboard_ws/install/turtlebot3_teleop/lib/python3.8/site-packages/turtlebot3_teleop-2.1.2-py3.8.egg-info
[0.460s] running install_scripts
[0.474s] Installing teleop_keyboard script to /home/mpcmeulensteen/blackboard_ws/install/turtlebot3_teleop/lib/turtlebot3_teleop
[0.475s] writing list of installed files to '/home/mpcmeulensteen/blackboard_ws/build/turtlebot3_teleop/install.log'
[0.500s] Invoked command in '/home/mpcmeulensteen/blackboard_ws/src/turtlebot3/turtlebot3_teleop' returned '0': PYTHONPATH=/home/mpcmeulensteen/blackboard_ws/install/turtlebot3_teleop/lib/python3.8/site-packages:${PYTHONPATH} /usr/bin/python3 setup.py egg_info --egg-base ../../../build/turtlebot3_teleop build --build-base /home/mpcmeulensteen/blackboard_ws/build/turtlebot3_teleop/build install --prefix /home/mpcmeulensteen/blackboard_ws/install/turtlebot3_teleop --record /home/mpcmeulensteen/blackboard_ws/build/turtlebot3_teleop/install.log --single-version-externally-managed
