[0.016s] Invoking command in '/home/mpcmeulensteen/blackboard_ws/build/turtlebot3_node': AMENT_PREFIX_PATH=/home/mpcmeulensteen/blackboard_ws/install/turtlebot3_msgs:/home/mpcmeulensteen/blackboard_ws/install/dynamixel_sdk:${AMENT_PREFIX_PATH} CMAKE_PREFIX_PATH=/home/mpcmeulensteen/blackboard_ws/install/turtlebot3_msgs:/home/mpcmeulensteen/blackboard_ws/install/dynamixel_sdk:/opt/ros/foxy LD_LIBRARY_PATH=/home/mpcmeulensteen/blackboard_ws/install/turtlebot3_msgs/lib:/home/mpcmeulensteen/blackboard_ws/install/dynamixel_sdk/lib:${LD_LIBRARY_PATH} PYTHONPATH=/home/mpcmeulensteen/blackboard_ws/install/turtlebot3_msgs/lib/python3.8/site-packages:${PYTHONPATH} /usr/bin/cmake --build /home/mpcmeulensteen/blackboard_ws/build/turtlebot3_node -- -j2 -l2
[0.112s] [ 85%] Built target turtlebot3_node_lib
[0.147s] [100%] Built target turtlebot3_ros
[0.172s] Invoked command in '/home/mpcmeulensteen/blackboard_ws/build/turtlebot3_node' returned '0': AMENT_PREFIX_PATH=/home/mpcmeulensteen/blackboard_ws/install/turtlebot3_msgs:/home/mpcmeulensteen/blackboard_ws/install/dynamixel_sdk:${AMENT_PREFIX_PATH} CMAKE_PREFIX_PATH=/home/mpcmeulensteen/blackboard_ws/install/turtlebot3_msgs:/home/mpcmeulensteen/blackboard_ws/install/dynamixel_sdk:/opt/ros/foxy LD_LIBRARY_PATH=/home/mpcmeulensteen/blackboard_ws/install/turtlebot3_msgs/lib:/home/mpcmeulensteen/blackboard_ws/install/dynamixel_sdk/lib:${LD_LIBRARY_PATH} PYTHONPATH=/home/mpcmeulensteen/blackboard_ws/install/turtlebot3_msgs/lib/python3.8/site-packages:${PYTHONPATH} /usr/bin/cmake --build /home/mpcmeulensteen/blackboard_ws/build/turtlebot3_node -- -j2 -l2
[0.232s] Invoking command in '/home/mpcmeulensteen/blackboard_ws/build/turtlebot3_node': AMENT_PREFIX_PATH=/home/mpcmeulensteen/blackboard_ws/install/turtlebot3_msgs:/home/mpcmeulensteen/blackboard_ws/install/dynamixel_sdk:${AMENT_PREFIX_PATH} CMAKE_PREFIX_PATH=/home/mpcmeulensteen/blackboard_ws/install/turtlebot3_msgs:/home/mpcmeulensteen/blackboard_ws/install/dynamixel_sdk:/opt/ros/foxy LD_LIBRARY_PATH=/home/mpcmeulensteen/blackboard_ws/install/turtlebot3_msgs/lib:/home/mpcmeulensteen/blackboard_ws/install/dynamixel_sdk/lib:${LD_LIBRARY_PATH} PYTHONPATH=/home/mpcmeulensteen/blackboard_ws/install/turtlebot3_msgs/lib/python3.8/site-packages:${PYTHONPATH} /usr/bin/cmake --install /home/mpcmeulensteen/blackboard_ws/build/turtlebot3_node
[0.255s] -- Install configuration: ""
[0.255s] -- Up-to-date: /home/mpcmeulensteen/blackboard_ws/install/turtlebot3_node/share/turtlebot3_node/param
[0.256s] -- Up-to-date: /home/mpcmeulensteen/blackboard_ws/install/turtlebot3_node/share/turtlebot3_node/param/burger.yaml
[0.256s] -- Up-to-date: /home/mpcmeulensteen/blackboard_ws/install/turtlebot3_node/share/turtlebot3_node/param/waffle.yaml
[0.257s] -- Up-to-date: /home/mpcmeulensteen/blackboard_ws/install/turtlebot3_node/share/turtlebot3_node/param/waffle_pi.yaml
[0.257s] -- Up-to-date: /home/mpcmeulensteen/blackboard_ws/install/turtlebot3_node/lib/turtlebot3_node/turtlebot3_ros
[0.258s] -- Up-to-date: /home/mpcmeulensteen/blackboard_ws/install/turtlebot3_node/share/ament_index/resource_index/package_run_dependencies/turtlebot3_node
[0.258s] -- Up-to-date: /home/mpcmeulensteen/blackboard_ws/install/turtlebot3_node/share/ament_index/resource_index/parent_prefix_path/turtlebot3_node
[0.259s] -- Up-to-date: /home/mpcmeulensteen/blackboard_ws/install/turtlebot3_node/share/turtlebot3_node/environment/ament_prefix_path.sh
[0.259s] -- Up-to-date: /home/mpcmeulensteen/blackboard_ws/install/turtlebot3_node/share/turtlebot3_node/environment/ament_prefix_path.dsv
[0.260s] -- Up-to-date: /home/mpcmeulensteen/blackboard_ws/install/turtlebot3_node/share/turtlebot3_node/environment/path.sh
[0.260s] -- Up-to-date: /home/mpcmeulensteen/blackboard_ws/install/turtlebot3_node/share/turtlebot3_node/environment/path.dsv
[0.261s] -- Up-to-date: /home/mpcmeulensteen/blackboard_ws/install/turtlebot3_node/share/turtlebot3_node/local_setup.bash
[0.261s] -- Up-to-date: /home/mpcmeulensteen/blackboard_ws/install/turtlebot3_node/share/turtlebot3_node/local_setup.sh
[0.262s] -- Up-to-date: /home/mpcmeulensteen/blackboard_ws/install/turtlebot3_node/share/turtlebot3_node/local_setup.zsh
[0.270s] -- Up-to-date: /home/mpcmeulensteen/blackboard_ws/install/turtlebot3_node/share/turtlebot3_node/local_setup.dsv
[0.271s] -- Installing: /home/mpcmeulensteen/blackboard_ws/install/turtlebot3_node/share/turtlebot3_node/package.dsv
[0.271s] -- Up-to-date: /home/mpcmeulensteen/blackboard_ws/install/turtlebot3_node/share/ament_index/resource_index/packages/turtlebot3_node
[0.272s] -- Up-to-date: /home/mpcmeulensteen/blackboard_ws/install/turtlebot3_node/share/turtlebot3_node/cmake/ament_cmake_export_include_directories-extras.cmake
[0.272s] -- Up-to-date: /home/mpcmeulensteen/blackboard_ws/install/turtlebot3_node/share/turtlebot3_node/cmake/turtlebot3_nodeConfig.cmake
[0.273s] -- Up-to-date: /home/mpcmeulensteen/blackboard_ws/install/turtlebot3_node/share/turtlebot3_node/cmake/turtlebot3_nodeConfig-version.cmake
[0.273s] -- Up-to-date: /home/mpcmeulensteen/blackboard_ws/install/turtlebot3_node/share/turtlebot3_node/package.xml
[0.274s] Invoked command in '/home/mpcmeulensteen/blackboard_ws/build/turtlebot3_node' returned '0': AMENT_PREFIX_PATH=/home/mpcmeulensteen/blackboard_ws/install/turtlebot3_msgs:/home/mpcmeulensteen/blackboard_ws/install/dynamixel_sdk:${AMENT_PREFIX_PATH} CMAKE_PREFIX_PATH=/home/mpcmeulensteen/blackboard_ws/install/turtlebot3_msgs:/home/mpcmeulensteen/blackboard_ws/install/dynamixel_sdk:/opt/ros/foxy LD_LIBRARY_PATH=/home/mpcmeulensteen/blackboard_ws/install/turtlebot3_msgs/lib:/home/mpcmeulensteen/blackboard_ws/install/dynamixel_sdk/lib:${LD_LIBRARY_PATH} PYTHONPATH=/home/mpcmeulensteen/blackboard_ws/install/turtlebot3_msgs/lib/python3.8/site-packages:${PYTHONPATH} /usr/bin/cmake --install /home/mpcmeulensteen/blackboard_ws/build/turtlebot3_node
