[0.813s] Invoking command in '/home/mpcmeulensteen/blackboard_ws/src/blackboard': PYTHONPATH=/home/mpcmeulensteen/blackboard_ws/install/blackboard/lib/python3.8/site-packages:${PYTHONPATH} /usr/bin/python3 setup.py egg_info --egg-base ../../build/blackboard build --build-base /home/mpcmeulensteen/blackboard_ws/build/blackboard/build install --prefix /home/mpcmeulensteen/blackboard_ws/install/blackboard --record /home/mpcmeulensteen/blackboard_ws/build/blackboard/install.log --single-version-externally-managed
[1.497s] running egg_info
[1.499s] writing ../../build/blackboard/blackboard.egg-info/PKG-INFO
[1.500s] writing dependency_links to ../../build/blackboard/blackboard.egg-info/dependency_links.txt
[1.501s] writing entry points to ../../build/blackboard/blackboard.egg-info/entry_points.txt
[1.502s] writing requirements to ../../build/blackboard/blackboard.egg-info/requires.txt
[1.502s] writing top-level names to ../../build/blackboard/blackboard.egg-info/top_level.txt
[1.604s] reading manifest file '../../build/blackboard/blackboard.egg-info/SOURCES.txt'
[1.606s] writing manifest file '../../build/blackboard/blackboard.egg-info/SOURCES.txt'
[1.609s] running build
[1.613s] running build_py
[1.615s] running install
[1.617s] running install_lib
[1.619s] running install_data
[1.622s] running install_egg_info
[1.625s] removing '/home/mpcmeulensteen/blackboard_ws/install/blackboard/lib/python3.8/site-packages/blackboard-0.0.0-py3.8.egg-info' (and everything under it)
[1.626s] Copying ../../build/blackboard/blackboard.egg-info to /home/mpcmeulensteen/blackboard_ws/install/blackboard/lib/python3.8/site-packages/blackboard-0.0.0-py3.8.egg-info
[1.628s] running install_scripts
[1.656s] writing list of installed files to '/home/mpcmeulensteen/blackboard_ws/build/blackboard/install.log'
[1.687s] Invoked command in '/home/mpcmeulensteen/blackboard_ws/src/blackboard' returned '0': PYTHONPATH=/home/mpcmeulensteen/blackboard_ws/install/blackboard/lib/python3.8/site-packages:${PYTHONPATH} /usr/bin/python3 setup.py egg_info --egg-base ../../build/blackboard build --build-base /home/mpcmeulensteen/blackboard_ws/build/blackboard/build install --prefix /home/mpcmeulensteen/blackboard_ws/install/blackboard --record /home/mpcmeulensteen/blackboard_ws/build/blackboard/install.log --single-version-externally-managed
