[0.041s] Invoking command in '/home/mpcmeulensteen/blackboard_ws/build/turtlebot3_gazebo': CMAKE_PREFIX_PATH=/home/mpcmeulensteen/blackboard_ws/install/turtlebot3_description:/home/mpcmeulensteen/blackboard_ws/install/turtlebot3:/home/mpcmeulensteen/blackboard_ws/install/turtlebot3_simulations:/home/mpcmeulensteen/blackboard_ws/install/turtlebot3_bringup:/home/mpcmeulensteen/blackboard_ws/install/turtlebot3_node:/home/mpcmeulensteen/blackboard_ws/install/turtlebot3_navigation2:/home/mpcmeulensteen/blackboard_ws/install/turtlebot3_fake_node:/home/mpcmeulensteen/blackboard_ws/install/turtlebot3_msgs:/home/mpcmeulensteen/blackboard_ws/install/turtlebot3_gazebo:/home/mpcmeulensteen/blackboard_ws/install/turtlebot3_cartographer:/home/mpcmeulensteen/blackboard_ws/install/robot1:/home/mpcmeulensteen/blackboard_ws/install/python_qt_binding:/home/mpcmeulensteen/blackboard_ws/install/navigation_cartographer:/home/mpcmeulensteen/blackboard_ws/install/navigation:/home/mpcmeulensteen/blackboard_ws/install/navigate_robot_pkg:/home/mpcmeulensteen/blackboard_ws/install/move_base_msgs:/home/mpcmeulensteen/blackboard_ws/install/message_pkg:/home/mpcmeulensteen/blackboard_ws/install/map_msgs:/home/mpcmeulensteen/blackboard_ws/install/hls_lfcd_lds_driver:/home/mpcmeulensteen/blackboard_ws/install/dynamixel_sdk_examples:/home/mpcmeulensteen/blackboard_ws/install/dynamixel_sdk_custom_interfaces:/home/mpcmeulensteen/blackboard_ws/install/dynamixel_sdk:/home/mpcmeulensteen/blackboard_ws/install/blackboard:/home/mpcmeulensteen/blackboard_ws/install/bbinstance:/home/mpcmeulensteen/blackboard_ws/install/turtlebot3_teleop:/home/mpcmeulensteen/blackboard_ws/install/turtlebot3_example:/home/mpcmeulensteen/blackboard_ws/install/tf_transformations:/home/mpcmeulensteen/blackboard_ws/install/ros2_blackboard:/home/mpcmeulensteen/blackboard_ws/install/ros2_bbinstance:/opt/ros/foxy /usr/bin/cmake --build /home/mpcmeulensteen/blackboard_ws/build/turtlebot3_gazebo -- -j2 -l2
[0.402s] [ 25%] Built target obstacle2
[0.414s] [ 50%] Built target obstacles
[0.544s] [ 75%] Built target turtlebot3_drive
[0.580s] [100%] Built target obstacle1
[0.665s] Invoked command in '/home/mpcmeulensteen/blackboard_ws/build/turtlebot3_gazebo' returned '0': CMAKE_PREFIX_PATH=/home/mpcmeulensteen/blackboard_ws/install/turtlebot3_description:/home/mpcmeulensteen/blackboard_ws/install/turtlebot3:/home/mpcmeulensteen/blackboard_ws/install/turtlebot3_simulations:/home/mpcmeulensteen/blackboard_ws/install/turtlebot3_bringup:/home/mpcmeulensteen/blackboard_ws/install/turtlebot3_node:/home/mpcmeulensteen/blackboard_ws/install/turtlebot3_navigation2:/home/mpcmeulensteen/blackboard_ws/install/turtlebot3_fake_node:/home/mpcmeulensteen/blackboard_ws/install/turtlebot3_msgs:/home/mpcmeulensteen/blackboard_ws/install/turtlebot3_gazebo:/home/mpcmeulensteen/blackboard_ws/install/turtlebot3_cartographer:/home/mpcmeulensteen/blackboard_ws/install/robot1:/home/mpcmeulensteen/blackboard_ws/install/python_qt_binding:/home/mpcmeulensteen/blackboard_ws/install/navigation_cartographer:/home/mpcmeulensteen/blackboard_ws/install/navigation:/home/mpcmeulensteen/blackboard_ws/install/navigate_robot_pkg:/home/mpcmeulensteen/blackboard_ws/install/move_base_msgs:/home/mpcmeulensteen/blackboard_ws/install/message_pkg:/home/mpcmeulensteen/blackboard_ws/install/map_msgs:/home/mpcmeulensteen/blackboard_ws/install/hls_lfcd_lds_driver:/home/mpcmeulensteen/blackboard_ws/install/dynamixel_sdk_examples:/home/mpcmeulensteen/blackboard_ws/install/dynamixel_sdk_custom_interfaces:/home/mpcmeulensteen/blackboard_ws/install/dynamixel_sdk:/home/mpcmeulensteen/blackboard_ws/install/blackboard:/home/mpcmeulensteen/blackboard_ws/install/bbinstance:/home/mpcmeulensteen/blackboard_ws/install/turtlebot3_teleop:/home/mpcmeulensteen/blackboard_ws/install/turtlebot3_example:/home/mpcmeulensteen/blackboard_ws/install/tf_transformations:/home/mpcmeulensteen/blackboard_ws/install/ros2_blackboard:/home/mpcmeulensteen/blackboard_ws/install/ros2_bbinstance:/opt/ros/foxy /usr/bin/cmake --build /home/mpcmeulensteen/blackboard_ws/build/turtlebot3_gazebo -- -j2 -l2
[0.806s] Invoking command in '/home/mpcmeulensteen/blackboard_ws/build/turtlebot3_gazebo': CMAKE_PREFIX_PATH=/home/mpcmeulensteen/blackboard_ws/install/turtlebot3_description:/home/mpcmeulensteen/blackboard_ws/install/turtlebot3:/home/mpcmeulensteen/blackboard_ws/install/turtlebot3_simulations:/home/mpcmeulensteen/blackboard_ws/install/turtlebot3_bringup:/home/mpcmeulensteen/blackboard_ws/install/turtlebot3_node:/home/mpcmeulensteen/blackboard_ws/install/turtlebot3_navigation2:/home/mpcmeulensteen/blackboard_ws/install/turtlebot3_fake_node:/home/mpcmeulensteen/blackboard_ws/install/turtlebot3_msgs:/home/mpcmeulensteen/blackboard_ws/install/turtlebot3_gazebo:/home/mpcmeulensteen/blackboard_ws/install/turtlebot3_cartographer:/home/mpcmeulensteen/blackboard_ws/install/robot1:/home/mpcmeulensteen/blackboard_ws/install/python_qt_binding:/home/mpcmeulensteen/blackboard_ws/install/navigation_cartographer:/home/mpcmeulensteen/blackboard_ws/install/navigation:/home/mpcmeulensteen/blackboard_ws/install/navigate_robot_pkg:/home/mpcmeulensteen/blackboard_ws/install/move_base_msgs:/home/mpcmeulensteen/blackboard_ws/install/message_pkg:/home/mpcmeulensteen/blackboard_ws/install/map_msgs:/home/mpcmeulensteen/blackboard_ws/install/hls_lfcd_lds_driver:/home/mpcmeulensteen/blackboard_ws/install/dynamixel_sdk_examples:/home/mpcmeulensteen/blackboard_ws/install/dynamixel_sdk_custom_interfaces:/home/mpcmeulensteen/blackboard_ws/install/dynamixel_sdk:/home/mpcmeulensteen/blackboard_ws/install/blackboard:/home/mpcmeulensteen/blackboard_ws/install/bbinstance:/home/mpcmeulensteen/blackboard_ws/install/turtlebot3_teleop:/home/mpcmeulensteen/blackboard_ws/install/turtlebot3_example:/home/mpcmeulensteen/blackboard_ws/install/tf_transformations:/home/mpcmeulensteen/blackboard_ws/install/ros2_blackboard:/home/mpcmeulensteen/blackboard_ws/install/ros2_bbinstance:/opt/ros/foxy /usr/bin/cmake --install /home/mpcmeulensteen/blackboard_ws/build/turtlebot3_gazebo
[0.857s] -- Install configuration: ""
[0.860s] -- Up-to-date: /home/mpcmeulensteen/blackboard_ws/install/turtlebot3_gazebo/lib/turtlebot3_gazebo/turtlebot3_drive
[0.862s] -- Up-to-date: /home/mpcmeulensteen/blackboard_ws/install/turtlebot3_gazebo/share/turtlebot3_gazebo//launch
[0.864s] -- Up-to-date: /home/mpcmeulensteen/blackboard_ws/install/turtlebot3_gazebo/share/turtlebot3_gazebo//launch/empty_world.launch.py
[0.865s] -- Up-to-date: /home/mpcmeulensteen/blackboard_ws/install/turtlebot3_gazebo/share/turtlebot3_gazebo//launch/turtlebot3_autorace.launch.py
[0.866s] -- Up-to-date: /home/mpcmeulensteen/blackboard_ws/install/turtlebot3_gazebo/share/turtlebot3_gazebo//launch/turtlebot3_dqn_stage1.launch.py
[0.867s] -- Up-to-date: /home/mpcmeulensteen/blackboard_ws/install/turtlebot3_gazebo/share/turtlebot3_gazebo//launch/turtlebot3_house.launch.py
[0.867s] -- Up-to-date: /home/mpcmeulensteen/blackboard_ws/install/turtlebot3_gazebo/share/turtlebot3_gazebo//launch/turtlebot3_dqn_stage2.launch.py
[0.869s] -- Up-to-date: /home/mpcmeulensteen/blackboard_ws/install/turtlebot3_gazebo/share/turtlebot3_gazebo//launch/turtlebot3_dqn_stage4.launch.py
[0.870s] -- Up-to-date: /home/mpcmeulensteen/blackboard_ws/install/turtlebot3_gazebo/share/turtlebot3_gazebo//launch/turtlebot3_world.launch.py
[0.871s] -- Up-to-date: /home/mpcmeulensteen/blackboard_ws/install/turtlebot3_gazebo/share/turtlebot3_gazebo//launch/turtlebot3_dqn_stage3.launch.py
[0.872s] -- Up-to-date: /home/mpcmeulensteen/blackboard_ws/install/turtlebot3_gazebo/share/turtlebot3_gazebo//launch/robot_state_publisher.launch.py
[0.873s] -- Up-to-date: /home/mpcmeulensteen/blackboard_ws/install/turtlebot3_gazebo/share/turtlebot3_gazebo//models
[0.874s] -- Up-to-date: /home/mpcmeulensteen/blackboard_ws/install/turtlebot3_gazebo/share/turtlebot3_gazebo//models/turtlebot3_world
[0.875s] -- Up-to-date: /home/mpcmeulensteen/blackboard_ws/install/turtlebot3_gazebo/share/turtlebot3_gazebo//models/turtlebot3_world/meshes
[0.877s] -- Up-to-date: /home/mpcmeulensteen/blackboard_ws/install/turtlebot3_gazebo/share/turtlebot3_gazebo//models/turtlebot3_world/meshes/wall.dae
[0.878s] -- Up-to-date: /home/mpcmeulensteen/blackboard_ws/install/turtlebot3_gazebo/share/turtlebot3_gazebo//models/turtlebot3_world/meshes/hexagon.dae
[0.878s] -- Up-to-date: /home/mpcmeulensteen/blackboard_ws/install/turtlebot3_gazebo/share/turtlebot3_gazebo//models/turtlebot3_world/model-1_4.sdf
[0.879s] -- Up-to-date: /home/mpcmeulensteen/blackboard_ws/install/turtlebot3_gazebo/share/turtlebot3_gazebo//models/turtlebot3_world/model.config
[0.880s] -- Up-to-date: /home/mpcmeulensteen/blackboard_ws/install/turtlebot3_gazebo/share/turtlebot3_gazebo//models/turtlebot3_world/model.sdf
[0.884s] -- Up-to-date: /home/mpcmeulensteen/blackboard_ws/install/turtlebot3_gazebo/share/turtlebot3_gazebo//models/turtlebot3_waffle
[0.884s] -- Up-to-date: /home/mpcmeulensteen/blackboard_ws/install/turtlebot3_gazebo/share/turtlebot3_gazebo//models/turtlebot3_waffle/meshes
[0.884s] -- Up-to-date: /home/mpcmeulensteen/blackboard_ws/install/turtlebot3_gazebo/share/turtlebot3_gazebo//models/turtlebot3_waffle/meshes/lds.dae
[0.884s] -- Up-to-date: /home/mpcmeulensteen/blackboard_ws/install/turtlebot3_gazebo/share/turtlebot3_gazebo//models/turtlebot3_waffle/meshes/tire.dae
[0.885s] -- Up-to-date: /home/mpcmeulensteen/blackboard_ws/install/turtlebot3_gazebo/share/turtlebot3_gazebo//models/turtlebot3_waffle/meshes/r200.dae
[0.886s] -- Up-to-date: /home/mpcmeulensteen/blackboard_ws/install/turtlebot3_gazebo/share/turtlebot3_gazebo//models/turtlebot3_waffle/meshes/waffle_base.dae
[0.887s] -- Up-to-date: /home/mpcmeulensteen/blackboard_ws/install/turtlebot3_gazebo/share/turtlebot3_gazebo//models/turtlebot3_waffle/model-1_4.sdf
[0.888s] -- Up-to-date: /home/mpcmeulensteen/blackboard_ws/install/turtlebot3_gazebo/share/turtlebot3_gazebo//models/turtlebot3_waffle/model.config
[0.889s] -- Up-to-date: /home/mpcmeulensteen/blackboard_ws/install/turtlebot3_gazebo/share/turtlebot3_gazebo//models/turtlebot3_waffle/model.sdf
[0.889s] -- Up-to-date: /home/mpcmeulensteen/blackboard_ws/install/turtlebot3_gazebo/share/turtlebot3_gazebo//models/turtlebot3_dqn_world
[0.892s] -- Up-to-date: /home/mpcmeulensteen/blackboard_ws/install/turtlebot3_gazebo/share/turtlebot3_gazebo//models/turtlebot3_dqn_world/inner_walls
[0.894s] -- Up-to-date: /home/mpcmeulensteen/blackboard_ws/install/turtlebot3_gazebo/share/turtlebot3_gazebo//models/turtlebot3_dqn_world/inner_walls/model.config
[0.894s] -- Up-to-date: /home/mpcmeulensteen/blackboard_ws/install/turtlebot3_gazebo/share/turtlebot3_gazebo//models/turtlebot3_dqn_world/inner_walls/model.sdf
[0.896s] -- Up-to-date: /home/mpcmeulensteen/blackboard_ws/install/turtlebot3_gazebo/share/turtlebot3_gazebo//models/turtlebot3_dqn_world/model.config
[0.896s] -- Up-to-date: /home/mpcmeulensteen/blackboard_ws/install/turtlebot3_gazebo/share/turtlebot3_gazebo//models/turtlebot3_dqn_world/obstacles
[0.899s] -- Up-to-date: /home/mpcmeulensteen/blackboard_ws/install/turtlebot3_gazebo/share/turtlebot3_gazebo//models/turtlebot3_dqn_world/obstacles/model.config
[0.899s] -- Up-to-date: /home/mpcmeulensteen/blackboard_ws/install/turtlebot3_gazebo/share/turtlebot3_gazebo//models/turtlebot3_dqn_world/obstacles/model.sdf
[0.899s] -- Up-to-date: /home/mpcmeulensteen/blackboard_ws/install/turtlebot3_gazebo/share/turtlebot3_gazebo//models/turtlebot3_dqn_world/obstacle2
[0.900s] -- Up-to-date: /home/mpcmeulensteen/blackboard_ws/install/turtlebot3_gazebo/share/turtlebot3_gazebo//models/turtlebot3_dqn_world/obstacle2/model.config
[0.904s] -- Up-to-date: /home/mpcmeulensteen/blackboard_ws/install/turtlebot3_gazebo/share/turtlebot3_gazebo//models/turtlebot3_dqn_world/obstacle2/model.sdf
[0.905s] -- Up-to-date: /home/mpcmeulensteen/blackboard_ws/install/turtlebot3_gazebo/share/turtlebot3_gazebo//models/turtlebot3_dqn_world/goal_box
[0.905s] -- Up-to-date: /home/mpcmeulensteen/blackboard_ws/install/turtlebot3_gazebo/share/turtlebot3_gazebo//models/turtlebot3_dqn_world/goal_box/model.config
[0.909s] -- Up-to-date: /home/mpcmeulensteen/blackboard_ws/install/turtlebot3_gazebo/share/turtlebot3_gazebo//models/turtlebot3_dqn_world/goal_box/model.sdf
[0.909s] -- Up-to-date: /home/mpcmeulensteen/blackboard_ws/install/turtlebot3_gazebo/share/turtlebot3_gazebo//models/turtlebot3_dqn_world/obstacle1
[0.909s] -- Up-to-date: /home/mpcmeulensteen/blackboard_ws/install/turtlebot3_gazebo/share/turtlebot3_gazebo//models/turtlebot3_dqn_world/obstacle1/model.config
[0.909s] -- Up-to-date: /home/mpcmeulensteen/blackboard_ws/install/turtlebot3_gazebo/share/turtlebot3_gazebo//models/turtlebot3_dqn_world/obstacle1/model.sdf
[0.909s] -- Up-to-date: /home/mpcmeulensteen/blackboard_ws/install/turtlebot3_gazebo/share/turtlebot3_gazebo//models/turtlebot3_dqn_world/model.sdf
[0.909s] -- Up-to-date: /home/mpcmeulensteen/blackboard_ws/install/turtlebot3_gazebo/share/turtlebot3_gazebo//models/turtlebot3_dqn_world/obstacle_plugin
[0.910s] -- Up-to-date: /home/mpcmeulensteen/blackboard_ws/install/turtlebot3_gazebo/share/turtlebot3_gazebo//models/turtlebot3_dqn_world/obstacle_plugin/obstacle1.cc
[0.910s] -- Up-to-date: /home/mpcmeulensteen/blackboard_ws/install/turtlebot3_gazebo/share/turtlebot3_gazebo//models/turtlebot3_dqn_world/obstacle_plugin/CMakeLists.txt
[0.910s] -- Up-to-date: /home/mpcmeulensteen/blackboard_ws/install/turtlebot3_gazebo/share/turtlebot3_gazebo//models/turtlebot3_dqn_world/obstacle_plugin/obstacles.cc
[0.910s] -- Up-to-date: /home/mpcmeulensteen/blackboard_ws/install/turtlebot3_gazebo/share/turtlebot3_gazebo//models/turtlebot3_dqn_world/obstacle_plugin/obstacle2.cc
[0.910s] -- Up-to-date: /home/mpcmeulensteen/blackboard_ws/install/turtlebot3_gazebo/share/turtlebot3_gazebo//models/turtlebot3_burger
[0.910s] -- Up-to-date: /home/mpcmeulensteen/blackboard_ws/install/turtlebot3_gazebo/share/turtlebot3_gazebo//models/turtlebot3_burger/meshes
[0.910s] -- Up-to-date: /home/mpcmeulensteen/blackboard_ws/install/turtlebot3_gazebo/share/turtlebot3_gazebo//models/turtlebot3_burger/meshes/lds.dae
[0.910s] -- Up-to-date: /home/mpcmeulensteen/blackboard_ws/install/turtlebot3_gazebo/share/turtlebot3_gazebo//models/turtlebot3_burger/meshes/burger_base.dae
[0.910s] -- Up-to-date: /home/mpcmeulensteen/blackboard_ws/install/turtlebot3_gazebo/share/turtlebot3_gazebo//models/turtlebot3_burger/meshes/tire.dae
[0.910s] -- Up-to-date: /home/mpcmeulensteen/blackboard_ws/install/turtlebot3_gazebo/share/turtlebot3_gazebo//models/turtlebot3_burger/model-1_4.sdf
[0.910s] -- Up-to-date: /home/mpcmeulensteen/blackboard_ws/install/turtlebot3_gazebo/share/turtlebot3_gazebo//models/turtlebot3_burger/model.config
[0.911s] -- Up-to-date: /home/mpcmeulensteen/blackboard_ws/install/turtlebot3_gazebo/share/turtlebot3_gazebo//models/turtlebot3_burger/model.sdf
[0.911s] -- Up-to-date: /home/mpcmeulensteen/blackboard_ws/install/turtlebot3_gazebo/share/turtlebot3_gazebo//models/turtlebot3_waffle_pi
[0.919s] -- Up-to-date: /home/mpcmeulensteen/blackboard_ws/install/turtlebot3_gazebo/share/turtlebot3_gazebo//models/turtlebot3_waffle_pi/meshes
[0.919s] -- Up-to-date: /home/mpcmeulensteen/blackboard_ws/install/turtlebot3_gazebo/share/turtlebot3_gazebo//models/turtlebot3_waffle_pi/meshes/lds.dae
[0.919s] -- Up-to-date: /home/mpcmeulensteen/blackboard_ws/install/turtlebot3_gazebo/share/turtlebot3_gazebo//models/turtlebot3_waffle_pi/meshes/tire.dae
[0.920s] -- Up-to-date: /home/mpcmeulensteen/blackboard_ws/install/turtlebot3_gazebo/share/turtlebot3_gazebo//models/turtlebot3_waffle_pi/meshes/waffle_pi_base.dae
[0.920s] -- Up-to-date: /home/mpcmeulensteen/blackboard_ws/install/turtlebot3_gazebo/share/turtlebot3_gazebo//models/turtlebot3_waffle_pi/model-1_4_.sdf
[0.920s] -- Up-to-date: /home/mpcmeulensteen/blackboard_ws/install/turtlebot3_gazebo/share/turtlebot3_gazebo//models/turtlebot3_waffle_pi/model.config
[0.920s] -- Up-to-date: /home/mpcmeulensteen/blackboard_ws/install/turtlebot3_gazebo/share/turtlebot3_gazebo//models/turtlebot3_waffle_pi/model.sdf
[0.920s] -- Up-to-date: /home/mpcmeulensteen/blackboard_ws/install/turtlebot3_gazebo/share/turtlebot3_gazebo//models/turtlebot3_house
[0.920s] -- Up-to-date: /home/mpcmeulensteen/blackboard_ws/install/turtlebot3_gazebo/share/turtlebot3_gazebo//models/turtlebot3_house/model.config
[0.920s] -- Up-to-date: /home/mpcmeulensteen/blackboard_ws/install/turtlebot3_gazebo/share/turtlebot3_gazebo//models/turtlebot3_house/model.sdf
[0.920s] -- Up-to-date: /home/mpcmeulensteen/blackboard_ws/install/turtlebot3_gazebo/share/turtlebot3_gazebo//models/turtlebot3_autorace
[0.920s] -- Up-to-date: /home/mpcmeulensteen/blackboard_ws/install/turtlebot3_gazebo/share/turtlebot3_gazebo//models/turtlebot3_autorace/traffic_light_green
[0.928s] -- Up-to-date: /home/mpcmeulensteen/blackboard_ws/install/turtlebot3_gazebo/share/turtlebot3_gazebo//models/turtlebot3_autorace/traffic_light_green/model.config
[0.929s] -- Up-to-date: /home/mpcmeulensteen/blackboard_ws/install/turtlebot3_gazebo/share/turtlebot3_gazebo//models/turtlebot3_autorace/traffic_light_green/model.sdf
[0.929s] -- Up-to-date: /home/mpcmeulensteen/blackboard_ws/install/turtlebot3_gazebo/share/turtlebot3_gazebo//models/turtlebot3_autorace/tunnel_obstacles
[0.930s] -- Up-to-date: /home/mpcmeulensteen/blackboard_ws/install/turtlebot3_gazebo/share/turtlebot3_gazebo//models/turtlebot3_autorace/tunnel_obstacles/model.config
[0.930s] -- Up-to-date: /home/mpcmeulensteen/blackboard_ws/install/turtlebot3_gazebo/share/turtlebot3_gazebo//models/turtlebot3_autorace/tunnel_obstacles/model.sdf
[0.931s] -- Up-to-date: /home/mpcmeulensteen/blackboard_ws/install/turtlebot3_gazebo/share/turtlebot3_gazebo//models/turtlebot3_autorace/traffic_light_red
[0.932s] -- Up-to-date: /home/mpcmeulensteen/blackboard_ws/install/turtlebot3_gazebo/share/turtlebot3_gazebo//models/turtlebot3_autorace/traffic_light_red/model.config
[0.933s] -- Up-to-date: /home/mpcmeulensteen/blackboard_ws/install/turtlebot3_gazebo/share/turtlebot3_gazebo//models/turtlebot3_autorace/traffic_light_red/model.sdf
[0.934s] -- Up-to-date: /home/mpcmeulensteen/blackboard_ws/install/turtlebot3_gazebo/share/turtlebot3_gazebo//models/turtlebot3_autorace/model.config
[0.935s] -- Up-to-date: /home/mpcmeulensteen/blackboard_ws/install/turtlebot3_gazebo/share/turtlebot3_gazebo//models/turtlebot3_autorace/course
[0.935s] -- Up-to-date: /home/mpcmeulensteen/blackboard_ws/install/turtlebot3_gazebo/share/turtlebot3_gazebo//models/turtlebot3_autorace/course/model.config
[0.936s] -- Up-to-date: /home/mpcmeulensteen/blackboard_ws/install/turtlebot3_gazebo/share/turtlebot3_gazebo//models/turtlebot3_autorace/course/materials
[0.937s] -- Up-to-date: /home/mpcmeulensteen/blackboard_ws/install/turtlebot3_gazebo/share/turtlebot3_gazebo//models/turtlebot3_autorace/course/materials/scripts
[0.939s] -- Up-to-date: /home/mpcmeulensteen/blackboard_ws/install/turtlebot3_gazebo/share/turtlebot3_gazebo//models/turtlebot3_autorace/course/materials/scripts/course.material
[0.940s] -- Up-to-date: /home/mpcmeulensteen/blackboard_ws/install/turtlebot3_gazebo/share/turtlebot3_gazebo//models/turtlebot3_autorace/course/materials/textures
[0.940s] -- Up-to-date: /home/mpcmeulensteen/blackboard_ws/install/turtlebot3_gazebo/share/turtlebot3_gazebo//models/turtlebot3_autorace/course/materials/textures/course.png
[0.941s] -- Up-to-date: /home/mpcmeulensteen/blackboard_ws/install/turtlebot3_gazebo/share/turtlebot3_gazebo//models/turtlebot3_autorace/course/model.sdf
[0.944s] -- Up-to-date: /home/mpcmeulensteen/blackboard_ws/install/turtlebot3_gazebo/share/turtlebot3_gazebo//models/turtlebot3_autorace/lights
[0.945s] -- Up-to-date: /home/mpcmeulensteen/blackboard_ws/install/turtlebot3_gazebo/share/turtlebot3_gazebo//models/turtlebot3_autorace/lights/model.config
[0.946s] -- Up-to-date: /home/mpcmeulensteen/blackboard_ws/install/turtlebot3_gazebo/share/turtlebot3_gazebo//models/turtlebot3_autorace/lights/model.sdf
[0.947s] -- Up-to-date: /home/mpcmeulensteen/blackboard_ws/install/turtlebot3_gazebo/share/turtlebot3_gazebo//models/turtlebot3_autorace/tunnel_wall
[0.948s] -- Up-to-date: /home/mpcmeulensteen/blackboard_ws/install/turtlebot3_gazebo/share/turtlebot3_gazebo//models/turtlebot3_autorace/tunnel_wall/model.config
[0.949s] -- Up-to-date: /home/mpcmeulensteen/blackboard_ws/install/turtlebot3_gazebo/share/turtlebot3_gazebo//models/turtlebot3_autorace/tunnel_wall/model.sdf
[0.950s] -- Up-to-date: /home/mpcmeulensteen/blackboard_ws/install/turtlebot3_gazebo/share/turtlebot3_gazebo//models/turtlebot3_autorace/traffic_stop
[0.950s] -- Up-to-date: /home/mpcmeulensteen/blackboard_ws/install/turtlebot3_gazebo/share/turtlebot3_gazebo//models/turtlebot3_autorace/traffic_stop/model.config
[0.951s] -- Up-to-date: /home/mpcmeulensteen/blackboard_ws/install/turtlebot3_gazebo/share/turtlebot3_gazebo//models/turtlebot3_autorace/traffic_stop/materials
[0.953s] -- Up-to-date: /home/mpcmeulensteen/blackboard_ws/install/turtlebot3_gazebo/share/turtlebot3_gazebo//models/turtlebot3_autorace/traffic_stop/materials/scripts
[0.953s] -- Up-to-date: /home/mpcmeulensteen/blackboard_ws/install/turtlebot3_gazebo/share/turtlebot3_gazebo//models/turtlebot3_autorace/traffic_stop/materials/scripts/traffic_stop.material
[0.954s] -- Up-to-date: /home/mpcmeulensteen/blackboard_ws/install/turtlebot3_gazebo/share/turtlebot3_gazebo//models/turtlebot3_autorace/traffic_stop/materials/textures
[0.954s] -- Up-to-date: /home/mpcmeulensteen/blackboard_ws/install/turtlebot3_gazebo/share/turtlebot3_gazebo//models/turtlebot3_autorace/traffic_stop/materials/textures/traffic_stop.png
[0.957s] -- Up-to-date: /home/mpcmeulensteen/blackboard_ws/install/turtlebot3_gazebo/share/turtlebot3_gazebo//models/turtlebot3_autorace/traffic_stop/model.sdf
[0.957s] -- Up-to-date: /home/mpcmeulensteen/blackboard_ws/install/turtlebot3_gazebo/share/turtlebot3_gazebo//models/turtlebot3_autorace/traffic_parking
[0.957s] -- Up-to-date: /home/mpcmeulensteen/blackboard_ws/install/turtlebot3_gazebo/share/turtlebot3_gazebo//models/turtlebot3_autorace/traffic_parking/model.config
[0.957s] -- Up-to-date: /home/mpcmeulensteen/blackboard_ws/install/turtlebot3_gazebo/share/turtlebot3_gazebo//models/turtlebot3_autorace/traffic_parking/materials
[0.958s] -- Up-to-date: /home/mpcmeulensteen/blackboard_ws/install/turtlebot3_gazebo/share/turtlebot3_gazebo//models/turtlebot3_autorace/traffic_parking/materials/scripts
[0.958s] -- Up-to-date: /home/mpcmeulensteen/blackboard_ws/install/turtlebot3_gazebo/share/turtlebot3_gazebo//models/turtlebot3_autorace/traffic_parking/materials/scripts/traffic_parking.material
[0.958s] -- Up-to-date: /home/mpcmeulensteen/blackboard_ws/install/turtlebot3_gazebo/share/turtlebot3_gazebo//models/turtlebot3_autorace/traffic_parking/materials/textures
[0.958s] -- Up-to-date: /home/mpcmeulensteen/blackboard_ws/install/turtlebot3_gazebo/share/turtlebot3_gazebo//models/turtlebot3_autorace/traffic_parking/materials/textures/traffic_parking.png
[0.958s] -- Up-to-date: /home/mpcmeulensteen/blackboard_ws/install/turtlebot3_gazebo/share/turtlebot3_gazebo//models/turtlebot3_autorace/traffic_parking/model.sdf
[0.961s] -- Up-to-date: /home/mpcmeulensteen/blackboard_ws/install/turtlebot3_gazebo/share/turtlebot3_gazebo//models/turtlebot3_autorace/traffic_bar_down
[0.961s] -- Up-to-date: /home/mpcmeulensteen/blackboard_ws/install/turtlebot3_gazebo/share/turtlebot3_gazebo//models/turtlebot3_autorace/traffic_bar_down/model.config
[0.962s] -- Up-to-date: /home/mpcmeulensteen/blackboard_ws/install/turtlebot3_gazebo/share/turtlebot3_gazebo//models/turtlebot3_autorace/traffic_bar_down/materials
[0.962s] -- Up-to-date: /home/mpcmeulensteen/blackboard_ws/install/turtlebot3_gazebo/share/turtlebot3_gazebo//models/turtlebot3_autorace/traffic_bar_down/materials/scripts
[0.962s] -- Up-to-date: /home/mpcmeulensteen/blackboard_ws/install/turtlebot3_gazebo/share/turtlebot3_gazebo//models/turtlebot3_autorace/traffic_bar_down/materials/scripts/traffic_bar.material
[0.964s] -- Up-to-date: /home/mpcmeulensteen/blackboard_ws/install/turtlebot3_gazebo/share/turtlebot3_gazebo//models/turtlebot3_autorace/traffic_bar_down/materials/textures
[0.965s] -- Up-to-date: /home/mpcmeulensteen/blackboard_ws/install/turtlebot3_gazebo/share/turtlebot3_gazebo//models/turtlebot3_autorace/traffic_bar_down/materials/textures/traffic_bar.png
[0.965s] -- Up-to-date: /home/mpcmeulensteen/blackboard_ws/install/turtlebot3_gazebo/share/turtlebot3_gazebo//models/turtlebot3_autorace/traffic_bar_down/model.sdf
[0.969s] -- Up-to-date: /home/mpcmeulensteen/blackboard_ws/install/turtlebot3_gazebo/share/turtlebot3_gazebo//models/turtlebot3_autorace/traffic_tunnel
[0.969s] -- Up-to-date: /home/mpcmeulensteen/blackboard_ws/install/turtlebot3_gazebo/share/turtlebot3_gazebo//models/turtlebot3_autorace/traffic_tunnel/model.config
[0.970s] -- Up-to-date: /home/mpcmeulensteen/blackboard_ws/install/turtlebot3_gazebo/share/turtlebot3_gazebo//models/turtlebot3_autorace/traffic_tunnel/materials
[0.970s] -- Up-to-date: /home/mpcmeulensteen/blackboard_ws/install/turtlebot3_gazebo/share/turtlebot3_gazebo//models/turtlebot3_autorace/traffic_tunnel/materials/scripts
[0.970s] -- Up-to-date: /home/mpcmeulensteen/blackboard_ws/install/turtlebot3_gazebo/share/turtlebot3_gazebo//models/turtlebot3_autorace/traffic_tunnel/materials/scripts/tunnel.material
[0.971s] -- Up-to-date: /home/mpcmeulensteen/blackboard_ws/install/turtlebot3_gazebo/share/turtlebot3_gazebo//models/turtlebot3_autorace/traffic_tunnel/materials/textures
[0.971s] -- Up-to-date: /home/mpcmeulensteen/blackboard_ws/install/turtlebot3_gazebo/share/turtlebot3_gazebo//models/turtlebot3_autorace/traffic_tunnel/materials/textures/tunnel.png
[0.971s] -- Up-to-date: /home/mpcmeulensteen/blackboard_ws/install/turtlebot3_gazebo/share/turtlebot3_gazebo//models/turtlebot3_autorace/traffic_tunnel/model.sdf
[0.972s] -- Up-to-date: /home/mpcmeulensteen/blackboard_ws/install/turtlebot3_gazebo/share/turtlebot3_gazebo//models/turtlebot3_autorace/traffic_bar_up
[0.972s] -- Up-to-date: /home/mpcmeulensteen/blackboard_ws/install/turtlebot3_gazebo/share/turtlebot3_gazebo//models/turtlebot3_autorace/traffic_bar_up/model.config
[0.973s] -- Up-to-date: /home/mpcmeulensteen/blackboard_ws/install/turtlebot3_gazebo/share/turtlebot3_gazebo//models/turtlebot3_autorace/traffic_bar_up/materials
[0.973s] -- Up-to-date: /home/mpcmeulensteen/blackboard_ws/install/turtlebot3_gazebo/share/turtlebot3_gazebo//models/turtlebot3_autorace/traffic_bar_up/materials/scripts
[0.977s] -- Up-to-date: /home/mpcmeulensteen/blackboard_ws/install/turtlebot3_gazebo/share/turtlebot3_gazebo//models/turtlebot3_autorace/traffic_bar_up/materials/scripts/traffic_bar.material
[0.977s] -- Up-to-date: /home/mpcmeulensteen/blackboard_ws/install/turtlebot3_gazebo/share/turtlebot3_gazebo//models/turtlebot3_autorace/traffic_bar_up/materials/textures
[0.978s] -- Up-to-date: /home/mpcmeulensteen/blackboard_ws/install/turtlebot3_gazebo/share/turtlebot3_gazebo//models/turtlebot3_autorace/traffic_bar_up/materials/textures/traffic_bar.png
[0.978s] -- Up-to-date: /home/mpcmeulensteen/blackboard_ws/install/turtlebot3_gazebo/share/turtlebot3_gazebo//models/turtlebot3_autorace/traffic_bar_up/model.sdf
[0.978s] -- Up-to-date: /home/mpcmeulensteen/blackboard_ws/install/turtlebot3_gazebo/share/turtlebot3_gazebo//models/turtlebot3_autorace/ground
[0.979s] -- Up-to-date: /home/mpcmeulensteen/blackboard_ws/install/turtlebot3_gazebo/share/turtlebot3_gazebo//models/turtlebot3_autorace/ground/model.config
[0.979s] -- Up-to-date: /home/mpcmeulensteen/blackboard_ws/install/turtlebot3_gazebo/share/turtlebot3_gazebo//models/turtlebot3_autorace/ground/model.sdf
[0.979s] -- Up-to-date: /home/mpcmeulensteen/blackboard_ws/install/turtlebot3_gazebo/share/turtlebot3_gazebo//models/turtlebot3_autorace/traffic_light_yellow
[0.980s] -- Up-to-date: /home/mpcmeulensteen/blackboard_ws/install/turtlebot3_gazebo/share/turtlebot3_gazebo//models/turtlebot3_autorace/traffic_light_yellow/model.config
[0.980s] -- Up-to-date: /home/mpcmeulensteen/blackboard_ws/install/turtlebot3_gazebo/share/turtlebot3_gazebo//models/turtlebot3_autorace/traffic_light_yellow/model.sdf
[0.982s] -- Up-to-date: /home/mpcmeulensteen/blackboard_ws/install/turtlebot3_gazebo/share/turtlebot3_gazebo//rviz
[0.982s] -- Up-to-date: /home/mpcmeulensteen/blackboard_ws/install/turtlebot3_gazebo/share/turtlebot3_gazebo//rviz/tb3_gazebo.rviz
[0.983s] -- Up-to-date: /home/mpcmeulensteen/blackboard_ws/install/turtlebot3_gazebo/share/turtlebot3_gazebo//worlds
[0.983s] -- Up-to-date: /home/mpcmeulensteen/blackboard_ws/install/turtlebot3_gazebo/share/turtlebot3_gazebo//worlds/turtlebot3_dqn_stage4
[0.983s] -- Up-to-date: /home/mpcmeulensteen/blackboard_ws/install/turtlebot3_gazebo/share/turtlebot3_gazebo//worlds/turtlebot3_dqn_stage4/waffle_pi.model
[0.983s] -- Up-to-date: /home/mpcmeulensteen/blackboard_ws/install/turtlebot3_gazebo/share/turtlebot3_gazebo//worlds/turtlebot3_dqn_stage4/burger.model
[0.984s] -- Up-to-date: /home/mpcmeulensteen/blackboard_ws/install/turtlebot3_gazebo/share/turtlebot3_gazebo//worlds/turtlebot3_dqn_stage4/waffle.model
[0.984s] -- Up-to-date: /home/mpcmeulensteen/blackboard_ws/install/turtlebot3_gazebo/share/turtlebot3_gazebo//worlds/turtlebot3_autoraces
[0.984s] -- Up-to-date: /home/mpcmeulensteen/blackboard_ws/install/turtlebot3_gazebo/share/turtlebot3_gazebo//worlds/turtlebot3_autoraces/waffle_pi.model
[0.984s] -- Up-to-date: /home/mpcmeulensteen/blackboard_ws/install/turtlebot3_gazebo/share/turtlebot3_gazebo//worlds/turtlebot3_autoraces/burger.model
[0.993s] -- Up-to-date: /home/mpcmeulensteen/blackboard_ws/install/turtlebot3_gazebo/share/turtlebot3_gazebo//worlds/turtlebot3_autoraces/waffle.model
[0.993s] -- Up-to-date: /home/mpcmeulensteen/blackboard_ws/install/turtlebot3_gazebo/share/turtlebot3_gazebo//worlds/turtlebot3_worlds
[0.994s] -- Up-to-date: /home/mpcmeulensteen/blackboard_ws/install/turtlebot3_gazebo/share/turtlebot3_gazebo//worlds/turtlebot3_worlds/waffle_pi.model
[0.994s] -- Up-to-date: /home/mpcmeulensteen/blackboard_ws/install/turtlebot3_gazebo/share/turtlebot3_gazebo//worlds/turtlebot3_worlds/burger.model
[0.994s] -- Up-to-date: /home/mpcmeulensteen/blackboard_ws/install/turtlebot3_gazebo/share/turtlebot3_gazebo//worlds/turtlebot3_worlds/waffle.model
[0.995s] -- Up-to-date: /home/mpcmeulensteen/blackboard_ws/install/turtlebot3_gazebo/share/turtlebot3_gazebo//worlds/turtlebot3_dqn_stage2
[0.995s] -- Up-to-date: /home/mpcmeulensteen/blackboard_ws/install/turtlebot3_gazebo/share/turtlebot3_gazebo//worlds/turtlebot3_dqn_stage2/waffle_pi.model
[0.995s] -- Up-to-date: /home/mpcmeulensteen/blackboard_ws/install/turtlebot3_gazebo/share/turtlebot3_gazebo//worlds/turtlebot3_dqn_stage2/burger.model
[0.996s] -- Up-to-date: /home/mpcmeulensteen/blackboard_ws/install/turtlebot3_gazebo/share/turtlebot3_gazebo//worlds/turtlebot3_dqn_stage2/waffle.model
[0.996s] -- Up-to-date: /home/mpcmeulensteen/blackboard_ws/install/turtlebot3_gazebo/share/turtlebot3_gazebo//worlds/turtlebot3_dqn_stage1
[0.996s] -- Up-to-date: /home/mpcmeulensteen/blackboard_ws/install/turtlebot3_gazebo/share/turtlebot3_gazebo//worlds/turtlebot3_dqn_stage1/waffle_pi.model
[0.997s] -- Up-to-date: /home/mpcmeulensteen/blackboard_ws/install/turtlebot3_gazebo/share/turtlebot3_gazebo//worlds/turtlebot3_dqn_stage1/burger.model
[0.997s] -- Up-to-date: /home/mpcmeulensteen/blackboard_ws/install/turtlebot3_gazebo/share/turtlebot3_gazebo//worlds/turtlebot3_dqn_stage1/waffle.model
[0.997s] -- Up-to-date: /home/mpcmeulensteen/blackboard_ws/install/turtlebot3_gazebo/share/turtlebot3_gazebo//worlds/empty_worlds
[0.998s] -- Up-to-date: /home/mpcmeulensteen/blackboard_ws/install/turtlebot3_gazebo/share/turtlebot3_gazebo//worlds/empty_worlds/waffle_pi.model
[0.998s] -- Up-to-date: /home/mpcmeulensteen/blackboard_ws/install/turtlebot3_gazebo/share/turtlebot3_gazebo//worlds/empty_worlds/burger.model
[0.998s] -- Up-to-date: /home/mpcmeulensteen/blackboard_ws/install/turtlebot3_gazebo/share/turtlebot3_gazebo//worlds/empty_worlds/waffle.model
[0.999s] -- Up-to-date: /home/mpcmeulensteen/blackboard_ws/install/turtlebot3_gazebo/share/turtlebot3_gazebo//worlds/turtlebot3_houses
[0.999s] -- Up-to-date: /home/mpcmeulensteen/blackboard_ws/install/turtlebot3_gazebo/share/turtlebot3_gazebo//worlds/turtlebot3_houses/waffle_pi.model
[0.999s] -- Up-to-date: /home/mpcmeulensteen/blackboard_ws/install/turtlebot3_gazebo/share/turtlebot3_gazebo//worlds/turtlebot3_houses/burger.model
[1.005s] -- Up-to-date: /home/mpcmeulensteen/blackboard_ws/install/turtlebot3_gazebo/share/turtlebot3_gazebo//worlds/turtlebot3_houses/waffle.model
[1.005s] -- Up-to-date: /home/mpcmeulensteen/blackboard_ws/install/turtlebot3_gazebo/share/turtlebot3_gazebo//worlds/turtlebot3_dqn_stage3
[1.005s] -- Up-to-date: /home/mpcmeulensteen/blackboard_ws/install/turtlebot3_gazebo/share/turtlebot3_gazebo//worlds/turtlebot3_dqn_stage3/waffle_pi.model
[1.006s] -- Up-to-date: /home/mpcmeulensteen/blackboard_ws/install/turtlebot3_gazebo/share/turtlebot3_gazebo//worlds/turtlebot3_dqn_stage3/burger.model
[1.006s] -- Up-to-date: /home/mpcmeulensteen/blackboard_ws/install/turtlebot3_gazebo/share/turtlebot3_gazebo//worlds/turtlebot3_dqn_stage3/waffle.model
[1.007s] -- Up-to-date: /home/mpcmeulensteen/blackboard_ws/install/turtlebot3_gazebo/include/
[1.007s] -- Up-to-date: /home/mpcmeulensteen/blackboard_ws/install/turtlebot3_gazebo/include//turtlebot3_gazebo
[1.007s] -- Up-to-date: /home/mpcmeulensteen/blackboard_ws/install/turtlebot3_gazebo/include//turtlebot3_gazebo/turtlebot3_drive.hpp
[1.008s] -- Up-to-date: /home/mpcmeulensteen/blackboard_ws/install/turtlebot3_gazebo/share/ament_index/resource_index/package_run_dependencies/turtlebot3_gazebo
[1.008s] -- Up-to-date: /home/mpcmeulensteen/blackboard_ws/install/turtlebot3_gazebo/share/ament_index/resource_index/parent_prefix_path/turtlebot3_gazebo
[1.008s] -- Up-to-date: /home/mpcmeulensteen/blackboard_ws/install/turtlebot3_gazebo/share/turtlebot3_gazebo/environment/ament_prefix_path.sh
[1.009s] -- Up-to-date: /home/mpcmeulensteen/blackboard_ws/install/turtlebot3_gazebo/share/turtlebot3_gazebo/environment/ament_prefix_path.dsv
[1.009s] -- Up-to-date: /home/mpcmeulensteen/blackboard_ws/install/turtlebot3_gazebo/share/turtlebot3_gazebo/environment/path.sh
[1.009s] -- Up-to-date: /home/mpcmeulensteen/blackboard_ws/install/turtlebot3_gazebo/share/turtlebot3_gazebo/environment/path.dsv
[1.010s] -- Up-to-date: /home/mpcmeulensteen/blackboard_ws/install/turtlebot3_gazebo/share/turtlebot3_gazebo/local_setup.bash
[1.010s] -- Up-to-date: /home/mpcmeulensteen/blackboard_ws/install/turtlebot3_gazebo/share/turtlebot3_gazebo/local_setup.sh
[1.013s] -- Up-to-date: /home/mpcmeulensteen/blackboard_ws/install/turtlebot3_gazebo/share/turtlebot3_gazebo/local_setup.zsh
[1.014s] -- Up-to-date: /home/mpcmeulensteen/blackboard_ws/install/turtlebot3_gazebo/share/turtlebot3_gazebo/local_setup.dsv
[1.014s] -- Installing: /home/mpcmeulensteen/blackboard_ws/install/turtlebot3_gazebo/share/turtlebot3_gazebo/package.dsv
[1.014s] -- Up-to-date: /home/mpcmeulensteen/blackboard_ws/install/turtlebot3_gazebo/share/ament_index/resource_index/packages/turtlebot3_gazebo
[1.015s] -- Up-to-date: /home/mpcmeulensteen/blackboard_ws/install/turtlebot3_gazebo/share/turtlebot3_gazebo/cmake/ament_cmake_export_include_directories-extras.cmake
[1.015s] -- Up-to-date: /home/mpcmeulensteen/blackboard_ws/install/turtlebot3_gazebo/share/turtlebot3_gazebo/cmake/ament_cmake_export_dependencies-extras.cmake
[1.015s] -- Up-to-date: /home/mpcmeulensteen/blackboard_ws/install/turtlebot3_gazebo/share/turtlebot3_gazebo/cmake/turtlebot3_gazeboConfig.cmake
[1.018s] -- Up-to-date: /home/mpcmeulensteen/blackboard_ws/install/turtlebot3_gazebo/share/turtlebot3_gazebo/cmake/turtlebot3_gazeboConfig-version.cmake
[1.018s] -- Up-to-date: /home/mpcmeulensteen/blackboard_ws/install/turtlebot3_gazebo/share/turtlebot3_gazebo/package.xml
[1.388s] Invoked command in '/home/mpcmeulensteen/blackboard_ws/build/turtlebot3_gazebo' returned '0': CMAKE_PREFIX_PATH=/home/mpcmeulensteen/blackboard_ws/install/turtlebot3_description:/home/mpcmeulensteen/blackboard_ws/install/turtlebot3:/home/mpcmeulensteen/blackboard_ws/install/turtlebot3_simulations:/home/mpcmeulensteen/blackboard_ws/install/turtlebot3_bringup:/home/mpcmeulensteen/blackboard_ws/install/turtlebot3_node:/home/mpcmeulensteen/blackboard_ws/install/turtlebot3_navigation2:/home/mpcmeulensteen/blackboard_ws/install/turtlebot3_fake_node:/home/mpcmeulensteen/blackboard_ws/install/turtlebot3_msgs:/home/mpcmeulensteen/blackboard_ws/install/turtlebot3_gazebo:/home/mpcmeulensteen/blackboard_ws/install/turtlebot3_cartographer:/home/mpcmeulensteen/blackboard_ws/install/robot1:/home/mpcmeulensteen/blackboard_ws/install/python_qt_binding:/home/mpcmeulensteen/blackboard_ws/install/navigation_cartographer:/home/mpcmeulensteen/blackboard_ws/install/navigation:/home/mpcmeulensteen/blackboard_ws/install/navigate_robot_pkg:/home/mpcmeulensteen/blackboard_ws/install/move_base_msgs:/home/mpcmeulensteen/blackboard_ws/install/message_pkg:/home/mpcmeulensteen/blackboard_ws/install/map_msgs:/home/mpcmeulensteen/blackboard_ws/install/hls_lfcd_lds_driver:/home/mpcmeulensteen/blackboard_ws/install/dynamixel_sdk_examples:/home/mpcmeulensteen/blackboard_ws/install/dynamixel_sdk_custom_interfaces:/home/mpcmeulensteen/blackboard_ws/install/dynamixel_sdk:/home/mpcmeulensteen/blackboard_ws/install/blackboard:/home/mpcmeulensteen/blackboard_ws/install/bbinstance:/home/mpcmeulensteen/blackboard_ws/install/turtlebot3_teleop:/home/mpcmeulensteen/blackboard_ws/install/turtlebot3_example:/home/mpcmeulensteen/blackboard_ws/install/tf_transformations:/home/mpcmeulensteen/blackboard_ws/install/ros2_blackboard:/home/mpcmeulensteen/blackboard_ws/install/ros2_bbinstance:/opt/ros/foxy /usr/bin/cmake --install /home/mpcmeulensteen/blackboard_ws/build/turtlebot3_gazebo
