[0.430s] Invoking command in '/home/mpcmeulensteen/blackboard_ws/src/bbinstance': PYTHONPATH=/home/mpcmeulensteen/blackboard_ws/install/bbinstance/lib/python3.8/site-packages:${PYTHONPATH} /usr/bin/python3 setup.py egg_info --egg-base ../../build/bbinstance build --build-base /home/mpcmeulensteen/blackboard_ws/build/bbinstance/build install --prefix /home/mpcmeulensteen/blackboard_ws/install/bbinstance --record /home/mpcmeulensteen/blackboard_ws/build/bbinstance/install.log --single-version-externally-managed
[1.015s] running egg_info
[1.016s] writing ../../build/bbinstance/bbinstance.egg-info/PKG-INFO
[1.017s] writing dependency_links to ../../build/bbinstance/bbinstance.egg-info/dependency_links.txt
[1.026s] writing entry points to ../../build/bbinstance/bbinstance.egg-info/entry_points.txt
[1.027s] writing requirements to ../../build/bbinstance/bbinstance.egg-info/requires.txt
[1.027s] writing top-level names to ../../build/bbinstance/bbinstance.egg-info/top_level.txt
[1.114s] reading manifest file '../../build/bbinstance/bbinstance.egg-info/SOURCES.txt'
[1.118s] writing manifest file '../../build/bbinstance/bbinstance.egg-info/SOURCES.txt'
[1.119s] running build
[1.119s] running build_py
[1.127s] running install
[1.128s] running install_lib
[1.131s] running install_data
[1.131s] running install_egg_info
[1.134s] removing '/home/mpcmeulensteen/blackboard_ws/install/bbinstance/lib/python3.8/site-packages/bbinstance-0.0.0-py3.8.egg-info' (and everything under it)
[1.146s] Copying ../../build/bbinstance/bbinstance.egg-info to /home/mpcmeulensteen/blackboard_ws/install/bbinstance/lib/python3.8/site-packages/bbinstance-0.0.0-py3.8.egg-info
[1.148s] running install_scripts
[1.204s] Installing blackboardinstance script to /home/mpcmeulensteen/blackboard_ws/install/bbinstance/lib/bbinstance
[1.205s] Installing robotInstance script to /home/mpcmeulensteen/blackboard_ws/install/bbinstance/lib/bbinstance
[1.205s] Installing robotInstance2 script to /home/mpcmeulensteen/blackboard_ws/install/bbinstance/lib/bbinstance
[1.206s] Installing robotInstance3 script to /home/mpcmeulensteen/blackboard_ws/install/bbinstance/lib/bbinstance
[1.207s] Installing robotInstance4 script to /home/mpcmeulensteen/blackboard_ws/install/bbinstance/lib/bbinstance
[1.207s] Installing taskview script to /home/mpcmeulensteen/blackboard_ws/install/bbinstance/lib/bbinstance
[1.208s] writing list of installed files to '/home/mpcmeulensteen/blackboard_ws/build/bbinstance/install.log'
[1.248s] Invoked command in '/home/mpcmeulensteen/blackboard_ws/src/bbinstance' returned '0': PYTHONPATH=/home/mpcmeulensteen/blackboard_ws/install/bbinstance/lib/python3.8/site-packages:${PYTHONPATH} /usr/bin/python3 setup.py egg_info --egg-base ../../build/bbinstance build --build-base /home/mpcmeulensteen/blackboard_ws/build/bbinstance/build install --prefix /home/mpcmeulensteen/blackboard_ws/install/bbinstance --record /home/mpcmeulensteen/blackboard_ws/build/bbinstance/install.log --single-version-externally-managed
