[0.278s] Invoking command in '/home/mpcmeulensteen/blackboard_ws/src/bbinstance': PYTHONPATH=/home/mpcmeulensteen/blackboard_ws/install/bbinstance/lib/python3.8/site-packages:${PYTHONPATH} /usr/bin/python3 setup.py egg_info --egg-base ../../build/bbinstance build --build-base /home/mpcmeulensteen/blackboard_ws/build/bbinstance/build install --prefix /home/mpcmeulensteen/blackboard_ws/install/bbinstance --record /home/mpcmeulensteen/blackboard_ws/build/bbinstance/install.log --single-version-externally-managed
[0.614s] running egg_info
[0.615s] creating ../../build/bbinstance/bbinstance.egg-info
[0.615s] writing ../../build/bbinstance/bbinstance.egg-info/PKG-INFO
[0.616s] writing dependency_links to ../../build/bbinstance/bbinstance.egg-info/dependency_links.txt
[0.616s] writing entry points to ../../build/bbinstance/bbinstance.egg-info/entry_points.txt
[0.616s] writing requirements to ../../build/bbinstance/bbinstance.egg-info/requires.txt
[0.616s] writing top-level names to ../../build/bbinstance/bbinstance.egg-info/top_level.txt
[0.619s] writing manifest file '../../build/bbinstance/bbinstance.egg-info/SOURCES.txt'
[0.654s] reading manifest file '../../build/bbinstance/bbinstance.egg-info/SOURCES.txt'
[0.655s] writing manifest file '../../build/bbinstance/bbinstance.egg-info/SOURCES.txt'
[0.674s] running build
[0.675s] running build_py
[0.675s] creating /home/mpcmeulensteen/blackboard_ws/build/bbinstance/build
[0.675s] creating /home/mpcmeulensteen/blackboard_ws/build/bbinstance/build/lib
[0.677s] creating /home/mpcmeulensteen/blackboard_ws/build/bbinstance/build/lib/bbinstance
[0.678s] copying bbinstance/__init__.py -> /home/mpcmeulensteen/blackboard_ws/build/bbinstance/build/lib/bbinstance
[0.678s] running install
[0.678s] running install_lib
[0.678s] creating /home/mpcmeulensteen/blackboard_ws/install/bbinstance/lib/python3.8/site-packages/bbinstance
[0.678s] copying /home/mpcmeulensteen/blackboard_ws/build/bbinstance/build/lib/bbinstance/__init__.py -> /home/mpcmeulensteen/blackboard_ws/install/bbinstance/lib/python3.8/site-packages/bbinstance
[0.678s] byte-compiling /home/mpcmeulensteen/blackboard_ws/install/bbinstance/lib/python3.8/site-packages/bbinstance/__init__.py to __init__.cpython-38.pyc
[0.678s] running install_data
[0.678s] copying resource/bbinstance -> /home/mpcmeulensteen/blackboard_ws/install/bbinstance/share/ament_index/resource_index/packages
[0.678s] copying package.xml -> /home/mpcmeulensteen/blackboard_ws/install/bbinstance/share/bbinstance
[0.678s] running install_egg_info
[0.678s] Copying ../../build/bbinstance/bbinstance.egg-info to /home/mpcmeulensteen/blackboard_ws/install/bbinstance/lib/python3.8/site-packages/bbinstance-0.0.0-py3.8.egg-info
[0.678s] running install_scripts
[0.687s] writing list of installed files to '/home/mpcmeulensteen/blackboard_ws/build/bbinstance/install.log'
[0.725s] Invoked command in '/home/mpcmeulensteen/blackboard_ws/src/bbinstance' returned '0': PYTHONPATH=/home/mpcmeulensteen/blackboard_ws/install/bbinstance/lib/python3.8/site-packages:${PYTHONPATH} /usr/bin/python3 setup.py egg_info --egg-base ../../build/bbinstance build --build-base /home/mpcmeulensteen/blackboard_ws/build/bbinstance/build install --prefix /home/mpcmeulensteen/blackboard_ws/install/bbinstance --record /home/mpcmeulensteen/blackboard_ws/build/bbinstance/install.log --single-version-externally-managed
