[0.057s] Invoking command in '/home/mpcmeulensteen/blackboard_ws/build/dynamixel_sdk_custom_interfaces': CMAKE_PREFIX_PATH=${CMAKE_PREFIX_PATH}:/home/mpcmeulensteen/blackboard_ws/install/turtlebot3_teleop:/home/mpcmeulensteen/blackboard_ws/install/turtlebot3_example:/home/mpcmeulensteen/blackboard_ws/install/tf_transformations:/home/mpcmeulensteen/blackboard_ws/install/ros2_blackboard:/home/mpcmeulensteen/blackboard_ws/install/ros2_bbinstance:/opt/ros/foxy /usr/bin/cmake --build /home/mpcmeulensteen/blackboard_ws/build/dynamixel_sdk_custom_interfaces -- -j2 -l2
[0.240s] [  2%] Built target dynamixel_sdk_custom_interfaces__cpp
[0.262s] [ 12%] Built target dynamixel_sdk_custom_interfaces__rosidl_generator_c
[0.291s] [ 23%] Built target dynamixel_sdk_custom_interfaces__rosidl_typesupport_cpp
[0.334s] [ 33%] Built target dynamixel_sdk_custom_interfaces__rosidl_typesupport_introspection_c
[0.340s] [ 43%] Built target dynamixel_sdk_custom_interfaces__rosidl_typesupport_fastrtps_cpp
[0.373s] [ 53%] Built target dynamixel_sdk_custom_interfaces__rosidl_typesupport_introspection_cpp
[0.431s] [ 64%] Built target dynamixel_sdk_custom_interfaces__rosidl_typesupport_c
[0.440s] [ 74%] Built target dynamixel_sdk_custom_interfaces__rosidl_typesupport_fastrtps_c
[0.492s] [ 74%] Built target dynamixel_sdk_custom_interfaces
[0.529s] [ 76%] Built target dynamixel_sdk_custom_interfaces__py
[0.581s] [ 84%] Built target dynamixel_sdk_custom_interfaces__python
[0.685s] [ 89%] Built target dynamixel_sdk_custom_interfaces__rosidl_typesupport_introspection_c__pyext
[0.706s] [ 94%] Built target dynamixel_sdk_custom_interfaces__rosidl_typesupport_c__pyext
[0.757s] [100%] Built target dynamixel_sdk_custom_interfaces__rosidl_typesupport_fastrtps_c__pyext
[0.806s] Invoked command in '/home/mpcmeulensteen/blackboard_ws/build/dynamixel_sdk_custom_interfaces' returned '0': CMAKE_PREFIX_PATH=${CMAKE_PREFIX_PATH}:/home/mpcmeulensteen/blackboard_ws/install/turtlebot3_teleop:/home/mpcmeulensteen/blackboard_ws/install/turtlebot3_example:/home/mpcmeulensteen/blackboard_ws/install/tf_transformations:/home/mpcmeulensteen/blackboard_ws/install/ros2_blackboard:/home/mpcmeulensteen/blackboard_ws/install/ros2_bbinstance:/opt/ros/foxy /usr/bin/cmake --build /home/mpcmeulensteen/blackboard_ws/build/dynamixel_sdk_custom_interfaces -- -j2 -l2
[1.016s] Invoking command in '/home/mpcmeulensteen/blackboard_ws/build/dynamixel_sdk_custom_interfaces': CMAKE_PREFIX_PATH=${CMAKE_PREFIX_PATH}:/home/mpcmeulensteen/blackboard_ws/install/turtlebot3_teleop:/home/mpcmeulensteen/blackboard_ws/install/turtlebot3_example:/home/mpcmeulensteen/blackboard_ws/install/tf_transformations:/home/mpcmeulensteen/blackboard_ws/install/ros2_blackboard:/home/mpcmeulensteen/blackboard_ws/install/ros2_bbinstance:/opt/ros/foxy /usr/bin/cmake --install /home/mpcmeulensteen/blackboard_ws/build/dynamixel_sdk_custom_interfaces
[1.056s] -- Install configuration: ""
[1.056s] -- Up-to-date: /home/mpcmeulensteen/blackboard_ws/install/dynamixel_sdk_custom_interfaces/share/ament_index/resource_index/rosidl_interfaces/dynamixel_sdk_custom_interfaces
[1.056s] -- Up-to-date: /home/mpcmeulensteen/blackboard_ws/install/dynamixel_sdk_custom_interfaces/include/dynamixel_sdk_custom_interfaces
[1.057s] -- Up-to-date: /home/mpcmeulensteen/blackboard_ws/install/dynamixel_sdk_custom_interfaces/include/dynamixel_sdk_custom_interfaces/srv
[1.057s] -- Up-to-date: /home/mpcmeulensteen/blackboard_ws/install/dynamixel_sdk_custom_interfaces/include/dynamixel_sdk_custom_interfaces/srv/get_position.h
[1.057s] -- Up-to-date: /home/mpcmeulensteen/blackboard_ws/install/dynamixel_sdk_custom_interfaces/include/dynamixel_sdk_custom_interfaces/srv/detail
[1.058s] -- Up-to-date: /home/mpcmeulensteen/blackboard_ws/install/dynamixel_sdk_custom_interfaces/include/dynamixel_sdk_custom_interfaces/srv/detail/get_position__type_support.h
[1.058s] -- Up-to-date: /home/mpcmeulensteen/blackboard_ws/install/dynamixel_sdk_custom_interfaces/include/dynamixel_sdk_custom_interfaces/srv/detail/get_position__functions.c
[1.058s] -- Up-to-date: /home/mpcmeulensteen/blackboard_ws/install/dynamixel_sdk_custom_interfaces/include/dynamixel_sdk_custom_interfaces/srv/detail/get_position__functions.h
[1.058s] -- Up-to-date: /home/mpcmeulensteen/blackboard_ws/install/dynamixel_sdk_custom_interfaces/include/dynamixel_sdk_custom_interfaces/srv/detail/get_position__struct.h
[1.060s] -- Up-to-date: /home/mpcmeulensteen/blackboard_ws/install/dynamixel_sdk_custom_interfaces/include/dynamixel_sdk_custom_interfaces/msg
[1.060s] -- Up-to-date: /home/mpcmeulensteen/blackboard_ws/install/dynamixel_sdk_custom_interfaces/include/dynamixel_sdk_custom_interfaces/msg/rosidl_generator_c__visibility_control.h
[1.061s] -- Up-to-date: /home/mpcmeulensteen/blackboard_ws/install/dynamixel_sdk_custom_interfaces/include/dynamixel_sdk_custom_interfaces/msg/set_position.h
[1.061s] -- Up-to-date: /home/mpcmeulensteen/blackboard_ws/install/dynamixel_sdk_custom_interfaces/include/dynamixel_sdk_custom_interfaces/msg/detail
[1.061s] -- Up-to-date: /home/mpcmeulensteen/blackboard_ws/install/dynamixel_sdk_custom_interfaces/include/dynamixel_sdk_custom_interfaces/msg/detail/set_position__struct.h
[1.062s] -- Up-to-date: /home/mpcmeulensteen/blackboard_ws/install/dynamixel_sdk_custom_interfaces/include/dynamixel_sdk_custom_interfaces/msg/detail/set_position__functions.c
[1.062s] -- Up-to-date: /home/mpcmeulensteen/blackboard_ws/install/dynamixel_sdk_custom_interfaces/include/dynamixel_sdk_custom_interfaces/msg/detail/set_position__functions.h
[1.062s] -- Up-to-date: /home/mpcmeulensteen/blackboard_ws/install/dynamixel_sdk_custom_interfaces/include/dynamixel_sdk_custom_interfaces/msg/detail/set_position__type_support.h
[1.063s] -- Up-to-date: /home/mpcmeulensteen/blackboard_ws/install/dynamixel_sdk_custom_interfaces/share/dynamixel_sdk_custom_interfaces/environment/library_path.sh
[1.064s] -- Up-to-date: /home/mpcmeulensteen/blackboard_ws/install/dynamixel_sdk_custom_interfaces/share/dynamixel_sdk_custom_interfaces/environment/library_path.dsv
[1.065s] -- Up-to-date: /home/mpcmeulensteen/blackboard_ws/install/dynamixel_sdk_custom_interfaces/lib/libdynamixel_sdk_custom_interfaces__rosidl_generator_c.so
[1.066s] -- Up-to-date: /home/mpcmeulensteen/blackboard_ws/install/dynamixel_sdk_custom_interfaces/include/dynamixel_sdk_custom_interfaces
[1.066s] -- Up-to-date: /home/mpcmeulensteen/blackboard_ws/install/dynamixel_sdk_custom_interfaces/include/dynamixel_sdk_custom_interfaces/srv
[1.067s] -- Up-to-date: /home/mpcmeulensteen/blackboard_ws/install/dynamixel_sdk_custom_interfaces/include/dynamixel_sdk_custom_interfaces/srv/detail
[1.067s] -- Up-to-date: /home/mpcmeulensteen/blackboard_ws/install/dynamixel_sdk_custom_interfaces/include/dynamixel_sdk_custom_interfaces/srv/detail/get_position__rosidl_typesupport_fastrtps_c.h
[1.067s] -- Up-to-date: /home/mpcmeulensteen/blackboard_ws/install/dynamixel_sdk_custom_interfaces/include/dynamixel_sdk_custom_interfaces/msg
[1.067s] -- Up-to-date: /home/mpcmeulensteen/blackboard_ws/install/dynamixel_sdk_custom_interfaces/include/dynamixel_sdk_custom_interfaces/msg/detail
[1.068s] -- Up-to-date: /home/mpcmeulensteen/blackboard_ws/install/dynamixel_sdk_custom_interfaces/include/dynamixel_sdk_custom_interfaces/msg/detail/set_position__rosidl_typesupport_fastrtps_c.h
[1.068s] -- Up-to-date: /home/mpcmeulensteen/blackboard_ws/install/dynamixel_sdk_custom_interfaces/include/dynamixel_sdk_custom_interfaces/msg/rosidl_typesupport_fastrtps_c__visibility_control.h
[1.070s] -- Up-to-date: /home/mpcmeulensteen/blackboard_ws/install/dynamixel_sdk_custom_interfaces/lib/libdynamixel_sdk_custom_interfaces__rosidl_typesupport_fastrtps_c.so
[1.071s] -- Up-to-date: /home/mpcmeulensteen/blackboard_ws/install/dynamixel_sdk_custom_interfaces/include/dynamixel_sdk_custom_interfaces
[1.071s] -- Up-to-date: /home/mpcmeulensteen/blackboard_ws/install/dynamixel_sdk_custom_interfaces/include/dynamixel_sdk_custom_interfaces/srv
[1.072s] -- Up-to-date: /home/mpcmeulensteen/blackboard_ws/install/dynamixel_sdk_custom_interfaces/include/dynamixel_sdk_custom_interfaces/srv/detail
[1.072s] -- Up-to-date: /home/mpcmeulensteen/blackboard_ws/install/dynamixel_sdk_custom_interfaces/include/dynamixel_sdk_custom_interfaces/srv/detail/get_position__rosidl_typesupport_fastrtps_cpp.hpp
[1.072s] -- Up-to-date: /home/mpcmeulensteen/blackboard_ws/install/dynamixel_sdk_custom_interfaces/include/dynamixel_sdk_custom_interfaces/srv/detail/dds_fastrtps
[1.073s] -- Up-to-date: /home/mpcmeulensteen/blackboard_ws/install/dynamixel_sdk_custom_interfaces/include/dynamixel_sdk_custom_interfaces/msg
[1.073s] -- Up-to-date: /home/mpcmeulensteen/blackboard_ws/install/dynamixel_sdk_custom_interfaces/include/dynamixel_sdk_custom_interfaces/msg/detail
[1.073s] -- Up-to-date: /home/mpcmeulensteen/blackboard_ws/install/dynamixel_sdk_custom_interfaces/include/dynamixel_sdk_custom_interfaces/msg/detail/dds_fastrtps
[1.073s] -- Up-to-date: /home/mpcmeulensteen/blackboard_ws/install/dynamixel_sdk_custom_interfaces/include/dynamixel_sdk_custom_interfaces/msg/detail/set_position__rosidl_typesupport_fastrtps_cpp.hpp
[1.074s] -- Up-to-date: /home/mpcmeulensteen/blackboard_ws/install/dynamixel_sdk_custom_interfaces/include/dynamixel_sdk_custom_interfaces/msg/rosidl_typesupport_fastrtps_cpp__visibility_control.h
[1.077s] -- Up-to-date: /home/mpcmeulensteen/blackboard_ws/install/dynamixel_sdk_custom_interfaces/lib/libdynamixel_sdk_custom_interfaces__rosidl_typesupport_fastrtps_cpp.so
[1.078s] -- Up-to-date: /home/mpcmeulensteen/blackboard_ws/install/dynamixel_sdk_custom_interfaces/include/dynamixel_sdk_custom_interfaces
[1.078s] -- Up-to-date: /home/mpcmeulensteen/blackboard_ws/install/dynamixel_sdk_custom_interfaces/include/dynamixel_sdk_custom_interfaces/srv
[1.079s] -- Up-to-date: /home/mpcmeulensteen/blackboard_ws/install/dynamixel_sdk_custom_interfaces/include/dynamixel_sdk_custom_interfaces/srv/detail
[1.080s] -- Up-to-date: /home/mpcmeulensteen/blackboard_ws/install/dynamixel_sdk_custom_interfaces/include/dynamixel_sdk_custom_interfaces/srv/detail/get_position__type_support.c
[1.080s] -- Up-to-date: /home/mpcmeulensteen/blackboard_ws/install/dynamixel_sdk_custom_interfaces/include/dynamixel_sdk_custom_interfaces/srv/detail/get_position__rosidl_typesupport_introspection_c.h
[1.081s] -- Up-to-date: /home/mpcmeulensteen/blackboard_ws/install/dynamixel_sdk_custom_interfaces/include/dynamixel_sdk_custom_interfaces/msg
[1.082s] -- Up-to-date: /home/mpcmeulensteen/blackboard_ws/install/dynamixel_sdk_custom_interfaces/include/dynamixel_sdk_custom_interfaces/msg/rosidl_typesupport_introspection_c__visibility_control.h
[1.082s] -- Up-to-date: /home/mpcmeulensteen/blackboard_ws/install/dynamixel_sdk_custom_interfaces/include/dynamixel_sdk_custom_interfaces/msg/detail
[1.082s] -- Up-to-date: /home/mpcmeulensteen/blackboard_ws/install/dynamixel_sdk_custom_interfaces/include/dynamixel_sdk_custom_interfaces/msg/detail/set_position__type_support.c
[1.082s] -- Up-to-date: /home/mpcmeulensteen/blackboard_ws/install/dynamixel_sdk_custom_interfaces/include/dynamixel_sdk_custom_interfaces/msg/detail/set_position__rosidl_typesupport_introspection_c.h
[1.084s] -- Up-to-date: /home/mpcmeulensteen/blackboard_ws/install/dynamixel_sdk_custom_interfaces/lib/libdynamixel_sdk_custom_interfaces__rosidl_typesupport_introspection_c.so
[1.085s] -- Up-to-date: /home/mpcmeulensteen/blackboard_ws/install/dynamixel_sdk_custom_interfaces/lib/libdynamixel_sdk_custom_interfaces__rosidl_typesupport_c.so
[1.086s] -- Up-to-date: /home/mpcmeulensteen/blackboard_ws/install/dynamixel_sdk_custom_interfaces/include/dynamixel_sdk_custom_interfaces
[1.086s] -- Up-to-date: /home/mpcmeulensteen/blackboard_ws/install/dynamixel_sdk_custom_interfaces/include/dynamixel_sdk_custom_interfaces/srv
[1.086s] -- Up-to-date: /home/mpcmeulensteen/blackboard_ws/install/dynamixel_sdk_custom_interfaces/include/dynamixel_sdk_custom_interfaces/srv/get_position.hpp
[1.087s] -- Up-to-date: /home/mpcmeulensteen/blackboard_ws/install/dynamixel_sdk_custom_interfaces/include/dynamixel_sdk_custom_interfaces/srv/detail
[1.087s] -- Up-to-date: /home/mpcmeulensteen/blackboard_ws/install/dynamixel_sdk_custom_interfaces/include/dynamixel_sdk_custom_interfaces/srv/detail/get_position__struct.hpp
[1.087s] -- Up-to-date: /home/mpcmeulensteen/blackboard_ws/install/dynamixel_sdk_custom_interfaces/include/dynamixel_sdk_custom_interfaces/srv/detail/get_position__traits.hpp
[1.088s] -- Up-to-date: /home/mpcmeulensteen/blackboard_ws/install/dynamixel_sdk_custom_interfaces/include/dynamixel_sdk_custom_interfaces/srv/detail/get_position__builder.hpp
[1.088s] -- Up-to-date: /home/mpcmeulensteen/blackboard_ws/install/dynamixel_sdk_custom_interfaces/include/dynamixel_sdk_custom_interfaces/msg
[1.089s] -- Up-to-date: /home/mpcmeulensteen/blackboard_ws/install/dynamixel_sdk_custom_interfaces/include/dynamixel_sdk_custom_interfaces/msg/set_position.hpp
[1.089s] -- Up-to-date: /home/mpcmeulensteen/blackboard_ws/install/dynamixel_sdk_custom_interfaces/include/dynamixel_sdk_custom_interfaces/msg/detail
[1.089s] -- Up-to-date: /home/mpcmeulensteen/blackboard_ws/install/dynamixel_sdk_custom_interfaces/include/dynamixel_sdk_custom_interfaces/msg/detail/set_position__struct.hpp
[1.089s] -- Up-to-date: /home/mpcmeulensteen/blackboard_ws/install/dynamixel_sdk_custom_interfaces/include/dynamixel_sdk_custom_interfaces/msg/detail/set_position__traits.hpp
[1.089s] -- Up-to-date: /home/mpcmeulensteen/blackboard_ws/install/dynamixel_sdk_custom_interfaces/include/dynamixel_sdk_custom_interfaces/msg/detail/set_position__builder.hpp
[1.090s] -- Up-to-date: /home/mpcmeulensteen/blackboard_ws/install/dynamixel_sdk_custom_interfaces/include/dynamixel_sdk_custom_interfaces
[1.090s] -- Up-to-date: /home/mpcmeulensteen/blackboard_ws/install/dynamixel_sdk_custom_interfaces/include/dynamixel_sdk_custom_interfaces/srv
[1.090s] -- Up-to-date: /home/mpcmeulensteen/blackboard_ws/install/dynamixel_sdk_custom_interfaces/include/dynamixel_sdk_custom_interfaces/srv/detail
[1.090s] -- Up-to-date: /home/mpcmeulensteen/blackboard_ws/install/dynamixel_sdk_custom_interfaces/include/dynamixel_sdk_custom_interfaces/srv/detail/get_position__type_support.cpp
[1.091s] -- Up-to-date: /home/mpcmeulensteen/blackboard_ws/install/dynamixel_sdk_custom_interfaces/include/dynamixel_sdk_custom_interfaces/srv/detail/get_position__rosidl_typesupport_introspection_cpp.hpp
[1.091s] -- Up-to-date: /home/mpcmeulensteen/blackboard_ws/install/dynamixel_sdk_custom_interfaces/include/dynamixel_sdk_custom_interfaces/msg
[1.091s] -- Up-to-date: /home/mpcmeulensteen/blackboard_ws/install/dynamixel_sdk_custom_interfaces/include/dynamixel_sdk_custom_interfaces/msg/detail
[1.091s] -- Up-to-date: /home/mpcmeulensteen/blackboard_ws/install/dynamixel_sdk_custom_interfaces/include/dynamixel_sdk_custom_interfaces/msg/detail/set_position__type_support.cpp
[1.091s] -- Up-to-date: /home/mpcmeulensteen/blackboard_ws/install/dynamixel_sdk_custom_interfaces/include/dynamixel_sdk_custom_interfaces/msg/detail/set_position__rosidl_typesupport_introspection_cpp.hpp
[1.093s] -- Up-to-date: /home/mpcmeulensteen/blackboard_ws/install/dynamixel_sdk_custom_interfaces/lib/libdynamixel_sdk_custom_interfaces__rosidl_typesupport_introspection_cpp.so
[1.094s] -- Up-to-date: /home/mpcmeulensteen/blackboard_ws/install/dynamixel_sdk_custom_interfaces/lib/libdynamixel_sdk_custom_interfaces__rosidl_typesupport_cpp.so
[1.095s] -- Up-to-date: /home/mpcmeulensteen/blackboard_ws/install/dynamixel_sdk_custom_interfaces/share/dynamixel_sdk_custom_interfaces/environment/pythonpath.sh
[1.095s] -- Up-to-date: /home/mpcmeulensteen/blackboard_ws/install/dynamixel_sdk_custom_interfaces/share/dynamixel_sdk_custom_interfaces/environment/pythonpath.dsv
[1.095s] -- Up-to-date: /home/mpcmeulensteen/blackboard_ws/install/dynamixel_sdk_custom_interfaces/lib/python3.8/site-packages/dynamixel_sdk_custom_interfaces/__init__.py
[1.167s] -- Up-to-date: /home/mpcmeulensteen/blackboard_ws/install/dynamixel_sdk_custom_interfaces/lib/python3.8/site-packages/dynamixel_sdk_custom_interfaces/msg
[1.168s] -- Up-to-date: /home/mpcmeulensteen/blackboard_ws/install/dynamixel_sdk_custom_interfaces/lib/python3.8/site-packages/dynamixel_sdk_custom_interfaces/msg/_set_position.py
[1.168s] -- Up-to-date: /home/mpcmeulensteen/blackboard_ws/install/dynamixel_sdk_custom_interfaces/lib/python3.8/site-packages/dynamixel_sdk_custom_interfaces/msg/_set_position_s.c
[1.168s] -- Up-to-date: /home/mpcmeulensteen/blackboard_ws/install/dynamixel_sdk_custom_interfaces/lib/python3.8/site-packages/dynamixel_sdk_custom_interfaces/msg/__init__.py
[1.168s] -- Up-to-date: /home/mpcmeulensteen/blackboard_ws/install/dynamixel_sdk_custom_interfaces/lib/python3.8/site-packages/dynamixel_sdk_custom_interfaces/srv
[1.168s] -- Up-to-date: /home/mpcmeulensteen/blackboard_ws/install/dynamixel_sdk_custom_interfaces/lib/python3.8/site-packages/dynamixel_sdk_custom_interfaces/srv/__init__.py
[1.168s] -- Up-to-date: /home/mpcmeulensteen/blackboard_ws/install/dynamixel_sdk_custom_interfaces/lib/python3.8/site-packages/dynamixel_sdk_custom_interfaces/srv/_get_position_s.c
[1.168s] -- Up-to-date: /home/mpcmeulensteen/blackboard_ws/install/dynamixel_sdk_custom_interfaces/lib/python3.8/site-packages/dynamixel_sdk_custom_interfaces/srv/_get_position.py
[1.169s] -- Up-to-date: /home/mpcmeulensteen/blackboard_ws/install/dynamixel_sdk_custom_interfaces/lib/python3.8/site-packages/dynamixel_sdk_custom_interfaces/dynamixel_sdk_custom_interfaces_s__rosidl_typesupport_fastrtps_c.cpython-38-x86_64-linux-gnu.so
[1.170s] -- Up-to-date: /home/mpcmeulensteen/blackboard_ws/install/dynamixel_sdk_custom_interfaces/lib/python3.8/site-packages/dynamixel_sdk_custom_interfaces/dynamixel_sdk_custom_interfaces_s__rosidl_typesupport_introspection_c.cpython-38-x86_64-linux-gnu.so
[1.171s] -- Up-to-date: /home/mpcmeulensteen/blackboard_ws/install/dynamixel_sdk_custom_interfaces/lib/python3.8/site-packages/dynamixel_sdk_custom_interfaces/dynamixel_sdk_custom_interfaces_s__rosidl_typesupport_c.cpython-38-x86_64-linux-gnu.so
[1.172s] -- Up-to-date: /home/mpcmeulensteen/blackboard_ws/install/dynamixel_sdk_custom_interfaces/lib/libdynamixel_sdk_custom_interfaces__python.so
[1.173s] -- Up-to-date: /home/mpcmeulensteen/blackboard_ws/install/dynamixel_sdk_custom_interfaces/share/dynamixel_sdk_custom_interfaces/msg/SetPosition.idl
[1.173s] -- Up-to-date: /home/mpcmeulensteen/blackboard_ws/install/dynamixel_sdk_custom_interfaces/share/dynamixel_sdk_custom_interfaces/srv/GetPosition.idl
[1.173s] -- Up-to-date: /home/mpcmeulensteen/blackboard_ws/install/dynamixel_sdk_custom_interfaces/share/dynamixel_sdk_custom_interfaces/msg/SetPosition.msg
[1.174s] -- Up-to-date: /home/mpcmeulensteen/blackboard_ws/install/dynamixel_sdk_custom_interfaces/share/dynamixel_sdk_custom_interfaces/srv/GetPosition.srv
[1.175s] -- Up-to-date: /home/mpcmeulensteen/blackboard_ws/install/dynamixel_sdk_custom_interfaces/share/dynamixel_sdk_custom_interfaces/srv/GetPosition_Request.msg
[1.175s] -- Up-to-date: /home/mpcmeulensteen/blackboard_ws/install/dynamixel_sdk_custom_interfaces/share/dynamixel_sdk_custom_interfaces/srv/GetPosition_Response.msg
[1.176s] -- Up-to-date: /home/mpcmeulensteen/blackboard_ws/install/dynamixel_sdk_custom_interfaces/share/ament_index/resource_index/package_run_dependencies/dynamixel_sdk_custom_interfaces
[1.176s] -- Up-to-date: /home/mpcmeulensteen/blackboard_ws/install/dynamixel_sdk_custom_interfaces/share/ament_index/resource_index/parent_prefix_path/dynamixel_sdk_custom_interfaces
[1.176s] -- Up-to-date: /home/mpcmeulensteen/blackboard_ws/install/dynamixel_sdk_custom_interfaces/share/dynamixel_sdk_custom_interfaces/environment/ament_prefix_path.sh
[1.177s] -- Up-to-date: /home/mpcmeulensteen/blackboard_ws/install/dynamixel_sdk_custom_interfaces/share/dynamixel_sdk_custom_interfaces/environment/ament_prefix_path.dsv
[1.177s] -- Up-to-date: /home/mpcmeulensteen/blackboard_ws/install/dynamixel_sdk_custom_interfaces/share/dynamixel_sdk_custom_interfaces/environment/path.sh
[1.177s] -- Up-to-date: /home/mpcmeulensteen/blackboard_ws/install/dynamixel_sdk_custom_interfaces/share/dynamixel_sdk_custom_interfaces/environment/path.dsv
[1.177s] -- Up-to-date: /home/mpcmeulensteen/blackboard_ws/install/dynamixel_sdk_custom_interfaces/share/dynamixel_sdk_custom_interfaces/local_setup.bash
[1.178s] -- Up-to-date: /home/mpcmeulensteen/blackboard_ws/install/dynamixel_sdk_custom_interfaces/share/dynamixel_sdk_custom_interfaces/local_setup.sh
[1.178s] -- Up-to-date: /home/mpcmeulensteen/blackboard_ws/install/dynamixel_sdk_custom_interfaces/share/dynamixel_sdk_custom_interfaces/local_setup.zsh
[1.178s] -- Up-to-date: /home/mpcmeulensteen/blackboard_ws/install/dynamixel_sdk_custom_interfaces/share/dynamixel_sdk_custom_interfaces/local_setup.dsv
[1.179s] -- Installing: /home/mpcmeulensteen/blackboard_ws/install/dynamixel_sdk_custom_interfaces/share/dynamixel_sdk_custom_interfaces/package.dsv
[1.179s] -- Up-to-date: /home/mpcmeulensteen/blackboard_ws/install/dynamixel_sdk_custom_interfaces/share/ament_index/resource_index/packages/dynamixel_sdk_custom_interfaces
[1.180s] -- Up-to-date: /home/mpcmeulensteen/blackboard_ws/install/dynamixel_sdk_custom_interfaces/share/dynamixel_sdk_custom_interfaces/cmake/dynamixel_sdk_custom_interfaces__rosidl_generator_cExport.cmake
[1.180s] -- Up-to-date: /home/mpcmeulensteen/blackboard_ws/install/dynamixel_sdk_custom_interfaces/share/dynamixel_sdk_custom_interfaces/cmake/dynamixel_sdk_custom_interfaces__rosidl_generator_cExport-noconfig.cmake
[1.181s] -- Up-to-date: /home/mpcmeulensteen/blackboard_ws/install/dynamixel_sdk_custom_interfaces/share/dynamixel_sdk_custom_interfaces/cmake/dynamixel_sdk_custom_interfaces__rosidl_typesupport_introspection_cExport.cmake
[1.181s] -- Up-to-date: /home/mpcmeulensteen/blackboard_ws/install/dynamixel_sdk_custom_interfaces/share/dynamixel_sdk_custom_interfaces/cmake/dynamixel_sdk_custom_interfaces__rosidl_typesupport_introspection_cExport-noconfig.cmake
[1.183s] -- Up-to-date: /home/mpcmeulensteen/blackboard_ws/install/dynamixel_sdk_custom_interfaces/share/dynamixel_sdk_custom_interfaces/cmake/dynamixel_sdk_custom_interfaces__rosidl_typesupport_cExport.cmake
[1.183s] -- Up-to-date: /home/mpcmeulensteen/blackboard_ws/install/dynamixel_sdk_custom_interfaces/share/dynamixel_sdk_custom_interfaces/cmake/dynamixel_sdk_custom_interfaces__rosidl_typesupport_cExport-noconfig.cmake
[1.185s] -- Up-to-date: /home/mpcmeulensteen/blackboard_ws/install/dynamixel_sdk_custom_interfaces/share/dynamixel_sdk_custom_interfaces/cmake/dynamixel_sdk_custom_interfaces__rosidl_generator_cppExport.cmake
[1.186s] -- Up-to-date: /home/mpcmeulensteen/blackboard_ws/install/dynamixel_sdk_custom_interfaces/share/dynamixel_sdk_custom_interfaces/cmake/dynamixel_sdk_custom_interfaces__rosidl_typesupport_introspection_cppExport.cmake
[1.187s] -- Up-to-date: /home/mpcmeulensteen/blackboard_ws/install/dynamixel_sdk_custom_interfaces/share/dynamixel_sdk_custom_interfaces/cmake/dynamixel_sdk_custom_interfaces__rosidl_typesupport_introspection_cppExport-noconfig.cmake
[1.188s] -- Up-to-date: /home/mpcmeulensteen/blackboard_ws/install/dynamixel_sdk_custom_interfaces/share/dynamixel_sdk_custom_interfaces/cmake/dynamixel_sdk_custom_interfaces__rosidl_typesupport_cppExport.cmake
[1.188s] -- Up-to-date: /home/mpcmeulensteen/blackboard_ws/install/dynamixel_sdk_custom_interfaces/share/dynamixel_sdk_custom_interfaces/cmake/dynamixel_sdk_custom_interfaces__rosidl_typesupport_cppExport-noconfig.cmake
[1.189s] -- Up-to-date: /home/mpcmeulensteen/blackboard_ws/install/dynamixel_sdk_custom_interfaces/share/dynamixel_sdk_custom_interfaces/cmake/rosidl_cmake-extras.cmake
[1.190s] -- Up-to-date: /home/mpcmeulensteen/blackboard_ws/install/dynamixel_sdk_custom_interfaces/share/dynamixel_sdk_custom_interfaces/cmake/ament_cmake_export_dependencies-extras.cmake
[1.191s] -- Up-to-date: /home/mpcmeulensteen/blackboard_ws/install/dynamixel_sdk_custom_interfaces/share/dynamixel_sdk_custom_interfaces/cmake/ament_cmake_export_libraries-extras.cmake
[1.192s] -- Up-to-date: /home/mpcmeulensteen/blackboard_ws/install/dynamixel_sdk_custom_interfaces/share/dynamixel_sdk_custom_interfaces/cmake/ament_cmake_export_targets-extras.cmake
[1.192s] -- Up-to-date: /home/mpcmeulensteen/blackboard_ws/install/dynamixel_sdk_custom_interfaces/share/dynamixel_sdk_custom_interfaces/cmake/ament_cmake_export_include_directories-extras.cmake
[1.193s] -- Up-to-date: /home/mpcmeulensteen/blackboard_ws/install/dynamixel_sdk_custom_interfaces/share/dynamixel_sdk_custom_interfaces/cmake/rosidl_cmake_export_typesupport_libraries-extras.cmake
[1.193s] -- Up-to-date: /home/mpcmeulensteen/blackboard_ws/install/dynamixel_sdk_custom_interfaces/share/dynamixel_sdk_custom_interfaces/cmake/rosidl_cmake_export_typesupport_targets-extras.cmake
[1.194s] -- Up-to-date: /home/mpcmeulensteen/blackboard_ws/install/dynamixel_sdk_custom_interfaces/share/dynamixel_sdk_custom_interfaces/cmake/dynamixel_sdk_custom_interfacesConfig.cmake
[1.194s] -- Up-to-date: /home/mpcmeulensteen/blackboard_ws/install/dynamixel_sdk_custom_interfaces/share/dynamixel_sdk_custom_interfaces/cmake/dynamixel_sdk_custom_interfacesConfig-version.cmake
[1.194s] -- Up-to-date: /home/mpcmeulensteen/blackboard_ws/install/dynamixel_sdk_custom_interfaces/share/dynamixel_sdk_custom_interfaces/package.xml
[1.210s] Invoked command in '/home/mpcmeulensteen/blackboard_ws/build/dynamixel_sdk_custom_interfaces' returned '0': CMAKE_PREFIX_PATH=${CMAKE_PREFIX_PATH}:/home/mpcmeulensteen/blackboard_ws/install/turtlebot3_teleop:/home/mpcmeulensteen/blackboard_ws/install/turtlebot3_example:/home/mpcmeulensteen/blackboard_ws/install/tf_transformations:/home/mpcmeulensteen/blackboard_ws/install/ros2_blackboard:/home/mpcmeulensteen/blackboard_ws/install/ros2_bbinstance:/opt/ros/foxy /usr/bin/cmake --install /home/mpcmeulensteen/blackboard_ws/build/dynamixel_sdk_custom_interfaces
