[0.023s] Invoking command in '/home/mpcmeulensteen/blackboard_ws/build/move_base_msgs': CMAKE_PREFIX_PATH=${CMAKE_PREFIX_PATH}:/home/mpcmeulensteen/blackboard_ws/install/turtlebot3_teleop:/home/mpcmeulensteen/blackboard_ws/install/turtlebot3_example:/home/mpcmeulensteen/blackboard_ws/install/ros2_blackboard:/home/mpcmeulensteen/turtlebot3_ws/install/turtlebot3_teleop:/home/mpcmeulensteen/turtlebot3_ws/install/turtlebot3_example:/home/mpcmeulensteen/colcon_ws/install/turtlebot3_teleop:/home/mpcmeulensteen/colcon_ws/install/turtlebot3_example:/opt/ros/foxy /usr/bin/cmake --build /home/mpcmeulensteen/blackboard_ws/build/move_base_msgs -- -j2 -l2
[0.114s] [  3%] Built target move_base_msgs__cpp
[0.123s] [ 12%] Built target move_base_msgs__rosidl_generator_c
[0.181s] [ 22%] Built target move_base_msgs__rosidl_typesupport_introspection_cpp
[0.188s] [ 32%] Built target move_base_msgs__rosidl_typesupport_fastrtps_cpp
[0.252s] [ 45%] Built target move_base_msgs__rosidl_typesupport_introspection_c
[0.255s] [ 51%] Built target move_base_msgs__rosidl_typesupport_cpp
[0.305s] [ 61%] Built target move_base_msgs__rosidl_typesupport_c
[0.312s] [ 70%] Built target move_base_msgs__rosidl_typesupport_fastrtps_c
[0.343s] [ 70%] Built target move_base_msgs
[0.394s] [ 74%] Built target move_base_msgs__py
[0.429s] [ 80%] Built target move_base_msgs__python
[0.490s] [ 87%] Built target move_base_msgs__rosidl_typesupport_c__pyext
[0.496s] [ 93%] Built target move_base_msgs__rosidl_typesupport_fastrtps_c__pyext
[0.531s] [100%] Built target move_base_msgs__rosidl_typesupport_introspection_c__pyext
[0.549s] Invoked command in '/home/mpcmeulensteen/blackboard_ws/build/move_base_msgs' returned '0': CMAKE_PREFIX_PATH=${CMAKE_PREFIX_PATH}:/home/mpcmeulensteen/blackboard_ws/install/turtlebot3_teleop:/home/mpcmeulensteen/blackboard_ws/install/turtlebot3_example:/home/mpcmeulensteen/blackboard_ws/install/ros2_blackboard:/home/mpcmeulensteen/turtlebot3_ws/install/turtlebot3_teleop:/home/mpcmeulensteen/turtlebot3_ws/install/turtlebot3_example:/home/mpcmeulensteen/colcon_ws/install/turtlebot3_teleop:/home/mpcmeulensteen/colcon_ws/install/turtlebot3_example:/opt/ros/foxy /usr/bin/cmake --build /home/mpcmeulensteen/blackboard_ws/build/move_base_msgs -- -j2 -l2
[0.671s] Invoking command in '/home/mpcmeulensteen/blackboard_ws/build/move_base_msgs': CMAKE_PREFIX_PATH=${CMAKE_PREFIX_PATH}:/home/mpcmeulensteen/blackboard_ws/install/turtlebot3_teleop:/home/mpcmeulensteen/blackboard_ws/install/turtlebot3_example:/home/mpcmeulensteen/blackboard_ws/install/ros2_blackboard:/home/mpcmeulensteen/turtlebot3_ws/install/turtlebot3_teleop:/home/mpcmeulensteen/turtlebot3_ws/install/turtlebot3_example:/home/mpcmeulensteen/colcon_ws/install/turtlebot3_teleop:/home/mpcmeulensteen/colcon_ws/install/turtlebot3_example:/opt/ros/foxy /usr/bin/cmake --install /home/mpcmeulensteen/blackboard_ws/build/move_base_msgs
[0.696s] -- Install configuration: ""
[0.696s] -- Up-to-date: /home/mpcmeulensteen/blackboard_ws/install/move_base_msgs/share/ament_index/resource_index/rosidl_interfaces/move_base_msgs
[0.696s] -- Up-to-date: /home/mpcmeulensteen/blackboard_ws/install/move_base_msgs/include/move_base_msgs
[0.696s] -- Up-to-date: /home/mpcmeulensteen/blackboard_ws/install/move_base_msgs/include/move_base_msgs/action
[0.696s] -- Up-to-date: /home/mpcmeulensteen/blackboard_ws/install/move_base_msgs/include/move_base_msgs/action/detail
[0.696s] -- Up-to-date: /home/mpcmeulensteen/blackboard_ws/install/move_base_msgs/include/move_base_msgs/action/detail/move_base__functions.c
[0.696s] -- Up-to-date: /home/mpcmeulensteen/blackboard_ws/install/move_base_msgs/include/move_base_msgs/action/detail/move_base__struct.h
[0.697s] -- Up-to-date: /home/mpcmeulensteen/blackboard_ws/install/move_base_msgs/include/move_base_msgs/action/detail/move_base__type_support.h
[0.697s] -- Up-to-date: /home/mpcmeulensteen/blackboard_ws/install/move_base_msgs/include/move_base_msgs/action/detail/move_base__functions.h
[0.697s] -- Up-to-date: /home/mpcmeulensteen/blackboard_ws/install/move_base_msgs/include/move_base_msgs/action/move_base.h
[0.703s] -- Up-to-date: /home/mpcmeulensteen/blackboard_ws/install/move_base_msgs/include/move_base_msgs/msg
[0.703s] -- Up-to-date: /home/mpcmeulensteen/blackboard_ws/install/move_base_msgs/include/move_base_msgs/msg/rosidl_generator_c__visibility_control.h
[0.703s] -- Up-to-date: /home/mpcmeulensteen/blackboard_ws/install/move_base_msgs/share/move_base_msgs/environment/library_path.sh
[0.703s] -- Up-to-date: /home/mpcmeulensteen/blackboard_ws/install/move_base_msgs/share/move_base_msgs/environment/library_path.dsv
[0.704s] -- Up-to-date: /home/mpcmeulensteen/blackboard_ws/install/move_base_msgs/lib/libmove_base_msgs__rosidl_generator_c.so
[0.704s] -- Up-to-date: /home/mpcmeulensteen/blackboard_ws/install/move_base_msgs/include/move_base_msgs
[0.706s] -- Up-to-date: /home/mpcmeulensteen/blackboard_ws/install/move_base_msgs/include/move_base_msgs/action
[0.706s] -- Up-to-date: /home/mpcmeulensteen/blackboard_ws/install/move_base_msgs/include/move_base_msgs/action/detail
[0.706s] -- Up-to-date: /home/mpcmeulensteen/blackboard_ws/install/move_base_msgs/include/move_base_msgs/action/detail/move_base__rosidl_typesupport_fastrtps_c.h
[0.706s] -- Up-to-date: /home/mpcmeulensteen/blackboard_ws/install/move_base_msgs/include/move_base_msgs/msg
[0.706s] -- Up-to-date: /home/mpcmeulensteen/blackboard_ws/install/move_base_msgs/include/move_base_msgs/msg/rosidl_typesupport_fastrtps_c__visibility_control.h
[0.706s] -- Up-to-date: /home/mpcmeulensteen/blackboard_ws/install/move_base_msgs/lib/libmove_base_msgs__rosidl_typesupport_fastrtps_c.so
[0.706s] -- Up-to-date: /home/mpcmeulensteen/blackboard_ws/install/move_base_msgs/include/move_base_msgs
[0.706s] -- Up-to-date: /home/mpcmeulensteen/blackboard_ws/install/move_base_msgs/include/move_base_msgs/action
[0.706s] -- Up-to-date: /home/mpcmeulensteen/blackboard_ws/install/move_base_msgs/include/move_base_msgs/action/detail
[0.706s] -- Up-to-date: /home/mpcmeulensteen/blackboard_ws/install/move_base_msgs/include/move_base_msgs/action/detail/dds_fastrtps
[0.706s] -- Up-to-date: /home/mpcmeulensteen/blackboard_ws/install/move_base_msgs/include/move_base_msgs/action/detail/move_base__rosidl_typesupport_fastrtps_cpp.hpp
[0.707s] -- Up-to-date: /home/mpcmeulensteen/blackboard_ws/install/move_base_msgs/include/move_base_msgs/msg
[0.707s] -- Up-to-date: /home/mpcmeulensteen/blackboard_ws/install/move_base_msgs/include/move_base_msgs/msg/rosidl_typesupport_fastrtps_cpp__visibility_control.h
[0.707s] -- Up-to-date: /home/mpcmeulensteen/blackboard_ws/install/move_base_msgs/lib/libmove_base_msgs__rosidl_typesupport_fastrtps_cpp.so
[0.707s] -- Up-to-date: /home/mpcmeulensteen/blackboard_ws/install/move_base_msgs/include/move_base_msgs
[0.707s] -- Up-to-date: /home/mpcmeulensteen/blackboard_ws/install/move_base_msgs/include/move_base_msgs/action
[0.707s] -- Up-to-date: /home/mpcmeulensteen/blackboard_ws/install/move_base_msgs/include/move_base_msgs/action/detail
[0.707s] -- Up-to-date: /home/mpcmeulensteen/blackboard_ws/install/move_base_msgs/include/move_base_msgs/action/detail/move_base__rosidl_typesupport_introspection_c.h
[0.707s] -- Up-to-date: /home/mpcmeulensteen/blackboard_ws/install/move_base_msgs/include/move_base_msgs/action/detail/move_base__type_support.c
[0.707s] -- Up-to-date: /home/mpcmeulensteen/blackboard_ws/install/move_base_msgs/include/move_base_msgs/msg
[0.707s] -- Up-to-date: /home/mpcmeulensteen/blackboard_ws/install/move_base_msgs/include/move_base_msgs/msg/rosidl_typesupport_introspection_c__visibility_control.h
[0.707s] -- Up-to-date: /home/mpcmeulensteen/blackboard_ws/install/move_base_msgs/lib/libmove_base_msgs__rosidl_typesupport_introspection_c.so
[0.707s] -- Up-to-date: /home/mpcmeulensteen/blackboard_ws/install/move_base_msgs/lib/libmove_base_msgs__rosidl_typesupport_c.so
[0.707s] -- Up-to-date: /home/mpcmeulensteen/blackboard_ws/install/move_base_msgs/include/move_base_msgs
[0.707s] -- Up-to-date: /home/mpcmeulensteen/blackboard_ws/install/move_base_msgs/include/move_base_msgs/action
[0.707s] -- Up-to-date: /home/mpcmeulensteen/blackboard_ws/install/move_base_msgs/include/move_base_msgs/action/detail
[0.707s] -- Up-to-date: /home/mpcmeulensteen/blackboard_ws/install/move_base_msgs/include/move_base_msgs/action/detail/move_base__builder.hpp
[0.707s] -- Up-to-date: /home/mpcmeulensteen/blackboard_ws/install/move_base_msgs/include/move_base_msgs/action/detail/move_base__traits.hpp
[0.708s] -- Up-to-date: /home/mpcmeulensteen/blackboard_ws/install/move_base_msgs/include/move_base_msgs/action/detail/move_base__struct.hpp
[0.708s] -- Up-to-date: /home/mpcmeulensteen/blackboard_ws/install/move_base_msgs/include/move_base_msgs/action/move_base.hpp
[0.708s] -- Up-to-date: /home/mpcmeulensteen/blackboard_ws/install/move_base_msgs/include/move_base_msgs
[0.708s] -- Up-to-date: /home/mpcmeulensteen/blackboard_ws/install/move_base_msgs/include/move_base_msgs/action
[0.708s] -- Up-to-date: /home/mpcmeulensteen/blackboard_ws/install/move_base_msgs/include/move_base_msgs/action/detail
[0.708s] -- Up-to-date: /home/mpcmeulensteen/blackboard_ws/install/move_base_msgs/include/move_base_msgs/action/detail/move_base__rosidl_typesupport_introspection_cpp.hpp
[0.708s] -- Up-to-date: /home/mpcmeulensteen/blackboard_ws/install/move_base_msgs/include/move_base_msgs/action/detail/move_base__type_support.cpp
[0.708s] -- Up-to-date: /home/mpcmeulensteen/blackboard_ws/install/move_base_msgs/lib/libmove_base_msgs__rosidl_typesupport_introspection_cpp.so
[0.708s] -- Up-to-date: /home/mpcmeulensteen/blackboard_ws/install/move_base_msgs/lib/libmove_base_msgs__rosidl_typesupport_cpp.so
[0.708s] -- Up-to-date: /home/mpcmeulensteen/blackboard_ws/install/move_base_msgs/share/move_base_msgs/environment/pythonpath.sh
[0.708s] -- Up-to-date: /home/mpcmeulensteen/blackboard_ws/install/move_base_msgs/share/move_base_msgs/environment/pythonpath.dsv
[0.708s] -- Up-to-date: /home/mpcmeulensteen/blackboard_ws/install/move_base_msgs/lib/python3.8/site-packages/move_base_msgs/__init__.py
[0.785s] -- Up-to-date: /home/mpcmeulensteen/blackboard_ws/install/move_base_msgs/lib/python3.8/site-packages/move_base_msgs/action
[0.785s] -- Up-to-date: /home/mpcmeulensteen/blackboard_ws/install/move_base_msgs/lib/python3.8/site-packages/move_base_msgs/action/_move_base_s.c
[0.785s] -- Up-to-date: /home/mpcmeulensteen/blackboard_ws/install/move_base_msgs/lib/python3.8/site-packages/move_base_msgs/action/_move_base.py
[0.785s] -- Up-to-date: /home/mpcmeulensteen/blackboard_ws/install/move_base_msgs/lib/python3.8/site-packages/move_base_msgs/action/__init__.py
[0.785s] -- Up-to-date: /home/mpcmeulensteen/blackboard_ws/install/move_base_msgs/lib/python3.8/site-packages/move_base_msgs/move_base_msgs_s__rosidl_typesupport_fastrtps_c.cpython-38-x86_64-linux-gnu.so
[0.786s] -- Up-to-date: /home/mpcmeulensteen/blackboard_ws/install/move_base_msgs/lib/python3.8/site-packages/move_base_msgs/move_base_msgs_s__rosidl_typesupport_introspection_c.cpython-38-x86_64-linux-gnu.so
[0.787s] -- Up-to-date: /home/mpcmeulensteen/blackboard_ws/install/move_base_msgs/lib/python3.8/site-packages/move_base_msgs/move_base_msgs_s__rosidl_typesupport_c.cpython-38-x86_64-linux-gnu.so
[0.787s] -- Up-to-date: /home/mpcmeulensteen/blackboard_ws/install/move_base_msgs/lib/libmove_base_msgs__python.so
[0.787s] -- Up-to-date: /home/mpcmeulensteen/blackboard_ws/install/move_base_msgs/share/move_base_msgs/action/MoveBase.idl
[0.788s] -- Up-to-date: /home/mpcmeulensteen/blackboard_ws/install/move_base_msgs/share/move_base_msgs/action/MoveBase.action
[0.788s] -- Up-to-date: /home/mpcmeulensteen/blackboard_ws/install/move_base_msgs/share/ament_index/resource_index/package_run_dependencies/move_base_msgs
[0.788s] -- Up-to-date: /home/mpcmeulensteen/blackboard_ws/install/move_base_msgs/share/ament_index/resource_index/parent_prefix_path/move_base_msgs
[0.788s] -- Up-to-date: /home/mpcmeulensteen/blackboard_ws/install/move_base_msgs/share/move_base_msgs/environment/ament_prefix_path.sh
[0.789s] -- Up-to-date: /home/mpcmeulensteen/blackboard_ws/install/move_base_msgs/share/move_base_msgs/environment/ament_prefix_path.dsv
[0.789s] -- Up-to-date: /home/mpcmeulensteen/blackboard_ws/install/move_base_msgs/share/move_base_msgs/environment/path.sh
[0.790s] -- Up-to-date: /home/mpcmeulensteen/blackboard_ws/install/move_base_msgs/share/move_base_msgs/environment/path.dsv
[0.790s] -- Up-to-date: /home/mpcmeulensteen/blackboard_ws/install/move_base_msgs/share/move_base_msgs/local_setup.bash
[0.790s] -- Up-to-date: /home/mpcmeulensteen/blackboard_ws/install/move_base_msgs/share/move_base_msgs/local_setup.sh
[0.790s] -- Up-to-date: /home/mpcmeulensteen/blackboard_ws/install/move_base_msgs/share/move_base_msgs/local_setup.zsh
[0.790s] -- Up-to-date: /home/mpcmeulensteen/blackboard_ws/install/move_base_msgs/share/move_base_msgs/local_setup.dsv
[0.791s] -- Installing: /home/mpcmeulensteen/blackboard_ws/install/move_base_msgs/share/move_base_msgs/package.dsv
[0.794s] -- Up-to-date: /home/mpcmeulensteen/blackboard_ws/install/move_base_msgs/share/ament_index/resource_index/packages/move_base_msgs
[0.794s] -- Up-to-date: /home/mpcmeulensteen/blackboard_ws/install/move_base_msgs/share/move_base_msgs/cmake/move_base_msgs__rosidl_generator_cExport.cmake
[0.795s] -- Up-to-date: /home/mpcmeulensteen/blackboard_ws/install/move_base_msgs/share/move_base_msgs/cmake/move_base_msgs__rosidl_generator_cExport-noconfig.cmake
[0.795s] -- Up-to-date: /home/mpcmeulensteen/blackboard_ws/install/move_base_msgs/share/move_base_msgs/cmake/move_base_msgs__rosidl_typesupport_introspection_cExport.cmake
[0.795s] -- Up-to-date: /home/mpcmeulensteen/blackboard_ws/install/move_base_msgs/share/move_base_msgs/cmake/move_base_msgs__rosidl_typesupport_introspection_cExport-noconfig.cmake
[0.795s] -- Up-to-date: /home/mpcmeulensteen/blackboard_ws/install/move_base_msgs/share/move_base_msgs/cmake/move_base_msgs__rosidl_typesupport_cExport.cmake
[0.796s] -- Up-to-date: /home/mpcmeulensteen/blackboard_ws/install/move_base_msgs/share/move_base_msgs/cmake/move_base_msgs__rosidl_typesupport_cExport-noconfig.cmake
[0.797s] -- Up-to-date: /home/mpcmeulensteen/blackboard_ws/install/move_base_msgs/share/move_base_msgs/cmake/move_base_msgs__rosidl_generator_cppExport.cmake
[0.797s] -- Up-to-date: /home/mpcmeulensteen/blackboard_ws/install/move_base_msgs/share/move_base_msgs/cmake/move_base_msgs__rosidl_typesupport_introspection_cppExport.cmake
[0.797s] -- Up-to-date: /home/mpcmeulensteen/blackboard_ws/install/move_base_msgs/share/move_base_msgs/cmake/move_base_msgs__rosidl_typesupport_introspection_cppExport-noconfig.cmake
[0.797s] -- Up-to-date: /home/mpcmeulensteen/blackboard_ws/install/move_base_msgs/share/move_base_msgs/cmake/move_base_msgs__rosidl_typesupport_cppExport.cmake
[0.802s] -- Up-to-date: /home/mpcmeulensteen/blackboard_ws/install/move_base_msgs/share/move_base_msgs/cmake/move_base_msgs__rosidl_typesupport_cppExport-noconfig.cmake
[0.802s] -- Up-to-date: /home/mpcmeulensteen/blackboard_ws/install/move_base_msgs/share/move_base_msgs/cmake/rosidl_cmake-extras.cmake
[0.802s] -- Up-to-date: /home/mpcmeulensteen/blackboard_ws/install/move_base_msgs/share/move_base_msgs/cmake/ament_cmake_export_dependencies-extras.cmake
[0.802s] -- Up-to-date: /home/mpcmeulensteen/blackboard_ws/install/move_base_msgs/share/move_base_msgs/cmake/ament_cmake_export_libraries-extras.cmake
[0.803s] -- Up-to-date: /home/mpcmeulensteen/blackboard_ws/install/move_base_msgs/share/move_base_msgs/cmake/ament_cmake_export_targets-extras.cmake
[0.803s] -- Up-to-date: /home/mpcmeulensteen/blackboard_ws/install/move_base_msgs/share/move_base_msgs/cmake/ament_cmake_export_include_directories-extras.cmake
[0.803s] -- Up-to-date: /home/mpcmeulensteen/blackboard_ws/install/move_base_msgs/share/move_base_msgs/cmake/rosidl_cmake_export_typesupport_libraries-extras.cmake
[0.804s] -- Up-to-date: /home/mpcmeulensteen/blackboard_ws/install/move_base_msgs/share/move_base_msgs/cmake/rosidl_cmake_export_typesupport_targets-extras.cmake
[0.804s] -- Up-to-date: /home/mpcmeulensteen/blackboard_ws/install/move_base_msgs/share/move_base_msgs/cmake/move_base_msgsConfig.cmake
[0.805s] -- Up-to-date: /home/mpcmeulensteen/blackboard_ws/install/move_base_msgs/share/move_base_msgs/cmake/move_base_msgsConfig-version.cmake
[0.805s] -- Up-to-date: /home/mpcmeulensteen/blackboard_ws/install/move_base_msgs/share/move_base_msgs/package.xml
[0.813s] Invoked command in '/home/mpcmeulensteen/blackboard_ws/build/move_base_msgs' returned '0': CMAKE_PREFIX_PATH=${CMAKE_PREFIX_PATH}:/home/mpcmeulensteen/blackboard_ws/install/turtlebot3_teleop:/home/mpcmeulensteen/blackboard_ws/install/turtlebot3_example:/home/mpcmeulensteen/blackboard_ws/install/ros2_blackboard:/home/mpcmeulensteen/turtlebot3_ws/install/turtlebot3_teleop:/home/mpcmeulensteen/turtlebot3_ws/install/turtlebot3_example:/home/mpcmeulensteen/colcon_ws/install/turtlebot3_teleop:/home/mpcmeulensteen/colcon_ws/install/turtlebot3_example:/opt/ros/foxy /usr/bin/cmake --install /home/mpcmeulensteen/blackboard_ws/build/move_base_msgs
