[0.307s] Invoking command in '/home/mpcmeulensteen/blackboard_ws/src/navigation': PYTHONPATH=/home/mpcmeulensteen/blackboard_ws/install/navigation/lib/python3.8/site-packages:${PYTHONPATH} /usr/bin/python3 setup.py egg_info --egg-base ../../build/navigation build --build-base /home/mpcmeulensteen/blackboard_ws/build/navigation/build install --prefix /home/mpcmeulensteen/blackboard_ws/install/navigation --record /home/mpcmeulensteen/blackboard_ws/build/navigation/install.log --single-version-externally-managed
[0.695s] running egg_info
[0.697s] writing ../../build/navigation/navigation.egg-info/PKG-INFO
[0.697s] writing dependency_links to ../../build/navigation/navigation.egg-info/dependency_links.txt
[0.698s] writing entry points to ../../build/navigation/navigation.egg-info/entry_points.txt
[0.698s] writing requirements to ../../build/navigation/navigation.egg-info/requires.txt
[0.699s] writing top-level names to ../../build/navigation/navigation.egg-info/top_level.txt
[0.741s] reading manifest file '../../build/navigation/navigation.egg-info/SOURCES.txt'
[0.744s] writing manifest file '../../build/navigation/navigation.egg-info/SOURCES.txt'
[0.745s] running build
[0.745s] running build_py
[0.747s] running install
[0.747s] running install_lib
[0.748s] running install_data
[0.749s] running install_egg_info
[0.751s] removing '/home/mpcmeulensteen/blackboard_ws/install/navigation/lib/python3.8/site-packages/navigation-0.0.0-py3.8.egg-info' (and everything under it)
[0.756s] Copying ../../build/navigation/navigation.egg-info to /home/mpcmeulensteen/blackboard_ws/install/navigation/lib/python3.8/site-packages/navigation-0.0.0-py3.8.egg-info
[0.757s] running install_scripts
[0.781s] writing list of installed files to '/home/mpcmeulensteen/blackboard_ws/build/navigation/install.log'
[0.803s] Invoked command in '/home/mpcmeulensteen/blackboard_ws/src/navigation' returned '0': PYTHONPATH=/home/mpcmeulensteen/blackboard_ws/install/navigation/lib/python3.8/site-packages:${PYTHONPATH} /usr/bin/python3 setup.py egg_info --egg-base ../../build/navigation build --build-base /home/mpcmeulensteen/blackboard_ws/build/navigation/build install --prefix /home/mpcmeulensteen/blackboard_ws/install/navigation --record /home/mpcmeulensteen/blackboard_ws/build/navigation/install.log --single-version-externally-managed
