[0.867s] Invoking command in '/home/mpcmeulensteen/blackboard_ws/src/blackboard': PYTHONPATH=/home/mpcmeulensteen/blackboard_ws/install/blackboard/lib/python3.8/site-packages:${PYTHONPATH} /usr/bin/python3 setup.py egg_info --egg-base ../../build/blackboard build --build-base /home/mpcmeulensteen/blackboard_ws/build/blackboard/build install --prefix /home/mpcmeulensteen/blackboard_ws/install/blackboard --record /home/mpcmeulensteen/blackboard_ws/build/blackboard/install.log --single-version-externally-managed
[1.680s] running egg_info
[1.683s] writing ../../build/blackboard/blackboard.egg-info/PKG-INFO
[1.685s] writing dependency_links to ../../build/blackboard/blackboard.egg-info/dependency_links.txt
[1.686s] writing entry points to ../../build/blackboard/blackboard.egg-info/entry_points.txt
[1.687s] writing requirements to ../../build/blackboard/blackboard.egg-info/requires.txt
[1.688s] writing top-level names to ../../build/blackboard/blackboard.egg-info/top_level.txt
[1.756s] reading manifest file '../../build/blackboard/blackboard.egg-info/SOURCES.txt'
[1.758s] writing manifest file '../../build/blackboard/blackboard.egg-info/SOURCES.txt'
[1.759s] running build
[1.759s] running build_py
[1.760s] running install
[1.762s] running install_lib
[1.765s] running install_data
[1.766s] running install_egg_info
[1.769s] removing '/home/mpcmeulensteen/blackboard_ws/install/blackboard/lib/python3.8/site-packages/blackboard-0.0.0-py3.8.egg-info' (and everything under it)
[1.770s] Copying ../../build/blackboard/blackboard.egg-info to /home/mpcmeulensteen/blackboard_ws/install/blackboard/lib/python3.8/site-packages/blackboard-0.0.0-py3.8.egg-info
[1.772s] running install_scripts
[1.818s] writing list of installed files to '/home/mpcmeulensteen/blackboard_ws/build/blackboard/install.log'
[1.869s] Invoked command in '/home/mpcmeulensteen/blackboard_ws/src/blackboard' returned '0': PYTHONPATH=/home/mpcmeulensteen/blackboard_ws/install/blackboard/lib/python3.8/site-packages:${PYTHONPATH} /usr/bin/python3 setup.py egg_info --egg-base ../../build/blackboard build --build-base /home/mpcmeulensteen/blackboard_ws/build/blackboard/build install --prefix /home/mpcmeulensteen/blackboard_ws/install/blackboard --record /home/mpcmeulensteen/blackboard_ws/build/blackboard/install.log --single-version-externally-managed
