[0.329s] Invoking command in '/home/mpcmeulensteen/blackboard_ws/src/navigation': PYTHONPATH=/home/mpcmeulensteen/blackboard_ws/install/navigation/lib/python3.8/site-packages:${PYTHONPATH} /usr/bin/python3 setup.py egg_info --egg-base ../../build/navigation build --build-base /home/mpcmeulensteen/blackboard_ws/build/navigation/build install --prefix /home/mpcmeulensteen/blackboard_ws/install/navigation --record /home/mpcmeulensteen/blackboard_ws/build/navigation/install.log --single-version-externally-managed
[0.613s] running egg_info
[0.614s] writing ../../build/navigation/navigation.egg-info/PKG-INFO
[0.614s] writing dependency_links to ../../build/navigation/navigation.egg-info/dependency_links.txt
[0.615s] writing entry points to ../../build/navigation/navigation.egg-info/entry_points.txt
[0.616s] writing requirements to ../../build/navigation/navigation.egg-info/requires.txt
[0.616s] writing top-level names to ../../build/navigation/navigation.egg-info/top_level.txt
[0.654s] reading manifest file '../../build/navigation/navigation.egg-info/SOURCES.txt'
[0.656s] writing manifest file '../../build/navigation/navigation.egg-info/SOURCES.txt'
[0.657s] running build
[0.657s] running build_py
[0.658s] running install
[0.659s] running install_lib
[0.660s] running install_data
[0.661s] running install_egg_info
[0.662s] removing '/home/mpcmeulensteen/blackboard_ws/install/navigation/lib/python3.8/site-packages/navigation-0.0.0-py3.8.egg-info' (and everything under it)
[0.663s] Copying ../../build/navigation/navigation.egg-info to /home/mpcmeulensteen/blackboard_ws/install/navigation/lib/python3.8/site-packages/navigation-0.0.0-py3.8.egg-info
[0.664s] running install_scripts
[0.688s] writing list of installed files to '/home/mpcmeulensteen/blackboard_ws/build/navigation/install.log'
[0.722s] Invoked command in '/home/mpcmeulensteen/blackboard_ws/src/navigation' returned '0': PYTHONPATH=/home/mpcmeulensteen/blackboard_ws/install/navigation/lib/python3.8/site-packages:${PYTHONPATH} /usr/bin/python3 setup.py egg_info --egg-base ../../build/navigation build --build-base /home/mpcmeulensteen/blackboard_ws/build/navigation/build install --prefix /home/mpcmeulensteen/blackboard_ws/install/navigation --record /home/mpcmeulensteen/blackboard_ws/build/navigation/install.log --single-version-externally-managed
