[0.023s] Invoking command in '/home/mpcmeulensteen/blackboard_ws/build/message_pkg': CMAKE_PREFIX_PATH=${CMAKE_PREFIX_PATH}:/home/mpcmeulensteen/blackboard_ws/install/turtlebot3_teleop:/home/mpcmeulensteen/blackboard_ws/install/turtlebot3_example:/home/mpcmeulensteen/blackboard_ws/install/tf_transformations:/home/mpcmeulensteen/blackboard_ws/install/ros2_blackboard:/home/mpcmeulensteen/blackboard_ws/install/ros2_bbinstance:/opt/ros/foxy /usr/bin/cmake --build /home/mpcmeulensteen/blackboard_ws/build/message_pkg -- -j2 -l2
[0.193s] [  1%] Built target message_pkg__cpp
[0.233s] [ 12%] Built target message_pkg__rosidl_generator_c
[0.304s] [ 23%] Built target message_pkg__rosidl_typesupport_cpp
[0.344s] [ 34%] Built target message_pkg__rosidl_typesupport_fastrtps_cpp
[0.398s] [ 46%] Built target message_pkg__rosidl_typesupport_c
[0.436s] [ 57%] Built target message_pkg__rosidl_typesupport_introspection_cpp
[0.470s] [ 68%] Built target message_pkg__rosidl_typesupport_introspection_c
[0.537s] [ 79%] Built target message_pkg__rosidl_typesupport_fastrtps_c
[0.579s] [ 79%] Built target message_pkg
[0.638s] [ 80%] Built target message_pkg__py
[0.729s] [ 90%] Built target message_pkg__python
[0.804s] [ 93%] Built target message_pkg__rosidl_typesupport_introspection_c__pyext
[0.832s] [ 96%] Built target message_pkg__rosidl_typesupport_fastrtps_c__pyext
[0.885s] [100%] Built target message_pkg__rosidl_typesupport_c__pyext
[0.912s] Invoked command in '/home/mpcmeulensteen/blackboard_ws/build/message_pkg' returned '0': CMAKE_PREFIX_PATH=${CMAKE_PREFIX_PATH}:/home/mpcmeulensteen/blackboard_ws/install/turtlebot3_teleop:/home/mpcmeulensteen/blackboard_ws/install/turtlebot3_example:/home/mpcmeulensteen/blackboard_ws/install/tf_transformations:/home/mpcmeulensteen/blackboard_ws/install/ros2_blackboard:/home/mpcmeulensteen/blackboard_ws/install/ros2_bbinstance:/opt/ros/foxy /usr/bin/cmake --build /home/mpcmeulensteen/blackboard_ws/build/message_pkg -- -j2 -l2
[1.228s] Invoking command in '/home/mpcmeulensteen/blackboard_ws/build/message_pkg': CMAKE_PREFIX_PATH=${CMAKE_PREFIX_PATH}:/home/mpcmeulensteen/blackboard_ws/install/turtlebot3_teleop:/home/mpcmeulensteen/blackboard_ws/install/turtlebot3_example:/home/mpcmeulensteen/blackboard_ws/install/tf_transformations:/home/mpcmeulensteen/blackboard_ws/install/ros2_blackboard:/home/mpcmeulensteen/blackboard_ws/install/ros2_bbinstance:/opt/ros/foxy /usr/bin/cmake --install /home/mpcmeulensteen/blackboard_ws/build/message_pkg
[1.252s] -- Install configuration: ""
[1.252s] -- Up-to-date: /home/mpcmeulensteen/blackboard_ws/install/message_pkg/share/ament_index/resource_index/rosidl_interfaces/message_pkg
[1.252s] -- Up-to-date: /home/mpcmeulensteen/blackboard_ws/install/message_pkg/include/message_pkg
[1.252s] -- Up-to-date: /home/mpcmeulensteen/blackboard_ws/install/message_pkg/include/message_pkg/msg
[1.252s] -- Up-to-date: /home/mpcmeulensteen/blackboard_ws/install/message_pkg/include/message_pkg/msg/rosidl_generator_c__visibility_control.h
[1.252s] -- Up-to-date: /home/mpcmeulensteen/blackboard_ws/install/message_pkg/include/message_pkg/msg/b_bsynch.h
[1.253s] -- Up-to-date: /home/mpcmeulensteen/blackboard_ws/install/message_pkg/include/message_pkg/msg/task_msg.h
[1.253s] -- Up-to-date: /home/mpcmeulensteen/blackboard_ws/install/message_pkg/include/message_pkg/msg/b_bbackup.h
[1.253s] -- Up-to-date: /home/mpcmeulensteen/blackboard_ws/install/message_pkg/include/message_pkg/msg/task_cost.h
[1.253s] -- Up-to-date: /home/mpcmeulensteen/blackboard_ws/install/message_pkg/include/message_pkg/msg/detail
[1.253s] -- Up-to-date: /home/mpcmeulensteen/blackboard_ws/install/message_pkg/include/message_pkg/msg/detail/task_msg__functions.h
[1.253s] -- Up-to-date: /home/mpcmeulensteen/blackboard_ws/install/message_pkg/include/message_pkg/msg/detail/b_bsync__struct.h
[1.253s] -- Up-to-date: /home/mpcmeulensteen/blackboard_ws/install/message_pkg/include/message_pkg/msg/detail/b_bsync__functions.c
[1.253s] -- Up-to-date: /home/mpcmeulensteen/blackboard_ws/install/message_pkg/include/message_pkg/msg/detail/task_state_msg__functions.h
[1.254s] -- Up-to-date: /home/mpcmeulensteen/blackboard_ws/install/message_pkg/include/message_pkg/msg/detail/b_bsynch__functions.c
[1.254s] -- Up-to-date: /home/mpcmeulensteen/blackboard_ws/install/message_pkg/include/message_pkg/msg/detail/task_msg__functions.c
[1.254s] -- Up-to-date: /home/mpcmeulensteen/blackboard_ws/install/message_pkg/include/message_pkg/msg/detail/b_bsynch__functions.h
[1.254s] -- Up-to-date: /home/mpcmeulensteen/blackboard_ws/install/message_pkg/include/message_pkg/msg/detail/task_msg__type_support.h
[1.254s] -- Up-to-date: /home/mpcmeulensteen/blackboard_ws/install/message_pkg/include/message_pkg/msg/detail/b_bsync__type_support.h
[1.254s] -- Up-to-date: /home/mpcmeulensteen/blackboard_ws/install/message_pkg/include/message_pkg/msg/detail/task_cost__type_support.h
[1.254s] -- Up-to-date: /home/mpcmeulensteen/blackboard_ws/install/message_pkg/include/message_pkg/msg/detail/b_bsynch__struct.h
[1.254s] -- Up-to-date: /home/mpcmeulensteen/blackboard_ws/install/message_pkg/include/message_pkg/msg/detail/task_state_msg__type_support.h
[1.255s] -- Up-to-date: /home/mpcmeulensteen/blackboard_ws/install/message_pkg/include/message_pkg/msg/detail/b_bbackup__functions.h
[1.255s] -- Up-to-date: /home/mpcmeulensteen/blackboard_ws/install/message_pkg/include/message_pkg/msg/detail/task_cost__struct.h
[1.255s] -- Up-to-date: /home/mpcmeulensteen/blackboard_ws/install/message_pkg/include/message_pkg/msg/detail/b_bsynch__type_support.h
[1.255s] -- Up-to-date: /home/mpcmeulensteen/blackboard_ws/install/message_pkg/include/message_pkg/msg/detail/task_state_msg__functions.c
[1.255s] -- Up-to-date: /home/mpcmeulensteen/blackboard_ws/install/message_pkg/include/message_pkg/msg/detail/task_msg__struct.h
[1.255s] -- Up-to-date: /home/mpcmeulensteen/blackboard_ws/install/message_pkg/include/message_pkg/msg/detail/b_bbackup__type_support.h
[1.255s] -- Up-to-date: /home/mpcmeulensteen/blackboard_ws/install/message_pkg/include/message_pkg/msg/detail/task_state_msg__struct.h
[1.255s] -- Up-to-date: /home/mpcmeulensteen/blackboard_ws/install/message_pkg/include/message_pkg/msg/detail/b_bbackup__functions.c
[1.255s] -- Up-to-date: /home/mpcmeulensteen/blackboard_ws/install/message_pkg/include/message_pkg/msg/detail/task_cost__functions.h
[1.256s] -- Up-to-date: /home/mpcmeulensteen/blackboard_ws/install/message_pkg/include/message_pkg/msg/detail/b_bbackup__struct.h
[1.256s] -- Up-to-date: /home/mpcmeulensteen/blackboard_ws/install/message_pkg/include/message_pkg/msg/detail/task_cost__functions.c
[1.256s] -- Up-to-date: /home/mpcmeulensteen/blackboard_ws/install/message_pkg/include/message_pkg/msg/detail/b_bsync__functions.h
[1.256s] -- Up-to-date: /home/mpcmeulensteen/blackboard_ws/install/message_pkg/include/message_pkg/msg/b_bsync.h
[1.256s] -- Up-to-date: /home/mpcmeulensteen/blackboard_ws/install/message_pkg/include/message_pkg/msg/task_state_msg.h
[1.256s] -- Up-to-date: /home/mpcmeulensteen/blackboard_ws/install/message_pkg/share/message_pkg/environment/library_path.sh
[1.256s] -- Up-to-date: /home/mpcmeulensteen/blackboard_ws/install/message_pkg/share/message_pkg/environment/library_path.dsv
[1.256s] -- Up-to-date: /home/mpcmeulensteen/blackboard_ws/install/message_pkg/lib/libmessage_pkg__rosidl_generator_c.so
[1.257s] -- Up-to-date: /home/mpcmeulensteen/blackboard_ws/install/message_pkg/include/message_pkg
[1.257s] -- Up-to-date: /home/mpcmeulensteen/blackboard_ws/install/message_pkg/include/message_pkg/msg
[1.257s] -- Up-to-date: /home/mpcmeulensteen/blackboard_ws/install/message_pkg/include/message_pkg/msg/detail
[1.258s] -- Up-to-date: /home/mpcmeulensteen/blackboard_ws/install/message_pkg/include/message_pkg/msg/detail/b_bbackup__rosidl_typesupport_fastrtps_c.h
[1.258s] -- Up-to-date: /home/mpcmeulensteen/blackboard_ws/install/message_pkg/include/message_pkg/msg/detail/b_bsync__rosidl_typesupport_fastrtps_c.h
[1.258s] -- Up-to-date: /home/mpcmeulensteen/blackboard_ws/install/message_pkg/include/message_pkg/msg/detail/task_cost__rosidl_typesupport_fastrtps_c.h
[1.258s] -- Up-to-date: /home/mpcmeulensteen/blackboard_ws/install/message_pkg/include/message_pkg/msg/detail/b_bsynch__rosidl_typesupport_fastrtps_c.h
[1.258s] -- Up-to-date: /home/mpcmeulensteen/blackboard_ws/install/message_pkg/include/message_pkg/msg/detail/task_msg__rosidl_typesupport_fastrtps_c.h
[1.259s] -- Up-to-date: /home/mpcmeulensteen/blackboard_ws/install/message_pkg/include/message_pkg/msg/detail/task_state_msg__rosidl_typesupport_fastrtps_c.h
[1.259s] -- Up-to-date: /home/mpcmeulensteen/blackboard_ws/install/message_pkg/include/message_pkg/msg/rosidl_typesupport_fastrtps_c__visibility_control.h
[1.259s] -- Up-to-date: /home/mpcmeulensteen/blackboard_ws/install/message_pkg/lib/libmessage_pkg__rosidl_typesupport_fastrtps_c.so
[1.261s] -- Up-to-date: /home/mpcmeulensteen/blackboard_ws/install/message_pkg/include/message_pkg
[1.261s] -- Up-to-date: /home/mpcmeulensteen/blackboard_ws/install/message_pkg/include/message_pkg/msg
[1.261s] -- Up-to-date: /home/mpcmeulensteen/blackboard_ws/install/message_pkg/include/message_pkg/msg/detail
[1.261s] -- Up-to-date: /home/mpcmeulensteen/blackboard_ws/install/message_pkg/include/message_pkg/msg/detail/task_cost__rosidl_typesupport_fastrtps_cpp.hpp
[1.262s] -- Up-to-date: /home/mpcmeulensteen/blackboard_ws/install/message_pkg/include/message_pkg/msg/detail/task_msg__rosidl_typesupport_fastrtps_cpp.hpp
[1.262s] -- Up-to-date: /home/mpcmeulensteen/blackboard_ws/install/message_pkg/include/message_pkg/msg/detail/b_bbackup__rosidl_typesupport_fastrtps_cpp.hpp
[1.262s] -- Up-to-date: /home/mpcmeulensteen/blackboard_ws/install/message_pkg/include/message_pkg/msg/detail/dds_fastrtps
[1.262s] -- Up-to-date: /home/mpcmeulensteen/blackboard_ws/install/message_pkg/include/message_pkg/msg/detail/b_bsynch__rosidl_typesupport_fastrtps_cpp.hpp
[1.263s] -- Up-to-date: /home/mpcmeulensteen/blackboard_ws/install/message_pkg/include/message_pkg/msg/detail/b_bsync__rosidl_typesupport_fastrtps_cpp.hpp
[1.263s] -- Up-to-date: /home/mpcmeulensteen/blackboard_ws/install/message_pkg/include/message_pkg/msg/detail/task_state_msg__rosidl_typesupport_fastrtps_cpp.hpp
[1.263s] -- Up-to-date: /home/mpcmeulensteen/blackboard_ws/install/message_pkg/include/message_pkg/msg/rosidl_typesupport_fastrtps_cpp__visibility_control.h
[1.271s] -- Up-to-date: /home/mpcmeulensteen/blackboard_ws/install/message_pkg/lib/libmessage_pkg__rosidl_typesupport_fastrtps_cpp.so
[1.272s] -- Up-to-date: /home/mpcmeulensteen/blackboard_ws/install/message_pkg/include/message_pkg
[1.272s] -- Up-to-date: /home/mpcmeulensteen/blackboard_ws/install/message_pkg/include/message_pkg/msg
[1.272s] -- Up-to-date: /home/mpcmeulensteen/blackboard_ws/install/message_pkg/include/message_pkg/msg/rosidl_typesupport_introspection_c__visibility_control.h
[1.273s] -- Up-to-date: /home/mpcmeulensteen/blackboard_ws/install/message_pkg/include/message_pkg/msg/detail
[1.273s] -- Up-to-date: /home/mpcmeulensteen/blackboard_ws/install/message_pkg/include/message_pkg/msg/detail/b_bsync__rosidl_typesupport_introspection_c.h
[1.273s] -- Up-to-date: /home/mpcmeulensteen/blackboard_ws/install/message_pkg/include/message_pkg/msg/detail/task_cost__rosidl_typesupport_introspection_c.h
[1.273s] -- Up-to-date: /home/mpcmeulensteen/blackboard_ws/install/message_pkg/include/message_pkg/msg/detail/b_bbackup__rosidl_typesupport_introspection_c.h
[1.273s] -- Up-to-date: /home/mpcmeulensteen/blackboard_ws/install/message_pkg/include/message_pkg/msg/detail/b_bsynch__rosidl_typesupport_introspection_c.h
[1.273s] -- Up-to-date: /home/mpcmeulensteen/blackboard_ws/install/message_pkg/include/message_pkg/msg/detail/task_msg__type_support.c
[1.274s] -- Up-to-date: /home/mpcmeulensteen/blackboard_ws/install/message_pkg/include/message_pkg/msg/detail/task_cost__type_support.c
[1.274s] -- Up-to-date: /home/mpcmeulensteen/blackboard_ws/install/message_pkg/include/message_pkg/msg/detail/task_state_msg__rosidl_typesupport_introspection_c.h
[1.274s] -- Up-to-date: /home/mpcmeulensteen/blackboard_ws/install/message_pkg/include/message_pkg/msg/detail/b_bsynch__type_support.c
[1.274s] -- Up-to-date: /home/mpcmeulensteen/blackboard_ws/install/message_pkg/include/message_pkg/msg/detail/b_bsync__type_support.c
[1.275s] -- Up-to-date: /home/mpcmeulensteen/blackboard_ws/install/message_pkg/include/message_pkg/msg/detail/b_bbackup__type_support.c
[1.275s] -- Up-to-date: /home/mpcmeulensteen/blackboard_ws/install/message_pkg/include/message_pkg/msg/detail/task_state_msg__type_support.c
[1.275s] -- Up-to-date: /home/mpcmeulensteen/blackboard_ws/install/message_pkg/include/message_pkg/msg/detail/task_msg__rosidl_typesupport_introspection_c.h
[1.277s] -- Up-to-date: /home/mpcmeulensteen/blackboard_ws/install/message_pkg/lib/libmessage_pkg__rosidl_typesupport_introspection_c.so
[1.278s] -- Up-to-date: /home/mpcmeulensteen/blackboard_ws/install/message_pkg/lib/libmessage_pkg__rosidl_typesupport_c.so
[1.278s] -- Up-to-date: /home/mpcmeulensteen/blackboard_ws/install/message_pkg/include/message_pkg
[1.278s] -- Up-to-date: /home/mpcmeulensteen/blackboard_ws/install/message_pkg/include/message_pkg/msg
[1.278s] -- Up-to-date: /home/mpcmeulensteen/blackboard_ws/install/message_pkg/include/message_pkg/msg/task_cost.hpp
[1.278s] -- Up-to-date: /home/mpcmeulensteen/blackboard_ws/install/message_pkg/include/message_pkg/msg/b_bsynch.hpp
[1.278s] -- Up-to-date: /home/mpcmeulensteen/blackboard_ws/install/message_pkg/include/message_pkg/msg/detail
[1.278s] -- Up-to-date: /home/mpcmeulensteen/blackboard_ws/install/message_pkg/include/message_pkg/msg/detail/b_bsynch__builder.hpp
[1.279s] -- Up-to-date: /home/mpcmeulensteen/blackboard_ws/install/message_pkg/include/message_pkg/msg/detail/task_msg__traits.hpp
[1.279s] -- Up-to-date: /home/mpcmeulensteen/blackboard_ws/install/message_pkg/include/message_pkg/msg/detail/b_bsync__traits.hpp
[1.279s] -- Up-to-date: /home/mpcmeulensteen/blackboard_ws/install/message_pkg/include/message_pkg/msg/detail/b_bbackup__builder.hpp
[1.280s] -- Up-to-date: /home/mpcmeulensteen/blackboard_ws/install/message_pkg/include/message_pkg/msg/detail/task_msg__builder.hpp
[1.280s] -- Up-to-date: /home/mpcmeulensteen/blackboard_ws/install/message_pkg/include/message_pkg/msg/detail/task_cost__struct.hpp
[1.280s] -- Up-to-date: /home/mpcmeulensteen/blackboard_ws/install/message_pkg/include/message_pkg/msg/detail/b_bsynch__traits.hpp
[1.280s] -- Up-to-date: /home/mpcmeulensteen/blackboard_ws/install/message_pkg/include/message_pkg/msg/detail/b_bsync__struct.hpp
[1.280s] -- Up-to-date: /home/mpcmeulensteen/blackboard_ws/install/message_pkg/include/message_pkg/msg/detail/task_state_msg__traits.hpp
[1.281s] -- Up-to-date: /home/mpcmeulensteen/blackboard_ws/install/message_pkg/include/message_pkg/msg/detail/task_cost__builder.hpp
[1.281s] -- Up-to-date: /home/mpcmeulensteen/blackboard_ws/install/message_pkg/include/message_pkg/msg/detail/b_bsynch__struct.hpp
[1.282s] -- Up-to-date: /home/mpcmeulensteen/blackboard_ws/install/message_pkg/include/message_pkg/msg/detail/task_msg__struct.hpp
[1.282s] -- Up-to-date: /home/mpcmeulensteen/blackboard_ws/install/message_pkg/include/message_pkg/msg/detail/b_bbackup__struct.hpp
[1.282s] -- Up-to-date: /home/mpcmeulensteen/blackboard_ws/install/message_pkg/include/message_pkg/msg/detail/task_state_msg__struct.hpp
[1.282s] -- Up-to-date: /home/mpcmeulensteen/blackboard_ws/install/message_pkg/include/message_pkg/msg/detail/task_cost__traits.hpp
[1.283s] -- Up-to-date: /home/mpcmeulensteen/blackboard_ws/install/message_pkg/include/message_pkg/msg/detail/task_state_msg__builder.hpp
[1.283s] -- Up-to-date: /home/mpcmeulensteen/blackboard_ws/install/message_pkg/include/message_pkg/msg/detail/b_bbackup__traits.hpp
[1.284s] -- Up-to-date: /home/mpcmeulensteen/blackboard_ws/install/message_pkg/include/message_pkg/msg/detail/b_bsync__builder.hpp
[1.284s] -- Up-to-date: /home/mpcmeulensteen/blackboard_ws/install/message_pkg/include/message_pkg/msg/b_bsync.hpp
[1.284s] -- Up-to-date: /home/mpcmeulensteen/blackboard_ws/install/message_pkg/include/message_pkg/msg/task_state_msg.hpp
[1.285s] -- Up-to-date: /home/mpcmeulensteen/blackboard_ws/install/message_pkg/include/message_pkg/msg/b_bbackup.hpp
[1.285s] -- Up-to-date: /home/mpcmeulensteen/blackboard_ws/install/message_pkg/include/message_pkg/msg/task_msg.hpp
[1.286s] -- Up-to-date: /home/mpcmeulensteen/blackboard_ws/install/message_pkg/include/message_pkg
[1.286s] -- Up-to-date: /home/mpcmeulensteen/blackboard_ws/install/message_pkg/include/message_pkg/msg
[1.287s] -- Up-to-date: /home/mpcmeulensteen/blackboard_ws/install/message_pkg/include/message_pkg/msg/detail
[1.287s] -- Up-to-date: /home/mpcmeulensteen/blackboard_ws/install/message_pkg/include/message_pkg/msg/detail/task_state_msg__rosidl_typesupport_introspection_cpp.hpp
[1.287s] -- Up-to-date: /home/mpcmeulensteen/blackboard_ws/install/message_pkg/include/message_pkg/msg/detail/b_bsynch__type_support.cpp
[1.288s] -- Up-to-date: /home/mpcmeulensteen/blackboard_ws/install/message_pkg/include/message_pkg/msg/detail/b_bsynch__rosidl_typesupport_introspection_cpp.hpp
[1.288s] -- Up-to-date: /home/mpcmeulensteen/blackboard_ws/install/message_pkg/include/message_pkg/msg/detail/task_state_msg__type_support.cpp
[1.289s] -- Up-to-date: /home/mpcmeulensteen/blackboard_ws/install/message_pkg/include/message_pkg/msg/detail/b_bsync__type_support.cpp
[1.289s] -- Up-to-date: /home/mpcmeulensteen/blackboard_ws/install/message_pkg/include/message_pkg/msg/detail/b_bbackup__type_support.cpp
[1.290s] -- Up-to-date: /home/mpcmeulensteen/blackboard_ws/install/message_pkg/include/message_pkg/msg/detail/task_msg__rosidl_typesupport_introspection_cpp.hpp
[1.290s] -- Up-to-date: /home/mpcmeulensteen/blackboard_ws/install/message_pkg/include/message_pkg/msg/detail/b_bsync__rosidl_typesupport_introspection_cpp.hpp
[1.292s] -- Up-to-date: /home/mpcmeulensteen/blackboard_ws/install/message_pkg/include/message_pkg/msg/detail/task_msg__type_support.cpp
[1.292s] -- Up-to-date: /home/mpcmeulensteen/blackboard_ws/install/message_pkg/include/message_pkg/msg/detail/task_cost__rosidl_typesupport_introspection_cpp.hpp
[1.293s] -- Up-to-date: /home/mpcmeulensteen/blackboard_ws/install/message_pkg/include/message_pkg/msg/detail/task_cost__type_support.cpp
[1.293s] -- Up-to-date: /home/mpcmeulensteen/blackboard_ws/install/message_pkg/include/message_pkg/msg/detail/b_bbackup__rosidl_typesupport_introspection_cpp.hpp
[1.293s] -- Up-to-date: /home/mpcmeulensteen/blackboard_ws/install/message_pkg/lib/libmessage_pkg__rosidl_typesupport_introspection_cpp.so
[1.294s] -- Up-to-date: /home/mpcmeulensteen/blackboard_ws/install/message_pkg/lib/libmessage_pkg__rosidl_typesupport_cpp.so
[1.294s] -- Up-to-date: /home/mpcmeulensteen/blackboard_ws/install/message_pkg/share/message_pkg/environment/pythonpath.sh
[1.294s] -- Up-to-date: /home/mpcmeulensteen/blackboard_ws/install/message_pkg/share/message_pkg/environment/pythonpath.dsv
[1.294s] -- Up-to-date: /home/mpcmeulensteen/blackboard_ws/install/message_pkg/lib/python3.8/site-packages/message_pkg/__init__.py
[1.341s] -- Up-to-date: /home/mpcmeulensteen/blackboard_ws/install/message_pkg/lib/python3.8/site-packages/message_pkg/msg
[1.341s] -- Up-to-date: /home/mpcmeulensteen/blackboard_ws/install/message_pkg/lib/python3.8/site-packages/message_pkg/msg/_b_bbackup.py
[1.342s] -- Up-to-date: /home/mpcmeulensteen/blackboard_ws/install/message_pkg/lib/python3.8/site-packages/message_pkg/msg/_task_cost.py
[1.342s] -- Up-to-date: /home/mpcmeulensteen/blackboard_ws/install/message_pkg/lib/python3.8/site-packages/message_pkg/msg/_task_state_msg.py
[1.343s] -- Up-to-date: /home/mpcmeulensteen/blackboard_ws/install/message_pkg/lib/python3.8/site-packages/message_pkg/msg/_b_bsync_s.c
[1.343s] -- Up-to-date: /home/mpcmeulensteen/blackboard_ws/install/message_pkg/lib/python3.8/site-packages/message_pkg/msg/_b_bsynch.py
[1.343s] -- Up-to-date: /home/mpcmeulensteen/blackboard_ws/install/message_pkg/lib/python3.8/site-packages/message_pkg/msg/_b_bsync.py
[1.343s] -- Up-to-date: /home/mpcmeulensteen/blackboard_ws/install/message_pkg/lib/python3.8/site-packages/message_pkg/msg/_task_cost_s.c
[1.344s] -- Up-to-date: /home/mpcmeulensteen/blackboard_ws/install/message_pkg/lib/python3.8/site-packages/message_pkg/msg/_task_msg_s.c
[1.344s] -- Up-to-date: /home/mpcmeulensteen/blackboard_ws/install/message_pkg/lib/python3.8/site-packages/message_pkg/msg/__init__.py
[1.344s] -- Up-to-date: /home/mpcmeulensteen/blackboard_ws/install/message_pkg/lib/python3.8/site-packages/message_pkg/msg/_b_bbackup_s.c
[1.345s] -- Up-to-date: /home/mpcmeulensteen/blackboard_ws/install/message_pkg/lib/python3.8/site-packages/message_pkg/msg/_b_bsynch_s.c
[1.345s] -- Up-to-date: /home/mpcmeulensteen/blackboard_ws/install/message_pkg/lib/python3.8/site-packages/message_pkg/msg/_task_state_msg_s.c
[1.345s] -- Up-to-date: /home/mpcmeulensteen/blackboard_ws/install/message_pkg/lib/python3.8/site-packages/message_pkg/msg/_task_msg.py
[1.345s] -- Up-to-date: /home/mpcmeulensteen/blackboard_ws/install/message_pkg/lib/python3.8/site-packages/message_pkg/message_pkg_s__rosidl_typesupport_fastrtps_c.cpython-38-x86_64-linux-gnu.so
[1.346s] -- Up-to-date: /home/mpcmeulensteen/blackboard_ws/install/message_pkg/lib/python3.8/site-packages/message_pkg/message_pkg_s__rosidl_typesupport_introspection_c.cpython-38-x86_64-linux-gnu.so
[1.346s] -- Up-to-date: /home/mpcmeulensteen/blackboard_ws/install/message_pkg/lib/python3.8/site-packages/message_pkg/message_pkg_s__rosidl_typesupport_c.cpython-38-x86_64-linux-gnu.so
[1.347s] -- Up-to-date: /home/mpcmeulensteen/blackboard_ws/install/message_pkg/lib/libmessage_pkg__python.so
[1.347s] -- Up-to-date: /home/mpcmeulensteen/blackboard_ws/install/message_pkg/share/message_pkg/msg/BBbackup.idl
[1.347s] -- Up-to-date: /home/mpcmeulensteen/blackboard_ws/install/message_pkg/share/message_pkg/msg/BBsync.idl
[1.348s] -- Up-to-date: /home/mpcmeulensteen/blackboard_ws/install/message_pkg/share/message_pkg/msg/TaskCost.idl
[1.348s] -- Up-to-date: /home/mpcmeulensteen/blackboard_ws/install/message_pkg/share/message_pkg/msg/TaskMsg.idl
[1.348s] -- Up-to-date: /home/mpcmeulensteen/blackboard_ws/install/message_pkg/share/message_pkg/msg/TaskStateMsg.idl
[1.348s] -- Up-to-date: /home/mpcmeulensteen/blackboard_ws/install/message_pkg/share/message_pkg/msg/BBbackup.msg
[1.349s] -- Up-to-date: /home/mpcmeulensteen/blackboard_ws/install/message_pkg/share/message_pkg/msg/BBsync.msg
[1.349s] -- Up-to-date: /home/mpcmeulensteen/blackboard_ws/install/message_pkg/share/message_pkg/msg/TaskCost.msg
[1.349s] -- Up-to-date: /home/mpcmeulensteen/blackboard_ws/install/message_pkg/share/message_pkg/msg/TaskMsg.msg
[1.349s] -- Up-to-date: /home/mpcmeulensteen/blackboard_ws/install/message_pkg/share/message_pkg/msg/TaskStateMsg.msg
[1.350s] -- Up-to-date: /home/mpcmeulensteen/blackboard_ws/install/message_pkg/share/ament_index/resource_index/package_run_dependencies/message_pkg
[1.350s] -- Up-to-date: /home/mpcmeulensteen/blackboard_ws/install/message_pkg/share/ament_index/resource_index/parent_prefix_path/message_pkg
[1.350s] -- Up-to-date: /home/mpcmeulensteen/blackboard_ws/install/message_pkg/share/message_pkg/environment/ament_prefix_path.sh
[1.350s] -- Up-to-date: /home/mpcmeulensteen/blackboard_ws/install/message_pkg/share/message_pkg/environment/ament_prefix_path.dsv
[1.351s] -- Up-to-date: /home/mpcmeulensteen/blackboard_ws/install/message_pkg/share/message_pkg/environment/path.sh
[1.351s] -- Up-to-date: /home/mpcmeulensteen/blackboard_ws/install/message_pkg/share/message_pkg/environment/path.dsv
[1.351s] -- Up-to-date: /home/mpcmeulensteen/blackboard_ws/install/message_pkg/share/message_pkg/local_setup.bash
[1.351s] -- Up-to-date: /home/mpcmeulensteen/blackboard_ws/install/message_pkg/share/message_pkg/local_setup.sh
[1.352s] -- Up-to-date: /home/mpcmeulensteen/blackboard_ws/install/message_pkg/share/message_pkg/local_setup.zsh
[1.352s] -- Up-to-date: /home/mpcmeulensteen/blackboard_ws/install/message_pkg/share/message_pkg/local_setup.dsv
[1.352s] -- Installing: /home/mpcmeulensteen/blackboard_ws/install/message_pkg/share/message_pkg/package.dsv
[1.353s] -- Up-to-date: /home/mpcmeulensteen/blackboard_ws/install/message_pkg/share/ament_index/resource_index/packages/message_pkg
[1.353s] -- Up-to-date: /home/mpcmeulensteen/blackboard_ws/install/message_pkg/share/message_pkg/cmake/message_pkg__rosidl_generator_cExport.cmake
[1.354s] -- Up-to-date: /home/mpcmeulensteen/blackboard_ws/install/message_pkg/share/message_pkg/cmake/message_pkg__rosidl_generator_cExport-noconfig.cmake
[1.354s] -- Up-to-date: /home/mpcmeulensteen/blackboard_ws/install/message_pkg/share/message_pkg/cmake/message_pkg__rosidl_typesupport_introspection_cExport.cmake
[1.355s] -- Up-to-date: /home/mpcmeulensteen/blackboard_ws/install/message_pkg/share/message_pkg/cmake/message_pkg__rosidl_typesupport_introspection_cExport-noconfig.cmake
[1.355s] -- Up-to-date: /home/mpcmeulensteen/blackboard_ws/install/message_pkg/share/message_pkg/cmake/message_pkg__rosidl_typesupport_cExport.cmake
[1.355s] -- Up-to-date: /home/mpcmeulensteen/blackboard_ws/install/message_pkg/share/message_pkg/cmake/message_pkg__rosidl_typesupport_cExport-noconfig.cmake
[1.356s] -- Up-to-date: /home/mpcmeulensteen/blackboard_ws/install/message_pkg/share/message_pkg/cmake/message_pkg__rosidl_generator_cppExport.cmake
[1.357s] -- Up-to-date: /home/mpcmeulensteen/blackboard_ws/install/message_pkg/share/message_pkg/cmake/message_pkg__rosidl_typesupport_introspection_cppExport.cmake
[1.357s] -- Up-to-date: /home/mpcmeulensteen/blackboard_ws/install/message_pkg/share/message_pkg/cmake/message_pkg__rosidl_typesupport_introspection_cppExport-noconfig.cmake
[1.358s] -- Up-to-date: /home/mpcmeulensteen/blackboard_ws/install/message_pkg/share/message_pkg/cmake/message_pkg__rosidl_typesupport_cppExport.cmake
[1.358s] -- Up-to-date: /home/mpcmeulensteen/blackboard_ws/install/message_pkg/share/message_pkg/cmake/message_pkg__rosidl_typesupport_cppExport-noconfig.cmake
[1.358s] -- Up-to-date: /home/mpcmeulensteen/blackboard_ws/install/message_pkg/share/message_pkg/cmake/rosidl_cmake-extras.cmake
[1.359s] -- Up-to-date: /home/mpcmeulensteen/blackboard_ws/install/message_pkg/share/message_pkg/cmake/ament_cmake_export_dependencies-extras.cmake
[1.359s] -- Up-to-date: /home/mpcmeulensteen/blackboard_ws/install/message_pkg/share/message_pkg/cmake/ament_cmake_export_libraries-extras.cmake
[1.359s] -- Up-to-date: /home/mpcmeulensteen/blackboard_ws/install/message_pkg/share/message_pkg/cmake/ament_cmake_export_targets-extras.cmake
[1.359s] -- Up-to-date: /home/mpcmeulensteen/blackboard_ws/install/message_pkg/share/message_pkg/cmake/ament_cmake_export_include_directories-extras.cmake
[1.359s] -- Up-to-date: /home/mpcmeulensteen/blackboard_ws/install/message_pkg/share/message_pkg/cmake/rosidl_cmake_export_typesupport_libraries-extras.cmake
[1.360s] -- Up-to-date: /home/mpcmeulensteen/blackboard_ws/install/message_pkg/share/message_pkg/cmake/rosidl_cmake_export_typesupport_targets-extras.cmake
[1.360s] -- Up-to-date: /home/mpcmeulensteen/blackboard_ws/install/message_pkg/share/message_pkg/cmake/message_pkgConfig.cmake
[1.360s] -- Up-to-date: /home/mpcmeulensteen/blackboard_ws/install/message_pkg/share/message_pkg/cmake/message_pkgConfig-version.cmake
[1.360s] -- Up-to-date: /home/mpcmeulensteen/blackboard_ws/install/message_pkg/share/message_pkg/package.xml
[1.367s] Invoked command in '/home/mpcmeulensteen/blackboard_ws/build/message_pkg' returned '0': CMAKE_PREFIX_PATH=${CMAKE_PREFIX_PATH}:/home/mpcmeulensteen/blackboard_ws/install/turtlebot3_teleop:/home/mpcmeulensteen/blackboard_ws/install/turtlebot3_example:/home/mpcmeulensteen/blackboard_ws/install/tf_transformations:/home/mpcmeulensteen/blackboard_ws/install/ros2_blackboard:/home/mpcmeulensteen/blackboard_ws/install/ros2_bbinstance:/opt/ros/foxy /usr/bin/cmake --install /home/mpcmeulensteen/blackboard_ws/build/message_pkg
