[0.028s] Invoking command in '/home/mpcmeulensteen/blackboard_ws/build/move_base_msgs': CMAKE_PREFIX_PATH=${CMAKE_PREFIX_PATH}:/home/mpcmeulensteen/blackboard_ws/install/turtlebot3_teleop:/home/mpcmeulensteen/blackboard_ws/install/turtlebot3_example:/home/mpcmeulensteen/blackboard_ws/install/ros2_blackboard:/home/mpcmeulensteen/turtlebot3_ws/install/turtlebot3_teleop:/home/mpcmeulensteen/turtlebot3_ws/install/turtlebot3_example:/home/mpcmeulensteen/colcon_ws/install/turtlebot3_teleop:/home/mpcmeulensteen/colcon_ws/install/turtlebot3_example:/opt/ros/foxy /usr/bin/cmake --build /home/mpcmeulensteen/blackboard_ws/build/move_base_msgs -- -j2 -l2
[0.128s] [  3%] Built target move_base_msgs__cpp
[0.155s] [ 12%] Built target move_base_msgs__rosidl_generator_c
[0.185s] [ 22%] Built target move_base_msgs__rosidl_typesupport_introspection_cpp
[0.221s] [ 32%] Built target move_base_msgs__rosidl_typesupport_fastrtps_cpp
[0.238s] [ 41%] Built target move_base_msgs__rosidl_typesupport_introspection_c
[0.285s] [ 51%] Built target move_base_msgs__rosidl_typesupport_cpp
[0.346s] [ 61%] Built target move_base_msgs__rosidl_typesupport_fastrtps_c
[0.385s] [ 70%] Built target move_base_msgs__rosidl_typesupport_c
[0.416s] [ 70%] Built target move_base_msgs
[0.453s] [ 74%] Built target move_base_msgs__py
[0.508s] [ 80%] Built target move_base_msgs__python
[0.548s] [ 87%] Built target move_base_msgs__rosidl_typesupport_fastrtps_c__pyext
[0.555s] [ 93%] Built target move_base_msgs__rosidl_typesupport_c__pyext
[0.580s] [100%] Built target move_base_msgs__rosidl_typesupport_introspection_c__pyext
[0.598s] Invoked command in '/home/mpcmeulensteen/blackboard_ws/build/move_base_msgs' returned '0': CMAKE_PREFIX_PATH=${CMAKE_PREFIX_PATH}:/home/mpcmeulensteen/blackboard_ws/install/turtlebot3_teleop:/home/mpcmeulensteen/blackboard_ws/install/turtlebot3_example:/home/mpcmeulensteen/blackboard_ws/install/ros2_blackboard:/home/mpcmeulensteen/turtlebot3_ws/install/turtlebot3_teleop:/home/mpcmeulensteen/turtlebot3_ws/install/turtlebot3_example:/home/mpcmeulensteen/colcon_ws/install/turtlebot3_teleop:/home/mpcmeulensteen/colcon_ws/install/turtlebot3_example:/opt/ros/foxy /usr/bin/cmake --build /home/mpcmeulensteen/blackboard_ws/build/move_base_msgs -- -j2 -l2
[0.716s] Invoking command in '/home/mpcmeulensteen/blackboard_ws/build/move_base_msgs': CMAKE_PREFIX_PATH=${CMAKE_PREFIX_PATH}:/home/mpcmeulensteen/blackboard_ws/install/turtlebot3_teleop:/home/mpcmeulensteen/blackboard_ws/install/turtlebot3_example:/home/mpcmeulensteen/blackboard_ws/install/ros2_blackboard:/home/mpcmeulensteen/turtlebot3_ws/install/turtlebot3_teleop:/home/mpcmeulensteen/turtlebot3_ws/install/turtlebot3_example:/home/mpcmeulensteen/colcon_ws/install/turtlebot3_teleop:/home/mpcmeulensteen/colcon_ws/install/turtlebot3_example:/opt/ros/foxy /usr/bin/cmake --install /home/mpcmeulensteen/blackboard_ws/build/move_base_msgs
[0.731s] -- Install configuration: ""
[0.732s] -- Up-to-date: /home/mpcmeulensteen/blackboard_ws/install/move_base_msgs/share/ament_index/resource_index/rosidl_interfaces/move_base_msgs
[0.733s] -- Up-to-date: /home/mpcmeulensteen/blackboard_ws/install/move_base_msgs/include/move_base_msgs
[0.733s] -- Up-to-date: /home/mpcmeulensteen/blackboard_ws/install/move_base_msgs/include/move_base_msgs/action
[0.733s] -- Up-to-date: /home/mpcmeulensteen/blackboard_ws/install/move_base_msgs/include/move_base_msgs/action/detail
[0.734s] -- Up-to-date: /home/mpcmeulensteen/blackboard_ws/install/move_base_msgs/include/move_base_msgs/action/detail/move_base__functions.c
[0.734s] -- Up-to-date: /home/mpcmeulensteen/blackboard_ws/install/move_base_msgs/include/move_base_msgs/action/detail/move_base__struct.h
[0.735s] -- Up-to-date: /home/mpcmeulensteen/blackboard_ws/install/move_base_msgs/include/move_base_msgs/action/detail/move_base__type_support.h
[0.735s] -- Up-to-date: /home/mpcmeulensteen/blackboard_ws/install/move_base_msgs/include/move_base_msgs/action/detail/move_base__functions.h
[0.736s] -- Up-to-date: /home/mpcmeulensteen/blackboard_ws/install/move_base_msgs/include/move_base_msgs/action/move_base.h
[0.736s] -- Up-to-date: /home/mpcmeulensteen/blackboard_ws/install/move_base_msgs/include/move_base_msgs/msg
[0.736s] -- Up-to-date: /home/mpcmeulensteen/blackboard_ws/install/move_base_msgs/include/move_base_msgs/msg/rosidl_generator_c__visibility_control.h
[0.736s] -- Up-to-date: /home/mpcmeulensteen/blackboard_ws/install/move_base_msgs/share/move_base_msgs/environment/library_path.sh
[0.736s] -- Up-to-date: /home/mpcmeulensteen/blackboard_ws/install/move_base_msgs/share/move_base_msgs/environment/library_path.dsv
[0.737s] -- Up-to-date: /home/mpcmeulensteen/blackboard_ws/install/move_base_msgs/lib/libmove_base_msgs__rosidl_generator_c.so
[0.737s] -- Up-to-date: /home/mpcmeulensteen/blackboard_ws/install/move_base_msgs/include/move_base_msgs
[0.737s] -- Up-to-date: /home/mpcmeulensteen/blackboard_ws/install/move_base_msgs/include/move_base_msgs/action
[0.737s] -- Up-to-date: /home/mpcmeulensteen/blackboard_ws/install/move_base_msgs/include/move_base_msgs/action/detail
[0.737s] -- Up-to-date: /home/mpcmeulensteen/blackboard_ws/install/move_base_msgs/include/move_base_msgs/action/detail/move_base__rosidl_typesupport_fastrtps_c.h
[0.737s] -- Up-to-date: /home/mpcmeulensteen/blackboard_ws/install/move_base_msgs/include/move_base_msgs/msg
[0.738s] -- Up-to-date: /home/mpcmeulensteen/blackboard_ws/install/move_base_msgs/include/move_base_msgs/msg/rosidl_typesupport_fastrtps_c__visibility_control.h
[0.738s] -- Up-to-date: /home/mpcmeulensteen/blackboard_ws/install/move_base_msgs/lib/libmove_base_msgs__rosidl_typesupport_fastrtps_c.so
[0.739s] -- Up-to-date: /home/mpcmeulensteen/blackboard_ws/install/move_base_msgs/include/move_base_msgs
[0.740s] -- Up-to-date: /home/mpcmeulensteen/blackboard_ws/install/move_base_msgs/include/move_base_msgs/action
[0.740s] -- Up-to-date: /home/mpcmeulensteen/blackboard_ws/install/move_base_msgs/include/move_base_msgs/action/detail
[0.740s] -- Up-to-date: /home/mpcmeulensteen/blackboard_ws/install/move_base_msgs/include/move_base_msgs/action/detail/dds_fastrtps
[0.741s] -- Up-to-date: /home/mpcmeulensteen/blackboard_ws/install/move_base_msgs/include/move_base_msgs/action/detail/move_base__rosidl_typesupport_fastrtps_cpp.hpp
[0.742s] -- Up-to-date: /home/mpcmeulensteen/blackboard_ws/install/move_base_msgs/include/move_base_msgs/msg
[0.742s] -- Up-to-date: /home/mpcmeulensteen/blackboard_ws/install/move_base_msgs/include/move_base_msgs/msg/rosidl_typesupport_fastrtps_cpp__visibility_control.h
[0.742s] -- Up-to-date: /home/mpcmeulensteen/blackboard_ws/install/move_base_msgs/lib/libmove_base_msgs__rosidl_typesupport_fastrtps_cpp.so
[0.743s] -- Up-to-date: /home/mpcmeulensteen/blackboard_ws/install/move_base_msgs/include/move_base_msgs
[0.743s] -- Up-to-date: /home/mpcmeulensteen/blackboard_ws/install/move_base_msgs/include/move_base_msgs/action
[0.743s] -- Up-to-date: /home/mpcmeulensteen/blackboard_ws/install/move_base_msgs/include/move_base_msgs/action/detail
[0.743s] -- Up-to-date: /home/mpcmeulensteen/blackboard_ws/install/move_base_msgs/include/move_base_msgs/action/detail/move_base__rosidl_typesupport_introspection_c.h
[0.743s] -- Up-to-date: /home/mpcmeulensteen/blackboard_ws/install/move_base_msgs/include/move_base_msgs/action/detail/move_base__type_support.c
[0.744s] -- Up-to-date: /home/mpcmeulensteen/blackboard_ws/install/move_base_msgs/include/move_base_msgs/msg
[0.744s] -- Up-to-date: /home/mpcmeulensteen/blackboard_ws/install/move_base_msgs/include/move_base_msgs/msg/rosidl_typesupport_introspection_c__visibility_control.h
[0.744s] -- Up-to-date: /home/mpcmeulensteen/blackboard_ws/install/move_base_msgs/lib/libmove_base_msgs__rosidl_typesupport_introspection_c.so
[0.745s] -- Up-to-date: /home/mpcmeulensteen/blackboard_ws/install/move_base_msgs/lib/libmove_base_msgs__rosidl_typesupport_c.so
[0.747s] -- Up-to-date: /home/mpcmeulensteen/blackboard_ws/install/move_base_msgs/include/move_base_msgs
[0.747s] -- Up-to-date: /home/mpcmeulensteen/blackboard_ws/install/move_base_msgs/include/move_base_msgs/action
[0.747s] -- Up-to-date: /home/mpcmeulensteen/blackboard_ws/install/move_base_msgs/include/move_base_msgs/action/detail
[0.748s] -- Up-to-date: /home/mpcmeulensteen/blackboard_ws/install/move_base_msgs/include/move_base_msgs/action/detail/move_base__builder.hpp
[0.748s] -- Up-to-date: /home/mpcmeulensteen/blackboard_ws/install/move_base_msgs/include/move_base_msgs/action/detail/move_base__traits.hpp
[0.748s] -- Up-to-date: /home/mpcmeulensteen/blackboard_ws/install/move_base_msgs/include/move_base_msgs/action/detail/move_base__struct.hpp
[0.749s] -- Up-to-date: /home/mpcmeulensteen/blackboard_ws/install/move_base_msgs/include/move_base_msgs/action/move_base.hpp
[0.749s] -- Up-to-date: /home/mpcmeulensteen/blackboard_ws/install/move_base_msgs/include/move_base_msgs
[0.749s] -- Up-to-date: /home/mpcmeulensteen/blackboard_ws/install/move_base_msgs/include/move_base_msgs/action
[0.749s] -- Up-to-date: /home/mpcmeulensteen/blackboard_ws/install/move_base_msgs/include/move_base_msgs/action/detail
[0.749s] -- Up-to-date: /home/mpcmeulensteen/blackboard_ws/install/move_base_msgs/include/move_base_msgs/action/detail/move_base__rosidl_typesupport_introspection_cpp.hpp
[0.749s] -- Up-to-date: /home/mpcmeulensteen/blackboard_ws/install/move_base_msgs/include/move_base_msgs/action/detail/move_base__type_support.cpp
[0.750s] -- Up-to-date: /home/mpcmeulensteen/blackboard_ws/install/move_base_msgs/lib/libmove_base_msgs__rosidl_typesupport_introspection_cpp.so
[0.751s] -- Up-to-date: /home/mpcmeulensteen/blackboard_ws/install/move_base_msgs/lib/libmove_base_msgs__rosidl_typesupport_cpp.so
[0.751s] -- Up-to-date: /home/mpcmeulensteen/blackboard_ws/install/move_base_msgs/share/move_base_msgs/environment/pythonpath.sh
[0.751s] -- Up-to-date: /home/mpcmeulensteen/blackboard_ws/install/move_base_msgs/share/move_base_msgs/environment/pythonpath.dsv
[0.752s] -- Up-to-date: /home/mpcmeulensteen/blackboard_ws/install/move_base_msgs/lib/python3.8/site-packages/move_base_msgs/__init__.py
[0.844s] -- Up-to-date: /home/mpcmeulensteen/blackboard_ws/install/move_base_msgs/lib/python3.8/site-packages/move_base_msgs/action
[0.845s] -- Up-to-date: /home/mpcmeulensteen/blackboard_ws/install/move_base_msgs/lib/python3.8/site-packages/move_base_msgs/action/_move_base_s.c
[0.846s] -- Up-to-date: /home/mpcmeulensteen/blackboard_ws/install/move_base_msgs/lib/python3.8/site-packages/move_base_msgs/action/_move_base.py
[0.846s] -- Up-to-date: /home/mpcmeulensteen/blackboard_ws/install/move_base_msgs/lib/python3.8/site-packages/move_base_msgs/action/__init__.py
[0.848s] -- Up-to-date: /home/mpcmeulensteen/blackboard_ws/install/move_base_msgs/lib/python3.8/site-packages/move_base_msgs/move_base_msgs_s__rosidl_typesupport_fastrtps_c.cpython-38-x86_64-linux-gnu.so
[0.849s] -- Up-to-date: /home/mpcmeulensteen/blackboard_ws/install/move_base_msgs/lib/python3.8/site-packages/move_base_msgs/move_base_msgs_s__rosidl_typesupport_introspection_c.cpython-38-x86_64-linux-gnu.so
[0.849s] -- Up-to-date: /home/mpcmeulensteen/blackboard_ws/install/move_base_msgs/lib/python3.8/site-packages/move_base_msgs/move_base_msgs_s__rosidl_typesupport_c.cpython-38-x86_64-linux-gnu.so
[0.850s] -- Up-to-date: /home/mpcmeulensteen/blackboard_ws/install/move_base_msgs/lib/libmove_base_msgs__python.so
[0.850s] -- Up-to-date: /home/mpcmeulensteen/blackboard_ws/install/move_base_msgs/share/move_base_msgs/action/MoveBase.idl
[0.850s] -- Up-to-date: /home/mpcmeulensteen/blackboard_ws/install/move_base_msgs/share/move_base_msgs/action/MoveBase.action
[0.850s] -- Up-to-date: /home/mpcmeulensteen/blackboard_ws/install/move_base_msgs/share/ament_index/resource_index/package_run_dependencies/move_base_msgs
[0.851s] -- Up-to-date: /home/mpcmeulensteen/blackboard_ws/install/move_base_msgs/share/ament_index/resource_index/parent_prefix_path/move_base_msgs
[0.851s] -- Up-to-date: /home/mpcmeulensteen/blackboard_ws/install/move_base_msgs/share/move_base_msgs/environment/ament_prefix_path.sh
[0.851s] -- Up-to-date: /home/mpcmeulensteen/blackboard_ws/install/move_base_msgs/share/move_base_msgs/environment/ament_prefix_path.dsv
[0.851s] -- Up-to-date: /home/mpcmeulensteen/blackboard_ws/install/move_base_msgs/share/move_base_msgs/environment/path.sh
[0.851s] -- Up-to-date: /home/mpcmeulensteen/blackboard_ws/install/move_base_msgs/share/move_base_msgs/environment/path.dsv
[0.851s] -- Up-to-date: /home/mpcmeulensteen/blackboard_ws/install/move_base_msgs/share/move_base_msgs/local_setup.bash
[0.852s] -- Up-to-date: /home/mpcmeulensteen/blackboard_ws/install/move_base_msgs/share/move_base_msgs/local_setup.sh
[0.852s] -- Up-to-date: /home/mpcmeulensteen/blackboard_ws/install/move_base_msgs/share/move_base_msgs/local_setup.zsh
[0.852s] -- Up-to-date: /home/mpcmeulensteen/blackboard_ws/install/move_base_msgs/share/move_base_msgs/local_setup.dsv
[0.852s] -- Installing: /home/mpcmeulensteen/blackboard_ws/install/move_base_msgs/share/move_base_msgs/package.dsv
[0.853s] -- Up-to-date: /home/mpcmeulensteen/blackboard_ws/install/move_base_msgs/share/ament_index/resource_index/packages/move_base_msgs
[0.853s] -- Up-to-date: /home/mpcmeulensteen/blackboard_ws/install/move_base_msgs/share/move_base_msgs/cmake/move_base_msgs__rosidl_generator_cExport.cmake
[0.853s] -- Up-to-date: /home/mpcmeulensteen/blackboard_ws/install/move_base_msgs/share/move_base_msgs/cmake/move_base_msgs__rosidl_generator_cExport-noconfig.cmake
[0.853s] -- Up-to-date: /home/mpcmeulensteen/blackboard_ws/install/move_base_msgs/share/move_base_msgs/cmake/move_base_msgs__rosidl_typesupport_introspection_cExport.cmake
[0.853s] -- Up-to-date: /home/mpcmeulensteen/blackboard_ws/install/move_base_msgs/share/move_base_msgs/cmake/move_base_msgs__rosidl_typesupport_introspection_cExport-noconfig.cmake
[0.854s] -- Up-to-date: /home/mpcmeulensteen/blackboard_ws/install/move_base_msgs/share/move_base_msgs/cmake/move_base_msgs__rosidl_typesupport_cExport.cmake
[0.854s] -- Up-to-date: /home/mpcmeulensteen/blackboard_ws/install/move_base_msgs/share/move_base_msgs/cmake/move_base_msgs__rosidl_typesupport_cExport-noconfig.cmake
[0.854s] -- Up-to-date: /home/mpcmeulensteen/blackboard_ws/install/move_base_msgs/share/move_base_msgs/cmake/move_base_msgs__rosidl_generator_cppExport.cmake
[0.855s] -- Up-to-date: /home/mpcmeulensteen/blackboard_ws/install/move_base_msgs/share/move_base_msgs/cmake/move_base_msgs__rosidl_typesupport_introspection_cppExport.cmake
[0.855s] -- Up-to-date: /home/mpcmeulensteen/blackboard_ws/install/move_base_msgs/share/move_base_msgs/cmake/move_base_msgs__rosidl_typesupport_introspection_cppExport-noconfig.cmake
[0.856s] -- Up-to-date: /home/mpcmeulensteen/blackboard_ws/install/move_base_msgs/share/move_base_msgs/cmake/move_base_msgs__rosidl_typesupport_cppExport.cmake
[0.856s] -- Up-to-date: /home/mpcmeulensteen/blackboard_ws/install/move_base_msgs/share/move_base_msgs/cmake/move_base_msgs__rosidl_typesupport_cppExport-noconfig.cmake
[0.857s] -- Up-to-date: /home/mpcmeulensteen/blackboard_ws/install/move_base_msgs/share/move_base_msgs/cmake/rosidl_cmake-extras.cmake
[0.857s] -- Up-to-date: /home/mpcmeulensteen/blackboard_ws/install/move_base_msgs/share/move_base_msgs/cmake/ament_cmake_export_dependencies-extras.cmake
[0.858s] -- Up-to-date: /home/mpcmeulensteen/blackboard_ws/install/move_base_msgs/share/move_base_msgs/cmake/ament_cmake_export_libraries-extras.cmake
[0.859s] -- Up-to-date: /home/mpcmeulensteen/blackboard_ws/install/move_base_msgs/share/move_base_msgs/cmake/ament_cmake_export_targets-extras.cmake
[0.860s] -- Up-to-date: /home/mpcmeulensteen/blackboard_ws/install/move_base_msgs/share/move_base_msgs/cmake/ament_cmake_export_include_directories-extras.cmake
[0.864s] -- Up-to-date: /home/mpcmeulensteen/blackboard_ws/install/move_base_msgs/share/move_base_msgs/cmake/rosidl_cmake_export_typesupport_libraries-extras.cmake
[0.865s] -- Up-to-date: /home/mpcmeulensteen/blackboard_ws/install/move_base_msgs/share/move_base_msgs/cmake/rosidl_cmake_export_typesupport_targets-extras.cmake
[0.865s] -- Up-to-date: /home/mpcmeulensteen/blackboard_ws/install/move_base_msgs/share/move_base_msgs/cmake/move_base_msgsConfig.cmake
[0.865s] -- Up-to-date: /home/mpcmeulensteen/blackboard_ws/install/move_base_msgs/share/move_base_msgs/cmake/move_base_msgsConfig-version.cmake
[0.865s] -- Up-to-date: /home/mpcmeulensteen/blackboard_ws/install/move_base_msgs/share/move_base_msgs/package.xml
[1.093s] Invoked command in '/home/mpcmeulensteen/blackboard_ws/build/move_base_msgs' returned '0': CMAKE_PREFIX_PATH=${CMAKE_PREFIX_PATH}:/home/mpcmeulensteen/blackboard_ws/install/turtlebot3_teleop:/home/mpcmeulensteen/blackboard_ws/install/turtlebot3_example:/home/mpcmeulensteen/blackboard_ws/install/ros2_blackboard:/home/mpcmeulensteen/turtlebot3_ws/install/turtlebot3_teleop:/home/mpcmeulensteen/turtlebot3_ws/install/turtlebot3_example:/home/mpcmeulensteen/colcon_ws/install/turtlebot3_teleop:/home/mpcmeulensteen/colcon_ws/install/turtlebot3_example:/opt/ros/foxy /usr/bin/cmake --install /home/mpcmeulensteen/blackboard_ws/build/move_base_msgs
