[0.286s] Invoking command in '/home/mpcmeulensteen/blackboard_ws/src/navigation': PYTHONPATH=/home/mpcmeulensteen/blackboard_ws/install/navigation/lib/python3.8/site-packages:${PYTHONPATH} /usr/bin/python3 setup.py egg_info --egg-base ../../build/navigation build --build-base /home/mpcmeulensteen/blackboard_ws/build/navigation/build install --prefix /home/mpcmeulensteen/blackboard_ws/install/navigation --record /home/mpcmeulensteen/blackboard_ws/build/navigation/install.log --single-version-externally-managed
[0.525s] running egg_info
[0.526s] writing ../../build/navigation/navigation.egg-info/PKG-INFO
[0.527s] writing dependency_links to ../../build/navigation/navigation.egg-info/dependency_links.txt
[0.527s] writing entry points to ../../build/navigation/navigation.egg-info/entry_points.txt
[0.528s] writing requirements to ../../build/navigation/navigation.egg-info/requires.txt
[0.528s] writing top-level names to ../../build/navigation/navigation.egg-info/top_level.txt
[0.562s] reading manifest file '../../build/navigation/navigation.egg-info/SOURCES.txt'
[0.564s] writing manifest file '../../build/navigation/navigation.egg-info/SOURCES.txt'
[0.564s] running build
[0.565s] running build_py
[0.565s] running install
[0.566s] running install_lib
[0.568s] running install_data
[0.569s] copying launch/simulation.launch.py -> /home/mpcmeulensteen/blackboard_ws/install/navigation/share/navigation
[0.569s] running install_egg_info
[0.571s] removing '/home/mpcmeulensteen/blackboard_ws/install/navigation/lib/python3.8/site-packages/navigation-0.0.0-py3.8.egg-info' (and everything under it)
[0.572s] Copying ../../build/navigation/navigation.egg-info to /home/mpcmeulensteen/blackboard_ws/install/navigation/lib/python3.8/site-packages/navigation-0.0.0-py3.8.egg-info
[0.575s] running install_scripts
[0.598s] writing list of installed files to '/home/mpcmeulensteen/blackboard_ws/build/navigation/install.log'
[0.617s] Invoked command in '/home/mpcmeulensteen/blackboard_ws/src/navigation' returned '0': PYTHONPATH=/home/mpcmeulensteen/blackboard_ws/install/navigation/lib/python3.8/site-packages:${PYTHONPATH} /usr/bin/python3 setup.py egg_info --egg-base ../../build/navigation build --build-base /home/mpcmeulensteen/blackboard_ws/build/navigation/build install --prefix /home/mpcmeulensteen/blackboard_ws/install/navigation --record /home/mpcmeulensteen/blackboard_ws/build/navigation/install.log --single-version-externally-managed
