[0.050s] Invoking command in '/home/mpcmeulensteen/blackboard_ws/build/turtlebot3_description': CMAKE_PREFIX_PATH=${CMAKE_PREFIX_PATH}:/home/mpcmeulensteen/blackboard_ws/install/turtlebot3_teleop:/home/mpcmeulensteen/blackboard_ws/install/turtlebot3_example:/home/mpcmeulensteen/blackboard_ws/install/tf_transformations:/home/mpcmeulensteen/blackboard_ws/install/ros2_blackboard:/home/mpcmeulensteen/blackboard_ws/install/ros2_bbinstance:/opt/ros/foxy /usr/bin/cmake --build /home/mpcmeulensteen/blackboard_ws/build/turtlebot3_description -- -j2 -l2
[0.265s] Invoked command in '/home/mpcmeulensteen/blackboard_ws/build/turtlebot3_description' returned '0': CMAKE_PREFIX_PATH=${CMAKE_PREFIX_PATH}:/home/mpcmeulensteen/blackboard_ws/install/turtlebot3_teleop:/home/mpcmeulensteen/blackboard_ws/install/turtlebot3_example:/home/mpcmeulensteen/blackboard_ws/install/tf_transformations:/home/mpcmeulensteen/blackboard_ws/install/ros2_blackboard:/home/mpcmeulensteen/blackboard_ws/install/ros2_bbinstance:/opt/ros/foxy /usr/bin/cmake --build /home/mpcmeulensteen/blackboard_ws/build/turtlebot3_description -- -j2 -l2
[0.381s] Invoking command in '/home/mpcmeulensteen/blackboard_ws/build/turtlebot3_description': CMAKE_PREFIX_PATH=${CMAKE_PREFIX_PATH}:/home/mpcmeulensteen/blackboard_ws/install/turtlebot3_teleop:/home/mpcmeulensteen/blackboard_ws/install/turtlebot3_example:/home/mpcmeulensteen/blackboard_ws/install/tf_transformations:/home/mpcmeulensteen/blackboard_ws/install/ros2_blackboard:/home/mpcmeulensteen/blackboard_ws/install/ros2_bbinstance:/opt/ros/foxy /usr/bin/cmake --install /home/mpcmeulensteen/blackboard_ws/build/turtlebot3_description
[0.426s] -- Install configuration: ""
[0.427s] -- Up-to-date: /home/mpcmeulensteen/blackboard_ws/install/turtlebot3_description/share/turtlebot3_description/meshes
[0.427s] -- Up-to-date: /home/mpcmeulensteen/blackboard_ws/install/turtlebot3_description/share/turtlebot3_description/meshes/wheels
[0.429s] -- Up-to-date: /home/mpcmeulensteen/blackboard_ws/install/turtlebot3_description/share/turtlebot3_description/meshes/wheels/left_tire.stl
[0.432s] -- Up-to-date: /home/mpcmeulensteen/blackboard_ws/install/turtlebot3_description/share/turtlebot3_description/meshes/wheels/right_tire.stl
[0.432s] -- Up-to-date: /home/mpcmeulensteen/blackboard_ws/install/turtlebot3_description/share/turtlebot3_description/meshes/sensors
[0.435s] -- Up-to-date: /home/mpcmeulensteen/blackboard_ws/install/turtlebot3_description/share/turtlebot3_description/meshes/sensors/lds.stl
[0.436s] -- Up-to-date: /home/mpcmeulensteen/blackboard_ws/install/turtlebot3_description/share/turtlebot3_description/meshes/sensors/astra.jpg
[0.436s] -- Up-to-date: /home/mpcmeulensteen/blackboard_ws/install/turtlebot3_description/share/turtlebot3_description/meshes/sensors/r200.dae
[0.438s] -- Up-to-date: /home/mpcmeulensteen/blackboard_ws/install/turtlebot3_description/share/turtlebot3_description/meshes/sensors/astra.dae
[0.438s] -- Up-to-date: /home/mpcmeulensteen/blackboard_ws/install/turtlebot3_description/share/turtlebot3_description/meshes/sensors/r200.jpg
[0.439s] -- Up-to-date: /home/mpcmeulensteen/blackboard_ws/install/turtlebot3_description/share/turtlebot3_description/meshes/bases
[0.439s] -- Up-to-date: /home/mpcmeulensteen/blackboard_ws/install/turtlebot3_description/share/turtlebot3_description/meshes/bases/waffle_base.stl
[0.439s] -- Up-to-date: /home/mpcmeulensteen/blackboard_ws/install/turtlebot3_description/share/turtlebot3_description/meshes/bases/waffle_pi_base.stl
[0.439s] -- Up-to-date: /home/mpcmeulensteen/blackboard_ws/install/turtlebot3_description/share/turtlebot3_description/meshes/bases/burger_base.stl
[0.439s] -- Up-to-date: /home/mpcmeulensteen/blackboard_ws/install/turtlebot3_description/share/turtlebot3_description/rviz
[0.439s] -- Up-to-date: /home/mpcmeulensteen/blackboard_ws/install/turtlebot3_description/share/turtlebot3_description/rviz/model.rviz
[0.440s] -- Up-to-date: /home/mpcmeulensteen/blackboard_ws/install/turtlebot3_description/share/turtlebot3_description/urdf
[0.440s] -- Up-to-date: /home/mpcmeulensteen/blackboard_ws/install/turtlebot3_description/share/turtlebot3_description/urdf/common_properties.urdf
[0.440s] -- Up-to-date: /home/mpcmeulensteen/blackboard_ws/install/turtlebot3_description/share/turtlebot3_description/urdf/turtlebot3_waffle.urdf
[0.440s] -- Up-to-date: /home/mpcmeulensteen/blackboard_ws/install/turtlebot3_description/share/turtlebot3_description/urdf/turtlebot3_waffle_pi.urdf
[0.442s] -- Up-to-date: /home/mpcmeulensteen/blackboard_ws/install/turtlebot3_description/share/turtlebot3_description/urdf/turtlebot3_burger.urdf
[0.442s] -- Up-to-date: /home/mpcmeulensteen/blackboard_ws/install/turtlebot3_description/share/ament_index/resource_index/package_run_dependencies/turtlebot3_description
[0.442s] -- Up-to-date: /home/mpcmeulensteen/blackboard_ws/install/turtlebot3_description/share/ament_index/resource_index/parent_prefix_path/turtlebot3_description
[0.446s] -- Up-to-date: /home/mpcmeulensteen/blackboard_ws/install/turtlebot3_description/share/turtlebot3_description/environment/ament_prefix_path.sh
[0.447s] -- Up-to-date: /home/mpcmeulensteen/blackboard_ws/install/turtlebot3_description/share/turtlebot3_description/environment/ament_prefix_path.dsv
[0.447s] -- Up-to-date: /home/mpcmeulensteen/blackboard_ws/install/turtlebot3_description/share/turtlebot3_description/environment/path.sh
[0.447s] -- Up-to-date: /home/mpcmeulensteen/blackboard_ws/install/turtlebot3_description/share/turtlebot3_description/environment/path.dsv
[0.448s] -- Up-to-date: /home/mpcmeulensteen/blackboard_ws/install/turtlebot3_description/share/turtlebot3_description/local_setup.bash
[0.452s] -- Up-to-date: /home/mpcmeulensteen/blackboard_ws/install/turtlebot3_description/share/turtlebot3_description/local_setup.sh
[0.453s] -- Up-to-date: /home/mpcmeulensteen/blackboard_ws/install/turtlebot3_description/share/turtlebot3_description/local_setup.zsh
[0.453s] -- Up-to-date: /home/mpcmeulensteen/blackboard_ws/install/turtlebot3_description/share/turtlebot3_description/local_setup.dsv
[0.454s] -- Installing: /home/mpcmeulensteen/blackboard_ws/install/turtlebot3_description/share/turtlebot3_description/package.dsv
[0.456s] -- Up-to-date: /home/mpcmeulensteen/blackboard_ws/install/turtlebot3_description/share/ament_index/resource_index/packages/turtlebot3_description
[0.457s] -- Up-to-date: /home/mpcmeulensteen/blackboard_ws/install/turtlebot3_description/share/turtlebot3_description/cmake/turtlebot3_descriptionConfig.cmake
[0.457s] -- Up-to-date: /home/mpcmeulensteen/blackboard_ws/install/turtlebot3_description/share/turtlebot3_description/cmake/turtlebot3_descriptionConfig-version.cmake
[0.457s] -- Up-to-date: /home/mpcmeulensteen/blackboard_ws/install/turtlebot3_description/share/turtlebot3_description/package.xml
[0.467s] Invoked command in '/home/mpcmeulensteen/blackboard_ws/build/turtlebot3_description' returned '0': CMAKE_PREFIX_PATH=${CMAKE_PREFIX_PATH}:/home/mpcmeulensteen/blackboard_ws/install/turtlebot3_teleop:/home/mpcmeulensteen/blackboard_ws/install/turtlebot3_example:/home/mpcmeulensteen/blackboard_ws/install/tf_transformations:/home/mpcmeulensteen/blackboard_ws/install/ros2_blackboard:/home/mpcmeulensteen/blackboard_ws/install/ros2_bbinstance:/opt/ros/foxy /usr/bin/cmake --install /home/mpcmeulensteen/blackboard_ws/build/turtlebot3_description
