[0.432s] Invoking command in '/home/mpcmeulensteen/blackboard_ws/src/blackboard': PYTHONPATH=/home/mpcmeulensteen/blackboard_ws/install/blackboard/lib/python3.8/site-packages:${PYTHONPATH} /usr/bin/python3 setup.py egg_info --egg-base ../../build/blackboard build --build-base /home/mpcmeulensteen/blackboard_ws/build/blackboard/build install --prefix /home/mpcmeulensteen/blackboard_ws/install/blackboard --record /home/mpcmeulensteen/blackboard_ws/build/blackboard/install.log --single-version-externally-managed
[0.623s] running egg_info
[0.624s] writing ../../build/blackboard/blackboard.egg-info/PKG-INFO
[0.624s] writing dependency_links to ../../build/blackboard/blackboard.egg-info/dependency_links.txt
[0.625s] writing entry points to ../../build/blackboard/blackboard.egg-info/entry_points.txt
[0.625s] writing requirements to ../../build/blackboard/blackboard.egg-info/requires.txt
[0.625s] writing top-level names to ../../build/blackboard/blackboard.egg-info/top_level.txt
[0.656s] reading manifest file '../../build/blackboard/blackboard.egg-info/SOURCES.txt'
[0.657s] writing manifest file '../../build/blackboard/blackboard.egg-info/SOURCES.txt'
[0.658s] running build
[0.658s] running build_py
[0.658s] copying blackboard/Robot.py -> /home/mpcmeulensteen/blackboard_ws/build/blackboard/build/lib/blackboard
[0.658s] running install
[0.660s] running install_lib
[0.660s] copying /home/mpcmeulensteen/blackboard_ws/build/blackboard/build/lib/blackboard/Robot.py -> /home/mpcmeulensteen/blackboard_ws/install/blackboard/lib/python3.8/site-packages/blackboard
[0.662s] byte-compiling /home/mpcmeulensteen/blackboard_ws/install/blackboard/lib/python3.8/site-packages/blackboard/Robot.py to Robot.cpython-38.pyc
[0.664s] running install_data
[0.665s] running install_egg_info
[0.666s] removing '/home/mpcmeulensteen/blackboard_ws/install/blackboard/lib/python3.8/site-packages/blackboard-0.0.0-py3.8.egg-info' (and everything under it)
[0.666s] Copying ../../build/blackboard/blackboard.egg-info to /home/mpcmeulensteen/blackboard_ws/install/blackboard/lib/python3.8/site-packages/blackboard-0.0.0-py3.8.egg-info
[0.669s] running install_scripts
[0.685s] writing list of installed files to '/home/mpcmeulensteen/blackboard_ws/build/blackboard/install.log'
[0.718s] Invoked command in '/home/mpcmeulensteen/blackboard_ws/src/blackboard' returned '0': PYTHONPATH=/home/mpcmeulensteen/blackboard_ws/install/blackboard/lib/python3.8/site-packages:${PYTHONPATH} /usr/bin/python3 setup.py egg_info --egg-base ../../build/blackboard build --build-base /home/mpcmeulensteen/blackboard_ws/build/blackboard/build install --prefix /home/mpcmeulensteen/blackboard_ws/install/blackboard --record /home/mpcmeulensteen/blackboard_ws/build/blackboard/install.log --single-version-externally-managed
