[0.272s] Invoking command in '/home/mpcmeulensteen/blackboard_ws/src/bbinstance': PYTHONPATH=/home/mpcmeulensteen/blackboard_ws/install/bbinstance/lib/python3.8/site-packages:${PYTHONPATH} /usr/bin/python3 setup.py egg_info --egg-base ../../build/bbinstance build --build-base /home/mpcmeulensteen/blackboard_ws/build/bbinstance/build install --prefix /home/mpcmeulensteen/blackboard_ws/install/bbinstance --record /home/mpcmeulensteen/blackboard_ws/build/bbinstance/install.log --single-version-externally-managed
[0.576s] running egg_info
[0.576s] writing ../../build/bbinstance/bbinstance.egg-info/PKG-INFO
[0.576s] writing dependency_links to ../../build/bbinstance/bbinstance.egg-info/dependency_links.txt
[0.576s] writing entry points to ../../build/bbinstance/bbinstance.egg-info/entry_points.txt
[0.577s] writing requirements to ../../build/bbinstance/bbinstance.egg-info/requires.txt
[0.577s] writing top-level names to ../../build/bbinstance/bbinstance.egg-info/top_level.txt
[0.610s] reading manifest file '../../build/bbinstance/bbinstance.egg-info/SOURCES.txt'
[0.612s] writing manifest file '../../build/bbinstance/bbinstance.egg-info/SOURCES.txt'
[0.613s] running build
[0.613s] running build_py
[0.613s] running install
[0.613s] running install_lib
[0.614s] running install_data
[0.615s] running install_egg_info
[0.616s] removing '/home/mpcmeulensteen/blackboard_ws/install/bbinstance/lib/python3.8/site-packages/bbinstance-0.0.0-py3.8.egg-info' (and everything under it)
[0.617s] Copying ../../build/bbinstance/bbinstance.egg-info to /home/mpcmeulensteen/blackboard_ws/install/bbinstance/lib/python3.8/site-packages/bbinstance-0.0.0-py3.8.egg-info
[0.617s] running install_scripts
[0.633s] writing list of installed files to '/home/mpcmeulensteen/blackboard_ws/build/bbinstance/install.log'
[0.745s] Invoked command in '/home/mpcmeulensteen/blackboard_ws/src/bbinstance' returned '0': PYTHONPATH=/home/mpcmeulensteen/blackboard_ws/install/bbinstance/lib/python3.8/site-packages:${PYTHONPATH} /usr/bin/python3 setup.py egg_info --egg-base ../../build/bbinstance build --build-base /home/mpcmeulensteen/blackboard_ws/build/bbinstance/build install --prefix /home/mpcmeulensteen/blackboard_ws/install/bbinstance --record /home/mpcmeulensteen/blackboard_ws/build/bbinstance/install.log --single-version-externally-managed
