[0.018s] Invoking command in '/home/mpcmeulensteen/blackboard_ws/build/move_base_msgs': CMAKE_PREFIX_PATH=${CMAKE_PREFIX_PATH}:/home/mpcmeulensteen/blackboard_ws/install/turtlebot3_teleop:/home/mpcmeulensteen/blackboard_ws/install/turtlebot3_example:/home/mpcmeulensteen/blackboard_ws/install/ros2_blackboard:/home/mpcmeulensteen/turtlebot3_ws/install/turtlebot3_teleop:/home/mpcmeulensteen/turtlebot3_ws/install/turtlebot3_example:/home/mpcmeulensteen/colcon_ws/install/turtlebot3_teleop:/home/mpcmeulensteen/colcon_ws/install/turtlebot3_example:/opt/ros/foxy /usr/bin/cmake --build /home/mpcmeulensteen/blackboard_ws/build/move_base_msgs -- -j2 -l2
[0.081s] [  3%] Built target move_base_msgs__cpp
[0.090s] [ 12%] Built target move_base_msgs__rosidl_generator_c
[0.123s] [ 22%] Built target move_base_msgs__rosidl_typesupport_introspection_cpp
[0.132s] [ 32%] Built target move_base_msgs__rosidl_typesupport_fastrtps_cpp
[0.152s] [ 41%] Built target move_base_msgs__rosidl_typesupport_introspection_c
[0.157s] [ 51%] Built target move_base_msgs__rosidl_typesupport_cpp
[0.182s] [ 61%] Built target move_base_msgs__rosidl_typesupport_c
[0.183s] [ 70%] Built target move_base_msgs__rosidl_typesupport_fastrtps_c
[0.208s] [ 70%] Built target move_base_msgs
[0.235s] [ 74%] Built target move_base_msgs__py
[0.273s] [ 80%] Built target move_base_msgs__python
[0.311s] [ 87%] Built target move_base_msgs__rosidl_typesupport_c__pyext
[0.321s] [ 93%] Built target move_base_msgs__rosidl_typesupport_fastrtps_c__pyext
[0.353s] [100%] Built target move_base_msgs__rosidl_typesupport_introspection_c__pyext
[0.366s] Invoked command in '/home/mpcmeulensteen/blackboard_ws/build/move_base_msgs' returned '0': CMAKE_PREFIX_PATH=${CMAKE_PREFIX_PATH}:/home/mpcmeulensteen/blackboard_ws/install/turtlebot3_teleop:/home/mpcmeulensteen/blackboard_ws/install/turtlebot3_example:/home/mpcmeulensteen/blackboard_ws/install/ros2_blackboard:/home/mpcmeulensteen/turtlebot3_ws/install/turtlebot3_teleop:/home/mpcmeulensteen/turtlebot3_ws/install/turtlebot3_example:/home/mpcmeulensteen/colcon_ws/install/turtlebot3_teleop:/home/mpcmeulensteen/colcon_ws/install/turtlebot3_example:/opt/ros/foxy /usr/bin/cmake --build /home/mpcmeulensteen/blackboard_ws/build/move_base_msgs -- -j2 -l2
[0.619s] Invoking command in '/home/mpcmeulensteen/blackboard_ws/build/move_base_msgs': CMAKE_PREFIX_PATH=${CMAKE_PREFIX_PATH}:/home/mpcmeulensteen/blackboard_ws/install/turtlebot3_teleop:/home/mpcmeulensteen/blackboard_ws/install/turtlebot3_example:/home/mpcmeulensteen/blackboard_ws/install/ros2_blackboard:/home/mpcmeulensteen/turtlebot3_ws/install/turtlebot3_teleop:/home/mpcmeulensteen/turtlebot3_ws/install/turtlebot3_example:/home/mpcmeulensteen/colcon_ws/install/turtlebot3_teleop:/home/mpcmeulensteen/colcon_ws/install/turtlebot3_example:/opt/ros/foxy /usr/bin/cmake --install /home/mpcmeulensteen/blackboard_ws/build/move_base_msgs
[0.633s] -- Install configuration: ""
[0.633s] -- Up-to-date: /home/mpcmeulensteen/blackboard_ws/install/move_base_msgs/share/ament_index/resource_index/rosidl_interfaces/move_base_msgs
[0.633s] -- Up-to-date: /home/mpcmeulensteen/blackboard_ws/install/move_base_msgs/include/move_base_msgs
[0.633s] -- Up-to-date: /home/mpcmeulensteen/blackboard_ws/install/move_base_msgs/include/move_base_msgs/action
[0.633s] -- Up-to-date: /home/mpcmeulensteen/blackboard_ws/install/move_base_msgs/include/move_base_msgs/action/detail
[0.633s] -- Up-to-date: /home/mpcmeulensteen/blackboard_ws/install/move_base_msgs/include/move_base_msgs/action/detail/move_base__functions.c
[0.633s] -- Up-to-date: /home/mpcmeulensteen/blackboard_ws/install/move_base_msgs/include/move_base_msgs/action/detail/move_base__struct.h
[0.633s] -- Up-to-date: /home/mpcmeulensteen/blackboard_ws/install/move_base_msgs/include/move_base_msgs/action/detail/move_base__type_support.h
[0.634s] -- Up-to-date: /home/mpcmeulensteen/blackboard_ws/install/move_base_msgs/include/move_base_msgs/action/detail/move_base__functions.h
[0.634s] -- Up-to-date: /home/mpcmeulensteen/blackboard_ws/install/move_base_msgs/include/move_base_msgs/action/move_base.h
[0.634s] -- Up-to-date: /home/mpcmeulensteen/blackboard_ws/install/move_base_msgs/include/move_base_msgs/msg
[0.634s] -- Up-to-date: /home/mpcmeulensteen/blackboard_ws/install/move_base_msgs/include/move_base_msgs/msg/rosidl_generator_c__visibility_control.h
[0.634s] -- Up-to-date: /home/mpcmeulensteen/blackboard_ws/install/move_base_msgs/share/move_base_msgs/environment/library_path.sh
[0.634s] -- Up-to-date: /home/mpcmeulensteen/blackboard_ws/install/move_base_msgs/share/move_base_msgs/environment/library_path.dsv
[0.634s] -- Up-to-date: /home/mpcmeulensteen/blackboard_ws/install/move_base_msgs/lib/libmove_base_msgs__rosidl_generator_c.so
[0.634s] -- Up-to-date: /home/mpcmeulensteen/blackboard_ws/install/move_base_msgs/include/move_base_msgs
[0.635s] -- Up-to-date: /home/mpcmeulensteen/blackboard_ws/install/move_base_msgs/include/move_base_msgs/action
[0.635s] -- Up-to-date: /home/mpcmeulensteen/blackboard_ws/install/move_base_msgs/include/move_base_msgs/action/detail
[0.635s] -- Up-to-date: /home/mpcmeulensteen/blackboard_ws/install/move_base_msgs/include/move_base_msgs/action/detail/move_base__rosidl_typesupport_fastrtps_c.h
[0.635s] -- Up-to-date: /home/mpcmeulensteen/blackboard_ws/install/move_base_msgs/include/move_base_msgs/msg
[0.635s] -- Up-to-date: /home/mpcmeulensteen/blackboard_ws/install/move_base_msgs/include/move_base_msgs/msg/rosidl_typesupport_fastrtps_c__visibility_control.h
[0.635s] -- Up-to-date: /home/mpcmeulensteen/blackboard_ws/install/move_base_msgs/lib/libmove_base_msgs__rosidl_typesupport_fastrtps_c.so
[0.635s] -- Up-to-date: /home/mpcmeulensteen/blackboard_ws/install/move_base_msgs/include/move_base_msgs
[0.636s] -- Up-to-date: /home/mpcmeulensteen/blackboard_ws/install/move_base_msgs/include/move_base_msgs/action
[0.636s] -- Up-to-date: /home/mpcmeulensteen/blackboard_ws/install/move_base_msgs/include/move_base_msgs/action/detail
[0.636s] -- Up-to-date: /home/mpcmeulensteen/blackboard_ws/install/move_base_msgs/include/move_base_msgs/action/detail/dds_fastrtps
[0.637s] -- Up-to-date: /home/mpcmeulensteen/blackboard_ws/install/move_base_msgs/include/move_base_msgs/action/detail/move_base__rosidl_typesupport_fastrtps_cpp.hpp
[0.637s] -- Up-to-date: /home/mpcmeulensteen/blackboard_ws/install/move_base_msgs/include/move_base_msgs/msg
[0.637s] -- Up-to-date: /home/mpcmeulensteen/blackboard_ws/install/move_base_msgs/include/move_base_msgs/msg/rosidl_typesupport_fastrtps_cpp__visibility_control.h
[0.637s] -- Up-to-date: /home/mpcmeulensteen/blackboard_ws/install/move_base_msgs/lib/libmove_base_msgs__rosidl_typesupport_fastrtps_cpp.so
[0.637s] -- Up-to-date: /home/mpcmeulensteen/blackboard_ws/install/move_base_msgs/include/move_base_msgs
[0.637s] -- Up-to-date: /home/mpcmeulensteen/blackboard_ws/install/move_base_msgs/include/move_base_msgs/action
[0.637s] -- Up-to-date: /home/mpcmeulensteen/blackboard_ws/install/move_base_msgs/include/move_base_msgs/action/detail
[0.637s] -- Up-to-date: /home/mpcmeulensteen/blackboard_ws/install/move_base_msgs/include/move_base_msgs/action/detail/move_base__rosidl_typesupport_introspection_c.h
[0.637s] -- Up-to-date: /home/mpcmeulensteen/blackboard_ws/install/move_base_msgs/include/move_base_msgs/action/detail/move_base__type_support.c
[0.637s] -- Up-to-date: /home/mpcmeulensteen/blackboard_ws/install/move_base_msgs/include/move_base_msgs/msg
[0.638s] -- Up-to-date: /home/mpcmeulensteen/blackboard_ws/install/move_base_msgs/include/move_base_msgs/msg/rosidl_typesupport_introspection_c__visibility_control.h
[0.638s] -- Up-to-date: /home/mpcmeulensteen/blackboard_ws/install/move_base_msgs/lib/libmove_base_msgs__rosidl_typesupport_introspection_c.so
[0.638s] -- Up-to-date: /home/mpcmeulensteen/blackboard_ws/install/move_base_msgs/lib/libmove_base_msgs__rosidl_typesupport_c.so
[0.638s] -- Up-to-date: /home/mpcmeulensteen/blackboard_ws/install/move_base_msgs/include/move_base_msgs
[0.638s] -- Up-to-date: /home/mpcmeulensteen/blackboard_ws/install/move_base_msgs/include/move_base_msgs/action
[0.638s] -- Up-to-date: /home/mpcmeulensteen/blackboard_ws/install/move_base_msgs/include/move_base_msgs/action/detail
[0.638s] -- Up-to-date: /home/mpcmeulensteen/blackboard_ws/install/move_base_msgs/include/move_base_msgs/action/detail/move_base__builder.hpp
[0.638s] -- Up-to-date: /home/mpcmeulensteen/blackboard_ws/install/move_base_msgs/include/move_base_msgs/action/detail/move_base__traits.hpp
[0.638s] -- Up-to-date: /home/mpcmeulensteen/blackboard_ws/install/move_base_msgs/include/move_base_msgs/action/detail/move_base__struct.hpp
[0.638s] -- Up-to-date: /home/mpcmeulensteen/blackboard_ws/install/move_base_msgs/include/move_base_msgs/action/move_base.hpp
[0.638s] -- Up-to-date: /home/mpcmeulensteen/blackboard_ws/install/move_base_msgs/include/move_base_msgs
[0.638s] -- Up-to-date: /home/mpcmeulensteen/blackboard_ws/install/move_base_msgs/include/move_base_msgs/action
[0.638s] -- Up-to-date: /home/mpcmeulensteen/blackboard_ws/install/move_base_msgs/include/move_base_msgs/action/detail
[0.638s] -- Up-to-date: /home/mpcmeulensteen/blackboard_ws/install/move_base_msgs/include/move_base_msgs/action/detail/move_base__rosidl_typesupport_introspection_cpp.hpp
[0.638s] -- Up-to-date: /home/mpcmeulensteen/blackboard_ws/install/move_base_msgs/include/move_base_msgs/action/detail/move_base__type_support.cpp
[0.638s] -- Up-to-date: /home/mpcmeulensteen/blackboard_ws/install/move_base_msgs/lib/libmove_base_msgs__rosidl_typesupport_introspection_cpp.so
[0.638s] -- Up-to-date: /home/mpcmeulensteen/blackboard_ws/install/move_base_msgs/lib/libmove_base_msgs__rosidl_typesupport_cpp.so
[0.639s] -- Up-to-date: /home/mpcmeulensteen/blackboard_ws/install/move_base_msgs/share/move_base_msgs/environment/pythonpath.sh
[0.639s] -- Up-to-date: /home/mpcmeulensteen/blackboard_ws/install/move_base_msgs/share/move_base_msgs/environment/pythonpath.dsv
[0.639s] -- Up-to-date: /home/mpcmeulensteen/blackboard_ws/install/move_base_msgs/lib/python3.8/site-packages/move_base_msgs/__init__.py
[0.675s] -- Up-to-date: /home/mpcmeulensteen/blackboard_ws/install/move_base_msgs/lib/python3.8/site-packages/move_base_msgs/action
[0.676s] -- Up-to-date: /home/mpcmeulensteen/blackboard_ws/install/move_base_msgs/lib/python3.8/site-packages/move_base_msgs/action/_move_base_s.c
[0.676s] -- Up-to-date: /home/mpcmeulensteen/blackboard_ws/install/move_base_msgs/lib/python3.8/site-packages/move_base_msgs/action/_move_base.py
[0.676s] -- Up-to-date: /home/mpcmeulensteen/blackboard_ws/install/move_base_msgs/lib/python3.8/site-packages/move_base_msgs/action/__init__.py
[0.676s] -- Up-to-date: /home/mpcmeulensteen/blackboard_ws/install/move_base_msgs/lib/python3.8/site-packages/move_base_msgs/move_base_msgs_s__rosidl_typesupport_fastrtps_c.cpython-38-x86_64-linux-gnu.so
[0.676s] -- Up-to-date: /home/mpcmeulensteen/blackboard_ws/install/move_base_msgs/lib/python3.8/site-packages/move_base_msgs/move_base_msgs_s__rosidl_typesupport_introspection_c.cpython-38-x86_64-linux-gnu.so
[0.677s] -- Up-to-date: /home/mpcmeulensteen/blackboard_ws/install/move_base_msgs/lib/python3.8/site-packages/move_base_msgs/move_base_msgs_s__rosidl_typesupport_c.cpython-38-x86_64-linux-gnu.so
[0.677s] -- Up-to-date: /home/mpcmeulensteen/blackboard_ws/install/move_base_msgs/lib/libmove_base_msgs__python.so
[0.677s] -- Up-to-date: /home/mpcmeulensteen/blackboard_ws/install/move_base_msgs/share/move_base_msgs/action/MoveBase.idl
[0.677s] -- Up-to-date: /home/mpcmeulensteen/blackboard_ws/install/move_base_msgs/share/move_base_msgs/action/MoveBase.action
[0.678s] -- Up-to-date: /home/mpcmeulensteen/blackboard_ws/install/move_base_msgs/share/ament_index/resource_index/package_run_dependencies/move_base_msgs
[0.678s] -- Up-to-date: /home/mpcmeulensteen/blackboard_ws/install/move_base_msgs/share/ament_index/resource_index/parent_prefix_path/move_base_msgs
[0.678s] -- Up-to-date: /home/mpcmeulensteen/blackboard_ws/install/move_base_msgs/share/move_base_msgs/environment/ament_prefix_path.sh
[0.678s] -- Up-to-date: /home/mpcmeulensteen/blackboard_ws/install/move_base_msgs/share/move_base_msgs/environment/ament_prefix_path.dsv
[0.678s] -- Up-to-date: /home/mpcmeulensteen/blackboard_ws/install/move_base_msgs/share/move_base_msgs/environment/path.sh
[0.678s] -- Up-to-date: /home/mpcmeulensteen/blackboard_ws/install/move_base_msgs/share/move_base_msgs/environment/path.dsv
[0.678s] -- Up-to-date: /home/mpcmeulensteen/blackboard_ws/install/move_base_msgs/share/move_base_msgs/local_setup.bash
[0.678s] -- Up-to-date: /home/mpcmeulensteen/blackboard_ws/install/move_base_msgs/share/move_base_msgs/local_setup.sh
[0.678s] -- Up-to-date: /home/mpcmeulensteen/blackboard_ws/install/move_base_msgs/share/move_base_msgs/local_setup.zsh
[0.678s] -- Up-to-date: /home/mpcmeulensteen/blackboard_ws/install/move_base_msgs/share/move_base_msgs/local_setup.dsv
[0.678s] -- Installing: /home/mpcmeulensteen/blackboard_ws/install/move_base_msgs/share/move_base_msgs/package.dsv
[0.678s] -- Up-to-date: /home/mpcmeulensteen/blackboard_ws/install/move_base_msgs/share/ament_index/resource_index/packages/move_base_msgs
[0.678s] -- Up-to-date: /home/mpcmeulensteen/blackboard_ws/install/move_base_msgs/share/move_base_msgs/cmake/move_base_msgs__rosidl_generator_cExport.cmake
[0.678s] -- Up-to-date: /home/mpcmeulensteen/blackboard_ws/install/move_base_msgs/share/move_base_msgs/cmake/move_base_msgs__rosidl_generator_cExport-noconfig.cmake
[0.679s] -- Up-to-date: /home/mpcmeulensteen/blackboard_ws/install/move_base_msgs/share/move_base_msgs/cmake/move_base_msgs__rosidl_typesupport_introspection_cExport.cmake
[0.679s] -- Up-to-date: /home/mpcmeulensteen/blackboard_ws/install/move_base_msgs/share/move_base_msgs/cmake/move_base_msgs__rosidl_typesupport_introspection_cExport-noconfig.cmake
[0.679s] -- Up-to-date: /home/mpcmeulensteen/blackboard_ws/install/move_base_msgs/share/move_base_msgs/cmake/move_base_msgs__rosidl_typesupport_cExport.cmake
[0.679s] -- Up-to-date: /home/mpcmeulensteen/blackboard_ws/install/move_base_msgs/share/move_base_msgs/cmake/move_base_msgs__rosidl_typesupport_cExport-noconfig.cmake
[0.679s] -- Up-to-date: /home/mpcmeulensteen/blackboard_ws/install/move_base_msgs/share/move_base_msgs/cmake/move_base_msgs__rosidl_generator_cppExport.cmake
[0.679s] -- Up-to-date: /home/mpcmeulensteen/blackboard_ws/install/move_base_msgs/share/move_base_msgs/cmake/move_base_msgs__rosidl_typesupport_introspection_cppExport.cmake
[0.679s] -- Up-to-date: /home/mpcmeulensteen/blackboard_ws/install/move_base_msgs/share/move_base_msgs/cmake/move_base_msgs__rosidl_typesupport_introspection_cppExport-noconfig.cmake
[0.679s] -- Up-to-date: /home/mpcmeulensteen/blackboard_ws/install/move_base_msgs/share/move_base_msgs/cmake/move_base_msgs__rosidl_typesupport_cppExport.cmake
[0.679s] -- Up-to-date: /home/mpcmeulensteen/blackboard_ws/install/move_base_msgs/share/move_base_msgs/cmake/move_base_msgs__rosidl_typesupport_cppExport-noconfig.cmake
[0.679s] -- Up-to-date: /home/mpcmeulensteen/blackboard_ws/install/move_base_msgs/share/move_base_msgs/cmake/rosidl_cmake-extras.cmake
[0.680s] -- Up-to-date: /home/mpcmeulensteen/blackboard_ws/install/move_base_msgs/share/move_base_msgs/cmake/ament_cmake_export_dependencies-extras.cmake
[0.680s] -- Up-to-date: /home/mpcmeulensteen/blackboard_ws/install/move_base_msgs/share/move_base_msgs/cmake/ament_cmake_export_libraries-extras.cmake
[0.680s] -- Up-to-date: /home/mpcmeulensteen/blackboard_ws/install/move_base_msgs/share/move_base_msgs/cmake/ament_cmake_export_targets-extras.cmake
[0.680s] -- Up-to-date: /home/mpcmeulensteen/blackboard_ws/install/move_base_msgs/share/move_base_msgs/cmake/ament_cmake_export_include_directories-extras.cmake
[0.680s] -- Up-to-date: /home/mpcmeulensteen/blackboard_ws/install/move_base_msgs/share/move_base_msgs/cmake/rosidl_cmake_export_typesupport_libraries-extras.cmake
[0.680s] -- Up-to-date: /home/mpcmeulensteen/blackboard_ws/install/move_base_msgs/share/move_base_msgs/cmake/rosidl_cmake_export_typesupport_targets-extras.cmake
[0.680s] -- Up-to-date: /home/mpcmeulensteen/blackboard_ws/install/move_base_msgs/share/move_base_msgs/cmake/move_base_msgsConfig.cmake
[0.680s] -- Up-to-date: /home/mpcmeulensteen/blackboard_ws/install/move_base_msgs/share/move_base_msgs/cmake/move_base_msgsConfig-version.cmake
[0.680s] -- Up-to-date: /home/mpcmeulensteen/blackboard_ws/install/move_base_msgs/share/move_base_msgs/package.xml
[0.684s] Invoked command in '/home/mpcmeulensteen/blackboard_ws/build/move_base_msgs' returned '0': CMAKE_PREFIX_PATH=${CMAKE_PREFIX_PATH}:/home/mpcmeulensteen/blackboard_ws/install/turtlebot3_teleop:/home/mpcmeulensteen/blackboard_ws/install/turtlebot3_example:/home/mpcmeulensteen/blackboard_ws/install/ros2_blackboard:/home/mpcmeulensteen/turtlebot3_ws/install/turtlebot3_teleop:/home/mpcmeulensteen/turtlebot3_ws/install/turtlebot3_example:/home/mpcmeulensteen/colcon_ws/install/turtlebot3_teleop:/home/mpcmeulensteen/colcon_ws/install/turtlebot3_example:/opt/ros/foxy /usr/bin/cmake --install /home/mpcmeulensteen/blackboard_ws/build/move_base_msgs
