[0.357s] Invoking command in '/home/mpcmeulensteen/blackboard_ws/src/navigation': PYTHONPATH=/home/mpcmeulensteen/blackboard_ws/install/navigation/lib/python3.8/site-packages:${PYTHONPATH} /usr/bin/python3 setup.py egg_info --egg-base ../../build/navigation build --build-base /home/mpcmeulensteen/blackboard_ws/build/navigation/build install --prefix /home/mpcmeulensteen/blackboard_ws/install/navigation --record /home/mpcmeulensteen/blackboard_ws/build/navigation/install.log --single-version-externally-managed
[0.722s] running egg_info
[0.724s] writing ../../build/navigation/navigation.egg-info/PKG-INFO
[0.724s] writing dependency_links to ../../build/navigation/navigation.egg-info/dependency_links.txt
[0.725s] writing entry points to ../../build/navigation/navigation.egg-info/entry_points.txt
[0.726s] writing requirements to ../../build/navigation/navigation.egg-info/requires.txt
[0.726s] writing top-level names to ../../build/navigation/navigation.egg-info/top_level.txt
[0.787s] reading manifest file '../../build/navigation/navigation.egg-info/SOURCES.txt'
[0.789s] writing manifest file '../../build/navigation/navigation.egg-info/SOURCES.txt'
[0.790s] running build
[0.790s] running build_py
[0.791s] running install
[0.792s] running install_lib
[0.794s] running install_data
[0.795s] copying launch/simulation.launch.py -> /home/mpcmeulensteen/blackboard_ws/install/navigation/share/navigation
[0.796s] running install_egg_info
[0.798s] removing '/home/mpcmeulensteen/blackboard_ws/install/navigation/lib/python3.8/site-packages/navigation-0.0.0-py3.8.egg-info' (and everything under it)
[0.803s] Copying ../../build/navigation/navigation.egg-info to /home/mpcmeulensteen/blackboard_ws/install/navigation/lib/python3.8/site-packages/navigation-0.0.0-py3.8.egg-info
[0.805s] running install_scripts
[0.835s] writing list of installed files to '/home/mpcmeulensteen/blackboard_ws/build/navigation/install.log'
[0.916s] Invoked command in '/home/mpcmeulensteen/blackboard_ws/src/navigation' returned '0': PYTHONPATH=/home/mpcmeulensteen/blackboard_ws/install/navigation/lib/python3.8/site-packages:${PYTHONPATH} /usr/bin/python3 setup.py egg_info --egg-base ../../build/navigation build --build-base /home/mpcmeulensteen/blackboard_ws/build/navigation/build install --prefix /home/mpcmeulensteen/blackboard_ws/install/navigation --record /home/mpcmeulensteen/blackboard_ws/build/navigation/install.log --single-version-externally-managed
