[0.039s] Invoking command in '/home/mpcmeulensteen/blackboard_ws/build/message_pkg': CMAKE_PREFIX_PATH=${CMAKE_PREFIX_PATH}:/home/mpcmeulensteen/blackboard_ws/install/turtlebot3_teleop:/home/mpcmeulensteen/blackboard_ws/install/turtlebot3_example:/home/mpcmeulensteen/blackboard_ws/install/tf_transformations:/home/mpcmeulensteen/blackboard_ws/install/ros2_blackboard:/home/mpcmeulensteen/blackboard_ws/install/ros2_bbinstance:/opt/ros/foxy /usr/bin/cmake --build /home/mpcmeulensteen/blackboard_ws/build/message_pkg -- -j2 -l2
[0.222s] [ 11%] Built target message_pkg__rosidl_generator_c
[0.227s] [ 12%] Built target message_pkg__cpp
[0.372s] [ 23%] Built target message_pkg__rosidl_typesupport_introspection_c
[0.374s] [ 34%] Built target message_pkg__rosidl_typesupport_c
[0.534s] [ 46%] Built target message_pkg__rosidl_typesupport_fastrtps_cpp
[0.534s] [ 57%] Built target message_pkg__rosidl_typesupport_cpp
[0.646s] [ 68%] Built target message_pkg__rosidl_typesupport_introspection_cpp
[0.648s] [ 79%] Built target message_pkg__rosidl_typesupport_fastrtps_c
[0.734s] [ 79%] Built target message_pkg
[0.806s] [ 80%] Built target message_pkg__py
[0.872s] [ 90%] Built target message_pkg__python
[0.949s] [ 93%] Built target message_pkg__rosidl_typesupport_fastrtps_c__pyext
[0.967s] [ 96%] Built target message_pkg__rosidl_typesupport_introspection_c__pyext
[1.035s] [100%] Built target message_pkg__rosidl_typesupport_c__pyext
[1.393s] Invoked command in '/home/mpcmeulensteen/blackboard_ws/build/message_pkg' returned '0': CMAKE_PREFIX_PATH=${CMAKE_PREFIX_PATH}:/home/mpcmeulensteen/blackboard_ws/install/turtlebot3_teleop:/home/mpcmeulensteen/blackboard_ws/install/turtlebot3_example:/home/mpcmeulensteen/blackboard_ws/install/tf_transformations:/home/mpcmeulensteen/blackboard_ws/install/ros2_blackboard:/home/mpcmeulensteen/blackboard_ws/install/ros2_bbinstance:/opt/ros/foxy /usr/bin/cmake --build /home/mpcmeulensteen/blackboard_ws/build/message_pkg -- -j2 -l2
[1.757s] Invoking command in '/home/mpcmeulensteen/blackboard_ws/build/message_pkg': CMAKE_PREFIX_PATH=${CMAKE_PREFIX_PATH}:/home/mpcmeulensteen/blackboard_ws/install/turtlebot3_teleop:/home/mpcmeulensteen/blackboard_ws/install/turtlebot3_example:/home/mpcmeulensteen/blackboard_ws/install/tf_transformations:/home/mpcmeulensteen/blackboard_ws/install/ros2_blackboard:/home/mpcmeulensteen/blackboard_ws/install/ros2_bbinstance:/opt/ros/foxy /usr/bin/cmake --install /home/mpcmeulensteen/blackboard_ws/build/message_pkg
[1.790s] -- Install configuration: ""
[1.791s] -- Up-to-date: /home/mpcmeulensteen/blackboard_ws/install/message_pkg/share/ament_index/resource_index/rosidl_interfaces/message_pkg
[1.791s] -- Up-to-date: /home/mpcmeulensteen/blackboard_ws/install/message_pkg/include/message_pkg
[1.792s] -- Up-to-date: /home/mpcmeulensteen/blackboard_ws/install/message_pkg/include/message_pkg/msg
[1.792s] -- Up-to-date: /home/mpcmeulensteen/blackboard_ws/install/message_pkg/include/message_pkg/msg/rosidl_generator_c__visibility_control.h
[1.792s] -- Up-to-date: /home/mpcmeulensteen/blackboard_ws/install/message_pkg/include/message_pkg/msg/b_bsynch.h
[1.792s] -- Up-to-date: /home/mpcmeulensteen/blackboard_ws/install/message_pkg/include/message_pkg/msg/task_msg.h
[1.792s] -- Up-to-date: /home/mpcmeulensteen/blackboard_ws/install/message_pkg/include/message_pkg/msg/b_bbackup.h
[1.793s] -- Up-to-date: /home/mpcmeulensteen/blackboard_ws/install/message_pkg/include/message_pkg/msg/task_cost.h
[1.793s] -- Up-to-date: /home/mpcmeulensteen/blackboard_ws/install/message_pkg/include/message_pkg/msg/detail
[1.794s] -- Up-to-date: /home/mpcmeulensteen/blackboard_ws/install/message_pkg/include/message_pkg/msg/detail/task_msg__functions.h
[1.794s] -- Up-to-date: /home/mpcmeulensteen/blackboard_ws/install/message_pkg/include/message_pkg/msg/detail/b_bsync__struct.h
[1.794s] -- Up-to-date: /home/mpcmeulensteen/blackboard_ws/install/message_pkg/include/message_pkg/msg/detail/b_bsync__functions.c
[1.794s] -- Up-to-date: /home/mpcmeulensteen/blackboard_ws/install/message_pkg/include/message_pkg/msg/detail/task_state_msg__functions.h
[1.794s] -- Up-to-date: /home/mpcmeulensteen/blackboard_ws/install/message_pkg/include/message_pkg/msg/detail/b_bsynch__functions.c
[1.795s] -- Up-to-date: /home/mpcmeulensteen/blackboard_ws/install/message_pkg/include/message_pkg/msg/detail/task_msg__functions.c
[1.795s] -- Up-to-date: /home/mpcmeulensteen/blackboard_ws/install/message_pkg/include/message_pkg/msg/detail/b_bsynch__functions.h
[1.795s] -- Up-to-date: /home/mpcmeulensteen/blackboard_ws/install/message_pkg/include/message_pkg/msg/detail/task_msg__type_support.h
[1.795s] -- Up-to-date: /home/mpcmeulensteen/blackboard_ws/install/message_pkg/include/message_pkg/msg/detail/b_bsync__type_support.h
[1.795s] -- Up-to-date: /home/mpcmeulensteen/blackboard_ws/install/message_pkg/include/message_pkg/msg/detail/task_cost__type_support.h
[1.796s] -- Up-to-date: /home/mpcmeulensteen/blackboard_ws/install/message_pkg/include/message_pkg/msg/detail/b_bsynch__struct.h
[1.796s] -- Up-to-date: /home/mpcmeulensteen/blackboard_ws/install/message_pkg/include/message_pkg/msg/detail/task_state_msg__type_support.h
[1.796s] -- Up-to-date: /home/mpcmeulensteen/blackboard_ws/install/message_pkg/include/message_pkg/msg/detail/b_bbackup__functions.h
[1.797s] -- Up-to-date: /home/mpcmeulensteen/blackboard_ws/install/message_pkg/include/message_pkg/msg/detail/task_cost__struct.h
[1.798s] -- Up-to-date: /home/mpcmeulensteen/blackboard_ws/install/message_pkg/include/message_pkg/msg/detail/b_bsynch__type_support.h
[1.798s] -- Up-to-date: /home/mpcmeulensteen/blackboard_ws/install/message_pkg/include/message_pkg/msg/detail/task_state_msg__functions.c
[1.798s] -- Up-to-date: /home/mpcmeulensteen/blackboard_ws/install/message_pkg/include/message_pkg/msg/detail/task_msg__struct.h
[1.798s] -- Up-to-date: /home/mpcmeulensteen/blackboard_ws/install/message_pkg/include/message_pkg/msg/detail/b_bbackup__type_support.h
[1.798s] -- Up-to-date: /home/mpcmeulensteen/blackboard_ws/install/message_pkg/include/message_pkg/msg/detail/task_state_msg__struct.h
[1.799s] -- Up-to-date: /home/mpcmeulensteen/blackboard_ws/install/message_pkg/include/message_pkg/msg/detail/b_bbackup__functions.c
[1.799s] -- Up-to-date: /home/mpcmeulensteen/blackboard_ws/install/message_pkg/include/message_pkg/msg/detail/task_cost__functions.h
[1.799s] -- Up-to-date: /home/mpcmeulensteen/blackboard_ws/install/message_pkg/include/message_pkg/msg/detail/b_bbackup__struct.h
[1.799s] -- Up-to-date: /home/mpcmeulensteen/blackboard_ws/install/message_pkg/include/message_pkg/msg/detail/task_cost__functions.c
[1.800s] -- Up-to-date: /home/mpcmeulensteen/blackboard_ws/install/message_pkg/include/message_pkg/msg/detail/b_bsync__functions.h
[1.800s] -- Up-to-date: /home/mpcmeulensteen/blackboard_ws/install/message_pkg/include/message_pkg/msg/b_bsync.h
[1.800s] -- Up-to-date: /home/mpcmeulensteen/blackboard_ws/install/message_pkg/include/message_pkg/msg/task_state_msg.h
[1.801s] -- Up-to-date: /home/mpcmeulensteen/blackboard_ws/install/message_pkg/share/message_pkg/environment/library_path.sh
[1.801s] -- Up-to-date: /home/mpcmeulensteen/blackboard_ws/install/message_pkg/share/message_pkg/environment/library_path.dsv
[1.802s] -- Up-to-date: /home/mpcmeulensteen/blackboard_ws/install/message_pkg/lib/libmessage_pkg__rosidl_generator_c.so
[1.802s] -- Up-to-date: /home/mpcmeulensteen/blackboard_ws/install/message_pkg/include/message_pkg
[1.803s] -- Up-to-date: /home/mpcmeulensteen/blackboard_ws/install/message_pkg/include/message_pkg/msg
[1.803s] -- Up-to-date: /home/mpcmeulensteen/blackboard_ws/install/message_pkg/include/message_pkg/msg/detail
[1.803s] -- Up-to-date: /home/mpcmeulensteen/blackboard_ws/install/message_pkg/include/message_pkg/msg/detail/b_bbackup__rosidl_typesupport_fastrtps_c.h
[1.804s] -- Up-to-date: /home/mpcmeulensteen/blackboard_ws/install/message_pkg/include/message_pkg/msg/detail/b_bsync__rosidl_typesupport_fastrtps_c.h
[1.805s] -- Up-to-date: /home/mpcmeulensteen/blackboard_ws/install/message_pkg/include/message_pkg/msg/detail/task_cost__rosidl_typesupport_fastrtps_c.h
[1.805s] -- Up-to-date: /home/mpcmeulensteen/blackboard_ws/install/message_pkg/include/message_pkg/msg/detail/b_bsynch__rosidl_typesupport_fastrtps_c.h
[1.805s] -- Up-to-date: /home/mpcmeulensteen/blackboard_ws/install/message_pkg/include/message_pkg/msg/detail/task_msg__rosidl_typesupport_fastrtps_c.h
[1.805s] -- Up-to-date: /home/mpcmeulensteen/blackboard_ws/install/message_pkg/include/message_pkg/msg/detail/task_state_msg__rosidl_typesupport_fastrtps_c.h
[1.806s] -- Up-to-date: /home/mpcmeulensteen/blackboard_ws/install/message_pkg/include/message_pkg/msg/rosidl_typesupport_fastrtps_c__visibility_control.h
[1.806s] -- Up-to-date: /home/mpcmeulensteen/blackboard_ws/install/message_pkg/lib/libmessage_pkg__rosidl_typesupport_fastrtps_c.so
[1.807s] -- Up-to-date: /home/mpcmeulensteen/blackboard_ws/install/message_pkg/include/message_pkg
[1.807s] -- Up-to-date: /home/mpcmeulensteen/blackboard_ws/install/message_pkg/include/message_pkg/msg
[1.807s] -- Up-to-date: /home/mpcmeulensteen/blackboard_ws/install/message_pkg/include/message_pkg/msg/detail
[1.807s] -- Up-to-date: /home/mpcmeulensteen/blackboard_ws/install/message_pkg/include/message_pkg/msg/detail/task_cost__rosidl_typesupport_fastrtps_cpp.hpp
[1.807s] -- Up-to-date: /home/mpcmeulensteen/blackboard_ws/install/message_pkg/include/message_pkg/msg/detail/task_msg__rosidl_typesupport_fastrtps_cpp.hpp
[1.808s] -- Up-to-date: /home/mpcmeulensteen/blackboard_ws/install/message_pkg/include/message_pkg/msg/detail/b_bbackup__rosidl_typesupport_fastrtps_cpp.hpp
[1.808s] -- Up-to-date: /home/mpcmeulensteen/blackboard_ws/install/message_pkg/include/message_pkg/msg/detail/dds_fastrtps
[1.808s] -- Up-to-date: /home/mpcmeulensteen/blackboard_ws/install/message_pkg/include/message_pkg/msg/detail/b_bsynch__rosidl_typesupport_fastrtps_cpp.hpp
[1.809s] -- Up-to-date: /home/mpcmeulensteen/blackboard_ws/install/message_pkg/include/message_pkg/msg/detail/b_bsync__rosidl_typesupport_fastrtps_cpp.hpp
[1.809s] -- Up-to-date: /home/mpcmeulensteen/blackboard_ws/install/message_pkg/include/message_pkg/msg/detail/task_state_msg__rosidl_typesupport_fastrtps_cpp.hpp
[1.809s] -- Up-to-date: /home/mpcmeulensteen/blackboard_ws/install/message_pkg/include/message_pkg/msg/rosidl_typesupport_fastrtps_cpp__visibility_control.h
[1.811s] -- Up-to-date: /home/mpcmeulensteen/blackboard_ws/install/message_pkg/lib/libmessage_pkg__rosidl_typesupport_fastrtps_cpp.so
[1.811s] -- Up-to-date: /home/mpcmeulensteen/blackboard_ws/install/message_pkg/include/message_pkg
[1.812s] -- Up-to-date: /home/mpcmeulensteen/blackboard_ws/install/message_pkg/include/message_pkg/msg
[1.812s] -- Up-to-date: /home/mpcmeulensteen/blackboard_ws/install/message_pkg/include/message_pkg/msg/rosidl_typesupport_introspection_c__visibility_control.h
[1.812s] -- Up-to-date: /home/mpcmeulensteen/blackboard_ws/install/message_pkg/include/message_pkg/msg/detail
[1.813s] -- Up-to-date: /home/mpcmeulensteen/blackboard_ws/install/message_pkg/include/message_pkg/msg/detail/b_bsync__rosidl_typesupport_introspection_c.h
[1.813s] -- Up-to-date: /home/mpcmeulensteen/blackboard_ws/install/message_pkg/include/message_pkg/msg/detail/task_cost__rosidl_typesupport_introspection_c.h
[1.814s] -- Up-to-date: /home/mpcmeulensteen/blackboard_ws/install/message_pkg/include/message_pkg/msg/detail/b_bbackup__rosidl_typesupport_introspection_c.h
[1.815s] -- Up-to-date: /home/mpcmeulensteen/blackboard_ws/install/message_pkg/include/message_pkg/msg/detail/b_bsynch__rosidl_typesupport_introspection_c.h
[1.815s] -- Up-to-date: /home/mpcmeulensteen/blackboard_ws/install/message_pkg/include/message_pkg/msg/detail/task_msg__type_support.c
[1.816s] -- Up-to-date: /home/mpcmeulensteen/blackboard_ws/install/message_pkg/include/message_pkg/msg/detail/task_cost__type_support.c
[1.816s] -- Up-to-date: /home/mpcmeulensteen/blackboard_ws/install/message_pkg/include/message_pkg/msg/detail/task_state_msg__rosidl_typesupport_introspection_c.h
[1.816s] -- Up-to-date: /home/mpcmeulensteen/blackboard_ws/install/message_pkg/include/message_pkg/msg/detail/b_bsynch__type_support.c
[1.816s] -- Up-to-date: /home/mpcmeulensteen/blackboard_ws/install/message_pkg/include/message_pkg/msg/detail/b_bsync__type_support.c
[1.817s] -- Up-to-date: /home/mpcmeulensteen/blackboard_ws/install/message_pkg/include/message_pkg/msg/detail/b_bbackup__type_support.c
[1.817s] -- Up-to-date: /home/mpcmeulensteen/blackboard_ws/install/message_pkg/include/message_pkg/msg/detail/task_state_msg__type_support.c
[1.817s] -- Up-to-date: /home/mpcmeulensteen/blackboard_ws/install/message_pkg/include/message_pkg/msg/detail/task_msg__rosidl_typesupport_introspection_c.h
[1.818s] -- Up-to-date: /home/mpcmeulensteen/blackboard_ws/install/message_pkg/lib/libmessage_pkg__rosidl_typesupport_introspection_c.so
[1.819s] -- Up-to-date: /home/mpcmeulensteen/blackboard_ws/install/message_pkg/lib/libmessage_pkg__rosidl_typesupport_c.so
[1.819s] -- Up-to-date: /home/mpcmeulensteen/blackboard_ws/install/message_pkg/include/message_pkg
[1.820s] -- Up-to-date: /home/mpcmeulensteen/blackboard_ws/install/message_pkg/include/message_pkg/msg
[1.820s] -- Up-to-date: /home/mpcmeulensteen/blackboard_ws/install/message_pkg/include/message_pkg/msg/task_cost.hpp
[1.820s] -- Up-to-date: /home/mpcmeulensteen/blackboard_ws/install/message_pkg/include/message_pkg/msg/b_bsynch.hpp
[1.820s] -- Up-to-date: /home/mpcmeulensteen/blackboard_ws/install/message_pkg/include/message_pkg/msg/detail
[1.821s] -- Up-to-date: /home/mpcmeulensteen/blackboard_ws/install/message_pkg/include/message_pkg/msg/detail/b_bsynch__builder.hpp
[1.821s] -- Up-to-date: /home/mpcmeulensteen/blackboard_ws/install/message_pkg/include/message_pkg/msg/detail/task_msg__traits.hpp
[1.821s] -- Up-to-date: /home/mpcmeulensteen/blackboard_ws/install/message_pkg/include/message_pkg/msg/detail/b_bsync__traits.hpp
[1.822s] -- Up-to-date: /home/mpcmeulensteen/blackboard_ws/install/message_pkg/include/message_pkg/msg/detail/b_bbackup__builder.hpp
[1.822s] -- Up-to-date: /home/mpcmeulensteen/blackboard_ws/install/message_pkg/include/message_pkg/msg/detail/task_msg__builder.hpp
[1.822s] -- Up-to-date: /home/mpcmeulensteen/blackboard_ws/install/message_pkg/include/message_pkg/msg/detail/task_cost__struct.hpp
[1.823s] -- Up-to-date: /home/mpcmeulensteen/blackboard_ws/install/message_pkg/include/message_pkg/msg/detail/b_bsynch__traits.hpp
[1.823s] -- Up-to-date: /home/mpcmeulensteen/blackboard_ws/install/message_pkg/include/message_pkg/msg/detail/b_bsync__struct.hpp
[1.823s] -- Up-to-date: /home/mpcmeulensteen/blackboard_ws/install/message_pkg/include/message_pkg/msg/detail/task_state_msg__traits.hpp
[1.823s] -- Up-to-date: /home/mpcmeulensteen/blackboard_ws/install/message_pkg/include/message_pkg/msg/detail/task_cost__builder.hpp
[1.823s] -- Up-to-date: /home/mpcmeulensteen/blackboard_ws/install/message_pkg/include/message_pkg/msg/detail/b_bsynch__struct.hpp
[1.824s] -- Up-to-date: /home/mpcmeulensteen/blackboard_ws/install/message_pkg/include/message_pkg/msg/detail/task_msg__struct.hpp
[1.826s] -- Up-to-date: /home/mpcmeulensteen/blackboard_ws/install/message_pkg/include/message_pkg/msg/detail/b_bbackup__struct.hpp
[1.826s] -- Up-to-date: /home/mpcmeulensteen/blackboard_ws/install/message_pkg/include/message_pkg/msg/detail/task_state_msg__struct.hpp
[1.827s] -- Up-to-date: /home/mpcmeulensteen/blackboard_ws/install/message_pkg/include/message_pkg/msg/detail/task_cost__traits.hpp
[1.827s] -- Up-to-date: /home/mpcmeulensteen/blackboard_ws/install/message_pkg/include/message_pkg/msg/detail/task_state_msg__builder.hpp
[1.828s] -- Up-to-date: /home/mpcmeulensteen/blackboard_ws/install/message_pkg/include/message_pkg/msg/detail/b_bbackup__traits.hpp
[1.828s] -- Up-to-date: /home/mpcmeulensteen/blackboard_ws/install/message_pkg/include/message_pkg/msg/detail/b_bsync__builder.hpp
[1.829s] -- Up-to-date: /home/mpcmeulensteen/blackboard_ws/install/message_pkg/include/message_pkg/msg/b_bsync.hpp
[1.830s] -- Up-to-date: /home/mpcmeulensteen/blackboard_ws/install/message_pkg/include/message_pkg/msg/task_state_msg.hpp
[1.830s] -- Up-to-date: /home/mpcmeulensteen/blackboard_ws/install/message_pkg/include/message_pkg/msg/b_bbackup.hpp
[1.831s] -- Up-to-date: /home/mpcmeulensteen/blackboard_ws/install/message_pkg/include/message_pkg/msg/task_msg.hpp
[1.832s] -- Up-to-date: /home/mpcmeulensteen/blackboard_ws/install/message_pkg/include/message_pkg
[1.833s] -- Up-to-date: /home/mpcmeulensteen/blackboard_ws/install/message_pkg/include/message_pkg/msg
[1.833s] -- Up-to-date: /home/mpcmeulensteen/blackboard_ws/install/message_pkg/include/message_pkg/msg/detail
[1.834s] -- Up-to-date: /home/mpcmeulensteen/blackboard_ws/install/message_pkg/include/message_pkg/msg/detail/task_state_msg__rosidl_typesupport_introspection_cpp.hpp
[1.835s] -- Up-to-date: /home/mpcmeulensteen/blackboard_ws/install/message_pkg/include/message_pkg/msg/detail/b_bsynch__type_support.cpp
[1.835s] -- Up-to-date: /home/mpcmeulensteen/blackboard_ws/install/message_pkg/include/message_pkg/msg/detail/b_bsynch__rosidl_typesupport_introspection_cpp.hpp
[1.835s] -- Up-to-date: /home/mpcmeulensteen/blackboard_ws/install/message_pkg/include/message_pkg/msg/detail/task_state_msg__type_support.cpp
[1.835s] -- Up-to-date: /home/mpcmeulensteen/blackboard_ws/install/message_pkg/include/message_pkg/msg/detail/b_bsync__type_support.cpp
[1.835s] -- Up-to-date: /home/mpcmeulensteen/blackboard_ws/install/message_pkg/include/message_pkg/msg/detail/b_bbackup__type_support.cpp
[1.836s] -- Up-to-date: /home/mpcmeulensteen/blackboard_ws/install/message_pkg/include/message_pkg/msg/detail/task_msg__rosidl_typesupport_introspection_cpp.hpp
[1.836s] -- Up-to-date: /home/mpcmeulensteen/blackboard_ws/install/message_pkg/include/message_pkg/msg/detail/b_bsync__rosidl_typesupport_introspection_cpp.hpp
[1.836s] -- Up-to-date: /home/mpcmeulensteen/blackboard_ws/install/message_pkg/include/message_pkg/msg/detail/task_msg__type_support.cpp
[1.837s] -- Up-to-date: /home/mpcmeulensteen/blackboard_ws/install/message_pkg/include/message_pkg/msg/detail/task_cost__rosidl_typesupport_introspection_cpp.hpp
[1.837s] -- Up-to-date: /home/mpcmeulensteen/blackboard_ws/install/message_pkg/include/message_pkg/msg/detail/task_cost__type_support.cpp
[1.837s] -- Up-to-date: /home/mpcmeulensteen/blackboard_ws/install/message_pkg/include/message_pkg/msg/detail/b_bbackup__rosidl_typesupport_introspection_cpp.hpp
[1.838s] -- Up-to-date: /home/mpcmeulensteen/blackboard_ws/install/message_pkg/lib/libmessage_pkg__rosidl_typesupport_introspection_cpp.so
[1.838s] -- Up-to-date: /home/mpcmeulensteen/blackboard_ws/install/message_pkg/lib/libmessage_pkg__rosidl_typesupport_cpp.so
[1.838s] -- Up-to-date: /home/mpcmeulensteen/blackboard_ws/install/message_pkg/share/message_pkg/environment/pythonpath.sh
[1.838s] -- Up-to-date: /home/mpcmeulensteen/blackboard_ws/install/message_pkg/share/message_pkg/environment/pythonpath.dsv
[1.838s] -- Up-to-date: /home/mpcmeulensteen/blackboard_ws/install/message_pkg/lib/python3.8/site-packages/message_pkg/__init__.py
[1.973s] -- Up-to-date: /home/mpcmeulensteen/blackboard_ws/install/message_pkg/lib/python3.8/site-packages/message_pkg/msg
[1.973s] -- Up-to-date: /home/mpcmeulensteen/blackboard_ws/install/message_pkg/lib/python3.8/site-packages/message_pkg/msg/_b_bbackup.py
[1.974s] -- Up-to-date: /home/mpcmeulensteen/blackboard_ws/install/message_pkg/lib/python3.8/site-packages/message_pkg/msg/_task_cost.py
[1.974s] -- Up-to-date: /home/mpcmeulensteen/blackboard_ws/install/message_pkg/lib/python3.8/site-packages/message_pkg/msg/_task_state_msg.py
[1.975s] -- Up-to-date: /home/mpcmeulensteen/blackboard_ws/install/message_pkg/lib/python3.8/site-packages/message_pkg/msg/_b_bsync_s.c
[1.975s] -- Up-to-date: /home/mpcmeulensteen/blackboard_ws/install/message_pkg/lib/python3.8/site-packages/message_pkg/msg/_b_bsynch.py
[1.975s] -- Up-to-date: /home/mpcmeulensteen/blackboard_ws/install/message_pkg/lib/python3.8/site-packages/message_pkg/msg/_b_bsync.py
[1.976s] -- Up-to-date: /home/mpcmeulensteen/blackboard_ws/install/message_pkg/lib/python3.8/site-packages/message_pkg/msg/_task_cost_s.c
[1.976s] -- Up-to-date: /home/mpcmeulensteen/blackboard_ws/install/message_pkg/lib/python3.8/site-packages/message_pkg/msg/_task_msg_s.c
[1.976s] -- Up-to-date: /home/mpcmeulensteen/blackboard_ws/install/message_pkg/lib/python3.8/site-packages/message_pkg/msg/__init__.py
[1.976s] -- Up-to-date: /home/mpcmeulensteen/blackboard_ws/install/message_pkg/lib/python3.8/site-packages/message_pkg/msg/_b_bbackup_s.c
[1.977s] -- Up-to-date: /home/mpcmeulensteen/blackboard_ws/install/message_pkg/lib/python3.8/site-packages/message_pkg/msg/_b_bsynch_s.c
[1.977s] -- Up-to-date: /home/mpcmeulensteen/blackboard_ws/install/message_pkg/lib/python3.8/site-packages/message_pkg/msg/_task_state_msg_s.c
[1.978s] -- Up-to-date: /home/mpcmeulensteen/blackboard_ws/install/message_pkg/lib/python3.8/site-packages/message_pkg/msg/_task_msg.py
[1.978s] -- Up-to-date: /home/mpcmeulensteen/blackboard_ws/install/message_pkg/lib/python3.8/site-packages/message_pkg/message_pkg_s__rosidl_typesupport_fastrtps_c.cpython-38-x86_64-linux-gnu.so
[1.978s] -- Up-to-date: /home/mpcmeulensteen/blackboard_ws/install/message_pkg/lib/python3.8/site-packages/message_pkg/message_pkg_s__rosidl_typesupport_introspection_c.cpython-38-x86_64-linux-gnu.so
[1.978s] -- Up-to-date: /home/mpcmeulensteen/blackboard_ws/install/message_pkg/lib/python3.8/site-packages/message_pkg/message_pkg_s__rosidl_typesupport_c.cpython-38-x86_64-linux-gnu.so
[1.979s] -- Up-to-date: /home/mpcmeulensteen/blackboard_ws/install/message_pkg/lib/libmessage_pkg__python.so
[1.979s] -- Up-to-date: /home/mpcmeulensteen/blackboard_ws/install/message_pkg/share/message_pkg/msg/BBbackup.idl
[1.980s] -- Up-to-date: /home/mpcmeulensteen/blackboard_ws/install/message_pkg/share/message_pkg/msg/BBsync.idl
[1.980s] -- Up-to-date: /home/mpcmeulensteen/blackboard_ws/install/message_pkg/share/message_pkg/msg/TaskCost.idl
[1.980s] -- Up-to-date: /home/mpcmeulensteen/blackboard_ws/install/message_pkg/share/message_pkg/msg/TaskMsg.idl
[1.981s] -- Up-to-date: /home/mpcmeulensteen/blackboard_ws/install/message_pkg/share/message_pkg/msg/TaskStateMsg.idl
[1.981s] -- Up-to-date: /home/mpcmeulensteen/blackboard_ws/install/message_pkg/share/message_pkg/msg/BBbackup.msg
[1.981s] -- Up-to-date: /home/mpcmeulensteen/blackboard_ws/install/message_pkg/share/message_pkg/msg/BBsync.msg
[1.981s] -- Up-to-date: /home/mpcmeulensteen/blackboard_ws/install/message_pkg/share/message_pkg/msg/TaskCost.msg
[1.982s] -- Up-to-date: /home/mpcmeulensteen/blackboard_ws/install/message_pkg/share/message_pkg/msg/TaskMsg.msg
[1.982s] -- Up-to-date: /home/mpcmeulensteen/blackboard_ws/install/message_pkg/share/message_pkg/msg/TaskStateMsg.msg
[1.982s] -- Up-to-date: /home/mpcmeulensteen/blackboard_ws/install/message_pkg/share/ament_index/resource_index/package_run_dependencies/message_pkg
[1.983s] -- Up-to-date: /home/mpcmeulensteen/blackboard_ws/install/message_pkg/share/ament_index/resource_index/parent_prefix_path/message_pkg
[1.983s] -- Up-to-date: /home/mpcmeulensteen/blackboard_ws/install/message_pkg/share/message_pkg/environment/ament_prefix_path.sh
[1.983s] -- Up-to-date: /home/mpcmeulensteen/blackboard_ws/install/message_pkg/share/message_pkg/environment/ament_prefix_path.dsv
[1.984s] -- Up-to-date: /home/mpcmeulensteen/blackboard_ws/install/message_pkg/share/message_pkg/environment/path.sh
[1.984s] -- Up-to-date: /home/mpcmeulensteen/blackboard_ws/install/message_pkg/share/message_pkg/environment/path.dsv
[1.985s] -- Up-to-date: /home/mpcmeulensteen/blackboard_ws/install/message_pkg/share/message_pkg/local_setup.bash
[1.985s] -- Up-to-date: /home/mpcmeulensteen/blackboard_ws/install/message_pkg/share/message_pkg/local_setup.sh
[1.985s] -- Up-to-date: /home/mpcmeulensteen/blackboard_ws/install/message_pkg/share/message_pkg/local_setup.zsh
[1.986s] -- Up-to-date: /home/mpcmeulensteen/blackboard_ws/install/message_pkg/share/message_pkg/local_setup.dsv
[1.986s] -- Installing: /home/mpcmeulensteen/blackboard_ws/install/message_pkg/share/message_pkg/package.dsv
[1.986s] -- Up-to-date: /home/mpcmeulensteen/blackboard_ws/install/message_pkg/share/ament_index/resource_index/packages/message_pkg
[1.987s] -- Up-to-date: /home/mpcmeulensteen/blackboard_ws/install/message_pkg/share/message_pkg/cmake/message_pkg__rosidl_generator_cExport.cmake
[1.987s] -- Up-to-date: /home/mpcmeulensteen/blackboard_ws/install/message_pkg/share/message_pkg/cmake/message_pkg__rosidl_generator_cExport-noconfig.cmake
[1.987s] -- Up-to-date: /home/mpcmeulensteen/blackboard_ws/install/message_pkg/share/message_pkg/cmake/message_pkg__rosidl_typesupport_introspection_cExport.cmake
[1.988s] -- Up-to-date: /home/mpcmeulensteen/blackboard_ws/install/message_pkg/share/message_pkg/cmake/message_pkg__rosidl_typesupport_introspection_cExport-noconfig.cmake
[1.988s] -- Up-to-date: /home/mpcmeulensteen/blackboard_ws/install/message_pkg/share/message_pkg/cmake/message_pkg__rosidl_typesupport_cExport.cmake
[1.989s] -- Up-to-date: /home/mpcmeulensteen/blackboard_ws/install/message_pkg/share/message_pkg/cmake/message_pkg__rosidl_typesupport_cExport-noconfig.cmake
[1.990s] -- Up-to-date: /home/mpcmeulensteen/blackboard_ws/install/message_pkg/share/message_pkg/cmake/message_pkg__rosidl_generator_cppExport.cmake
[1.990s] -- Up-to-date: /home/mpcmeulensteen/blackboard_ws/install/message_pkg/share/message_pkg/cmake/message_pkg__rosidl_typesupport_introspection_cppExport.cmake
[1.991s] -- Up-to-date: /home/mpcmeulensteen/blackboard_ws/install/message_pkg/share/message_pkg/cmake/message_pkg__rosidl_typesupport_introspection_cppExport-noconfig.cmake
[1.991s] -- Up-to-date: /home/mpcmeulensteen/blackboard_ws/install/message_pkg/share/message_pkg/cmake/message_pkg__rosidl_typesupport_cppExport.cmake
[1.992s] -- Up-to-date: /home/mpcmeulensteen/blackboard_ws/install/message_pkg/share/message_pkg/cmake/message_pkg__rosidl_typesupport_cppExport-noconfig.cmake
[1.992s] -- Up-to-date: /home/mpcmeulensteen/blackboard_ws/install/message_pkg/share/message_pkg/cmake/rosidl_cmake-extras.cmake
[1.993s] -- Up-to-date: /home/mpcmeulensteen/blackboard_ws/install/message_pkg/share/message_pkg/cmake/ament_cmake_export_dependencies-extras.cmake
[1.994s] -- Up-to-date: /home/mpcmeulensteen/blackboard_ws/install/message_pkg/share/message_pkg/cmake/ament_cmake_export_libraries-extras.cmake
[1.994s] -- Up-to-date: /home/mpcmeulensteen/blackboard_ws/install/message_pkg/share/message_pkg/cmake/ament_cmake_export_targets-extras.cmake
[1.994s] -- Up-to-date: /home/mpcmeulensteen/blackboard_ws/install/message_pkg/share/message_pkg/cmake/ament_cmake_export_include_directories-extras.cmake
[1.996s] -- Up-to-date: /home/mpcmeulensteen/blackboard_ws/install/message_pkg/share/message_pkg/cmake/rosidl_cmake_export_typesupport_libraries-extras.cmake
[1.996s] -- Up-to-date: /home/mpcmeulensteen/blackboard_ws/install/message_pkg/share/message_pkg/cmake/rosidl_cmake_export_typesupport_targets-extras.cmake
[1.997s] -- Up-to-date: /home/mpcmeulensteen/blackboard_ws/install/message_pkg/share/message_pkg/cmake/message_pkgConfig.cmake
[1.997s] -- Up-to-date: /home/mpcmeulensteen/blackboard_ws/install/message_pkg/share/message_pkg/cmake/message_pkgConfig-version.cmake
[1.997s] -- Up-to-date: /home/mpcmeulensteen/blackboard_ws/install/message_pkg/share/message_pkg/package.xml
[2.005s] Invoked command in '/home/mpcmeulensteen/blackboard_ws/build/message_pkg' returned '0': CMAKE_PREFIX_PATH=${CMAKE_PREFIX_PATH}:/home/mpcmeulensteen/blackboard_ws/install/turtlebot3_teleop:/home/mpcmeulensteen/blackboard_ws/install/turtlebot3_example:/home/mpcmeulensteen/blackboard_ws/install/tf_transformations:/home/mpcmeulensteen/blackboard_ws/install/ros2_blackboard:/home/mpcmeulensteen/blackboard_ws/install/ros2_bbinstance:/opt/ros/foxy /usr/bin/cmake --install /home/mpcmeulensteen/blackboard_ws/build/message_pkg
