[0.006s] Invoking command in '/home/mpcmeulensteen/blackboard_ws/build/turtlebot3_cartographer': CMAKE_PREFIX_PATH=/opt/ros/foxy /usr/bin/cmake --build /home/mpcmeulensteen/blackboard_ws/build/turtlebot3_cartographer -- -j2 -l2
[0.057s] Invoked command in '/home/mpcmeulensteen/blackboard_ws/build/turtlebot3_cartographer' returned '0': CMAKE_PREFIX_PATH=/opt/ros/foxy /usr/bin/cmake --build /home/mpcmeulensteen/blackboard_ws/build/turtlebot3_cartographer -- -j2 -l2
[0.079s] Invoking command in '/home/mpcmeulensteen/blackboard_ws/build/turtlebot3_cartographer': CMAKE_PREFIX_PATH=/opt/ros/foxy /usr/bin/cmake --install /home/mpcmeulensteen/blackboard_ws/build/turtlebot3_cartographer
[0.087s] -- Install configuration: ""
[0.087s] -- Up-to-date: /home/mpcmeulensteen/blackboard_ws/install/turtlebot3_cartographer/share/turtlebot3_cartographer/config
[0.088s] -- Up-to-date: /home/mpcmeulensteen/blackboard_ws/install/turtlebot3_cartographer/share/turtlebot3_cartographer/config/turtlebot3_lds_2d.lua
[0.088s] -- Up-to-date: /home/mpcmeulensteen/blackboard_ws/install/turtlebot3_cartographer/share/turtlebot3_cartographer/launch
[0.088s] -- Up-to-date: /home/mpcmeulensteen/blackboard_ws/install/turtlebot3_cartographer/share/turtlebot3_cartographer/launch/cartographer.launch.py
[0.089s] -- Up-to-date: /home/mpcmeulensteen/blackboard_ws/install/turtlebot3_cartographer/share/turtlebot3_cartographer/launch/occupancy_grid.launch.py
[0.089s] -- Up-to-date: /home/mpcmeulensteen/blackboard_ws/install/turtlebot3_cartographer/share/turtlebot3_cartographer/rviz
[0.089s] -- Up-to-date: /home/mpcmeulensteen/blackboard_ws/install/turtlebot3_cartographer/share/turtlebot3_cartographer/rviz/tb3_cartographer.rviz
[0.090s] -- Up-to-date: /home/mpcmeulensteen/blackboard_ws/install/turtlebot3_cartographer/share/ament_index/resource_index/package_run_dependencies/turtlebot3_cartographer
[0.090s] -- Up-to-date: /home/mpcmeulensteen/blackboard_ws/install/turtlebot3_cartographer/share/ament_index/resource_index/parent_prefix_path/turtlebot3_cartographer
[0.090s] -- Up-to-date: /home/mpcmeulensteen/blackboard_ws/install/turtlebot3_cartographer/share/turtlebot3_cartographer/environment/ament_prefix_path.sh
[0.091s] -- Up-to-date: /home/mpcmeulensteen/blackboard_ws/install/turtlebot3_cartographer/share/turtlebot3_cartographer/environment/ament_prefix_path.dsv
[0.091s] -- Up-to-date: /home/mpcmeulensteen/blackboard_ws/install/turtlebot3_cartographer/share/turtlebot3_cartographer/environment/path.sh
[0.091s] -- Up-to-date: /home/mpcmeulensteen/blackboard_ws/install/turtlebot3_cartographer/share/turtlebot3_cartographer/environment/path.dsv
[0.091s] -- Up-to-date: /home/mpcmeulensteen/blackboard_ws/install/turtlebot3_cartographer/share/turtlebot3_cartographer/local_setup.bash
[0.092s] -- Up-to-date: /home/mpcmeulensteen/blackboard_ws/install/turtlebot3_cartographer/share/turtlebot3_cartographer/local_setup.sh
[0.092s] -- Up-to-date: /home/mpcmeulensteen/blackboard_ws/install/turtlebot3_cartographer/share/turtlebot3_cartographer/local_setup.zsh
[0.093s] -- Up-to-date: /home/mpcmeulensteen/blackboard_ws/install/turtlebot3_cartographer/share/turtlebot3_cartographer/local_setup.dsv
[0.093s] -- Installing: /home/mpcmeulensteen/blackboard_ws/install/turtlebot3_cartographer/share/turtlebot3_cartographer/package.dsv
[0.093s] -- Up-to-date: /home/mpcmeulensteen/blackboard_ws/install/turtlebot3_cartographer/share/ament_index/resource_index/packages/turtlebot3_cartographer
[0.094s] -- Up-to-date: /home/mpcmeulensteen/blackboard_ws/install/turtlebot3_cartographer/share/turtlebot3_cartographer/cmake/turtlebot3_cartographerConfig.cmake
[0.094s] -- Up-to-date: /home/mpcmeulensteen/blackboard_ws/install/turtlebot3_cartographer/share/turtlebot3_cartographer/cmake/turtlebot3_cartographerConfig-version.cmake
[0.094s] -- Up-to-date: /home/mpcmeulensteen/blackboard_ws/install/turtlebot3_cartographer/share/turtlebot3_cartographer/package.xml
[0.100s] Invoked command in '/home/mpcmeulensteen/blackboard_ws/build/turtlebot3_cartographer' returned '0': CMAKE_PREFIX_PATH=/opt/ros/foxy /usr/bin/cmake --install /home/mpcmeulensteen/blackboard_ws/build/turtlebot3_cartographer
