[0.014s] Invoking command in '/home/mpcmeulensteen/blackboard_ws/build/turtlebot3_navigation2': CMAKE_PREFIX_PATH=/opt/ros/foxy /usr/bin/cmake --build /home/mpcmeulensteen/blackboard_ws/build/turtlebot3_navigation2 -- -j2 -l2
[0.092s] Invoked command in '/home/mpcmeulensteen/blackboard_ws/build/turtlebot3_navigation2' returned '0': CMAKE_PREFIX_PATH=/opt/ros/foxy /usr/bin/cmake --build /home/mpcmeulensteen/blackboard_ws/build/turtlebot3_navigation2 -- -j2 -l2
[0.336s] Invoking command in '/home/mpcmeulensteen/blackboard_ws/build/turtlebot3_navigation2': CMAKE_PREFIX_PATH=/opt/ros/foxy /usr/bin/cmake --install /home/mpcmeulensteen/blackboard_ws/build/turtlebot3_navigation2
[0.351s] -- Install configuration: ""
[0.352s] -- Up-to-date: /home/mpcmeulensteen/blackboard_ws/install/turtlebot3_navigation2/share/turtlebot3_navigation2/launch
[0.352s] -- Up-to-date: /home/mpcmeulensteen/blackboard_ws/install/turtlebot3_navigation2/share/turtlebot3_navigation2/launch/navigation2.launch.py
[0.352s] -- Up-to-date: /home/mpcmeulensteen/blackboard_ws/install/turtlebot3_navigation2/share/turtlebot3_navigation2/map
[0.353s] -- Up-to-date: /home/mpcmeulensteen/blackboard_ws/install/turtlebot3_navigation2/share/turtlebot3_navigation2/map/turtlebot3_world.pgm
[0.353s] -- Up-to-date: /home/mpcmeulensteen/blackboard_ws/install/turtlebot3_navigation2/share/turtlebot3_navigation2/map/turtlebot3_world.yaml
[0.353s] -- Up-to-date: /home/mpcmeulensteen/blackboard_ws/install/turtlebot3_navigation2/share/turtlebot3_navigation2/param
[0.354s] -- Up-to-date: /home/mpcmeulensteen/blackboard_ws/install/turtlebot3_navigation2/share/turtlebot3_navigation2/param/burger.yaml
[0.354s] -- Up-to-date: /home/mpcmeulensteen/blackboard_ws/install/turtlebot3_navigation2/share/turtlebot3_navigation2/param/waffle.yaml
[0.355s] -- Up-to-date: /home/mpcmeulensteen/blackboard_ws/install/turtlebot3_navigation2/share/turtlebot3_navigation2/param/waffle_pi.yaml
[0.355s] -- Up-to-date: /home/mpcmeulensteen/blackboard_ws/install/turtlebot3_navigation2/share/turtlebot3_navigation2/rviz
[0.355s] -- Up-to-date: /home/mpcmeulensteen/blackboard_ws/install/turtlebot3_navigation2/share/turtlebot3_navigation2/rviz/tb3_navigation2.rviz
[0.356s] -- Up-to-date: /home/mpcmeulensteen/blackboard_ws/install/turtlebot3_navigation2/share/ament_index/resource_index/package_run_dependencies/turtlebot3_navigation2
[0.356s] -- Up-to-date: /home/mpcmeulensteen/blackboard_ws/install/turtlebot3_navigation2/share/ament_index/resource_index/parent_prefix_path/turtlebot3_navigation2
[0.356s] -- Up-to-date: /home/mpcmeulensteen/blackboard_ws/install/turtlebot3_navigation2/share/turtlebot3_navigation2/environment/ament_prefix_path.sh
[0.356s] -- Up-to-date: /home/mpcmeulensteen/blackboard_ws/install/turtlebot3_navigation2/share/turtlebot3_navigation2/environment/ament_prefix_path.dsv
[0.357s] -- Up-to-date: /home/mpcmeulensteen/blackboard_ws/install/turtlebot3_navigation2/share/turtlebot3_navigation2/environment/path.sh
[0.357s] -- Up-to-date: /home/mpcmeulensteen/blackboard_ws/install/turtlebot3_navigation2/share/turtlebot3_navigation2/environment/path.dsv
[0.357s] -- Up-to-date: /home/mpcmeulensteen/blackboard_ws/install/turtlebot3_navigation2/share/turtlebot3_navigation2/local_setup.bash
[0.357s] -- Up-to-date: /home/mpcmeulensteen/blackboard_ws/install/turtlebot3_navigation2/share/turtlebot3_navigation2/local_setup.sh
[0.357s] -- Up-to-date: /home/mpcmeulensteen/blackboard_ws/install/turtlebot3_navigation2/share/turtlebot3_navigation2/local_setup.zsh
[0.358s] -- Up-to-date: /home/mpcmeulensteen/blackboard_ws/install/turtlebot3_navigation2/share/turtlebot3_navigation2/local_setup.dsv
[0.358s] -- Installing: /home/mpcmeulensteen/blackboard_ws/install/turtlebot3_navigation2/share/turtlebot3_navigation2/package.dsv
[0.360s] -- Up-to-date: /home/mpcmeulensteen/blackboard_ws/install/turtlebot3_navigation2/share/ament_index/resource_index/packages/turtlebot3_navigation2
[0.361s] -- Up-to-date: /home/mpcmeulensteen/blackboard_ws/install/turtlebot3_navigation2/share/turtlebot3_navigation2/cmake/turtlebot3_navigation2Config.cmake
[0.361s] -- Up-to-date: /home/mpcmeulensteen/blackboard_ws/install/turtlebot3_navigation2/share/turtlebot3_navigation2/cmake/turtlebot3_navigation2Config-version.cmake
[0.361s] -- Up-to-date: /home/mpcmeulensteen/blackboard_ws/install/turtlebot3_navigation2/share/turtlebot3_navigation2/package.xml
[0.361s] Invoked command in '/home/mpcmeulensteen/blackboard_ws/build/turtlebot3_navigation2' returned '0': CMAKE_PREFIX_PATH=/opt/ros/foxy /usr/bin/cmake --install /home/mpcmeulensteen/blackboard_ws/build/turtlebot3_navigation2
