[0.032s] Invoking command in '/home/mpcmeulensteen/blackboard_ws/build/map_msgs': CMAKE_PREFIX_PATH=${CMAKE_PREFIX_PATH}:/home/mpcmeulensteen/blackboard_ws/install/turtlebot3_teleop:/home/mpcmeulensteen/blackboard_ws/install/turtlebot3_example:/home/mpcmeulensteen/blackboard_ws/install/ros2_blackboard:/home/mpcmeulensteen/turtlebot3_ws/install/turtlebot3_teleop:/home/mpcmeulensteen/turtlebot3_ws/install/turtlebot3_example:/home/mpcmeulensteen/colcon_ws/install/turtlebot3_teleop:/home/mpcmeulensteen/colcon_ws/install/turtlebot3_example:/opt/ros/foxy /usr/bin/cmake --build /home/mpcmeulensteen/blackboard_ws/build/map_msgs -- -j2 -l2
[0.173s] [  0%] Built target map_msgs__cpp
[0.210s] [ 12%] Built target map_msgs__rosidl_generator_c
[0.247s] [ 24%] Built target map_msgs__rosidl_typesupport_cpp
[0.311s] [ 35%] Built target map_msgs__rosidl_typesupport_fastrtps_cpp
[0.349s] [ 47%] Built target map_msgs__rosidl_typesupport_introspection_c
[0.410s] [ 58%] Built target map_msgs__rosidl_typesupport_c
[0.446s] [ 70%] Built target map_msgs__rosidl_typesupport_introspection_cpp
[0.537s] [ 82%] Built target map_msgs__rosidl_typesupport_fastrtps_c
[0.574s] [ 82%] Built target map_msgs
[0.622s] [ 83%] Built target map_msgs__py
[0.684s] [ 94%] Built target map_msgs__python
[0.744s] [ 96%] Built target map_msgs__rosidl_typesupport_introspection_c__pyext
[0.813s] [ 98%] Built target map_msgs__rosidl_typesupport_fastrtps_c__pyext
[0.845s] [100%] Built target map_msgs__rosidl_typesupport_c__pyext
[0.881s] Invoked command in '/home/mpcmeulensteen/blackboard_ws/build/map_msgs' returned '0': CMAKE_PREFIX_PATH=${CMAKE_PREFIX_PATH}:/home/mpcmeulensteen/blackboard_ws/install/turtlebot3_teleop:/home/mpcmeulensteen/blackboard_ws/install/turtlebot3_example:/home/mpcmeulensteen/blackboard_ws/install/ros2_blackboard:/home/mpcmeulensteen/turtlebot3_ws/install/turtlebot3_teleop:/home/mpcmeulensteen/turtlebot3_ws/install/turtlebot3_example:/home/mpcmeulensteen/colcon_ws/install/turtlebot3_teleop:/home/mpcmeulensteen/colcon_ws/install/turtlebot3_example:/opt/ros/foxy /usr/bin/cmake --build /home/mpcmeulensteen/blackboard_ws/build/map_msgs -- -j2 -l2
[1.501s] Invoking command in '/home/mpcmeulensteen/blackboard_ws/build/map_msgs': CMAKE_PREFIX_PATH=${CMAKE_PREFIX_PATH}:/home/mpcmeulensteen/blackboard_ws/install/turtlebot3_teleop:/home/mpcmeulensteen/blackboard_ws/install/turtlebot3_example:/home/mpcmeulensteen/blackboard_ws/install/ros2_blackboard:/home/mpcmeulensteen/turtlebot3_ws/install/turtlebot3_teleop:/home/mpcmeulensteen/turtlebot3_ws/install/turtlebot3_example:/home/mpcmeulensteen/colcon_ws/install/turtlebot3_teleop:/home/mpcmeulensteen/colcon_ws/install/turtlebot3_example:/opt/ros/foxy /usr/bin/cmake --install /home/mpcmeulensteen/blackboard_ws/build/map_msgs
[1.512s] -- Install configuration: ""
[1.520s] -- Up-to-date: /home/mpcmeulensteen/blackboard_ws/install/map_msgs/share/ament_index/resource_index/rosidl_interfaces/map_msgs
[1.520s] -- Up-to-date: /home/mpcmeulensteen/blackboard_ws/install/map_msgs/include/map_msgs
[1.520s] -- Up-to-date: /home/mpcmeulensteen/blackboard_ws/install/map_msgs/include/map_msgs/srv
[1.520s] -- Up-to-date: /home/mpcmeulensteen/blackboard_ws/install/map_msgs/include/map_msgs/srv/set_map_projections.h
[1.521s] -- Up-to-date: /home/mpcmeulensteen/blackboard_ws/install/map_msgs/include/map_msgs/srv/projected_maps_info.h
[1.521s] -- Up-to-date: /home/mpcmeulensteen/blackboard_ws/install/map_msgs/include/map_msgs/srv/detail
[1.521s] -- Up-to-date: /home/mpcmeulensteen/blackboard_ws/install/map_msgs/include/map_msgs/srv/detail/save_map__functions.c
[1.521s] -- Up-to-date: /home/mpcmeulensteen/blackboard_ws/install/map_msgs/include/map_msgs/srv/detail/projected_maps_info__functions.c
[1.521s] -- Up-to-date: /home/mpcmeulensteen/blackboard_ws/install/map_msgs/include/map_msgs/srv/detail/get_map_roi__type_support.h
[1.521s] -- Up-to-date: /home/mpcmeulensteen/blackboard_ws/install/map_msgs/include/map_msgs/srv/detail/get_point_map__functions.h
[1.521s] -- Up-to-date: /home/mpcmeulensteen/blackboard_ws/install/map_msgs/include/map_msgs/srv/detail/save_map__struct.h
[1.521s] -- Up-to-date: /home/mpcmeulensteen/blackboard_ws/install/map_msgs/include/map_msgs/srv/detail/set_map_projections__type_support.h
[1.521s] -- Up-to-date: /home/mpcmeulensteen/blackboard_ws/install/map_msgs/include/map_msgs/srv/detail/set_map_projections__functions.h
[1.521s] -- Up-to-date: /home/mpcmeulensteen/blackboard_ws/install/map_msgs/include/map_msgs/srv/detail/get_point_map_roi__functions.h
[1.521s] -- Up-to-date: /home/mpcmeulensteen/blackboard_ws/install/map_msgs/include/map_msgs/srv/detail/get_point_map_roi__functions.c
[1.521s] -- Up-to-date: /home/mpcmeulensteen/blackboard_ws/install/map_msgs/include/map_msgs/srv/detail/get_point_map__struct.h
[1.521s] -- Up-to-date: /home/mpcmeulensteen/blackboard_ws/install/map_msgs/include/map_msgs/srv/detail/set_map_projections__struct.h
[1.521s] -- Up-to-date: /home/mpcmeulensteen/blackboard_ws/install/map_msgs/include/map_msgs/srv/detail/get_point_map_roi__struct.h
[1.521s] -- Up-to-date: /home/mpcmeulensteen/blackboard_ws/install/map_msgs/include/map_msgs/srv/detail/get_point_map__functions.c
[1.521s] -- Up-to-date: /home/mpcmeulensteen/blackboard_ws/install/map_msgs/include/map_msgs/srv/detail/get_point_map__type_support.h
[1.522s] -- Up-to-date: /home/mpcmeulensteen/blackboard_ws/install/map_msgs/include/map_msgs/srv/detail/get_map_roi__struct.h
[1.522s] -- Up-to-date: /home/mpcmeulensteen/blackboard_ws/install/map_msgs/include/map_msgs/srv/detail/projected_maps_info__functions.h
[1.522s] -- Up-to-date: /home/mpcmeulensteen/blackboard_ws/install/map_msgs/include/map_msgs/srv/detail/save_map__type_support.h
[1.522s] -- Up-to-date: /home/mpcmeulensteen/blackboard_ws/install/map_msgs/include/map_msgs/srv/detail/get_map_roi__functions.c
[1.522s] -- Up-to-date: /home/mpcmeulensteen/blackboard_ws/install/map_msgs/include/map_msgs/srv/detail/get_map_roi__functions.h
[1.522s] -- Up-to-date: /home/mpcmeulensteen/blackboard_ws/install/map_msgs/include/map_msgs/srv/detail/projected_maps_info__struct.h
[1.522s] -- Up-to-date: /home/mpcmeulensteen/blackboard_ws/install/map_msgs/include/map_msgs/srv/detail/set_map_projections__functions.c
[1.522s] -- Up-to-date: /home/mpcmeulensteen/blackboard_ws/install/map_msgs/include/map_msgs/srv/detail/get_point_map_roi__type_support.h
[1.522s] -- Up-to-date: /home/mpcmeulensteen/blackboard_ws/install/map_msgs/include/map_msgs/srv/detail/projected_maps_info__type_support.h
[1.522s] -- Up-to-date: /home/mpcmeulensteen/blackboard_ws/install/map_msgs/include/map_msgs/srv/detail/save_map__functions.h
[1.522s] -- Up-to-date: /home/mpcmeulensteen/blackboard_ws/install/map_msgs/include/map_msgs/srv/get_map_roi.h
[1.522s] -- Up-to-date: /home/mpcmeulensteen/blackboard_ws/install/map_msgs/include/map_msgs/srv/save_map.h
[1.522s] -- Up-to-date: /home/mpcmeulensteen/blackboard_ws/install/map_msgs/include/map_msgs/srv/get_point_map.h
[1.522s] -- Up-to-date: /home/mpcmeulensteen/blackboard_ws/install/map_msgs/include/map_msgs/srv/get_point_map_roi.h
[1.522s] -- Up-to-date: /home/mpcmeulensteen/blackboard_ws/install/map_msgs/include/map_msgs/msg
[1.522s] -- Up-to-date: /home/mpcmeulensteen/blackboard_ws/install/map_msgs/include/map_msgs/msg/detail
[1.522s] -- Up-to-date: /home/mpcmeulensteen/blackboard_ws/install/map_msgs/include/map_msgs/msg/detail/point_cloud2_update__functions.h
[1.523s] -- Up-to-date: /home/mpcmeulensteen/blackboard_ws/install/map_msgs/include/map_msgs/msg/detail/point_cloud2_update__struct.h
[1.523s] -- Up-to-date: /home/mpcmeulensteen/blackboard_ws/install/map_msgs/include/map_msgs/msg/detail/projected_map__functions.h
[1.523s] -- Up-to-date: /home/mpcmeulensteen/blackboard_ws/install/map_msgs/include/map_msgs/msg/detail/projected_map__type_support.h
[1.523s] -- Up-to-date: /home/mpcmeulensteen/blackboard_ws/install/map_msgs/include/map_msgs/msg/detail/occupancy_grid_update__type_support.h
[1.523s] -- Up-to-date: /home/mpcmeulensteen/blackboard_ws/install/map_msgs/include/map_msgs/msg/detail/projected_map__struct.h
[1.523s] -- Up-to-date: /home/mpcmeulensteen/blackboard_ws/install/map_msgs/include/map_msgs/msg/detail/projected_map_info__functions.h
[1.523s] -- Up-to-date: /home/mpcmeulensteen/blackboard_ws/install/map_msgs/include/map_msgs/msg/detail/projected_map_info__functions.c
[1.523s] -- Up-to-date: /home/mpcmeulensteen/blackboard_ws/install/map_msgs/include/map_msgs/msg/detail/projected_map__functions.c
[1.523s] -- Up-to-date: /home/mpcmeulensteen/blackboard_ws/install/map_msgs/include/map_msgs/msg/detail/occupancy_grid_update__struct.h
[1.523s] -- Up-to-date: /home/mpcmeulensteen/blackboard_ws/install/map_msgs/include/map_msgs/msg/detail/point_cloud2_update__type_support.h
[1.523s] -- Up-to-date: /home/mpcmeulensteen/blackboard_ws/install/map_msgs/include/map_msgs/msg/detail/projected_map_info__struct.h
[1.523s] -- Up-to-date: /home/mpcmeulensteen/blackboard_ws/install/map_msgs/include/map_msgs/msg/detail/projected_map_info__type_support.h
[1.523s] -- Up-to-date: /home/mpcmeulensteen/blackboard_ws/install/map_msgs/include/map_msgs/msg/detail/occupancy_grid_update__functions.c
[1.523s] -- Up-to-date: /home/mpcmeulensteen/blackboard_ws/install/map_msgs/include/map_msgs/msg/detail/point_cloud2_update__functions.c
[1.523s] -- Up-to-date: /home/mpcmeulensteen/blackboard_ws/install/map_msgs/include/map_msgs/msg/detail/occupancy_grid_update__functions.h
[1.523s] -- Up-to-date: /home/mpcmeulensteen/blackboard_ws/install/map_msgs/include/map_msgs/msg/projected_map.h
[1.523s] -- Up-to-date: /home/mpcmeulensteen/blackboard_ws/install/map_msgs/include/map_msgs/msg/occupancy_grid_update.h
[1.523s] -- Up-to-date: /home/mpcmeulensteen/blackboard_ws/install/map_msgs/include/map_msgs/msg/projected_map_info.h
[1.524s] -- Up-to-date: /home/mpcmeulensteen/blackboard_ws/install/map_msgs/include/map_msgs/msg/point_cloud2_update.h
[1.524s] -- Up-to-date: /home/mpcmeulensteen/blackboard_ws/install/map_msgs/include/map_msgs/msg/rosidl_generator_c__visibility_control.h
[1.524s] -- Up-to-date: /home/mpcmeulensteen/blackboard_ws/install/map_msgs/share/map_msgs/environment/library_path.sh
[1.524s] -- Up-to-date: /home/mpcmeulensteen/blackboard_ws/install/map_msgs/share/map_msgs/environment/library_path.dsv
[1.524s] -- Up-to-date: /home/mpcmeulensteen/blackboard_ws/install/map_msgs/lib/libmap_msgs__rosidl_generator_c.so
[1.524s] -- Up-to-date: /home/mpcmeulensteen/blackboard_ws/install/map_msgs/include/map_msgs
[1.524s] -- Up-to-date: /home/mpcmeulensteen/blackboard_ws/install/map_msgs/include/map_msgs/srv
[1.534s] -- Up-to-date: /home/mpcmeulensteen/blackboard_ws/install/map_msgs/include/map_msgs/srv/detail
[1.534s] -- Up-to-date: /home/mpcmeulensteen/blackboard_ws/install/map_msgs/include/map_msgs/srv/detail/get_point_map_roi__rosidl_typesupport_fastrtps_c.h
[1.535s] -- Up-to-date: /home/mpcmeulensteen/blackboard_ws/install/map_msgs/include/map_msgs/srv/detail/get_map_roi__rosidl_typesupport_fastrtps_c.h
[1.535s] -- Up-to-date: /home/mpcmeulensteen/blackboard_ws/install/map_msgs/include/map_msgs/srv/detail/projected_maps_info__rosidl_typesupport_fastrtps_c.h
[1.535s] -- Up-to-date: /home/mpcmeulensteen/blackboard_ws/install/map_msgs/include/map_msgs/srv/detail/get_point_map__rosidl_typesupport_fastrtps_c.h
[1.535s] -- Up-to-date: /home/mpcmeulensteen/blackboard_ws/install/map_msgs/include/map_msgs/srv/detail/save_map__rosidl_typesupport_fastrtps_c.h
[1.535s] -- Up-to-date: /home/mpcmeulensteen/blackboard_ws/install/map_msgs/include/map_msgs/srv/detail/set_map_projections__rosidl_typesupport_fastrtps_c.h
[1.535s] -- Up-to-date: /home/mpcmeulensteen/blackboard_ws/install/map_msgs/include/map_msgs/msg
[1.535s] -- Up-to-date: /home/mpcmeulensteen/blackboard_ws/install/map_msgs/include/map_msgs/msg/detail
[1.535s] -- Up-to-date: /home/mpcmeulensteen/blackboard_ws/install/map_msgs/include/map_msgs/msg/detail/occupancy_grid_update__rosidl_typesupport_fastrtps_c.h
[1.535s] -- Up-to-date: /home/mpcmeulensteen/blackboard_ws/install/map_msgs/include/map_msgs/msg/detail/projected_map__rosidl_typesupport_fastrtps_c.h
[1.535s] -- Up-to-date: /home/mpcmeulensteen/blackboard_ws/install/map_msgs/include/map_msgs/msg/detail/point_cloud2_update__rosidl_typesupport_fastrtps_c.h
[1.535s] -- Up-to-date: /home/mpcmeulensteen/blackboard_ws/install/map_msgs/include/map_msgs/msg/detail/projected_map_info__rosidl_typesupport_fastrtps_c.h
[1.535s] -- Up-to-date: /home/mpcmeulensteen/blackboard_ws/install/map_msgs/include/map_msgs/msg/rosidl_typesupport_fastrtps_c__visibility_control.h
[1.535s] -- Up-to-date: /home/mpcmeulensteen/blackboard_ws/install/map_msgs/lib/libmap_msgs__rosidl_typesupport_fastrtps_c.so
[1.535s] -- Up-to-date: /home/mpcmeulensteen/blackboard_ws/install/map_msgs/include/map_msgs
[1.535s] -- Up-to-date: /home/mpcmeulensteen/blackboard_ws/install/map_msgs/include/map_msgs/srv
[1.535s] -- Up-to-date: /home/mpcmeulensteen/blackboard_ws/install/map_msgs/include/map_msgs/srv/detail
[1.535s] -- Up-to-date: /home/mpcmeulensteen/blackboard_ws/install/map_msgs/include/map_msgs/srv/detail/get_point_map_roi__rosidl_typesupport_fastrtps_cpp.hpp
[1.536s] -- Up-to-date: /home/mpcmeulensteen/blackboard_ws/install/map_msgs/include/map_msgs/srv/detail/set_map_projections__rosidl_typesupport_fastrtps_cpp.hpp
[1.536s] -- Up-to-date: /home/mpcmeulensteen/blackboard_ws/install/map_msgs/include/map_msgs/srv/detail/save_map__rosidl_typesupport_fastrtps_cpp.hpp
[1.536s] -- Up-to-date: /home/mpcmeulensteen/blackboard_ws/install/map_msgs/include/map_msgs/srv/detail/projected_maps_info__rosidl_typesupport_fastrtps_cpp.hpp
[1.536s] -- Up-to-date: /home/mpcmeulensteen/blackboard_ws/install/map_msgs/include/map_msgs/srv/detail/get_point_map__rosidl_typesupport_fastrtps_cpp.hpp
[1.536s] -- Up-to-date: /home/mpcmeulensteen/blackboard_ws/install/map_msgs/include/map_msgs/srv/detail/get_map_roi__rosidl_typesupport_fastrtps_cpp.hpp
[1.536s] -- Up-to-date: /home/mpcmeulensteen/blackboard_ws/install/map_msgs/include/map_msgs/srv/detail/dds_fastrtps
[1.536s] -- Up-to-date: /home/mpcmeulensteen/blackboard_ws/install/map_msgs/include/map_msgs/msg
[1.536s] -- Up-to-date: /home/mpcmeulensteen/blackboard_ws/install/map_msgs/include/map_msgs/msg/detail
[1.536s] -- Up-to-date: /home/mpcmeulensteen/blackboard_ws/install/map_msgs/include/map_msgs/msg/detail/projected_map__rosidl_typesupport_fastrtps_cpp.hpp
[1.536s] -- Up-to-date: /home/mpcmeulensteen/blackboard_ws/install/map_msgs/include/map_msgs/msg/detail/occupancy_grid_update__rosidl_typesupport_fastrtps_cpp.hpp
[1.536s] -- Up-to-date: /home/mpcmeulensteen/blackboard_ws/install/map_msgs/include/map_msgs/msg/detail/point_cloud2_update__rosidl_typesupport_fastrtps_cpp.hpp
[1.536s] -- Up-to-date: /home/mpcmeulensteen/blackboard_ws/install/map_msgs/include/map_msgs/msg/detail/dds_fastrtps
[1.536s] -- Up-to-date: /home/mpcmeulensteen/blackboard_ws/install/map_msgs/include/map_msgs/msg/detail/projected_map_info__rosidl_typesupport_fastrtps_cpp.hpp
[1.536s] -- Up-to-date: /home/mpcmeulensteen/blackboard_ws/install/map_msgs/include/map_msgs/msg/rosidl_typesupport_fastrtps_cpp__visibility_control.h
[1.536s] -- Up-to-date: /home/mpcmeulensteen/blackboard_ws/install/map_msgs/lib/libmap_msgs__rosidl_typesupport_fastrtps_cpp.so
[1.537s] -- Up-to-date: /home/mpcmeulensteen/blackboard_ws/install/map_msgs/include/map_msgs
[1.537s] -- Up-to-date: /home/mpcmeulensteen/blackboard_ws/install/map_msgs/include/map_msgs/srv
[1.537s] -- Up-to-date: /home/mpcmeulensteen/blackboard_ws/install/map_msgs/include/map_msgs/srv/detail
[1.537s] -- Up-to-date: /home/mpcmeulensteen/blackboard_ws/install/map_msgs/include/map_msgs/srv/detail/get_point_map_roi__rosidl_typesupport_introspection_c.h
[1.537s] -- Up-to-date: /home/mpcmeulensteen/blackboard_ws/install/map_msgs/include/map_msgs/srv/detail/projected_maps_info__type_support.c
[1.537s] -- Up-to-date: /home/mpcmeulensteen/blackboard_ws/install/map_msgs/include/map_msgs/srv/detail/get_point_map_roi__type_support.c
[1.537s] -- Up-to-date: /home/mpcmeulensteen/blackboard_ws/install/map_msgs/include/map_msgs/srv/detail/get_point_map__rosidl_typesupport_introspection_c.h
[1.537s] -- Up-to-date: /home/mpcmeulensteen/blackboard_ws/install/map_msgs/include/map_msgs/srv/detail/set_map_projections__type_support.c
[1.537s] -- Up-to-date: /home/mpcmeulensteen/blackboard_ws/install/map_msgs/include/map_msgs/srv/detail/save_map__type_support.c
[1.537s] -- Up-to-date: /home/mpcmeulensteen/blackboard_ws/install/map_msgs/include/map_msgs/srv/detail/projected_maps_info__rosidl_typesupport_introspection_c.h
[1.537s] -- Up-to-date: /home/mpcmeulensteen/blackboard_ws/install/map_msgs/include/map_msgs/srv/detail/get_map_roi__type_support.c
[1.537s] -- Up-to-date: /home/mpcmeulensteen/blackboard_ws/install/map_msgs/include/map_msgs/srv/detail/get_map_roi__rosidl_typesupport_introspection_c.h
[1.537s] -- Up-to-date: /home/mpcmeulensteen/blackboard_ws/install/map_msgs/include/map_msgs/srv/detail/set_map_projections__rosidl_typesupport_introspection_c.h
[1.537s] -- Up-to-date: /home/mpcmeulensteen/blackboard_ws/install/map_msgs/include/map_msgs/srv/detail/get_point_map__type_support.c
[1.537s] -- Up-to-date: /home/mpcmeulensteen/blackboard_ws/install/map_msgs/include/map_msgs/srv/detail/save_map__rosidl_typesupport_introspection_c.h
[1.537s] -- Up-to-date: /home/mpcmeulensteen/blackboard_ws/install/map_msgs/include/map_msgs/msg
[1.537s] -- Up-to-date: /home/mpcmeulensteen/blackboard_ws/install/map_msgs/include/map_msgs/msg/detail
[1.548s] -- Up-to-date: /home/mpcmeulensteen/blackboard_ws/install/map_msgs/include/map_msgs/msg/detail/projected_map__type_support.c
[1.549s] -- Up-to-date: /home/mpcmeulensteen/blackboard_ws/install/map_msgs/include/map_msgs/msg/detail/projected_map__rosidl_typesupport_introspection_c.h
[1.549s] -- Up-to-date: /home/mpcmeulensteen/blackboard_ws/install/map_msgs/include/map_msgs/msg/detail/projected_map_info__rosidl_typesupport_introspection_c.h
[1.549s] -- Up-to-date: /home/mpcmeulensteen/blackboard_ws/install/map_msgs/include/map_msgs/msg/detail/point_cloud2_update__type_support.c
[1.549s] -- Up-to-date: /home/mpcmeulensteen/blackboard_ws/install/map_msgs/include/map_msgs/msg/detail/occupancy_grid_update__rosidl_typesupport_introspection_c.h
[1.549s] -- Up-to-date: /home/mpcmeulensteen/blackboard_ws/install/map_msgs/include/map_msgs/msg/detail/point_cloud2_update__rosidl_typesupport_introspection_c.h
[1.549s] -- Up-to-date: /home/mpcmeulensteen/blackboard_ws/install/map_msgs/include/map_msgs/msg/detail/occupancy_grid_update__type_support.c
[1.549s] -- Up-to-date: /home/mpcmeulensteen/blackboard_ws/install/map_msgs/include/map_msgs/msg/detail/projected_map_info__type_support.c
[1.549s] -- Up-to-date: /home/mpcmeulensteen/blackboard_ws/install/map_msgs/include/map_msgs/msg/rosidl_typesupport_introspection_c__visibility_control.h
[1.549s] -- Up-to-date: /home/mpcmeulensteen/blackboard_ws/install/map_msgs/lib/libmap_msgs__rosidl_typesupport_introspection_c.so
[1.549s] -- Up-to-date: /home/mpcmeulensteen/blackboard_ws/install/map_msgs/lib/libmap_msgs__rosidl_typesupport_c.so
[1.549s] -- Up-to-date: /home/mpcmeulensteen/blackboard_ws/install/map_msgs/include/map_msgs
[1.549s] -- Up-to-date: /home/mpcmeulensteen/blackboard_ws/install/map_msgs/include/map_msgs/srv
[1.549s] -- Up-to-date: /home/mpcmeulensteen/blackboard_ws/install/map_msgs/include/map_msgs/srv/projected_maps_info.hpp
[1.549s] -- Up-to-date: /home/mpcmeulensteen/blackboard_ws/install/map_msgs/include/map_msgs/srv/detail
[1.549s] -- Up-to-date: /home/mpcmeulensteen/blackboard_ws/install/map_msgs/include/map_msgs/srv/detail/get_map_roi__traits.hpp
[1.549s] -- Up-to-date: /home/mpcmeulensteen/blackboard_ws/install/map_msgs/include/map_msgs/srv/detail/save_map__traits.hpp
[1.550s] -- Up-to-date: /home/mpcmeulensteen/blackboard_ws/install/map_msgs/include/map_msgs/srv/detail/get_point_map_roi__builder.hpp
[1.550s] -- Up-to-date: /home/mpcmeulensteen/blackboard_ws/install/map_msgs/include/map_msgs/srv/detail/projected_maps_info__builder.hpp
[1.550s] -- Up-to-date: /home/mpcmeulensteen/blackboard_ws/install/map_msgs/include/map_msgs/srv/detail/projected_maps_info__traits.hpp
[1.550s] -- Up-to-date: /home/mpcmeulensteen/blackboard_ws/install/map_msgs/include/map_msgs/srv/detail/get_point_map_roi__struct.hpp
[1.550s] -- Up-to-date: /home/mpcmeulensteen/blackboard_ws/install/map_msgs/include/map_msgs/srv/detail/set_map_projections__builder.hpp
[1.550s] -- Up-to-date: /home/mpcmeulensteen/blackboard_ws/install/map_msgs/include/map_msgs/srv/detail/save_map__struct.hpp
[1.550s] -- Up-to-date: /home/mpcmeulensteen/blackboard_ws/install/map_msgs/include/map_msgs/srv/detail/projected_maps_info__struct.hpp
[1.550s] -- Up-to-date: /home/mpcmeulensteen/blackboard_ws/install/map_msgs/include/map_msgs/srv/detail/get_point_map__traits.hpp
[1.550s] -- Up-to-date: /home/mpcmeulensteen/blackboard_ws/install/map_msgs/include/map_msgs/srv/detail/get_point_map__struct.hpp
[1.550s] -- Up-to-date: /home/mpcmeulensteen/blackboard_ws/install/map_msgs/include/map_msgs/srv/detail/get_map_roi__struct.hpp
[1.550s] -- Up-to-date: /home/mpcmeulensteen/blackboard_ws/install/map_msgs/include/map_msgs/srv/detail/get_map_roi__builder.hpp
[1.550s] -- Up-to-date: /home/mpcmeulensteen/blackboard_ws/install/map_msgs/include/map_msgs/srv/detail/set_map_projections__traits.hpp
[1.550s] -- Up-to-date: /home/mpcmeulensteen/blackboard_ws/install/map_msgs/include/map_msgs/srv/detail/get_point_map_roi__traits.hpp
[1.550s] -- Up-to-date: /home/mpcmeulensteen/blackboard_ws/install/map_msgs/include/map_msgs/srv/detail/save_map__builder.hpp
[1.556s] -- Up-to-date: /home/mpcmeulensteen/blackboard_ws/install/map_msgs/include/map_msgs/srv/detail/set_map_projections__struct.hpp
[1.556s] -- Up-to-date: /home/mpcmeulensteen/blackboard_ws/install/map_msgs/include/map_msgs/srv/detail/get_point_map__builder.hpp
[1.556s] -- Up-to-date: /home/mpcmeulensteen/blackboard_ws/install/map_msgs/include/map_msgs/srv/save_map.hpp
[1.556s] -- Up-to-date: /home/mpcmeulensteen/blackboard_ws/install/map_msgs/include/map_msgs/srv/set_map_projections.hpp
[1.556s] -- Up-to-date: /home/mpcmeulensteen/blackboard_ws/install/map_msgs/include/map_msgs/srv/get_map_roi.hpp
[1.556s] -- Up-to-date: /home/mpcmeulensteen/blackboard_ws/install/map_msgs/include/map_msgs/srv/get_point_map.hpp
[1.556s] -- Up-to-date: /home/mpcmeulensteen/blackboard_ws/install/map_msgs/include/map_msgs/srv/get_point_map_roi.hpp
[1.556s] -- Up-to-date: /home/mpcmeulensteen/blackboard_ws/install/map_msgs/include/map_msgs/msg
[1.556s] -- Up-to-date: /home/mpcmeulensteen/blackboard_ws/install/map_msgs/include/map_msgs/msg/detail
[1.556s] -- Up-to-date: /home/mpcmeulensteen/blackboard_ws/install/map_msgs/include/map_msgs/msg/detail/projected_map_info__traits.hpp
[1.556s] -- Up-to-date: /home/mpcmeulensteen/blackboard_ws/install/map_msgs/include/map_msgs/msg/detail/occupancy_grid_update__traits.hpp
[1.556s] -- Up-to-date: /home/mpcmeulensteen/blackboard_ws/install/map_msgs/include/map_msgs/msg/detail/occupancy_grid_update__builder.hpp
[1.556s] -- Up-to-date: /home/mpcmeulensteen/blackboard_ws/install/map_msgs/include/map_msgs/msg/detail/projected_map__traits.hpp
[1.556s] -- Up-to-date: /home/mpcmeulensteen/blackboard_ws/install/map_msgs/include/map_msgs/msg/detail/point_cloud2_update__builder.hpp
[1.556s] -- Up-to-date: /home/mpcmeulensteen/blackboard_ws/install/map_msgs/include/map_msgs/msg/detail/projected_map_info__builder.hpp
[1.562s] -- Up-to-date: /home/mpcmeulensteen/blackboard_ws/install/map_msgs/include/map_msgs/msg/detail/point_cloud2_update__struct.hpp
[1.563s] -- Up-to-date: /home/mpcmeulensteen/blackboard_ws/install/map_msgs/include/map_msgs/msg/detail/projected_map__builder.hpp
[1.563s] -- Up-to-date: /home/mpcmeulensteen/blackboard_ws/install/map_msgs/include/map_msgs/msg/detail/projected_map_info__struct.hpp
[1.563s] -- Up-to-date: /home/mpcmeulensteen/blackboard_ws/install/map_msgs/include/map_msgs/msg/detail/point_cloud2_update__traits.hpp
[1.563s] -- Up-to-date: /home/mpcmeulensteen/blackboard_ws/install/map_msgs/include/map_msgs/msg/detail/occupancy_grid_update__struct.hpp
[1.563s] -- Up-to-date: /home/mpcmeulensteen/blackboard_ws/install/map_msgs/include/map_msgs/msg/detail/projected_map__struct.hpp
[1.563s] -- Up-to-date: /home/mpcmeulensteen/blackboard_ws/install/map_msgs/include/map_msgs/msg/projected_map.hpp
[1.563s] -- Up-to-date: /home/mpcmeulensteen/blackboard_ws/install/map_msgs/include/map_msgs/msg/projected_map_info.hpp
[1.563s] -- Up-to-date: /home/mpcmeulensteen/blackboard_ws/install/map_msgs/include/map_msgs/msg/point_cloud2_update.hpp
[1.563s] -- Up-to-date: /home/mpcmeulensteen/blackboard_ws/install/map_msgs/include/map_msgs/msg/occupancy_grid_update.hpp
[1.563s] -- Up-to-date: /home/mpcmeulensteen/blackboard_ws/install/map_msgs/include/map_msgs
[1.563s] -- Up-to-date: /home/mpcmeulensteen/blackboard_ws/install/map_msgs/include/map_msgs/srv
[1.563s] -- Up-to-date: /home/mpcmeulensteen/blackboard_ws/install/map_msgs/include/map_msgs/srv/detail
[1.563s] -- Up-to-date: /home/mpcmeulensteen/blackboard_ws/install/map_msgs/include/map_msgs/srv/detail/set_map_projections__rosidl_typesupport_introspection_cpp.hpp
[1.563s] -- Up-to-date: /home/mpcmeulensteen/blackboard_ws/install/map_msgs/include/map_msgs/srv/detail/set_map_projections__type_support.cpp
[1.563s] -- Up-to-date: /home/mpcmeulensteen/blackboard_ws/install/map_msgs/include/map_msgs/srv/detail/get_map_roi__type_support.cpp
[1.564s] -- Up-to-date: /home/mpcmeulensteen/blackboard_ws/install/map_msgs/include/map_msgs/srv/detail/projected_maps_info__rosidl_typesupport_introspection_cpp.hpp
[1.564s] -- Up-to-date: /home/mpcmeulensteen/blackboard_ws/install/map_msgs/include/map_msgs/srv/detail/get_point_map__rosidl_typesupport_introspection_cpp.hpp
[1.564s] -- Up-to-date: /home/mpcmeulensteen/blackboard_ws/install/map_msgs/include/map_msgs/srv/detail/save_map__type_support.cpp
[1.564s] -- Up-to-date: /home/mpcmeulensteen/blackboard_ws/install/map_msgs/include/map_msgs/srv/detail/get_point_map_roi__type_support.cpp
[1.564s] -- Up-to-date: /home/mpcmeulensteen/blackboard_ws/install/map_msgs/include/map_msgs/srv/detail/get_point_map_roi__rosidl_typesupport_introspection_cpp.hpp
[1.564s] -- Up-to-date: /home/mpcmeulensteen/blackboard_ws/install/map_msgs/include/map_msgs/srv/detail/get_point_map__type_support.cpp
[1.564s] -- Up-to-date: /home/mpcmeulensteen/blackboard_ws/install/map_msgs/include/map_msgs/srv/detail/save_map__rosidl_typesupport_introspection_cpp.hpp
[1.564s] -- Up-to-date: /home/mpcmeulensteen/blackboard_ws/install/map_msgs/include/map_msgs/srv/detail/projected_maps_info__type_support.cpp
[1.564s] -- Up-to-date: /home/mpcmeulensteen/blackboard_ws/install/map_msgs/include/map_msgs/srv/detail/get_map_roi__rosidl_typesupport_introspection_cpp.hpp
[1.564s] -- Up-to-date: /home/mpcmeulensteen/blackboard_ws/install/map_msgs/include/map_msgs/msg
[1.564s] -- Up-to-date: /home/mpcmeulensteen/blackboard_ws/install/map_msgs/include/map_msgs/msg/detail
[1.564s] -- Up-to-date: /home/mpcmeulensteen/blackboard_ws/install/map_msgs/include/map_msgs/msg/detail/projected_map__rosidl_typesupport_introspection_cpp.hpp
[1.564s] -- Up-to-date: /home/mpcmeulensteen/blackboard_ws/install/map_msgs/include/map_msgs/msg/detail/projected_map_info__rosidl_typesupport_introspection_cpp.hpp
[1.564s] -- Up-to-date: /home/mpcmeulensteen/blackboard_ws/install/map_msgs/include/map_msgs/msg/detail/occupancy_grid_update__type_support.cpp
[1.564s] -- Up-to-date: /home/mpcmeulensteen/blackboard_ws/install/map_msgs/include/map_msgs/msg/detail/occupancy_grid_update__rosidl_typesupport_introspection_cpp.hpp
[1.568s] -- Up-to-date: /home/mpcmeulensteen/blackboard_ws/install/map_msgs/include/map_msgs/msg/detail/projected_map_info__type_support.cpp
[1.568s] -- Up-to-date: /home/mpcmeulensteen/blackboard_ws/install/map_msgs/include/map_msgs/msg/detail/point_cloud2_update__type_support.cpp
[1.568s] -- Up-to-date: /home/mpcmeulensteen/blackboard_ws/install/map_msgs/include/map_msgs/msg/detail/point_cloud2_update__rosidl_typesupport_introspection_cpp.hpp
[1.568s] -- Up-to-date: /home/mpcmeulensteen/blackboard_ws/install/map_msgs/include/map_msgs/msg/detail/projected_map__type_support.cpp
[1.568s] -- Up-to-date: /home/mpcmeulensteen/blackboard_ws/install/map_msgs/lib/libmap_msgs__rosidl_typesupport_introspection_cpp.so
[1.568s] -- Up-to-date: /home/mpcmeulensteen/blackboard_ws/install/map_msgs/lib/libmap_msgs__rosidl_typesupport_cpp.so
[1.568s] -- Up-to-date: /home/mpcmeulensteen/blackboard_ws/install/map_msgs/share/map_msgs/environment/pythonpath.sh
[1.569s] -- Up-to-date: /home/mpcmeulensteen/blackboard_ws/install/map_msgs/share/map_msgs/environment/pythonpath.dsv
[1.569s] -- Up-to-date: /home/mpcmeulensteen/blackboard_ws/install/map_msgs/lib/python3.8/site-packages/map_msgs/__init__.py
[1.608s] -- Up-to-date: /home/mpcmeulensteen/blackboard_ws/install/map_msgs/lib/python3.8/site-packages/map_msgs/msg
[1.609s] -- Up-to-date: /home/mpcmeulensteen/blackboard_ws/install/map_msgs/lib/python3.8/site-packages/map_msgs/msg/_point_cloud2_update_s.c
[1.609s] -- Up-to-date: /home/mpcmeulensteen/blackboard_ws/install/map_msgs/lib/python3.8/site-packages/map_msgs/msg/_occupancy_grid_update_s.c
[1.610s] -- Up-to-date: /home/mpcmeulensteen/blackboard_ws/install/map_msgs/lib/python3.8/site-packages/map_msgs/msg/_projected_map_s.c
[1.610s] -- Up-to-date: /home/mpcmeulensteen/blackboard_ws/install/map_msgs/lib/python3.8/site-packages/map_msgs/msg/_projected_map_info_s.c
[1.611s] -- Up-to-date: /home/mpcmeulensteen/blackboard_ws/install/map_msgs/lib/python3.8/site-packages/map_msgs/msg/_point_cloud2_update.py
[1.611s] -- Up-to-date: /home/mpcmeulensteen/blackboard_ws/install/map_msgs/lib/python3.8/site-packages/map_msgs/msg/_projected_map.py
[1.611s] -- Up-to-date: /home/mpcmeulensteen/blackboard_ws/install/map_msgs/lib/python3.8/site-packages/map_msgs/msg/_projected_map_info.py
[1.611s] -- Up-to-date: /home/mpcmeulensteen/blackboard_ws/install/map_msgs/lib/python3.8/site-packages/map_msgs/msg/__init__.py
[1.611s] -- Up-to-date: /home/mpcmeulensteen/blackboard_ws/install/map_msgs/lib/python3.8/site-packages/map_msgs/msg/_occupancy_grid_update.py
[1.614s] -- Up-to-date: /home/mpcmeulensteen/blackboard_ws/install/map_msgs/lib/python3.8/site-packages/map_msgs/srv
[1.614s] -- Up-to-date: /home/mpcmeulensteen/blackboard_ws/install/map_msgs/lib/python3.8/site-packages/map_msgs/srv/_projected_maps_info_s.c
[1.614s] -- Up-to-date: /home/mpcmeulensteen/blackboard_ws/install/map_msgs/lib/python3.8/site-packages/map_msgs/srv/_get_point_map.py
[1.614s] -- Up-to-date: /home/mpcmeulensteen/blackboard_ws/install/map_msgs/lib/python3.8/site-packages/map_msgs/srv/_save_map.py
[1.614s] -- Up-to-date: /home/mpcmeulensteen/blackboard_ws/install/map_msgs/lib/python3.8/site-packages/map_msgs/srv/_get_map_roi_s.c
[1.614s] -- Up-to-date: /home/mpcmeulensteen/blackboard_ws/install/map_msgs/lib/python3.8/site-packages/map_msgs/srv/_projected_maps_info.py
[1.614s] -- Up-to-date: /home/mpcmeulensteen/blackboard_ws/install/map_msgs/lib/python3.8/site-packages/map_msgs/srv/__init__.py
[1.614s] -- Up-to-date: /home/mpcmeulensteen/blackboard_ws/install/map_msgs/lib/python3.8/site-packages/map_msgs/srv/_set_map_projections.py
[1.614s] -- Up-to-date: /home/mpcmeulensteen/blackboard_ws/install/map_msgs/lib/python3.8/site-packages/map_msgs/srv/_save_map_s.c
[1.614s] -- Up-to-date: /home/mpcmeulensteen/blackboard_ws/install/map_msgs/lib/python3.8/site-packages/map_msgs/srv/_get_point_map_roi_s.c
[1.614s] -- Up-to-date: /home/mpcmeulensteen/blackboard_ws/install/map_msgs/lib/python3.8/site-packages/map_msgs/srv/_get_map_roi.py
[1.614s] -- Up-to-date: /home/mpcmeulensteen/blackboard_ws/install/map_msgs/lib/python3.8/site-packages/map_msgs/srv/_get_point_map_roi.py
[1.614s] -- Up-to-date: /home/mpcmeulensteen/blackboard_ws/install/map_msgs/lib/python3.8/site-packages/map_msgs/srv/_get_point_map_s.c
[1.615s] -- Up-to-date: /home/mpcmeulensteen/blackboard_ws/install/map_msgs/lib/python3.8/site-packages/map_msgs/srv/_set_map_projections_s.c
[1.615s] -- Up-to-date: /home/mpcmeulensteen/blackboard_ws/install/map_msgs/lib/python3.8/site-packages/map_msgs/map_msgs_s__rosidl_typesupport_fastrtps_c.cpython-38-x86_64-linux-gnu.so
[1.615s] -- Up-to-date: /home/mpcmeulensteen/blackboard_ws/install/map_msgs/lib/python3.8/site-packages/map_msgs/map_msgs_s__rosidl_typesupport_introspection_c.cpython-38-x86_64-linux-gnu.so
[1.615s] -- Up-to-date: /home/mpcmeulensteen/blackboard_ws/install/map_msgs/lib/python3.8/site-packages/map_msgs/map_msgs_s__rosidl_typesupport_c.cpython-38-x86_64-linux-gnu.so
[1.615s] -- Up-to-date: /home/mpcmeulensteen/blackboard_ws/install/map_msgs/lib/libmap_msgs__python.so
[1.615s] -- Up-to-date: /home/mpcmeulensteen/blackboard_ws/install/map_msgs/share/map_msgs/msg/OccupancyGridUpdate.idl
[1.616s] -- Up-to-date: /home/mpcmeulensteen/blackboard_ws/install/map_msgs/share/map_msgs/msg/PointCloud2Update.idl
[1.616s] -- Up-to-date: /home/mpcmeulensteen/blackboard_ws/install/map_msgs/share/map_msgs/msg/ProjectedMapInfo.idl
[1.616s] -- Up-to-date: /home/mpcmeulensteen/blackboard_ws/install/map_msgs/share/map_msgs/msg/ProjectedMap.idl
[1.616s] -- Up-to-date: /home/mpcmeulensteen/blackboard_ws/install/map_msgs/share/map_msgs/srv/GetMapROI.idl
[1.617s] -- Up-to-date: /home/mpcmeulensteen/blackboard_ws/install/map_msgs/share/map_msgs/srv/GetPointMapROI.idl
[1.617s] -- Up-to-date: /home/mpcmeulensteen/blackboard_ws/install/map_msgs/share/map_msgs/srv/GetPointMap.idl
[1.618s] -- Up-to-date: /home/mpcmeulensteen/blackboard_ws/install/map_msgs/share/map_msgs/srv/ProjectedMapsInfo.idl
[1.618s] -- Up-to-date: /home/mpcmeulensteen/blackboard_ws/install/map_msgs/share/map_msgs/srv/SaveMap.idl
[1.618s] -- Up-to-date: /home/mpcmeulensteen/blackboard_ws/install/map_msgs/share/map_msgs/srv/SetMapProjections.idl
[1.618s] -- Up-to-date: /home/mpcmeulensteen/blackboard_ws/install/map_msgs/share/map_msgs/msg/OccupancyGridUpdate.msg
[1.618s] -- Up-to-date: /home/mpcmeulensteen/blackboard_ws/install/map_msgs/share/map_msgs/msg/PointCloud2Update.msg
[1.618s] -- Up-to-date: /home/mpcmeulensteen/blackboard_ws/install/map_msgs/share/map_msgs/msg/ProjectedMapInfo.msg
[1.618s] -- Up-to-date: /home/mpcmeulensteen/blackboard_ws/install/map_msgs/share/map_msgs/msg/ProjectedMap.msg
[1.620s] -- Up-to-date: /home/mpcmeulensteen/blackboard_ws/install/map_msgs/share/map_msgs/srv/GetMapROI.srv
[1.620s] -- Up-to-date: /home/mpcmeulensteen/blackboard_ws/install/map_msgs/share/map_msgs/srv/GetMapROI_Request.msg
[1.620s] -- Up-to-date: /home/mpcmeulensteen/blackboard_ws/install/map_msgs/share/map_msgs/srv/GetMapROI_Response.msg
[1.621s] -- Up-to-date: /home/mpcmeulensteen/blackboard_ws/install/map_msgs/share/map_msgs/srv/GetPointMapROI.srv
[1.621s] -- Up-to-date: /home/mpcmeulensteen/blackboard_ws/install/map_msgs/share/map_msgs/srv/GetPointMapROI_Request.msg
[1.621s] -- Up-to-date: /home/mpcmeulensteen/blackboard_ws/install/map_msgs/share/map_msgs/srv/GetPointMapROI_Response.msg
[1.621s] -- Up-to-date: /home/mpcmeulensteen/blackboard_ws/install/map_msgs/share/map_msgs/srv/GetPointMap.srv
[1.621s] -- Up-to-date: /home/mpcmeulensteen/blackboard_ws/install/map_msgs/share/map_msgs/srv/GetPointMap_Request.msg
[1.622s] -- Up-to-date: /home/mpcmeulensteen/blackboard_ws/install/map_msgs/share/map_msgs/srv/GetPointMap_Response.msg
[1.622s] -- Up-to-date: /home/mpcmeulensteen/blackboard_ws/install/map_msgs/share/map_msgs/srv/ProjectedMapsInfo.srv
[1.622s] -- Up-to-date: /home/mpcmeulensteen/blackboard_ws/install/map_msgs/share/map_msgs/srv/ProjectedMapsInfo_Request.msg
[1.622s] -- Up-to-date: /home/mpcmeulensteen/blackboard_ws/install/map_msgs/share/map_msgs/srv/ProjectedMapsInfo_Response.msg
[1.622s] -- Up-to-date: /home/mpcmeulensteen/blackboard_ws/install/map_msgs/share/map_msgs/srv/SaveMap.srv
[1.623s] -- Up-to-date: /home/mpcmeulensteen/blackboard_ws/install/map_msgs/share/map_msgs/srv/SaveMap_Request.msg
[1.623s] -- Up-to-date: /home/mpcmeulensteen/blackboard_ws/install/map_msgs/share/map_msgs/srv/SaveMap_Response.msg
[1.623s] -- Up-to-date: /home/mpcmeulensteen/blackboard_ws/install/map_msgs/share/map_msgs/srv/SetMapProjections.srv
[1.623s] -- Up-to-date: /home/mpcmeulensteen/blackboard_ws/install/map_msgs/share/map_msgs/srv/SetMapProjections_Request.msg
[1.623s] -- Up-to-date: /home/mpcmeulensteen/blackboard_ws/install/map_msgs/share/map_msgs/srv/SetMapProjections_Response.msg
[1.625s] -- Up-to-date: /home/mpcmeulensteen/blackboard_ws/install/map_msgs/share/ament_index/resource_index/package_run_dependencies/map_msgs
[1.625s] -- Up-to-date: /home/mpcmeulensteen/blackboard_ws/install/map_msgs/share/ament_index/resource_index/parent_prefix_path/map_msgs
[1.625s] -- Up-to-date: /home/mpcmeulensteen/blackboard_ws/install/map_msgs/share/map_msgs/environment/ament_prefix_path.sh
[1.625s] -- Up-to-date: /home/mpcmeulensteen/blackboard_ws/install/map_msgs/share/map_msgs/environment/ament_prefix_path.dsv
[1.634s] -- Up-to-date: /home/mpcmeulensteen/blackboard_ws/install/map_msgs/share/map_msgs/environment/path.sh
[1.638s] -- Up-to-date: /home/mpcmeulensteen/blackboard_ws/install/map_msgs/share/map_msgs/environment/path.dsv
[1.639s] -- Up-to-date: /home/mpcmeulensteen/blackboard_ws/install/map_msgs/share/map_msgs/local_setup.bash
[1.639s] -- Up-to-date: /home/mpcmeulensteen/blackboard_ws/install/map_msgs/share/map_msgs/local_setup.sh
[1.639s] -- Up-to-date: /home/mpcmeulensteen/blackboard_ws/install/map_msgs/share/map_msgs/local_setup.zsh
[1.639s] -- Up-to-date: /home/mpcmeulensteen/blackboard_ws/install/map_msgs/share/map_msgs/local_setup.dsv
[1.639s] -- Installing: /home/mpcmeulensteen/blackboard_ws/install/map_msgs/share/map_msgs/package.dsv
[1.639s] -- Up-to-date: /home/mpcmeulensteen/blackboard_ws/install/map_msgs/share/ament_index/resource_index/packages/map_msgs
[1.639s] -- Up-to-date: /home/mpcmeulensteen/blackboard_ws/install/map_msgs/share/map_msgs/cmake/map_msgs__rosidl_generator_cExport.cmake
[1.639s] -- Up-to-date: /home/mpcmeulensteen/blackboard_ws/install/map_msgs/share/map_msgs/cmake/map_msgs__rosidl_generator_cExport-noconfig.cmake
[1.639s] -- Up-to-date: /home/mpcmeulensteen/blackboard_ws/install/map_msgs/share/map_msgs/cmake/map_msgs__rosidl_typesupport_introspection_cExport.cmake
[1.639s] -- Up-to-date: /home/mpcmeulensteen/blackboard_ws/install/map_msgs/share/map_msgs/cmake/map_msgs__rosidl_typesupport_introspection_cExport-noconfig.cmake
[1.639s] -- Up-to-date: /home/mpcmeulensteen/blackboard_ws/install/map_msgs/share/map_msgs/cmake/map_msgs__rosidl_typesupport_cExport.cmake
[1.639s] -- Up-to-date: /home/mpcmeulensteen/blackboard_ws/install/map_msgs/share/map_msgs/cmake/map_msgs__rosidl_typesupport_cExport-noconfig.cmake
[1.639s] -- Up-to-date: /home/mpcmeulensteen/blackboard_ws/install/map_msgs/share/map_msgs/cmake/map_msgs__rosidl_generator_cppExport.cmake
[1.639s] -- Up-to-date: /home/mpcmeulensteen/blackboard_ws/install/map_msgs/share/map_msgs/cmake/map_msgs__rosidl_typesupport_introspection_cppExport.cmake
[1.640s] -- Up-to-date: /home/mpcmeulensteen/blackboard_ws/install/map_msgs/share/map_msgs/cmake/map_msgs__rosidl_typesupport_introspection_cppExport-noconfig.cmake
[1.640s] -- Up-to-date: /home/mpcmeulensteen/blackboard_ws/install/map_msgs/share/map_msgs/cmake/map_msgs__rosidl_typesupport_cppExport.cmake
[1.640s] -- Up-to-date: /home/mpcmeulensteen/blackboard_ws/install/map_msgs/share/map_msgs/cmake/map_msgs__rosidl_typesupport_cppExport-noconfig.cmake
[1.640s] -- Up-to-date: /home/mpcmeulensteen/blackboard_ws/install/map_msgs/share/map_msgs/cmake/rosidl_cmake-extras.cmake
[1.640s] -- Up-to-date: /home/mpcmeulensteen/blackboard_ws/install/map_msgs/share/map_msgs/cmake/ament_cmake_export_dependencies-extras.cmake
[1.641s] -- Up-to-date: /home/mpcmeulensteen/blackboard_ws/install/map_msgs/share/map_msgs/cmake/ament_cmake_export_libraries-extras.cmake
[1.641s] -- Up-to-date: /home/mpcmeulensteen/blackboard_ws/install/map_msgs/share/map_msgs/cmake/ament_cmake_export_targets-extras.cmake
[1.641s] -- Up-to-date: /home/mpcmeulensteen/blackboard_ws/install/map_msgs/share/map_msgs/cmake/ament_cmake_export_include_directories-extras.cmake
[1.641s] -- Up-to-date: /home/mpcmeulensteen/blackboard_ws/install/map_msgs/share/map_msgs/cmake/rosidl_cmake_export_typesupport_libraries-extras.cmake
[1.641s] -- Up-to-date: /home/mpcmeulensteen/blackboard_ws/install/map_msgs/share/map_msgs/cmake/rosidl_cmake_export_typesupport_targets-extras.cmake
[1.641s] -- Up-to-date: /home/mpcmeulensteen/blackboard_ws/install/map_msgs/share/map_msgs/cmake/map_msgsConfig.cmake
[1.641s] -- Up-to-date: /home/mpcmeulensteen/blackboard_ws/install/map_msgs/share/map_msgs/cmake/map_msgsConfig-version.cmake
[1.641s] -- Up-to-date: /home/mpcmeulensteen/blackboard_ws/install/map_msgs/share/map_msgs/package.xml
[1.653s] Invoked command in '/home/mpcmeulensteen/blackboard_ws/build/map_msgs' returned '0': CMAKE_PREFIX_PATH=${CMAKE_PREFIX_PATH}:/home/mpcmeulensteen/blackboard_ws/install/turtlebot3_teleop:/home/mpcmeulensteen/blackboard_ws/install/turtlebot3_example:/home/mpcmeulensteen/blackboard_ws/install/ros2_blackboard:/home/mpcmeulensteen/turtlebot3_ws/install/turtlebot3_teleop:/home/mpcmeulensteen/turtlebot3_ws/install/turtlebot3_example:/home/mpcmeulensteen/colcon_ws/install/turtlebot3_teleop:/home/mpcmeulensteen/colcon_ws/install/turtlebot3_example:/opt/ros/foxy /usr/bin/cmake --install /home/mpcmeulensteen/blackboard_ws/build/map_msgs
