[0.290s] Invoking command in '/home/mpcmeulensteen/blackboard_ws/src/navigation': PYTHONPATH=/home/mpcmeulensteen/blackboard_ws/install/navigation/lib/python3.8/site-packages:${PYTHONPATH} /usr/bin/python3 setup.py egg_info --egg-base ../../build/navigation build --build-base /home/mpcmeulensteen/blackboard_ws/build/navigation/build install --prefix /home/mpcmeulensteen/blackboard_ws/install/navigation --record /home/mpcmeulensteen/blackboard_ws/build/navigation/install.log --single-version-externally-managed
[0.605s] running egg_info
[0.607s] writing ../../build/navigation/navigation.egg-info/PKG-INFO
[0.608s] writing dependency_links to ../../build/navigation/navigation.egg-info/dependency_links.txt
[0.608s] writing entry points to ../../build/navigation/navigation.egg-info/entry_points.txt
[0.609s] writing requirements to ../../build/navigation/navigation.egg-info/requires.txt
[0.612s] writing top-level names to ../../build/navigation/navigation.egg-info/top_level.txt
[0.648s] reading manifest file '../../build/navigation/navigation.egg-info/SOURCES.txt'
[0.649s] writing manifest file '../../build/navigation/navigation.egg-info/SOURCES.txt'
[0.650s] running build
[0.650s] running build_py
[0.651s] running install
[0.652s] running install_lib
[0.653s] running install_data
[0.655s] running install_egg_info
[0.656s] removing '/home/mpcmeulensteen/blackboard_ws/install/navigation/lib/python3.8/site-packages/navigation-0.0.0-py3.8.egg-info' (and everything under it)
[0.665s] Copying ../../build/navigation/navigation.egg-info to /home/mpcmeulensteen/blackboard_ws/install/navigation/lib/python3.8/site-packages/navigation-0.0.0-py3.8.egg-info
[0.665s] running install_scripts
[0.682s] writing list of installed files to '/home/mpcmeulensteen/blackboard_ws/build/navigation/install.log'
[0.701s] Invoked command in '/home/mpcmeulensteen/blackboard_ws/src/navigation' returned '0': PYTHONPATH=/home/mpcmeulensteen/blackboard_ws/install/navigation/lib/python3.8/site-packages:${PYTHONPATH} /usr/bin/python3 setup.py egg_info --egg-base ../../build/navigation build --build-base /home/mpcmeulensteen/blackboard_ws/build/navigation/build install --prefix /home/mpcmeulensteen/blackboard_ws/install/navigation --record /home/mpcmeulensteen/blackboard_ws/build/navigation/install.log --single-version-externally-managed
