-- Found ament_cmake: 0.9.9 (/opt/ros/foxy/share/ament_cmake/cmake)
-- Found PythonInterp: /usr/bin/python3 (found suitable version "3.8.10", minimum required is "3") 
-- Using PYTHON_EXECUTABLE: /usr/bin/python3
-- Found geometry_msgs: 2.0.4 (/opt/ros/foxy/share/geometry_msgs/cmake)
-- Using all available rosidl_typesupport_c: rosidl_typesupport_fastrtps_c;rosidl_typesupport_introspection_c
-- Found rosidl_adapter: 1.2.1 (/opt/ros/foxy/share/rosidl_adapter/cmake)
-- Using all available rosidl_typesupport_cpp: rosidl_typesupport_fastrtps_cpp;rosidl_typesupport_introspection_cpp
-- Found rosidl_default_generators: 1.0.1 (/opt/ros/foxy/share/rosidl_default_generators/cmake)
-- Found PythonInterp: /usr/bin/python3 (found version "3.8.10") 
-- Found ament_cmake_ros: 0.9.2 (/opt/ros/foxy/share/ament_cmake_ros/cmake)
-- Using all available rosidl_typesupport_c: rosidl_typesupport_fastrtps_c;rosidl_typesupport_introspection_c
-- Using all available rosidl_typesupport_cpp: rosidl_typesupport_fastrtps_cpp;rosidl_typesupport_introspection_cpp
-- Found PythonInterp: /usr/bin/python3 (found suitable version "3.8.10", minimum required is "3.5") 
-- Found python_cmake_module: 0.8.1 (/opt/ros/foxy/share/python_cmake_module/cmake)
-- Using PYTHON_EXECUTABLE: /usr/bin/python3
-- Using PYTHON_INCLUDE_DIRS: /usr/include/python3.8
-- Using PYTHON_LIBRARIES: /usr/lib/x86_64-linux-gnu/libpython3.8.so
-- Found ament_lint_auto: 0.9.6 (/opt/ros/foxy/share/ament_lint_auto/cmake)
-- Added test 'copyright' to check source files copyright and LICENSE
-- Added test 'lint_cmake' to check CMake code style
-- Added test 'xmllint' to check XML markup files
-- Configuring done
-- Generating done
-- Build files have been written to: /home/mpcmeulensteen/blackboard_ws/build/message_pkg
[  1%] Built target message_pkg__cpp
[35m[1mScanning dependencies of target message_pkg__rosidl_generator_c[0m
[  3%] [32mBuilding C object CMakeFiles/message_pkg__rosidl_generator_c.dir/rosidl_generator_c/message_pkg/msg/detail/b_bbackup__functions.c.o[0m
[  4%] [32mBuilding C object CMakeFiles/message_pkg__rosidl_generator_c.dir/rosidl_generator_c/message_pkg/msg/detail/b_bsynch__functions.c.o[0m
[  6%] [32mBuilding C object CMakeFiles/message_pkg__rosidl_generator_c.dir/rosidl_generator_c/message_pkg/msg/detail/task_cost__functions.c.o[0m
[  7%] [32mBuilding C object CMakeFiles/message_pkg__rosidl_generator_c.dir/rosidl_generator_c/message_pkg/msg/detail/task_msg__functions.c.o[0m
[  9%] [32mBuilding C object CMakeFiles/message_pkg__rosidl_generator_c.dir/rosidl_generator_c/message_pkg/msg/detail/task_state_msg__functions.c.o[0m
[ 11%] [32m[1mLinking C shared library libmessage_pkg__rosidl_generator_c.so[0m
[ 12%] Built target message_pkg__rosidl_generator_c
[35m[1mScanning dependencies of target message_pkg__rosidl_typesupport_cpp[0m
[ 14%] [32mBuilding CXX object CMakeFiles/message_pkg__rosidl_typesupport_cpp.dir/rosidl_typesupport_cpp/message_pkg/msg/b_bbackup__type_support.cpp.o[0m
[ 15%] [32mBuilding CXX object CMakeFiles/message_pkg__rosidl_typesupport_cpp.dir/rosidl_typesupport_cpp/message_pkg/msg/b_bsynch__type_support.cpp.o[0m
[ 17%] [32mBuilding CXX object CMakeFiles/message_pkg__rosidl_typesupport_cpp.dir/rosidl_typesupport_cpp/message_pkg/msg/task_cost__type_support.cpp.o[0m
[ 19%] [32mBuilding CXX object CMakeFiles/message_pkg__rosidl_typesupport_cpp.dir/rosidl_typesupport_cpp/message_pkg/msg/task_msg__type_support.cpp.o[0m
[ 20%] [32mBuilding CXX object CMakeFiles/message_pkg__rosidl_typesupport_cpp.dir/rosidl_typesupport_cpp/message_pkg/msg/task_state_msg__type_support.cpp.o[0m
[ 22%] [32m[1mLinking CXX shared library libmessage_pkg__rosidl_typesupport_cpp.so[0m
[ 23%] Built target message_pkg__rosidl_typesupport_cpp
[35m[1mScanning dependencies of target message_pkg__rosidl_typesupport_fastrtps_cpp[0m
[ 25%] [32mBuilding CXX object CMakeFiles/message_pkg__rosidl_typesupport_fastrtps_cpp.dir/rosidl_typesupport_fastrtps_cpp/message_pkg/msg/detail/dds_fastrtps/b_bbackup__type_support.cpp.o[0m
[ 26%] [32mBuilding CXX object CMakeFiles/message_pkg__rosidl_typesupport_fastrtps_cpp.dir/rosidl_typesupport_fastrtps_cpp/message_pkg/msg/detail/dds_fastrtps/b_bsynch__type_support.cpp.o[0m
[ 28%] [32mBuilding CXX object CMakeFiles/message_pkg__rosidl_typesupport_fastrtps_cpp.dir/rosidl_typesupport_fastrtps_cpp/message_pkg/msg/detail/dds_fastrtps/task_cost__type_support.cpp.o[0m
[ 30%] [32mBuilding CXX object CMakeFiles/message_pkg__rosidl_typesupport_fastrtps_cpp.dir/rosidl_typesupport_fastrtps_cpp/message_pkg/msg/detail/dds_fastrtps/task_msg__type_support.cpp.o[0m
[ 31%] [32mBuilding CXX object CMakeFiles/message_pkg__rosidl_typesupport_fastrtps_cpp.dir/rosidl_typesupport_fastrtps_cpp/message_pkg/msg/detail/dds_fastrtps/task_state_msg__type_support.cpp.o[0m
[ 33%] [32m[1mLinking CXX shared library libmessage_pkg__rosidl_typesupport_fastrtps_cpp.so[0m
[ 34%] Built target message_pkg__rosidl_typesupport_fastrtps_cpp
[35m[1mScanning dependencies of target message_pkg__rosidl_typesupport_c[0m
[ 36%] [32mBuilding CXX object CMakeFiles/message_pkg__rosidl_typesupport_c.dir/rosidl_typesupport_c/message_pkg/msg/b_bbackup__type_support.cpp.o[0m
[ 38%] [32mBuilding CXX object CMakeFiles/message_pkg__rosidl_typesupport_c.dir/rosidl_typesupport_c/message_pkg/msg/b_bsynch__type_support.cpp.o[0m
[ 39%] [32mBuilding CXX object CMakeFiles/message_pkg__rosidl_typesupport_c.dir/rosidl_typesupport_c/message_pkg/msg/task_cost__type_support.cpp.o[0m
[ 41%] [32mBuilding CXX object CMakeFiles/message_pkg__rosidl_typesupport_c.dir/rosidl_typesupport_c/message_pkg/msg/task_msg__type_support.cpp.o[0m
[ 42%] [32mBuilding CXX object CMakeFiles/message_pkg__rosidl_typesupport_c.dir/rosidl_typesupport_c/message_pkg/msg/task_state_msg__type_support.cpp.o[0m
[ 44%] [32m[1mLinking CXX shared library libmessage_pkg__rosidl_typesupport_c.so[0m
[ 46%] Built target message_pkg__rosidl_typesupport_c
[35m[1mScanning dependencies of target message_pkg__rosidl_typesupport_introspection_cpp[0m
[ 47%] [32mBuilding CXX object CMakeFiles/message_pkg__rosidl_typesupport_introspection_cpp.dir/rosidl_typesupport_introspection_cpp/message_pkg/msg/detail/b_bbackup__type_support.cpp.o[0m
[ 49%] [32mBuilding CXX object CMakeFiles/message_pkg__rosidl_typesupport_introspection_cpp.dir/rosidl_typesupport_introspection_cpp/message_pkg/msg/detail/b_bsynch__type_support.cpp.o[0m
[ 50%] [32mBuilding CXX object CMakeFiles/message_pkg__rosidl_typesupport_introspection_cpp.dir/rosidl_typesupport_introspection_cpp/message_pkg/msg/detail/task_cost__type_support.cpp.o[0m
[ 52%] [32mBuilding CXX object CMakeFiles/message_pkg__rosidl_typesupport_introspection_cpp.dir/rosidl_typesupport_introspection_cpp/message_pkg/msg/detail/task_msg__type_support.cpp.o[0m
[ 53%] [32mBuilding CXX object CMakeFiles/message_pkg__rosidl_typesupport_introspection_cpp.dir/rosidl_typesupport_introspection_cpp/message_pkg/msg/detail/task_state_msg__type_support.cpp.o[0m
[ 55%] [32m[1mLinking CXX shared library libmessage_pkg__rosidl_typesupport_introspection_cpp.so[0m
[ 57%] Built target message_pkg__rosidl_typesupport_introspection_cpp
[35m[1mScanning dependencies of target message_pkg__rosidl_typesupport_introspection_c[0m
[ 58%] [32mBuilding C object CMakeFiles/message_pkg__rosidl_typesupport_introspection_c.dir/rosidl_typesupport_introspection_c/message_pkg/msg/detail/b_bbackup__type_support.c.o[0m
[ 60%] [32mBuilding C object CMakeFiles/message_pkg__rosidl_typesupport_introspection_c.dir/rosidl_typesupport_introspection_c/message_pkg/msg/detail/b_bsynch__type_support.c.o[0m
[ 61%] [32mBuilding C object CMakeFiles/message_pkg__rosidl_typesupport_introspection_c.dir/rosidl_typesupport_introspection_c/message_pkg/msg/detail/task_cost__type_support.c.o[0m
[ 63%] [32mBuilding C object CMakeFiles/message_pkg__rosidl_typesupport_introspection_c.dir/rosidl_typesupport_introspection_c/message_pkg/msg/detail/task_msg__type_support.c.o[0m
[ 65%] [32mBuilding C object CMakeFiles/message_pkg__rosidl_typesupport_introspection_c.dir/rosidl_typesupport_introspection_c/message_pkg/msg/detail/task_state_msg__type_support.c.o[0m
[ 66%] [32m[1mLinking C shared library libmessage_pkg__rosidl_typesupport_introspection_c.so[0m
[ 68%] Built target message_pkg__rosidl_typesupport_introspection_c
[35m[1mScanning dependencies of target message_pkg__rosidl_typesupport_fastrtps_c[0m
[ 69%] [32mBuilding CXX object CMakeFiles/message_pkg__rosidl_typesupport_fastrtps_c.dir/rosidl_typesupport_fastrtps_c/message_pkg/msg/detail/b_bbackup__type_support_c.cpp.o[0m
[ 71%] [32mBuilding CXX object CMakeFiles/message_pkg__rosidl_typesupport_fastrtps_c.dir/rosidl_typesupport_fastrtps_c/message_pkg/msg/detail/b_bsynch__type_support_c.cpp.o[0m
[ 73%] [32mBuilding CXX object CMakeFiles/message_pkg__rosidl_typesupport_fastrtps_c.dir/rosidl_typesupport_fastrtps_c/message_pkg/msg/detail/task_cost__type_support_c.cpp.o[0m
[ 74%] [32mBuilding CXX object CMakeFiles/message_pkg__rosidl_typesupport_fastrtps_c.dir/rosidl_typesupport_fastrtps_c/message_pkg/msg/detail/task_msg__type_support_c.cpp.o[0m
[ 76%] [32mBuilding CXX object CMakeFiles/message_pkg__rosidl_typesupport_fastrtps_c.dir/rosidl_typesupport_fastrtps_c/message_pkg/msg/detail/task_state_msg__type_support_c.cpp.o[0m
[ 77%] [32m[1mLinking CXX shared library libmessage_pkg__rosidl_typesupport_fastrtps_c.so[0m
[ 79%] Built target message_pkg__rosidl_typesupport_fastrtps_c
[ 79%] Built target message_pkg
[ 80%] Built target message_pkg__py
[35m[1mScanning dependencies of target message_pkg__python[0m
[ 82%] [32mBuilding C object CMakeFiles/message_pkg__python.dir/rosidl_generator_py/message_pkg/msg/_b_bbackup_s.c.o[0m
[ 84%] [32mBuilding C object CMakeFiles/message_pkg__python.dir/rosidl_generator_py/message_pkg/msg/_b_bsynch_s.c.o[0m
[ 85%] [32mBuilding C object CMakeFiles/message_pkg__python.dir/rosidl_generator_py/message_pkg/msg/_task_cost_s.c.o[0m
[ 87%] [32mBuilding C object CMakeFiles/message_pkg__python.dir/rosidl_generator_py/message_pkg/msg/_task_msg_s.c.o[0m
[ 88%] [32mBuilding C object CMakeFiles/message_pkg__python.dir/rosidl_generator_py/message_pkg/msg/_task_state_msg_s.c.o[0m
[ 90%] [32m[1mLinking C shared library rosidl_generator_py/message_pkg/libmessage_pkg__python.so[0m
[ 90%] Built target message_pkg__python
[35m[1mScanning dependencies of target message_pkg__rosidl_typesupport_introspection_c__pyext[0m
[ 92%] [32mBuilding C object CMakeFiles/message_pkg__rosidl_typesupport_introspection_c__pyext.dir/rosidl_generator_py/message_pkg/_message_pkg_s.ep.rosidl_typesupport_introspection_c.c.o[0m
[ 93%] [32m[1mLinking C shared library rosidl_generator_py/message_pkg/message_pkg_s__rosidl_typesupport_introspection_c.cpython-38-x86_64-linux-gnu.so[0m
[ 93%] Built target message_pkg__rosidl_typesupport_introspection_c__pyext
[35m[1mScanning dependencies of target message_pkg__rosidl_typesupport_fastrtps_c__pyext[0m
[ 95%] [32mBuilding C object CMakeFiles/message_pkg__rosidl_typesupport_fastrtps_c__pyext.dir/rosidl_generator_py/message_pkg/_message_pkg_s.ep.rosidl_typesupport_fastrtps_c.c.o[0m
[ 96%] [32m[1mLinking CXX shared library rosidl_generator_py/message_pkg/message_pkg_s__rosidl_typesupport_fastrtps_c.cpython-38-x86_64-linux-gnu.so[0m
[ 96%] Built target message_pkg__rosidl_typesupport_fastrtps_c__pyext
[35m[1mScanning dependencies of target message_pkg__rosidl_typesupport_c__pyext[0m
[ 98%] [32mBuilding C object CMakeFiles/message_pkg__rosidl_typesupport_c__pyext.dir/rosidl_generator_py/message_pkg/_message_pkg_s.ep.rosidl_typesupport_c.c.o[0m
[100%] [32m[1mLinking C shared library rosidl_generator_py/message_pkg/message_pkg_s__rosidl_typesupport_c.cpython-38-x86_64-linux-gnu.so[0m
[100%] Built target message_pkg__rosidl_typesupport_c__pyext
-- Install configuration: ""
-- Installing: /home/mpcmeulensteen/blackboard_ws/install/message_pkg/share/ament_index/resource_index/rosidl_interfaces/message_pkg
-- Up-to-date: /home/mpcmeulensteen/blackboard_ws/install/message_pkg/include/message_pkg
-- Up-to-date: /home/mpcmeulensteen/blackboard_ws/install/message_pkg/include/message_pkg/msg
-- Installing: /home/mpcmeulensteen/blackboard_ws/install/message_pkg/include/message_pkg/msg/rosidl_generator_c__visibility_control.h
-- Installing: /home/mpcmeulensteen/blackboard_ws/install/message_pkg/include/message_pkg/msg/b_bsynch.h
-- Installing: /home/mpcmeulensteen/blackboard_ws/install/message_pkg/include/message_pkg/msg/task_msg.h
-- Installing: /home/mpcmeulensteen/blackboard_ws/install/message_pkg/include/message_pkg/msg/b_bbackup.h
-- Installing: /home/mpcmeulensteen/blackboard_ws/install/message_pkg/include/message_pkg/msg/task_cost.h
-- Up-to-date: /home/mpcmeulensteen/blackboard_ws/install/message_pkg/include/message_pkg/msg/detail
-- Installing: /home/mpcmeulensteen/blackboard_ws/install/message_pkg/include/message_pkg/msg/detail/task_msg__functions.h
-- Installing: /home/mpcmeulensteen/blackboard_ws/install/message_pkg/include/message_pkg/msg/detail/task_state_msg__functions.h
-- Installing: /home/mpcmeulensteen/blackboard_ws/install/message_pkg/include/message_pkg/msg/detail/b_bsynch__functions.c
-- Installing: /home/mpcmeulensteen/blackboard_ws/install/message_pkg/include/message_pkg/msg/detail/task_msg__functions.c
-- Installing: /home/mpcmeulensteen/blackboard_ws/install/message_pkg/include/message_pkg/msg/detail/b_bsynch__functions.h
-- Installing: /home/mpcmeulensteen/blackboard_ws/install/message_pkg/include/message_pkg/msg/detail/task_msg__type_support.h
-- Installing: /home/mpcmeulensteen/blackboard_ws/install/message_pkg/include/message_pkg/msg/detail/task_cost__type_support.h
-- Installing: /home/mpcmeulensteen/blackboard_ws/install/message_pkg/include/message_pkg/msg/detail/b_bsynch__struct.h
-- Installing: /home/mpcmeulensteen/blackboard_ws/install/message_pkg/include/message_pkg/msg/detail/task_state_msg__type_support.h
-- Installing: /home/mpcmeulensteen/blackboard_ws/install/message_pkg/include/message_pkg/msg/detail/b_bbackup__functions.h
-- Installing: /home/mpcmeulensteen/blackboard_ws/install/message_pkg/include/message_pkg/msg/detail/task_cost__struct.h
-- Installing: /home/mpcmeulensteen/blackboard_ws/install/message_pkg/include/message_pkg/msg/detail/b_bsynch__type_support.h
-- Installing: /home/mpcmeulensteen/blackboard_ws/install/message_pkg/include/message_pkg/msg/detail/task_state_msg__functions.c
-- Installing: /home/mpcmeulensteen/blackboard_ws/install/message_pkg/include/message_pkg/msg/detail/task_msg__struct.h
-- Installing: /home/mpcmeulensteen/blackboard_ws/install/message_pkg/include/message_pkg/msg/detail/b_bbackup__type_support.h
-- Installing: /home/mpcmeulensteen/blackboard_ws/install/message_pkg/include/message_pkg/msg/detail/task_state_msg__struct.h
-- Installing: /home/mpcmeulensteen/blackboard_ws/install/message_pkg/include/message_pkg/msg/detail/b_bbackup__functions.c
-- Installing: /home/mpcmeulensteen/blackboard_ws/install/message_pkg/include/message_pkg/msg/detail/task_cost__functions.h
-- Installing: /home/mpcmeulensteen/blackboard_ws/install/message_pkg/include/message_pkg/msg/detail/b_bbackup__struct.h
-- Installing: /home/mpcmeulensteen/blackboard_ws/install/message_pkg/include/message_pkg/msg/detail/task_cost__functions.c
-- Installing: /home/mpcmeulensteen/blackboard_ws/install/message_pkg/include/message_pkg/msg/task_state_msg.h
-- Installing: /home/mpcmeulensteen/blackboard_ws/install/message_pkg/share/message_pkg/environment/library_path.sh
-- Installing: /home/mpcmeulensteen/blackboard_ws/install/message_pkg/share/message_pkg/environment/library_path.dsv
-- Installing: /home/mpcmeulensteen/blackboard_ws/install/message_pkg/lib/libmessage_pkg__rosidl_generator_c.so
-- Set runtime path of "/home/mpcmeulensteen/blackboard_ws/install/message_pkg/lib/libmessage_pkg__rosidl_generator_c.so" to ""
-- Up-to-date: /home/mpcmeulensteen/blackboard_ws/install/message_pkg/include/message_pkg
-- Up-to-date: /home/mpcmeulensteen/blackboard_ws/install/message_pkg/include/message_pkg/msg
-- Up-to-date: /home/mpcmeulensteen/blackboard_ws/install/message_pkg/include/message_pkg/msg/detail
-- Installing: /home/mpcmeulensteen/blackboard_ws/install/message_pkg/include/message_pkg/msg/detail/b_bbackup__rosidl_typesupport_fastrtps_c.h
-- Installing: /home/mpcmeulensteen/blackboard_ws/install/message_pkg/include/message_pkg/msg/detail/task_cost__rosidl_typesupport_fastrtps_c.h
-- Installing: /home/mpcmeulensteen/blackboard_ws/install/message_pkg/include/message_pkg/msg/detail/b_bsynch__rosidl_typesupport_fastrtps_c.h
-- Installing: /home/mpcmeulensteen/blackboard_ws/install/message_pkg/include/message_pkg/msg/detail/task_msg__rosidl_typesupport_fastrtps_c.h
-- Installing: /home/mpcmeulensteen/blackboard_ws/install/message_pkg/include/message_pkg/msg/detail/task_state_msg__rosidl_typesupport_fastrtps_c.h
-- Installing: /home/mpcmeulensteen/blackboard_ws/install/message_pkg/include/message_pkg/msg/rosidl_typesupport_fastrtps_c__visibility_control.h
-- Installing: /home/mpcmeulensteen/blackboard_ws/install/message_pkg/lib/libmessage_pkg__rosidl_typesupport_fastrtps_c.so
-- Set runtime path of "/home/mpcmeulensteen/blackboard_ws/install/message_pkg/lib/libmessage_pkg__rosidl_typesupport_fastrtps_c.so" to ""
-- Up-to-date: /home/mpcmeulensteen/blackboard_ws/install/message_pkg/include/message_pkg
-- Up-to-date: /home/mpcmeulensteen/blackboard_ws/install/message_pkg/include/message_pkg/msg
-- Up-to-date: /home/mpcmeulensteen/blackboard_ws/install/message_pkg/include/message_pkg/msg/detail
-- Installing: /home/mpcmeulensteen/blackboard_ws/install/message_pkg/include/message_pkg/msg/detail/task_cost__rosidl_typesupport_fastrtps_cpp.hpp
-- Installing: /home/mpcmeulensteen/blackboard_ws/install/message_pkg/include/message_pkg/msg/detail/task_msg__rosidl_typesupport_fastrtps_cpp.hpp
-- Installing: /home/mpcmeulensteen/blackboard_ws/install/message_pkg/include/message_pkg/msg/detail/b_bbackup__rosidl_typesupport_fastrtps_cpp.hpp
-- Installing: /home/mpcmeulensteen/blackboard_ws/install/message_pkg/include/message_pkg/msg/detail/dds_fastrtps
-- Installing: /home/mpcmeulensteen/blackboard_ws/install/message_pkg/include/message_pkg/msg/detail/b_bsynch__rosidl_typesupport_fastrtps_cpp.hpp
-- Installing: /home/mpcmeulensteen/blackboard_ws/install/message_pkg/include/message_pkg/msg/detail/task_state_msg__rosidl_typesupport_fastrtps_cpp.hpp
-- Installing: /home/mpcmeulensteen/blackboard_ws/install/message_pkg/include/message_pkg/msg/rosidl_typesupport_fastrtps_cpp__visibility_control.h
-- Installing: /home/mpcmeulensteen/blackboard_ws/install/message_pkg/lib/libmessage_pkg__rosidl_typesupport_fastrtps_cpp.so
-- Set runtime path of "/home/mpcmeulensteen/blackboard_ws/install/message_pkg/lib/libmessage_pkg__rosidl_typesupport_fastrtps_cpp.so" to ""
-- Up-to-date: /home/mpcmeulensteen/blackboard_ws/install/message_pkg/include/message_pkg
-- Up-to-date: /home/mpcmeulensteen/blackboard_ws/install/message_pkg/include/message_pkg/msg
-- Installing: /home/mpcmeulensteen/blackboard_ws/install/message_pkg/include/message_pkg/msg/rosidl_typesupport_introspection_c__visibility_control.h
-- Up-to-date: /home/mpcmeulensteen/blackboard_ws/install/message_pkg/include/message_pkg/msg/detail
-- Installing: /home/mpcmeulensteen/blackboard_ws/install/message_pkg/include/message_pkg/msg/detail/task_cost__rosidl_typesupport_introspection_c.h
-- Installing: /home/mpcmeulensteen/blackboard_ws/install/message_pkg/include/message_pkg/msg/detail/b_bbackup__rosidl_typesupport_introspection_c.h
-- Installing: /home/mpcmeulensteen/blackboard_ws/install/message_pkg/include/message_pkg/msg/detail/b_bsynch__rosidl_typesupport_introspection_c.h
-- Installing: /home/mpcmeulensteen/blackboard_ws/install/message_pkg/include/message_pkg/msg/detail/task_msg__type_support.c
-- Installing: /home/mpcmeulensteen/blackboard_ws/install/message_pkg/include/message_pkg/msg/detail/task_cost__type_support.c
-- Installing: /home/mpcmeulensteen/blackboard_ws/install/message_pkg/include/message_pkg/msg/detail/task_state_msg__rosidl_typesupport_introspection_c.h
-- Installing: /home/mpcmeulensteen/blackboard_ws/install/message_pkg/include/message_pkg/msg/detail/b_bsynch__type_support.c
-- Installing: /home/mpcmeulensteen/blackboard_ws/install/message_pkg/include/message_pkg/msg/detail/b_bbackup__type_support.c
-- Installing: /home/mpcmeulensteen/blackboard_ws/install/message_pkg/include/message_pkg/msg/detail/task_state_msg__type_support.c
-- Installing: /home/mpcmeulensteen/blackboard_ws/install/message_pkg/include/message_pkg/msg/detail/task_msg__rosidl_typesupport_introspection_c.h
-- Installing: /home/mpcmeulensteen/blackboard_ws/install/message_pkg/lib/libmessage_pkg__rosidl_typesupport_introspection_c.so
-- Set runtime path of "/home/mpcmeulensteen/blackboard_ws/install/message_pkg/lib/libmessage_pkg__rosidl_typesupport_introspection_c.so" to ""
-- Installing: /home/mpcmeulensteen/blackboard_ws/install/message_pkg/lib/libmessage_pkg__rosidl_typesupport_c.so
-- Set runtime path of "/home/mpcmeulensteen/blackboard_ws/install/message_pkg/lib/libmessage_pkg__rosidl_typesupport_c.so" to ""
-- Up-to-date: /home/mpcmeulensteen/blackboard_ws/install/message_pkg/include/message_pkg
-- Up-to-date: /home/mpcmeulensteen/blackboard_ws/install/message_pkg/include/message_pkg/msg
-- Installing: /home/mpcmeulensteen/blackboard_ws/install/message_pkg/include/message_pkg/msg/task_cost.hpp
-- Installing: /home/mpcmeulensteen/blackboard_ws/install/message_pkg/include/message_pkg/msg/b_bsynch.hpp
-- Up-to-date: /home/mpcmeulensteen/blackboard_ws/install/message_pkg/include/message_pkg/msg/detail
-- Installing: /home/mpcmeulensteen/blackboard_ws/install/message_pkg/include/message_pkg/msg/detail/b_bsynch__builder.hpp
-- Installing: /home/mpcmeulensteen/blackboard_ws/install/message_pkg/include/message_pkg/msg/detail/task_msg__traits.hpp
-- Installing: /home/mpcmeulensteen/blackboard_ws/install/message_pkg/include/message_pkg/msg/detail/b_bbackup__builder.hpp
-- Installing: /home/mpcmeulensteen/blackboard_ws/install/message_pkg/include/message_pkg/msg/detail/task_msg__builder.hpp
-- Installing: /home/mpcmeulensteen/blackboard_ws/install/message_pkg/include/message_pkg/msg/detail/task_cost__struct.hpp
-- Installing: /home/mpcmeulensteen/blackboard_ws/install/message_pkg/include/message_pkg/msg/detail/b_bsynch__traits.hpp
-- Installing: /home/mpcmeulensteen/blackboard_ws/install/message_pkg/include/message_pkg/msg/detail/task_state_msg__traits.hpp
-- Installing: /home/mpcmeulensteen/blackboard_ws/install/message_pkg/include/message_pkg/msg/detail/task_cost__builder.hpp
-- Installing: /home/mpcmeulensteen/blackboard_ws/install/message_pkg/include/message_pkg/msg/detail/b_bsynch__struct.hpp
-- Installing: /home/mpcmeulensteen/blackboard_ws/install/message_pkg/include/message_pkg/msg/detail/task_msg__struct.hpp
-- Installing: /home/mpcmeulensteen/blackboard_ws/install/message_pkg/include/message_pkg/msg/detail/b_bbackup__struct.hpp
-- Installing: /home/mpcmeulensteen/blackboard_ws/install/message_pkg/include/message_pkg/msg/detail/task_state_msg__struct.hpp
-- Installing: /home/mpcmeulensteen/blackboard_ws/install/message_pkg/include/message_pkg/msg/detail/task_cost__traits.hpp
-- Installing: /home/mpcmeulensteen/blackboard_ws/install/message_pkg/include/message_pkg/msg/detail/task_state_msg__builder.hpp
-- Installing: /home/mpcmeulensteen/blackboard_ws/install/message_pkg/include/message_pkg/msg/detail/b_bbackup__traits.hpp
-- Installing: /home/mpcmeulensteen/blackboard_ws/install/message_pkg/include/message_pkg/msg/task_state_msg.hpp
-- Installing: /home/mpcmeulensteen/blackboard_ws/install/message_pkg/include/message_pkg/msg/b_bbackup.hpp
-- Installing: /home/mpcmeulensteen/blackboard_ws/install/message_pkg/include/message_pkg/msg/task_msg.hpp
-- Up-to-date: /home/mpcmeulensteen/blackboard_ws/install/message_pkg/include/message_pkg
-- Up-to-date: /home/mpcmeulensteen/blackboard_ws/install/message_pkg/include/message_pkg/msg
-- Up-to-date: /home/mpcmeulensteen/blackboard_ws/install/message_pkg/include/message_pkg/msg/detail
-- Installing: /home/mpcmeulensteen/blackboard_ws/install/message_pkg/include/message_pkg/msg/detail/task_state_msg__rosidl_typesupport_introspection_cpp.hpp
-- Installing: /home/mpcmeulensteen/blackboard_ws/install/message_pkg/include/message_pkg/msg/detail/b_bsynch__type_support.cpp
-- Installing: /home/mpcmeulensteen/blackboard_ws/install/message_pkg/include/message_pkg/msg/detail/b_bsynch__rosidl_typesupport_introspection_cpp.hpp
-- Installing: /home/mpcmeulensteen/blackboard_ws/install/message_pkg/include/message_pkg/msg/detail/task_state_msg__type_support.cpp
-- Installing: /home/mpcmeulensteen/blackboard_ws/install/message_pkg/include/message_pkg/msg/detail/b_bbackup__type_support.cpp
-- Installing: /home/mpcmeulensteen/blackboard_ws/install/message_pkg/include/message_pkg/msg/detail/task_msg__rosidl_typesupport_introspection_cpp.hpp
-- Installing: /home/mpcmeulensteen/blackboard_ws/install/message_pkg/include/message_pkg/msg/detail/task_msg__type_support.cpp
-- Installing: /home/mpcmeulensteen/blackboard_ws/install/message_pkg/include/message_pkg/msg/detail/task_cost__rosidl_typesupport_introspection_cpp.hpp
-- Installing: /home/mpcmeulensteen/blackboard_ws/install/message_pkg/include/message_pkg/msg/detail/task_cost__type_support.cpp
-- Installing: /home/mpcmeulensteen/blackboard_ws/install/message_pkg/include/message_pkg/msg/detail/b_bbackup__rosidl_typesupport_introspection_cpp.hpp
-- Installing: /home/mpcmeulensteen/blackboard_ws/install/message_pkg/lib/libmessage_pkg__rosidl_typesupport_introspection_cpp.so
-- Set runtime path of "/home/mpcmeulensteen/blackboard_ws/install/message_pkg/lib/libmessage_pkg__rosidl_typesupport_introspection_cpp.so" to ""
-- Installing: /home/mpcmeulensteen/blackboard_ws/install/message_pkg/lib/libmessage_pkg__rosidl_typesupport_cpp.so
-- Set runtime path of "/home/mpcmeulensteen/blackboard_ws/install/message_pkg/lib/libmessage_pkg__rosidl_typesupport_cpp.so" to ""
-- Installing: /home/mpcmeulensteen/blackboard_ws/install/message_pkg/share/message_pkg/environment/pythonpath.sh
-- Installing: /home/mpcmeulensteen/blackboard_ws/install/message_pkg/share/message_pkg/environment/pythonpath.dsv
-- Installing: /home/mpcmeulensteen/blackboard_ws/install/message_pkg/lib/python3.8/site-packages/message_pkg/__init__.py
Compiling '/home/mpcmeulensteen/blackboard_ws/install/message_pkg/lib/python3.8/site-packages/message_pkg/__init__.py'...
-- Up-to-date: /home/mpcmeulensteen/blackboard_ws/install/message_pkg/lib/python3.8/site-packages/message_pkg/msg
-- Installing: /home/mpcmeulensteen/blackboard_ws/install/message_pkg/lib/python3.8/site-packages/message_pkg/msg/_b_bbackup.py
-- Installing: /home/mpcmeulensteen/blackboard_ws/install/message_pkg/lib/python3.8/site-packages/message_pkg/msg/_task_cost.py
-- Installing: /home/mpcmeulensteen/blackboard_ws/install/message_pkg/lib/python3.8/site-packages/message_pkg/msg/_task_state_msg.py
-- Installing: /home/mpcmeulensteen/blackboard_ws/install/message_pkg/lib/python3.8/site-packages/message_pkg/msg/_b_bsynch.py
-- Installing: /home/mpcmeulensteen/blackboard_ws/install/message_pkg/lib/python3.8/site-packages/message_pkg/msg/_task_cost_s.c
-- Installing: /home/mpcmeulensteen/blackboard_ws/install/message_pkg/lib/python3.8/site-packages/message_pkg/msg/_task_msg_s.c
-- Installing: /home/mpcmeulensteen/blackboard_ws/install/message_pkg/lib/python3.8/site-packages/message_pkg/msg/__init__.py
-- Installing: /home/mpcmeulensteen/blackboard_ws/install/message_pkg/lib/python3.8/site-packages/message_pkg/msg/_b_bbackup_s.c
-- Installing: /home/mpcmeulensteen/blackboard_ws/install/message_pkg/lib/python3.8/site-packages/message_pkg/msg/_b_bsynch_s.c
-- Installing: /home/mpcmeulensteen/blackboard_ws/install/message_pkg/lib/python3.8/site-packages/message_pkg/msg/_task_state_msg_s.c
-- Installing: /home/mpcmeulensteen/blackboard_ws/install/message_pkg/lib/python3.8/site-packages/message_pkg/msg/_task_msg.py
-- Installing: /home/mpcmeulensteen/blackboard_ws/install/message_pkg/lib/python3.8/site-packages/message_pkg/message_pkg_s__rosidl_typesupport_fastrtps_c.cpython-38-x86_64-linux-gnu.so
-- Set runtime path of "/home/mpcmeulensteen/blackboard_ws/install/message_pkg/lib/python3.8/site-packages/message_pkg/message_pkg_s__rosidl_typesupport_fastrtps_c.cpython-38-x86_64-linux-gnu.so" to ""
-- Installing: /home/mpcmeulensteen/blackboard_ws/install/message_pkg/lib/python3.8/site-packages/message_pkg/message_pkg_s__rosidl_typesupport_introspection_c.cpython-38-x86_64-linux-gnu.so
-- Set runtime path of "/home/mpcmeulensteen/blackboard_ws/install/message_pkg/lib/python3.8/site-packages/message_pkg/message_pkg_s__rosidl_typesupport_introspection_c.cpython-38-x86_64-linux-gnu.so" to ""
-- Installing: /home/mpcmeulensteen/blackboard_ws/install/message_pkg/lib/python3.8/site-packages/message_pkg/message_pkg_s__rosidl_typesupport_c.cpython-38-x86_64-linux-gnu.so
-- Set runtime path of "/home/mpcmeulensteen/blackboard_ws/install/message_pkg/lib/python3.8/site-packages/message_pkg/message_pkg_s__rosidl_typesupport_c.cpython-38-x86_64-linux-gnu.so" to ""
-- Installing: /home/mpcmeulensteen/blackboard_ws/install/message_pkg/lib/libmessage_pkg__python.so
-- Set runtime path of "/home/mpcmeulensteen/blackboard_ws/install/message_pkg/lib/libmessage_pkg__python.so" to ""
-- Installing: /home/mpcmeulensteen/blackboard_ws/install/message_pkg/share/message_pkg/msg/BBbackup.idl
-- Installing: /home/mpcmeulensteen/blackboard_ws/install/message_pkg/share/message_pkg/msg/BBsynch.idl
-- Installing: /home/mpcmeulensteen/blackboard_ws/install/message_pkg/share/message_pkg/msg/TaskCost.idl
-- Installing: /home/mpcmeulensteen/blackboard_ws/install/message_pkg/share/message_pkg/msg/TaskMsg.idl
-- Installing: /home/mpcmeulensteen/blackboard_ws/install/message_pkg/share/message_pkg/msg/TaskStateMsg.idl
-- Installing: /home/mpcmeulensteen/blackboard_ws/install/message_pkg/share/message_pkg/msg/BBbackup.msg
-- Installing: /home/mpcmeulensteen/blackboard_ws/install/message_pkg/share/message_pkg/msg/BBsynch.msg
-- Installing: /home/mpcmeulensteen/blackboard_ws/install/message_pkg/share/message_pkg/msg/TaskCost.msg
-- Installing: /home/mpcmeulensteen/blackboard_ws/install/message_pkg/share/message_pkg/msg/TaskMsg.msg
-- Installing: /home/mpcmeulensteen/blackboard_ws/install/message_pkg/share/message_pkg/msg/TaskStateMsg.msg
-- Installing: /home/mpcmeulensteen/blackboard_ws/install/message_pkg/share/ament_index/resource_index/package_run_dependencies/message_pkg
-- Installing: /home/mpcmeulensteen/blackboard_ws/install/message_pkg/share/ament_index/resource_index/parent_prefix_path/message_pkg
-- Installing: /home/mpcmeulensteen/blackboard_ws/install/message_pkg/share/message_pkg/environment/ament_prefix_path.sh
-- Installing: /home/mpcmeulensteen/blackboard_ws/install/message_pkg/share/message_pkg/environment/ament_prefix_path.dsv
-- Installing: /home/mpcmeulensteen/blackboard_ws/install/message_pkg/share/message_pkg/environment/path.sh
-- Installing: /home/mpcmeulensteen/blackboard_ws/install/message_pkg/share/message_pkg/environment/path.dsv
-- Installing: /home/mpcmeulensteen/blackboard_ws/install/message_pkg/share/message_pkg/local_setup.bash
-- Installing: /home/mpcmeulensteen/blackboard_ws/install/message_pkg/share/message_pkg/local_setup.sh
-- Installing: /home/mpcmeulensteen/blackboard_ws/install/message_pkg/share/message_pkg/local_setup.zsh
-- Installing: /home/mpcmeulensteen/blackboard_ws/install/message_pkg/share/message_pkg/local_setup.dsv
-- Installing: /home/mpcmeulensteen/blackboard_ws/install/message_pkg/share/message_pkg/package.dsv
-- Installing: /home/mpcmeulensteen/blackboard_ws/install/message_pkg/share/ament_index/resource_index/packages/message_pkg
-- Installing: /home/mpcmeulensteen/blackboard_ws/install/message_pkg/share/message_pkg/cmake/message_pkg__rosidl_generator_cExport.cmake
-- Installing: /home/mpcmeulensteen/blackboard_ws/install/message_pkg/share/message_pkg/cmake/message_pkg__rosidl_generator_cExport-noconfig.cmake
-- Installing: /home/mpcmeulensteen/blackboard_ws/install/message_pkg/share/message_pkg/cmake/message_pkg__rosidl_typesupport_introspection_cExport.cmake
-- Installing: /home/mpcmeulensteen/blackboard_ws/install/message_pkg/share/message_pkg/cmake/message_pkg__rosidl_typesupport_introspection_cExport-noconfig.cmake
-- Installing: /home/mpcmeulensteen/blackboard_ws/install/message_pkg/share/message_pkg/cmake/message_pkg__rosidl_typesupport_cExport.cmake
-- Installing: /home/mpcmeulensteen/blackboard_ws/install/message_pkg/share/message_pkg/cmake/message_pkg__rosidl_typesupport_cExport-noconfig.cmake
-- Installing: /home/mpcmeulensteen/blackboard_ws/install/message_pkg/share/message_pkg/cmake/message_pkg__rosidl_generator_cppExport.cmake
-- Installing: /home/mpcmeulensteen/blackboard_ws/install/message_pkg/share/message_pkg/cmake/message_pkg__rosidl_typesupport_introspection_cppExport.cmake
-- Installing: /home/mpcmeulensteen/blackboard_ws/install/message_pkg/share/message_pkg/cmake/message_pkg__rosidl_typesupport_introspection_cppExport-noconfig.cmake
-- Installing: /home/mpcmeulensteen/blackboard_ws/install/message_pkg/share/message_pkg/cmake/message_pkg__rosidl_typesupport_cppExport.cmake
-- Installing: /home/mpcmeulensteen/blackboard_ws/install/message_pkg/share/message_pkg/cmake/message_pkg__rosidl_typesupport_cppExport-noconfig.cmake
-- Installing: /home/mpcmeulensteen/blackboard_ws/install/message_pkg/share/message_pkg/cmake/rosidl_cmake-extras.cmake
-- Installing: /home/mpcmeulensteen/blackboard_ws/install/message_pkg/share/message_pkg/cmake/ament_cmake_export_dependencies-extras.cmake
-- Installing: /home/mpcmeulensteen/blackboard_ws/install/message_pkg/share/message_pkg/cmake/ament_cmake_export_libraries-extras.cmake
-- Installing: /home/mpcmeulensteen/blackboard_ws/install/message_pkg/share/message_pkg/cmake/ament_cmake_export_targets-extras.cmake
-- Installing: /home/mpcmeulensteen/blackboard_ws/install/message_pkg/share/message_pkg/cmake/ament_cmake_export_include_directories-extras.cmake
-- Installing: /home/mpcmeulensteen/blackboard_ws/install/message_pkg/share/message_pkg/cmake/rosidl_cmake_export_typesupport_libraries-extras.cmake
-- Installing: /home/mpcmeulensteen/blackboard_ws/install/message_pkg/share/message_pkg/cmake/rosidl_cmake_export_typesupport_targets-extras.cmake
-- Installing: /home/mpcmeulensteen/blackboard_ws/install/message_pkg/share/message_pkg/cmake/message_pkgConfig.cmake
-- Installing: /home/mpcmeulensteen/blackboard_ws/install/message_pkg/share/message_pkg/cmake/message_pkgConfig-version.cmake
-- Installing: /home/mpcmeulensteen/blackboard_ws/install/message_pkg/share/message_pkg/package.xml
