[0.013s] Invoking command in '/home/mpcmeulensteen/blackboard_ws/build/message_pkg': CMAKE_PREFIX_PATH=/opt/ros/foxy /usr/bin/cmake --build /home/mpcmeulensteen/blackboard_ws/build/message_pkg -- -j2 -l2
[0.052s] -- Found ament_cmake: 0.9.9 (/opt/ros/foxy/share/ament_cmake/cmake)
[0.076s] -- Found PythonInterp: /usr/bin/python3 (found suitable version "3.8.10", minimum required is "3") 
[0.076s] -- Using PYTHON_EXECUTABLE: /usr/bin/python3
[0.247s] -- Found geometry_msgs: 2.0.4 (/opt/ros/foxy/share/geometry_msgs/cmake)
[0.266s] -- Using all available rosidl_typesupport_c: rosidl_typesupport_fastrtps_c;rosidl_typesupport_introspection_c
[0.269s] -- Found rosidl_adapter: 1.2.1 (/opt/ros/foxy/share/rosidl_adapter/cmake)
[0.380s] -- Using all available rosidl_typesupport_cpp: rosidl_typesupport_fastrtps_cpp;rosidl_typesupport_introspection_cpp
[0.463s] -- Found rosidl_default_generators: 1.0.1 (/opt/ros/foxy/share/rosidl_default_generators/cmake)
[0.493s] -- Found PythonInterp: /usr/bin/python3 (found version "3.8.10") 
[0.710s] -- Found ament_cmake_ros: 0.9.2 (/opt/ros/foxy/share/ament_cmake_ros/cmake)
[0.933s] -- Using all available rosidl_typesupport_c: rosidl_typesupport_fastrtps_c;rosidl_typesupport_introspection_c
[1.046s] -- Using all available rosidl_typesupport_cpp: rosidl_typesupport_fastrtps_cpp;rosidl_typesupport_introspection_cpp
[1.103s] -- Found PythonInterp: /usr/bin/python3 (found suitable version "3.8.10", minimum required is "3.5") 
[1.104s] -- Found python_cmake_module: 0.8.1 (/opt/ros/foxy/share/python_cmake_module/cmake)
[1.158s] -- Using PYTHON_EXECUTABLE: /usr/bin/python3
[1.159s] -- Using PYTHON_INCLUDE_DIRS: /usr/include/python3.8
[1.159s] -- Using PYTHON_LIBRARIES: /usr/lib/x86_64-linux-gnu/libpython3.8.so
[1.254s] -- Found ament_lint_auto: 0.9.6 (/opt/ros/foxy/share/ament_lint_auto/cmake)
[1.279s] -- Added test 'copyright' to check source files copyright and LICENSE
[1.283s] -- Added test 'lint_cmake' to check CMake code style
[1.285s] -- Added test 'xmllint' to check XML markup files
[1.293s] -- Configuring done
[1.410s] -- Generating done
[1.420s] -- Build files have been written to: /home/mpcmeulensteen/blackboard_ws/build/message_pkg
[1.514s] [  1%] Built target message_pkg__cpp
[1.537s] [35m[1mScanning dependencies of target message_pkg__rosidl_generator_c[0m
[1.562s] [  3%] [32mBuilding C object CMakeFiles/message_pkg__rosidl_generator_c.dir/rosidl_generator_c/message_pkg/msg/detail/b_bbackup__functions.c.o[0m
[1.615s] [  4%] [32mBuilding C object CMakeFiles/message_pkg__rosidl_generator_c.dir/rosidl_generator_c/message_pkg/msg/detail/b_bsynch__functions.c.o[0m
[1.659s] [  6%] [32mBuilding C object CMakeFiles/message_pkg__rosidl_generator_c.dir/rosidl_generator_c/message_pkg/msg/detail/task_cost__functions.c.o[0m
[1.708s] [  7%] [32mBuilding C object CMakeFiles/message_pkg__rosidl_generator_c.dir/rosidl_generator_c/message_pkg/msg/detail/task_msg__functions.c.o[0m
[1.762s] [  9%] [32mBuilding C object CMakeFiles/message_pkg__rosidl_generator_c.dir/rosidl_generator_c/message_pkg/msg/detail/task_state_msg__functions.c.o[0m
[1.833s] [ 11%] [32m[1mLinking C shared library libmessage_pkg__rosidl_generator_c.so[0m
[1.900s] [ 12%] Built target message_pkg__rosidl_generator_c
[1.916s] [35m[1mScanning dependencies of target message_pkg__rosidl_typesupport_cpp[0m
[1.938s] [ 14%] [32mBuilding CXX object CMakeFiles/message_pkg__rosidl_typesupport_cpp.dir/rosidl_typesupport_cpp/message_pkg/msg/b_bbackup__type_support.cpp.o[0m
[2.282s] [ 15%] [32mBuilding CXX object CMakeFiles/message_pkg__rosidl_typesupport_cpp.dir/rosidl_typesupport_cpp/message_pkg/msg/b_bsynch__type_support.cpp.o[0m
[2.861s] [ 17%] [32mBuilding CXX object CMakeFiles/message_pkg__rosidl_typesupport_cpp.dir/rosidl_typesupport_cpp/message_pkg/msg/task_cost__type_support.cpp.o[0m
[3.372s] [ 19%] [32mBuilding CXX object CMakeFiles/message_pkg__rosidl_typesupport_cpp.dir/rosidl_typesupport_cpp/message_pkg/msg/task_msg__type_support.cpp.o[0m
[3.911s] [ 20%] [32mBuilding CXX object CMakeFiles/message_pkg__rosidl_typesupport_cpp.dir/rosidl_typesupport_cpp/message_pkg/msg/task_state_msg__type_support.cpp.o[0m
[4.359s] [ 22%] [32m[1mLinking CXX shared library libmessage_pkg__rosidl_typesupport_cpp.so[0m
[4.450s] [ 23%] Built target message_pkg__rosidl_typesupport_cpp
[4.479s] [35m[1mScanning dependencies of target message_pkg__rosidl_typesupport_fastrtps_cpp[0m
[4.519s] [ 25%] [32mBuilding CXX object CMakeFiles/message_pkg__rosidl_typesupport_fastrtps_cpp.dir/rosidl_typesupport_fastrtps_cpp/message_pkg/msg/detail/dds_fastrtps/b_bbackup__type_support.cpp.o[0m
[5.210s] [ 26%] [32mBuilding CXX object CMakeFiles/message_pkg__rosidl_typesupport_fastrtps_cpp.dir/rosidl_typesupport_fastrtps_cpp/message_pkg/msg/detail/dds_fastrtps/b_bsynch__type_support.cpp.o[0m
[5.991s] [ 28%] [32mBuilding CXX object CMakeFiles/message_pkg__rosidl_typesupport_fastrtps_cpp.dir/rosidl_typesupport_fastrtps_cpp/message_pkg/msg/detail/dds_fastrtps/task_cost__type_support.cpp.o[0m
[6.679s] [ 30%] [32mBuilding CXX object CMakeFiles/message_pkg__rosidl_typesupport_fastrtps_cpp.dir/rosidl_typesupport_fastrtps_cpp/message_pkg/msg/detail/dds_fastrtps/task_msg__type_support.cpp.o[0m
[7.428s] [ 31%] [32mBuilding CXX object CMakeFiles/message_pkg__rosidl_typesupport_fastrtps_cpp.dir/rosidl_typesupport_fastrtps_cpp/message_pkg/msg/detail/dds_fastrtps/task_state_msg__type_support.cpp.o[0m
[8.153s] [ 33%] [32m[1mLinking CXX shared library libmessage_pkg__rosidl_typesupport_fastrtps_cpp.so[0m
[8.378s] [ 34%] Built target message_pkg__rosidl_typesupport_fastrtps_cpp
[8.406s] [35m[1mScanning dependencies of target message_pkg__rosidl_typesupport_c[0m
[8.441s] [ 36%] [32mBuilding CXX object CMakeFiles/message_pkg__rosidl_typesupport_c.dir/rosidl_typesupport_c/message_pkg/msg/b_bbackup__type_support.cpp.o[0m
[8.495s] [ 38%] [32mBuilding CXX object CMakeFiles/message_pkg__rosidl_typesupport_c.dir/rosidl_typesupport_c/message_pkg/msg/b_bsynch__type_support.cpp.o[0m
[8.569s] [ 39%] [32mBuilding CXX object CMakeFiles/message_pkg__rosidl_typesupport_c.dir/rosidl_typesupport_c/message_pkg/msg/task_cost__type_support.cpp.o[0m
[8.632s] [ 41%] [32mBuilding CXX object CMakeFiles/message_pkg__rosidl_typesupport_c.dir/rosidl_typesupport_c/message_pkg/msg/task_msg__type_support.cpp.o[0m
[8.686s] [ 42%] [32mBuilding CXX object CMakeFiles/message_pkg__rosidl_typesupport_c.dir/rosidl_typesupport_c/message_pkg/msg/task_state_msg__type_support.cpp.o[0m
[8.745s] [ 44%] [32m[1mLinking CXX shared library libmessage_pkg__rosidl_typesupport_c.so[0m
[8.823s] [ 46%] Built target message_pkg__rosidl_typesupport_c
[8.853s] [35m[1mScanning dependencies of target message_pkg__rosidl_typesupport_introspection_cpp[0m
[8.891s] [ 47%] [32mBuilding CXX object CMakeFiles/message_pkg__rosidl_typesupport_introspection_cpp.dir/rosidl_typesupport_introspection_cpp/message_pkg/msg/detail/b_bbackup__type_support.cpp.o[0m
[9.328s] [ 49%] [32mBuilding CXX object CMakeFiles/message_pkg__rosidl_typesupport_introspection_cpp.dir/rosidl_typesupport_introspection_cpp/message_pkg/msg/detail/b_bsynch__type_support.cpp.o[0m
[9.858s] [ 50%] [32mBuilding CXX object CMakeFiles/message_pkg__rosidl_typesupport_introspection_cpp.dir/rosidl_typesupport_introspection_cpp/message_pkg/msg/detail/task_cost__type_support.cpp.o[0m
[10.299s] [ 52%] [32mBuilding CXX object CMakeFiles/message_pkg__rosidl_typesupport_introspection_cpp.dir/rosidl_typesupport_introspection_cpp/message_pkg/msg/detail/task_msg__type_support.cpp.o[0m
[10.877s] [ 53%] [32mBuilding CXX object CMakeFiles/message_pkg__rosidl_typesupport_introspection_cpp.dir/rosidl_typesupport_introspection_cpp/message_pkg/msg/detail/task_state_msg__type_support.cpp.o[0m
[11.320s] [ 55%] [32m[1mLinking CXX shared library libmessage_pkg__rosidl_typesupport_introspection_cpp.so[0m
[11.535s] [ 57%] Built target message_pkg__rosidl_typesupport_introspection_cpp
[11.565s] [35m[1mScanning dependencies of target message_pkg__rosidl_typesupport_introspection_c[0m
[11.595s] [ 58%] [32mBuilding C object CMakeFiles/message_pkg__rosidl_typesupport_introspection_c.dir/rosidl_typesupport_introspection_c/message_pkg/msg/detail/b_bbackup__type_support.c.o[0m
[11.659s] [ 60%] [32mBuilding C object CMakeFiles/message_pkg__rosidl_typesupport_introspection_c.dir/rosidl_typesupport_introspection_c/message_pkg/msg/detail/b_bsynch__type_support.c.o[0m
[11.723s] [ 61%] [32mBuilding C object CMakeFiles/message_pkg__rosidl_typesupport_introspection_c.dir/rosidl_typesupport_introspection_c/message_pkg/msg/detail/task_cost__type_support.c.o[0m
[11.790s] [ 63%] [32mBuilding C object CMakeFiles/message_pkg__rosidl_typesupport_introspection_c.dir/rosidl_typesupport_introspection_c/message_pkg/msg/detail/task_msg__type_support.c.o[0m
[11.855s] [ 65%] [32mBuilding C object CMakeFiles/message_pkg__rosidl_typesupport_introspection_c.dir/rosidl_typesupport_introspection_c/message_pkg/msg/detail/task_state_msg__type_support.c.o[0m
[11.941s] [ 66%] [32m[1mLinking C shared library libmessage_pkg__rosidl_typesupport_introspection_c.so[0m
[12.013s] [ 68%] Built target message_pkg__rosidl_typesupport_introspection_c
[12.042s] [35m[1mScanning dependencies of target message_pkg__rosidl_typesupport_fastrtps_c[0m
[12.087s] [ 69%] [32mBuilding CXX object CMakeFiles/message_pkg__rosidl_typesupport_fastrtps_c.dir/rosidl_typesupport_fastrtps_c/message_pkg/msg/detail/b_bbackup__type_support_c.cpp.o[0m
[12.690s] [ 71%] [32mBuilding CXX object CMakeFiles/message_pkg__rosidl_typesupport_fastrtps_c.dir/rosidl_typesupport_fastrtps_c/message_pkg/msg/detail/b_bsynch__type_support_c.cpp.o[0m
[13.338s] [ 73%] [32mBuilding CXX object CMakeFiles/message_pkg__rosidl_typesupport_fastrtps_c.dir/rosidl_typesupport_fastrtps_c/message_pkg/msg/detail/task_cost__type_support_c.cpp.o[0m
[13.941s] [ 74%] [32mBuilding CXX object CMakeFiles/message_pkg__rosidl_typesupport_fastrtps_c.dir/rosidl_typesupport_fastrtps_c/message_pkg/msg/detail/task_msg__type_support_c.cpp.o[0m
[14.621s] [ 76%] [32mBuilding CXX object CMakeFiles/message_pkg__rosidl_typesupport_fastrtps_c.dir/rosidl_typesupport_fastrtps_c/message_pkg/msg/detail/task_state_msg__type_support_c.cpp.o[0m
[15.206s] [ 77%] [32m[1mLinking CXX shared library libmessage_pkg__rosidl_typesupport_fastrtps_c.so[0m
[15.407s] [ 79%] Built target message_pkg__rosidl_typesupport_fastrtps_c
[15.451s] [ 79%] Built target message_pkg
[15.497s] [ 80%] Built target message_pkg__py
[15.542s] [35m[1mScanning dependencies of target message_pkg__python[0m
[15.589s] [ 82%] [32mBuilding C object CMakeFiles/message_pkg__python.dir/rosidl_generator_py/message_pkg/msg/_b_bbackup_s.c.o[0m
[15.748s] [ 84%] [32mBuilding C object CMakeFiles/message_pkg__python.dir/rosidl_generator_py/message_pkg/msg/_b_bsynch_s.c.o[0m
[15.940s] [ 85%] [32mBuilding C object CMakeFiles/message_pkg__python.dir/rosidl_generator_py/message_pkg/msg/_task_cost_s.c.o[0m
[16.108s] [ 87%] [32mBuilding C object CMakeFiles/message_pkg__python.dir/rosidl_generator_py/message_pkg/msg/_task_msg_s.c.o[0m
[16.301s] [ 88%] [32mBuilding C object CMakeFiles/message_pkg__python.dir/rosidl_generator_py/message_pkg/msg/_task_state_msg_s.c.o[0m
[16.457s] [ 90%] [32m[1mLinking C shared library rosidl_generator_py/message_pkg/libmessage_pkg__python.so[0m
[16.565s] [ 90%] Built target message_pkg__python
[16.589s] [35m[1mScanning dependencies of target message_pkg__rosidl_typesupport_introspection_c__pyext[0m
[16.633s] [ 92%] [32mBuilding C object CMakeFiles/message_pkg__rosidl_typesupport_introspection_c__pyext.dir/rosidl_generator_py/message_pkg/_message_pkg_s.ep.rosidl_typesupport_introspection_c.c.o[0m
[16.782s] [ 93%] [32m[1mLinking C shared library rosidl_generator_py/message_pkg/message_pkg_s__rosidl_typesupport_introspection_c.cpython-38-x86_64-linux-gnu.so[0m
[16.869s] [ 93%] Built target message_pkg__rosidl_typesupport_introspection_c__pyext
[16.894s] [35m[1mScanning dependencies of target message_pkg__rosidl_typesupport_fastrtps_c__pyext[0m
[16.934s] [ 95%] [32mBuilding C object CMakeFiles/message_pkg__rosidl_typesupport_fastrtps_c__pyext.dir/rosidl_generator_py/message_pkg/_message_pkg_s.ep.rosidl_typesupport_fastrtps_c.c.o[0m
[17.119s] [ 96%] [32m[1mLinking CXX shared library rosidl_generator_py/message_pkg/message_pkg_s__rosidl_typesupport_fastrtps_c.cpython-38-x86_64-linux-gnu.so[0m
[17.278s] [ 96%] Built target message_pkg__rosidl_typesupport_fastrtps_c__pyext
[17.308s] [35m[1mScanning dependencies of target message_pkg__rosidl_typesupport_c__pyext[0m
[17.351s] [ 98%] [32mBuilding C object CMakeFiles/message_pkg__rosidl_typesupport_c__pyext.dir/rosidl_generator_py/message_pkg/_message_pkg_s.ep.rosidl_typesupport_c.c.o[0m
[17.516s] [100%] [32m[1mLinking C shared library rosidl_generator_py/message_pkg/message_pkg_s__rosidl_typesupport_c.cpython-38-x86_64-linux-gnu.so[0m
[17.595s] [100%] Built target message_pkg__rosidl_typesupport_c__pyext
[17.634s] Invoked command in '/home/mpcmeulensteen/blackboard_ws/build/message_pkg' returned '0': CMAKE_PREFIX_PATH=/opt/ros/foxy /usr/bin/cmake --build /home/mpcmeulensteen/blackboard_ws/build/message_pkg -- -j2 -l2
[17.833s] Invoking command in '/home/mpcmeulensteen/blackboard_ws/build/message_pkg': CMAKE_PREFIX_PATH=/opt/ros/foxy /usr/bin/cmake --install /home/mpcmeulensteen/blackboard_ws/build/message_pkg
[17.858s] -- Install configuration: ""
[17.859s] -- Installing: /home/mpcmeulensteen/blackboard_ws/install/message_pkg/share/ament_index/resource_index/rosidl_interfaces/message_pkg
[17.860s] -- Up-to-date: /home/mpcmeulensteen/blackboard_ws/install/message_pkg/include/message_pkg
[17.860s] -- Up-to-date: /home/mpcmeulensteen/blackboard_ws/install/message_pkg/include/message_pkg/msg
[17.860s] -- Installing: /home/mpcmeulensteen/blackboard_ws/install/message_pkg/include/message_pkg/msg/rosidl_generator_c__visibility_control.h
[17.861s] -- Installing: /home/mpcmeulensteen/blackboard_ws/install/message_pkg/include/message_pkg/msg/b_bsynch.h
[17.864s] -- Installing: /home/mpcmeulensteen/blackboard_ws/install/message_pkg/include/message_pkg/msg/task_msg.h
[17.865s] -- Installing: /home/mpcmeulensteen/blackboard_ws/install/message_pkg/include/message_pkg/msg/b_bbackup.h
[17.867s] -- Installing: /home/mpcmeulensteen/blackboard_ws/install/message_pkg/include/message_pkg/msg/task_cost.h
[17.868s] -- Up-to-date: /home/mpcmeulensteen/blackboard_ws/install/message_pkg/include/message_pkg/msg/detail
[17.869s] -- Installing: /home/mpcmeulensteen/blackboard_ws/install/message_pkg/include/message_pkg/msg/detail/task_msg__functions.h
[17.870s] -- Installing: /home/mpcmeulensteen/blackboard_ws/install/message_pkg/include/message_pkg/msg/detail/task_state_msg__functions.h
[17.870s] -- Installing: /home/mpcmeulensteen/blackboard_ws/install/message_pkg/include/message_pkg/msg/detail/b_bsynch__functions.c
[17.870s] -- Installing: /home/mpcmeulensteen/blackboard_ws/install/message_pkg/include/message_pkg/msg/detail/task_msg__functions.c
[17.871s] -- Installing: /home/mpcmeulensteen/blackboard_ws/install/message_pkg/include/message_pkg/msg/detail/b_bsynch__functions.h
[17.872s] -- Installing: /home/mpcmeulensteen/blackboard_ws/install/message_pkg/include/message_pkg/msg/detail/task_msg__type_support.h
[17.872s] -- Installing: /home/mpcmeulensteen/blackboard_ws/install/message_pkg/include/message_pkg/msg/detail/task_cost__type_support.h
[17.873s] -- Installing: /home/mpcmeulensteen/blackboard_ws/install/message_pkg/include/message_pkg/msg/detail/b_bsynch__struct.h
[17.873s] -- Installing: /home/mpcmeulensteen/blackboard_ws/install/message_pkg/include/message_pkg/msg/detail/task_state_msg__type_support.h
[17.873s] -- Installing: /home/mpcmeulensteen/blackboard_ws/install/message_pkg/include/message_pkg/msg/detail/b_bbackup__functions.h
[17.874s] -- Installing: /home/mpcmeulensteen/blackboard_ws/install/message_pkg/include/message_pkg/msg/detail/task_cost__struct.h
[17.874s] -- Installing: /home/mpcmeulensteen/blackboard_ws/install/message_pkg/include/message_pkg/msg/detail/b_bsynch__type_support.h
[17.874s] -- Installing: /home/mpcmeulensteen/blackboard_ws/install/message_pkg/include/message_pkg/msg/detail/task_state_msg__functions.c
[17.874s] -- Installing: /home/mpcmeulensteen/blackboard_ws/install/message_pkg/include/message_pkg/msg/detail/task_msg__struct.h
[17.875s] -- Installing: /home/mpcmeulensteen/blackboard_ws/install/message_pkg/include/message_pkg/msg/detail/b_bbackup__type_support.h
[17.875s] -- Installing: /home/mpcmeulensteen/blackboard_ws/install/message_pkg/include/message_pkg/msg/detail/task_state_msg__struct.h
[17.875s] -- Installing: /home/mpcmeulensteen/blackboard_ws/install/message_pkg/include/message_pkg/msg/detail/b_bbackup__functions.c
[17.876s] -- Installing: /home/mpcmeulensteen/blackboard_ws/install/message_pkg/include/message_pkg/msg/detail/task_cost__functions.h
[17.876s] -- Installing: /home/mpcmeulensteen/blackboard_ws/install/message_pkg/include/message_pkg/msg/detail/b_bbackup__struct.h
[17.877s] -- Installing: /home/mpcmeulensteen/blackboard_ws/install/message_pkg/include/message_pkg/msg/detail/task_cost__functions.c
[17.877s] -- Installing: /home/mpcmeulensteen/blackboard_ws/install/message_pkg/include/message_pkg/msg/task_state_msg.h
[17.879s] -- Installing: /home/mpcmeulensteen/blackboard_ws/install/message_pkg/share/message_pkg/environment/library_path.sh
[17.881s] -- Installing: /home/mpcmeulensteen/blackboard_ws/install/message_pkg/share/message_pkg/environment/library_path.dsv
[17.884s] -- Installing: /home/mpcmeulensteen/blackboard_ws/install/message_pkg/lib/libmessage_pkg__rosidl_generator_c.so
[17.886s] -- Set runtime path of "/home/mpcmeulensteen/blackboard_ws/install/message_pkg/lib/libmessage_pkg__rosidl_generator_c.so" to ""
[17.887s] -- Up-to-date: /home/mpcmeulensteen/blackboard_ws/install/message_pkg/include/message_pkg
[17.887s] -- Up-to-date: /home/mpcmeulensteen/blackboard_ws/install/message_pkg/include/message_pkg/msg
[17.887s] -- Up-to-date: /home/mpcmeulensteen/blackboard_ws/install/message_pkg/include/message_pkg/msg/detail
[17.887s] -- Installing: /home/mpcmeulensteen/blackboard_ws/install/message_pkg/include/message_pkg/msg/detail/b_bbackup__rosidl_typesupport_fastrtps_c.h
[17.888s] -- Installing: /home/mpcmeulensteen/blackboard_ws/install/message_pkg/include/message_pkg/msg/detail/task_cost__rosidl_typesupport_fastrtps_c.h
[17.888s] -- Installing: /home/mpcmeulensteen/blackboard_ws/install/message_pkg/include/message_pkg/msg/detail/b_bsynch__rosidl_typesupport_fastrtps_c.h
[17.888s] -- Installing: /home/mpcmeulensteen/blackboard_ws/install/message_pkg/include/message_pkg/msg/detail/task_msg__rosidl_typesupport_fastrtps_c.h
[17.888s] -- Installing: /home/mpcmeulensteen/blackboard_ws/install/message_pkg/include/message_pkg/msg/detail/task_state_msg__rosidl_typesupport_fastrtps_c.h
[17.889s] -- Installing: /home/mpcmeulensteen/blackboard_ws/install/message_pkg/include/message_pkg/msg/rosidl_typesupport_fastrtps_c__visibility_control.h
[17.891s] -- Installing: /home/mpcmeulensteen/blackboard_ws/install/message_pkg/lib/libmessage_pkg__rosidl_typesupport_fastrtps_c.so
[17.892s] -- Set runtime path of "/home/mpcmeulensteen/blackboard_ws/install/message_pkg/lib/libmessage_pkg__rosidl_typesupport_fastrtps_c.so" to ""
[17.893s] -- Up-to-date: /home/mpcmeulensteen/blackboard_ws/install/message_pkg/include/message_pkg
[17.893s] -- Up-to-date: /home/mpcmeulensteen/blackboard_ws/install/message_pkg/include/message_pkg/msg
[17.894s] -- Up-to-date: /home/mpcmeulensteen/blackboard_ws/install/message_pkg/include/message_pkg/msg/detail
[17.894s] -- Installing: /home/mpcmeulensteen/blackboard_ws/install/message_pkg/include/message_pkg/msg/detail/task_cost__rosidl_typesupport_fastrtps_cpp.hpp
[17.894s] -- Installing: /home/mpcmeulensteen/blackboard_ws/install/message_pkg/include/message_pkg/msg/detail/task_msg__rosidl_typesupport_fastrtps_cpp.hpp
[17.895s] -- Installing: /home/mpcmeulensteen/blackboard_ws/install/message_pkg/include/message_pkg/msg/detail/b_bbackup__rosidl_typesupport_fastrtps_cpp.hpp
[17.895s] -- Installing: /home/mpcmeulensteen/blackboard_ws/install/message_pkg/include/message_pkg/msg/detail/dds_fastrtps
[17.895s] -- Installing: /home/mpcmeulensteen/blackboard_ws/install/message_pkg/include/message_pkg/msg/detail/b_bsynch__rosidl_typesupport_fastrtps_cpp.hpp
[17.896s] -- Installing: /home/mpcmeulensteen/blackboard_ws/install/message_pkg/include/message_pkg/msg/detail/task_state_msg__rosidl_typesupport_fastrtps_cpp.hpp
[17.896s] -- Installing: /home/mpcmeulensteen/blackboard_ws/install/message_pkg/include/message_pkg/msg/rosidl_typesupport_fastrtps_cpp__visibility_control.h
[17.901s] -- Installing: /home/mpcmeulensteen/blackboard_ws/install/message_pkg/lib/libmessage_pkg__rosidl_typesupport_fastrtps_cpp.so
[17.904s] -- Set runtime path of "/home/mpcmeulensteen/blackboard_ws/install/message_pkg/lib/libmessage_pkg__rosidl_typesupport_fastrtps_cpp.so" to ""
[17.904s] -- Up-to-date: /home/mpcmeulensteen/blackboard_ws/install/message_pkg/include/message_pkg
[17.905s] -- Up-to-date: /home/mpcmeulensteen/blackboard_ws/install/message_pkg/include/message_pkg/msg
[17.905s] -- Installing: /home/mpcmeulensteen/blackboard_ws/install/message_pkg/include/message_pkg/msg/rosidl_typesupport_introspection_c__visibility_control.h
[17.906s] -- Up-to-date: /home/mpcmeulensteen/blackboard_ws/install/message_pkg/include/message_pkg/msg/detail
[17.906s] -- Installing: /home/mpcmeulensteen/blackboard_ws/install/message_pkg/include/message_pkg/msg/detail/task_cost__rosidl_typesupport_introspection_c.h
[17.907s] -- Installing: /home/mpcmeulensteen/blackboard_ws/install/message_pkg/include/message_pkg/msg/detail/b_bbackup__rosidl_typesupport_introspection_c.h
[17.907s] -- Installing: /home/mpcmeulensteen/blackboard_ws/install/message_pkg/include/message_pkg/msg/detail/b_bsynch__rosidl_typesupport_introspection_c.h
[17.908s] -- Installing: /home/mpcmeulensteen/blackboard_ws/install/message_pkg/include/message_pkg/msg/detail/task_msg__type_support.c
[17.908s] -- Installing: /home/mpcmeulensteen/blackboard_ws/install/message_pkg/include/message_pkg/msg/detail/task_cost__type_support.c
[17.908s] -- Installing: /home/mpcmeulensteen/blackboard_ws/install/message_pkg/include/message_pkg/msg/detail/task_state_msg__rosidl_typesupport_introspection_c.h
[17.909s] -- Installing: /home/mpcmeulensteen/blackboard_ws/install/message_pkg/include/message_pkg/msg/detail/b_bsynch__type_support.c
[17.909s] -- Installing: /home/mpcmeulensteen/blackboard_ws/install/message_pkg/include/message_pkg/msg/detail/b_bbackup__type_support.c
[17.909s] -- Installing: /home/mpcmeulensteen/blackboard_ws/install/message_pkg/include/message_pkg/msg/detail/task_state_msg__type_support.c
[17.910s] -- Installing: /home/mpcmeulensteen/blackboard_ws/install/message_pkg/include/message_pkg/msg/detail/task_msg__rosidl_typesupport_introspection_c.h
[17.914s] -- Installing: /home/mpcmeulensteen/blackboard_ws/install/message_pkg/lib/libmessage_pkg__rosidl_typesupport_introspection_c.so
[17.915s] -- Set runtime path of "/home/mpcmeulensteen/blackboard_ws/install/message_pkg/lib/libmessage_pkg__rosidl_typesupport_introspection_c.so" to ""
[17.916s] -- Installing: /home/mpcmeulensteen/blackboard_ws/install/message_pkg/lib/libmessage_pkg__rosidl_typesupport_c.so
[17.917s] -- Set runtime path of "/home/mpcmeulensteen/blackboard_ws/install/message_pkg/lib/libmessage_pkg__rosidl_typesupport_c.so" to ""
[17.917s] -- Up-to-date: /home/mpcmeulensteen/blackboard_ws/install/message_pkg/include/message_pkg
[17.917s] -- Up-to-date: /home/mpcmeulensteen/blackboard_ws/install/message_pkg/include/message_pkg/msg
[17.917s] -- Installing: /home/mpcmeulensteen/blackboard_ws/install/message_pkg/include/message_pkg/msg/task_cost.hpp
[17.918s] -- Installing: /home/mpcmeulensteen/blackboard_ws/install/message_pkg/include/message_pkg/msg/b_bsynch.hpp
[17.920s] -- Up-to-date: /home/mpcmeulensteen/blackboard_ws/install/message_pkg/include/message_pkg/msg/detail
[17.921s] -- Installing: /home/mpcmeulensteen/blackboard_ws/install/message_pkg/include/message_pkg/msg/detail/b_bsynch__builder.hpp
[17.923s] -- Installing: /home/mpcmeulensteen/blackboard_ws/install/message_pkg/include/message_pkg/msg/detail/task_msg__traits.hpp
[17.923s] -- Installing: /home/mpcmeulensteen/blackboard_ws/install/message_pkg/include/message_pkg/msg/detail/b_bbackup__builder.hpp
[17.924s] -- Installing: /home/mpcmeulensteen/blackboard_ws/install/message_pkg/include/message_pkg/msg/detail/task_msg__builder.hpp
[17.926s] -- Installing: /home/mpcmeulensteen/blackboard_ws/install/message_pkg/include/message_pkg/msg/detail/task_cost__struct.hpp
[17.926s] -- Installing: /home/mpcmeulensteen/blackboard_ws/install/message_pkg/include/message_pkg/msg/detail/b_bsynch__traits.hpp
[17.927s] -- Installing: /home/mpcmeulensteen/blackboard_ws/install/message_pkg/include/message_pkg/msg/detail/task_state_msg__traits.hpp
[17.930s] -- Installing: /home/mpcmeulensteen/blackboard_ws/install/message_pkg/include/message_pkg/msg/detail/task_cost__builder.hpp
[17.932s] -- Installing: /home/mpcmeulensteen/blackboard_ws/install/message_pkg/include/message_pkg/msg/detail/b_bsynch__struct.hpp
[17.933s] -- Installing: /home/mpcmeulensteen/blackboard_ws/install/message_pkg/include/message_pkg/msg/detail/task_msg__struct.hpp
[17.934s] -- Installing: /home/mpcmeulensteen/blackboard_ws/install/message_pkg/include/message_pkg/msg/detail/b_bbackup__struct.hpp
[17.934s] -- Installing: /home/mpcmeulensteen/blackboard_ws/install/message_pkg/include/message_pkg/msg/detail/task_state_msg__struct.hpp
[17.935s] -- Installing: /home/mpcmeulensteen/blackboard_ws/install/message_pkg/include/message_pkg/msg/detail/task_cost__traits.hpp
[17.937s] -- Installing: /home/mpcmeulensteen/blackboard_ws/install/message_pkg/include/message_pkg/msg/detail/task_state_msg__builder.hpp
[17.945s] -- Installing: /home/mpcmeulensteen/blackboard_ws/install/message_pkg/include/message_pkg/msg/detail/b_bbackup__traits.hpp
[17.953s] -- Installing: /home/mpcmeulensteen/blackboard_ws/install/message_pkg/include/message_pkg/msg/task_state_msg.hpp
[17.955s] -- Installing: /home/mpcmeulensteen/blackboard_ws/install/message_pkg/include/message_pkg/msg/b_bbackup.hpp
[17.957s] -- Installing: /home/mpcmeulensteen/blackboard_ws/install/message_pkg/include/message_pkg/msg/task_msg.hpp
[17.966s] -- Up-to-date: /home/mpcmeulensteen/blackboard_ws/install/message_pkg/include/message_pkg
[17.975s] -- Up-to-date: /home/mpcmeulensteen/blackboard_ws/install/message_pkg/include/message_pkg/msg
[17.975s] -- Up-to-date: /home/mpcmeulensteen/blackboard_ws/install/message_pkg/include/message_pkg/msg/detail
[17.976s] -- Installing: /home/mpcmeulensteen/blackboard_ws/install/message_pkg/include/message_pkg/msg/detail/task_state_msg__rosidl_typesupport_introspection_cpp.hpp
[17.978s] -- Installing: /home/mpcmeulensteen/blackboard_ws/install/message_pkg/include/message_pkg/msg/detail/b_bsynch__type_support.cpp
[17.979s] -- Installing: /home/mpcmeulensteen/blackboard_ws/install/message_pkg/include/message_pkg/msg/detail/b_bsynch__rosidl_typesupport_introspection_cpp.hpp
[17.983s] -- Installing: /home/mpcmeulensteen/blackboard_ws/install/message_pkg/include/message_pkg/msg/detail/task_state_msg__type_support.cpp
[17.985s] -- Installing: /home/mpcmeulensteen/blackboard_ws/install/message_pkg/include/message_pkg/msg/detail/b_bbackup__type_support.cpp
[17.991s] -- Installing: /home/mpcmeulensteen/blackboard_ws/install/message_pkg/include/message_pkg/msg/detail/task_msg__rosidl_typesupport_introspection_cpp.hpp
[17.994s] -- Installing: /home/mpcmeulensteen/blackboard_ws/install/message_pkg/include/message_pkg/msg/detail/task_msg__type_support.cpp
[17.995s] -- Installing: /home/mpcmeulensteen/blackboard_ws/install/message_pkg/include/message_pkg/msg/detail/task_cost__rosidl_typesupport_introspection_cpp.hpp
[17.996s] -- Installing: /home/mpcmeulensteen/blackboard_ws/install/message_pkg/include/message_pkg/msg/detail/task_cost__type_support.cpp
[17.996s] -- Installing: /home/mpcmeulensteen/blackboard_ws/install/message_pkg/include/message_pkg/msg/detail/b_bbackup__rosidl_typesupport_introspection_cpp.hpp
[18.000s] -- Installing: /home/mpcmeulensteen/blackboard_ws/install/message_pkg/lib/libmessage_pkg__rosidl_typesupport_introspection_cpp.so
[18.002s] -- Set runtime path of "/home/mpcmeulensteen/blackboard_ws/install/message_pkg/lib/libmessage_pkg__rosidl_typesupport_introspection_cpp.so" to ""
[18.017s] -- Installing: /home/mpcmeulensteen/blackboard_ws/install/message_pkg/lib/libmessage_pkg__rosidl_typesupport_cpp.so
[18.019s] -- Set runtime path of "/home/mpcmeulensteen/blackboard_ws/install/message_pkg/lib/libmessage_pkg__rosidl_typesupport_cpp.so" to ""
[18.025s] -- Installing: /home/mpcmeulensteen/blackboard_ws/install/message_pkg/share/message_pkg/environment/pythonpath.sh
[18.027s] -- Installing: /home/mpcmeulensteen/blackboard_ws/install/message_pkg/share/message_pkg/environment/pythonpath.dsv
[18.030s] -- Installing: /home/mpcmeulensteen/blackboard_ws/install/message_pkg/lib/python3.8/site-packages/message_pkg/__init__.py
[18.150s] Compiling '/home/mpcmeulensteen/blackboard_ws/install/message_pkg/lib/python3.8/site-packages/message_pkg/__init__.py'...
[18.158s] -- Up-to-date: /home/mpcmeulensteen/blackboard_ws/install/message_pkg/lib/python3.8/site-packages/message_pkg/msg
[18.160s] -- Installing: /home/mpcmeulensteen/blackboard_ws/install/message_pkg/lib/python3.8/site-packages/message_pkg/msg/_b_bbackup.py
[18.161s] -- Installing: /home/mpcmeulensteen/blackboard_ws/install/message_pkg/lib/python3.8/site-packages/message_pkg/msg/_task_cost.py
[18.164s] -- Installing: /home/mpcmeulensteen/blackboard_ws/install/message_pkg/lib/python3.8/site-packages/message_pkg/msg/_task_state_msg.py
[18.167s] -- Installing: /home/mpcmeulensteen/blackboard_ws/install/message_pkg/lib/python3.8/site-packages/message_pkg/msg/_b_bsynch.py
[18.168s] -- Installing: /home/mpcmeulensteen/blackboard_ws/install/message_pkg/lib/python3.8/site-packages/message_pkg/msg/_task_cost_s.c
[18.170s] -- Installing: /home/mpcmeulensteen/blackboard_ws/install/message_pkg/lib/python3.8/site-packages/message_pkg/msg/_task_msg_s.c
[18.171s] -- Installing: /home/mpcmeulensteen/blackboard_ws/install/message_pkg/lib/python3.8/site-packages/message_pkg/msg/__init__.py
[18.172s] -- Installing: /home/mpcmeulensteen/blackboard_ws/install/message_pkg/lib/python3.8/site-packages/message_pkg/msg/_b_bbackup_s.c
[18.173s] -- Installing: /home/mpcmeulensteen/blackboard_ws/install/message_pkg/lib/python3.8/site-packages/message_pkg/msg/_b_bsynch_s.c
[18.173s] -- Installing: /home/mpcmeulensteen/blackboard_ws/install/message_pkg/lib/python3.8/site-packages/message_pkg/msg/_task_state_msg_s.c
[18.173s] -- Installing: /home/mpcmeulensteen/blackboard_ws/install/message_pkg/lib/python3.8/site-packages/message_pkg/msg/_task_msg.py
[18.177s] -- Installing: /home/mpcmeulensteen/blackboard_ws/install/message_pkg/lib/python3.8/site-packages/message_pkg/message_pkg_s__rosidl_typesupport_fastrtps_c.cpython-38-x86_64-linux-gnu.so
[18.179s] -- Set runtime path of "/home/mpcmeulensteen/blackboard_ws/install/message_pkg/lib/python3.8/site-packages/message_pkg/message_pkg_s__rosidl_typesupport_fastrtps_c.cpython-38-x86_64-linux-gnu.so" to ""
[18.182s] -- Installing: /home/mpcmeulensteen/blackboard_ws/install/message_pkg/lib/python3.8/site-packages/message_pkg/message_pkg_s__rosidl_typesupport_introspection_c.cpython-38-x86_64-linux-gnu.so
[18.184s] -- Set runtime path of "/home/mpcmeulensteen/blackboard_ws/install/message_pkg/lib/python3.8/site-packages/message_pkg/message_pkg_s__rosidl_typesupport_introspection_c.cpython-38-x86_64-linux-gnu.so" to ""
[18.188s] -- Installing: /home/mpcmeulensteen/blackboard_ws/install/message_pkg/lib/python3.8/site-packages/message_pkg/message_pkg_s__rosidl_typesupport_c.cpython-38-x86_64-linux-gnu.so
[18.190s] -- Set runtime path of "/home/mpcmeulensteen/blackboard_ws/install/message_pkg/lib/python3.8/site-packages/message_pkg/message_pkg_s__rosidl_typesupport_c.cpython-38-x86_64-linux-gnu.so" to ""
[18.193s] -- Installing: /home/mpcmeulensteen/blackboard_ws/install/message_pkg/lib/libmessage_pkg__python.so
[18.194s] -- Set runtime path of "/home/mpcmeulensteen/blackboard_ws/install/message_pkg/lib/libmessage_pkg__python.so" to ""
[18.195s] -- Installing: /home/mpcmeulensteen/blackboard_ws/install/message_pkg/share/message_pkg/msg/BBbackup.idl
[18.195s] -- Installing: /home/mpcmeulensteen/blackboard_ws/install/message_pkg/share/message_pkg/msg/BBsynch.idl
[18.196s] -- Installing: /home/mpcmeulensteen/blackboard_ws/install/message_pkg/share/message_pkg/msg/TaskCost.idl
[18.197s] -- Installing: /home/mpcmeulensteen/blackboard_ws/install/message_pkg/share/message_pkg/msg/TaskMsg.idl
[18.198s] -- Installing: /home/mpcmeulensteen/blackboard_ws/install/message_pkg/share/message_pkg/msg/TaskStateMsg.idl
[18.199s] -- Installing: /home/mpcmeulensteen/blackboard_ws/install/message_pkg/share/message_pkg/msg/BBbackup.msg
[18.199s] -- Installing: /home/mpcmeulensteen/blackboard_ws/install/message_pkg/share/message_pkg/msg/BBsynch.msg
[18.200s] -- Installing: /home/mpcmeulensteen/blackboard_ws/install/message_pkg/share/message_pkg/msg/TaskCost.msg
[18.201s] -- Installing: /home/mpcmeulensteen/blackboard_ws/install/message_pkg/share/message_pkg/msg/TaskMsg.msg
[18.201s] -- Installing: /home/mpcmeulensteen/blackboard_ws/install/message_pkg/share/message_pkg/msg/TaskStateMsg.msg
[18.202s] -- Installing: /home/mpcmeulensteen/blackboard_ws/install/message_pkg/share/ament_index/resource_index/package_run_dependencies/message_pkg
[18.202s] -- Installing: /home/mpcmeulensteen/blackboard_ws/install/message_pkg/share/ament_index/resource_index/parent_prefix_path/message_pkg
[18.203s] -- Installing: /home/mpcmeulensteen/blackboard_ws/install/message_pkg/share/message_pkg/environment/ament_prefix_path.sh
[18.203s] -- Installing: /home/mpcmeulensteen/blackboard_ws/install/message_pkg/share/message_pkg/environment/ament_prefix_path.dsv
[18.204s] -- Installing: /home/mpcmeulensteen/blackboard_ws/install/message_pkg/share/message_pkg/environment/path.sh
[18.206s] -- Installing: /home/mpcmeulensteen/blackboard_ws/install/message_pkg/share/message_pkg/environment/path.dsv
[18.207s] -- Installing: /home/mpcmeulensteen/blackboard_ws/install/message_pkg/share/message_pkg/local_setup.bash
[18.208s] -- Installing: /home/mpcmeulensteen/blackboard_ws/install/message_pkg/share/message_pkg/local_setup.sh
[18.208s] -- Installing: /home/mpcmeulensteen/blackboard_ws/install/message_pkg/share/message_pkg/local_setup.zsh
[18.209s] -- Installing: /home/mpcmeulensteen/blackboard_ws/install/message_pkg/share/message_pkg/local_setup.dsv
[18.209s] -- Installing: /home/mpcmeulensteen/blackboard_ws/install/message_pkg/share/message_pkg/package.dsv
[18.210s] -- Installing: /home/mpcmeulensteen/blackboard_ws/install/message_pkg/share/ament_index/resource_index/packages/message_pkg
[18.212s] -- Installing: /home/mpcmeulensteen/blackboard_ws/install/message_pkg/share/message_pkg/cmake/message_pkg__rosidl_generator_cExport.cmake
[18.213s] -- Installing: /home/mpcmeulensteen/blackboard_ws/install/message_pkg/share/message_pkg/cmake/message_pkg__rosidl_generator_cExport-noconfig.cmake
[18.214s] -- Installing: /home/mpcmeulensteen/blackboard_ws/install/message_pkg/share/message_pkg/cmake/message_pkg__rosidl_typesupport_introspection_cExport.cmake
[18.214s] -- Installing: /home/mpcmeulensteen/blackboard_ws/install/message_pkg/share/message_pkg/cmake/message_pkg__rosidl_typesupport_introspection_cExport-noconfig.cmake
[18.215s] -- Installing: /home/mpcmeulensteen/blackboard_ws/install/message_pkg/share/message_pkg/cmake/message_pkg__rosidl_typesupport_cExport.cmake
[18.215s] -- Installing: /home/mpcmeulensteen/blackboard_ws/install/message_pkg/share/message_pkg/cmake/message_pkg__rosidl_typesupport_cExport-noconfig.cmake
[18.216s] -- Installing: /home/mpcmeulensteen/blackboard_ws/install/message_pkg/share/message_pkg/cmake/message_pkg__rosidl_generator_cppExport.cmake
[18.217s] -- Installing: /home/mpcmeulensteen/blackboard_ws/install/message_pkg/share/message_pkg/cmake/message_pkg__rosidl_typesupport_introspection_cppExport.cmake
[18.218s] -- Installing: /home/mpcmeulensteen/blackboard_ws/install/message_pkg/share/message_pkg/cmake/message_pkg__rosidl_typesupport_introspection_cppExport-noconfig.cmake
[18.220s] -- Installing: /home/mpcmeulensteen/blackboard_ws/install/message_pkg/share/message_pkg/cmake/message_pkg__rosidl_typesupport_cppExport.cmake
[18.221s] -- Installing: /home/mpcmeulensteen/blackboard_ws/install/message_pkg/share/message_pkg/cmake/message_pkg__rosidl_typesupport_cppExport-noconfig.cmake
[18.221s] -- Installing: /home/mpcmeulensteen/blackboard_ws/install/message_pkg/share/message_pkg/cmake/rosidl_cmake-extras.cmake
[18.222s] -- Installing: /home/mpcmeulensteen/blackboard_ws/install/message_pkg/share/message_pkg/cmake/ament_cmake_export_dependencies-extras.cmake
[18.222s] -- Installing: /home/mpcmeulensteen/blackboard_ws/install/message_pkg/share/message_pkg/cmake/ament_cmake_export_libraries-extras.cmake
[18.223s] -- Installing: /home/mpcmeulensteen/blackboard_ws/install/message_pkg/share/message_pkg/cmake/ament_cmake_export_targets-extras.cmake
[18.223s] -- Installing: /home/mpcmeulensteen/blackboard_ws/install/message_pkg/share/message_pkg/cmake/ament_cmake_export_include_directories-extras.cmake
[18.224s] -- Installing: /home/mpcmeulensteen/blackboard_ws/install/message_pkg/share/message_pkg/cmake/rosidl_cmake_export_typesupport_libraries-extras.cmake
[18.225s] -- Installing: /home/mpcmeulensteen/blackboard_ws/install/message_pkg/share/message_pkg/cmake/rosidl_cmake_export_typesupport_targets-extras.cmake
[18.225s] -- Installing: /home/mpcmeulensteen/blackboard_ws/install/message_pkg/share/message_pkg/cmake/message_pkgConfig.cmake
[18.226s] -- Installing: /home/mpcmeulensteen/blackboard_ws/install/message_pkg/share/message_pkg/cmake/message_pkgConfig-version.cmake
[18.226s] -- Installing: /home/mpcmeulensteen/blackboard_ws/install/message_pkg/share/message_pkg/package.xml
[18.242s] Invoked command in '/home/mpcmeulensteen/blackboard_ws/build/message_pkg' returned '0': CMAKE_PREFIX_PATH=/opt/ros/foxy /usr/bin/cmake --install /home/mpcmeulensteen/blackboard_ws/build/message_pkg
