[0.615s] Invoking command in '/home/mpcmeulensteen/blackboard_ws/src/navigation': PYTHONPATH=/home/mpcmeulensteen/blackboard_ws/install/navigation/lib/python3.8/site-packages:${PYTHONPATH} /usr/bin/python3 setup.py egg_info --egg-base ../../build/navigation build --build-base /home/mpcmeulensteen/blackboard_ws/build/navigation/build install --prefix /home/mpcmeulensteen/blackboard_ws/install/navigation --record /home/mpcmeulensteen/blackboard_ws/build/navigation/install.log --single-version-externally-managed
[1.314s] running egg_info
[1.317s] writing ../../build/navigation/navigation.egg-info/PKG-INFO
[1.320s] writing dependency_links to ../../build/navigation/navigation.egg-info/dependency_links.txt
[1.321s] writing entry points to ../../build/navigation/navigation.egg-info/entry_points.txt
[1.323s] writing requirements to ../../build/navigation/navigation.egg-info/requires.txt
[1.324s] writing top-level names to ../../build/navigation/navigation.egg-info/top_level.txt
[1.399s] reading manifest file '../../build/navigation/navigation.egg-info/SOURCES.txt'
[1.401s] writing manifest file '../../build/navigation/navigation.egg-info/SOURCES.txt'
[1.402s] running build
[1.403s] running build_py
[1.404s] running install
[1.405s] running install_lib
[1.409s] running install_data
[1.411s] running install_egg_info
[1.414s] removing '/home/mpcmeulensteen/blackboard_ws/install/navigation/lib/python3.8/site-packages/navigation-0.0.0-py3.8.egg-info' (and everything under it)
[1.419s] Copying ../../build/navigation/navigation.egg-info to /home/mpcmeulensteen/blackboard_ws/install/navigation/lib/python3.8/site-packages/navigation-0.0.0-py3.8.egg-info
[1.420s] running install_scripts
[1.464s] writing list of installed files to '/home/mpcmeulensteen/blackboard_ws/build/navigation/install.log'
[1.551s] Invoked command in '/home/mpcmeulensteen/blackboard_ws/src/navigation' returned '0': PYTHONPATH=/home/mpcmeulensteen/blackboard_ws/install/navigation/lib/python3.8/site-packages:${PYTHONPATH} /usr/bin/python3 setup.py egg_info --egg-base ../../build/navigation build --build-base /home/mpcmeulensteen/blackboard_ws/build/navigation/build install --prefix /home/mpcmeulensteen/blackboard_ws/install/navigation --record /home/mpcmeulensteen/blackboard_ws/build/navigation/install.log --single-version-externally-managed
