CMake Error at CMakeLists.txt:18 (set_target_properties):
  set_target_properties Can not find target to add properties to:
  blackboardinstance


CMake Error at CMakeLists.txt:19 (set_target_properties):
  set_target_properties Can not find target to add properties to: gui


CMake Error at CMakeLists.txt:20 (set_target_properties):
  set_target_properties Can not find target to add properties to:
  robotInstance


CMake Error at CMakeLists.txt:21 (set_target_properties):
  set_target_properties Can not find target to add properties to:
  robotInstance2


CMake Error at CMakeLists.txt:22 (set_target_properties):
  set_target_properties Can not find target to add properties to:
  robotInstance3


CMake Error at CMakeLists.txt:23 (set_target_properties):
  set_target_properties Can not find target to add properties to:
  robotInstance4


CMake Error at CMakeLists.txt:24 (set_target_properties):
  set_target_properties Can not find target to add properties to: taskview


make: *** [Makefile:320: cmake_check_build_system] Error 1
