[0.413s] Invoking command in '/home/mpcmeulensteen/blackboard_ws/src/blackboard': PYTHONPATH=/home/mpcmeulensteen/blackboard_ws/install/blackboard/lib/python3.8/site-packages:${PYTHONPATH} /usr/bin/python3 setup.py egg_info --egg-base ../../build/blackboard build --build-base /home/mpcmeulensteen/blackboard_ws/build/blackboard/build install --prefix /home/mpcmeulensteen/blackboard_ws/install/blackboard --record /home/mpcmeulensteen/blackboard_ws/build/blackboard/install.log --single-version-externally-managed
[0.610s] running egg_info
[0.611s] writing ../../build/blackboard/blackboard.egg-info/PKG-INFO
[0.611s] writing dependency_links to ../../build/blackboard/blackboard.egg-info/dependency_links.txt
[0.612s] writing entry points to ../../build/blackboard/blackboard.egg-info/entry_points.txt
[0.612s] writing requirements to ../../build/blackboard/blackboard.egg-info/requires.txt
[0.612s] writing top-level names to ../../build/blackboard/blackboard.egg-info/top_level.txt
[0.648s] reading manifest file '../../build/blackboard/blackboard.egg-info/SOURCES.txt'
[0.649s] writing manifest file '../../build/blackboard/blackboard.egg-info/SOURCES.txt'
[0.649s] running build
[0.650s] running build_py
[0.650s] copying blackboard/Controller.py -> /home/mpcmeulensteen/blackboard_ws/build/blackboard/build/lib/blackboard
[0.650s] running install
[0.651s] running install_lib
[0.652s] copying /home/mpcmeulensteen/blackboard_ws/build/blackboard/build/lib/blackboard/Controller.py -> /home/mpcmeulensteen/blackboard_ws/install/blackboard/lib/python3.8/site-packages/blackboard
[0.653s] byte-compiling /home/mpcmeulensteen/blackboard_ws/install/blackboard/lib/python3.8/site-packages/blackboard/Controller.py to Controller.cpython-38.pyc
[0.655s] running install_data
[0.656s] running install_egg_info
[0.659s] removing '/home/mpcmeulensteen/blackboard_ws/install/blackboard/lib/python3.8/site-packages/blackboard-0.0.0-py3.8.egg-info' (and everything under it)
[0.660s] Copying ../../build/blackboard/blackboard.egg-info to /home/mpcmeulensteen/blackboard_ws/install/blackboard/lib/python3.8/site-packages/blackboard-0.0.0-py3.8.egg-info
[0.661s] running install_scripts
[0.681s] writing list of installed files to '/home/mpcmeulensteen/blackboard_ws/build/blackboard/install.log'
[0.704s] Invoked command in '/home/mpcmeulensteen/blackboard_ws/src/blackboard' returned '0': PYTHONPATH=/home/mpcmeulensteen/blackboard_ws/install/blackboard/lib/python3.8/site-packages:${PYTHONPATH} /usr/bin/python3 setup.py egg_info --egg-base ../../build/blackboard build --build-base /home/mpcmeulensteen/blackboard_ws/build/blackboard/build install --prefix /home/mpcmeulensteen/blackboard_ws/install/blackboard --record /home/mpcmeulensteen/blackboard_ws/build/blackboard/install.log --single-version-externally-managed
