[0.662s] Invoking command in '/home/mpcmeulensteen/blackboard_ws/src/turtlebot3/turtlebot3_example': AMENT_PREFIX_PATH=/home/mpcmeulensteen/blackboard_ws/install/turtlebot3_msgs:${AMENT_PREFIX_PATH} CMAKE_PREFIX_PATH=/home/mpcmeulensteen/blackboard_ws/install/turtlebot3_msgs:${CMAKE_PREFIX_PATH} LD_LIBRARY_PATH=/home/mpcmeulensteen/blackboard_ws/install/turtlebot3_msgs/lib:${LD_LIBRARY_PATH} PYTHONPATH=/home/mpcmeulensteen/blackboard_ws/install/turtlebot3_example/lib/python3.8/site-packages:/home/mpcmeulensteen/blackboard_ws/install/turtlebot3_msgs/lib/python3.8/site-packages:${PYTHONPATH} /usr/bin/python3 setup.py egg_info --egg-base ../../../build/turtlebot3_example build --build-base /home/mpcmeulensteen/blackboard_ws/build/turtlebot3_example/build install --prefix /home/mpcmeulensteen/blackboard_ws/install/turtlebot3_example --record /home/mpcmeulensteen/blackboard_ws/build/turtlebot3_example/install.log --single-version-externally-managed
[0.990s] running egg_info
[0.990s] writing ../../../build/turtlebot3_example/turtlebot3_example.egg-info/PKG-INFO
[0.991s] writing dependency_links to ../../../build/turtlebot3_example/turtlebot3_example.egg-info/dependency_links.txt
[0.991s] writing entry points to ../../../build/turtlebot3_example/turtlebot3_example.egg-info/entry_points.txt
[0.991s] writing requirements to ../../../build/turtlebot3_example/turtlebot3_example.egg-info/requires.txt
[0.991s] writing top-level names to ../../../build/turtlebot3_example/turtlebot3_example.egg-info/top_level.txt
[1.060s] reading manifest file '../../../build/turtlebot3_example/turtlebot3_example.egg-info/SOURCES.txt'
[1.064s] writing manifest file '../../../build/turtlebot3_example/turtlebot3_example.egg-info/SOURCES.txt'
[1.064s] running build
[1.064s] running build_py
[1.065s] running install
[1.066s] running install_lib
[1.067s] running install_data
[1.070s] running install_egg_info
[1.073s] removing '/home/mpcmeulensteen/blackboard_ws/install/turtlebot3_example/lib/python3.8/site-packages/turtlebot3_example-2.1.2-py3.8.egg-info' (and everything under it)
[1.074s] Copying ../../../build/turtlebot3_example/turtlebot3_example.egg-info to /home/mpcmeulensteen/blackboard_ws/install/turtlebot3_example/lib/python3.8/site-packages/turtlebot3_example-2.1.2-py3.8.egg-info
[1.077s] running install_scripts
[1.109s] Installing turtlebot3_obstacle_detection script to /home/mpcmeulensteen/blackboard_ws/install/turtlebot3_example/lib/turtlebot3_example
[1.109s] Installing turtlebot3_patrol_client script to /home/mpcmeulensteen/blackboard_ws/install/turtlebot3_example/lib/turtlebot3_example
[1.110s] Installing turtlebot3_patrol_server script to /home/mpcmeulensteen/blackboard_ws/install/turtlebot3_example/lib/turtlebot3_example
[1.110s] Installing turtlebot3_position_control script to /home/mpcmeulensteen/blackboard_ws/install/turtlebot3_example/lib/turtlebot3_example
[1.111s] writing list of installed files to '/home/mpcmeulensteen/blackboard_ws/build/turtlebot3_example/install.log'
[1.234s] Invoked command in '/home/mpcmeulensteen/blackboard_ws/src/turtlebot3/turtlebot3_example' returned '0': AMENT_PREFIX_PATH=/home/mpcmeulensteen/blackboard_ws/install/turtlebot3_msgs:${AMENT_PREFIX_PATH} CMAKE_PREFIX_PATH=/home/mpcmeulensteen/blackboard_ws/install/turtlebot3_msgs:${CMAKE_PREFIX_PATH} LD_LIBRARY_PATH=/home/mpcmeulensteen/blackboard_ws/install/turtlebot3_msgs/lib:${LD_LIBRARY_PATH} PYTHONPATH=/home/mpcmeulensteen/blackboard_ws/install/turtlebot3_example/lib/python3.8/site-packages:/home/mpcmeulensteen/blackboard_ws/install/turtlebot3_msgs/lib/python3.8/site-packages:${PYTHONPATH} /usr/bin/python3 setup.py egg_info --egg-base ../../../build/turtlebot3_example build --build-base /home/mpcmeulensteen/blackboard_ws/build/turtlebot3_example/build install --prefix /home/mpcmeulensteen/blackboard_ws/install/turtlebot3_example --record /home/mpcmeulensteen/blackboard_ws/build/turtlebot3_example/install.log --single-version-externally-managed
