[0.338s] Invoking command in '/home/mpcmeulensteen/blackboard_ws/src/bbinstance': PYTHONPATH=/home/mpcmeulensteen/blackboard_ws/install/bbinstance/lib/python3.8/site-packages:${PYTHONPATH} /usr/bin/python3 setup.py egg_info --egg-base ../../build/bbinstance build --build-base /home/mpcmeulensteen/blackboard_ws/build/bbinstance/build install --prefix /home/mpcmeulensteen/blackboard_ws/install/bbinstance --record /home/mpcmeulensteen/blackboard_ws/build/bbinstance/install.log --single-version-externally-managed
[0.664s] running egg_info
[0.665s] writing ../../build/bbinstance/bbinstance.egg-info/PKG-INFO
[0.666s] writing dependency_links to ../../build/bbinstance/bbinstance.egg-info/dependency_links.txt
[0.666s] writing entry points to ../../build/bbinstance/bbinstance.egg-info/entry_points.txt
[0.667s] writing requirements to ../../build/bbinstance/bbinstance.egg-info/requires.txt
[0.667s] writing top-level names to ../../build/bbinstance/bbinstance.egg-info/top_level.txt
[0.716s] reading manifest file '../../build/bbinstance/bbinstance.egg-info/SOURCES.txt'
[0.717s] writing manifest file '../../build/bbinstance/bbinstance.egg-info/SOURCES.txt'
[0.717s] running build
[0.717s] running build_py
[0.719s] running install
[0.720s] running install_lib
[0.722s] running install_data
[0.723s] running install_egg_info
[0.725s] removing '/home/mpcmeulensteen/blackboard_ws/install/bbinstance/lib/python3.8/site-packages/bbinstance-0.0.0-py3.8.egg-info' (and everything under it)
[0.726s] Copying ../../build/bbinstance/bbinstance.egg-info to /home/mpcmeulensteen/blackboard_ws/install/bbinstance/lib/python3.8/site-packages/bbinstance-0.0.0-py3.8.egg-info
[0.727s] running install_scripts
[0.745s] Installing blackboardinstance script to /home/mpcmeulensteen/blackboard_ws/install/bbinstance/lib/bbinstance
[0.746s] Installing gui script to /home/mpcmeulensteen/blackboard_ws/install/bbinstance/lib/bbinstance
[0.746s] Installing robotInstance script to /home/mpcmeulensteen/blackboard_ws/install/bbinstance/lib/bbinstance
[0.746s] Installing robotInstance2 script to /home/mpcmeulensteen/blackboard_ws/install/bbinstance/lib/bbinstance
[0.746s] Installing robotInstance3 script to /home/mpcmeulensteen/blackboard_ws/install/bbinstance/lib/bbinstance
[0.747s] Installing robotInstance4 script to /home/mpcmeulensteen/blackboard_ws/install/bbinstance/lib/bbinstance
[0.747s] Installing taskview script to /home/mpcmeulensteen/blackboard_ws/install/bbinstance/lib/bbinstance
[0.748s] writing list of installed files to '/home/mpcmeulensteen/blackboard_ws/build/bbinstance/install.log'
[0.779s] Invoked command in '/home/mpcmeulensteen/blackboard_ws/src/bbinstance' returned '0': PYTHONPATH=/home/mpcmeulensteen/blackboard_ws/install/bbinstance/lib/python3.8/site-packages:${PYTHONPATH} /usr/bin/python3 setup.py egg_info --egg-base ../../build/bbinstance build --build-base /home/mpcmeulensteen/blackboard_ws/build/bbinstance/build install --prefix /home/mpcmeulensteen/blackboard_ws/install/bbinstance --record /home/mpcmeulensteen/blackboard_ws/build/bbinstance/install.log --single-version-externally-managed
