[0.019s] Invoking command in '/home/mpcmeulensteen/blackboard_ws/build/turtlebot3_description': CMAKE_PREFIX_PATH=${CMAKE_PREFIX_PATH}:/home/mpcmeulensteen/blackboard_ws/install/tf_transformations:/home/mpcmeulensteen/blackboard_ws/install/turtlebot3_teleop:/home/mpcmeulensteen/blackboard_ws/install/turtlebot3_example:/home/mpcmeulensteen/blackboard_ws/install/ros2_blackboard:/home/mpcmeulensteen/blackboard_ws/install/ros2_bbinstance:/opt/ros/foxy /usr/bin/cmake --build /home/mpcmeulensteen/blackboard_ws/build/turtlebot3_description -- -j2 -l2
[0.060s] Invoked command in '/home/mpcmeulensteen/blackboard_ws/build/turtlebot3_description' returned '0': CMAKE_PREFIX_PATH=${CMAKE_PREFIX_PATH}:/home/mpcmeulensteen/blackboard_ws/install/tf_transformations:/home/mpcmeulensteen/blackboard_ws/install/turtlebot3_teleop:/home/mpcmeulensteen/blackboard_ws/install/turtlebot3_example:/home/mpcmeulensteen/blackboard_ws/install/ros2_blackboard:/home/mpcmeulensteen/blackboard_ws/install/ros2_bbinstance:/opt/ros/foxy /usr/bin/cmake --build /home/mpcmeulensteen/blackboard_ws/build/turtlebot3_description -- -j2 -l2
[0.087s] Invoking command in '/home/mpcmeulensteen/blackboard_ws/build/turtlebot3_description': CMAKE_PREFIX_PATH=${CMAKE_PREFIX_PATH}:/home/mpcmeulensteen/blackboard_ws/install/tf_transformations:/home/mpcmeulensteen/blackboard_ws/install/turtlebot3_teleop:/home/mpcmeulensteen/blackboard_ws/install/turtlebot3_example:/home/mpcmeulensteen/blackboard_ws/install/ros2_blackboard:/home/mpcmeulensteen/blackboard_ws/install/ros2_bbinstance:/opt/ros/foxy /usr/bin/cmake --install /home/mpcmeulensteen/blackboard_ws/build/turtlebot3_description
[0.097s] -- Install configuration: ""
[0.097s] -- Up-to-date: /home/mpcmeulensteen/blackboard_ws/install/turtlebot3_description/share/turtlebot3_description/meshes
[0.098s] -- Up-to-date: /home/mpcmeulensteen/blackboard_ws/install/turtlebot3_description/share/turtlebot3_description/meshes/wheels
[0.098s] -- Up-to-date: /home/mpcmeulensteen/blackboard_ws/install/turtlebot3_description/share/turtlebot3_description/meshes/wheels/left_tire.stl
[0.098s] -- Up-to-date: /home/mpcmeulensteen/blackboard_ws/install/turtlebot3_description/share/turtlebot3_description/meshes/wheels/right_tire.stl
[0.098s] -- Up-to-date: /home/mpcmeulensteen/blackboard_ws/install/turtlebot3_description/share/turtlebot3_description/meshes/sensors
[0.098s] -- Up-to-date: /home/mpcmeulensteen/blackboard_ws/install/turtlebot3_description/share/turtlebot3_description/meshes/sensors/lds.stl
[0.099s] -- Up-to-date: /home/mpcmeulensteen/blackboard_ws/install/turtlebot3_description/share/turtlebot3_description/meshes/sensors/astra.jpg
[0.099s] -- Up-to-date: /home/mpcmeulensteen/blackboard_ws/install/turtlebot3_description/share/turtlebot3_description/meshes/sensors/r200.dae
[0.101s] -- Up-to-date: /home/mpcmeulensteen/blackboard_ws/install/turtlebot3_description/share/turtlebot3_description/meshes/sensors/astra.dae
[0.102s] -- Up-to-date: /home/mpcmeulensteen/blackboard_ws/install/turtlebot3_description/share/turtlebot3_description/meshes/sensors/r200.jpg
[0.102s] -- Up-to-date: /home/mpcmeulensteen/blackboard_ws/install/turtlebot3_description/share/turtlebot3_description/meshes/bases
[0.103s] -- Up-to-date: /home/mpcmeulensteen/blackboard_ws/install/turtlebot3_description/share/turtlebot3_description/meshes/bases/waffle_base.stl
[0.103s] -- Up-to-date: /home/mpcmeulensteen/blackboard_ws/install/turtlebot3_description/share/turtlebot3_description/meshes/bases/waffle_pi_base.stl
[0.103s] -- Up-to-date: /home/mpcmeulensteen/blackboard_ws/install/turtlebot3_description/share/turtlebot3_description/meshes/bases/burger_base.stl
[0.103s] -- Up-to-date: /home/mpcmeulensteen/blackboard_ws/install/turtlebot3_description/share/turtlebot3_description/rviz
[0.104s] -- Up-to-date: /home/mpcmeulensteen/blackboard_ws/install/turtlebot3_description/share/turtlebot3_description/rviz/model.rviz
[0.104s] -- Up-to-date: /home/mpcmeulensteen/blackboard_ws/install/turtlebot3_description/share/turtlebot3_description/urdf
[0.105s] -- Up-to-date: /home/mpcmeulensteen/blackboard_ws/install/turtlebot3_description/share/turtlebot3_description/urdf/common_properties.urdf
[0.106s] -- Up-to-date: /home/mpcmeulensteen/blackboard_ws/install/turtlebot3_description/share/turtlebot3_description/urdf/turtlebot3_waffle.urdf
[0.106s] -- Up-to-date: /home/mpcmeulensteen/blackboard_ws/install/turtlebot3_description/share/turtlebot3_description/urdf/turtlebot3_waffle_pi.urdf
[0.107s] -- Up-to-date: /home/mpcmeulensteen/blackboard_ws/install/turtlebot3_description/share/turtlebot3_description/urdf/turtlebot3_burger.urdf
[0.109s] -- Up-to-date: /home/mpcmeulensteen/blackboard_ws/install/turtlebot3_description/share/ament_index/resource_index/package_run_dependencies/turtlebot3_description
[0.109s] -- Up-to-date: /home/mpcmeulensteen/blackboard_ws/install/turtlebot3_description/share/ament_index/resource_index/parent_prefix_path/turtlebot3_description
[0.109s] -- Up-to-date: /home/mpcmeulensteen/blackboard_ws/install/turtlebot3_description/share/turtlebot3_description/environment/ament_prefix_path.sh
[0.110s] -- Up-to-date: /home/mpcmeulensteen/blackboard_ws/install/turtlebot3_description/share/turtlebot3_description/environment/ament_prefix_path.dsv
[0.111s] -- Up-to-date: /home/mpcmeulensteen/blackboard_ws/install/turtlebot3_description/share/turtlebot3_description/environment/path.sh
[0.111s] -- Up-to-date: /home/mpcmeulensteen/blackboard_ws/install/turtlebot3_description/share/turtlebot3_description/environment/path.dsv
[0.112s] -- Up-to-date: /home/mpcmeulensteen/blackboard_ws/install/turtlebot3_description/share/turtlebot3_description/local_setup.bash
[0.112s] -- Up-to-date: /home/mpcmeulensteen/blackboard_ws/install/turtlebot3_description/share/turtlebot3_description/local_setup.sh
[0.113s] -- Up-to-date: /home/mpcmeulensteen/blackboard_ws/install/turtlebot3_description/share/turtlebot3_description/local_setup.zsh
[0.115s] -- Up-to-date: /home/mpcmeulensteen/blackboard_ws/install/turtlebot3_description/share/turtlebot3_description/local_setup.dsv
[0.116s] -- Installing: /home/mpcmeulensteen/blackboard_ws/install/turtlebot3_description/share/turtlebot3_description/package.dsv
[0.116s] -- Up-to-date: /home/mpcmeulensteen/blackboard_ws/install/turtlebot3_description/share/ament_index/resource_index/packages/turtlebot3_description
[0.116s] -- Up-to-date: /home/mpcmeulensteen/blackboard_ws/install/turtlebot3_description/share/turtlebot3_description/cmake/turtlebot3_descriptionConfig.cmake
[0.116s] -- Up-to-date: /home/mpcmeulensteen/blackboard_ws/install/turtlebot3_description/share/turtlebot3_description/cmake/turtlebot3_descriptionConfig-version.cmake
[0.116s] -- Up-to-date: /home/mpcmeulensteen/blackboard_ws/install/turtlebot3_description/share/turtlebot3_description/package.xml
[0.116s] Invoked command in '/home/mpcmeulensteen/blackboard_ws/build/turtlebot3_description' returned '0': CMAKE_PREFIX_PATH=${CMAKE_PREFIX_PATH}:/home/mpcmeulensteen/blackboard_ws/install/tf_transformations:/home/mpcmeulensteen/blackboard_ws/install/turtlebot3_teleop:/home/mpcmeulensteen/blackboard_ws/install/turtlebot3_example:/home/mpcmeulensteen/blackboard_ws/install/ros2_blackboard:/home/mpcmeulensteen/blackboard_ws/install/ros2_bbinstance:/opt/ros/foxy /usr/bin/cmake --install /home/mpcmeulensteen/blackboard_ws/build/turtlebot3_description
