[0.016s] Invoking command in '/home/mpcmeulensteen/blackboard_ws/build/hls_lfcd_lds_driver': CMAKE_PREFIX_PATH=${CMAKE_PREFIX_PATH}:/home/mpcmeulensteen/blackboard_ws/install/turtlebot3_teleop:/home/mpcmeulensteen/blackboard_ws/install/turtlebot3_example:/home/mpcmeulensteen/blackboard_ws/install/tf_transformations:/home/mpcmeulensteen/blackboard_ws/install/ros2_blackboard:/home/mpcmeulensteen/blackboard_ws/install/ros2_bbinstance:/opt/ros/foxy /usr/bin/cmake --build /home/mpcmeulensteen/blackboard_ws/build/hls_lfcd_lds_driver -- -j2 -l2
[0.085s] [100%] Built target hlds_laser_publisher
[0.108s] Invoked command in '/home/mpcmeulensteen/blackboard_ws/build/hls_lfcd_lds_driver' returned '0': CMAKE_PREFIX_PATH=${CMAKE_PREFIX_PATH}:/home/mpcmeulensteen/blackboard_ws/install/turtlebot3_teleop:/home/mpcmeulensteen/blackboard_ws/install/turtlebot3_example:/home/mpcmeulensteen/blackboard_ws/install/tf_transformations:/home/mpcmeulensteen/blackboard_ws/install/ros2_blackboard:/home/mpcmeulensteen/blackboard_ws/install/ros2_bbinstance:/opt/ros/foxy /usr/bin/cmake --build /home/mpcmeulensteen/blackboard_ws/build/hls_lfcd_lds_driver -- -j2 -l2
[0.162s] Invoking command in '/home/mpcmeulensteen/blackboard_ws/build/hls_lfcd_lds_driver': CMAKE_PREFIX_PATH=${CMAKE_PREFIX_PATH}:/home/mpcmeulensteen/blackboard_ws/install/turtlebot3_teleop:/home/mpcmeulensteen/blackboard_ws/install/turtlebot3_example:/home/mpcmeulensteen/blackboard_ws/install/tf_transformations:/home/mpcmeulensteen/blackboard_ws/install/ros2_blackboard:/home/mpcmeulensteen/blackboard_ws/install/ros2_bbinstance:/opt/ros/foxy /usr/bin/cmake --install /home/mpcmeulensteen/blackboard_ws/build/hls_lfcd_lds_driver
[0.187s] -- Install configuration: ""
[0.188s] -- Up-to-date: /home/mpcmeulensteen/blackboard_ws/install/hls_lfcd_lds_driver/share/hls_lfcd_lds_driver/launch
[0.188s] -- Up-to-date: /home/mpcmeulensteen/blackboard_ws/install/hls_lfcd_lds_driver/share/hls_lfcd_lds_driver/launch/hlds_laser.launch.py
[0.189s] -- Up-to-date: /home/mpcmeulensteen/blackboard_ws/install/hls_lfcd_lds_driver/share/hls_lfcd_lds_driver/launch/view_hlds_laser.launch.py
[0.190s] -- Up-to-date: /home/mpcmeulensteen/blackboard_ws/install/hls_lfcd_lds_driver/share/hls_lfcd_lds_driver/rviz
[0.190s] -- Up-to-date: /home/mpcmeulensteen/blackboard_ws/install/hls_lfcd_lds_driver/share/hls_lfcd_lds_driver/rviz/hlds_laser.rviz
[0.191s] -- Up-to-date: /home/mpcmeulensteen/blackboard_ws/install/hls_lfcd_lds_driver/lib/hls_lfcd_lds_driver/hlds_laser_publisher
[0.191s] -- Up-to-date: /home/mpcmeulensteen/blackboard_ws/install/hls_lfcd_lds_driver/share/ament_index/resource_index/package_run_dependencies/hls_lfcd_lds_driver
[0.192s] -- Up-to-date: /home/mpcmeulensteen/blackboard_ws/install/hls_lfcd_lds_driver/share/ament_index/resource_index/parent_prefix_path/hls_lfcd_lds_driver
[0.192s] -- Up-to-date: /home/mpcmeulensteen/blackboard_ws/install/hls_lfcd_lds_driver/share/hls_lfcd_lds_driver/environment/ament_prefix_path.sh
[0.193s] -- Up-to-date: /home/mpcmeulensteen/blackboard_ws/install/hls_lfcd_lds_driver/share/hls_lfcd_lds_driver/environment/ament_prefix_path.dsv
[0.193s] -- Up-to-date: /home/mpcmeulensteen/blackboard_ws/install/hls_lfcd_lds_driver/share/hls_lfcd_lds_driver/environment/path.sh
[0.194s] -- Up-to-date: /home/mpcmeulensteen/blackboard_ws/install/hls_lfcd_lds_driver/share/hls_lfcd_lds_driver/environment/path.dsv
[0.194s] -- Up-to-date: /home/mpcmeulensteen/blackboard_ws/install/hls_lfcd_lds_driver/share/hls_lfcd_lds_driver/local_setup.bash
[0.195s] -- Up-to-date: /home/mpcmeulensteen/blackboard_ws/install/hls_lfcd_lds_driver/share/hls_lfcd_lds_driver/local_setup.sh
[0.196s] -- Up-to-date: /home/mpcmeulensteen/blackboard_ws/install/hls_lfcd_lds_driver/share/hls_lfcd_lds_driver/local_setup.zsh
[0.197s] -- Up-to-date: /home/mpcmeulensteen/blackboard_ws/install/hls_lfcd_lds_driver/share/hls_lfcd_lds_driver/local_setup.dsv
[0.197s] -- Installing: /home/mpcmeulensteen/blackboard_ws/install/hls_lfcd_lds_driver/share/hls_lfcd_lds_driver/package.dsv
[0.197s] -- Up-to-date: /home/mpcmeulensteen/blackboard_ws/install/hls_lfcd_lds_driver/share/ament_index/resource_index/packages/hls_lfcd_lds_driver
[0.198s] -- Up-to-date: /home/mpcmeulensteen/blackboard_ws/install/hls_lfcd_lds_driver/share/hls_lfcd_lds_driver/cmake/ament_cmake_export_dependencies-extras.cmake
[0.198s] -- Up-to-date: /home/mpcmeulensteen/blackboard_ws/install/hls_lfcd_lds_driver/share/hls_lfcd_lds_driver/cmake/ament_cmake_export_include_directories-extras.cmake
[0.198s] -- Up-to-date: /home/mpcmeulensteen/blackboard_ws/install/hls_lfcd_lds_driver/share/hls_lfcd_lds_driver/cmake/hls_lfcd_lds_driverConfig.cmake
[0.199s] -- Up-to-date: /home/mpcmeulensteen/blackboard_ws/install/hls_lfcd_lds_driver/share/hls_lfcd_lds_driver/cmake/hls_lfcd_lds_driverConfig-version.cmake
[0.199s] -- Up-to-date: /home/mpcmeulensteen/blackboard_ws/install/hls_lfcd_lds_driver/share/hls_lfcd_lds_driver/package.xml
[0.199s] Invoked command in '/home/mpcmeulensteen/blackboard_ws/build/hls_lfcd_lds_driver' returned '0': CMAKE_PREFIX_PATH=${CMAKE_PREFIX_PATH}:/home/mpcmeulensteen/blackboard_ws/install/turtlebot3_teleop:/home/mpcmeulensteen/blackboard_ws/install/turtlebot3_example:/home/mpcmeulensteen/blackboard_ws/install/tf_transformations:/home/mpcmeulensteen/blackboard_ws/install/ros2_blackboard:/home/mpcmeulensteen/blackboard_ws/install/ros2_bbinstance:/opt/ros/foxy /usr/bin/cmake --install /home/mpcmeulensteen/blackboard_ws/build/hls_lfcd_lds_driver
