[0.039s] Invoking command in '/home/mpcmeulensteen/blackboard_ws/build/map_msgs': CMAKE_PREFIX_PATH=${CMAKE_PREFIX_PATH}:/home/mpcmeulensteen/blackboard_ws/install/turtlebot3_teleop:/home/mpcmeulensteen/blackboard_ws/install/turtlebot3_example:/home/mpcmeulensteen/blackboard_ws/install/ros2_blackboard:/home/mpcmeulensteen/turtlebot3_ws/install/turtlebot3_teleop:/home/mpcmeulensteen/turtlebot3_ws/install/turtlebot3_example:/home/mpcmeulensteen/colcon_ws/install/turtlebot3_teleop:/home/mpcmeulensteen/colcon_ws/install/turtlebot3_example:/opt/ros/foxy /usr/bin/cmake --build /home/mpcmeulensteen/blackboard_ws/build/map_msgs -- -j2 -l2
[0.115s] [  0%] Built target map_msgs__cpp
[0.153s] [ 12%] Built target map_msgs__rosidl_generator_c
[0.193s] [ 24%] Built target map_msgs__rosidl_typesupport_cpp
[0.263s] [ 35%] Built target map_msgs__rosidl_typesupport_fastrtps_cpp
[0.286s] [ 47%] Built target map_msgs__rosidl_typesupport_introspection_c
[0.364s] [ 58%] Built target map_msgs__rosidl_typesupport_c
[0.391s] [ 70%] Built target map_msgs__rosidl_typesupport_introspection_cpp
[0.468s] [ 82%] Built target map_msgs__rosidl_typesupport_fastrtps_c
[0.540s] [ 82%] Built target map_msgs
[0.583s] [ 83%] Built target map_msgs__py
[0.672s] [ 94%] Built target map_msgs__python
[0.766s] [ 96%] Built target map_msgs__rosidl_typesupport_introspection_c__pyext
[0.796s] [ 98%] Built target map_msgs__rosidl_typesupport_fastrtps_c__pyext
[0.862s] [100%] Built target map_msgs__rosidl_typesupport_c__pyext
[0.890s] Invoked command in '/home/mpcmeulensteen/blackboard_ws/build/map_msgs' returned '0': CMAKE_PREFIX_PATH=${CMAKE_PREFIX_PATH}:/home/mpcmeulensteen/blackboard_ws/install/turtlebot3_teleop:/home/mpcmeulensteen/blackboard_ws/install/turtlebot3_example:/home/mpcmeulensteen/blackboard_ws/install/ros2_blackboard:/home/mpcmeulensteen/turtlebot3_ws/install/turtlebot3_teleop:/home/mpcmeulensteen/turtlebot3_ws/install/turtlebot3_example:/home/mpcmeulensteen/colcon_ws/install/turtlebot3_teleop:/home/mpcmeulensteen/colcon_ws/install/turtlebot3_example:/opt/ros/foxy /usr/bin/cmake --build /home/mpcmeulensteen/blackboard_ws/build/map_msgs -- -j2 -l2
[1.362s] Invoking command in '/home/mpcmeulensteen/blackboard_ws/build/map_msgs': CMAKE_PREFIX_PATH=${CMAKE_PREFIX_PATH}:/home/mpcmeulensteen/blackboard_ws/install/turtlebot3_teleop:/home/mpcmeulensteen/blackboard_ws/install/turtlebot3_example:/home/mpcmeulensteen/blackboard_ws/install/ros2_blackboard:/home/mpcmeulensteen/turtlebot3_ws/install/turtlebot3_teleop:/home/mpcmeulensteen/turtlebot3_ws/install/turtlebot3_example:/home/mpcmeulensteen/colcon_ws/install/turtlebot3_teleop:/home/mpcmeulensteen/colcon_ws/install/turtlebot3_example:/opt/ros/foxy /usr/bin/cmake --install /home/mpcmeulensteen/blackboard_ws/build/map_msgs
[1.388s] -- Install configuration: ""
[1.390s] -- Up-to-date: /home/mpcmeulensteen/blackboard_ws/install/map_msgs/share/ament_index/resource_index/rosidl_interfaces/map_msgs
[1.391s] -- Up-to-date: /home/mpcmeulensteen/blackboard_ws/install/map_msgs/include/map_msgs
[1.392s] -- Up-to-date: /home/mpcmeulensteen/blackboard_ws/install/map_msgs/include/map_msgs/srv
[1.392s] -- Up-to-date: /home/mpcmeulensteen/blackboard_ws/install/map_msgs/include/map_msgs/srv/set_map_projections.h
[1.392s] -- Up-to-date: /home/mpcmeulensteen/blackboard_ws/install/map_msgs/include/map_msgs/srv/projected_maps_info.h
[1.392s] -- Up-to-date: /home/mpcmeulensteen/blackboard_ws/install/map_msgs/include/map_msgs/srv/detail
[1.392s] -- Up-to-date: /home/mpcmeulensteen/blackboard_ws/install/map_msgs/include/map_msgs/srv/detail/save_map__functions.c
[1.392s] -- Up-to-date: /home/mpcmeulensteen/blackboard_ws/install/map_msgs/include/map_msgs/srv/detail/projected_maps_info__functions.c
[1.392s] -- Up-to-date: /home/mpcmeulensteen/blackboard_ws/install/map_msgs/include/map_msgs/srv/detail/get_map_roi__type_support.h
[1.392s] -- Up-to-date: /home/mpcmeulensteen/blackboard_ws/install/map_msgs/include/map_msgs/srv/detail/get_point_map__functions.h
[1.392s] -- Up-to-date: /home/mpcmeulensteen/blackboard_ws/install/map_msgs/include/map_msgs/srv/detail/save_map__struct.h
[1.392s] -- Up-to-date: /home/mpcmeulensteen/blackboard_ws/install/map_msgs/include/map_msgs/srv/detail/set_map_projections__type_support.h
[1.392s] -- Up-to-date: /home/mpcmeulensteen/blackboard_ws/install/map_msgs/include/map_msgs/srv/detail/set_map_projections__functions.h
[1.392s] -- Up-to-date: /home/mpcmeulensteen/blackboard_ws/install/map_msgs/include/map_msgs/srv/detail/get_point_map_roi__functions.h
[1.392s] -- Up-to-date: /home/mpcmeulensteen/blackboard_ws/install/map_msgs/include/map_msgs/srv/detail/get_point_map_roi__functions.c
[1.392s] -- Up-to-date: /home/mpcmeulensteen/blackboard_ws/install/map_msgs/include/map_msgs/srv/detail/get_point_map__struct.h
[1.392s] -- Up-to-date: /home/mpcmeulensteen/blackboard_ws/install/map_msgs/include/map_msgs/srv/detail/set_map_projections__struct.h
[1.392s] -- Up-to-date: /home/mpcmeulensteen/blackboard_ws/install/map_msgs/include/map_msgs/srv/detail/get_point_map_roi__struct.h
[1.396s] -- Up-to-date: /home/mpcmeulensteen/blackboard_ws/install/map_msgs/include/map_msgs/srv/detail/get_point_map__functions.c
[1.396s] -- Up-to-date: /home/mpcmeulensteen/blackboard_ws/install/map_msgs/include/map_msgs/srv/detail/get_point_map__type_support.h
[1.396s] -- Up-to-date: /home/mpcmeulensteen/blackboard_ws/install/map_msgs/include/map_msgs/srv/detail/get_map_roi__struct.h
[1.396s] -- Up-to-date: /home/mpcmeulensteen/blackboard_ws/install/map_msgs/include/map_msgs/srv/detail/projected_maps_info__functions.h
[1.396s] -- Up-to-date: /home/mpcmeulensteen/blackboard_ws/install/map_msgs/include/map_msgs/srv/detail/save_map__type_support.h
[1.396s] -- Up-to-date: /home/mpcmeulensteen/blackboard_ws/install/map_msgs/include/map_msgs/srv/detail/get_map_roi__functions.c
[1.396s] -- Up-to-date: /home/mpcmeulensteen/blackboard_ws/install/map_msgs/include/map_msgs/srv/detail/get_map_roi__functions.h
[1.396s] -- Up-to-date: /home/mpcmeulensteen/blackboard_ws/install/map_msgs/include/map_msgs/srv/detail/projected_maps_info__struct.h
[1.396s] -- Up-to-date: /home/mpcmeulensteen/blackboard_ws/install/map_msgs/include/map_msgs/srv/detail/set_map_projections__functions.c
[1.396s] -- Up-to-date: /home/mpcmeulensteen/blackboard_ws/install/map_msgs/include/map_msgs/srv/detail/get_point_map_roi__type_support.h
[1.396s] -- Up-to-date: /home/mpcmeulensteen/blackboard_ws/install/map_msgs/include/map_msgs/srv/detail/projected_maps_info__type_support.h
[1.396s] -- Up-to-date: /home/mpcmeulensteen/blackboard_ws/install/map_msgs/include/map_msgs/srv/detail/save_map__functions.h
[1.397s] -- Up-to-date: /home/mpcmeulensteen/blackboard_ws/install/map_msgs/include/map_msgs/srv/get_map_roi.h
[1.397s] -- Up-to-date: /home/mpcmeulensteen/blackboard_ws/install/map_msgs/include/map_msgs/srv/save_map.h
[1.397s] -- Up-to-date: /home/mpcmeulensteen/blackboard_ws/install/map_msgs/include/map_msgs/srv/get_point_map.h
[1.397s] -- Up-to-date: /home/mpcmeulensteen/blackboard_ws/install/map_msgs/include/map_msgs/srv/get_point_map_roi.h
[1.397s] -- Up-to-date: /home/mpcmeulensteen/blackboard_ws/install/map_msgs/include/map_msgs/msg
[1.397s] -- Up-to-date: /home/mpcmeulensteen/blackboard_ws/install/map_msgs/include/map_msgs/msg/detail
[1.397s] -- Up-to-date: /home/mpcmeulensteen/blackboard_ws/install/map_msgs/include/map_msgs/msg/detail/point_cloud2_update__functions.h
[1.397s] -- Up-to-date: /home/mpcmeulensteen/blackboard_ws/install/map_msgs/include/map_msgs/msg/detail/point_cloud2_update__struct.h
[1.397s] -- Up-to-date: /home/mpcmeulensteen/blackboard_ws/install/map_msgs/include/map_msgs/msg/detail/projected_map__functions.h
[1.397s] -- Up-to-date: /home/mpcmeulensteen/blackboard_ws/install/map_msgs/include/map_msgs/msg/detail/projected_map__type_support.h
[1.397s] -- Up-to-date: /home/mpcmeulensteen/blackboard_ws/install/map_msgs/include/map_msgs/msg/detail/occupancy_grid_update__type_support.h
[1.397s] -- Up-to-date: /home/mpcmeulensteen/blackboard_ws/install/map_msgs/include/map_msgs/msg/detail/projected_map__struct.h
[1.397s] -- Up-to-date: /home/mpcmeulensteen/blackboard_ws/install/map_msgs/include/map_msgs/msg/detail/projected_map_info__functions.h
[1.397s] -- Up-to-date: /home/mpcmeulensteen/blackboard_ws/install/map_msgs/include/map_msgs/msg/detail/projected_map_info__functions.c
[1.397s] -- Up-to-date: /home/mpcmeulensteen/blackboard_ws/install/map_msgs/include/map_msgs/msg/detail/projected_map__functions.c
[1.397s] -- Up-to-date: /home/mpcmeulensteen/blackboard_ws/install/map_msgs/include/map_msgs/msg/detail/occupancy_grid_update__struct.h
[1.398s] -- Up-to-date: /home/mpcmeulensteen/blackboard_ws/install/map_msgs/include/map_msgs/msg/detail/point_cloud2_update__type_support.h
[1.398s] -- Up-to-date: /home/mpcmeulensteen/blackboard_ws/install/map_msgs/include/map_msgs/msg/detail/projected_map_info__struct.h
[1.398s] -- Up-to-date: /home/mpcmeulensteen/blackboard_ws/install/map_msgs/include/map_msgs/msg/detail/projected_map_info__type_support.h
[1.398s] -- Up-to-date: /home/mpcmeulensteen/blackboard_ws/install/map_msgs/include/map_msgs/msg/detail/occupancy_grid_update__functions.c
[1.398s] -- Up-to-date: /home/mpcmeulensteen/blackboard_ws/install/map_msgs/include/map_msgs/msg/detail/point_cloud2_update__functions.c
[1.398s] -- Up-to-date: /home/mpcmeulensteen/blackboard_ws/install/map_msgs/include/map_msgs/msg/detail/occupancy_grid_update__functions.h
[1.398s] -- Up-to-date: /home/mpcmeulensteen/blackboard_ws/install/map_msgs/include/map_msgs/msg/projected_map.h
[1.398s] -- Up-to-date: /home/mpcmeulensteen/blackboard_ws/install/map_msgs/include/map_msgs/msg/occupancy_grid_update.h
[1.398s] -- Up-to-date: /home/mpcmeulensteen/blackboard_ws/install/map_msgs/include/map_msgs/msg/projected_map_info.h
[1.398s] -- Up-to-date: /home/mpcmeulensteen/blackboard_ws/install/map_msgs/include/map_msgs/msg/point_cloud2_update.h
[1.398s] -- Up-to-date: /home/mpcmeulensteen/blackboard_ws/install/map_msgs/include/map_msgs/msg/rosidl_generator_c__visibility_control.h
[1.404s] -- Up-to-date: /home/mpcmeulensteen/blackboard_ws/install/map_msgs/share/map_msgs/environment/library_path.sh
[1.404s] -- Up-to-date: /home/mpcmeulensteen/blackboard_ws/install/map_msgs/share/map_msgs/environment/library_path.dsv
[1.404s] -- Up-to-date: /home/mpcmeulensteen/blackboard_ws/install/map_msgs/lib/libmap_msgs__rosidl_generator_c.so
[1.404s] -- Up-to-date: /home/mpcmeulensteen/blackboard_ws/install/map_msgs/include/map_msgs
[1.404s] -- Up-to-date: /home/mpcmeulensteen/blackboard_ws/install/map_msgs/include/map_msgs/srv
[1.404s] -- Up-to-date: /home/mpcmeulensteen/blackboard_ws/install/map_msgs/include/map_msgs/srv/detail
[1.404s] -- Up-to-date: /home/mpcmeulensteen/blackboard_ws/install/map_msgs/include/map_msgs/srv/detail/get_point_map_roi__rosidl_typesupport_fastrtps_c.h
[1.404s] -- Up-to-date: /home/mpcmeulensteen/blackboard_ws/install/map_msgs/include/map_msgs/srv/detail/get_map_roi__rosidl_typesupport_fastrtps_c.h
[1.404s] -- Up-to-date: /home/mpcmeulensteen/blackboard_ws/install/map_msgs/include/map_msgs/srv/detail/projected_maps_info__rosidl_typesupport_fastrtps_c.h
[1.404s] -- Up-to-date: /home/mpcmeulensteen/blackboard_ws/install/map_msgs/include/map_msgs/srv/detail/get_point_map__rosidl_typesupport_fastrtps_c.h
[1.404s] -- Up-to-date: /home/mpcmeulensteen/blackboard_ws/install/map_msgs/include/map_msgs/srv/detail/save_map__rosidl_typesupport_fastrtps_c.h
[1.405s] -- Up-to-date: /home/mpcmeulensteen/blackboard_ws/install/map_msgs/include/map_msgs/srv/detail/set_map_projections__rosidl_typesupport_fastrtps_c.h
[1.405s] -- Up-to-date: /home/mpcmeulensteen/blackboard_ws/install/map_msgs/include/map_msgs/msg
[1.405s] -- Up-to-date: /home/mpcmeulensteen/blackboard_ws/install/map_msgs/include/map_msgs/msg/detail
[1.405s] -- Up-to-date: /home/mpcmeulensteen/blackboard_ws/install/map_msgs/include/map_msgs/msg/detail/occupancy_grid_update__rosidl_typesupport_fastrtps_c.h
[1.405s] -- Up-to-date: /home/mpcmeulensteen/blackboard_ws/install/map_msgs/include/map_msgs/msg/detail/projected_map__rosidl_typesupport_fastrtps_c.h
[1.405s] -- Up-to-date: /home/mpcmeulensteen/blackboard_ws/install/map_msgs/include/map_msgs/msg/detail/point_cloud2_update__rosidl_typesupport_fastrtps_c.h
[1.405s] -- Up-to-date: /home/mpcmeulensteen/blackboard_ws/install/map_msgs/include/map_msgs/msg/detail/projected_map_info__rosidl_typesupport_fastrtps_c.h
[1.405s] -- Up-to-date: /home/mpcmeulensteen/blackboard_ws/install/map_msgs/include/map_msgs/msg/rosidl_typesupport_fastrtps_c__visibility_control.h
[1.405s] -- Up-to-date: /home/mpcmeulensteen/blackboard_ws/install/map_msgs/lib/libmap_msgs__rosidl_typesupport_fastrtps_c.so
[1.406s] -- Up-to-date: /home/mpcmeulensteen/blackboard_ws/install/map_msgs/include/map_msgs
[1.406s] -- Up-to-date: /home/mpcmeulensteen/blackboard_ws/install/map_msgs/include/map_msgs/srv
[1.406s] -- Up-to-date: /home/mpcmeulensteen/blackboard_ws/install/map_msgs/include/map_msgs/srv/detail
[1.406s] -- Up-to-date: /home/mpcmeulensteen/blackboard_ws/install/map_msgs/include/map_msgs/srv/detail/get_point_map_roi__rosidl_typesupport_fastrtps_cpp.hpp
[1.406s] -- Up-to-date: /home/mpcmeulensteen/blackboard_ws/install/map_msgs/include/map_msgs/srv/detail/set_map_projections__rosidl_typesupport_fastrtps_cpp.hpp
[1.406s] -- Up-to-date: /home/mpcmeulensteen/blackboard_ws/install/map_msgs/include/map_msgs/srv/detail/save_map__rosidl_typesupport_fastrtps_cpp.hpp
[1.407s] -- Up-to-date: /home/mpcmeulensteen/blackboard_ws/install/map_msgs/include/map_msgs/srv/detail/projected_maps_info__rosidl_typesupport_fastrtps_cpp.hpp
[1.407s] -- Up-to-date: /home/mpcmeulensteen/blackboard_ws/install/map_msgs/include/map_msgs/srv/detail/get_point_map__rosidl_typesupport_fastrtps_cpp.hpp
[1.407s] -- Up-to-date: /home/mpcmeulensteen/blackboard_ws/install/map_msgs/include/map_msgs/srv/detail/get_map_roi__rosidl_typesupport_fastrtps_cpp.hpp
[1.407s] -- Up-to-date: /home/mpcmeulensteen/blackboard_ws/install/map_msgs/include/map_msgs/srv/detail/dds_fastrtps
[1.407s] -- Up-to-date: /home/mpcmeulensteen/blackboard_ws/install/map_msgs/include/map_msgs/msg
[1.407s] -- Up-to-date: /home/mpcmeulensteen/blackboard_ws/install/map_msgs/include/map_msgs/msg/detail
[1.407s] -- Up-to-date: /home/mpcmeulensteen/blackboard_ws/install/map_msgs/include/map_msgs/msg/detail/projected_map__rosidl_typesupport_fastrtps_cpp.hpp
[1.407s] -- Up-to-date: /home/mpcmeulensteen/blackboard_ws/install/map_msgs/include/map_msgs/msg/detail/occupancy_grid_update__rosidl_typesupport_fastrtps_cpp.hpp
[1.407s] -- Up-to-date: /home/mpcmeulensteen/blackboard_ws/install/map_msgs/include/map_msgs/msg/detail/point_cloud2_update__rosidl_typesupport_fastrtps_cpp.hpp
[1.407s] -- Up-to-date: /home/mpcmeulensteen/blackboard_ws/install/map_msgs/include/map_msgs/msg/detail/dds_fastrtps
[1.407s] -- Up-to-date: /home/mpcmeulensteen/blackboard_ws/install/map_msgs/include/map_msgs/msg/detail/projected_map_info__rosidl_typesupport_fastrtps_cpp.hpp
[1.407s] -- Up-to-date: /home/mpcmeulensteen/blackboard_ws/install/map_msgs/include/map_msgs/msg/rosidl_typesupport_fastrtps_cpp__visibility_control.h
[1.407s] -- Up-to-date: /home/mpcmeulensteen/blackboard_ws/install/map_msgs/lib/libmap_msgs__rosidl_typesupport_fastrtps_cpp.so
[1.417s] -- Up-to-date: /home/mpcmeulensteen/blackboard_ws/install/map_msgs/include/map_msgs
[1.417s] -- Up-to-date: /home/mpcmeulensteen/blackboard_ws/install/map_msgs/include/map_msgs/srv
[1.417s] -- Up-to-date: /home/mpcmeulensteen/blackboard_ws/install/map_msgs/include/map_msgs/srv/detail
[1.417s] -- Up-to-date: /home/mpcmeulensteen/blackboard_ws/install/map_msgs/include/map_msgs/srv/detail/get_point_map_roi__rosidl_typesupport_introspection_c.h
[1.417s] -- Up-to-date: /home/mpcmeulensteen/blackboard_ws/install/map_msgs/include/map_msgs/srv/detail/projected_maps_info__type_support.c
[1.417s] -- Up-to-date: /home/mpcmeulensteen/blackboard_ws/install/map_msgs/include/map_msgs/srv/detail/get_point_map_roi__type_support.c
[1.418s] -- Up-to-date: /home/mpcmeulensteen/blackboard_ws/install/map_msgs/include/map_msgs/srv/detail/get_point_map__rosidl_typesupport_introspection_c.h
[1.418s] -- Up-to-date: /home/mpcmeulensteen/blackboard_ws/install/map_msgs/include/map_msgs/srv/detail/set_map_projections__type_support.c
[1.418s] -- Up-to-date: /home/mpcmeulensteen/blackboard_ws/install/map_msgs/include/map_msgs/srv/detail/save_map__type_support.c
[1.418s] -- Up-to-date: /home/mpcmeulensteen/blackboard_ws/install/map_msgs/include/map_msgs/srv/detail/projected_maps_info__rosidl_typesupport_introspection_c.h
[1.418s] -- Up-to-date: /home/mpcmeulensteen/blackboard_ws/install/map_msgs/include/map_msgs/srv/detail/get_map_roi__type_support.c
[1.419s] -- Up-to-date: /home/mpcmeulensteen/blackboard_ws/install/map_msgs/include/map_msgs/srv/detail/get_map_roi__rosidl_typesupport_introspection_c.h
[1.419s] -- Up-to-date: /home/mpcmeulensteen/blackboard_ws/install/map_msgs/include/map_msgs/srv/detail/set_map_projections__rosidl_typesupport_introspection_c.h
[1.419s] -- Up-to-date: /home/mpcmeulensteen/blackboard_ws/install/map_msgs/include/map_msgs/srv/detail/get_point_map__type_support.c
[1.419s] -- Up-to-date: /home/mpcmeulensteen/blackboard_ws/install/map_msgs/include/map_msgs/srv/detail/save_map__rosidl_typesupport_introspection_c.h
[1.419s] -- Up-to-date: /home/mpcmeulensteen/blackboard_ws/install/map_msgs/include/map_msgs/msg
[1.419s] -- Up-to-date: /home/mpcmeulensteen/blackboard_ws/install/map_msgs/include/map_msgs/msg/detail
[1.419s] -- Up-to-date: /home/mpcmeulensteen/blackboard_ws/install/map_msgs/include/map_msgs/msg/detail/projected_map__type_support.c
[1.419s] -- Up-to-date: /home/mpcmeulensteen/blackboard_ws/install/map_msgs/include/map_msgs/msg/detail/projected_map__rosidl_typesupport_introspection_c.h
[1.419s] -- Up-to-date: /home/mpcmeulensteen/blackboard_ws/install/map_msgs/include/map_msgs/msg/detail/projected_map_info__rosidl_typesupport_introspection_c.h
[1.419s] -- Up-to-date: /home/mpcmeulensteen/blackboard_ws/install/map_msgs/include/map_msgs/msg/detail/point_cloud2_update__type_support.c
[1.419s] -- Up-to-date: /home/mpcmeulensteen/blackboard_ws/install/map_msgs/include/map_msgs/msg/detail/occupancy_grid_update__rosidl_typesupport_introspection_c.h
[1.420s] -- Up-to-date: /home/mpcmeulensteen/blackboard_ws/install/map_msgs/include/map_msgs/msg/detail/point_cloud2_update__rosidl_typesupport_introspection_c.h
[1.420s] -- Up-to-date: /home/mpcmeulensteen/blackboard_ws/install/map_msgs/include/map_msgs/msg/detail/occupancy_grid_update__type_support.c
[1.420s] -- Up-to-date: /home/mpcmeulensteen/blackboard_ws/install/map_msgs/include/map_msgs/msg/detail/projected_map_info__type_support.c
[1.420s] -- Up-to-date: /home/mpcmeulensteen/blackboard_ws/install/map_msgs/include/map_msgs/msg/rosidl_typesupport_introspection_c__visibility_control.h
[1.421s] -- Up-to-date: /home/mpcmeulensteen/blackboard_ws/install/map_msgs/lib/libmap_msgs__rosidl_typesupport_introspection_c.so
[1.428s] -- Up-to-date: /home/mpcmeulensteen/blackboard_ws/install/map_msgs/lib/libmap_msgs__rosidl_typesupport_c.so
[1.428s] -- Up-to-date: /home/mpcmeulensteen/blackboard_ws/install/map_msgs/include/map_msgs
[1.428s] -- Up-to-date: /home/mpcmeulensteen/blackboard_ws/install/map_msgs/include/map_msgs/srv
[1.428s] -- Up-to-date: /home/mpcmeulensteen/blackboard_ws/install/map_msgs/include/map_msgs/srv/projected_maps_info.hpp
[1.428s] -- Up-to-date: /home/mpcmeulensteen/blackboard_ws/install/map_msgs/include/map_msgs/srv/detail
[1.428s] -- Up-to-date: /home/mpcmeulensteen/blackboard_ws/install/map_msgs/include/map_msgs/srv/detail/get_map_roi__traits.hpp
[1.428s] -- Up-to-date: /home/mpcmeulensteen/blackboard_ws/install/map_msgs/include/map_msgs/srv/detail/save_map__traits.hpp
[1.428s] -- Up-to-date: /home/mpcmeulensteen/blackboard_ws/install/map_msgs/include/map_msgs/srv/detail/get_point_map_roi__builder.hpp
[1.428s] -- Up-to-date: /home/mpcmeulensteen/blackboard_ws/install/map_msgs/include/map_msgs/srv/detail/projected_maps_info__builder.hpp
[1.428s] -- Up-to-date: /home/mpcmeulensteen/blackboard_ws/install/map_msgs/include/map_msgs/srv/detail/projected_maps_info__traits.hpp
[1.428s] -- Up-to-date: /home/mpcmeulensteen/blackboard_ws/install/map_msgs/include/map_msgs/srv/detail/get_point_map_roi__struct.hpp
[1.428s] -- Up-to-date: /home/mpcmeulensteen/blackboard_ws/install/map_msgs/include/map_msgs/srv/detail/set_map_projections__builder.hpp
[1.428s] -- Up-to-date: /home/mpcmeulensteen/blackboard_ws/install/map_msgs/include/map_msgs/srv/detail/save_map__struct.hpp
[1.430s] -- Up-to-date: /home/mpcmeulensteen/blackboard_ws/install/map_msgs/include/map_msgs/srv/detail/projected_maps_info__struct.hpp
[1.430s] -- Up-to-date: /home/mpcmeulensteen/blackboard_ws/install/map_msgs/include/map_msgs/srv/detail/get_point_map__traits.hpp
[1.430s] -- Up-to-date: /home/mpcmeulensteen/blackboard_ws/install/map_msgs/include/map_msgs/srv/detail/get_point_map__struct.hpp
[1.430s] -- Up-to-date: /home/mpcmeulensteen/blackboard_ws/install/map_msgs/include/map_msgs/srv/detail/get_map_roi__struct.hpp
[1.430s] -- Up-to-date: /home/mpcmeulensteen/blackboard_ws/install/map_msgs/include/map_msgs/srv/detail/get_map_roi__builder.hpp
[1.430s] -- Up-to-date: /home/mpcmeulensteen/blackboard_ws/install/map_msgs/include/map_msgs/srv/detail/set_map_projections__traits.hpp
[1.430s] -- Up-to-date: /home/mpcmeulensteen/blackboard_ws/install/map_msgs/include/map_msgs/srv/detail/get_point_map_roi__traits.hpp
[1.430s] -- Up-to-date: /home/mpcmeulensteen/blackboard_ws/install/map_msgs/include/map_msgs/srv/detail/save_map__builder.hpp
[1.430s] -- Up-to-date: /home/mpcmeulensteen/blackboard_ws/install/map_msgs/include/map_msgs/srv/detail/set_map_projections__struct.hpp
[1.430s] -- Up-to-date: /home/mpcmeulensteen/blackboard_ws/install/map_msgs/include/map_msgs/srv/detail/get_point_map__builder.hpp
[1.430s] -- Up-to-date: /home/mpcmeulensteen/blackboard_ws/install/map_msgs/include/map_msgs/srv/save_map.hpp
[1.430s] -- Up-to-date: /home/mpcmeulensteen/blackboard_ws/install/map_msgs/include/map_msgs/srv/set_map_projections.hpp
[1.431s] -- Up-to-date: /home/mpcmeulensteen/blackboard_ws/install/map_msgs/include/map_msgs/srv/get_map_roi.hpp
[1.431s] -- Up-to-date: /home/mpcmeulensteen/blackboard_ws/install/map_msgs/include/map_msgs/srv/get_point_map.hpp
[1.431s] -- Up-to-date: /home/mpcmeulensteen/blackboard_ws/install/map_msgs/include/map_msgs/srv/get_point_map_roi.hpp
[1.431s] -- Up-to-date: /home/mpcmeulensteen/blackboard_ws/install/map_msgs/include/map_msgs/msg
[1.431s] -- Up-to-date: /home/mpcmeulensteen/blackboard_ws/install/map_msgs/include/map_msgs/msg/detail
[1.431s] -- Up-to-date: /home/mpcmeulensteen/blackboard_ws/install/map_msgs/include/map_msgs/msg/detail/projected_map_info__traits.hpp
[1.431s] -- Up-to-date: /home/mpcmeulensteen/blackboard_ws/install/map_msgs/include/map_msgs/msg/detail/occupancy_grid_update__traits.hpp
[1.431s] -- Up-to-date: /home/mpcmeulensteen/blackboard_ws/install/map_msgs/include/map_msgs/msg/detail/occupancy_grid_update__builder.hpp
[1.431s] -- Up-to-date: /home/mpcmeulensteen/blackboard_ws/install/map_msgs/include/map_msgs/msg/detail/projected_map__traits.hpp
[1.431s] -- Up-to-date: /home/mpcmeulensteen/blackboard_ws/install/map_msgs/include/map_msgs/msg/detail/point_cloud2_update__builder.hpp
[1.431s] -- Up-to-date: /home/mpcmeulensteen/blackboard_ws/install/map_msgs/include/map_msgs/msg/detail/projected_map_info__builder.hpp
[1.431s] -- Up-to-date: /home/mpcmeulensteen/blackboard_ws/install/map_msgs/include/map_msgs/msg/detail/point_cloud2_update__struct.hpp
[1.431s] -- Up-to-date: /home/mpcmeulensteen/blackboard_ws/install/map_msgs/include/map_msgs/msg/detail/projected_map__builder.hpp
[1.431s] -- Up-to-date: /home/mpcmeulensteen/blackboard_ws/install/map_msgs/include/map_msgs/msg/detail/projected_map_info__struct.hpp
[1.432s] -- Up-to-date: /home/mpcmeulensteen/blackboard_ws/install/map_msgs/include/map_msgs/msg/detail/point_cloud2_update__traits.hpp
[1.432s] -- Up-to-date: /home/mpcmeulensteen/blackboard_ws/install/map_msgs/include/map_msgs/msg/detail/occupancy_grid_update__struct.hpp
[1.432s] -- Up-to-date: /home/mpcmeulensteen/blackboard_ws/install/map_msgs/include/map_msgs/msg/detail/projected_map__struct.hpp
[1.432s] -- Up-to-date: /home/mpcmeulensteen/blackboard_ws/install/map_msgs/include/map_msgs/msg/projected_map.hpp
[1.432s] -- Up-to-date: /home/mpcmeulensteen/blackboard_ws/install/map_msgs/include/map_msgs/msg/projected_map_info.hpp
[1.432s] -- Up-to-date: /home/mpcmeulensteen/blackboard_ws/install/map_msgs/include/map_msgs/msg/point_cloud2_update.hpp
[1.432s] -- Up-to-date: /home/mpcmeulensteen/blackboard_ws/install/map_msgs/include/map_msgs/msg/occupancy_grid_update.hpp
[1.432s] -- Up-to-date: /home/mpcmeulensteen/blackboard_ws/install/map_msgs/include/map_msgs
[1.432s] -- Up-to-date: /home/mpcmeulensteen/blackboard_ws/install/map_msgs/include/map_msgs/srv
[1.432s] -- Up-to-date: /home/mpcmeulensteen/blackboard_ws/install/map_msgs/include/map_msgs/srv/detail
[1.432s] -- Up-to-date: /home/mpcmeulensteen/blackboard_ws/install/map_msgs/include/map_msgs/srv/detail/set_map_projections__rosidl_typesupport_introspection_cpp.hpp
[1.432s] -- Up-to-date: /home/mpcmeulensteen/blackboard_ws/install/map_msgs/include/map_msgs/srv/detail/set_map_projections__type_support.cpp
[1.432s] -- Up-to-date: /home/mpcmeulensteen/blackboard_ws/install/map_msgs/include/map_msgs/srv/detail/get_map_roi__type_support.cpp
[1.432s] -- Up-to-date: /home/mpcmeulensteen/blackboard_ws/install/map_msgs/include/map_msgs/srv/detail/projected_maps_info__rosidl_typesupport_introspection_cpp.hpp
[1.433s] -- Up-to-date: /home/mpcmeulensteen/blackboard_ws/install/map_msgs/include/map_msgs/srv/detail/get_point_map__rosidl_typesupport_introspection_cpp.hpp
[1.433s] -- Up-to-date: /home/mpcmeulensteen/blackboard_ws/install/map_msgs/include/map_msgs/srv/detail/save_map__type_support.cpp
[1.433s] -- Up-to-date: /home/mpcmeulensteen/blackboard_ws/install/map_msgs/include/map_msgs/srv/detail/get_point_map_roi__type_support.cpp
[1.433s] -- Up-to-date: /home/mpcmeulensteen/blackboard_ws/install/map_msgs/include/map_msgs/srv/detail/get_point_map_roi__rosidl_typesupport_introspection_cpp.hpp
[1.433s] -- Up-to-date: /home/mpcmeulensteen/blackboard_ws/install/map_msgs/include/map_msgs/srv/detail/get_point_map__type_support.cpp
[1.433s] -- Up-to-date: /home/mpcmeulensteen/blackboard_ws/install/map_msgs/include/map_msgs/srv/detail/save_map__rosidl_typesupport_introspection_cpp.hpp
[1.433s] -- Up-to-date: /home/mpcmeulensteen/blackboard_ws/install/map_msgs/include/map_msgs/srv/detail/projected_maps_info__type_support.cpp
[1.433s] -- Up-to-date: /home/mpcmeulensteen/blackboard_ws/install/map_msgs/include/map_msgs/srv/detail/get_map_roi__rosidl_typesupport_introspection_cpp.hpp
[1.433s] -- Up-to-date: /home/mpcmeulensteen/blackboard_ws/install/map_msgs/include/map_msgs/msg
[1.433s] -- Up-to-date: /home/mpcmeulensteen/blackboard_ws/install/map_msgs/include/map_msgs/msg/detail
[1.433s] -- Up-to-date: /home/mpcmeulensteen/blackboard_ws/install/map_msgs/include/map_msgs/msg/detail/projected_map__rosidl_typesupport_introspection_cpp.hpp
[1.433s] -- Up-to-date: /home/mpcmeulensteen/blackboard_ws/install/map_msgs/include/map_msgs/msg/detail/projected_map_info__rosidl_typesupport_introspection_cpp.hpp
[1.440s] -- Up-to-date: /home/mpcmeulensteen/blackboard_ws/install/map_msgs/include/map_msgs/msg/detail/occupancy_grid_update__type_support.cpp
[1.440s] -- Up-to-date: /home/mpcmeulensteen/blackboard_ws/install/map_msgs/include/map_msgs/msg/detail/occupancy_grid_update__rosidl_typesupport_introspection_cpp.hpp
[1.440s] -- Up-to-date: /home/mpcmeulensteen/blackboard_ws/install/map_msgs/include/map_msgs/msg/detail/projected_map_info__type_support.cpp
[1.440s] -- Up-to-date: /home/mpcmeulensteen/blackboard_ws/install/map_msgs/include/map_msgs/msg/detail/point_cloud2_update__type_support.cpp
[1.440s] -- Up-to-date: /home/mpcmeulensteen/blackboard_ws/install/map_msgs/include/map_msgs/msg/detail/point_cloud2_update__rosidl_typesupport_introspection_cpp.hpp
[1.440s] -- Up-to-date: /home/mpcmeulensteen/blackboard_ws/install/map_msgs/include/map_msgs/msg/detail/projected_map__type_support.cpp
[1.440s] -- Up-to-date: /home/mpcmeulensteen/blackboard_ws/install/map_msgs/lib/libmap_msgs__rosidl_typesupport_introspection_cpp.so
[1.440s] -- Up-to-date: /home/mpcmeulensteen/blackboard_ws/install/map_msgs/lib/libmap_msgs__rosidl_typesupport_cpp.so
[1.440s] -- Up-to-date: /home/mpcmeulensteen/blackboard_ws/install/map_msgs/share/map_msgs/environment/pythonpath.sh
[1.440s] -- Up-to-date: /home/mpcmeulensteen/blackboard_ws/install/map_msgs/share/map_msgs/environment/pythonpath.dsv
[1.440s] -- Up-to-date: /home/mpcmeulensteen/blackboard_ws/install/map_msgs/lib/python3.8/site-packages/map_msgs/__init__.py
[1.526s] -- Up-to-date: /home/mpcmeulensteen/blackboard_ws/install/map_msgs/lib/python3.8/site-packages/map_msgs/msg
[1.526s] -- Up-to-date: /home/mpcmeulensteen/blackboard_ws/install/map_msgs/lib/python3.8/site-packages/map_msgs/msg/_point_cloud2_update_s.c
[1.526s] -- Up-to-date: /home/mpcmeulensteen/blackboard_ws/install/map_msgs/lib/python3.8/site-packages/map_msgs/msg/_occupancy_grid_update_s.c
[1.526s] -- Up-to-date: /home/mpcmeulensteen/blackboard_ws/install/map_msgs/lib/python3.8/site-packages/map_msgs/msg/_projected_map_s.c
[1.526s] -- Up-to-date: /home/mpcmeulensteen/blackboard_ws/install/map_msgs/lib/python3.8/site-packages/map_msgs/msg/_projected_map_info_s.c
[1.526s] -- Up-to-date: /home/mpcmeulensteen/blackboard_ws/install/map_msgs/lib/python3.8/site-packages/map_msgs/msg/_point_cloud2_update.py
[1.526s] -- Up-to-date: /home/mpcmeulensteen/blackboard_ws/install/map_msgs/lib/python3.8/site-packages/map_msgs/msg/_projected_map.py
[1.527s] -- Up-to-date: /home/mpcmeulensteen/blackboard_ws/install/map_msgs/lib/python3.8/site-packages/map_msgs/msg/_projected_map_info.py
[1.527s] -- Up-to-date: /home/mpcmeulensteen/blackboard_ws/install/map_msgs/lib/python3.8/site-packages/map_msgs/msg/__init__.py
[1.527s] -- Up-to-date: /home/mpcmeulensteen/blackboard_ws/install/map_msgs/lib/python3.8/site-packages/map_msgs/msg/_occupancy_grid_update.py
[1.527s] -- Up-to-date: /home/mpcmeulensteen/blackboard_ws/install/map_msgs/lib/python3.8/site-packages/map_msgs/srv
[1.527s] -- Up-to-date: /home/mpcmeulensteen/blackboard_ws/install/map_msgs/lib/python3.8/site-packages/map_msgs/srv/_projected_maps_info_s.c
[1.527s] -- Up-to-date: /home/mpcmeulensteen/blackboard_ws/install/map_msgs/lib/python3.8/site-packages/map_msgs/srv/_get_point_map.py
[1.527s] -- Up-to-date: /home/mpcmeulensteen/blackboard_ws/install/map_msgs/lib/python3.8/site-packages/map_msgs/srv/_save_map.py
[1.527s] -- Up-to-date: /home/mpcmeulensteen/blackboard_ws/install/map_msgs/lib/python3.8/site-packages/map_msgs/srv/_get_map_roi_s.c
[1.527s] -- Up-to-date: /home/mpcmeulensteen/blackboard_ws/install/map_msgs/lib/python3.8/site-packages/map_msgs/srv/_projected_maps_info.py
[1.527s] -- Up-to-date: /home/mpcmeulensteen/blackboard_ws/install/map_msgs/lib/python3.8/site-packages/map_msgs/srv/__init__.py
[1.527s] -- Up-to-date: /home/mpcmeulensteen/blackboard_ws/install/map_msgs/lib/python3.8/site-packages/map_msgs/srv/_set_map_projections.py
[1.527s] -- Up-to-date: /home/mpcmeulensteen/blackboard_ws/install/map_msgs/lib/python3.8/site-packages/map_msgs/srv/_save_map_s.c
[1.527s] -- Up-to-date: /home/mpcmeulensteen/blackboard_ws/install/map_msgs/lib/python3.8/site-packages/map_msgs/srv/_get_point_map_roi_s.c
[1.528s] -- Up-to-date: /home/mpcmeulensteen/blackboard_ws/install/map_msgs/lib/python3.8/site-packages/map_msgs/srv/_get_map_roi.py
[1.528s] -- Up-to-date: /home/mpcmeulensteen/blackboard_ws/install/map_msgs/lib/python3.8/site-packages/map_msgs/srv/_get_point_map_roi.py
[1.528s] -- Up-to-date: /home/mpcmeulensteen/blackboard_ws/install/map_msgs/lib/python3.8/site-packages/map_msgs/srv/_get_point_map_s.c
[1.529s] -- Up-to-date: /home/mpcmeulensteen/blackboard_ws/install/map_msgs/lib/python3.8/site-packages/map_msgs/srv/_set_map_projections_s.c
[1.529s] -- Up-to-date: /home/mpcmeulensteen/blackboard_ws/install/map_msgs/lib/python3.8/site-packages/map_msgs/map_msgs_s__rosidl_typesupport_fastrtps_c.cpython-38-x86_64-linux-gnu.so
[1.529s] -- Up-to-date: /home/mpcmeulensteen/blackboard_ws/install/map_msgs/lib/python3.8/site-packages/map_msgs/map_msgs_s__rosidl_typesupport_introspection_c.cpython-38-x86_64-linux-gnu.so
[1.529s] -- Up-to-date: /home/mpcmeulensteen/blackboard_ws/install/map_msgs/lib/python3.8/site-packages/map_msgs/map_msgs_s__rosidl_typesupport_c.cpython-38-x86_64-linux-gnu.so
[1.530s] -- Up-to-date: /home/mpcmeulensteen/blackboard_ws/install/map_msgs/lib/libmap_msgs__python.so
[1.531s] -- Up-to-date: /home/mpcmeulensteen/blackboard_ws/install/map_msgs/share/map_msgs/msg/OccupancyGridUpdate.idl
[1.531s] -- Up-to-date: /home/mpcmeulensteen/blackboard_ws/install/map_msgs/share/map_msgs/msg/PointCloud2Update.idl
[1.531s] -- Up-to-date: /home/mpcmeulensteen/blackboard_ws/install/map_msgs/share/map_msgs/msg/ProjectedMapInfo.idl
[1.531s] -- Up-to-date: /home/mpcmeulensteen/blackboard_ws/install/map_msgs/share/map_msgs/msg/ProjectedMap.idl
[1.531s] -- Up-to-date: /home/mpcmeulensteen/blackboard_ws/install/map_msgs/share/map_msgs/srv/GetMapROI.idl
[1.531s] -- Up-to-date: /home/mpcmeulensteen/blackboard_ws/install/map_msgs/share/map_msgs/srv/GetPointMapROI.idl
[1.532s] -- Up-to-date: /home/mpcmeulensteen/blackboard_ws/install/map_msgs/share/map_msgs/srv/GetPointMap.idl
[1.532s] -- Up-to-date: /home/mpcmeulensteen/blackboard_ws/install/map_msgs/share/map_msgs/srv/ProjectedMapsInfo.idl
[1.532s] -- Up-to-date: /home/mpcmeulensteen/blackboard_ws/install/map_msgs/share/map_msgs/srv/SaveMap.idl
[1.532s] -- Up-to-date: /home/mpcmeulensteen/blackboard_ws/install/map_msgs/share/map_msgs/srv/SetMapProjections.idl
[1.532s] -- Up-to-date: /home/mpcmeulensteen/blackboard_ws/install/map_msgs/share/map_msgs/msg/OccupancyGridUpdate.msg
[1.532s] -- Up-to-date: /home/mpcmeulensteen/blackboard_ws/install/map_msgs/share/map_msgs/msg/PointCloud2Update.msg
[1.532s] -- Up-to-date: /home/mpcmeulensteen/blackboard_ws/install/map_msgs/share/map_msgs/msg/ProjectedMapInfo.msg
[1.532s] -- Up-to-date: /home/mpcmeulensteen/blackboard_ws/install/map_msgs/share/map_msgs/msg/ProjectedMap.msg
[1.532s] -- Up-to-date: /home/mpcmeulensteen/blackboard_ws/install/map_msgs/share/map_msgs/srv/GetMapROI.srv
[1.532s] -- Up-to-date: /home/mpcmeulensteen/blackboard_ws/install/map_msgs/share/map_msgs/srv/GetMapROI_Request.msg
[1.532s] -- Up-to-date: /home/mpcmeulensteen/blackboard_ws/install/map_msgs/share/map_msgs/srv/GetMapROI_Response.msg
[1.532s] -- Up-to-date: /home/mpcmeulensteen/blackboard_ws/install/map_msgs/share/map_msgs/srv/GetPointMapROI.srv
[1.532s] -- Up-to-date: /home/mpcmeulensteen/blackboard_ws/install/map_msgs/share/map_msgs/srv/GetPointMapROI_Request.msg
[1.532s] -- Up-to-date: /home/mpcmeulensteen/blackboard_ws/install/map_msgs/share/map_msgs/srv/GetPointMapROI_Response.msg
[1.537s] -- Up-to-date: /home/mpcmeulensteen/blackboard_ws/install/map_msgs/share/map_msgs/srv/GetPointMap.srv
[1.538s] -- Up-to-date: /home/mpcmeulensteen/blackboard_ws/install/map_msgs/share/map_msgs/srv/GetPointMap_Request.msg
[1.538s] -- Up-to-date: /home/mpcmeulensteen/blackboard_ws/install/map_msgs/share/map_msgs/srv/GetPointMap_Response.msg
[1.538s] -- Up-to-date: /home/mpcmeulensteen/blackboard_ws/install/map_msgs/share/map_msgs/srv/ProjectedMapsInfo.srv
[1.538s] -- Up-to-date: /home/mpcmeulensteen/blackboard_ws/install/map_msgs/share/map_msgs/srv/ProjectedMapsInfo_Request.msg
[1.538s] -- Up-to-date: /home/mpcmeulensteen/blackboard_ws/install/map_msgs/share/map_msgs/srv/ProjectedMapsInfo_Response.msg
[1.538s] -- Up-to-date: /home/mpcmeulensteen/blackboard_ws/install/map_msgs/share/map_msgs/srv/SaveMap.srv
[1.538s] -- Up-to-date: /home/mpcmeulensteen/blackboard_ws/install/map_msgs/share/map_msgs/srv/SaveMap_Request.msg
[1.538s] -- Up-to-date: /home/mpcmeulensteen/blackboard_ws/install/map_msgs/share/map_msgs/srv/SaveMap_Response.msg
[1.538s] -- Up-to-date: /home/mpcmeulensteen/blackboard_ws/install/map_msgs/share/map_msgs/srv/SetMapProjections.srv
[1.543s] -- Up-to-date: /home/mpcmeulensteen/blackboard_ws/install/map_msgs/share/map_msgs/srv/SetMapProjections_Request.msg
[1.543s] -- Up-to-date: /home/mpcmeulensteen/blackboard_ws/install/map_msgs/share/map_msgs/srv/SetMapProjections_Response.msg
[1.544s] -- Up-to-date: /home/mpcmeulensteen/blackboard_ws/install/map_msgs/share/ament_index/resource_index/package_run_dependencies/map_msgs
[1.544s] -- Up-to-date: /home/mpcmeulensteen/blackboard_ws/install/map_msgs/share/ament_index/resource_index/parent_prefix_path/map_msgs
[1.544s] -- Up-to-date: /home/mpcmeulensteen/blackboard_ws/install/map_msgs/share/map_msgs/environment/ament_prefix_path.sh
[1.544s] -- Up-to-date: /home/mpcmeulensteen/blackboard_ws/install/map_msgs/share/map_msgs/environment/ament_prefix_path.dsv
[1.544s] -- Up-to-date: /home/mpcmeulensteen/blackboard_ws/install/map_msgs/share/map_msgs/environment/path.sh
[1.544s] -- Up-to-date: /home/mpcmeulensteen/blackboard_ws/install/map_msgs/share/map_msgs/environment/path.dsv
[1.544s] -- Up-to-date: /home/mpcmeulensteen/blackboard_ws/install/map_msgs/share/map_msgs/local_setup.bash
[1.544s] -- Up-to-date: /home/mpcmeulensteen/blackboard_ws/install/map_msgs/share/map_msgs/local_setup.sh
[1.544s] -- Up-to-date: /home/mpcmeulensteen/blackboard_ws/install/map_msgs/share/map_msgs/local_setup.zsh
[1.544s] -- Up-to-date: /home/mpcmeulensteen/blackboard_ws/install/map_msgs/share/map_msgs/local_setup.dsv
[1.545s] -- Installing: /home/mpcmeulensteen/blackboard_ws/install/map_msgs/share/map_msgs/package.dsv
[1.545s] -- Up-to-date: /home/mpcmeulensteen/blackboard_ws/install/map_msgs/share/ament_index/resource_index/packages/map_msgs
[1.545s] -- Up-to-date: /home/mpcmeulensteen/blackboard_ws/install/map_msgs/share/map_msgs/cmake/map_msgs__rosidl_generator_cExport.cmake
[1.545s] -- Up-to-date: /home/mpcmeulensteen/blackboard_ws/install/map_msgs/share/map_msgs/cmake/map_msgs__rosidl_generator_cExport-noconfig.cmake
[1.545s] -- Up-to-date: /home/mpcmeulensteen/blackboard_ws/install/map_msgs/share/map_msgs/cmake/map_msgs__rosidl_typesupport_introspection_cExport.cmake
[1.545s] -- Up-to-date: /home/mpcmeulensteen/blackboard_ws/install/map_msgs/share/map_msgs/cmake/map_msgs__rosidl_typesupport_introspection_cExport-noconfig.cmake
[1.545s] -- Up-to-date: /home/mpcmeulensteen/blackboard_ws/install/map_msgs/share/map_msgs/cmake/map_msgs__rosidl_typesupport_cExport.cmake
[1.545s] -- Up-to-date: /home/mpcmeulensteen/blackboard_ws/install/map_msgs/share/map_msgs/cmake/map_msgs__rosidl_typesupport_cExport-noconfig.cmake
[1.546s] -- Up-to-date: /home/mpcmeulensteen/blackboard_ws/install/map_msgs/share/map_msgs/cmake/map_msgs__rosidl_generator_cppExport.cmake
[1.547s] -- Up-to-date: /home/mpcmeulensteen/blackboard_ws/install/map_msgs/share/map_msgs/cmake/map_msgs__rosidl_typesupport_introspection_cppExport.cmake
[1.547s] -- Up-to-date: /home/mpcmeulensteen/blackboard_ws/install/map_msgs/share/map_msgs/cmake/map_msgs__rosidl_typesupport_introspection_cppExport-noconfig.cmake
[1.547s] -- Up-to-date: /home/mpcmeulensteen/blackboard_ws/install/map_msgs/share/map_msgs/cmake/map_msgs__rosidl_typesupport_cppExport.cmake
[1.547s] -- Up-to-date: /home/mpcmeulensteen/blackboard_ws/install/map_msgs/share/map_msgs/cmake/map_msgs__rosidl_typesupport_cppExport-noconfig.cmake
[1.547s] -- Up-to-date: /home/mpcmeulensteen/blackboard_ws/install/map_msgs/share/map_msgs/cmake/rosidl_cmake-extras.cmake
[1.547s] -- Up-to-date: /home/mpcmeulensteen/blackboard_ws/install/map_msgs/share/map_msgs/cmake/ament_cmake_export_dependencies-extras.cmake
[1.547s] -- Up-to-date: /home/mpcmeulensteen/blackboard_ws/install/map_msgs/share/map_msgs/cmake/ament_cmake_export_libraries-extras.cmake
[1.550s] -- Up-to-date: /home/mpcmeulensteen/blackboard_ws/install/map_msgs/share/map_msgs/cmake/ament_cmake_export_targets-extras.cmake
[1.551s] -- Up-to-date: /home/mpcmeulensteen/blackboard_ws/install/map_msgs/share/map_msgs/cmake/ament_cmake_export_include_directories-extras.cmake
[1.551s] -- Up-to-date: /home/mpcmeulensteen/blackboard_ws/install/map_msgs/share/map_msgs/cmake/rosidl_cmake_export_typesupport_libraries-extras.cmake
[1.551s] -- Up-to-date: /home/mpcmeulensteen/blackboard_ws/install/map_msgs/share/map_msgs/cmake/rosidl_cmake_export_typesupport_targets-extras.cmake
[1.551s] -- Up-to-date: /home/mpcmeulensteen/blackboard_ws/install/map_msgs/share/map_msgs/cmake/map_msgsConfig.cmake
[1.551s] -- Up-to-date: /home/mpcmeulensteen/blackboard_ws/install/map_msgs/share/map_msgs/cmake/map_msgsConfig-version.cmake
[1.551s] -- Up-to-date: /home/mpcmeulensteen/blackboard_ws/install/map_msgs/share/map_msgs/package.xml
[1.559s] Invoked command in '/home/mpcmeulensteen/blackboard_ws/build/map_msgs' returned '0': CMAKE_PREFIX_PATH=${CMAKE_PREFIX_PATH}:/home/mpcmeulensteen/blackboard_ws/install/turtlebot3_teleop:/home/mpcmeulensteen/blackboard_ws/install/turtlebot3_example:/home/mpcmeulensteen/blackboard_ws/install/ros2_blackboard:/home/mpcmeulensteen/turtlebot3_ws/install/turtlebot3_teleop:/home/mpcmeulensteen/turtlebot3_ws/install/turtlebot3_example:/home/mpcmeulensteen/colcon_ws/install/turtlebot3_teleop:/home/mpcmeulensteen/colcon_ws/install/turtlebot3_example:/opt/ros/foxy /usr/bin/cmake --install /home/mpcmeulensteen/blackboard_ws/build/map_msgs
