[0.021s] Invoking command in '/home/mpcmeulensteen/blackboard_ws/build/rviz_assimp_vendor': CMAKE_PREFIX_PATH=/opt/ros/foxy /usr/bin/cmake --build /home/mpcmeulensteen/blackboard_ws/build/rviz_assimp_vendor -- -j2 -l2
[0.058s] -- Found ament_cmake: 0.9.9 (/opt/ros/foxy/share/ament_cmake/cmake)
[0.080s] -- Using PYTHON_EXECUTABLE: /usr/bin/python3
[0.257s] -- Found ament_lint_auto: 0.9.6 (/opt/ros/foxy/share/ament_lint_auto/cmake)
[0.311s] -- Added test 'lint_cmake' to check CMake code style
[0.311s] -- Added test 'xmllint' to check XML markup files
[0.314s] -- Configuring done
[0.324s] -- Generating done
[0.326s] -- Build files have been written to: /home/mpcmeulensteen/blackboard_ws/build/rviz_assimp_vendor
[0.347s] Invoked command in '/home/mpcmeulensteen/blackboard_ws/build/rviz_assimp_vendor' returned '0': CMAKE_PREFIX_PATH=/opt/ros/foxy /usr/bin/cmake --build /home/mpcmeulensteen/blackboard_ws/build/rviz_assimp_vendor -- -j2 -l2
[0.390s] Invoking command in '/home/mpcmeulensteen/blackboard_ws/build/rviz_assimp_vendor': CMAKE_PREFIX_PATH=/opt/ros/foxy /usr/bin/cmake --install /home/mpcmeulensteen/blackboard_ws/build/rviz_assimp_vendor
[0.398s] -- Install configuration: ""
[0.399s] -- Up-to-date: /home/mpcmeulensteen/blackboard_ws/install/rviz_assimp_vendor/share/ament_index/resource_index/package_run_dependencies/rviz_assimp_vendor
[0.399s] -- Installing: /home/mpcmeulensteen/blackboard_ws/install/rviz_assimp_vendor/share/ament_index/resource_index/parent_prefix_path/rviz_assimp_vendor
[0.399s] -- Up-to-date: /home/mpcmeulensteen/blackboard_ws/install/rviz_assimp_vendor/share/rviz_assimp_vendor/environment/ament_prefix_path.sh
[0.400s] -- Installing: /home/mpcmeulensteen/blackboard_ws/install/rviz_assimp_vendor/share/rviz_assimp_vendor/environment/ament_prefix_path.dsv
[0.400s] -- Up-to-date: /home/mpcmeulensteen/blackboard_ws/install/rviz_assimp_vendor/share/rviz_assimp_vendor/environment/path.sh
[0.401s] -- Installing: /home/mpcmeulensteen/blackboard_ws/install/rviz_assimp_vendor/share/rviz_assimp_vendor/environment/path.dsv
[0.404s] -- Up-to-date: /home/mpcmeulensteen/blackboard_ws/install/rviz_assimp_vendor/share/rviz_assimp_vendor/local_setup.bash
[0.405s] -- Up-to-date: /home/mpcmeulensteen/blackboard_ws/install/rviz_assimp_vendor/share/rviz_assimp_vendor/local_setup.sh
[0.405s] -- Up-to-date: /home/mpcmeulensteen/blackboard_ws/install/rviz_assimp_vendor/share/rviz_assimp_vendor/local_setup.zsh
[0.406s] -- Installing: /home/mpcmeulensteen/blackboard_ws/install/rviz_assimp_vendor/share/rviz_assimp_vendor/local_setup.dsv
[0.406s] -- Installing: /home/mpcmeulensteen/blackboard_ws/install/rviz_assimp_vendor/share/rviz_assimp_vendor/package.dsv
[0.406s] -- Up-to-date: /home/mpcmeulensteen/blackboard_ws/install/rviz_assimp_vendor/share/ament_index/resource_index/packages/rviz_assimp_vendor
[0.407s] -- Up-to-date: /home/mpcmeulensteen/blackboard_ws/install/rviz_assimp_vendor/share/rviz_assimp_vendor/cmake/rviz_assimp_vendor-extras.cmake
[0.408s] -- Up-to-date: /home/mpcmeulensteen/blackboard_ws/install/rviz_assimp_vendor/share/rviz_assimp_vendor/cmake/rviz_assimp_vendorConfig.cmake
[0.409s] -- Up-to-date: /home/mpcmeulensteen/blackboard_ws/install/rviz_assimp_vendor/share/rviz_assimp_vendor/cmake/rviz_assimp_vendorConfig-version.cmake
[0.411s] -- Installing: /home/mpcmeulensteen/blackboard_ws/install/rviz_assimp_vendor/share/rviz_assimp_vendor/package.xml
[0.411s] Invoked command in '/home/mpcmeulensteen/blackboard_ws/build/rviz_assimp_vendor' returned '0': CMAKE_PREFIX_PATH=/opt/ros/foxy /usr/bin/cmake --install /home/mpcmeulensteen/blackboard_ws/build/rviz_assimp_vendor
