[0.235s] Invoking command in '/home/mpcmeulensteen/blackboard_ws/src/ros2_bbinstance': PYTHONPATH=/home/mpcmeulensteen/blackboard_ws/install/ros2_bbinstance/lib/python3.8/site-packages:${PYTHONPATH} /usr/bin/python3 setup.py egg_info --egg-base ../../build/ros2_bbinstance build --build-base /home/mpcmeulensteen/blackboard_ws/build/ros2_bbinstance/build install --prefix /home/mpcmeulensteen/blackboard_ws/install/ros2_bbinstance --record /home/mpcmeulensteen/blackboard_ws/build/ros2_bbinstance/install.log --single-version-externally-managed
[0.536s] running egg_info
[0.538s] writing ../../build/ros2_bbinstance/ros2_bbinstance.egg-info/PKG-INFO
[0.539s] writing dependency_links to ../../build/ros2_bbinstance/ros2_bbinstance.egg-info/dependency_links.txt
[0.540s] writing entry points to ../../build/ros2_bbinstance/ros2_bbinstance.egg-info/entry_points.txt
[0.541s] writing requirements to ../../build/ros2_bbinstance/ros2_bbinstance.egg-info/requires.txt
[0.542s] writing top-level names to ../../build/ros2_bbinstance/ros2_bbinstance.egg-info/top_level.txt
[0.583s] reading manifest file '../../build/ros2_bbinstance/ros2_bbinstance.egg-info/SOURCES.txt'
[0.585s] writing manifest file '../../build/ros2_bbinstance/ros2_bbinstance.egg-info/SOURCES.txt'
[0.585s] running build
[0.586s] running build_py
[0.586s] copying ros2_bbinstance/markers.py -> /home/mpcmeulensteen/blackboard_ws/build/ros2_bbinstance/build/lib/ros2_bbinstance
[0.587s] copying ros2_bbinstance/taskview.py -> /home/mpcmeulensteen/blackboard_ws/build/ros2_bbinstance/build/lib/ros2_bbinstance
[0.587s] copying ros2_bbinstance/rviz_tools.py -> /home/mpcmeulensteen/blackboard_ws/build/ros2_bbinstance/build/lib/ros2_bbinstance
[0.588s] copying ros2_bbinstance/monitor.py -> /home/mpcmeulensteen/blackboard_ws/build/ros2_bbinstance/build/lib/ros2_bbinstance
[0.588s] running install
[0.589s] running install_lib
[0.590s] copying /home/mpcmeulensteen/blackboard_ws/build/ros2_bbinstance/build/lib/ros2_bbinstance/markers.py -> /home/mpcmeulensteen/blackboard_ws/install/ros2_bbinstance/lib/python3.8/site-packages/ros2_bbinstance
[0.591s] copying /home/mpcmeulensteen/blackboard_ws/build/ros2_bbinstance/build/lib/ros2_bbinstance/taskview.py -> /home/mpcmeulensteen/blackboard_ws/install/ros2_bbinstance/lib/python3.8/site-packages/ros2_bbinstance
[0.591s] copying /home/mpcmeulensteen/blackboard_ws/build/ros2_bbinstance/build/lib/ros2_bbinstance/rviz_tools.py -> /home/mpcmeulensteen/blackboard_ws/install/ros2_bbinstance/lib/python3.8/site-packages/ros2_bbinstance
[0.591s] copying /home/mpcmeulensteen/blackboard_ws/build/ros2_bbinstance/build/lib/ros2_bbinstance/monitor.py -> /home/mpcmeulensteen/blackboard_ws/install/ros2_bbinstance/lib/python3.8/site-packages/ros2_bbinstance
[0.592s] byte-compiling /home/mpcmeulensteen/blackboard_ws/install/ros2_bbinstance/lib/python3.8/site-packages/ros2_bbinstance/markers.py to markers.cpython-38.pyc
[0.594s] byte-compiling /home/mpcmeulensteen/blackboard_ws/install/ros2_bbinstance/lib/python3.8/site-packages/ros2_bbinstance/taskview.py to taskview.cpython-38.pyc
[0.595s] byte-compiling /home/mpcmeulensteen/blackboard_ws/install/ros2_bbinstance/lib/python3.8/site-packages/ros2_bbinstance/rviz_tools.py to rviz_tools.cpython-38.pyc
[0.597s] byte-compiling /home/mpcmeulensteen/blackboard_ws/install/ros2_bbinstance/lib/python3.8/site-packages/ros2_bbinstance/monitor.py to monitor.cpython-38.pyc
[0.597s] running install_data
[0.598s] running install_egg_info
[0.599s] removing '/home/mpcmeulensteen/blackboard_ws/install/ros2_bbinstance/lib/python3.8/site-packages/ros2_bbinstance-0.0.0-py3.8.egg-info' (and everything under it)
[0.603s] Copying ../../build/ros2_bbinstance/ros2_bbinstance.egg-info to /home/mpcmeulensteen/blackboard_ws/install/ros2_bbinstance/lib/python3.8/site-packages/ros2_bbinstance-0.0.0-py3.8.egg-info
[0.604s] running install_scripts
[0.630s] Installing gui script to /home/mpcmeulensteen/blackboard_ws/install/ros2_bbinstance/lib/ros2_bbinstance
[0.631s] writing list of installed files to '/home/mpcmeulensteen/blackboard_ws/build/ros2_bbinstance/install.log'
[0.652s] Invoked command in '/home/mpcmeulensteen/blackboard_ws/src/ros2_bbinstance' returned '0': PYTHONPATH=/home/mpcmeulensteen/blackboard_ws/install/ros2_bbinstance/lib/python3.8/site-packages:${PYTHONPATH} /usr/bin/python3 setup.py egg_info --egg-base ../../build/ros2_bbinstance build --build-base /home/mpcmeulensteen/blackboard_ws/build/ros2_bbinstance/build install --prefix /home/mpcmeulensteen/blackboard_ws/install/ros2_bbinstance --record /home/mpcmeulensteen/blackboard_ws/build/ros2_bbinstance/install.log --single-version-externally-managed
