[0.262s] Invoking command in '/home/mpcmeulensteen/blackboard_ws/src/navigation': PYTHONPATH=/home/mpcmeulensteen/blackboard_ws/install/navigation/lib/python3.8/site-packages:${PYTHONPATH} /usr/bin/python3 setup.py egg_info --egg-base ../../build/navigation build --build-base /home/mpcmeulensteen/blackboard_ws/build/navigation/build install --prefix /home/mpcmeulensteen/blackboard_ws/install/navigation --record /home/mpcmeulensteen/blackboard_ws/build/navigation/install.log --single-version-externally-managed
[0.485s] running egg_info
[0.485s] writing ../../build/navigation/navigation.egg-info/PKG-INFO
[0.486s] writing dependency_links to ../../build/navigation/navigation.egg-info/dependency_links.txt
[0.486s] writing entry points to ../../build/navigation/navigation.egg-info/entry_points.txt
[0.486s] writing requirements to ../../build/navigation/navigation.egg-info/requires.txt
[0.487s] writing top-level names to ../../build/navigation/navigation.egg-info/top_level.txt
[0.522s] reading manifest file '../../build/navigation/navigation.egg-info/SOURCES.txt'
[0.523s] writing manifest file '../../build/navigation/navigation.egg-info/SOURCES.txt'
[0.523s] running build
[0.524s] running build_py
[0.524s] running install
[0.525s] running install_lib
[0.527s] running install_data
[0.527s] running install_egg_info
[0.529s] removing '/home/mpcmeulensteen/blackboard_ws/install/navigation/lib/python3.8/site-packages/navigation-0.0.0-py3.8.egg-info' (and everything under it)
[0.529s] Copying ../../build/navigation/navigation.egg-info to /home/mpcmeulensteen/blackboard_ws/install/navigation/lib/python3.8/site-packages/navigation-0.0.0-py3.8.egg-info
[0.530s] running install_scripts
[0.549s] writing list of installed files to '/home/mpcmeulensteen/blackboard_ws/build/navigation/install.log'
[0.573s] Invoked command in '/home/mpcmeulensteen/blackboard_ws/src/navigation' returned '0': PYTHONPATH=/home/mpcmeulensteen/blackboard_ws/install/navigation/lib/python3.8/site-packages:${PYTHONPATH} /usr/bin/python3 setup.py egg_info --egg-base ../../build/navigation build --build-base /home/mpcmeulensteen/blackboard_ws/build/navigation/build install --prefix /home/mpcmeulensteen/blackboard_ws/install/navigation --record /home/mpcmeulensteen/blackboard_ws/build/navigation/install.log --single-version-externally-managed
