[0.027s] Invoking command in '/home/mpcmeulensteen/blackboard_ws/build/turtlebot3_msgs': CMAKE_PREFIX_PATH=${CMAKE_PREFIX_PATH}:/home/mpcmeulensteen/blackboard_ws/install/turtlebot3_teleop:/home/mpcmeulensteen/blackboard_ws/install/turtlebot3_example:/home/mpcmeulensteen/blackboard_ws/install/ros2_blackboard:/home/mpcmeulensteen/turtlebot3_ws/install/turtlebot3_teleop:/home/mpcmeulensteen/turtlebot3_ws/install/turtlebot3_example:/home/mpcmeulensteen/colcon_ws/install/turtlebot3_teleop:/home/mpcmeulensteen/colcon_ws/install/turtlebot3_example:/opt/ros/foxy /usr/bin/cmake --build /home/mpcmeulensteen/blackboard_ws/build/turtlebot3_msgs -- -j2 -l2
[0.102s] [ 11%] Built target turtlebot3_msgs__rosidl_generator_c
[0.108s] [ 12%] Built target turtlebot3_msgs__cpp
[0.142s] [ 23%] Built target turtlebot3_msgs__rosidl_typesupport_c
[0.163s] [ 35%] Built target turtlebot3_msgs__rosidl_typesupport_introspection_c
[0.207s] [ 47%] Built target turtlebot3_msgs__rosidl_typesupport_fastrtps_cpp
[0.211s] [ 57%] Built target turtlebot3_msgs__rosidl_typesupport_cpp
[0.245s] [ 69%] Built target turtlebot3_msgs__rosidl_typesupport_introspection_cpp
[0.257s] [ 80%] Built target turtlebot3_msgs__rosidl_typesupport_fastrtps_c
[0.300s] [ 80%] Built target turtlebot3_msgs
[0.358s] [ 81%] Built target turtlebot3_msgs__py
[0.407s] [ 91%] Built target turtlebot3_msgs__python
[0.470s] [ 94%] Built target turtlebot3_msgs__rosidl_typesupport_fastrtps_c__pyext
[0.486s] [ 97%] Built target turtlebot3_msgs__rosidl_typesupport_introspection_c__pyext
[0.515s] [100%] Built target turtlebot3_msgs__rosidl_typesupport_c__pyext
[0.536s] Invoked command in '/home/mpcmeulensteen/blackboard_ws/build/turtlebot3_msgs' returned '0': CMAKE_PREFIX_PATH=${CMAKE_PREFIX_PATH}:/home/mpcmeulensteen/blackboard_ws/install/turtlebot3_teleop:/home/mpcmeulensteen/blackboard_ws/install/turtlebot3_example:/home/mpcmeulensteen/blackboard_ws/install/ros2_blackboard:/home/mpcmeulensteen/turtlebot3_ws/install/turtlebot3_teleop:/home/mpcmeulensteen/turtlebot3_ws/install/turtlebot3_example:/home/mpcmeulensteen/colcon_ws/install/turtlebot3_teleop:/home/mpcmeulensteen/colcon_ws/install/turtlebot3_example:/opt/ros/foxy /usr/bin/cmake --build /home/mpcmeulensteen/blackboard_ws/build/turtlebot3_msgs -- -j2 -l2
[0.961s] Invoking command in '/home/mpcmeulensteen/blackboard_ws/build/turtlebot3_msgs': CMAKE_PREFIX_PATH=${CMAKE_PREFIX_PATH}:/home/mpcmeulensteen/blackboard_ws/install/turtlebot3_teleop:/home/mpcmeulensteen/blackboard_ws/install/turtlebot3_example:/home/mpcmeulensteen/blackboard_ws/install/ros2_blackboard:/home/mpcmeulensteen/turtlebot3_ws/install/turtlebot3_teleop:/home/mpcmeulensteen/turtlebot3_ws/install/turtlebot3_example:/home/mpcmeulensteen/colcon_ws/install/turtlebot3_teleop:/home/mpcmeulensteen/colcon_ws/install/turtlebot3_example:/opt/ros/foxy /usr/bin/cmake --install /home/mpcmeulensteen/blackboard_ws/build/turtlebot3_msgs
[0.979s] -- Install configuration: ""
[0.979s] -- Up-to-date: /home/mpcmeulensteen/blackboard_ws/install/turtlebot3_msgs/share/ament_index/resource_index/rosidl_interfaces/turtlebot3_msgs
[0.981s] -- Up-to-date: /home/mpcmeulensteen/blackboard_ws/install/turtlebot3_msgs/include/turtlebot3_msgs
[0.981s] -- Up-to-date: /home/mpcmeulensteen/blackboard_ws/install/turtlebot3_msgs/include/turtlebot3_msgs/action
[0.982s] -- Up-to-date: /home/mpcmeulensteen/blackboard_ws/install/turtlebot3_msgs/include/turtlebot3_msgs/action/detail
[0.982s] -- Up-to-date: /home/mpcmeulensteen/blackboard_ws/install/turtlebot3_msgs/include/turtlebot3_msgs/action/detail/patrol__type_support.h
[0.982s] -- Up-to-date: /home/mpcmeulensteen/blackboard_ws/install/turtlebot3_msgs/include/turtlebot3_msgs/action/detail/patrol__functions.c
[0.982s] -- Up-to-date: /home/mpcmeulensteen/blackboard_ws/install/turtlebot3_msgs/include/turtlebot3_msgs/action/detail/patrol__struct.h
[0.982s] -- Up-to-date: /home/mpcmeulensteen/blackboard_ws/install/turtlebot3_msgs/include/turtlebot3_msgs/action/detail/patrol__functions.h
[0.982s] -- Up-to-date: /home/mpcmeulensteen/blackboard_ws/install/turtlebot3_msgs/include/turtlebot3_msgs/action/patrol.h
[0.997s] -- Up-to-date: /home/mpcmeulensteen/blackboard_ws/install/turtlebot3_msgs/include/turtlebot3_msgs/srv
[0.997s] -- Up-to-date: /home/mpcmeulensteen/blackboard_ws/install/turtlebot3_msgs/include/turtlebot3_msgs/srv/detail
[0.998s] -- Up-to-date: /home/mpcmeulensteen/blackboard_ws/install/turtlebot3_msgs/include/turtlebot3_msgs/srv/detail/sound__functions.c
[0.998s] -- Up-to-date: /home/mpcmeulensteen/blackboard_ws/install/turtlebot3_msgs/include/turtlebot3_msgs/srv/detail/dqn__type_support.h
[0.998s] -- Up-to-date: /home/mpcmeulensteen/blackboard_ws/install/turtlebot3_msgs/include/turtlebot3_msgs/srv/detail/sound__functions.h
[0.998s] -- Up-to-date: /home/mpcmeulensteen/blackboard_ws/install/turtlebot3_msgs/include/turtlebot3_msgs/srv/detail/sound__struct.h
[0.998s] -- Up-to-date: /home/mpcmeulensteen/blackboard_ws/install/turtlebot3_msgs/include/turtlebot3_msgs/srv/detail/sound__type_support.h
[0.998s] -- Up-to-date: /home/mpcmeulensteen/blackboard_ws/install/turtlebot3_msgs/include/turtlebot3_msgs/srv/detail/dqn__functions.c
[0.998s] -- Up-to-date: /home/mpcmeulensteen/blackboard_ws/install/turtlebot3_msgs/include/turtlebot3_msgs/srv/detail/dqn__struct.h
[0.998s] -- Up-to-date: /home/mpcmeulensteen/blackboard_ws/install/turtlebot3_msgs/include/turtlebot3_msgs/srv/detail/dqn__functions.h
[0.998s] -- Up-to-date: /home/mpcmeulensteen/blackboard_ws/install/turtlebot3_msgs/include/turtlebot3_msgs/srv/dqn.h
[0.998s] -- Up-to-date: /home/mpcmeulensteen/blackboard_ws/install/turtlebot3_msgs/include/turtlebot3_msgs/srv/sound.h
[0.998s] -- Up-to-date: /home/mpcmeulensteen/blackboard_ws/install/turtlebot3_msgs/include/turtlebot3_msgs/msg
[0.998s] -- Up-to-date: /home/mpcmeulensteen/blackboard_ws/install/turtlebot3_msgs/include/turtlebot3_msgs/msg/sensor_state.h
[0.998s] -- Up-to-date: /home/mpcmeulensteen/blackboard_ws/install/turtlebot3_msgs/include/turtlebot3_msgs/msg/detail
[0.998s] -- Up-to-date: /home/mpcmeulensteen/blackboard_ws/install/turtlebot3_msgs/include/turtlebot3_msgs/msg/detail/sensor_state__functions.h
[0.998s] -- Up-to-date: /home/mpcmeulensteen/blackboard_ws/install/turtlebot3_msgs/include/turtlebot3_msgs/msg/detail/sound__functions.c
[0.998s] -- Up-to-date: /home/mpcmeulensteen/blackboard_ws/install/turtlebot3_msgs/include/turtlebot3_msgs/msg/detail/sound__functions.h
[0.998s] -- Up-to-date: /home/mpcmeulensteen/blackboard_ws/install/turtlebot3_msgs/include/turtlebot3_msgs/msg/detail/version_info__functions.h
[0.999s] -- Up-to-date: /home/mpcmeulensteen/blackboard_ws/install/turtlebot3_msgs/include/turtlebot3_msgs/msg/detail/sensor_state__struct.h
[0.999s] -- Up-to-date: /home/mpcmeulensteen/blackboard_ws/install/turtlebot3_msgs/include/turtlebot3_msgs/msg/detail/sound__struct.h
[0.999s] -- Up-to-date: /home/mpcmeulensteen/blackboard_ws/install/turtlebot3_msgs/include/turtlebot3_msgs/msg/detail/sound__type_support.h
[0.999s] -- Up-to-date: /home/mpcmeulensteen/blackboard_ws/install/turtlebot3_msgs/include/turtlebot3_msgs/msg/detail/sensor_state__functions.c
[0.999s] -- Up-to-date: /home/mpcmeulensteen/blackboard_ws/install/turtlebot3_msgs/include/turtlebot3_msgs/msg/detail/sensor_state__type_support.h
[0.999s] -- Up-to-date: /home/mpcmeulensteen/blackboard_ws/install/turtlebot3_msgs/include/turtlebot3_msgs/msg/detail/version_info__struct.h
[0.999s] -- Up-to-date: /home/mpcmeulensteen/blackboard_ws/install/turtlebot3_msgs/include/turtlebot3_msgs/msg/detail/version_info__type_support.h
[0.999s] -- Up-to-date: /home/mpcmeulensteen/blackboard_ws/install/turtlebot3_msgs/include/turtlebot3_msgs/msg/detail/version_info__functions.c
[0.999s] -- Up-to-date: /home/mpcmeulensteen/blackboard_ws/install/turtlebot3_msgs/include/turtlebot3_msgs/msg/version_info.h
[0.999s] -- Up-to-date: /home/mpcmeulensteen/blackboard_ws/install/turtlebot3_msgs/include/turtlebot3_msgs/msg/rosidl_generator_c__visibility_control.h
[0.999s] -- Up-to-date: /home/mpcmeulensteen/blackboard_ws/install/turtlebot3_msgs/include/turtlebot3_msgs/msg/sound.h
[0.999s] -- Up-to-date: /home/mpcmeulensteen/blackboard_ws/install/turtlebot3_msgs/share/turtlebot3_msgs/environment/library_path.sh
[0.999s] -- Up-to-date: /home/mpcmeulensteen/blackboard_ws/install/turtlebot3_msgs/share/turtlebot3_msgs/environment/library_path.dsv
[0.999s] -- Up-to-date: /home/mpcmeulensteen/blackboard_ws/install/turtlebot3_msgs/lib/libturtlebot3_msgs__rosidl_generator_c.so
[0.999s] -- Up-to-date: /home/mpcmeulensteen/blackboard_ws/install/turtlebot3_msgs/include/turtlebot3_msgs
[0.999s] -- Up-to-date: /home/mpcmeulensteen/blackboard_ws/install/turtlebot3_msgs/include/turtlebot3_msgs/action
[0.999s] -- Up-to-date: /home/mpcmeulensteen/blackboard_ws/install/turtlebot3_msgs/include/turtlebot3_msgs/action/detail
[1.000s] -- Up-to-date: /home/mpcmeulensteen/blackboard_ws/install/turtlebot3_msgs/include/turtlebot3_msgs/action/detail/patrol__rosidl_typesupport_fastrtps_c.h
[1.000s] -- Up-to-date: /home/mpcmeulensteen/blackboard_ws/install/turtlebot3_msgs/include/turtlebot3_msgs/srv
[1.000s] -- Up-to-date: /home/mpcmeulensteen/blackboard_ws/install/turtlebot3_msgs/include/turtlebot3_msgs/srv/detail
[1.000s] -- Up-to-date: /home/mpcmeulensteen/blackboard_ws/install/turtlebot3_msgs/include/turtlebot3_msgs/srv/detail/dqn__rosidl_typesupport_fastrtps_c.h
[1.000s] -- Up-to-date: /home/mpcmeulensteen/blackboard_ws/install/turtlebot3_msgs/include/turtlebot3_msgs/srv/detail/sound__rosidl_typesupport_fastrtps_c.h
[1.009s] -- Up-to-date: /home/mpcmeulensteen/blackboard_ws/install/turtlebot3_msgs/include/turtlebot3_msgs/msg
[1.009s] -- Up-to-date: /home/mpcmeulensteen/blackboard_ws/install/turtlebot3_msgs/include/turtlebot3_msgs/msg/detail
[1.009s] -- Up-to-date: /home/mpcmeulensteen/blackboard_ws/install/turtlebot3_msgs/include/turtlebot3_msgs/msg/detail/sensor_state__rosidl_typesupport_fastrtps_c.h
[1.010s] -- Up-to-date: /home/mpcmeulensteen/blackboard_ws/install/turtlebot3_msgs/include/turtlebot3_msgs/msg/detail/version_info__rosidl_typesupport_fastrtps_c.h
[1.010s] -- Up-to-date: /home/mpcmeulensteen/blackboard_ws/install/turtlebot3_msgs/include/turtlebot3_msgs/msg/detail/sound__rosidl_typesupport_fastrtps_c.h
[1.010s] -- Up-to-date: /home/mpcmeulensteen/blackboard_ws/install/turtlebot3_msgs/include/turtlebot3_msgs/msg/rosidl_typesupport_fastrtps_c__visibility_control.h
[1.010s] -- Up-to-date: /home/mpcmeulensteen/blackboard_ws/install/turtlebot3_msgs/lib/libturtlebot3_msgs__rosidl_typesupport_fastrtps_c.so
[1.010s] -- Up-to-date: /home/mpcmeulensteen/blackboard_ws/install/turtlebot3_msgs/include/turtlebot3_msgs
[1.010s] -- Up-to-date: /home/mpcmeulensteen/blackboard_ws/install/turtlebot3_msgs/include/turtlebot3_msgs/action
[1.010s] -- Up-to-date: /home/mpcmeulensteen/blackboard_ws/install/turtlebot3_msgs/include/turtlebot3_msgs/action/detail
[1.010s] -- Up-to-date: /home/mpcmeulensteen/blackboard_ws/install/turtlebot3_msgs/include/turtlebot3_msgs/action/detail/dds_fastrtps
[1.010s] -- Up-to-date: /home/mpcmeulensteen/blackboard_ws/install/turtlebot3_msgs/include/turtlebot3_msgs/action/detail/patrol__rosidl_typesupport_fastrtps_cpp.hpp
[1.010s] -- Up-to-date: /home/mpcmeulensteen/blackboard_ws/install/turtlebot3_msgs/include/turtlebot3_msgs/srv
[1.010s] -- Up-to-date: /home/mpcmeulensteen/blackboard_ws/install/turtlebot3_msgs/include/turtlebot3_msgs/srv/detail
[1.010s] -- Up-to-date: /home/mpcmeulensteen/blackboard_ws/install/turtlebot3_msgs/include/turtlebot3_msgs/srv/detail/dqn__rosidl_typesupport_fastrtps_cpp.hpp
[1.010s] -- Up-to-date: /home/mpcmeulensteen/blackboard_ws/install/turtlebot3_msgs/include/turtlebot3_msgs/srv/detail/dds_fastrtps
[1.010s] -- Up-to-date: /home/mpcmeulensteen/blackboard_ws/install/turtlebot3_msgs/include/turtlebot3_msgs/srv/detail/sound__rosidl_typesupport_fastrtps_cpp.hpp
[1.010s] -- Up-to-date: /home/mpcmeulensteen/blackboard_ws/install/turtlebot3_msgs/include/turtlebot3_msgs/msg
[1.010s] -- Up-to-date: /home/mpcmeulensteen/blackboard_ws/install/turtlebot3_msgs/include/turtlebot3_msgs/msg/detail
[1.010s] -- Up-to-date: /home/mpcmeulensteen/blackboard_ws/install/turtlebot3_msgs/include/turtlebot3_msgs/msg/detail/version_info__rosidl_typesupport_fastrtps_cpp.hpp
[1.010s] -- Up-to-date: /home/mpcmeulensteen/blackboard_ws/install/turtlebot3_msgs/include/turtlebot3_msgs/msg/detail/sensor_state__rosidl_typesupport_fastrtps_cpp.hpp
[1.010s] -- Up-to-date: /home/mpcmeulensteen/blackboard_ws/install/turtlebot3_msgs/include/turtlebot3_msgs/msg/detail/dds_fastrtps
[1.011s] -- Up-to-date: /home/mpcmeulensteen/blackboard_ws/install/turtlebot3_msgs/include/turtlebot3_msgs/msg/detail/sound__rosidl_typesupport_fastrtps_cpp.hpp
[1.011s] -- Up-to-date: /home/mpcmeulensteen/blackboard_ws/install/turtlebot3_msgs/include/turtlebot3_msgs/msg/rosidl_typesupport_fastrtps_cpp__visibility_control.h
[1.011s] -- Up-to-date: /home/mpcmeulensteen/blackboard_ws/install/turtlebot3_msgs/lib/libturtlebot3_msgs__rosidl_typesupport_fastrtps_cpp.so
[1.011s] -- Up-to-date: /home/mpcmeulensteen/blackboard_ws/install/turtlebot3_msgs/include/turtlebot3_msgs
[1.011s] -- Up-to-date: /home/mpcmeulensteen/blackboard_ws/install/turtlebot3_msgs/include/turtlebot3_msgs/action
[1.011s] -- Up-to-date: /home/mpcmeulensteen/blackboard_ws/install/turtlebot3_msgs/include/turtlebot3_msgs/action/detail
[1.011s] -- Up-to-date: /home/mpcmeulensteen/blackboard_ws/install/turtlebot3_msgs/include/turtlebot3_msgs/action/detail/patrol__rosidl_typesupport_introspection_c.h
[1.011s] -- Up-to-date: /home/mpcmeulensteen/blackboard_ws/install/turtlebot3_msgs/include/turtlebot3_msgs/action/detail/patrol__type_support.c
[1.011s] -- Up-to-date: /home/mpcmeulensteen/blackboard_ws/install/turtlebot3_msgs/include/turtlebot3_msgs/srv
[1.011s] -- Up-to-date: /home/mpcmeulensteen/blackboard_ws/install/turtlebot3_msgs/include/turtlebot3_msgs/srv/detail
[1.011s] -- Up-to-date: /home/mpcmeulensteen/blackboard_ws/install/turtlebot3_msgs/include/turtlebot3_msgs/srv/detail/dqn__type_support.c
[1.011s] -- Up-to-date: /home/mpcmeulensteen/blackboard_ws/install/turtlebot3_msgs/include/turtlebot3_msgs/srv/detail/dqn__rosidl_typesupport_introspection_c.h
[1.011s] -- Up-to-date: /home/mpcmeulensteen/blackboard_ws/install/turtlebot3_msgs/include/turtlebot3_msgs/srv/detail/sound__rosidl_typesupport_introspection_c.h
[1.011s] -- Up-to-date: /home/mpcmeulensteen/blackboard_ws/install/turtlebot3_msgs/include/turtlebot3_msgs/srv/detail/sound__type_support.c
[1.011s] -- Up-to-date: /home/mpcmeulensteen/blackboard_ws/install/turtlebot3_msgs/include/turtlebot3_msgs/msg
[1.011s] -- Up-to-date: /home/mpcmeulensteen/blackboard_ws/install/turtlebot3_msgs/include/turtlebot3_msgs/msg/detail
[1.011s] -- Up-to-date: /home/mpcmeulensteen/blackboard_ws/install/turtlebot3_msgs/include/turtlebot3_msgs/msg/detail/version_info__type_support.c
[1.011s] -- Up-to-date: /home/mpcmeulensteen/blackboard_ws/install/turtlebot3_msgs/include/turtlebot3_msgs/msg/detail/sensor_state__rosidl_typesupport_introspection_c.h
[1.011s] -- Up-to-date: /home/mpcmeulensteen/blackboard_ws/install/turtlebot3_msgs/include/turtlebot3_msgs/msg/detail/version_info__rosidl_typesupport_introspection_c.h
[1.012s] -- Up-to-date: /home/mpcmeulensteen/blackboard_ws/install/turtlebot3_msgs/include/turtlebot3_msgs/msg/detail/sound__rosidl_typesupport_introspection_c.h
[1.012s] -- Up-to-date: /home/mpcmeulensteen/blackboard_ws/install/turtlebot3_msgs/include/turtlebot3_msgs/msg/detail/sensor_state__type_support.c
[1.012s] -- Up-to-date: /home/mpcmeulensteen/blackboard_ws/install/turtlebot3_msgs/include/turtlebot3_msgs/msg/detail/sound__type_support.c
[1.012s] -- Up-to-date: /home/mpcmeulensteen/blackboard_ws/install/turtlebot3_msgs/include/turtlebot3_msgs/msg/rosidl_typesupport_introspection_c__visibility_control.h
[1.012s] -- Up-to-date: /home/mpcmeulensteen/blackboard_ws/install/turtlebot3_msgs/lib/libturtlebot3_msgs__rosidl_typesupport_introspection_c.so
[1.012s] -- Up-to-date: /home/mpcmeulensteen/blackboard_ws/install/turtlebot3_msgs/lib/libturtlebot3_msgs__rosidl_typesupport_c.so
[1.012s] -- Up-to-date: /home/mpcmeulensteen/blackboard_ws/install/turtlebot3_msgs/include/turtlebot3_msgs
[1.012s] -- Up-to-date: /home/mpcmeulensteen/blackboard_ws/install/turtlebot3_msgs/include/turtlebot3_msgs/action
[1.012s] -- Up-to-date: /home/mpcmeulensteen/blackboard_ws/install/turtlebot3_msgs/include/turtlebot3_msgs/action/detail
[1.012s] -- Up-to-date: /home/mpcmeulensteen/blackboard_ws/install/turtlebot3_msgs/include/turtlebot3_msgs/action/detail/patrol__builder.hpp
[1.012s] -- Up-to-date: /home/mpcmeulensteen/blackboard_ws/install/turtlebot3_msgs/include/turtlebot3_msgs/action/detail/patrol__traits.hpp
[1.012s] -- Up-to-date: /home/mpcmeulensteen/blackboard_ws/install/turtlebot3_msgs/include/turtlebot3_msgs/action/detail/patrol__struct.hpp
[1.012s] -- Up-to-date: /home/mpcmeulensteen/blackboard_ws/install/turtlebot3_msgs/include/turtlebot3_msgs/action/patrol.hpp
[1.012s] -- Up-to-date: /home/mpcmeulensteen/blackboard_ws/install/turtlebot3_msgs/include/turtlebot3_msgs/srv
[1.012s] -- Up-to-date: /home/mpcmeulensteen/blackboard_ws/install/turtlebot3_msgs/include/turtlebot3_msgs/srv/detail
[1.012s] -- Up-to-date: /home/mpcmeulensteen/blackboard_ws/install/turtlebot3_msgs/include/turtlebot3_msgs/srv/detail/dqn__traits.hpp
[1.012s] -- Up-to-date: /home/mpcmeulensteen/blackboard_ws/install/turtlebot3_msgs/include/turtlebot3_msgs/srv/detail/sound__traits.hpp
[1.013s] -- Up-to-date: /home/mpcmeulensteen/blackboard_ws/install/turtlebot3_msgs/include/turtlebot3_msgs/srv/detail/sound__builder.hpp
[1.013s] -- Up-to-date: /home/mpcmeulensteen/blackboard_ws/install/turtlebot3_msgs/include/turtlebot3_msgs/srv/detail/dqn__struct.hpp
[1.013s] -- Up-to-date: /home/mpcmeulensteen/blackboard_ws/install/turtlebot3_msgs/include/turtlebot3_msgs/srv/detail/sound__struct.hpp
[1.013s] -- Up-to-date: /home/mpcmeulensteen/blackboard_ws/install/turtlebot3_msgs/include/turtlebot3_msgs/srv/detail/dqn__builder.hpp
[1.013s] -- Up-to-date: /home/mpcmeulensteen/blackboard_ws/install/turtlebot3_msgs/include/turtlebot3_msgs/srv/dqn.hpp
[1.013s] -- Up-to-date: /home/mpcmeulensteen/blackboard_ws/install/turtlebot3_msgs/include/turtlebot3_msgs/srv/sound.hpp
[1.013s] -- Up-to-date: /home/mpcmeulensteen/blackboard_ws/install/turtlebot3_msgs/include/turtlebot3_msgs/msg
[1.013s] -- Up-to-date: /home/mpcmeulensteen/blackboard_ws/install/turtlebot3_msgs/include/turtlebot3_msgs/msg/version_info.hpp
[1.013s] -- Up-to-date: /home/mpcmeulensteen/blackboard_ws/install/turtlebot3_msgs/include/turtlebot3_msgs/msg/detail
[1.013s] -- Up-to-date: /home/mpcmeulensteen/blackboard_ws/install/turtlebot3_msgs/include/turtlebot3_msgs/msg/detail/sound__traits.hpp
[1.013s] -- Up-to-date: /home/mpcmeulensteen/blackboard_ws/install/turtlebot3_msgs/include/turtlebot3_msgs/msg/detail/sensor_state__traits.hpp
[1.013s] -- Up-to-date: /home/mpcmeulensteen/blackboard_ws/install/turtlebot3_msgs/include/turtlebot3_msgs/msg/detail/version_info__struct.hpp
[1.035s] -- Up-to-date: /home/mpcmeulensteen/blackboard_ws/install/turtlebot3_msgs/include/turtlebot3_msgs/msg/detail/version_info__traits.hpp
[1.035s] -- Up-to-date: /home/mpcmeulensteen/blackboard_ws/install/turtlebot3_msgs/include/turtlebot3_msgs/msg/detail/sensor_state__builder.hpp
[1.035s] -- Up-to-date: /home/mpcmeulensteen/blackboard_ws/install/turtlebot3_msgs/include/turtlebot3_msgs/msg/detail/version_info__builder.hpp
[1.035s] -- Up-to-date: /home/mpcmeulensteen/blackboard_ws/install/turtlebot3_msgs/include/turtlebot3_msgs/msg/detail/sound__builder.hpp
[1.035s] -- Up-to-date: /home/mpcmeulensteen/blackboard_ws/install/turtlebot3_msgs/include/turtlebot3_msgs/msg/detail/sound__struct.hpp
[1.035s] -- Up-to-date: /home/mpcmeulensteen/blackboard_ws/install/turtlebot3_msgs/include/turtlebot3_msgs/msg/detail/sensor_state__struct.hpp
[1.035s] -- Up-to-date: /home/mpcmeulensteen/blackboard_ws/install/turtlebot3_msgs/include/turtlebot3_msgs/msg/sensor_state.hpp
[1.035s] -- Up-to-date: /home/mpcmeulensteen/blackboard_ws/install/turtlebot3_msgs/include/turtlebot3_msgs/msg/sound.hpp
[1.035s] -- Up-to-date: /home/mpcmeulensteen/blackboard_ws/install/turtlebot3_msgs/include/turtlebot3_msgs
[1.035s] -- Up-to-date: /home/mpcmeulensteen/blackboard_ws/install/turtlebot3_msgs/include/turtlebot3_msgs/action
[1.035s] -- Up-to-date: /home/mpcmeulensteen/blackboard_ws/install/turtlebot3_msgs/include/turtlebot3_msgs/action/detail
[1.035s] -- Up-to-date: /home/mpcmeulensteen/blackboard_ws/install/turtlebot3_msgs/include/turtlebot3_msgs/action/detail/patrol__type_support.cpp
[1.035s] -- Up-to-date: /home/mpcmeulensteen/blackboard_ws/install/turtlebot3_msgs/include/turtlebot3_msgs/action/detail/patrol__rosidl_typesupport_introspection_cpp.hpp
[1.035s] -- Up-to-date: /home/mpcmeulensteen/blackboard_ws/install/turtlebot3_msgs/include/turtlebot3_msgs/srv
[1.036s] -- Up-to-date: /home/mpcmeulensteen/blackboard_ws/install/turtlebot3_msgs/include/turtlebot3_msgs/srv/detail
[1.036s] -- Up-to-date: /home/mpcmeulensteen/blackboard_ws/install/turtlebot3_msgs/include/turtlebot3_msgs/srv/detail/dqn__rosidl_typesupport_introspection_cpp.hpp
[1.036s] -- Up-to-date: /home/mpcmeulensteen/blackboard_ws/install/turtlebot3_msgs/include/turtlebot3_msgs/srv/detail/dqn__type_support.cpp
[1.036s] -- Up-to-date: /home/mpcmeulensteen/blackboard_ws/install/turtlebot3_msgs/include/turtlebot3_msgs/srv/detail/sound__rosidl_typesupport_introspection_cpp.hpp
[1.036s] -- Up-to-date: /home/mpcmeulensteen/blackboard_ws/install/turtlebot3_msgs/include/turtlebot3_msgs/srv/detail/sound__type_support.cpp
[1.036s] -- Up-to-date: /home/mpcmeulensteen/blackboard_ws/install/turtlebot3_msgs/include/turtlebot3_msgs/msg
[1.036s] -- Up-to-date: /home/mpcmeulensteen/blackboard_ws/install/turtlebot3_msgs/include/turtlebot3_msgs/msg/detail
[1.036s] -- Up-to-date: /home/mpcmeulensteen/blackboard_ws/install/turtlebot3_msgs/include/turtlebot3_msgs/msg/detail/sensor_state__type_support.cpp
[1.036s] -- Up-to-date: /home/mpcmeulensteen/blackboard_ws/install/turtlebot3_msgs/include/turtlebot3_msgs/msg/detail/version_info__rosidl_typesupport_introspection_cpp.hpp
[1.036s] -- Up-to-date: /home/mpcmeulensteen/blackboard_ws/install/turtlebot3_msgs/include/turtlebot3_msgs/msg/detail/version_info__type_support.cpp
[1.036s] -- Up-to-date: /home/mpcmeulensteen/blackboard_ws/install/turtlebot3_msgs/include/turtlebot3_msgs/msg/detail/sensor_state__rosidl_typesupport_introspection_cpp.hpp
[1.036s] -- Up-to-date: /home/mpcmeulensteen/blackboard_ws/install/turtlebot3_msgs/include/turtlebot3_msgs/msg/detail/sound__rosidl_typesupport_introspection_cpp.hpp
[1.036s] -- Up-to-date: /home/mpcmeulensteen/blackboard_ws/install/turtlebot3_msgs/include/turtlebot3_msgs/msg/detail/sound__type_support.cpp
[1.036s] -- Up-to-date: /home/mpcmeulensteen/blackboard_ws/install/turtlebot3_msgs/lib/libturtlebot3_msgs__rosidl_typesupport_introspection_cpp.so
[1.036s] -- Up-to-date: /home/mpcmeulensteen/blackboard_ws/install/turtlebot3_msgs/lib/libturtlebot3_msgs__rosidl_typesupport_cpp.so
[1.036s] -- Up-to-date: /home/mpcmeulensteen/blackboard_ws/install/turtlebot3_msgs/share/turtlebot3_msgs/environment/pythonpath.sh
[1.036s] -- Up-to-date: /home/mpcmeulensteen/blackboard_ws/install/turtlebot3_msgs/share/turtlebot3_msgs/environment/pythonpath.dsv
[1.036s] -- Up-to-date: /home/mpcmeulensteen/blackboard_ws/install/turtlebot3_msgs/lib/python3.8/site-packages/turtlebot3_msgs/__init__.py
[1.044s] -- Up-to-date: /home/mpcmeulensteen/blackboard_ws/install/turtlebot3_msgs/lib/python3.8/site-packages/turtlebot3_msgs/msg
[1.044s] -- Up-to-date: /home/mpcmeulensteen/blackboard_ws/install/turtlebot3_msgs/lib/python3.8/site-packages/turtlebot3_msgs/msg/_sensor_state.py
[1.044s] -- Up-to-date: /home/mpcmeulensteen/blackboard_ws/install/turtlebot3_msgs/lib/python3.8/site-packages/turtlebot3_msgs/msg/_sound_s.c
[1.044s] -- Up-to-date: /home/mpcmeulensteen/blackboard_ws/install/turtlebot3_msgs/lib/python3.8/site-packages/turtlebot3_msgs/msg/_sensor_state_s.c
[1.044s] -- Up-to-date: /home/mpcmeulensteen/blackboard_ws/install/turtlebot3_msgs/lib/python3.8/site-packages/turtlebot3_msgs/msg/_version_info.py
[1.044s] -- Up-to-date: /home/mpcmeulensteen/blackboard_ws/install/turtlebot3_msgs/lib/python3.8/site-packages/turtlebot3_msgs/msg/_version_info_s.c
[1.045s] -- Up-to-date: /home/mpcmeulensteen/blackboard_ws/install/turtlebot3_msgs/lib/python3.8/site-packages/turtlebot3_msgs/msg/_sound.py
[1.045s] -- Up-to-date: /home/mpcmeulensteen/blackboard_ws/install/turtlebot3_msgs/lib/python3.8/site-packages/turtlebot3_msgs/msg/__init__.py
[1.045s] -- Up-to-date: /home/mpcmeulensteen/blackboard_ws/install/turtlebot3_msgs/lib/python3.8/site-packages/turtlebot3_msgs/srv
[1.045s] -- Up-to-date: /home/mpcmeulensteen/blackboard_ws/install/turtlebot3_msgs/lib/python3.8/site-packages/turtlebot3_msgs/srv/_dqn.py
[1.045s] -- Up-to-date: /home/mpcmeulensteen/blackboard_ws/install/turtlebot3_msgs/lib/python3.8/site-packages/turtlebot3_msgs/srv/_sound_s.c
[1.046s] -- Up-to-date: /home/mpcmeulensteen/blackboard_ws/install/turtlebot3_msgs/lib/python3.8/site-packages/turtlebot3_msgs/srv/_dqn_s.c
[1.046s] -- Up-to-date: /home/mpcmeulensteen/blackboard_ws/install/turtlebot3_msgs/lib/python3.8/site-packages/turtlebot3_msgs/srv/_sound.py
[1.046s] -- Up-to-date: /home/mpcmeulensteen/blackboard_ws/install/turtlebot3_msgs/lib/python3.8/site-packages/turtlebot3_msgs/srv/__init__.py
[1.046s] -- Up-to-date: /home/mpcmeulensteen/blackboard_ws/install/turtlebot3_msgs/lib/python3.8/site-packages/turtlebot3_msgs/action
[1.046s] -- Up-to-date: /home/mpcmeulensteen/blackboard_ws/install/turtlebot3_msgs/lib/python3.8/site-packages/turtlebot3_msgs/action/_patrol_s.c
[1.046s] -- Up-to-date: /home/mpcmeulensteen/blackboard_ws/install/turtlebot3_msgs/lib/python3.8/site-packages/turtlebot3_msgs/action/__init__.py
[1.046s] -- Up-to-date: /home/mpcmeulensteen/blackboard_ws/install/turtlebot3_msgs/lib/python3.8/site-packages/turtlebot3_msgs/action/_patrol.py
[1.046s] -- Up-to-date: /home/mpcmeulensteen/blackboard_ws/install/turtlebot3_msgs/lib/python3.8/site-packages/turtlebot3_msgs/turtlebot3_msgs_s__rosidl_typesupport_fastrtps_c.cpython-38-x86_64-linux-gnu.so
[1.051s] -- Up-to-date: /home/mpcmeulensteen/blackboard_ws/install/turtlebot3_msgs/lib/python3.8/site-packages/turtlebot3_msgs/turtlebot3_msgs_s__rosidl_typesupport_introspection_c.cpython-38-x86_64-linux-gnu.so
[1.051s] -- Up-to-date: /home/mpcmeulensteen/blackboard_ws/install/turtlebot3_msgs/lib/python3.8/site-packages/turtlebot3_msgs/turtlebot3_msgs_s__rosidl_typesupport_c.cpython-38-x86_64-linux-gnu.so
[1.052s] -- Up-to-date: /home/mpcmeulensteen/blackboard_ws/install/turtlebot3_msgs/lib/libturtlebot3_msgs__python.so
[1.052s] -- Up-to-date: /home/mpcmeulensteen/blackboard_ws/install/turtlebot3_msgs/share/turtlebot3_msgs/msg/SensorState.idl
[1.052s] -- Up-to-date: /home/mpcmeulensteen/blackboard_ws/install/turtlebot3_msgs/share/turtlebot3_msgs/msg/Sound.idl
[1.052s] -- Up-to-date: /home/mpcmeulensteen/blackboard_ws/install/turtlebot3_msgs/share/turtlebot3_msgs/msg/VersionInfo.idl
[1.052s] -- Up-to-date: /home/mpcmeulensteen/blackboard_ws/install/turtlebot3_msgs/share/turtlebot3_msgs/srv/Sound.idl
[1.052s] -- Up-to-date: /home/mpcmeulensteen/blackboard_ws/install/turtlebot3_msgs/share/turtlebot3_msgs/srv/Dqn.idl
[1.052s] -- Up-to-date: /home/mpcmeulensteen/blackboard_ws/install/turtlebot3_msgs/share/turtlebot3_msgs/action/Patrol.idl
[1.052s] -- Up-to-date: /home/mpcmeulensteen/blackboard_ws/install/turtlebot3_msgs/share/turtlebot3_msgs/msg/SensorState.msg
[1.052s] -- Up-to-date: /home/mpcmeulensteen/blackboard_ws/install/turtlebot3_msgs/share/turtlebot3_msgs/msg/Sound.msg
[1.053s] -- Up-to-date: /home/mpcmeulensteen/blackboard_ws/install/turtlebot3_msgs/share/turtlebot3_msgs/msg/VersionInfo.msg
[1.053s] -- Up-to-date: /home/mpcmeulensteen/blackboard_ws/install/turtlebot3_msgs/share/turtlebot3_msgs/srv/Sound.srv
[1.053s] -- Up-to-date: /home/mpcmeulensteen/blackboard_ws/install/turtlebot3_msgs/share/turtlebot3_msgs/srv/Sound_Request.msg
[1.053s] -- Up-to-date: /home/mpcmeulensteen/blackboard_ws/install/turtlebot3_msgs/share/turtlebot3_msgs/srv/Sound_Response.msg
[1.053s] -- Up-to-date: /home/mpcmeulensteen/blackboard_ws/install/turtlebot3_msgs/share/turtlebot3_msgs/srv/Dqn.srv
[1.053s] -- Up-to-date: /home/mpcmeulensteen/blackboard_ws/install/turtlebot3_msgs/share/turtlebot3_msgs/srv/Dqn_Request.msg
[1.053s] -- Up-to-date: /home/mpcmeulensteen/blackboard_ws/install/turtlebot3_msgs/share/turtlebot3_msgs/srv/Dqn_Response.msg
[1.053s] -- Up-to-date: /home/mpcmeulensteen/blackboard_ws/install/turtlebot3_msgs/share/turtlebot3_msgs/action/Patrol.action
[1.053s] -- Up-to-date: /home/mpcmeulensteen/blackboard_ws/install/turtlebot3_msgs/share/ament_index/resource_index/package_run_dependencies/turtlebot3_msgs
[1.053s] -- Up-to-date: /home/mpcmeulensteen/blackboard_ws/install/turtlebot3_msgs/share/ament_index/resource_index/parent_prefix_path/turtlebot3_msgs
[1.053s] -- Up-to-date: /home/mpcmeulensteen/blackboard_ws/install/turtlebot3_msgs/share/turtlebot3_msgs/environment/ament_prefix_path.sh
[1.053s] -- Up-to-date: /home/mpcmeulensteen/blackboard_ws/install/turtlebot3_msgs/share/turtlebot3_msgs/environment/ament_prefix_path.dsv
[1.053s] -- Up-to-date: /home/mpcmeulensteen/blackboard_ws/install/turtlebot3_msgs/share/turtlebot3_msgs/environment/path.sh
[1.053s] -- Up-to-date: /home/mpcmeulensteen/blackboard_ws/install/turtlebot3_msgs/share/turtlebot3_msgs/environment/path.dsv
[1.062s] -- Up-to-date: /home/mpcmeulensteen/blackboard_ws/install/turtlebot3_msgs/share/turtlebot3_msgs/local_setup.bash
[1.062s] -- Up-to-date: /home/mpcmeulensteen/blackboard_ws/install/turtlebot3_msgs/share/turtlebot3_msgs/local_setup.sh
[1.062s] -- Up-to-date: /home/mpcmeulensteen/blackboard_ws/install/turtlebot3_msgs/share/turtlebot3_msgs/local_setup.zsh
[1.062s] -- Up-to-date: /home/mpcmeulensteen/blackboard_ws/install/turtlebot3_msgs/share/turtlebot3_msgs/local_setup.dsv
[1.063s] -- Installing: /home/mpcmeulensteen/blackboard_ws/install/turtlebot3_msgs/share/turtlebot3_msgs/package.dsv
[1.063s] -- Up-to-date: /home/mpcmeulensteen/blackboard_ws/install/turtlebot3_msgs/share/ament_index/resource_index/packages/turtlebot3_msgs
[1.063s] -- Up-to-date: /home/mpcmeulensteen/blackboard_ws/install/turtlebot3_msgs/share/turtlebot3_msgs/cmake/turtlebot3_msgs__rosidl_generator_cExport.cmake
[1.063s] -- Up-to-date: /home/mpcmeulensteen/blackboard_ws/install/turtlebot3_msgs/share/turtlebot3_msgs/cmake/turtlebot3_msgs__rosidl_generator_cExport-noconfig.cmake
[1.063s] -- Up-to-date: /home/mpcmeulensteen/blackboard_ws/install/turtlebot3_msgs/share/turtlebot3_msgs/cmake/turtlebot3_msgs__rosidl_typesupport_introspection_cExport.cmake
[1.063s] -- Up-to-date: /home/mpcmeulensteen/blackboard_ws/install/turtlebot3_msgs/share/turtlebot3_msgs/cmake/turtlebot3_msgs__rosidl_typesupport_introspection_cExport-noconfig.cmake
[1.069s] -- Up-to-date: /home/mpcmeulensteen/blackboard_ws/install/turtlebot3_msgs/share/turtlebot3_msgs/cmake/turtlebot3_msgs__rosidl_typesupport_cExport.cmake
[1.070s] -- Up-to-date: /home/mpcmeulensteen/blackboard_ws/install/turtlebot3_msgs/share/turtlebot3_msgs/cmake/turtlebot3_msgs__rosidl_typesupport_cExport-noconfig.cmake
[1.070s] -- Up-to-date: /home/mpcmeulensteen/blackboard_ws/install/turtlebot3_msgs/share/turtlebot3_msgs/cmake/turtlebot3_msgs__rosidl_generator_cppExport.cmake
[1.070s] -- Up-to-date: /home/mpcmeulensteen/blackboard_ws/install/turtlebot3_msgs/share/turtlebot3_msgs/cmake/turtlebot3_msgs__rosidl_typesupport_introspection_cppExport.cmake
[1.070s] -- Up-to-date: /home/mpcmeulensteen/blackboard_ws/install/turtlebot3_msgs/share/turtlebot3_msgs/cmake/turtlebot3_msgs__rosidl_typesupport_introspection_cppExport-noconfig.cmake
[1.070s] -- Up-to-date: /home/mpcmeulensteen/blackboard_ws/install/turtlebot3_msgs/share/turtlebot3_msgs/cmake/turtlebot3_msgs__rosidl_typesupport_cppExport.cmake
[1.070s] -- Up-to-date: /home/mpcmeulensteen/blackboard_ws/install/turtlebot3_msgs/share/turtlebot3_msgs/cmake/turtlebot3_msgs__rosidl_typesupport_cppExport-noconfig.cmake
[1.071s] -- Up-to-date: /home/mpcmeulensteen/blackboard_ws/install/turtlebot3_msgs/share/turtlebot3_msgs/cmake/rosidl_cmake-extras.cmake
[1.071s] -- Up-to-date: /home/mpcmeulensteen/blackboard_ws/install/turtlebot3_msgs/share/turtlebot3_msgs/cmake/ament_cmake_export_dependencies-extras.cmake
[1.071s] -- Up-to-date: /home/mpcmeulensteen/blackboard_ws/install/turtlebot3_msgs/share/turtlebot3_msgs/cmake/ament_cmake_export_libraries-extras.cmake
[1.071s] -- Up-to-date: /home/mpcmeulensteen/blackboard_ws/install/turtlebot3_msgs/share/turtlebot3_msgs/cmake/ament_cmake_export_targets-extras.cmake
[1.071s] -- Up-to-date: /home/mpcmeulensteen/blackboard_ws/install/turtlebot3_msgs/share/turtlebot3_msgs/cmake/ament_cmake_export_include_directories-extras.cmake
[1.071s] -- Up-to-date: /home/mpcmeulensteen/blackboard_ws/install/turtlebot3_msgs/share/turtlebot3_msgs/cmake/rosidl_cmake_export_typesupport_libraries-extras.cmake
[1.071s] -- Up-to-date: /home/mpcmeulensteen/blackboard_ws/install/turtlebot3_msgs/share/turtlebot3_msgs/cmake/rosidl_cmake_export_typesupport_targets-extras.cmake
[1.071s] -- Up-to-date: /home/mpcmeulensteen/blackboard_ws/install/turtlebot3_msgs/share/turtlebot3_msgs/cmake/turtlebot3_msgsConfig.cmake
[1.071s] -- Up-to-date: /home/mpcmeulensteen/blackboard_ws/install/turtlebot3_msgs/share/turtlebot3_msgs/cmake/turtlebot3_msgsConfig-version.cmake
[1.071s] -- Up-to-date: /home/mpcmeulensteen/blackboard_ws/install/turtlebot3_msgs/share/turtlebot3_msgs/package.xml
[1.071s] Invoked command in '/home/mpcmeulensteen/blackboard_ws/build/turtlebot3_msgs' returned '0': CMAKE_PREFIX_PATH=${CMAKE_PREFIX_PATH}:/home/mpcmeulensteen/blackboard_ws/install/turtlebot3_teleop:/home/mpcmeulensteen/blackboard_ws/install/turtlebot3_example:/home/mpcmeulensteen/blackboard_ws/install/ros2_blackboard:/home/mpcmeulensteen/turtlebot3_ws/install/turtlebot3_teleop:/home/mpcmeulensteen/turtlebot3_ws/install/turtlebot3_example:/home/mpcmeulensteen/colcon_ws/install/turtlebot3_teleop:/home/mpcmeulensteen/colcon_ws/install/turtlebot3_example:/opt/ros/foxy /usr/bin/cmake --install /home/mpcmeulensteen/blackboard_ws/build/turtlebot3_msgs
