[0.038s] Invoking command in '/home/mpcmeulensteen/blackboard_ws/build/dynamixel_sdk': CMAKE_PREFIX_PATH=${CMAKE_PREFIX_PATH}:/home/mpcmeulensteen/blackboard_ws/install/turtlebot3_teleop:/home/mpcmeulensteen/blackboard_ws/install/turtlebot3_example:/home/mpcmeulensteen/blackboard_ws/install/tf_transformations:/home/mpcmeulensteen/blackboard_ws/install/ros2_blackboard:/home/mpcmeulensteen/blackboard_ws/install/ros2_bbinstance:/opt/ros/foxy /usr/bin/cmake --build /home/mpcmeulensteen/blackboard_ws/build/dynamixel_sdk -- -j2 -l2
[0.171s] [100%] Built target dynamixel_sdk
[0.198s] Invoked command in '/home/mpcmeulensteen/blackboard_ws/build/dynamixel_sdk' returned '0': CMAKE_PREFIX_PATH=${CMAKE_PREFIX_PATH}:/home/mpcmeulensteen/blackboard_ws/install/turtlebot3_teleop:/home/mpcmeulensteen/blackboard_ws/install/turtlebot3_example:/home/mpcmeulensteen/blackboard_ws/install/tf_transformations:/home/mpcmeulensteen/blackboard_ws/install/ros2_blackboard:/home/mpcmeulensteen/blackboard_ws/install/ros2_bbinstance:/opt/ros/foxy /usr/bin/cmake --build /home/mpcmeulensteen/blackboard_ws/build/dynamixel_sdk -- -j2 -l2
[0.319s] Invoking command in '/home/mpcmeulensteen/blackboard_ws/build/dynamixel_sdk': CMAKE_PREFIX_PATH=${CMAKE_PREFIX_PATH}:/home/mpcmeulensteen/blackboard_ws/install/turtlebot3_teleop:/home/mpcmeulensteen/blackboard_ws/install/turtlebot3_example:/home/mpcmeulensteen/blackboard_ws/install/tf_transformations:/home/mpcmeulensteen/blackboard_ws/install/ros2_blackboard:/home/mpcmeulensteen/blackboard_ws/install/ros2_bbinstance:/opt/ros/foxy /usr/bin/cmake --install /home/mpcmeulensteen/blackboard_ws/build/dynamixel_sdk
[0.336s] -- Install configuration: ""
[0.336s] -- Up-to-date: /home/mpcmeulensteen/blackboard_ws/install/dynamixel_sdk/include/
[0.337s] -- Up-to-date: /home/mpcmeulensteen/blackboard_ws/install/dynamixel_sdk/include//dynamixel_sdk
[0.339s] -- Up-to-date: /home/mpcmeulensteen/blackboard_ws/install/dynamixel_sdk/include//dynamixel_sdk/port_handler.h
[0.340s] -- Up-to-date: /home/mpcmeulensteen/blackboard_ws/install/dynamixel_sdk/include//dynamixel_sdk/packet_handler.h
[0.341s] -- Up-to-date: /home/mpcmeulensteen/blackboard_ws/install/dynamixel_sdk/include//dynamixel_sdk/protocol2_packet_handler.h
[0.341s] -- Up-to-date: /home/mpcmeulensteen/blackboard_ws/install/dynamixel_sdk/include//dynamixel_sdk/group_bulk_read.h
[0.341s] -- Up-to-date: /home/mpcmeulensteen/blackboard_ws/install/dynamixel_sdk/include//dynamixel_sdk/group_bulk_write.h
[0.341s] -- Up-to-date: /home/mpcmeulensteen/blackboard_ws/install/dynamixel_sdk/include//dynamixel_sdk/protocol1_packet_handler.h
[0.341s] -- Up-to-date: /home/mpcmeulensteen/blackboard_ws/install/dynamixel_sdk/include//dynamixel_sdk/dynamixel_sdk.h
[0.346s] -- Up-to-date: /home/mpcmeulensteen/blackboard_ws/install/dynamixel_sdk/include//dynamixel_sdk/port_handler_arduino.h
[0.346s] -- Up-to-date: /home/mpcmeulensteen/blackboard_ws/install/dynamixel_sdk/include//dynamixel_sdk/group_sync_write.h
[0.347s] -- Up-to-date: /home/mpcmeulensteen/blackboard_ws/install/dynamixel_sdk/include//dynamixel_sdk/port_handler_windows.h
[0.348s] -- Up-to-date: /home/mpcmeulensteen/blackboard_ws/install/dynamixel_sdk/include//dynamixel_sdk/port_handler_mac.h
[0.348s] -- Up-to-date: /home/mpcmeulensteen/blackboard_ws/install/dynamixel_sdk/include//dynamixel_sdk/port_handler_linux.h
[0.349s] -- Up-to-date: /home/mpcmeulensteen/blackboard_ws/install/dynamixel_sdk/include//dynamixel_sdk/group_sync_read.h
[0.350s] -- Up-to-date: /home/mpcmeulensteen/blackboard_ws/install/dynamixel_sdk/lib/libdynamixel_sdk.so
[0.351s] -- Up-to-date: /home/mpcmeulensteen/blackboard_ws/install/dynamixel_sdk/share/dynamixel_sdk/environment/library_path.sh
[0.352s] -- Up-to-date: /home/mpcmeulensteen/blackboard_ws/install/dynamixel_sdk/share/dynamixel_sdk/environment/library_path.dsv
[0.353s] -- Up-to-date: /home/mpcmeulensteen/blackboard_ws/install/dynamixel_sdk/share/ament_index/resource_index/package_run_dependencies/dynamixel_sdk
[0.354s] -- Up-to-date: /home/mpcmeulensteen/blackboard_ws/install/dynamixel_sdk/share/ament_index/resource_index/parent_prefix_path/dynamixel_sdk
[0.354s] -- Up-to-date: /home/mpcmeulensteen/blackboard_ws/install/dynamixel_sdk/share/dynamixel_sdk/environment/ament_prefix_path.sh
[0.356s] -- Up-to-date: /home/mpcmeulensteen/blackboard_ws/install/dynamixel_sdk/share/dynamixel_sdk/environment/ament_prefix_path.dsv
[0.356s] -- Up-to-date: /home/mpcmeulensteen/blackboard_ws/install/dynamixel_sdk/share/dynamixel_sdk/environment/path.sh
[0.357s] -- Up-to-date: /home/mpcmeulensteen/blackboard_ws/install/dynamixel_sdk/share/dynamixel_sdk/environment/path.dsv
[0.357s] -- Up-to-date: /home/mpcmeulensteen/blackboard_ws/install/dynamixel_sdk/share/dynamixel_sdk/local_setup.bash
[0.358s] -- Up-to-date: /home/mpcmeulensteen/blackboard_ws/install/dynamixel_sdk/share/dynamixel_sdk/local_setup.sh
[0.358s] -- Up-to-date: /home/mpcmeulensteen/blackboard_ws/install/dynamixel_sdk/share/dynamixel_sdk/local_setup.zsh
[0.360s] -- Up-to-date: /home/mpcmeulensteen/blackboard_ws/install/dynamixel_sdk/share/dynamixel_sdk/local_setup.dsv
[0.361s] -- Installing: /home/mpcmeulensteen/blackboard_ws/install/dynamixel_sdk/share/dynamixel_sdk/package.dsv
[0.362s] -- Up-to-date: /home/mpcmeulensteen/blackboard_ws/install/dynamixel_sdk/share/ament_index/resource_index/packages/dynamixel_sdk
[0.362s] -- Up-to-date: /home/mpcmeulensteen/blackboard_ws/install/dynamixel_sdk/share/dynamixel_sdk/cmake/ament_cmake_export_include_directories-extras.cmake
[0.364s] -- Up-to-date: /home/mpcmeulensteen/blackboard_ws/install/dynamixel_sdk/share/dynamixel_sdk/cmake/ament_cmake_export_libraries-extras.cmake
[0.364s] -- Up-to-date: /home/mpcmeulensteen/blackboard_ws/install/dynamixel_sdk/share/dynamixel_sdk/cmake/dynamixel_sdkConfig.cmake
[0.366s] -- Up-to-date: /home/mpcmeulensteen/blackboard_ws/install/dynamixel_sdk/share/dynamixel_sdk/cmake/dynamixel_sdkConfig-version.cmake
[0.368s] -- Up-to-date: /home/mpcmeulensteen/blackboard_ws/install/dynamixel_sdk/share/dynamixel_sdk/package.xml
[0.368s] Invoked command in '/home/mpcmeulensteen/blackboard_ws/build/dynamixel_sdk' returned '0': CMAKE_PREFIX_PATH=${CMAKE_PREFIX_PATH}:/home/mpcmeulensteen/blackboard_ws/install/turtlebot3_teleop:/home/mpcmeulensteen/blackboard_ws/install/turtlebot3_example:/home/mpcmeulensteen/blackboard_ws/install/tf_transformations:/home/mpcmeulensteen/blackboard_ws/install/ros2_blackboard:/home/mpcmeulensteen/blackboard_ws/install/ros2_bbinstance:/opt/ros/foxy /usr/bin/cmake --install /home/mpcmeulensteen/blackboard_ws/build/dynamixel_sdk
