[0.019s] Invoking command in '/home/mpcmeulensteen/blackboard_ws/build/turtlebot3_node': AMENT_PREFIX_PATH=/home/mpcmeulensteen/blackboard_ws/install/turtlebot3_msgs:/home/mpcmeulensteen/blackboard_ws/install/dynamixel_sdk:${AMENT_PREFIX_PATH} CMAKE_PREFIX_PATH=/home/mpcmeulensteen/blackboard_ws/install/turtlebot3_msgs:/home/mpcmeulensteen/blackboard_ws/install/dynamixel_sdk:/opt/ros/foxy LD_LIBRARY_PATH=/home/mpcmeulensteen/blackboard_ws/install/turtlebot3_msgs/lib:/home/mpcmeulensteen/blackboard_ws/install/dynamixel_sdk/lib:${LD_LIBRARY_PATH} PYTHONPATH=/home/mpcmeulensteen/blackboard_ws/install/turtlebot3_msgs/lib/python3.8/site-packages:${PYTHONPATH} /usr/bin/cmake --build /home/mpcmeulensteen/blackboard_ws/build/turtlebot3_node -- -j2 -l2
[0.061s] -- Found ament_cmake: 0.9.9 (/opt/ros/foxy/share/ament_cmake/cmake)
[0.079s] -- Using PYTHON_EXECUTABLE: /usr/bin/python3
[0.258s] -- Found dynamixel_sdk: 3.7.40 (/home/mpcmeulensteen/blackboard_ws/install/dynamixel_sdk/share/dynamixel_sdk/cmake)
[0.259s] -- Found geometry_msgs: 2.0.4 (/opt/ros/foxy/share/geometry_msgs/cmake)
[0.276s] -- Using all available rosidl_typesupport_c: rosidl_typesupport_fastrtps_c;rosidl_typesupport_introspection_c
[0.279s] -- Found rosidl_adapter: 1.2.1 (/opt/ros/foxy/share/rosidl_adapter/cmake)
[0.518s] -- Using all available rosidl_typesupport_cpp: rosidl_typesupport_fastrtps_cpp;rosidl_typesupport_introspection_cpp
[0.590s] -- Found message_filters: 3.2.5 (/opt/ros/foxy/share/message_filters/cmake)
[0.594s] -- Found nav_msgs: 2.0.4 (/opt/ros/foxy/share/nav_msgs/cmake)
[0.667s] -- Found rclcpp: 2.4.0 (/opt/ros/foxy/share/rclcpp/cmake)
[0.698s] -- Found rmw_implementation_cmake: 1.0.3 (/opt/ros/foxy/share/rmw_implementation_cmake/cmake)
[0.700s] -- Using RMW implementation 'rmw_fastrtps_cpp' as default
[0.817s] -- Found sensor_msgs: 2.0.4 (/opt/ros/foxy/share/sensor_msgs/cmake)
[0.881s] -- Found std_srvs: 2.0.4 (/opt/ros/foxy/share/std_srvs/cmake)
[0.896s] -- Found tf2: 0.13.12 (/opt/ros/foxy/share/tf2/cmake)
[0.906s] -- Found tf2_ros: 0.13.12 (/opt/ros/foxy/share/tf2_ros/cmake)
[1.268s] -- Found turtlebot3_msgs: 2.2.1 (/home/mpcmeulensteen/blackboard_ws/install/turtlebot3_msgs/share/turtlebot3_msgs/cmake)
[1.502s] -- Configuring done
[1.554s] -- Generating done
[1.558s] -- Build files have been written to: /home/mpcmeulensteen/blackboard_ws/build/turtlebot3_node
[1.659s] [35m[1mScanning dependencies of target turtlebot3_node_lib[0m
[1.713s] [  7%] [32mBuilding CXX object CMakeFiles/turtlebot3_node_lib.dir/src/devices/sound.cpp.o[0m
[1.733s] [ 14%] [32mBuilding CXX object CMakeFiles/turtlebot3_node_lib.dir/src/devices/motor_power.cpp.o[0m
[5.382s] [ 21%] [32mBuilding CXX object CMakeFiles/turtlebot3_node_lib.dir/src/devices/reset.cpp.o[0m
[5.563s] [ 28%] [32mBuilding CXX object CMakeFiles/turtlebot3_node_lib.dir/src/diff_drive_controller.cpp.o[0m
[7.839s] [ 35%] [32mBuilding CXX object CMakeFiles/turtlebot3_node_lib.dir/src/dynamixel_sdk_wrapper.cpp.o[0m
[8.082s] [ 42%] [32mBuilding CXX object CMakeFiles/turtlebot3_node_lib.dir/src/odometry.cpp.o[0m
[8.297s] [ 50%] [32mBuilding CXX object CMakeFiles/turtlebot3_node_lib.dir/src/turtlebot3.cpp.o[0m
[21.696s] [ 57%] [32mBuilding CXX object CMakeFiles/turtlebot3_node_lib.dir/src/sensors/battery_state.cpp.o[0m
[25.906s] [ 64%] [32mBuilding CXX object CMakeFiles/turtlebot3_node_lib.dir/src/sensors/imu.cpp.o[0m
[29.801s] [ 71%] [32mBuilding CXX object CMakeFiles/turtlebot3_node_lib.dir/src/sensors/joint_state.cpp.o[0m
[33.156s] [ 78%] [32mBuilding CXX object CMakeFiles/turtlebot3_node_lib.dir/src/sensors/sensor_state.cpp.o[0m
[36.557s] [ 85%] [32m[1mLinking CXX static library libturtlebot3_node_lib.a[0m
[36.954s] [ 85%] Built target turtlebot3_node_lib
[36.975s] [35m[1mScanning dependencies of target turtlebot3_ros[0m
[37.018s] [ 92%] [32mBuilding CXX object CMakeFiles/turtlebot3_ros.dir/src/node_main.cpp.o[0m
[40.364s] [100%] [32m[1mLinking CXX executable turtlebot3_ros[0m
[41.953s] [100%] Built target turtlebot3_ros
[41.969s] Invoked command in '/home/mpcmeulensteen/blackboard_ws/build/turtlebot3_node' returned '0': AMENT_PREFIX_PATH=/home/mpcmeulensteen/blackboard_ws/install/turtlebot3_msgs:/home/mpcmeulensteen/blackboard_ws/install/dynamixel_sdk:${AMENT_PREFIX_PATH} CMAKE_PREFIX_PATH=/home/mpcmeulensteen/blackboard_ws/install/turtlebot3_msgs:/home/mpcmeulensteen/blackboard_ws/install/dynamixel_sdk:/opt/ros/foxy LD_LIBRARY_PATH=/home/mpcmeulensteen/blackboard_ws/install/turtlebot3_msgs/lib:/home/mpcmeulensteen/blackboard_ws/install/dynamixel_sdk/lib:${LD_LIBRARY_PATH} PYTHONPATH=/home/mpcmeulensteen/blackboard_ws/install/turtlebot3_msgs/lib/python3.8/site-packages:${PYTHONPATH} /usr/bin/cmake --build /home/mpcmeulensteen/blackboard_ws/build/turtlebot3_node -- -j2 -l2
[42.028s] Invoking command in '/home/mpcmeulensteen/blackboard_ws/build/turtlebot3_node': AMENT_PREFIX_PATH=/home/mpcmeulensteen/blackboard_ws/install/turtlebot3_msgs:/home/mpcmeulensteen/blackboard_ws/install/dynamixel_sdk:${AMENT_PREFIX_PATH} CMAKE_PREFIX_PATH=/home/mpcmeulensteen/blackboard_ws/install/turtlebot3_msgs:/home/mpcmeulensteen/blackboard_ws/install/dynamixel_sdk:/opt/ros/foxy LD_LIBRARY_PATH=/home/mpcmeulensteen/blackboard_ws/install/turtlebot3_msgs/lib:/home/mpcmeulensteen/blackboard_ws/install/dynamixel_sdk/lib:${LD_LIBRARY_PATH} PYTHONPATH=/home/mpcmeulensteen/blackboard_ws/install/turtlebot3_msgs/lib/python3.8/site-packages:${PYTHONPATH} /usr/bin/cmake --install /home/mpcmeulensteen/blackboard_ws/build/turtlebot3_node
[42.048s] -- Install configuration: ""
[42.050s] -- Up-to-date: /home/mpcmeulensteen/blackboard_ws/install/turtlebot3_node/share/turtlebot3_node/param
[42.050s] -- Installing: /home/mpcmeulensteen/blackboard_ws/install/turtlebot3_node/share/turtlebot3_node/param/burger.yaml
[42.050s] -- Installing: /home/mpcmeulensteen/blackboard_ws/install/turtlebot3_node/share/turtlebot3_node/param/waffle.yaml
[42.050s] -- Installing: /home/mpcmeulensteen/blackboard_ws/install/turtlebot3_node/share/turtlebot3_node/param/waffle_pi.yaml
[42.052s] -- Installing: /home/mpcmeulensteen/blackboard_ws/install/turtlebot3_node/lib/turtlebot3_node/turtlebot3_ros
[42.071s] -- Set runtime path of "/home/mpcmeulensteen/blackboard_ws/install/turtlebot3_node/lib/turtlebot3_node/turtlebot3_ros" to ""
[42.072s] -- Installing: /home/mpcmeulensteen/blackboard_ws/install/turtlebot3_node/share/ament_index/resource_index/package_run_dependencies/turtlebot3_node
[42.073s] -- Installing: /home/mpcmeulensteen/blackboard_ws/install/turtlebot3_node/share/ament_index/resource_index/parent_prefix_path/turtlebot3_node
[42.074s] -- Installing: /home/mpcmeulensteen/blackboard_ws/install/turtlebot3_node/share/turtlebot3_node/environment/ament_prefix_path.sh
[42.074s] -- Installing: /home/mpcmeulensteen/blackboard_ws/install/turtlebot3_node/share/turtlebot3_node/environment/ament_prefix_path.dsv
[42.074s] -- Installing: /home/mpcmeulensteen/blackboard_ws/install/turtlebot3_node/share/turtlebot3_node/environment/path.sh
[42.075s] -- Installing: /home/mpcmeulensteen/blackboard_ws/install/turtlebot3_node/share/turtlebot3_node/environment/path.dsv
[42.075s] -- Installing: /home/mpcmeulensteen/blackboard_ws/install/turtlebot3_node/share/turtlebot3_node/local_setup.bash
[42.075s] -- Installing: /home/mpcmeulensteen/blackboard_ws/install/turtlebot3_node/share/turtlebot3_node/local_setup.sh
[42.075s] -- Installing: /home/mpcmeulensteen/blackboard_ws/install/turtlebot3_node/share/turtlebot3_node/local_setup.zsh
[42.076s] -- Installing: /home/mpcmeulensteen/blackboard_ws/install/turtlebot3_node/share/turtlebot3_node/local_setup.dsv
[42.076s] -- Installing: /home/mpcmeulensteen/blackboard_ws/install/turtlebot3_node/share/turtlebot3_node/package.dsv
[42.077s] -- Installing: /home/mpcmeulensteen/blackboard_ws/install/turtlebot3_node/share/ament_index/resource_index/packages/turtlebot3_node
[42.077s] -- Installing: /home/mpcmeulensteen/blackboard_ws/install/turtlebot3_node/share/turtlebot3_node/cmake/ament_cmake_export_include_directories-extras.cmake
[42.078s] -- Installing: /home/mpcmeulensteen/blackboard_ws/install/turtlebot3_node/share/turtlebot3_node/cmake/turtlebot3_nodeConfig.cmake
[42.078s] -- Installing: /home/mpcmeulensteen/blackboard_ws/install/turtlebot3_node/share/turtlebot3_node/cmake/turtlebot3_nodeConfig-version.cmake
[42.079s] -- Installing: /home/mpcmeulensteen/blackboard_ws/install/turtlebot3_node/share/turtlebot3_node/package.xml
[42.083s] Invoked command in '/home/mpcmeulensteen/blackboard_ws/build/turtlebot3_node' returned '0': AMENT_PREFIX_PATH=/home/mpcmeulensteen/blackboard_ws/install/turtlebot3_msgs:/home/mpcmeulensteen/blackboard_ws/install/dynamixel_sdk:${AMENT_PREFIX_PATH} CMAKE_PREFIX_PATH=/home/mpcmeulensteen/blackboard_ws/install/turtlebot3_msgs:/home/mpcmeulensteen/blackboard_ws/install/dynamixel_sdk:/opt/ros/foxy LD_LIBRARY_PATH=/home/mpcmeulensteen/blackboard_ws/install/turtlebot3_msgs/lib:/home/mpcmeulensteen/blackboard_ws/install/dynamixel_sdk/lib:${LD_LIBRARY_PATH} PYTHONPATH=/home/mpcmeulensteen/blackboard_ws/install/turtlebot3_msgs/lib/python3.8/site-packages:${PYTHONPATH} /usr/bin/cmake --install /home/mpcmeulensteen/blackboard_ws/build/turtlebot3_node
