[0.063s] Invoking command in '/home/mpcmeulensteen/blackboard_ws/build/bbinstance': CMAKE_PREFIX_PATH=${CMAKE_PREFIX_PATH}:/home/mpcmeulensteen/blackboard_ws/install/turtlebot3_teleop:/home/mpcmeulensteen/blackboard_ws/install/turtlebot3_example:/home/mpcmeulensteen/turtlebot3_ws/install/turtlebot3_teleop:/home/mpcmeulensteen/turtlebot3_ws/install/turtlebot3_example:/home/mpcmeulensteen/colcon_ws/install/turtlebot3_teleop:/home/mpcmeulensteen/colcon_ws/install/turtlebot3_example:/opt/ros/foxy /usr/bin/cmake --build /home/mpcmeulensteen/blackboard_ws/build/bbinstance -- -j2 -l2
[0.218s] -- Found ament_cmake: 0.9.9 (/opt/ros/foxy/share/ament_cmake/cmake)
[0.298s] -- Using PYTHON_EXECUTABLE: /usr/bin/python3
[1.117s] -- Found rclcpp: 2.4.0 (/opt/ros/foxy/share/rclcpp/cmake)
[1.292s] -- Using all available rosidl_typesupport_c: rosidl_typesupport_fastrtps_c;rosidl_typesupport_introspection_c
[1.316s] -- Found rosidl_adapter: 1.2.1 (/opt/ros/foxy/share/rosidl_adapter/cmake)
[1.881s] -- Using all available rosidl_typesupport_cpp: rosidl_typesupport_fastrtps_cpp;rosidl_typesupport_introspection_cpp
[2.030s] -- Found rmw_implementation_cmake: 1.0.3 (/opt/ros/foxy/share/rmw_implementation_cmake/cmake)
[2.039s] -- Using RMW implementation 'rmw_fastrtps_cpp' as default
[2.607s] -- Found rclpy: 1.0.7 (/opt/ros/foxy/share/rclpy/cmake)
[2.607s] -- Found ament_lint_auto: 0.9.6 (/opt/ros/foxy/share/ament_lint_auto/cmake)
[2.915s] -- Added test 'copyright' to check source files copyright and LICENSE
[2.922s] -- Added test 'flake8' to check Python code syntax and style conventions
[2.923s] -- Added test 'lint_cmake' to check CMake code style
[2.927s] -- Added test 'pep257' to check Python code against some of the style conventions in PEP 257
[2.932s] -- Added test 'xmllint' to check XML markup files
[2.943s] -- Configuring done
[2.965s] -- Generating done
[2.991s] -- Build files have been written to: /home/mpcmeulensteen/blackboard_ws/build/bbinstance
[3.125s] Invoked command in '/home/mpcmeulensteen/blackboard_ws/build/bbinstance' returned '0': CMAKE_PREFIX_PATH=${CMAKE_PREFIX_PATH}:/home/mpcmeulensteen/blackboard_ws/install/turtlebot3_teleop:/home/mpcmeulensteen/blackboard_ws/install/turtlebot3_example:/home/mpcmeulensteen/turtlebot3_ws/install/turtlebot3_teleop:/home/mpcmeulensteen/turtlebot3_ws/install/turtlebot3_example:/home/mpcmeulensteen/colcon_ws/install/turtlebot3_teleop:/home/mpcmeulensteen/colcon_ws/install/turtlebot3_example:/opt/ros/foxy /usr/bin/cmake --build /home/mpcmeulensteen/blackboard_ws/build/bbinstance -- -j2 -l2
[3.269s] Invoking command in '/home/mpcmeulensteen/blackboard_ws/build/bbinstance': CMAKE_PREFIX_PATH=${CMAKE_PREFIX_PATH}:/home/mpcmeulensteen/blackboard_ws/install/turtlebot3_teleop:/home/mpcmeulensteen/blackboard_ws/install/turtlebot3_example:/home/mpcmeulensteen/turtlebot3_ws/install/turtlebot3_teleop:/home/mpcmeulensteen/turtlebot3_ws/install/turtlebot3_example:/home/mpcmeulensteen/colcon_ws/install/turtlebot3_teleop:/home/mpcmeulensteen/colcon_ws/install/turtlebot3_example:/opt/ros/foxy /usr/bin/cmake --install /home/mpcmeulensteen/blackboard_ws/build/bbinstance
[3.318s] -- Install configuration: ""
[3.319s] -- Up-to-date: /home/mpcmeulensteen/blackboard_ws/install/bbinstance/share/bbinstance/include
[3.319s] -- Up-to-date: /home/mpcmeulensteen/blackboard_ws/install/bbinstance/share/bbinstance/include/bbinstance
[3.319s] -- Up-to-date: /home/mpcmeulensteen/blackboard_ws/install/bbinstance/share/bbinstance/launch
[3.319s] -- Up-to-date: /home/mpcmeulensteen/blackboard_ws/install/bbinstance/share/bbinstance/launch/blackboard.launch.py
[3.319s] -- Up-to-date: /home/mpcmeulensteen/blackboard_ws/install/bbinstance/share/bbinstance/launch/blackboard.launch
[3.320s] -- Up-to-date: /home/mpcmeulensteen/blackboard_ws/install/bbinstance/share/bbinstance/src
[3.320s] -- Installing: /home/mpcmeulensteen/blackboard_ws/install/bbinstance/share/bbinstance/src/robotInstance2.py
[3.325s] -- Installing: /home/mpcmeulensteen/blackboard_ws/install/bbinstance/share/bbinstance/src/robotInstance3.py
[3.325s] -- Installing: /home/mpcmeulensteen/blackboard_ws/install/bbinstance/share/bbinstance/src/robotInstance4.py
[3.326s] -- Installing: /home/mpcmeulensteen/blackboard_ws/install/bbinstance/share/bbinstance/src/robotInstance.py
[3.326s] -- Up-to-date: /home/mpcmeulensteen/blackboard_ws/install/bbinstance/share/bbinstance/src/multi subscriber.py
[3.326s] -- Up-to-date: /home/mpcmeulensteen/blackboard_ws/install/bbinstance/share/bbinstance/src/markers.py
[3.326s] -- Up-to-date: /home/mpcmeulensteen/blackboard_ws/install/bbinstance/share/bbinstance/src/robotInstance5.py
[3.326s] -- Up-to-date: /home/mpcmeulensteen/blackboard_ws/install/bbinstance/share/bbinstance/src/interface.py
[3.326s] -- Up-to-date: /home/mpcmeulensteen/blackboard_ws/install/bbinstance/share/bbinstance/src/monitor.py
[3.329s] -- Installing: /home/mpcmeulensteen/blackboard_ws/install/bbinstance/share/bbinstance/src/blackboardinstance.py.py
[3.330s] -- Up-to-date: /home/mpcmeulensteen/blackboard_ws/install/bbinstance/share/bbinstance/src/taskview.ui
[3.330s] -- Installing: /home/mpcmeulensteen/blackboard_ws/install/bbinstance/share/bbinstance/src/taskview.py
[3.331s] -- Up-to-date: /home/mpcmeulensteen/blackboard_ws/install/bbinstance/share/bbinstance/src/interface.ui
[3.331s] -- Installing: /home/mpcmeulensteen/blackboard_ws/install/bbinstance/share/bbinstance/src/gui.py
[3.331s] -- Up-to-date: /home/mpcmeulensteen/blackboard_ws/install/bbinstance/share/bbinstance/src/multi publisher.py
[3.331s] -- Up-to-date: /home/mpcmeulensteen/blackboard_ws/install/bbinstance/share/bbinstance/src/blackboardinstance.py
[3.331s] -- Up-to-date: /home/mpcmeulensteen/blackboard_ws/install/bbinstance/lib/bbinstance/blackboardinstance.py
[3.331s] -- Installing: /home/mpcmeulensteen/blackboard_ws/install/bbinstance/lib/bbinstance/gui.py
[3.331s] -- Installing: /home/mpcmeulensteen/blackboard_ws/install/bbinstance/lib/bbinstance/robotInstance.py
[3.331s] -- Installing: /home/mpcmeulensteen/blackboard_ws/install/bbinstance/lib/bbinstance/robotInstance2.py
[3.331s] -- Installing: /home/mpcmeulensteen/blackboard_ws/install/bbinstance/lib/bbinstance/robotInstance3.py
[3.331s] -- Installing: /home/mpcmeulensteen/blackboard_ws/install/bbinstance/lib/bbinstance/robotInstance4.py
[3.331s] -- Installing: /home/mpcmeulensteen/blackboard_ws/install/bbinstance/lib/bbinstance/taskview.py
[3.331s] -- Up-to-date: /home/mpcmeulensteen/blackboard_ws/install/bbinstance/share/ament_index/resource_index/package_run_dependencies/bbinstance
[3.332s] -- Installing: /home/mpcmeulensteen/blackboard_ws/install/bbinstance/share/ament_index/resource_index/parent_prefix_path/bbinstance
[3.332s] -- Up-to-date: /home/mpcmeulensteen/blackboard_ws/install/bbinstance/share/bbinstance/environment/ament_prefix_path.sh
[3.332s] -- Installing: /home/mpcmeulensteen/blackboard_ws/install/bbinstance/share/bbinstance/environment/ament_prefix_path.dsv
[3.332s] -- Up-to-date: /home/mpcmeulensteen/blackboard_ws/install/bbinstance/share/bbinstance/environment/path.sh
[3.332s] -- Installing: /home/mpcmeulensteen/blackboard_ws/install/bbinstance/share/bbinstance/environment/path.dsv
[3.332s] -- Up-to-date: /home/mpcmeulensteen/blackboard_ws/install/bbinstance/share/bbinstance/local_setup.bash
[3.332s] -- Up-to-date: /home/mpcmeulensteen/blackboard_ws/install/bbinstance/share/bbinstance/local_setup.sh
[3.333s] -- Up-to-date: /home/mpcmeulensteen/blackboard_ws/install/bbinstance/share/bbinstance/local_setup.zsh
[3.333s] -- Installing: /home/mpcmeulensteen/blackboard_ws/install/bbinstance/share/bbinstance/local_setup.dsv
[3.333s] -- Installing: /home/mpcmeulensteen/blackboard_ws/install/bbinstance/share/bbinstance/package.dsv
[3.333s] -- Up-to-date: /home/mpcmeulensteen/blackboard_ws/install/bbinstance/share/ament_index/resource_index/packages/bbinstance
[3.333s] -- Up-to-date: /home/mpcmeulensteen/blackboard_ws/install/bbinstance/share/bbinstance/cmake/bbinstanceConfig.cmake
[3.352s] -- Up-to-date: /home/mpcmeulensteen/blackboard_ws/install/bbinstance/share/bbinstance/cmake/bbinstanceConfig-version.cmake
[3.352s] -- Up-to-date: /home/mpcmeulensteen/blackboard_ws/install/bbinstance/share/bbinstance/package.xml
[3.353s] Invoked command in '/home/mpcmeulensteen/blackboard_ws/build/bbinstance' returned '0': CMAKE_PREFIX_PATH=${CMAKE_PREFIX_PATH}:/home/mpcmeulensteen/blackboard_ws/install/turtlebot3_teleop:/home/mpcmeulensteen/blackboard_ws/install/turtlebot3_example:/home/mpcmeulensteen/turtlebot3_ws/install/turtlebot3_teleop:/home/mpcmeulensteen/turtlebot3_ws/install/turtlebot3_example:/home/mpcmeulensteen/colcon_ws/install/turtlebot3_teleop:/home/mpcmeulensteen/colcon_ws/install/turtlebot3_example:/opt/ros/foxy /usr/bin/cmake --install /home/mpcmeulensteen/blackboard_ws/build/bbinstance
