[0.228s] Invoking command in '/home/mpcmeulensteen/blackboard_ws/src/bbinstance': PYTHONPATH=/home/mpcmeulensteen/blackboard_ws/install/bbinstance/lib/python3.8/site-packages:${PYTHONPATH} /usr/bin/python3 setup.py egg_info --egg-base ../../build/bbinstance build --build-base /home/mpcmeulensteen/blackboard_ws/build/bbinstance/build install --prefix /home/mpcmeulensteen/blackboard_ws/install/bbinstance --record /home/mpcmeulensteen/blackboard_ws/build/bbinstance/install.log --single-version-externally-managed
[0.439s] running egg_info
[0.440s] writing ../../build/bbinstance/bbinstance.egg-info/PKG-INFO
[0.440s] writing dependency_links to ../../build/bbinstance/bbinstance.egg-info/dependency_links.txt
[0.440s] writing entry points to ../../build/bbinstance/bbinstance.egg-info/entry_points.txt
[0.441s] writing requirements to ../../build/bbinstance/bbinstance.egg-info/requires.txt
[0.441s] writing top-level names to ../../build/bbinstance/bbinstance.egg-info/top_level.txt
[0.470s] reading manifest file '../../build/bbinstance/bbinstance.egg-info/SOURCES.txt'
[0.471s] writing manifest file '../../build/bbinstance/bbinstance.egg-info/SOURCES.txt'
[0.472s] running build
[0.472s] running build_py
[0.472s] copying bbinstance/gui.py -> /home/mpcmeulensteen/blackboard_ws/build/bbinstance/build/lib/bbinstance
[0.473s] running install
[0.474s] running install_lib
[0.475s] copying /home/mpcmeulensteen/blackboard_ws/build/bbinstance/build/lib/bbinstance/gui.py -> /home/mpcmeulensteen/blackboard_ws/install/bbinstance/lib/python3.8/site-packages/bbinstance
[0.476s] byte-compiling /home/mpcmeulensteen/blackboard_ws/install/bbinstance/lib/python3.8/site-packages/bbinstance/gui.py to gui.cpython-38.pyc
[0.477s] Sorry: IndentationError: unindent does not match any outer indentation level (gui.py, line 25)
[0.477s] running install_data
[0.478s] running install_egg_info
[0.479s] removing '/home/mpcmeulensteen/blackboard_ws/install/bbinstance/lib/python3.8/site-packages/bbinstance-0.0.0-py3.8.egg-info' (and everything under it)
[0.479s] Copying ../../build/bbinstance/bbinstance.egg-info to /home/mpcmeulensteen/blackboard_ws/install/bbinstance/lib/python3.8/site-packages/bbinstance-0.0.0-py3.8.egg-info
[0.480s] running install_scripts
[0.494s] Installing blackboardinstance script to /home/mpcmeulensteen/blackboard_ws/install/bbinstance/lib/bbinstance
[0.495s] Installing robotInstance script to /home/mpcmeulensteen/blackboard_ws/install/bbinstance/lib/bbinstance
[0.495s] Installing robotInstance2 script to /home/mpcmeulensteen/blackboard_ws/install/bbinstance/lib/bbinstance
[0.495s] Installing robotInstance3 script to /home/mpcmeulensteen/blackboard_ws/install/bbinstance/lib/bbinstance
[0.496s] Installing robotInstance4 script to /home/mpcmeulensteen/blackboard_ws/install/bbinstance/lib/bbinstance
[0.496s] Installing taskview script to /home/mpcmeulensteen/blackboard_ws/install/bbinstance/lib/bbinstance
[0.497s] writing list of installed files to '/home/mpcmeulensteen/blackboard_ws/build/bbinstance/install.log'
[0.521s] Invoked command in '/home/mpcmeulensteen/blackboard_ws/src/bbinstance' returned '0': PYTHONPATH=/home/mpcmeulensteen/blackboard_ws/install/bbinstance/lib/python3.8/site-packages:${PYTHONPATH} /usr/bin/python3 setup.py egg_info --egg-base ../../build/bbinstance build --build-base /home/mpcmeulensteen/blackboard_ws/build/bbinstance/build install --prefix /home/mpcmeulensteen/blackboard_ws/install/bbinstance --record /home/mpcmeulensteen/blackboard_ws/build/bbinstance/install.log --single-version-externally-managed
