[0.012s] Invoking command in '/home/mpcmeulensteen/blackboard_ws/build/turtlebot3_cartographer': CMAKE_PREFIX_PATH=${CMAKE_PREFIX_PATH}:/home/mpcmeulensteen/blackboard_ws/install/turtlebot3_teleop:/home/mpcmeulensteen/blackboard_ws/install/turtlebot3_example:/home/mpcmeulensteen/blackboard_ws/install/ros2_blackboard:/home/mpcmeulensteen/blackboard_ws/install/ros2_bbinstance:/opt/ros/foxy /usr/bin/cmake --build /home/mpcmeulensteen/blackboard_ws/build/turtlebot3_cartographer -- -j2 -l2
[0.079s] Invoked command in '/home/mpcmeulensteen/blackboard_ws/build/turtlebot3_cartographer' returned '0': CMAKE_PREFIX_PATH=${CMAKE_PREFIX_PATH}:/home/mpcmeulensteen/blackboard_ws/install/turtlebot3_teleop:/home/mpcmeulensteen/blackboard_ws/install/turtlebot3_example:/home/mpcmeulensteen/blackboard_ws/install/ros2_blackboard:/home/mpcmeulensteen/blackboard_ws/install/ros2_bbinstance:/opt/ros/foxy /usr/bin/cmake --build /home/mpcmeulensteen/blackboard_ws/build/turtlebot3_cartographer -- -j2 -l2
[0.101s] Invoking command in '/home/mpcmeulensteen/blackboard_ws/build/turtlebot3_cartographer': CMAKE_PREFIX_PATH=${CMAKE_PREFIX_PATH}:/home/mpcmeulensteen/blackboard_ws/install/turtlebot3_teleop:/home/mpcmeulensteen/blackboard_ws/install/turtlebot3_example:/home/mpcmeulensteen/blackboard_ws/install/ros2_blackboard:/home/mpcmeulensteen/blackboard_ws/install/ros2_bbinstance:/opt/ros/foxy /usr/bin/cmake --install /home/mpcmeulensteen/blackboard_ws/build/turtlebot3_cartographer
[0.111s] -- Install configuration: ""
[0.111s] -- Up-to-date: /home/mpcmeulensteen/blackboard_ws/install/turtlebot3_cartographer/share/turtlebot3_cartographer/config
[0.112s] -- Up-to-date: /home/mpcmeulensteen/blackboard_ws/install/turtlebot3_cartographer/share/turtlebot3_cartographer/config/turtlebot3_lds_2d.lua
[0.112s] -- Up-to-date: /home/mpcmeulensteen/blackboard_ws/install/turtlebot3_cartographer/share/turtlebot3_cartographer/launch
[0.112s] -- Up-to-date: /home/mpcmeulensteen/blackboard_ws/install/turtlebot3_cartographer/share/turtlebot3_cartographer/launch/cartographer.launch.py
[0.112s] -- Up-to-date: /home/mpcmeulensteen/blackboard_ws/install/turtlebot3_cartographer/share/turtlebot3_cartographer/launch/occupancy_grid.launch.py
[0.113s] -- Up-to-date: /home/mpcmeulensteen/blackboard_ws/install/turtlebot3_cartographer/share/turtlebot3_cartographer/rviz
[0.113s] -- Up-to-date: /home/mpcmeulensteen/blackboard_ws/install/turtlebot3_cartographer/share/turtlebot3_cartographer/rviz/tb3_cartographer.rviz
[0.113s] -- Up-to-date: /home/mpcmeulensteen/blackboard_ws/install/turtlebot3_cartographer/share/ament_index/resource_index/package_run_dependencies/turtlebot3_cartographer
[0.113s] -- Up-to-date: /home/mpcmeulensteen/blackboard_ws/install/turtlebot3_cartographer/share/ament_index/resource_index/parent_prefix_path/turtlebot3_cartographer
[0.115s] -- Up-to-date: /home/mpcmeulensteen/blackboard_ws/install/turtlebot3_cartographer/share/turtlebot3_cartographer/environment/ament_prefix_path.sh
[0.116s] -- Up-to-date: /home/mpcmeulensteen/blackboard_ws/install/turtlebot3_cartographer/share/turtlebot3_cartographer/environment/ament_prefix_path.dsv
[0.117s] -- Up-to-date: /home/mpcmeulensteen/blackboard_ws/install/turtlebot3_cartographer/share/turtlebot3_cartographer/environment/path.sh
[0.117s] -- Up-to-date: /home/mpcmeulensteen/blackboard_ws/install/turtlebot3_cartographer/share/turtlebot3_cartographer/environment/path.dsv
[0.118s] -- Up-to-date: /home/mpcmeulensteen/blackboard_ws/install/turtlebot3_cartographer/share/turtlebot3_cartographer/local_setup.bash
[0.118s] -- Up-to-date: /home/mpcmeulensteen/blackboard_ws/install/turtlebot3_cartographer/share/turtlebot3_cartographer/local_setup.sh
[0.119s] -- Up-to-date: /home/mpcmeulensteen/blackboard_ws/install/turtlebot3_cartographer/share/turtlebot3_cartographer/local_setup.zsh
[0.120s] -- Up-to-date: /home/mpcmeulensteen/blackboard_ws/install/turtlebot3_cartographer/share/turtlebot3_cartographer/local_setup.dsv
[0.120s] -- Installing: /home/mpcmeulensteen/blackboard_ws/install/turtlebot3_cartographer/share/turtlebot3_cartographer/package.dsv
[0.122s] -- Up-to-date: /home/mpcmeulensteen/blackboard_ws/install/turtlebot3_cartographer/share/ament_index/resource_index/packages/turtlebot3_cartographer
[0.122s] -- Up-to-date: /home/mpcmeulensteen/blackboard_ws/install/turtlebot3_cartographer/share/turtlebot3_cartographer/cmake/turtlebot3_cartographerConfig.cmake
[0.122s] -- Up-to-date: /home/mpcmeulensteen/blackboard_ws/install/turtlebot3_cartographer/share/turtlebot3_cartographer/cmake/turtlebot3_cartographerConfig-version.cmake
[0.123s] -- Up-to-date: /home/mpcmeulensteen/blackboard_ws/install/turtlebot3_cartographer/share/turtlebot3_cartographer/package.xml
[0.123s] Invoked command in '/home/mpcmeulensteen/blackboard_ws/build/turtlebot3_cartographer' returned '0': CMAKE_PREFIX_PATH=${CMAKE_PREFIX_PATH}:/home/mpcmeulensteen/blackboard_ws/install/turtlebot3_teleop:/home/mpcmeulensteen/blackboard_ws/install/turtlebot3_example:/home/mpcmeulensteen/blackboard_ws/install/ros2_blackboard:/home/mpcmeulensteen/blackboard_ws/install/ros2_bbinstance:/opt/ros/foxy /usr/bin/cmake --install /home/mpcmeulensteen/blackboard_ws/build/turtlebot3_cartographer
