[0.639s] Invoking command in '/home/mpcmeulensteen/blackboard_ws/src/navigation': PYTHONPATH=/home/mpcmeulensteen/blackboard_ws/install/navigation/lib/python3.8/site-packages:${PYTHONPATH} /usr/bin/python3 setup.py egg_info --egg-base ../../build/navigation build --build-base /home/mpcmeulensteen/blackboard_ws/build/navigation/build install --prefix /home/mpcmeulensteen/blackboard_ws/install/navigation --record /home/mpcmeulensteen/blackboard_ws/build/navigation/install.log --single-version-externally-managed
[1.186s] running egg_info
[1.190s] writing ../../build/navigation/navigation.egg-info/PKG-INFO
[1.190s] writing dependency_links to ../../build/navigation/navigation.egg-info/dependency_links.txt
[1.191s] writing entry points to ../../build/navigation/navigation.egg-info/entry_points.txt
[1.191s] writing requirements to ../../build/navigation/navigation.egg-info/requires.txt
[1.192s] writing top-level names to ../../build/navigation/navigation.egg-info/top_level.txt
[1.260s] reading manifest file '../../build/navigation/navigation.egg-info/SOURCES.txt'
[1.262s] writing manifest file '../../build/navigation/navigation.egg-info/SOURCES.txt'
[1.271s] running build
[1.271s] running build_py
[1.271s] running install
[1.271s] running install_lib
[1.272s] running install_data
[1.272s] running install_egg_info
[1.279s] removing '/home/mpcmeulensteen/blackboard_ws/install/navigation/lib/python3.8/site-packages/navigation-0.0.0-py3.8.egg-info' (and everything under it)
[1.283s] Copying ../../build/navigation/navigation.egg-info to /home/mpcmeulensteen/blackboard_ws/install/navigation/lib/python3.8/site-packages/navigation-0.0.0-py3.8.egg-info
[1.285s] running install_scripts
[1.313s] writing list of installed files to '/home/mpcmeulensteen/blackboard_ws/build/navigation/install.log'
[1.352s] Invoked command in '/home/mpcmeulensteen/blackboard_ws/src/navigation' returned '0': PYTHONPATH=/home/mpcmeulensteen/blackboard_ws/install/navigation/lib/python3.8/site-packages:${PYTHONPATH} /usr/bin/python3 setup.py egg_info --egg-base ../../build/navigation build --build-base /home/mpcmeulensteen/blackboard_ws/build/navigation/build install --prefix /home/mpcmeulensteen/blackboard_ws/install/navigation --record /home/mpcmeulensteen/blackboard_ws/build/navigation/install.log --single-version-externally-managed
