[0.023s] Invoking command in '/home/mpcmeulensteen/blackboard_ws/build/turtlebot3_fake_node': AMENT_PREFIX_PATH=/home/mpcmeulensteen/blackboard_ws/install/turtlebot3_msgs:${AMENT_PREFIX_PATH} CMAKE_PREFIX_PATH=/home/mpcmeulensteen/blackboard_ws/install/turtlebot3_msgs:/opt/ros/foxy LD_LIBRARY_PATH=/home/mpcmeulensteen/blackboard_ws/install/turtlebot3_msgs/lib:${LD_LIBRARY_PATH} PYTHONPATH=/home/mpcmeulensteen/blackboard_ws/install/turtlebot3_msgs/lib/python3.8/site-packages:${PYTHONPATH} /usr/bin/cmake --build /home/mpcmeulensteen/blackboard_ws/build/turtlebot3_fake_node -- -j2 -l2
[0.110s] [100%] Built target turtlebot3_fake_node
[0.118s] Invoked command in '/home/mpcmeulensteen/blackboard_ws/build/turtlebot3_fake_node' returned '0': AMENT_PREFIX_PATH=/home/mpcmeulensteen/blackboard_ws/install/turtlebot3_msgs:${AMENT_PREFIX_PATH} CMAKE_PREFIX_PATH=/home/mpcmeulensteen/blackboard_ws/install/turtlebot3_msgs:/opt/ros/foxy LD_LIBRARY_PATH=/home/mpcmeulensteen/blackboard_ws/install/turtlebot3_msgs/lib:${LD_LIBRARY_PATH} PYTHONPATH=/home/mpcmeulensteen/blackboard_ws/install/turtlebot3_msgs/lib/python3.8/site-packages:${PYTHONPATH} /usr/bin/cmake --build /home/mpcmeulensteen/blackboard_ws/build/turtlebot3_fake_node -- -j2 -l2
[0.171s] Invoking command in '/home/mpcmeulensteen/blackboard_ws/build/turtlebot3_fake_node': AMENT_PREFIX_PATH=/home/mpcmeulensteen/blackboard_ws/install/turtlebot3_msgs:${AMENT_PREFIX_PATH} CMAKE_PREFIX_PATH=/home/mpcmeulensteen/blackboard_ws/install/turtlebot3_msgs:/opt/ros/foxy LD_LIBRARY_PATH=/home/mpcmeulensteen/blackboard_ws/install/turtlebot3_msgs/lib:${LD_LIBRARY_PATH} PYTHONPATH=/home/mpcmeulensteen/blackboard_ws/install/turtlebot3_msgs/lib/python3.8/site-packages:${PYTHONPATH} /usr/bin/cmake --install /home/mpcmeulensteen/blackboard_ws/build/turtlebot3_fake_node
[0.192s] -- Install configuration: ""
[0.193s] -- Up-to-date: /home/mpcmeulensteen/blackboard_ws/install/turtlebot3_fake_node/lib/turtlebot3_fake_node/turtlebot3_fake_node
[0.197s] -- Up-to-date: /home/mpcmeulensteen/blackboard_ws/install/turtlebot3_fake_node/share/turtlebot3_fake_node/launch
[0.198s] -- Up-to-date: /home/mpcmeulensteen/blackboard_ws/install/turtlebot3_fake_node/share/turtlebot3_fake_node/launch/rviz2.launch.py
[0.198s] -- Up-to-date: /home/mpcmeulensteen/blackboard_ws/install/turtlebot3_fake_node/share/turtlebot3_fake_node/launch/turtlebot3_fake_node.launch.py
[0.199s] -- Up-to-date: /home/mpcmeulensteen/blackboard_ws/install/turtlebot3_fake_node/share/turtlebot3_fake_node/param
[0.199s] -- Up-to-date: /home/mpcmeulensteen/blackboard_ws/install/turtlebot3_fake_node/share/turtlebot3_fake_node/param/burger.yaml
[0.199s] -- Up-to-date: /home/mpcmeulensteen/blackboard_ws/install/turtlebot3_fake_node/share/turtlebot3_fake_node/param/waffle.yaml
[0.200s] -- Up-to-date: /home/mpcmeulensteen/blackboard_ws/install/turtlebot3_fake_node/share/turtlebot3_fake_node/param/waffle_pi.yaml
[0.200s] -- Up-to-date: /home/mpcmeulensteen/blackboard_ws/install/turtlebot3_fake_node/share/turtlebot3_fake_node/rviz
[0.201s] -- Up-to-date: /home/mpcmeulensteen/blackboard_ws/install/turtlebot3_fake_node/share/turtlebot3_fake_node/rviz/model.rviz
[0.201s] -- Up-to-date: /home/mpcmeulensteen/blackboard_ws/install/turtlebot3_fake_node/include/
[0.201s] -- Up-to-date: /home/mpcmeulensteen/blackboard_ws/install/turtlebot3_fake_node/include//turtlebot3_fake_node
[0.201s] -- Up-to-date: /home/mpcmeulensteen/blackboard_ws/install/turtlebot3_fake_node/include//turtlebot3_fake_node/turtlebot3_fake_node.hpp
[0.202s] -- Up-to-date: /home/mpcmeulensteen/blackboard_ws/install/turtlebot3_fake_node/share/ament_index/resource_index/package_run_dependencies/turtlebot3_fake_node
[0.202s] -- Up-to-date: /home/mpcmeulensteen/blackboard_ws/install/turtlebot3_fake_node/share/ament_index/resource_index/parent_prefix_path/turtlebot3_fake_node
[0.203s] -- Up-to-date: /home/mpcmeulensteen/blackboard_ws/install/turtlebot3_fake_node/share/turtlebot3_fake_node/environment/ament_prefix_path.sh
[0.203s] -- Up-to-date: /home/mpcmeulensteen/blackboard_ws/install/turtlebot3_fake_node/share/turtlebot3_fake_node/environment/ament_prefix_path.dsv
[0.204s] -- Up-to-date: /home/mpcmeulensteen/blackboard_ws/install/turtlebot3_fake_node/share/turtlebot3_fake_node/environment/path.sh
[0.205s] -- Up-to-date: /home/mpcmeulensteen/blackboard_ws/install/turtlebot3_fake_node/share/turtlebot3_fake_node/environment/path.dsv
[0.212s] -- Up-to-date: /home/mpcmeulensteen/blackboard_ws/install/turtlebot3_fake_node/share/turtlebot3_fake_node/local_setup.bash
[0.214s] -- Up-to-date: /home/mpcmeulensteen/blackboard_ws/install/turtlebot3_fake_node/share/turtlebot3_fake_node/local_setup.sh
[0.214s] -- Up-to-date: /home/mpcmeulensteen/blackboard_ws/install/turtlebot3_fake_node/share/turtlebot3_fake_node/local_setup.zsh
[0.215s] -- Up-to-date: /home/mpcmeulensteen/blackboard_ws/install/turtlebot3_fake_node/share/turtlebot3_fake_node/local_setup.dsv
[0.215s] -- Installing: /home/mpcmeulensteen/blackboard_ws/install/turtlebot3_fake_node/share/turtlebot3_fake_node/package.dsv
[0.215s] -- Up-to-date: /home/mpcmeulensteen/blackboard_ws/install/turtlebot3_fake_node/share/ament_index/resource_index/packages/turtlebot3_fake_node
[0.216s] -- Up-to-date: /home/mpcmeulensteen/blackboard_ws/install/turtlebot3_fake_node/share/turtlebot3_fake_node/cmake/ament_cmake_export_include_directories-extras.cmake
[0.216s] -- Up-to-date: /home/mpcmeulensteen/blackboard_ws/install/turtlebot3_fake_node/share/turtlebot3_fake_node/cmake/ament_cmake_export_dependencies-extras.cmake
[0.216s] -- Up-to-date: /home/mpcmeulensteen/blackboard_ws/install/turtlebot3_fake_node/share/turtlebot3_fake_node/cmake/turtlebot3_fake_nodeConfig.cmake
[0.217s] -- Up-to-date: /home/mpcmeulensteen/blackboard_ws/install/turtlebot3_fake_node/share/turtlebot3_fake_node/cmake/turtlebot3_fake_nodeConfig-version.cmake
[0.217s] -- Up-to-date: /home/mpcmeulensteen/blackboard_ws/install/turtlebot3_fake_node/share/turtlebot3_fake_node/package.xml
[0.220s] Invoked command in '/home/mpcmeulensteen/blackboard_ws/build/turtlebot3_fake_node' returned '0': AMENT_PREFIX_PATH=/home/mpcmeulensteen/blackboard_ws/install/turtlebot3_msgs:${AMENT_PREFIX_PATH} CMAKE_PREFIX_PATH=/home/mpcmeulensteen/blackboard_ws/install/turtlebot3_msgs:/opt/ros/foxy LD_LIBRARY_PATH=/home/mpcmeulensteen/blackboard_ws/install/turtlebot3_msgs/lib:${LD_LIBRARY_PATH} PYTHONPATH=/home/mpcmeulensteen/blackboard_ws/install/turtlebot3_msgs/lib/python3.8/site-packages:${PYTHONPATH} /usr/bin/cmake --install /home/mpcmeulensteen/blackboard_ws/build/turtlebot3_fake_node
