[0.018s] Invoking command in '/home/mpcmeulensteen/blackboard_ws/build/bbinstance': CMAKE_PREFIX_PATH=${CMAKE_PREFIX_PATH}:/home/mpcmeulensteen/blackboard_ws/install/turtlebot3_teleop:/home/mpcmeulensteen/blackboard_ws/install/turtlebot3_example:/home/mpcmeulensteen/turtlebot3_ws/install/turtlebot3_teleop:/home/mpcmeulensteen/turtlebot3_ws/install/turtlebot3_example:/home/mpcmeulensteen/colcon_ws/install/turtlebot3_teleop:/home/mpcmeulensteen/colcon_ws/install/turtlebot3_example:/opt/ros/foxy /usr/bin/cmake --build /home/mpcmeulensteen/blackboard_ws/build/bbinstance -- -j2 -l2
[0.074s] Invoked command in '/home/mpcmeulensteen/blackboard_ws/build/bbinstance' returned '0': CMAKE_PREFIX_PATH=${CMAKE_PREFIX_PATH}:/home/mpcmeulensteen/blackboard_ws/install/turtlebot3_teleop:/home/mpcmeulensteen/blackboard_ws/install/turtlebot3_example:/home/mpcmeulensteen/turtlebot3_ws/install/turtlebot3_teleop:/home/mpcmeulensteen/turtlebot3_ws/install/turtlebot3_example:/home/mpcmeulensteen/colcon_ws/install/turtlebot3_teleop:/home/mpcmeulensteen/colcon_ws/install/turtlebot3_example:/opt/ros/foxy /usr/bin/cmake --build /home/mpcmeulensteen/blackboard_ws/build/bbinstance -- -j2 -l2
[0.099s] Invoking command in '/home/mpcmeulensteen/blackboard_ws/build/bbinstance': CMAKE_PREFIX_PATH=${CMAKE_PREFIX_PATH}:/home/mpcmeulensteen/blackboard_ws/install/turtlebot3_teleop:/home/mpcmeulensteen/blackboard_ws/install/turtlebot3_example:/home/mpcmeulensteen/turtlebot3_ws/install/turtlebot3_teleop:/home/mpcmeulensteen/turtlebot3_ws/install/turtlebot3_example:/home/mpcmeulensteen/colcon_ws/install/turtlebot3_teleop:/home/mpcmeulensteen/colcon_ws/install/turtlebot3_example:/opt/ros/foxy /usr/bin/cmake --install /home/mpcmeulensteen/blackboard_ws/build/bbinstance
[0.114s] -- Install configuration: ""
[0.114s] -- Up-to-date: /home/mpcmeulensteen/blackboard_ws/install/bbinstance/share/bbinstance/include
[0.115s] -- Up-to-date: /home/mpcmeulensteen/blackboard_ws/install/bbinstance/share/bbinstance/include/bbinstance
[0.115s] -- Up-to-date: /home/mpcmeulensteen/blackboard_ws/install/bbinstance/share/bbinstance/launch
[0.115s] -- Up-to-date: /home/mpcmeulensteen/blackboard_ws/install/bbinstance/share/bbinstance/launch/blackboard.launch.py
[0.115s] -- Up-to-date: /home/mpcmeulensteen/blackboard_ws/install/bbinstance/share/bbinstance/launch/blackboard.launch
[0.115s] -- Up-to-date: /home/mpcmeulensteen/blackboard_ws/install/bbinstance/share/bbinstance/src
[0.115s] -- Up-to-date: /home/mpcmeulensteen/blackboard_ws/install/bbinstance/share/bbinstance/src/robotInstance2.py
[0.115s] -- Up-to-date: /home/mpcmeulensteen/blackboard_ws/install/bbinstance/share/bbinstance/src/robotInstance3.py
[0.116s] -- Up-to-date: /home/mpcmeulensteen/blackboard_ws/install/bbinstance/share/bbinstance/src/robotInstance4.py
[0.116s] -- Up-to-date: /home/mpcmeulensteen/blackboard_ws/install/bbinstance/share/bbinstance/src/robotInstance.py
[0.116s] -- Up-to-date: /home/mpcmeulensteen/blackboard_ws/install/bbinstance/share/bbinstance/src/multi subscriber.py
[0.116s] -- Up-to-date: /home/mpcmeulensteen/blackboard_ws/install/bbinstance/share/bbinstance/src/markers.py
[0.116s] -- Up-to-date: /home/mpcmeulensteen/blackboard_ws/install/bbinstance/share/bbinstance/src/robotInstance5.py
[0.116s] -- Up-to-date: /home/mpcmeulensteen/blackboard_ws/install/bbinstance/share/bbinstance/src/interface.py
[0.116s] -- Up-to-date: /home/mpcmeulensteen/blackboard_ws/install/bbinstance/share/bbinstance/src/monitor.py
[0.116s] -- Up-to-date: /home/mpcmeulensteen/blackboard_ws/install/bbinstance/share/bbinstance/src/blackboardinstance.py.py
[0.117s] -- Up-to-date: /home/mpcmeulensteen/blackboard_ws/install/bbinstance/share/bbinstance/src/taskview.ui
[0.117s] -- Up-to-date: /home/mpcmeulensteen/blackboard_ws/install/bbinstance/share/bbinstance/src/taskview.py
[0.117s] -- Up-to-date: /home/mpcmeulensteen/blackboard_ws/install/bbinstance/share/bbinstance/src/interface.ui
[0.117s] -- Up-to-date: /home/mpcmeulensteen/blackboard_ws/install/bbinstance/share/bbinstance/src/gui.py
[0.117s] -- Up-to-date: /home/mpcmeulensteen/blackboard_ws/install/bbinstance/share/bbinstance/src/multi publisher.py
[0.117s] -- Up-to-date: /home/mpcmeulensteen/blackboard_ws/install/bbinstance/share/bbinstance/src/blackboardinstance.py
[0.117s] -- Up-to-date: /home/mpcmeulensteen/blackboard_ws/install/bbinstance/lib/bbinstance/blackboardinstance.py
[0.117s] -- Up-to-date: /home/mpcmeulensteen/blackboard_ws/install/bbinstance/lib/bbinstance/gui.py
[0.118s] -- Up-to-date: /home/mpcmeulensteen/blackboard_ws/install/bbinstance/lib/bbinstance/robotInstance.py
[0.118s] -- Up-to-date: /home/mpcmeulensteen/blackboard_ws/install/bbinstance/lib/bbinstance/robotInstance2.py
[0.118s] -- Up-to-date: /home/mpcmeulensteen/blackboard_ws/install/bbinstance/lib/bbinstance/robotInstance3.py
[0.118s] -- Up-to-date: /home/mpcmeulensteen/blackboard_ws/install/bbinstance/lib/bbinstance/robotInstance4.py
[0.118s] -- Up-to-date: /home/mpcmeulensteen/blackboard_ws/install/bbinstance/lib/bbinstance/taskview.py
[0.118s] -- Up-to-date: /home/mpcmeulensteen/blackboard_ws/install/bbinstance/share/ament_index/resource_index/package_run_dependencies/bbinstance
[0.118s] -- Up-to-date: /home/mpcmeulensteen/blackboard_ws/install/bbinstance/share/ament_index/resource_index/parent_prefix_path/bbinstance
[0.119s] -- Up-to-date: /home/mpcmeulensteen/blackboard_ws/install/bbinstance/share/bbinstance/environment/ament_prefix_path.sh
[0.119s] -- Up-to-date: /home/mpcmeulensteen/blackboard_ws/install/bbinstance/share/bbinstance/environment/ament_prefix_path.dsv
[0.119s] -- Up-to-date: /home/mpcmeulensteen/blackboard_ws/install/bbinstance/share/bbinstance/environment/path.sh
[0.119s] -- Up-to-date: /home/mpcmeulensteen/blackboard_ws/install/bbinstance/share/bbinstance/environment/path.dsv
[0.119s] -- Up-to-date: /home/mpcmeulensteen/blackboard_ws/install/bbinstance/share/bbinstance/local_setup.bash
[0.119s] -- Up-to-date: /home/mpcmeulensteen/blackboard_ws/install/bbinstance/share/bbinstance/local_setup.sh
[0.119s] -- Up-to-date: /home/mpcmeulensteen/blackboard_ws/install/bbinstance/share/bbinstance/local_setup.zsh
[0.120s] -- Up-to-date: /home/mpcmeulensteen/blackboard_ws/install/bbinstance/share/bbinstance/local_setup.dsv
[0.120s] -- Installing: /home/mpcmeulensteen/blackboard_ws/install/bbinstance/share/bbinstance/package.dsv
[0.120s] -- Up-to-date: /home/mpcmeulensteen/blackboard_ws/install/bbinstance/share/ament_index/resource_index/packages/bbinstance
[0.121s] -- Up-to-date: /home/mpcmeulensteen/blackboard_ws/install/bbinstance/share/bbinstance/cmake/bbinstanceConfig.cmake
[0.121s] -- Up-to-date: /home/mpcmeulensteen/blackboard_ws/install/bbinstance/share/bbinstance/cmake/bbinstanceConfig-version.cmake
[0.123s] -- Up-to-date: /home/mpcmeulensteen/blackboard_ws/install/bbinstance/share/bbinstance/package.xml
[0.132s] Invoked command in '/home/mpcmeulensteen/blackboard_ws/build/bbinstance' returned '0': CMAKE_PREFIX_PATH=${CMAKE_PREFIX_PATH}:/home/mpcmeulensteen/blackboard_ws/install/turtlebot3_teleop:/home/mpcmeulensteen/blackboard_ws/install/turtlebot3_example:/home/mpcmeulensteen/turtlebot3_ws/install/turtlebot3_teleop:/home/mpcmeulensteen/turtlebot3_ws/install/turtlebot3_example:/home/mpcmeulensteen/colcon_ws/install/turtlebot3_teleop:/home/mpcmeulensteen/colcon_ws/install/turtlebot3_example:/opt/ros/foxy /usr/bin/cmake --install /home/mpcmeulensteen/blackboard_ws/build/bbinstance
