[0.247s] Invoking command in '/home/mpcmeulensteen/blackboard_ws/src/blackboard': PYTHONPATH=/home/mpcmeulensteen/blackboard_ws/install/blackboard/lib/python3.8/site-packages:${PYTHONPATH} /usr/bin/python3 setup.py egg_info --egg-base ../../build/blackboard build --build-base /home/mpcmeulensteen/blackboard_ws/build/blackboard/build install --prefix /home/mpcmeulensteen/blackboard_ws/install/blackboard --record /home/mpcmeulensteen/blackboard_ws/build/blackboard/install.log --single-version-externally-managed
[0.585s] running egg_info
[0.590s] writing ../../build/blackboard/blackboard.egg-info/PKG-INFO
[0.594s] writing dependency_links to ../../build/blackboard/blackboard.egg-info/dependency_links.txt
[0.596s] writing entry points to ../../build/blackboard/blackboard.egg-info/entry_points.txt
[0.599s] writing requirements to ../../build/blackboard/blackboard.egg-info/requires.txt
[0.600s] writing top-level names to ../../build/blackboard/blackboard.egg-info/top_level.txt
[0.661s] reading manifest file '../../build/blackboard/blackboard.egg-info/SOURCES.txt'
[0.662s] writing manifest file '../../build/blackboard/blackboard.egg-info/SOURCES.txt'
[0.662s] running build
[0.662s] running build_py
[0.663s] copying blackboard/RosCommunication.py -> /home/mpcmeulensteen/blackboard_ws/build/blackboard/build/lib/blackboard
[0.663s] running install
[0.664s] running install_lib
[0.665s] copying /home/mpcmeulensteen/blackboard_ws/build/blackboard/build/lib/blackboard/RosCommunication.py -> /home/mpcmeulensteen/blackboard_ws/install/blackboard/lib/python3.8/site-packages/blackboard
[0.665s] byte-compiling /home/mpcmeulensteen/blackboard_ws/install/blackboard/lib/python3.8/site-packages/blackboard/RosCommunication.py to RosCommunication.cpython-38.pyc
[0.666s] running install_data
[0.667s] running install_egg_info
[0.669s] removing '/home/mpcmeulensteen/blackboard_ws/install/blackboard/lib/python3.8/site-packages/blackboard-0.0.0-py3.8.egg-info' (and everything under it)
[0.670s] Copying ../../build/blackboard/blackboard.egg-info to /home/mpcmeulensteen/blackboard_ws/install/blackboard/lib/python3.8/site-packages/blackboard-0.0.0-py3.8.egg-info
[0.671s] running install_scripts
[0.686s] writing list of installed files to '/home/mpcmeulensteen/blackboard_ws/build/blackboard/install.log'
[0.709s] Invoked command in '/home/mpcmeulensteen/blackboard_ws/src/blackboard' returned '0': PYTHONPATH=/home/mpcmeulensteen/blackboard_ws/install/blackboard/lib/python3.8/site-packages:${PYTHONPATH} /usr/bin/python3 setup.py egg_info --egg-base ../../build/blackboard build --build-base /home/mpcmeulensteen/blackboard_ws/build/blackboard/build install --prefix /home/mpcmeulensteen/blackboard_ws/install/blackboard --record /home/mpcmeulensteen/blackboard_ws/build/blackboard/install.log --single-version-externally-managed
