[0.019s] Invoking command in '/home/mpcmeulensteen/blackboard_ws/build/navigation_cartographer': CMAKE_PREFIX_PATH=${CMAKE_PREFIX_PATH}:/home/mpcmeulensteen/blackboard_ws/install/turtlebot3_teleop:/home/mpcmeulensteen/blackboard_ws/install/turtlebot3_example:/home/mpcmeulensteen/blackboard_ws/install/tf_transformations:/home/mpcmeulensteen/blackboard_ws/install/ros2_blackboard:/home/mpcmeulensteen/blackboard_ws/install/ros2_bbinstance:/opt/ros/foxy /usr/bin/cmake --build /home/mpcmeulensteen/blackboard_ws/build/navigation_cartographer -- -j2 -l2
[0.083s] Invoked command in '/home/mpcmeulensteen/blackboard_ws/build/navigation_cartographer' returned '0': CMAKE_PREFIX_PATH=${CMAKE_PREFIX_PATH}:/home/mpcmeulensteen/blackboard_ws/install/turtlebot3_teleop:/home/mpcmeulensteen/blackboard_ws/install/turtlebot3_example:/home/mpcmeulensteen/blackboard_ws/install/tf_transformations:/home/mpcmeulensteen/blackboard_ws/install/ros2_blackboard:/home/mpcmeulensteen/blackboard_ws/install/ros2_bbinstance:/opt/ros/foxy /usr/bin/cmake --build /home/mpcmeulensteen/blackboard_ws/build/navigation_cartographer -- -j2 -l2
[0.147s] Invoking command in '/home/mpcmeulensteen/blackboard_ws/build/navigation_cartographer': CMAKE_PREFIX_PATH=${CMAKE_PREFIX_PATH}:/home/mpcmeulensteen/blackboard_ws/install/turtlebot3_teleop:/home/mpcmeulensteen/blackboard_ws/install/turtlebot3_example:/home/mpcmeulensteen/blackboard_ws/install/tf_transformations:/home/mpcmeulensteen/blackboard_ws/install/ros2_blackboard:/home/mpcmeulensteen/blackboard_ws/install/ros2_bbinstance:/opt/ros/foxy /usr/bin/cmake --install /home/mpcmeulensteen/blackboard_ws/build/navigation_cartographer
[0.163s] -- Install configuration: ""
[0.164s] -- Up-to-date: /home/mpcmeulensteen/blackboard_ws/install/navigation_cartographer/share/navigation_cartographer/config
[0.164s] -- Up-to-date: /home/mpcmeulensteen/blackboard_ws/install/navigation_cartographer/share/navigation_cartographer/config/navigation_lds_2d.lua
[0.164s] -- Up-to-date: /home/mpcmeulensteen/blackboard_ws/install/navigation_cartographer/share/navigation_cartographer/launch
[0.165s] -- Up-to-date: /home/mpcmeulensteen/blackboard_ws/install/navigation_cartographer/share/navigation_cartographer/launch/cartographer.launch.py
[0.165s] -- Up-to-date: /home/mpcmeulensteen/blackboard_ws/install/navigation_cartographer/share/navigation_cartographer/launch/occupancy_grid.launch.py
[0.165s] -- Up-to-date: /home/mpcmeulensteen/blackboard_ws/install/navigation_cartographer/share/navigation_cartographer/rviz
[0.165s] -- Up-to-date: /home/mpcmeulensteen/blackboard_ws/install/navigation_cartographer/share/navigation_cartographer/rviz/nav_cartographer.rviz
[0.167s] -- Up-to-date: /home/mpcmeulensteen/blackboard_ws/install/navigation_cartographer/share/ament_index/resource_index/package_run_dependencies/navigation_cartographer
[0.167s] -- Up-to-date: /home/mpcmeulensteen/blackboard_ws/install/navigation_cartographer/share/ament_index/resource_index/parent_prefix_path/navigation_cartographer
[0.168s] -- Up-to-date: /home/mpcmeulensteen/blackboard_ws/install/navigation_cartographer/share/navigation_cartographer/environment/ament_prefix_path.sh
[0.168s] -- Up-to-date: /home/mpcmeulensteen/blackboard_ws/install/navigation_cartographer/share/navigation_cartographer/environment/ament_prefix_path.dsv
[0.169s] -- Up-to-date: /home/mpcmeulensteen/blackboard_ws/install/navigation_cartographer/share/navigation_cartographer/environment/path.sh
[0.170s] -- Up-to-date: /home/mpcmeulensteen/blackboard_ws/install/navigation_cartographer/share/navigation_cartographer/environment/path.dsv
[0.171s] -- Up-to-date: /home/mpcmeulensteen/blackboard_ws/install/navigation_cartographer/share/navigation_cartographer/local_setup.bash
[0.171s] -- Up-to-date: /home/mpcmeulensteen/blackboard_ws/install/navigation_cartographer/share/navigation_cartographer/local_setup.sh
[0.172s] -- Up-to-date: /home/mpcmeulensteen/blackboard_ws/install/navigation_cartographer/share/navigation_cartographer/local_setup.zsh
[0.173s] -- Up-to-date: /home/mpcmeulensteen/blackboard_ws/install/navigation_cartographer/share/navigation_cartographer/local_setup.dsv
[0.175s] -- Installing: /home/mpcmeulensteen/blackboard_ws/install/navigation_cartographer/share/navigation_cartographer/package.dsv
[0.175s] -- Up-to-date: /home/mpcmeulensteen/blackboard_ws/install/navigation_cartographer/share/ament_index/resource_index/packages/navigation_cartographer
[0.176s] -- Up-to-date: /home/mpcmeulensteen/blackboard_ws/install/navigation_cartographer/share/navigation_cartographer/cmake/navigation_cartographerConfig.cmake
[0.176s] -- Up-to-date: /home/mpcmeulensteen/blackboard_ws/install/navigation_cartographer/share/navigation_cartographer/cmake/navigation_cartographerConfig-version.cmake
[0.177s] -- Up-to-date: /home/mpcmeulensteen/blackboard_ws/install/navigation_cartographer/share/navigation_cartographer/package.xml
[0.182s] Invoked command in '/home/mpcmeulensteen/blackboard_ws/build/navigation_cartographer' returned '0': CMAKE_PREFIX_PATH=${CMAKE_PREFIX_PATH}:/home/mpcmeulensteen/blackboard_ws/install/turtlebot3_teleop:/home/mpcmeulensteen/blackboard_ws/install/turtlebot3_example:/home/mpcmeulensteen/blackboard_ws/install/tf_transformations:/home/mpcmeulensteen/blackboard_ws/install/ros2_blackboard:/home/mpcmeulensteen/blackboard_ws/install/ros2_bbinstance:/opt/ros/foxy /usr/bin/cmake --install /home/mpcmeulensteen/blackboard_ws/build/navigation_cartographer
