[0.244s] Invoking command in '/home/mpcmeulensteen/blackboard_ws/src/ros2_bbinstance': PYTHONPATH=/home/mpcmeulensteen/blackboard_ws/install/ros2_bbinstance/lib/python3.8/site-packages:${PYTHONPATH} /usr/bin/python3 setup.py egg_info --egg-base ../../build/ros2_bbinstance build --build-base /home/mpcmeulensteen/blackboard_ws/build/ros2_bbinstance/build install --prefix /home/mpcmeulensteen/blackboard_ws/install/ros2_bbinstance --record /home/mpcmeulensteen/blackboard_ws/build/ros2_bbinstance/install.log --single-version-externally-managed
[0.571s] running egg_info
[0.571s] writing ../../build/ros2_bbinstance/ros2_bbinstance.egg-info/PKG-INFO
[0.572s] writing dependency_links to ../../build/ros2_bbinstance/ros2_bbinstance.egg-info/dependency_links.txt
[0.578s] writing entry points to ../../build/ros2_bbinstance/ros2_bbinstance.egg-info/entry_points.txt
[0.579s] writing requirements to ../../build/ros2_bbinstance/ros2_bbinstance.egg-info/requires.txt
[0.579s] writing top-level names to ../../build/ros2_bbinstance/ros2_bbinstance.egg-info/top_level.txt
[0.633s] reading manifest file '../../build/ros2_bbinstance/ros2_bbinstance.egg-info/SOURCES.txt'
[0.642s] writing manifest file '../../build/ros2_bbinstance/ros2_bbinstance.egg-info/SOURCES.txt'
[0.642s] running build
[0.643s] running build_py
[0.643s] copying ros2_bbinstance/robotInstance.py -> /home/mpcmeulensteen/blackboard_ws/build/ros2_bbinstance/build/lib/ros2_bbinstance
[0.644s] running install
[0.645s] running install_lib
[0.646s] copying /home/mpcmeulensteen/blackboard_ws/build/ros2_bbinstance/build/lib/ros2_bbinstance/robotInstance.py -> /home/mpcmeulensteen/blackboard_ws/install/ros2_bbinstance/lib/python3.8/site-packages/ros2_bbinstance
[0.647s] byte-compiling /home/mpcmeulensteen/blackboard_ws/install/ros2_bbinstance/lib/python3.8/site-packages/ros2_bbinstance/robotInstance.py to robotInstance.cpython-38.pyc
[0.648s] running install_data
[0.649s] running install_egg_info
[0.650s] removing '/home/mpcmeulensteen/blackboard_ws/install/ros2_bbinstance/lib/python3.8/site-packages/ros2_bbinstance-0.0.0-py3.8.egg-info' (and everything under it)
[0.655s] Copying ../../build/ros2_bbinstance/ros2_bbinstance.egg-info to /home/mpcmeulensteen/blackboard_ws/install/ros2_bbinstance/lib/python3.8/site-packages/ros2_bbinstance-0.0.0-py3.8.egg-info
[0.662s] running install_scripts
[0.698s] Installing gui script to /home/mpcmeulensteen/blackboard_ws/install/ros2_bbinstance/lib/ros2_bbinstance
[0.699s] writing list of installed files to '/home/mpcmeulensteen/blackboard_ws/build/ros2_bbinstance/install.log'
[0.800s] Invoked command in '/home/mpcmeulensteen/blackboard_ws/src/ros2_bbinstance' returned '0': PYTHONPATH=/home/mpcmeulensteen/blackboard_ws/install/ros2_bbinstance/lib/python3.8/site-packages:${PYTHONPATH} /usr/bin/python3 setup.py egg_info --egg-base ../../build/ros2_bbinstance build --build-base /home/mpcmeulensteen/blackboard_ws/build/ros2_bbinstance/build install --prefix /home/mpcmeulensteen/blackboard_ws/install/ros2_bbinstance --record /home/mpcmeulensteen/blackboard_ws/build/ros2_bbinstance/install.log --single-version-externally-managed
