/home/mpcmeulensteen/blackboard_ws/install/bbinstance/lib/python3.8/site-packages/bbinstance/blackboardinstance.py
/home/mpcmeulensteen/blackboard_ws/install/bbinstance/lib/python3.8/site-packages/bbinstance/markers.py
/home/mpcmeulensteen/blackboard_ws/install/bbinstance/lib/python3.8/site-packages/bbinstance/robotInstance.py
/home/mpcmeulensteen/blackboard_ws/install/bbinstance/lib/python3.8/site-packages/bbinstance/interface.py
/home/mpcmeulensteen/blackboard_ws/install/bbinstance/lib/python3.8/site-packages/bbinstance/taskview.py
/home/mpcmeulensteen/blackboard_ws/install/bbinstance/lib/python3.8/site-packages/bbinstance/robotInstance5.py
/home/mpcmeulensteen/blackboard_ws/install/bbinstance/lib/python3.8/site-packages/bbinstance/multi subscriber.py
/home/mpcmeulensteen/blackboard_ws/install/bbinstance/lib/python3.8/site-packages/bbinstance/multi publisher.py
/home/mpcmeulensteen/blackboard_ws/install/bbinstance/lib/python3.8/site-packages/bbinstance/robotInstance3.py
/home/mpcmeulensteen/blackboard_ws/install/bbinstance/lib/python3.8/site-packages/bbinstance/__init__.py
/home/mpcmeulensteen/blackboard_ws/install/bbinstance/lib/python3.8/site-packages/bbinstance/robotInstance2.py
/home/mpcmeulensteen/blackboard_ws/install/bbinstance/lib/python3.8/site-packages/bbinstance/monitor.py
/home/mpcmeulensteen/blackboard_ws/install/bbinstance/lib/python3.8/site-packages/bbinstance/gui.py
/home/mpcmeulensteen/blackboard_ws/install/bbinstance/lib/python3.8/site-packages/bbinstance/robotInstance4.py
/home/mpcmeulensteen/blackboard_ws/install/bbinstance/lib/python3.8/site-packages/bbinstance/__pycache__/blackboardinstance.cpython-38.pyc
/home/mpcmeulensteen/blackboard_ws/install/bbinstance/lib/python3.8/site-packages/bbinstance/__pycache__/markers.cpython-38.pyc
/home/mpcmeulensteen/blackboard_ws/install/bbinstance/lib/python3.8/site-packages/bbinstance/__pycache__/robotInstance.cpython-38.pyc
/home/mpcmeulensteen/blackboard_ws/install/bbinstance/lib/python3.8/site-packages/bbinstance/__pycache__/interface.cpython-38.pyc
/home/mpcmeulensteen/blackboard_ws/install/bbinstance/lib/python3.8/site-packages/bbinstance/__pycache__/taskview.cpython-38.pyc
/home/mpcmeulensteen/blackboard_ws/install/bbinstance/lib/python3.8/site-packages/bbinstance/__pycache__/robotInstance5.cpython-38.pyc
/home/mpcmeulensteen/blackboard_ws/install/bbinstance/lib/python3.8/site-packages/bbinstance/__pycache__/multi subscriber.cpython-38.pyc
/home/mpcmeulensteen/blackboard_ws/install/bbinstance/lib/python3.8/site-packages/bbinstance/__pycache__/multi publisher.cpython-38.pyc
/home/mpcmeulensteen/blackboard_ws/install/bbinstance/lib/python3.8/site-packages/bbinstance/__pycache__/robotInstance3.cpython-38.pyc
/home/mpcmeulensteen/blackboard_ws/install/bbinstance/lib/python3.8/site-packages/bbinstance/__pycache__/__init__.cpython-38.pyc
/home/mpcmeulensteen/blackboard_ws/install/bbinstance/lib/python3.8/site-packages/bbinstance/__pycache__/robotInstance2.cpython-38.pyc
/home/mpcmeulensteen/blackboard_ws/install/bbinstance/lib/python3.8/site-packages/bbinstance/__pycache__/monitor.cpython-38.pyc
/home/mpcmeulensteen/blackboard_ws/install/bbinstance/lib/python3.8/site-packages/bbinstance/__pycache__/gui.cpython-38.pyc
/home/mpcmeulensteen/blackboard_ws/install/bbinstance/lib/python3.8/site-packages/bbinstance/__pycache__/robotInstance4.cpython-38.pyc
/home/mpcmeulensteen/blackboard_ws/install/bbinstance/share/ament_index/resource_index/packages/bbinstance
/home/mpcmeulensteen/blackboard_ws/install/bbinstance/share/bbinstance/package.xml
/home/mpcmeulensteen/blackboard_ws/install/bbinstance/lib/python3.8/site-packages/bbinstance-0.0.0-py3.8.egg-info/zip-safe
/home/mpcmeulensteen/blackboard_ws/install/bbinstance/lib/python3.8/site-packages/bbinstance-0.0.0-py3.8.egg-info/dependency_links.txt
/home/mpcmeulensteen/blackboard_ws/install/bbinstance/lib/python3.8/site-packages/bbinstance-0.0.0-py3.8.egg-info/entry_points.txt
/home/mpcmeulensteen/blackboard_ws/install/bbinstance/lib/python3.8/site-packages/bbinstance-0.0.0-py3.8.egg-info/top_level.txt
/home/mpcmeulensteen/blackboard_ws/install/bbinstance/lib/python3.8/site-packages/bbinstance-0.0.0-py3.8.egg-info/SOURCES.txt
/home/mpcmeulensteen/blackboard_ws/install/bbinstance/lib/python3.8/site-packages/bbinstance-0.0.0-py3.8.egg-info/requires.txt
/home/mpcmeulensteen/blackboard_ws/install/bbinstance/lib/python3.8/site-packages/bbinstance-0.0.0-py3.8.egg-info/PKG-INFO
/home/mpcmeulensteen/blackboard_ws/install/bbinstance/lib/bbinstance/blackboardinstance
/home/mpcmeulensteen/blackboard_ws/install/bbinstance/lib/bbinstance/robotInstance
/home/mpcmeulensteen/blackboard_ws/install/bbinstance/lib/bbinstance/robotInstance2
/home/mpcmeulensteen/blackboard_ws/install/bbinstance/lib/bbinstance/robotInstance3
/home/mpcmeulensteen/blackboard_ws/install/bbinstance/lib/bbinstance/robotInstance4
/home/mpcmeulensteen/blackboard_ws/install/bbinstance/lib/bbinstance/taskview
