[0.631s] Invoking command in '/home/mpcmeulensteen/blackboard_ws/src/blackboard': PYTHONPATH=/home/mpcmeulensteen/blackboard_ws/install/blackboard/lib/python3.8/site-packages:${PYTHONPATH} /usr/bin/python3 setup.py egg_info --egg-base ../../build/blackboard build --build-base /home/mpcmeulensteen/blackboard_ws/build/blackboard/build install --prefix /home/mpcmeulensteen/blackboard_ws/install/blackboard --record /home/mpcmeulensteen/blackboard_ws/build/blackboard/install.log --single-version-externally-managed
[1.166s] running egg_info
[1.167s] writing ../../build/blackboard/blackboard.egg-info/PKG-INFO
[1.168s] writing dependency_links to ../../build/blackboard/blackboard.egg-info/dependency_links.txt
[1.169s] writing entry points to ../../build/blackboard/blackboard.egg-info/entry_points.txt
[1.169s] writing requirements to ../../build/blackboard/blackboard.egg-info/requires.txt
[1.170s] writing top-level names to ../../build/blackboard/blackboard.egg-info/top_level.txt
[1.225s] reading manifest file '../../build/blackboard/blackboard.egg-info/SOURCES.txt'
[1.227s] writing manifest file '../../build/blackboard/blackboard.egg-info/SOURCES.txt'
[1.228s] running build
[1.228s] running build_py
[1.229s] running install
[1.231s] running install_lib
[1.234s] running install_data
[1.235s] running install_egg_info
[1.240s] removing '/home/mpcmeulensteen/blackboard_ws/install/blackboard/lib/python3.8/site-packages/blackboard-0.0.0-py3.8.egg-info' (and everything under it)
[1.241s] Copying ../../build/blackboard/blackboard.egg-info to /home/mpcmeulensteen/blackboard_ws/install/blackboard/lib/python3.8/site-packages/blackboard-0.0.0-py3.8.egg-info
[1.243s] running install_scripts
[1.276s] writing list of installed files to '/home/mpcmeulensteen/blackboard_ws/build/blackboard/install.log'
[1.306s] Invoked command in '/home/mpcmeulensteen/blackboard_ws/src/blackboard' returned '0': PYTHONPATH=/home/mpcmeulensteen/blackboard_ws/install/blackboard/lib/python3.8/site-packages:${PYTHONPATH} /usr/bin/python3 setup.py egg_info --egg-base ../../build/blackboard build --build-base /home/mpcmeulensteen/blackboard_ws/build/blackboard/build install --prefix /home/mpcmeulensteen/blackboard_ws/install/blackboard --record /home/mpcmeulensteen/blackboard_ws/build/blackboard/install.log --single-version-externally-managed
