[0.018s] Invoking command in '/home/mpcmeulensteen/blackboard_ws/build/turtlebot3_navigation2': CMAKE_PREFIX_PATH=${CMAKE_PREFIX_PATH}:/home/mpcmeulensteen/blackboard_ws/install/turtlebot3_teleop:/home/mpcmeulensteen/blackboard_ws/install/turtlebot3_example:/home/mpcmeulensteen/turtlebot3_ws/install/turtlebot3_teleop:/home/mpcmeulensteen/turtlebot3_ws/install/turtlebot3_example:/home/mpcmeulensteen/colcon_ws/install/turtlebot3_teleop:/home/mpcmeulensteen/colcon_ws/install/turtlebot3_example:/opt/ros/foxy /usr/bin/cmake --build /home/mpcmeulensteen/blackboard_ws/build/turtlebot3_navigation2 -- -j2 -l2
[0.300s] Invoked command in '/home/mpcmeulensteen/blackboard_ws/build/turtlebot3_navigation2' returned '0': CMAKE_PREFIX_PATH=${CMAKE_PREFIX_PATH}:/home/mpcmeulensteen/blackboard_ws/install/turtlebot3_teleop:/home/mpcmeulensteen/blackboard_ws/install/turtlebot3_example:/home/mpcmeulensteen/turtlebot3_ws/install/turtlebot3_teleop:/home/mpcmeulensteen/turtlebot3_ws/install/turtlebot3_example:/home/mpcmeulensteen/colcon_ws/install/turtlebot3_teleop:/home/mpcmeulensteen/colcon_ws/install/turtlebot3_example:/opt/ros/foxy /usr/bin/cmake --build /home/mpcmeulensteen/blackboard_ws/build/turtlebot3_navigation2 -- -j2 -l2
[0.330s] Invoking command in '/home/mpcmeulensteen/blackboard_ws/build/turtlebot3_navigation2': CMAKE_PREFIX_PATH=${CMAKE_PREFIX_PATH}:/home/mpcmeulensteen/blackboard_ws/install/turtlebot3_teleop:/home/mpcmeulensteen/blackboard_ws/install/turtlebot3_example:/home/mpcmeulensteen/turtlebot3_ws/install/turtlebot3_teleop:/home/mpcmeulensteen/turtlebot3_ws/install/turtlebot3_example:/home/mpcmeulensteen/colcon_ws/install/turtlebot3_teleop:/home/mpcmeulensteen/colcon_ws/install/turtlebot3_example:/opt/ros/foxy /usr/bin/cmake --install /home/mpcmeulensteen/blackboard_ws/build/turtlebot3_navigation2
[0.341s] -- Install configuration: ""
[0.341s] -- Up-to-date: /home/mpcmeulensteen/blackboard_ws/install/turtlebot3_navigation2/share/turtlebot3_navigation2/launch
[0.341s] -- Up-to-date: /home/mpcmeulensteen/blackboard_ws/install/turtlebot3_navigation2/share/turtlebot3_navigation2/launch/navigation2.launch.py
[0.341s] -- Up-to-date: /home/mpcmeulensteen/blackboard_ws/install/turtlebot3_navigation2/share/turtlebot3_navigation2/map
[0.341s] -- Up-to-date: /home/mpcmeulensteen/blackboard_ws/install/turtlebot3_navigation2/share/turtlebot3_navigation2/map/turtlebot3_world.yaml
[0.341s] -- Up-to-date: /home/mpcmeulensteen/blackboard_ws/install/turtlebot3_navigation2/share/turtlebot3_navigation2/map/turtlebot3_world.pgm
[0.341s] -- Up-to-date: /home/mpcmeulensteen/blackboard_ws/install/turtlebot3_navigation2/share/turtlebot3_navigation2/param
[0.341s] -- Up-to-date: /home/mpcmeulensteen/blackboard_ws/install/turtlebot3_navigation2/share/turtlebot3_navigation2/param/waffle.yaml
[0.341s] -- Up-to-date: /home/mpcmeulensteen/blackboard_ws/install/turtlebot3_navigation2/share/turtlebot3_navigation2/param/burger.yaml
[0.341s] -- Up-to-date: /home/mpcmeulensteen/blackboard_ws/install/turtlebot3_navigation2/share/turtlebot3_navigation2/param/waffle_pi.yaml
[0.341s] -- Up-to-date: /home/mpcmeulensteen/blackboard_ws/install/turtlebot3_navigation2/share/turtlebot3_navigation2/rviz
[0.342s] -- Up-to-date: /home/mpcmeulensteen/blackboard_ws/install/turtlebot3_navigation2/share/turtlebot3_navigation2/rviz/tb3_navigation2.rviz
[0.342s] -- Up-to-date: /home/mpcmeulensteen/blackboard_ws/install/turtlebot3_navigation2/share/ament_index/resource_index/package_run_dependencies/turtlebot3_navigation2
[0.342s] -- Up-to-date: /home/mpcmeulensteen/blackboard_ws/install/turtlebot3_navigation2/share/ament_index/resource_index/parent_prefix_path/turtlebot3_navigation2
[0.342s] -- Up-to-date: /home/mpcmeulensteen/blackboard_ws/install/turtlebot3_navigation2/share/turtlebot3_navigation2/environment/ament_prefix_path.sh
[0.343s] -- Up-to-date: /home/mpcmeulensteen/blackboard_ws/install/turtlebot3_navigation2/share/turtlebot3_navigation2/environment/ament_prefix_path.dsv
[0.343s] -- Up-to-date: /home/mpcmeulensteen/blackboard_ws/install/turtlebot3_navigation2/share/turtlebot3_navigation2/environment/path.sh
[0.343s] -- Up-to-date: /home/mpcmeulensteen/blackboard_ws/install/turtlebot3_navigation2/share/turtlebot3_navigation2/environment/path.dsv
[0.343s] -- Up-to-date: /home/mpcmeulensteen/blackboard_ws/install/turtlebot3_navigation2/share/turtlebot3_navigation2/local_setup.bash
[0.343s] -- Up-to-date: /home/mpcmeulensteen/blackboard_ws/install/turtlebot3_navigation2/share/turtlebot3_navigation2/local_setup.sh
[0.344s] -- Up-to-date: /home/mpcmeulensteen/blackboard_ws/install/turtlebot3_navigation2/share/turtlebot3_navigation2/local_setup.zsh
[0.344s] -- Up-to-date: /home/mpcmeulensteen/blackboard_ws/install/turtlebot3_navigation2/share/turtlebot3_navigation2/local_setup.dsv
[0.344s] -- Installing: /home/mpcmeulensteen/blackboard_ws/install/turtlebot3_navigation2/share/turtlebot3_navigation2/package.dsv
[0.344s] -- Up-to-date: /home/mpcmeulensteen/blackboard_ws/install/turtlebot3_navigation2/share/ament_index/resource_index/packages/turtlebot3_navigation2
[0.344s] -- Up-to-date: /home/mpcmeulensteen/blackboard_ws/install/turtlebot3_navigation2/share/turtlebot3_navigation2/cmake/turtlebot3_navigation2Config.cmake
[0.345s] -- Up-to-date: /home/mpcmeulensteen/blackboard_ws/install/turtlebot3_navigation2/share/turtlebot3_navigation2/cmake/turtlebot3_navigation2Config-version.cmake
[0.345s] -- Up-to-date: /home/mpcmeulensteen/blackboard_ws/install/turtlebot3_navigation2/share/turtlebot3_navigation2/package.xml
[0.348s] Invoked command in '/home/mpcmeulensteen/blackboard_ws/build/turtlebot3_navigation2' returned '0': CMAKE_PREFIX_PATH=${CMAKE_PREFIX_PATH}:/home/mpcmeulensteen/blackboard_ws/install/turtlebot3_teleop:/home/mpcmeulensteen/blackboard_ws/install/turtlebot3_example:/home/mpcmeulensteen/turtlebot3_ws/install/turtlebot3_teleop:/home/mpcmeulensteen/turtlebot3_ws/install/turtlebot3_example:/home/mpcmeulensteen/colcon_ws/install/turtlebot3_teleop:/home/mpcmeulensteen/colcon_ws/install/turtlebot3_example:/opt/ros/foxy /usr/bin/cmake --install /home/mpcmeulensteen/blackboard_ws/build/turtlebot3_navigation2
