[0.310s] Invoking command in '/home/mpcmeulensteen/blackboard_ws/src/navigation': PYTHONPATH=/home/mpcmeulensteen/blackboard_ws/install/navigation/lib/python3.8/site-packages:${PYTHONPATH} /usr/bin/python3 setup.py egg_info --egg-base ../../build/navigation build --build-base /home/mpcmeulensteen/blackboard_ws/build/navigation/build install --prefix /home/mpcmeulensteen/blackboard_ws/install/navigation --record /home/mpcmeulensteen/blackboard_ws/build/navigation/install.log --single-version-externally-managed
[0.599s] running egg_info
[0.603s] writing ../../build/navigation/navigation.egg-info/PKG-INFO
[0.606s] writing dependency_links to ../../build/navigation/navigation.egg-info/dependency_links.txt
[0.607s] writing entry points to ../../build/navigation/navigation.egg-info/entry_points.txt
[0.608s] writing requirements to ../../build/navigation/navigation.egg-info/requires.txt
[0.609s] writing top-level names to ../../build/navigation/navigation.egg-info/top_level.txt
[0.692s] reading manifest file '../../build/navigation/navigation.egg-info/SOURCES.txt'
[0.694s] writing manifest file '../../build/navigation/navigation.egg-info/SOURCES.txt'
[0.696s] running build
[0.696s] running build_py
[0.697s] running install
[0.699s] running install_lib
[0.703s] running install_data
[0.705s] running install_egg_info
[0.707s] removing '/home/mpcmeulensteen/blackboard_ws/install/navigation/lib/python3.8/site-packages/navigation-0.0.0-py3.8.egg-info' (and everything under it)
[0.709s] Copying ../../build/navigation/navigation.egg-info to /home/mpcmeulensteen/blackboard_ws/install/navigation/lib/python3.8/site-packages/navigation-0.0.0-py3.8.egg-info
[0.710s] running install_scripts
[0.742s] writing list of installed files to '/home/mpcmeulensteen/blackboard_ws/build/navigation/install.log'
[0.792s] Invoked command in '/home/mpcmeulensteen/blackboard_ws/src/navigation' returned '0': PYTHONPATH=/home/mpcmeulensteen/blackboard_ws/install/navigation/lib/python3.8/site-packages:${PYTHONPATH} /usr/bin/python3 setup.py egg_info --egg-base ../../build/navigation build --build-base /home/mpcmeulensteen/blackboard_ws/build/navigation/build install --prefix /home/mpcmeulensteen/blackboard_ws/install/navigation --record /home/mpcmeulensteen/blackboard_ws/build/navigation/install.log --single-version-externally-managed
