-- Enabling tests requiring a display
-- Found ament_cmake: 0.9.9 (/opt/ros/foxy/share/ament_cmake/cmake)
-- Using PYTHON_EXECUTABLE: /usr/bin/python3
-- Found rviz_ogre_vendor: 9.0.0 (/home/mpcmeulensteen/blackboard_ws/install/rviz_ogre_vendor/share/rviz_ogre_vendor/cmake)
-- Setting OGRE_DIR to: '/home/mpcmeulensteen/blackboard_ws/install/rviz_ogre_vendor/share/rviz_ogre_vendor/cmake/../../../opt/rviz_ogre_vendor/lib/OGRE/cmake'
-- Found OGRE
--   static     : OFF
--   components : HLMS;MeshLodGenerator;Overlay;Paging;Property;RTShaderSystem;Terrain;Volume
--   plugins    : Plugin_BSPSceneManager;Plugin_OctreeSceneManager;Plugin_PCZSceneManager;Plugin_ParticleFX;RenderSystem_GL;RenderSystem_GL3Plus;Codec_STBI;Codec_FreeImage;Codec_EXR
--   media      : /home/mpcmeulensteen/blackboard_ws/install/rviz_ogre_vendor/opt/rviz_ogre_vendor/share/OGRE/Media
-- OGRE_LIBRARIES: OgreHLMS;OgreMeshLodGenerator;OgreOverlay;OgrePaging;OgreProperty;OgreRTShaderSystem;OgreTerrain;OgreVolume;OgreMain
-- OGRE_LIBRARY_DIRS: /home/mpcmeulensteen/blackboard_ws/install/rviz_ogre_vendor/opt/rviz_ogre_vendor/lib
-- OGRE_PLUGINS: Plugin_BSPSceneManager;Plugin_OctreeSceneManager;Plugin_PCZSceneManager;Plugin_ParticleFX;RenderSystem_GL;RenderSystem_GL3Plus;Codec_STBI;Codec_FreeImage;Codec_EXR
-- OGRE_PLUGIN_DIR: /home/mpcmeulensteen/blackboard_ws/install/rviz_ogre_vendor/opt/rviz_ogre_vendor/lib/OGRE
-- rviz_ogre_vendor::OgreOverlay for IMPORTED_LOCATION_RELEASE: /home/mpcmeulensteen/blackboard_ws/install/rviz_ogre_vendor/opt/rviz_ogre_vendor/lib/libOgreOverlay.so
-- rviz_ogre_vendor::OgreOverlay for IMPORTED_LOCATION_DEBUG: /home/mpcmeulensteen/blackboard_ws/install/rviz_ogre_vendor/opt/rviz_ogre_vendor/lib/libOgreOverlay.so
-- rviz_ogre_vendor::OgreMain for IMPORTED_LOCATION_RELEASE: /home/mpcmeulensteen/blackboard_ws/install/rviz_ogre_vendor/opt/rviz_ogre_vendor/lib/libOgreMain.so
-- rviz_ogre_vendor::OgreMain for IMPORTED_LOCATION_DEBUG: /home/mpcmeulensteen/blackboard_ws/install/rviz_ogre_vendor/opt/rviz_ogre_vendor/lib/libOgreMain.so
-- rviz_ogre_vendor::RenderSystem_GL for IMPORTED_LOCATION_RELEASE: _render_system_gl_static_library_abs-NOTFOUND
-- rviz_ogre_vendor::RenderSystem_GL for IMPORTED_LOCATION_DEBUG: _render_system_gl_static_library_abs-NOTFOUND
-- Found rviz_assimp_vendor: 9.0.0 (/home/mpcmeulensteen/blackboard_ws/install/rviz_assimp_vendor/share/rviz_assimp_vendor/cmake)
-- library: libassimp.so.5
-- Found ament_index_cpp: 1.1.0 (/opt/ros/foxy/share/ament_index_cpp/cmake)
-- Found eigen3_cmake_module: 0.1.1 (/opt/ros/foxy/share/eigen3_cmake_module/cmake)
-- Found resource_retriever: 2.3.4 (/opt/ros/foxy/share/resource_retriever/cmake)
-- library: /usr/lib/x86_64-linux-gnu/libcurl.so
-- Found ament_lint_auto: 0.9.6 (/opt/ros/foxy/share/ament_lint_auto/cmake)
-- Found gmock sources under '/opt/ros/foxy/src/gmock_vendor': C++ tests using 'Google Mock' will be built
-- Found gtest sources under '/opt/ros/foxy/src/gtest_vendor': C++ tests using 'Google Test' will be built
-- Added test 'cppcheck' to perform static code analysis on C / C++ code
-- Configured cppcheck include dirs: $<BUILD_INTERFACE:/home/mpcmeulensteen/blackboard_ws/src/rviz/rviz_rendering/include>
-- Configured cppcheck exclude dirs and/or files: 
-- Added test 'cpplint' to check C / C++ code against the Google style
-- Configured cpplint exclude dirs and/or files: 
-- Added test 'lint_cmake' to check CMake code style
-- Added test 'uncrustify' to check C / C++ code style
-- Configured uncrustify additional arguments: 
-- Added test 'xmllint' to check XML markup files
-- Configuring done
-- Generating done
-- Build files have been written to: /home/mpcmeulensteen/blackboard_ws/build/rviz_rendering
[  1%] [34m[1mGenerating include/rviz_rendering/moc_render_window.cpp[0m
[35m[1mScanning dependencies of target rviz_rendering[0m
[  7%] Built target gmock
[ 10%] Built target gmock_main
[ 12%] [32mBuilding CXX object CMakeFiles/rviz_rendering.dir/include/rviz_rendering/moc_render_window.cpp.o[0m
[ 14%] [32mBuilding CXX object CMakeFiles/rviz_rendering.dir/src/rviz_rendering/apply_visibility_bits.cpp.o[0m
[ 16%] [32mBuilding CXX object CMakeFiles/rviz_rendering.dir/src/rviz_rendering/geometry.cpp.o[0m
[ 17%] [32mBuilding CXX object CMakeFiles/rviz_rendering.dir/src/rviz_rendering/viewport_projection_finder.cpp.o[0m
[ 19%] [32mBuilding CXX object CMakeFiles/rviz_rendering.dir/src/rviz_rendering/logging.cpp.o[0m
[ 21%] [32mBuilding CXX object CMakeFiles/rviz_rendering.dir/src/rviz_rendering/material_manager.cpp.o[0m
[ 23%] [32mBuilding CXX object CMakeFiles/rviz_rendering.dir/src/rviz_rendering/mesh_loader.cpp.o[0m
[01m[K/home/mpcmeulensteen/blackboard_ws/src/rviz/rviz_rendering/src/rviz_rendering/mesh_loader.cpp:65:10:[m[K [01;31m[Kfatal error: [m[Kresource_retriever/retriever.hpp: No such file or directory
   65 | #include [01;31m[K"resource_retriever/retriever.hpp"[m[K
      |          [01;31m[K^~~~~~~~~~~~~~~~~~~~~~~~~~~~~~~~~~[m[K
compilation terminated.
make[2]: *** [CMakeFiles/rviz_rendering.dir/build.make:145: CMakeFiles/rviz_rendering.dir/src/rviz_rendering/mesh_loader.cpp.o] Error 1
make[2]: *** Waiting for unfinished jobs....
make[1]: *** [CMakeFiles/Makefile2:344: CMakeFiles/rviz_rendering.dir/all] Error 2
make: *** [Makefile:141: all] Error 2
