[0.031s] Invoking command in '/home/mpcmeulensteen/blackboard_ws/build/rviz_rendering': AMENT_PREFIX_PATH=/home/mpcmeulensteen/blackboard_ws/install/rviz_ogre_vendor:/home/mpcmeulensteen/blackboard_ws/install/rviz_assimp_vendor:${AMENT_PREFIX_PATH} CMAKE_PREFIX_PATH=/home/mpcmeulensteen/blackboard_ws/install/rviz_ogre_vendor:/home/mpcmeulensteen/blackboard_ws/install/rviz_assimp_vendor:/opt/ros/foxy LD_LIBRARY_PATH=/home/mpcmeulensteen/blackboard_ws/install/rviz_ogre_vendor/opt/rviz_ogre_vendor/lib:${LD_LIBRARY_PATH} /usr/bin/cmake --build /home/mpcmeulensteen/blackboard_ws/build/rviz_rendering -- -j2 -l2
[0.101s] -- Enabling tests requiring a display
[0.103s] -- Found ament_cmake: 0.9.9 (/opt/ros/foxy/share/ament_cmake/cmake)
[0.129s] -- Using PYTHON_EXECUTABLE: /usr/bin/python3
[0.408s] -- Found rviz_ogre_vendor: 9.0.0 (/home/mpcmeulensteen/blackboard_ws/install/rviz_ogre_vendor/share/rviz_ogre_vendor/cmake)
[0.409s] -- Setting OGRE_DIR to: '/home/mpcmeulensteen/blackboard_ws/install/rviz_ogre_vendor/share/rviz_ogre_vendor/cmake/../../../opt/rviz_ogre_vendor/lib/OGRE/cmake'
[0.413s] -- Found OGRE
[0.413s] --   static     : OFF
[0.413s] --   components : HLMS;MeshLodGenerator;Overlay;Paging;Property;RTShaderSystem;Terrain;Volume
[0.413s] --   plugins    : Plugin_BSPSceneManager;Plugin_OctreeSceneManager;Plugin_PCZSceneManager;Plugin_ParticleFX;RenderSystem_GL;RenderSystem_GL3Plus;Codec_STBI;Codec_FreeImage;Codec_EXR
[0.414s] --   media      : /home/mpcmeulensteen/blackboard_ws/install/rviz_ogre_vendor/opt/rviz_ogre_vendor/share/OGRE/Media
[0.414s] -- OGRE_LIBRARIES: OgreHLMS;OgreMeshLodGenerator;OgreOverlay;OgrePaging;OgreProperty;OgreRTShaderSystem;OgreTerrain;OgreVolume;OgreMain
[0.414s] -- OGRE_LIBRARY_DIRS: /home/mpcmeulensteen/blackboard_ws/install/rviz_ogre_vendor/opt/rviz_ogre_vendor/lib
[0.414s] -- OGRE_PLUGINS: Plugin_BSPSceneManager;Plugin_OctreeSceneManager;Plugin_PCZSceneManager;Plugin_ParticleFX;RenderSystem_GL;RenderSystem_GL3Plus;Codec_STBI;Codec_FreeImage;Codec_EXR
[0.414s] -- OGRE_PLUGIN_DIR: /home/mpcmeulensteen/blackboard_ws/install/rviz_ogre_vendor/opt/rviz_ogre_vendor/lib/OGRE
[0.415s] -- rviz_ogre_vendor::OgreOverlay for IMPORTED_LOCATION_RELEASE: /home/mpcmeulensteen/blackboard_ws/install/rviz_ogre_vendor/opt/rviz_ogre_vendor/lib/libOgreOverlay.so
[0.415s] -- rviz_ogre_vendor::OgreOverlay for IMPORTED_LOCATION_DEBUG: /home/mpcmeulensteen/blackboard_ws/install/rviz_ogre_vendor/opt/rviz_ogre_vendor/lib/libOgreOverlay.so
[0.416s] -- rviz_ogre_vendor::OgreMain for IMPORTED_LOCATION_RELEASE: /home/mpcmeulensteen/blackboard_ws/install/rviz_ogre_vendor/opt/rviz_ogre_vendor/lib/libOgreMain.so
[0.416s] -- rviz_ogre_vendor::OgreMain for IMPORTED_LOCATION_DEBUG: /home/mpcmeulensteen/blackboard_ws/install/rviz_ogre_vendor/opt/rviz_ogre_vendor/lib/libOgreMain.so
[0.464s] -- rviz_ogre_vendor::RenderSystem_GL for IMPORTED_LOCATION_RELEASE: _render_system_gl_static_library_abs-NOTFOUND
[0.464s] -- rviz_ogre_vendor::RenderSystem_GL for IMPORTED_LOCATION_DEBUG: _render_system_gl_static_library_abs-NOTFOUND
[0.466s] -- Found rviz_assimp_vendor: 9.0.0 (/home/mpcmeulensteen/blackboard_ws/install/rviz_assimp_vendor/share/rviz_assimp_vendor/cmake)
[0.467s] -- library: libassimp.so.5
[0.483s] -- Found ament_index_cpp: 1.1.0 (/opt/ros/foxy/share/ament_index_cpp/cmake)
[0.487s] -- Found eigen3_cmake_module: 0.1.1 (/opt/ros/foxy/share/eigen3_cmake_module/cmake)
[0.489s] -- Found resource_retriever: 2.3.4 (/opt/ros/foxy/share/resource_retriever/cmake)
[0.506s] -- library: /usr/lib/x86_64-linux-gnu/libcurl.so
[0.511s] -- Found ament_lint_auto: 0.9.6 (/opt/ros/foxy/share/ament_lint_auto/cmake)
[0.577s] -- Found gmock sources under '/opt/ros/foxy/src/gmock_vendor': C++ tests using 'Google Mock' will be built
[0.580s] -- Found gtest sources under '/opt/ros/foxy/src/gtest_vendor': C++ tests using 'Google Test' will be built
[0.596s] -- Added test 'cppcheck' to perform static code analysis on C / C++ code
[0.596s] -- Configured cppcheck include dirs: $<BUILD_INTERFACE:/home/mpcmeulensteen/blackboard_ws/src/rviz/rviz_rendering/include>
[0.597s] -- Configured cppcheck exclude dirs and/or files: 
[0.601s] -- Added test 'cpplint' to check C / C++ code against the Google style
[0.601s] -- Configured cpplint exclude dirs and/or files: 
[0.603s] -- Added test 'lint_cmake' to check CMake code style
[0.607s] -- Added test 'uncrustify' to check C / C++ code style
[0.607s] -- Configured uncrustify additional arguments: 
[0.608s] -- Added test 'xmllint' to check XML markup files
[0.615s] -- Configuring done
[0.703s] -- Generating done
[0.709s] -- Build files have been written to: /home/mpcmeulensteen/blackboard_ws/build/rviz_rendering
[0.749s] [  1%] [34m[1mGenerating include/rviz_rendering/moc_render_window.cpp[0m
[0.784s] [35m[1mScanning dependencies of target rviz_rendering[0m
[0.799s] [  7%] Built target gmock
[0.921s] [ 10%] Built target gmock_main
[0.955s] [ 12%] [32mBuilding CXX object CMakeFiles/rviz_rendering.dir/include/rviz_rendering/moc_render_window.cpp.o[0m
[0.969s] [ 14%] [32mBuilding CXX object CMakeFiles/rviz_rendering.dir/src/rviz_rendering/apply_visibility_bits.cpp.o[0m
[2.840s] [ 16%] [32mBuilding CXX object CMakeFiles/rviz_rendering.dir/src/rviz_rendering/geometry.cpp.o[0m
[3.608s] [ 17%] [32mBuilding CXX object CMakeFiles/rviz_rendering.dir/src/rviz_rendering/viewport_projection_finder.cpp.o[0m
[4.774s] [ 19%] [32mBuilding CXX object CMakeFiles/rviz_rendering.dir/src/rviz_rendering/logging.cpp.o[0m
[5.539s] [ 21%] [32mBuilding CXX object CMakeFiles/rviz_rendering.dir/src/rviz_rendering/material_manager.cpp.o[0m
[6.212s] [ 23%] [32mBuilding CXX object CMakeFiles/rviz_rendering.dir/src/rviz_rendering/mesh_loader.cpp.o[0m
[6.372s] [01m[K/home/mpcmeulensteen/blackboard_ws/src/rviz/rviz_rendering/src/rviz_rendering/mesh_loader.cpp:65:10:[m[K [01;31m[Kfatal error: [m[Kresource_retriever/retriever.hpp: No such file or directory
[6.372s]    65 | #include [01;31m[K"resource_retriever/retriever.hpp"[m[K
[6.372s]       |          [01;31m[K^~~~~~~~~~~~~~~~~~~~~~~~~~~~~~~~~~[m[K
[6.372s] compilation terminated.
[6.375s] make[2]: *** [CMakeFiles/rviz_rendering.dir/build.make:145: CMakeFiles/rviz_rendering.dir/src/rviz_rendering/mesh_loader.cpp.o] Error 1
[6.375s] make[2]: *** Waiting for unfinished jobs....
[7.916s] make[1]: *** [CMakeFiles/Makefile2:344: CMakeFiles/rviz_rendering.dir/all] Error 2
[7.916s] make: *** [Makefile:141: all] Error 2
[7.917s] Invoked command in '/home/mpcmeulensteen/blackboard_ws/build/rviz_rendering' returned '2': AMENT_PREFIX_PATH=/home/mpcmeulensteen/blackboard_ws/install/rviz_ogre_vendor:/home/mpcmeulensteen/blackboard_ws/install/rviz_assimp_vendor:${AMENT_PREFIX_PATH} CMAKE_PREFIX_PATH=/home/mpcmeulensteen/blackboard_ws/install/rviz_ogre_vendor:/home/mpcmeulensteen/blackboard_ws/install/rviz_assimp_vendor:/opt/ros/foxy LD_LIBRARY_PATH=/home/mpcmeulensteen/blackboard_ws/install/rviz_ogre_vendor/opt/rviz_ogre_vendor/lib:${LD_LIBRARY_PATH} /usr/bin/cmake --build /home/mpcmeulensteen/blackboard_ws/build/rviz_rendering -- -j2 -l2
