[0.013s] Invoking command in '/home/mpcmeulensteen/blackboard_ws/build/bbinstance': CMAKE_PREFIX_PATH=${CMAKE_PREFIX_PATH}:/home/mpcmeulensteen/blackboard_ws/install/turtlebot3_teleop:/home/mpcmeulensteen/blackboard_ws/install/turtlebot3_example:/home/mpcmeulensteen/turtlebot3_ws/install/turtlebot3_teleop:/home/mpcmeulensteen/turtlebot3_ws/install/turtlebot3_example:/home/mpcmeulensteen/colcon_ws/install/turtlebot3_teleop:/home/mpcmeulensteen/colcon_ws/install/turtlebot3_example:/opt/ros/foxy /usr/bin/cmake --build /home/mpcmeulensteen/blackboard_ws/build/bbinstance -- -j2 -l2
[0.061s] -- Found ament_cmake: 0.9.9 (/opt/ros/foxy/share/ament_cmake/cmake)
[0.121s] -- Using PYTHON_EXECUTABLE: /usr/bin/python3
[0.384s] -- Found bbinstance: 0.0.0 (/home/mpcmeulensteen/blackboard_ws/install/bbinstance/share/bbinstance/cmake)
[0.384s] -- Found rclcpp: 2.4.0 (/opt/ros/foxy/share/rclcpp/cmake)
[0.422s] -- Using all available rosidl_typesupport_c: rosidl_typesupport_fastrtps_c;rosidl_typesupport_introspection_c
[0.425s] -- Found rosidl_adapter: 1.2.1 (/opt/ros/foxy/share/rosidl_adapter/cmake)
[0.627s] -- Using all available rosidl_typesupport_cpp: rosidl_typesupport_fastrtps_cpp;rosidl_typesupport_introspection_cpp
[0.709s] -- Found rmw_implementation_cmake: 1.0.3 (/opt/ros/foxy/share/rmw_implementation_cmake/cmake)
[0.716s] -- Using RMW implementation 'rmw_fastrtps_cpp' as default
[0.920s] -- Found rclpy: 1.0.7 (/opt/ros/foxy/share/rclpy/cmake)
[0.921s] -- Found ament_lint_auto: 0.9.6 (/opt/ros/foxy/share/ament_lint_auto/cmake)
[1.033s] -- Added test 'copyright' to check source files copyright and LICENSE
[1.034s] -- Added test 'flake8' to check Python code syntax and style conventions
[1.035s] -- Added test 'lint_cmake' to check CMake code style
[1.035s] -- Added test 'pep257' to check Python code against some of the style conventions in PEP 257
[1.036s] -- Added test 'xmllint' to check XML markup files
[1.040s] -- Configuring done
[1.042s] CMake Error: Cannot determine link language for target "gui".
[1.043s] CMake Error: CMake can not determine linker language for target: gui
[1.043s] CMake Error: Cannot determine link language for target "robotInstance3".
[1.043s] CMake Error: CMake can not determine linker language for target: robotInstance3
[1.043s] CMake Error: Cannot determine link language for target "robotInstance".
[1.044s] CMake Error: CMake can not determine linker language for target: robotInstance
[1.044s] CMake Error: Cannot determine link language for target "robotInstance2".
[1.045s] CMake Error: CMake can not determine linker language for target: robotInstance2
[1.046s] CMake Error: Cannot determine link language for target "taskview".
[1.047s] CMake Error: CMake can not determine linker language for target: taskview
[1.047s] CMake Error: Cannot determine link language for target "robotInstance4".
[1.047s] CMake Error: CMake can not determine linker language for target: robotInstance4
[1.048s] CMake Error: Cannot determine link language for target "blackboardinstance".
[1.048s] CMake Error: CMake can not determine linker language for target: blackboardinstance
[1.050s] -- Generating done
[1.056s] CMake Generate step failed.  Build files cannot be regenerated correctly.
[1.063s] make: *** [Makefile:222: cmake_check_build_system] Error 1
[1.067s] Invoked command in '/home/mpcmeulensteen/blackboard_ws/build/bbinstance' returned '2': CMAKE_PREFIX_PATH=${CMAKE_PREFIX_PATH}:/home/mpcmeulensteen/blackboard_ws/install/turtlebot3_teleop:/home/mpcmeulensteen/blackboard_ws/install/turtlebot3_example:/home/mpcmeulensteen/turtlebot3_ws/install/turtlebot3_teleop:/home/mpcmeulensteen/turtlebot3_ws/install/turtlebot3_example:/home/mpcmeulensteen/colcon_ws/install/turtlebot3_teleop:/home/mpcmeulensteen/colcon_ws/install/turtlebot3_example:/opt/ros/foxy /usr/bin/cmake --build /home/mpcmeulensteen/blackboard_ws/build/bbinstance -- -j2 -l2
