[0.022s] Invoking command in '/home/mpcmeulensteen/blackboard_ws/build/navigation_cartographer': CMAKE_PREFIX_PATH=/opt/ros/foxy /usr/bin/cmake --build /home/mpcmeulensteen/blackboard_ws/build/navigation_cartographer -- -j2 -l2
[0.087s] Invoked command in '/home/mpcmeulensteen/blackboard_ws/build/navigation_cartographer' returned '0': CMAKE_PREFIX_PATH=/opt/ros/foxy /usr/bin/cmake --build /home/mpcmeulensteen/blackboard_ws/build/navigation_cartographer -- -j2 -l2
[0.124s] Invoking command in '/home/mpcmeulensteen/blackboard_ws/build/navigation_cartographer': CMAKE_PREFIX_PATH=/opt/ros/foxy /usr/bin/cmake --install /home/mpcmeulensteen/blackboard_ws/build/navigation_cartographer
[0.138s] -- Install configuration: ""
[0.141s] -- Up-to-date: /home/mpcmeulensteen/blackboard_ws/install/navigation_cartographer/share/navigation_cartographer/config
[0.142s] -- Up-to-date: /home/mpcmeulensteen/blackboard_ws/install/navigation_cartographer/share/navigation_cartographer/config/navigation_lds_2d.lua
[0.142s] -- Up-to-date: /home/mpcmeulensteen/blackboard_ws/install/navigation_cartographer/share/navigation_cartographer/launch
[0.142s] -- Up-to-date: /home/mpcmeulensteen/blackboard_ws/install/navigation_cartographer/share/navigation_cartographer/launch/cartographer.launch.py
[0.142s] -- Up-to-date: /home/mpcmeulensteen/blackboard_ws/install/navigation_cartographer/share/navigation_cartographer/launch/occupancy_grid.launch.py
[0.142s] -- Up-to-date: /home/mpcmeulensteen/blackboard_ws/install/navigation_cartographer/share/navigation_cartographer/rviz
[0.143s] -- Up-to-date: /home/mpcmeulensteen/blackboard_ws/install/navigation_cartographer/share/navigation_cartographer/rviz/nav_cartographer.rviz
[0.144s] -- Up-to-date: /home/mpcmeulensteen/blackboard_ws/install/navigation_cartographer/share/ament_index/resource_index/package_run_dependencies/navigation_cartographer
[0.146s] -- Up-to-date: /home/mpcmeulensteen/blackboard_ws/install/navigation_cartographer/share/ament_index/resource_index/parent_prefix_path/navigation_cartographer
[0.146s] -- Up-to-date: /home/mpcmeulensteen/blackboard_ws/install/navigation_cartographer/share/navigation_cartographer/environment/ament_prefix_path.sh
[0.146s] -- Up-to-date: /home/mpcmeulensteen/blackboard_ws/install/navigation_cartographer/share/navigation_cartographer/environment/ament_prefix_path.dsv
[0.146s] -- Up-to-date: /home/mpcmeulensteen/blackboard_ws/install/navigation_cartographer/share/navigation_cartographer/environment/path.sh
[0.146s] -- Up-to-date: /home/mpcmeulensteen/blackboard_ws/install/navigation_cartographer/share/navigation_cartographer/environment/path.dsv
[0.147s] -- Up-to-date: /home/mpcmeulensteen/blackboard_ws/install/navigation_cartographer/share/navigation_cartographer/local_setup.bash
[0.147s] -- Up-to-date: /home/mpcmeulensteen/blackboard_ws/install/navigation_cartographer/share/navigation_cartographer/local_setup.sh
[0.147s] -- Up-to-date: /home/mpcmeulensteen/blackboard_ws/install/navigation_cartographer/share/navigation_cartographer/local_setup.zsh
[0.147s] -- Up-to-date: /home/mpcmeulensteen/blackboard_ws/install/navigation_cartographer/share/navigation_cartographer/local_setup.dsv
[0.147s] -- Installing: /home/mpcmeulensteen/blackboard_ws/install/navigation_cartographer/share/navigation_cartographer/package.dsv
[0.147s] -- Up-to-date: /home/mpcmeulensteen/blackboard_ws/install/navigation_cartographer/share/ament_index/resource_index/packages/navigation_cartographer
[0.152s] -- Up-to-date: /home/mpcmeulensteen/blackboard_ws/install/navigation_cartographer/share/navigation_cartographer/cmake/navigation_cartographerConfig.cmake
[0.154s] -- Up-to-date: /home/mpcmeulensteen/blackboard_ws/install/navigation_cartographer/share/navigation_cartographer/cmake/navigation_cartographerConfig-version.cmake
[0.155s] -- Up-to-date: /home/mpcmeulensteen/blackboard_ws/install/navigation_cartographer/share/navigation_cartographer/package.xml
[0.155s] Invoked command in '/home/mpcmeulensteen/blackboard_ws/build/navigation_cartographer' returned '0': CMAKE_PREFIX_PATH=/opt/ros/foxy /usr/bin/cmake --install /home/mpcmeulensteen/blackboard_ws/build/navigation_cartographer
