[0.030s] Invoking command in '/home/mpcmeulensteen/blackboard_ws/build/blackboard': CMAKE_PREFIX_PATH=${CMAKE_PREFIX_PATH}:/home/mpcmeulensteen/turtlebot3_ws/install/turtlebot3_teleop:/home/mpcmeulensteen/turtlebot3_ws/install/turtlebot3_example:/home/mpcmeulensteen/colcon_ws/install/turtlebot3_teleop:/home/mpcmeulensteen/colcon_ws/install/turtlebot3_example:/opt/ros/foxy /usr/bin/cmake --build /home/mpcmeulensteen/blackboard_ws/build/blackboard -- -j2 -l2
[0.075s] Invoked command in '/home/mpcmeulensteen/blackboard_ws/build/blackboard' returned '0': CMAKE_PREFIX_PATH=${CMAKE_PREFIX_PATH}:/home/mpcmeulensteen/turtlebot3_ws/install/turtlebot3_teleop:/home/mpcmeulensteen/turtlebot3_ws/install/turtlebot3_example:/home/mpcmeulensteen/colcon_ws/install/turtlebot3_teleop:/home/mpcmeulensteen/colcon_ws/install/turtlebot3_example:/opt/ros/foxy /usr/bin/cmake --build /home/mpcmeulensteen/blackboard_ws/build/blackboard -- -j2 -l2
[0.102s] Invoking command in '/home/mpcmeulensteen/blackboard_ws/build/blackboard': CMAKE_PREFIX_PATH=${CMAKE_PREFIX_PATH}:/home/mpcmeulensteen/turtlebot3_ws/install/turtlebot3_teleop:/home/mpcmeulensteen/turtlebot3_ws/install/turtlebot3_example:/home/mpcmeulensteen/colcon_ws/install/turtlebot3_teleop:/home/mpcmeulensteen/colcon_ws/install/turtlebot3_example:/opt/ros/foxy /usr/bin/cmake --install /home/mpcmeulensteen/blackboard_ws/build/blackboard
[0.114s] -- Install configuration: ""
[0.114s] -- Up-to-date: /home/mpcmeulensteen/blackboard_ws/install/blackboard/share/ament_index/resource_index/package_run_dependencies/blackboard
[0.115s] -- Up-to-date: /home/mpcmeulensteen/blackboard_ws/install/blackboard/share/ament_index/resource_index/parent_prefix_path/blackboard
[0.115s] -- Up-to-date: /home/mpcmeulensteen/blackboard_ws/install/blackboard/share/blackboard/environment/ament_prefix_path.sh
[0.115s] -- Up-to-date: /home/mpcmeulensteen/blackboard_ws/install/blackboard/share/blackboard/environment/ament_prefix_path.dsv
[0.115s] -- Up-to-date: /home/mpcmeulensteen/blackboard_ws/install/blackboard/share/blackboard/environment/path.sh
[0.115s] -- Up-to-date: /home/mpcmeulensteen/blackboard_ws/install/blackboard/share/blackboard/environment/path.dsv
[0.116s] -- Up-to-date: /home/mpcmeulensteen/blackboard_ws/install/blackboard/share/blackboard/local_setup.bash
[0.116s] -- Up-to-date: /home/mpcmeulensteen/blackboard_ws/install/blackboard/share/blackboard/local_setup.sh
[0.116s] -- Up-to-date: /home/mpcmeulensteen/blackboard_ws/install/blackboard/share/blackboard/local_setup.zsh
[0.116s] -- Up-to-date: /home/mpcmeulensteen/blackboard_ws/install/blackboard/share/blackboard/local_setup.dsv
[0.116s] -- Installing: /home/mpcmeulensteen/blackboard_ws/install/blackboard/share/blackboard/package.dsv
[0.116s] -- Up-to-date: /home/mpcmeulensteen/blackboard_ws/install/blackboard/share/ament_index/resource_index/packages/blackboard
[0.117s] -- Up-to-date: /home/mpcmeulensteen/blackboard_ws/install/blackboard/share/blackboard/cmake/blackboardConfig.cmake
[0.117s] -- Up-to-date: /home/mpcmeulensteen/blackboard_ws/install/blackboard/share/blackboard/cmake/blackboardConfig-version.cmake
[0.117s] -- Up-to-date: /home/mpcmeulensteen/blackboard_ws/install/blackboard/share/blackboard/package.xml
[0.121s] Invoked command in '/home/mpcmeulensteen/blackboard_ws/build/blackboard' returned '0': CMAKE_PREFIX_PATH=${CMAKE_PREFIX_PATH}:/home/mpcmeulensteen/turtlebot3_ws/install/turtlebot3_teleop:/home/mpcmeulensteen/turtlebot3_ws/install/turtlebot3_example:/home/mpcmeulensteen/colcon_ws/install/turtlebot3_teleop:/home/mpcmeulensteen/colcon_ws/install/turtlebot3_example:/opt/ros/foxy /usr/bin/cmake --install /home/mpcmeulensteen/blackboard_ws/build/blackboard
