[0.225s] Invoking command in '/home/mpcmeulensteen/blackboard_ws/src/blackboard': PYTHONPATH=/home/mpcmeulensteen/blackboard_ws/install/blackboard/lib/python3.8/site-packages:${PYTHONPATH} /usr/bin/python3 setup.py egg_info --egg-base ../../build/blackboard build --build-base /home/mpcmeulensteen/blackboard_ws/build/blackboard/build install --prefix /home/mpcmeulensteen/blackboard_ws/install/blackboard --record /home/mpcmeulensteen/blackboard_ws/build/blackboard/install.log --single-version-externally-managed
[0.450s] running egg_info
[0.450s] writing ../../build/blackboard/blackboard.egg-info/PKG-INFO
[0.451s] writing dependency_links to ../../build/blackboard/blackboard.egg-info/dependency_links.txt
[0.451s] writing entry points to ../../build/blackboard/blackboard.egg-info/entry_points.txt
[0.452s] writing requirements to ../../build/blackboard/blackboard.egg-info/requires.txt
[0.452s] writing top-level names to ../../build/blackboard/blackboard.egg-info/top_level.txt
[0.491s] reading manifest file '../../build/blackboard/blackboard.egg-info/SOURCES.txt'
[0.492s] writing manifest file '../../build/blackboard/blackboard.egg-info/SOURCES.txt'
[0.493s] running build
[0.493s] running build_py
[0.493s] copying blackboard/Robot.py -> /home/mpcmeulensteen/blackboard_ws/build/blackboard/build/lib/blackboard
[0.493s] copying blackboard/Controller.py -> /home/mpcmeulensteen/blackboard_ws/build/blackboard/build/lib/blackboard
[0.494s] copying blackboard/Blackboard.py -> /home/mpcmeulensteen/blackboard_ws/build/blackboard/build/lib/blackboard
[0.494s] copying blackboard/Task.py -> /home/mpcmeulensteen/blackboard_ws/build/blackboard/build/lib/blackboard
[0.494s] copying blackboard/Battery.py -> /home/mpcmeulensteen/blackboard_ws/build/blackboard/build/lib/blackboard
[0.495s] running install
[0.495s] running install_lib
[0.496s] copying /home/mpcmeulensteen/blackboard_ws/build/blackboard/build/lib/blackboard/Robot.py -> /home/mpcmeulensteen/blackboard_ws/install/blackboard/lib/python3.8/site-packages/blackboard
[0.497s] copying /home/mpcmeulensteen/blackboard_ws/build/blackboard/build/lib/blackboard/Controller.py -> /home/mpcmeulensteen/blackboard_ws/install/blackboard/lib/python3.8/site-packages/blackboard
[0.497s] copying /home/mpcmeulensteen/blackboard_ws/build/blackboard/build/lib/blackboard/Blackboard.py -> /home/mpcmeulensteen/blackboard_ws/install/blackboard/lib/python3.8/site-packages/blackboard
[0.497s] copying /home/mpcmeulensteen/blackboard_ws/build/blackboard/build/lib/blackboard/Task.py -> /home/mpcmeulensteen/blackboard_ws/install/blackboard/lib/python3.8/site-packages/blackboard
[0.498s] copying /home/mpcmeulensteen/blackboard_ws/build/blackboard/build/lib/blackboard/Battery.py -> /home/mpcmeulensteen/blackboard_ws/install/blackboard/lib/python3.8/site-packages/blackboard
[0.498s] byte-compiling /home/mpcmeulensteen/blackboard_ws/install/blackboard/lib/python3.8/site-packages/blackboard/Robot.py to Robot.cpython-38.pyc
[0.501s] byte-compiling /home/mpcmeulensteen/blackboard_ws/install/blackboard/lib/python3.8/site-packages/blackboard/Controller.py to Controller.cpython-38.pyc
[0.501s] byte-compiling /home/mpcmeulensteen/blackboard_ws/install/blackboard/lib/python3.8/site-packages/blackboard/Blackboard.py to Blackboard.cpython-38.pyc
[0.502s] byte-compiling /home/mpcmeulensteen/blackboard_ws/install/blackboard/lib/python3.8/site-packages/blackboard/Task.py to Task.cpython-38.pyc
[0.503s] byte-compiling /home/mpcmeulensteen/blackboard_ws/install/blackboard/lib/python3.8/site-packages/blackboard/Battery.py to Battery.cpython-38.pyc
[0.504s] running install_data
[0.504s] running install_egg_info
[0.506s] removing '/home/mpcmeulensteen/blackboard_ws/install/blackboard/lib/python3.8/site-packages/blackboard-0.0.0-py3.8.egg-info' (and everything under it)
[0.506s] Copying ../../build/blackboard/blackboard.egg-info to /home/mpcmeulensteen/blackboard_ws/install/blackboard/lib/python3.8/site-packages/blackboard-0.0.0-py3.8.egg-info
[0.508s] running install_scripts
[0.534s] writing list of installed files to '/home/mpcmeulensteen/blackboard_ws/build/blackboard/install.log'
[0.555s] Invoked command in '/home/mpcmeulensteen/blackboard_ws/src/blackboard' returned '0': PYTHONPATH=/home/mpcmeulensteen/blackboard_ws/install/blackboard/lib/python3.8/site-packages:${PYTHONPATH} /usr/bin/python3 setup.py egg_info --egg-base ../../build/blackboard build --build-base /home/mpcmeulensteen/blackboard_ws/build/blackboard/build install --prefix /home/mpcmeulensteen/blackboard_ws/install/blackboard --record /home/mpcmeulensteen/blackboard_ws/build/blackboard/install.log --single-version-externally-managed
