[0.279s] Invoking command in '/home/mpcmeulensteen/blackboard_ws/src/navigation': PYTHONPATH=/home/mpcmeulensteen/blackboard_ws/install/navigation/lib/python3.8/site-packages:${PYTHONPATH} /usr/bin/python3 setup.py egg_info --egg-base ../../build/navigation build --build-base /home/mpcmeulensteen/blackboard_ws/build/navigation/build install --prefix /home/mpcmeulensteen/blackboard_ws/install/navigation --record /home/mpcmeulensteen/blackboard_ws/build/navigation/install.log --single-version-externally-managed
[0.736s] running egg_info
[0.737s] writing ../../build/navigation/navigation.egg-info/PKG-INFO
[0.738s] writing dependency_links to ../../build/navigation/navigation.egg-info/dependency_links.txt
[0.738s] writing entry points to ../../build/navigation/navigation.egg-info/entry_points.txt
[0.739s] writing requirements to ../../build/navigation/navigation.egg-info/requires.txt
[0.740s] writing top-level names to ../../build/navigation/navigation.egg-info/top_level.txt
[0.776s] reading manifest file '../../build/navigation/navigation.egg-info/SOURCES.txt'
[0.779s] writing manifest file '../../build/navigation/navigation.egg-info/SOURCES.txt'
[0.779s] running build
[0.779s] running build_py
[0.779s] running install
[0.779s] running install_lib
[0.781s] running install_data
[0.782s] copying launch/simulation.launch.py -> /home/mpcmeulensteen/blackboard_ws/install/navigation/share/navigation
[0.786s] running install_egg_info
[0.786s] removing '/home/mpcmeulensteen/blackboard_ws/install/navigation/lib/python3.8/site-packages/navigation-0.0.0-py3.8.egg-info' (and everything under it)
[0.787s] Copying ../../build/navigation/navigation.egg-info to /home/mpcmeulensteen/blackboard_ws/install/navigation/lib/python3.8/site-packages/navigation-0.0.0-py3.8.egg-info
[0.791s] running install_scripts
[0.805s] writing list of installed files to '/home/mpcmeulensteen/blackboard_ws/build/navigation/install.log'
[0.849s] Invoked command in '/home/mpcmeulensteen/blackboard_ws/src/navigation' returned '0': PYTHONPATH=/home/mpcmeulensteen/blackboard_ws/install/navigation/lib/python3.8/site-packages:${PYTHONPATH} /usr/bin/python3 setup.py egg_info --egg-base ../../build/navigation build --build-base /home/mpcmeulensteen/blackboard_ws/build/navigation/build install --prefix /home/mpcmeulensteen/blackboard_ws/install/navigation --record /home/mpcmeulensteen/blackboard_ws/build/navigation/install.log --single-version-externally-managed
