-- The C compiler identification is GNU 9.3.0
-- The CXX compiler identification is GNU 9.3.0
-- Check for working C compiler: /usr/bin/cc
-- Check for working C compiler: /usr/bin/cc -- works
-- Detecting C compiler ABI info
-- Detecting C compiler ABI info - done
-- Detecting C compile features
-- Detecting C compile features - done
-- Check for working CXX compiler: /usr/bin/c++
-- Check for working CXX compiler: /usr/bin/c++ -- works
-- Detecting CXX compiler ABI info
-- Detecting CXX compiler ABI info - done
-- Detecting CXX compile features
-- Detecting CXX compile features - done
-- Found ament_cmake: 0.9.9 (/opt/ros/foxy/share/ament_cmake/cmake)
-- Found PythonInterp: /usr/bin/python3 (found suitable version "3.8.10", minimum required is "3") 
-- Using PYTHON_EXECUTABLE: /usr/bin/python3
-- Found Patch: /usr/bin/patch  
-- Found ament_lint_auto: 0.9.6 (/opt/ros/foxy/share/ament_lint_auto/cmake)
-- Added test 'xmllint' to check XML markup files
-- Configuring done
-- Generating done
-- Build files have been written to: /home/mpcmeulensteen/blackboard_ws/build/rviz_ogre_vendor
[35m[1mScanning dependencies of target ogre-v1.12.1[0m
[ 12%] [34m[1mCreating directories for 'ogre-v1.12.1'[0m
[ 25%] [34m[1mPerforming download step (download, verify and extract) for 'ogre-v1.12.1'[0m
-- Downloading...
   dst='/home/mpcmeulensteen/blackboard_ws/build/rviz_ogre_vendor/ogre-v1.12.1-prefix/src/v1.12.1.zip'
   timeout='1200 seconds'
-- Using src='https://github.com/OGRECave/ogre/archive/v1.12.1.zip'
-- [download 100% complete]
