[0.766s] Invoking command in '/home/mpcmeulensteen/blackboard_ws/src/bbinstance': PYTHONPATH=/home/mpcmeulensteen/blackboard_ws/install/bbinstance/lib/python3.8/site-packages:${PYTHONPATH} /usr/bin/python3 setup.py egg_info --egg-base ../../build/bbinstance build --build-base /home/mpcmeulensteen/blackboard_ws/build/bbinstance/build install --prefix /home/mpcmeulensteen/blackboard_ws/install/bbinstance --record /home/mpcmeulensteen/blackboard_ws/build/bbinstance/install.log --single-version-externally-managed
[1.095s] running egg_info
[1.096s] writing ../../build/bbinstance/bbinstance.egg-info/PKG-INFO
[1.097s] writing dependency_links to ../../build/bbinstance/bbinstance.egg-info/dependency_links.txt
[1.098s] writing entry points to ../../build/bbinstance/bbinstance.egg-info/entry_points.txt
[1.098s] writing requirements to ../../build/bbinstance/bbinstance.egg-info/requires.txt
[1.099s] writing top-level names to ../../build/bbinstance/bbinstance.egg-info/top_level.txt
[1.175s] reading manifest file '../../build/bbinstance/bbinstance.egg-info/SOURCES.txt'
[1.178s] writing manifest file '../../build/bbinstance/bbinstance.egg-info/SOURCES.txt'
[1.179s] running build
[1.179s] running build_py
[1.181s] running install
[1.186s] running install_lib
[1.192s] running install_data
[1.196s] running install_egg_info
[1.202s] removing '/home/mpcmeulensteen/blackboard_ws/install/bbinstance/lib/python3.8/site-packages/bbinstance-0.0.0-py3.8.egg-info' (and everything under it)
[1.202s] Copying ../../build/bbinstance/bbinstance.egg-info to /home/mpcmeulensteen/blackboard_ws/install/bbinstance/lib/python3.8/site-packages/bbinstance-0.0.0-py3.8.egg-info
[1.203s] running install_scripts
[1.287s] Installing blackboardinstance script to /home/mpcmeulensteen/blackboard_ws/install/bbinstance/lib/bbinstance
[1.287s] Installing gui script to /home/mpcmeulensteen/blackboard_ws/install/bbinstance/lib/bbinstance
[1.287s] Installing robotInstance script to /home/mpcmeulensteen/blackboard_ws/install/bbinstance/lib/bbinstance
[1.287s] Installing robotInstance2 script to /home/mpcmeulensteen/blackboard_ws/install/bbinstance/lib/bbinstance
[1.287s] Installing robotInstance3 script to /home/mpcmeulensteen/blackboard_ws/install/bbinstance/lib/bbinstance
[1.287s] Installing robotInstance4 script to /home/mpcmeulensteen/blackboard_ws/install/bbinstance/lib/bbinstance
[1.287s] Installing taskview script to /home/mpcmeulensteen/blackboard_ws/install/bbinstance/lib/bbinstance
[1.287s] writing list of installed files to '/home/mpcmeulensteen/blackboard_ws/build/bbinstance/install.log'
[1.350s] Invoked command in '/home/mpcmeulensteen/blackboard_ws/src/bbinstance' returned '0': PYTHONPATH=/home/mpcmeulensteen/blackboard_ws/install/bbinstance/lib/python3.8/site-packages:${PYTHONPATH} /usr/bin/python3 setup.py egg_info --egg-base ../../build/bbinstance build --build-base /home/mpcmeulensteen/blackboard_ws/build/bbinstance/build install --prefix /home/mpcmeulensteen/blackboard_ws/install/bbinstance --record /home/mpcmeulensteen/blackboard_ws/build/bbinstance/install.log --single-version-externally-managed
