[0.026s] Invoking command in '/home/mpcmeulensteen/blackboard_ws/build/bbinstance': CMAKE_PREFIX_PATH=${CMAKE_PREFIX_PATH}:/home/mpcmeulensteen/blackboard_ws/install/turtlebot3_teleop:/home/mpcmeulensteen/blackboard_ws/install/turtlebot3_example:/home/mpcmeulensteen/turtlebot3_ws/install/turtlebot3_teleop:/home/mpcmeulensteen/turtlebot3_ws/install/turtlebot3_example:/home/mpcmeulensteen/colcon_ws/install/turtlebot3_teleop:/home/mpcmeulensteen/colcon_ws/install/turtlebot3_example:/opt/ros/foxy /usr/bin/cmake --build /home/mpcmeulensteen/blackboard_ws/build/bbinstance -- -j2 -l2
[0.059s] -- Found ament_cmake: 0.9.9 (/opt/ros/foxy/share/ament_cmake/cmake)
[0.102s] -- Using PYTHON_EXECUTABLE: /usr/bin/python3
[0.356s] -- Found bbinstance: 0.0.0 (/home/mpcmeulensteen/blackboard_ws/install/bbinstance/share/bbinstance/cmake)
[0.356s] -- Found rclcpp: 2.4.0 (/opt/ros/foxy/share/rclcpp/cmake)
[0.400s] -- Using all available rosidl_typesupport_c: rosidl_typesupport_fastrtps_c;rosidl_typesupport_introspection_c
[0.404s] -- Found rosidl_adapter: 1.2.1 (/opt/ros/foxy/share/rosidl_adapter/cmake)
[0.572s] -- Using all available rosidl_typesupport_cpp: rosidl_typesupport_fastrtps_cpp;rosidl_typesupport_introspection_cpp
[0.630s] -- Found rmw_implementation_cmake: 1.0.3 (/opt/ros/foxy/share/rmw_implementation_cmake/cmake)
[0.635s] -- Using RMW implementation 'rmw_fastrtps_cpp' as default
[0.813s] -- Found rclpy: 1.0.7 (/opt/ros/foxy/share/rclpy/cmake)
[0.813s] -- Found ament_lint_auto: 0.9.6 (/opt/ros/foxy/share/ament_lint_auto/cmake)
[0.895s] CMake Error at CMakeLists.txt:58 (add_executable):
[0.896s]   add_executable cannot create target "taskview" because another target with
[0.896s]   the same name already exists.  The existing target is an executable created
[0.897s]   in source directory "/home/mpcmeulensteen/blackboard_ws/src/bbinstance".
[0.897s]   See documentation for policy CMP0002 for more details.
[0.897s] 
[0.897s] 
[0.902s] CMake Error at CMakeLists.txt:61 (add_executable):
[0.902s]   add_executable cannot create target "taskview" because another target with
[0.902s]   the same name already exists.  The existing target is an executable created
[0.902s]   in source directory "/home/mpcmeulensteen/blackboard_ws/src/bbinstance".
[0.902s]   See documentation for policy CMP0002 for more details.
[0.902s] 
[0.902s] 
[0.902s] CMake Error at CMakeLists.txt:64 (add_executable):
[0.902s]   add_executable cannot create target "taskview" because another target with
[0.902s]   the same name already exists.  The existing target is an executable created
[0.902s]   in source directory "/home/mpcmeulensteen/blackboard_ws/src/bbinstance".
[0.902s]   See documentation for policy CMP0002 for more details.
[0.903s] 
[0.903s] 
[0.903s] CMake Error at CMakeLists.txt:67 (add_executable):
[0.903s]   add_executable cannot create target "taskview" because another target with
[0.903s]   the same name already exists.  The existing target is an executable created
[0.903s]   in source directory "/home/mpcmeulensteen/blackboard_ws/src/bbinstance".
[0.903s]   See documentation for policy CMP0002 for more details.
[0.903s] 
[0.903s] 
[0.903s] CMake Error at CMakeLists.txt:70 (add_executable):
[0.903s]   add_executable cannot create target "taskview" because another target with
[0.903s]   the same name already exists.  The existing target is an executable created
[0.904s]   in source directory "/home/mpcmeulensteen/blackboard_ws/src/bbinstance".
[0.904s]   See documentation for policy CMP0002 for more details.
[0.904s] 
[0.904s] 
[0.904s] CMake Error at CMakeLists.txt:73 (add_executable):
[0.904s]   add_executable cannot create target "taskview" because another target with
[0.904s]   the same name already exists.  The existing target is an executable created
[0.904s]   in source directory "/home/mpcmeulensteen/blackboard_ws/src/bbinstance".
[0.904s]   See documentation for policy CMP0002 for more details.
[0.904s] 
[0.905s] 
[0.907s] -- Added test 'copyright' to check source files copyright and LICENSE
[0.917s] -- Added test 'flake8' to check Python code syntax and style conventions
[0.917s] -- Added test 'lint_cmake' to check CMake code style
[0.917s] -- Added test 'pep257' to check Python code against some of the style conventions in PEP 257
[0.917s] -- Added test 'xmllint' to check XML markup files
[0.918s] -- Configuring incomplete, errors occurred!
[0.918s] See also "/home/mpcmeulensteen/blackboard_ws/build/bbinstance/CMakeFiles/CMakeOutput.log".
[0.918s] See also "/home/mpcmeulensteen/blackboard_ws/build/bbinstance/CMakeFiles/CMakeError.log".
[0.922s] make: *** [Makefile:222: cmake_check_build_system] Error 1
[0.935s] Invoked command in '/home/mpcmeulensteen/blackboard_ws/build/bbinstance' returned '2': CMAKE_PREFIX_PATH=${CMAKE_PREFIX_PATH}:/home/mpcmeulensteen/blackboard_ws/install/turtlebot3_teleop:/home/mpcmeulensteen/blackboard_ws/install/turtlebot3_example:/home/mpcmeulensteen/turtlebot3_ws/install/turtlebot3_teleop:/home/mpcmeulensteen/turtlebot3_ws/install/turtlebot3_example:/home/mpcmeulensteen/colcon_ws/install/turtlebot3_teleop:/home/mpcmeulensteen/colcon_ws/install/turtlebot3_example:/opt/ros/foxy /usr/bin/cmake --build /home/mpcmeulensteen/blackboard_ws/build/bbinstance -- -j2 -l2
