-- Install configuration: ""
-- Up-to-date: /home/mpcmeulensteen/blackboard_ws/install/navigation/share/navigation//launch
-- Installing: /home/mpcmeulensteen/blackboard_ws/install/navigation/share/navigation//launch/environment.launch.py
-- Up-to-date: /home/mpcmeulensteen/blackboard_ws/install/navigation/share/navigation//launch/__pycache__
-- Up-to-date: /home/mpcmeulensteen/blackboard_ws/install/navigation/share/navigation//launch/__pycache__/gazebo_launch.cpython-38.pyc
-- Up-to-date: /home/mpcmeulensteen/blackboard_ws/install/navigation/share/navigation//launch/robot_state_publisher.launch.py
-- Up-to-date: /home/mpcmeulensteen/blackboard_ws/install/navigation/share/navigation//param
-- Up-to-date: /home/mpcmeulensteen/blackboard_ws/install/navigation/share/navigation//param/waffle.yaml
-- Up-to-date: /home/mpcmeulensteen/blackboard_ws/install/navigation/share/navigation//param/burger.yaml
-- Up-to-date: /home/mpcmeulensteen/blackboard_ws/install/navigation/share/navigation//param/waffle_pi.yaml
-- Up-to-date: /home/mpcmeulensteen/blackboard_ws/install/navigation/share/ament_index/resource_index/package_run_dependencies/navigation
-- Up-to-date: /home/mpcmeulensteen/blackboard_ws/install/navigation/share/ament_index/resource_index/parent_prefix_path/navigation
-- Up-to-date: /home/mpcmeulensteen/blackboard_ws/install/navigation/share/navigation/environment/ament_prefix_path.sh
-- Up-to-date: /home/mpcmeulensteen/blackboard_ws/install/navigation/share/navigation/environment/ament_prefix_path.dsv
-- Up-to-date: /home/mpcmeulensteen/blackboard_ws/install/navigation/share/navigation/environment/path.sh
-- Up-to-date: /home/mpcmeulensteen/blackboard_ws/install/navigation/share/navigation/environment/path.dsv
-- Up-to-date: /home/mpcmeulensteen/blackboard_ws/install/navigation/share/navigation/local_setup.bash
-- Up-to-date: /home/mpcmeulensteen/blackboard_ws/install/navigation/share/navigation/local_setup.sh
-- Up-to-date: /home/mpcmeulensteen/blackboard_ws/install/navigation/share/navigation/local_setup.zsh
-- Up-to-date: /home/mpcmeulensteen/blackboard_ws/install/navigation/share/navigation/local_setup.dsv
-- Installing: /home/mpcmeulensteen/blackboard_ws/install/navigation/share/navigation/package.dsv
-- Up-to-date: /home/mpcmeulensteen/blackboard_ws/install/navigation/share/ament_index/resource_index/packages/navigation
-- Up-to-date: /home/mpcmeulensteen/blackboard_ws/install/navigation/share/navigation/cmake/navigationConfig.cmake
-- Up-to-date: /home/mpcmeulensteen/blackboard_ws/install/navigation/share/navigation/cmake/navigationConfig-version.cmake
-- Up-to-date: /home/mpcmeulensteen/blackboard_ws/install/navigation/share/navigation/package.xml
