[0.489s] Invoking command in '/home/mpcmeulensteen/blackboard_ws/src/blackboard': PYTHONPATH=/home/mpcmeulensteen/blackboard_ws/install/blackboard/lib/python3.8/site-packages:${PYTHONPATH} /usr/bin/python3 setup.py egg_info --egg-base ../../build/blackboard build --build-base /home/mpcmeulensteen/blackboard_ws/build/blackboard/build install --prefix /home/mpcmeulensteen/blackboard_ws/install/blackboard --record /home/mpcmeulensteen/blackboard_ws/build/blackboard/install.log --single-version-externally-managed
[0.902s] running egg_info
[0.904s] writing ../../build/blackboard/blackboard.egg-info/PKG-INFO
[0.905s] writing dependency_links to ../../build/blackboard/blackboard.egg-info/dependency_links.txt
[0.905s] writing entry points to ../../build/blackboard/blackboard.egg-info/entry_points.txt
[0.906s] writing requirements to ../../build/blackboard/blackboard.egg-info/requires.txt
[0.906s] writing top-level names to ../../build/blackboard/blackboard.egg-info/top_level.txt
[0.974s] reading manifest file '../../build/blackboard/blackboard.egg-info/SOURCES.txt'
[0.983s] writing manifest file '../../build/blackboard/blackboard.egg-info/SOURCES.txt'
[0.985s] running build
[0.985s] running build_py
[0.985s] running install
[0.992s] running install_lib
[0.992s] running install_data
[0.994s] running install_egg_info
[0.997s] removing '/home/mpcmeulensteen/blackboard_ws/install/blackboard/lib/python3.8/site-packages/blackboard-0.0.0-py3.8.egg-info' (and everything under it)
[1.008s] Copying ../../build/blackboard/blackboard.egg-info to /home/mpcmeulensteen/blackboard_ws/install/blackboard/lib/python3.8/site-packages/blackboard-0.0.0-py3.8.egg-info
[1.008s] running install_scripts
[1.044s] writing list of installed files to '/home/mpcmeulensteen/blackboard_ws/build/blackboard/install.log'
[1.111s] Invoked command in '/home/mpcmeulensteen/blackboard_ws/src/blackboard' returned '0': PYTHONPATH=/home/mpcmeulensteen/blackboard_ws/install/blackboard/lib/python3.8/site-packages:${PYTHONPATH} /usr/bin/python3 setup.py egg_info --egg-base ../../build/blackboard build --build-base /home/mpcmeulensteen/blackboard_ws/build/blackboard/build install --prefix /home/mpcmeulensteen/blackboard_ws/install/blackboard --record /home/mpcmeulensteen/blackboard_ws/build/blackboard/install.log --single-version-externally-managed
