[0.023s] Invoking command in '/home/mpcmeulensteen/blackboard_ws/build/robot1': CMAKE_PREFIX_PATH=${CMAKE_PREFIX_PATH}:/home/mpcmeulensteen/blackboard_ws/install/turtlebot3_teleop:/home/mpcmeulensteen/blackboard_ws/install/turtlebot3_example:/home/mpcmeulensteen/blackboard_ws/install/tf_transformations:/home/mpcmeulensteen/blackboard_ws/install/ros2_blackboard:/home/mpcmeulensteen/blackboard_ws/install/ros2_bbinstance:/opt/ros/foxy /usr/bin/cmake --build /home/mpcmeulensteen/blackboard_ws/build/robot1 -- -j2 -l2
[0.377s] Invoked command in '/home/mpcmeulensteen/blackboard_ws/build/robot1' returned '0': CMAKE_PREFIX_PATH=${CMAKE_PREFIX_PATH}:/home/mpcmeulensteen/blackboard_ws/install/turtlebot3_teleop:/home/mpcmeulensteen/blackboard_ws/install/turtlebot3_example:/home/mpcmeulensteen/blackboard_ws/install/tf_transformations:/home/mpcmeulensteen/blackboard_ws/install/ros2_blackboard:/home/mpcmeulensteen/blackboard_ws/install/ros2_bbinstance:/opt/ros/foxy /usr/bin/cmake --build /home/mpcmeulensteen/blackboard_ws/build/robot1 -- -j2 -l2
[0.463s] Invoking command in '/home/mpcmeulensteen/blackboard_ws/build/robot1': CMAKE_PREFIX_PATH=${CMAKE_PREFIX_PATH}:/home/mpcmeulensteen/blackboard_ws/install/turtlebot3_teleop:/home/mpcmeulensteen/blackboard_ws/install/turtlebot3_example:/home/mpcmeulensteen/blackboard_ws/install/tf_transformations:/home/mpcmeulensteen/blackboard_ws/install/ros2_blackboard:/home/mpcmeulensteen/blackboard_ws/install/ros2_bbinstance:/opt/ros/foxy /usr/bin/cmake --install /home/mpcmeulensteen/blackboard_ws/build/robot1
[0.486s] -- Install configuration: ""
[0.494s] -- Up-to-date: /home/mpcmeulensteen/blackboard_ws/install/robot1/share/ament_index/resource_index/package_run_dependencies/robot1
[0.494s] -- Up-to-date: /home/mpcmeulensteen/blackboard_ws/install/robot1/share/ament_index/resource_index/parent_prefix_path/robot1
[0.495s] -- Up-to-date: /home/mpcmeulensteen/blackboard_ws/install/robot1/share/robot1/environment/ament_prefix_path.sh
[0.495s] -- Up-to-date: /home/mpcmeulensteen/blackboard_ws/install/robot1/share/robot1/environment/ament_prefix_path.dsv
[0.496s] -- Up-to-date: /home/mpcmeulensteen/blackboard_ws/install/robot1/share/robot1/environment/path.sh
[0.496s] -- Up-to-date: /home/mpcmeulensteen/blackboard_ws/install/robot1/share/robot1/environment/path.dsv
[0.497s] -- Up-to-date: /home/mpcmeulensteen/blackboard_ws/install/robot1/share/robot1/local_setup.bash
[0.497s] -- Up-to-date: /home/mpcmeulensteen/blackboard_ws/install/robot1/share/robot1/local_setup.sh
[0.497s] -- Up-to-date: /home/mpcmeulensteen/blackboard_ws/install/robot1/share/robot1/local_setup.zsh
[0.498s] -- Up-to-date: /home/mpcmeulensteen/blackboard_ws/install/robot1/share/robot1/local_setup.dsv
[0.498s] -- Installing: /home/mpcmeulensteen/blackboard_ws/install/robot1/share/robot1/package.dsv
[0.499s] -- Up-to-date: /home/mpcmeulensteen/blackboard_ws/install/robot1/share/ament_index/resource_index/packages/robot1
[0.500s] -- Up-to-date: /home/mpcmeulensteen/blackboard_ws/install/robot1/share/robot1/cmake/robot1Config.cmake
[0.500s] -- Up-to-date: /home/mpcmeulensteen/blackboard_ws/install/robot1/share/robot1/cmake/robot1Config-version.cmake
[0.500s] -- Up-to-date: /home/mpcmeulensteen/blackboard_ws/install/robot1/share/robot1/package.xml
[0.503s] Invoked command in '/home/mpcmeulensteen/blackboard_ws/build/robot1' returned '0': CMAKE_PREFIX_PATH=${CMAKE_PREFIX_PATH}:/home/mpcmeulensteen/blackboard_ws/install/turtlebot3_teleop:/home/mpcmeulensteen/blackboard_ws/install/turtlebot3_example:/home/mpcmeulensteen/blackboard_ws/install/tf_transformations:/home/mpcmeulensteen/blackboard_ws/install/ros2_blackboard:/home/mpcmeulensteen/blackboard_ws/install/ros2_bbinstance:/opt/ros/foxy /usr/bin/cmake --install /home/mpcmeulensteen/blackboard_ws/build/robot1
