[0.024s] Invoking command in '/home/mpcmeulensteen/blackboard_ws/build/dynamixel_sdk': CMAKE_PREFIX_PATH=${CMAKE_PREFIX_PATH}:/home/mpcmeulensteen/turtlebot3_ws/install/turtlebot3_teleop:/home/mpcmeulensteen/turtlebot3_ws/install/turtlebot3_example:/home/mpcmeulensteen/colcon_ws/install/turtlebot3_teleop:/home/mpcmeulensteen/colcon_ws/install/turtlebot3_example:/opt/ros/foxy /usr/bin/cmake /home/mpcmeulensteen/blackboard_ws/src/DynamixelSDK/dynamixel_sdk -DCMAKE_INSTALL_PREFIX=/home/mpcmeulensteen/blackboard_ws/install/dynamixel_sdk
[0.095s] -- The C compiler identification is GNU 9.3.0
[0.149s] -- The CXX compiler identification is GNU 9.3.0
[0.153s] -- Check for working C compiler: /usr/bin/cc
[0.218s] -- Check for working C compiler: /usr/bin/cc -- works
[0.219s] -- Detecting C compiler ABI info
[0.287s] -- Detecting C compiler ABI info - done
[0.289s] -- Detecting C compile features
[0.289s] -- Detecting C compile features - done
[0.291s] -- Check for working CXX compiler: /usr/bin/c++
[0.364s] -- Check for working CXX compiler: /usr/bin/c++ -- works
[0.364s] -- Detecting CXX compiler ABI info
[0.436s] -- Detecting CXX compiler ABI info - done
[0.441s] -- Detecting CXX compile features
[0.442s] -- Detecting CXX compile features - done
[0.446s] -- Found ament_cmake: 0.9.9 (/opt/ros/foxy/share/ament_cmake/cmake)
[0.476s] -- Found PythonInterp: /usr/bin/python3 (found suitable version "3.8.10", minimum required is "3") 
[0.477s] -- Using PYTHON_EXECUTABLE: /usr/bin/python3
[0.727s] -- Configuring done
[0.730s] -- Generating done
[0.731s] -- Build files have been written to: /home/mpcmeulensteen/blackboard_ws/build/dynamixel_sdk
[0.734s] Invoked command in '/home/mpcmeulensteen/blackboard_ws/build/dynamixel_sdk' returned '0': CMAKE_PREFIX_PATH=${CMAKE_PREFIX_PATH}:/home/mpcmeulensteen/turtlebot3_ws/install/turtlebot3_teleop:/home/mpcmeulensteen/turtlebot3_ws/install/turtlebot3_example:/home/mpcmeulensteen/colcon_ws/install/turtlebot3_teleop:/home/mpcmeulensteen/colcon_ws/install/turtlebot3_example:/opt/ros/foxy /usr/bin/cmake /home/mpcmeulensteen/blackboard_ws/src/DynamixelSDK/dynamixel_sdk -DCMAKE_INSTALL_PREFIX=/home/mpcmeulensteen/blackboard_ws/install/dynamixel_sdk
[0.737s] Invoking command in '/home/mpcmeulensteen/blackboard_ws/build/dynamixel_sdk': CMAKE_PREFIX_PATH=${CMAKE_PREFIX_PATH}:/home/mpcmeulensteen/turtlebot3_ws/install/turtlebot3_teleop:/home/mpcmeulensteen/turtlebot3_ws/install/turtlebot3_example:/home/mpcmeulensteen/colcon_ws/install/turtlebot3_teleop:/home/mpcmeulensteen/colcon_ws/install/turtlebot3_example:/opt/ros/foxy /usr/bin/cmake --build /home/mpcmeulensteen/blackboard_ws/build/dynamixel_sdk -- -j2 -l2
[0.779s] [35m[1mScanning dependencies of target dynamixel_sdk[0m
[0.793s] [ 10%] [32mBuilding CXX object CMakeFiles/dynamixel_sdk.dir/src/dynamixel_sdk/packet_handler.cpp.o[0m
[0.795s] [ 20%] [32mBuilding CXX object CMakeFiles/dynamixel_sdk.dir/src/dynamixel_sdk/protocol1_packet_handler.cpp.o[0m
[0.932s] [ 30%] [32mBuilding CXX object CMakeFiles/dynamixel_sdk.dir/src/dynamixel_sdk/protocol2_packet_handler.cpp.o[0m
[0.987s] [ 40%] [32mBuilding CXX object CMakeFiles/dynamixel_sdk.dir/src/dynamixel_sdk/group_sync_read.cpp.o[0m
[1.304s] [ 50%] [32mBuilding CXX object CMakeFiles/dynamixel_sdk.dir/src/dynamixel_sdk/group_sync_write.cpp.o[0m
[1.439s] [ 60%] [32mBuilding CXX object CMakeFiles/dynamixel_sdk.dir/src/dynamixel_sdk/group_bulk_read.cpp.o[0m
[1.999s] [ 70%] [32mBuilding CXX object CMakeFiles/dynamixel_sdk.dir/src/dynamixel_sdk/group_bulk_write.cpp.o[0m
[2.304s] [ 80%] [32mBuilding CXX object CMakeFiles/dynamixel_sdk.dir/src/dynamixel_sdk/port_handler.cpp.o[0m
[2.329s] [ 90%] [32mBuilding CXX object CMakeFiles/dynamixel_sdk.dir/src/dynamixel_sdk/port_handler_linux.cpp.o[0m
[2.575s] [100%] [32m[1mLinking CXX shared library libdynamixel_sdk.so[0m
[2.656s] [100%] Built target dynamixel_sdk
[2.668s] Invoked command in '/home/mpcmeulensteen/blackboard_ws/build/dynamixel_sdk' returned '0': CMAKE_PREFIX_PATH=${CMAKE_PREFIX_PATH}:/home/mpcmeulensteen/turtlebot3_ws/install/turtlebot3_teleop:/home/mpcmeulensteen/turtlebot3_ws/install/turtlebot3_example:/home/mpcmeulensteen/colcon_ws/install/turtlebot3_teleop:/home/mpcmeulensteen/colcon_ws/install/turtlebot3_example:/opt/ros/foxy /usr/bin/cmake --build /home/mpcmeulensteen/blackboard_ws/build/dynamixel_sdk -- -j2 -l2
[3.044s] Invoking command in '/home/mpcmeulensteen/blackboard_ws/build/dynamixel_sdk': CMAKE_PREFIX_PATH=${CMAKE_PREFIX_PATH}:/home/mpcmeulensteen/turtlebot3_ws/install/turtlebot3_teleop:/home/mpcmeulensteen/turtlebot3_ws/install/turtlebot3_example:/home/mpcmeulensteen/colcon_ws/install/turtlebot3_teleop:/home/mpcmeulensteen/colcon_ws/install/turtlebot3_example:/opt/ros/foxy /usr/bin/cmake --install /home/mpcmeulensteen/blackboard_ws/build/dynamixel_sdk
[3.073s] -- Install configuration: ""
[3.073s] -- Installing: /home/mpcmeulensteen/blackboard_ws/install/dynamixel_sdk/include/
[3.073s] -- Installing: /home/mpcmeulensteen/blackboard_ws/install/dynamixel_sdk/include//dynamixel_sdk
[3.073s] -- Installing: /home/mpcmeulensteen/blackboard_ws/install/dynamixel_sdk/include//dynamixel_sdk/packet_handler.h
[3.074s] -- Installing: /home/mpcmeulensteen/blackboard_ws/install/dynamixel_sdk/include//dynamixel_sdk/port_handler_linux.h
[3.074s] -- Installing: /home/mpcmeulensteen/blackboard_ws/install/dynamixel_sdk/include//dynamixel_sdk/protocol1_packet_handler.h
[3.074s] -- Installing: /home/mpcmeulensteen/blackboard_ws/install/dynamixel_sdk/include//dynamixel_sdk/group_sync_read.h
[3.074s] -- Installing: /home/mpcmeulensteen/blackboard_ws/install/dynamixel_sdk/include//dynamixel_sdk/port_handler_arduino.h
[3.075s] -- Installing: /home/mpcmeulensteen/blackboard_ws/install/dynamixel_sdk/include//dynamixel_sdk/group_bulk_write.h
[3.075s] -- Installing: /home/mpcmeulensteen/blackboard_ws/install/dynamixel_sdk/include//dynamixel_sdk/dynamixel_sdk.h
[3.075s] -- Installing: /home/mpcmeulensteen/blackboard_ws/install/dynamixel_sdk/include//dynamixel_sdk/protocol2_packet_handler.h
[3.075s] -- Installing: /home/mpcmeulensteen/blackboard_ws/install/dynamixel_sdk/include//dynamixel_sdk/group_bulk_read.h
[3.076s] -- Installing: /home/mpcmeulensteen/blackboard_ws/install/dynamixel_sdk/include//dynamixel_sdk/port_handler_mac.h
[3.076s] -- Installing: /home/mpcmeulensteen/blackboard_ws/install/dynamixel_sdk/include//dynamixel_sdk/port_handler.h
[3.076s] -- Installing: /home/mpcmeulensteen/blackboard_ws/install/dynamixel_sdk/include//dynamixel_sdk/group_sync_write.h
[3.076s] -- Installing: /home/mpcmeulensteen/blackboard_ws/install/dynamixel_sdk/include//dynamixel_sdk/port_handler_windows.h
[3.077s] -- Installing: /home/mpcmeulensteen/blackboard_ws/install/dynamixel_sdk/lib/libdynamixel_sdk.so
[3.077s] -- Installing: /home/mpcmeulensteen/blackboard_ws/install/dynamixel_sdk/share/dynamixel_sdk/environment/library_path.sh
[3.077s] -- Installing: /home/mpcmeulensteen/blackboard_ws/install/dynamixel_sdk/share/dynamixel_sdk/environment/library_path.dsv
[3.078s] -- Installing: /home/mpcmeulensteen/blackboard_ws/install/dynamixel_sdk/share/ament_index/resource_index/package_run_dependencies/dynamixel_sdk
[3.078s] -- Installing: /home/mpcmeulensteen/blackboard_ws/install/dynamixel_sdk/share/ament_index/resource_index/parent_prefix_path/dynamixel_sdk
[3.078s] -- Installing: /home/mpcmeulensteen/blackboard_ws/install/dynamixel_sdk/share/dynamixel_sdk/environment/ament_prefix_path.sh
[3.080s] -- Installing: /home/mpcmeulensteen/blackboard_ws/install/dynamixel_sdk/share/dynamixel_sdk/environment/ament_prefix_path.dsv
[3.080s] -- Installing: /home/mpcmeulensteen/blackboard_ws/install/dynamixel_sdk/share/dynamixel_sdk/environment/path.sh
[3.080s] -- Installing: /home/mpcmeulensteen/blackboard_ws/install/dynamixel_sdk/share/dynamixel_sdk/environment/path.dsv
[3.080s] -- Installing: /home/mpcmeulensteen/blackboard_ws/install/dynamixel_sdk/share/dynamixel_sdk/local_setup.bash
[3.081s] -- Installing: /home/mpcmeulensteen/blackboard_ws/install/dynamixel_sdk/share/dynamixel_sdk/local_setup.sh
[3.081s] -- Installing: /home/mpcmeulensteen/blackboard_ws/install/dynamixel_sdk/share/dynamixel_sdk/local_setup.zsh
[3.081s] -- Installing: /home/mpcmeulensteen/blackboard_ws/install/dynamixel_sdk/share/dynamixel_sdk/local_setup.dsv
[3.081s] -- Installing: /home/mpcmeulensteen/blackboard_ws/install/dynamixel_sdk/share/dynamixel_sdk/package.dsv
[3.086s] -- Installing: /home/mpcmeulensteen/blackboard_ws/install/dynamixel_sdk/share/ament_index/resource_index/packages/dynamixel_sdk
[3.086s] -- Installing: /home/mpcmeulensteen/blackboard_ws/install/dynamixel_sdk/share/dynamixel_sdk/cmake/ament_cmake_export_include_directories-extras.cmake
[3.086s] -- Installing: /home/mpcmeulensteen/blackboard_ws/install/dynamixel_sdk/share/dynamixel_sdk/cmake/ament_cmake_export_libraries-extras.cmake
[3.086s] -- Installing: /home/mpcmeulensteen/blackboard_ws/install/dynamixel_sdk/share/dynamixel_sdk/cmake/dynamixel_sdkConfig.cmake
[3.087s] -- Installing: /home/mpcmeulensteen/blackboard_ws/install/dynamixel_sdk/share/dynamixel_sdk/cmake/dynamixel_sdkConfig-version.cmake
[3.087s] -- Installing: /home/mpcmeulensteen/blackboard_ws/install/dynamixel_sdk/share/dynamixel_sdk/package.xml
[3.089s] Invoked command in '/home/mpcmeulensteen/blackboard_ws/build/dynamixel_sdk' returned '0': CMAKE_PREFIX_PATH=${CMAKE_PREFIX_PATH}:/home/mpcmeulensteen/turtlebot3_ws/install/turtlebot3_teleop:/home/mpcmeulensteen/turtlebot3_ws/install/turtlebot3_example:/home/mpcmeulensteen/colcon_ws/install/turtlebot3_teleop:/home/mpcmeulensteen/colcon_ws/install/turtlebot3_example:/opt/ros/foxy /usr/bin/cmake --install /home/mpcmeulensteen/blackboard_ws/build/dynamixel_sdk
