[0.021s] Invoking command in '/home/mpcmeulensteen/blackboard_ws/build/dynamixel_sdk_custom_interfaces': CMAKE_PREFIX_PATH=${CMAKE_PREFIX_PATH}:/home/mpcmeulensteen/blackboard_ws/install/turtlebot3_teleop:/home/mpcmeulensteen/blackboard_ws/install/turtlebot3_example:/home/mpcmeulensteen/blackboard_ws/install/tf_transformations:/home/mpcmeulensteen/blackboard_ws/install/ros2_blackboard:/home/mpcmeulensteen/blackboard_ws/install/ros2_bbinstance:/opt/ros/foxy /usr/bin/cmake --build /home/mpcmeulensteen/blackboard_ws/build/dynamixel_sdk_custom_interfaces -- -j2 -l2
[0.107s] [  2%] Built target dynamixel_sdk_custom_interfaces__cpp
[0.156s] [ 12%] Built target dynamixel_sdk_custom_interfaces__rosidl_generator_c
[0.159s] [ 23%] Built target dynamixel_sdk_custom_interfaces__rosidl_typesupport_cpp
[0.183s] [ 33%] Built target dynamixel_sdk_custom_interfaces__rosidl_typesupport_introspection_c
[0.204s] [ 43%] Built target dynamixel_sdk_custom_interfaces__rosidl_typesupport_fastrtps_cpp
[0.214s] [ 53%] Built target dynamixel_sdk_custom_interfaces__rosidl_typesupport_introspection_cpp
[0.238s] [ 64%] Built target dynamixel_sdk_custom_interfaces__rosidl_typesupport_c
[0.256s] [ 74%] Built target dynamixel_sdk_custom_interfaces__rosidl_typesupport_fastrtps_c
[0.285s] [ 74%] Built target dynamixel_sdk_custom_interfaces
[0.311s] [ 76%] Built target dynamixel_sdk_custom_interfaces__py
[0.343s] [ 84%] Built target dynamixel_sdk_custom_interfaces__python
[0.398s] [ 89%] Built target dynamixel_sdk_custom_interfaces__rosidl_typesupport_c__pyext
[0.406s] [ 94%] Built target dynamixel_sdk_custom_interfaces__rosidl_typesupport_introspection_c__pyext
[0.435s] [100%] Built target dynamixel_sdk_custom_interfaces__rosidl_typesupport_fastrtps_c__pyext
[0.453s] Invoked command in '/home/mpcmeulensteen/blackboard_ws/build/dynamixel_sdk_custom_interfaces' returned '0': CMAKE_PREFIX_PATH=${CMAKE_PREFIX_PATH}:/home/mpcmeulensteen/blackboard_ws/install/turtlebot3_teleop:/home/mpcmeulensteen/blackboard_ws/install/turtlebot3_example:/home/mpcmeulensteen/blackboard_ws/install/tf_transformations:/home/mpcmeulensteen/blackboard_ws/install/ros2_blackboard:/home/mpcmeulensteen/blackboard_ws/install/ros2_bbinstance:/opt/ros/foxy /usr/bin/cmake --build /home/mpcmeulensteen/blackboard_ws/build/dynamixel_sdk_custom_interfaces -- -j2 -l2
[0.550s] Invoking command in '/home/mpcmeulensteen/blackboard_ws/build/dynamixel_sdk_custom_interfaces': CMAKE_PREFIX_PATH=${CMAKE_PREFIX_PATH}:/home/mpcmeulensteen/blackboard_ws/install/turtlebot3_teleop:/home/mpcmeulensteen/blackboard_ws/install/turtlebot3_example:/home/mpcmeulensteen/blackboard_ws/install/tf_transformations:/home/mpcmeulensteen/blackboard_ws/install/ros2_blackboard:/home/mpcmeulensteen/blackboard_ws/install/ros2_bbinstance:/opt/ros/foxy /usr/bin/cmake --install /home/mpcmeulensteen/blackboard_ws/build/dynamixel_sdk_custom_interfaces
[0.563s] -- Install configuration: ""
[0.563s] -- Up-to-date: /home/mpcmeulensteen/blackboard_ws/install/dynamixel_sdk_custom_interfaces/share/ament_index/resource_index/rosidl_interfaces/dynamixel_sdk_custom_interfaces
[0.564s] -- Up-to-date: /home/mpcmeulensteen/blackboard_ws/install/dynamixel_sdk_custom_interfaces/include/dynamixel_sdk_custom_interfaces
[0.564s] -- Up-to-date: /home/mpcmeulensteen/blackboard_ws/install/dynamixel_sdk_custom_interfaces/include/dynamixel_sdk_custom_interfaces/srv
[0.564s] -- Up-to-date: /home/mpcmeulensteen/blackboard_ws/install/dynamixel_sdk_custom_interfaces/include/dynamixel_sdk_custom_interfaces/srv/get_position.h
[0.564s] -- Up-to-date: /home/mpcmeulensteen/blackboard_ws/install/dynamixel_sdk_custom_interfaces/include/dynamixel_sdk_custom_interfaces/srv/detail
[0.564s] -- Up-to-date: /home/mpcmeulensteen/blackboard_ws/install/dynamixel_sdk_custom_interfaces/include/dynamixel_sdk_custom_interfaces/srv/detail/get_position__type_support.h
[0.565s] -- Up-to-date: /home/mpcmeulensteen/blackboard_ws/install/dynamixel_sdk_custom_interfaces/include/dynamixel_sdk_custom_interfaces/srv/detail/get_position__functions.c
[0.565s] -- Up-to-date: /home/mpcmeulensteen/blackboard_ws/install/dynamixel_sdk_custom_interfaces/include/dynamixel_sdk_custom_interfaces/srv/detail/get_position__functions.h
[0.565s] -- Up-to-date: /home/mpcmeulensteen/blackboard_ws/install/dynamixel_sdk_custom_interfaces/include/dynamixel_sdk_custom_interfaces/srv/detail/get_position__struct.h
[0.565s] -- Up-to-date: /home/mpcmeulensteen/blackboard_ws/install/dynamixel_sdk_custom_interfaces/include/dynamixel_sdk_custom_interfaces/msg
[0.565s] -- Up-to-date: /home/mpcmeulensteen/blackboard_ws/install/dynamixel_sdk_custom_interfaces/include/dynamixel_sdk_custom_interfaces/msg/rosidl_generator_c__visibility_control.h
[0.565s] -- Up-to-date: /home/mpcmeulensteen/blackboard_ws/install/dynamixel_sdk_custom_interfaces/include/dynamixel_sdk_custom_interfaces/msg/set_position.h
[0.565s] -- Up-to-date: /home/mpcmeulensteen/blackboard_ws/install/dynamixel_sdk_custom_interfaces/include/dynamixel_sdk_custom_interfaces/msg/detail
[0.566s] -- Up-to-date: /home/mpcmeulensteen/blackboard_ws/install/dynamixel_sdk_custom_interfaces/include/dynamixel_sdk_custom_interfaces/msg/detail/set_position__struct.h
[0.566s] -- Up-to-date: /home/mpcmeulensteen/blackboard_ws/install/dynamixel_sdk_custom_interfaces/include/dynamixel_sdk_custom_interfaces/msg/detail/set_position__functions.c
[0.566s] -- Up-to-date: /home/mpcmeulensteen/blackboard_ws/install/dynamixel_sdk_custom_interfaces/include/dynamixel_sdk_custom_interfaces/msg/detail/set_position__functions.h
[0.566s] -- Up-to-date: /home/mpcmeulensteen/blackboard_ws/install/dynamixel_sdk_custom_interfaces/include/dynamixel_sdk_custom_interfaces/msg/detail/set_position__type_support.h
[0.566s] -- Up-to-date: /home/mpcmeulensteen/blackboard_ws/install/dynamixel_sdk_custom_interfaces/share/dynamixel_sdk_custom_interfaces/environment/library_path.sh
[0.567s] -- Up-to-date: /home/mpcmeulensteen/blackboard_ws/install/dynamixel_sdk_custom_interfaces/share/dynamixel_sdk_custom_interfaces/environment/library_path.dsv
[0.567s] -- Up-to-date: /home/mpcmeulensteen/blackboard_ws/install/dynamixel_sdk_custom_interfaces/lib/libdynamixel_sdk_custom_interfaces__rosidl_generator_c.so
[0.568s] -- Up-to-date: /home/mpcmeulensteen/blackboard_ws/install/dynamixel_sdk_custom_interfaces/include/dynamixel_sdk_custom_interfaces
[0.568s] -- Up-to-date: /home/mpcmeulensteen/blackboard_ws/install/dynamixel_sdk_custom_interfaces/include/dynamixel_sdk_custom_interfaces/srv
[0.568s] -- Up-to-date: /home/mpcmeulensteen/blackboard_ws/install/dynamixel_sdk_custom_interfaces/include/dynamixel_sdk_custom_interfaces/srv/detail
[0.568s] -- Up-to-date: /home/mpcmeulensteen/blackboard_ws/install/dynamixel_sdk_custom_interfaces/include/dynamixel_sdk_custom_interfaces/srv/detail/get_position__rosidl_typesupport_fastrtps_c.h
[0.568s] -- Up-to-date: /home/mpcmeulensteen/blackboard_ws/install/dynamixel_sdk_custom_interfaces/include/dynamixel_sdk_custom_interfaces/msg
[0.569s] -- Up-to-date: /home/mpcmeulensteen/blackboard_ws/install/dynamixel_sdk_custom_interfaces/include/dynamixel_sdk_custom_interfaces/msg/detail
[0.569s] -- Up-to-date: /home/mpcmeulensteen/blackboard_ws/install/dynamixel_sdk_custom_interfaces/include/dynamixel_sdk_custom_interfaces/msg/detail/set_position__rosidl_typesupport_fastrtps_c.h
[0.569s] -- Up-to-date: /home/mpcmeulensteen/blackboard_ws/install/dynamixel_sdk_custom_interfaces/include/dynamixel_sdk_custom_interfaces/msg/rosidl_typesupport_fastrtps_c__visibility_control.h
[0.569s] -- Up-to-date: /home/mpcmeulensteen/blackboard_ws/install/dynamixel_sdk_custom_interfaces/lib/libdynamixel_sdk_custom_interfaces__rosidl_typesupport_fastrtps_c.so
[0.570s] -- Up-to-date: /home/mpcmeulensteen/blackboard_ws/install/dynamixel_sdk_custom_interfaces/include/dynamixel_sdk_custom_interfaces
[0.570s] -- Up-to-date: /home/mpcmeulensteen/blackboard_ws/install/dynamixel_sdk_custom_interfaces/include/dynamixel_sdk_custom_interfaces/srv
[0.570s] -- Up-to-date: /home/mpcmeulensteen/blackboard_ws/install/dynamixel_sdk_custom_interfaces/include/dynamixel_sdk_custom_interfaces/srv/detail
[0.571s] -- Up-to-date: /home/mpcmeulensteen/blackboard_ws/install/dynamixel_sdk_custom_interfaces/include/dynamixel_sdk_custom_interfaces/srv/detail/get_position__rosidl_typesupport_fastrtps_cpp.hpp
[0.571s] -- Up-to-date: /home/mpcmeulensteen/blackboard_ws/install/dynamixel_sdk_custom_interfaces/include/dynamixel_sdk_custom_interfaces/srv/detail/dds_fastrtps
[0.571s] -- Up-to-date: /home/mpcmeulensteen/blackboard_ws/install/dynamixel_sdk_custom_interfaces/include/dynamixel_sdk_custom_interfaces/msg
[0.571s] -- Up-to-date: /home/mpcmeulensteen/blackboard_ws/install/dynamixel_sdk_custom_interfaces/include/dynamixel_sdk_custom_interfaces/msg/detail
[0.571s] -- Up-to-date: /home/mpcmeulensteen/blackboard_ws/install/dynamixel_sdk_custom_interfaces/include/dynamixel_sdk_custom_interfaces/msg/detail/dds_fastrtps
[0.572s] -- Up-to-date: /home/mpcmeulensteen/blackboard_ws/install/dynamixel_sdk_custom_interfaces/include/dynamixel_sdk_custom_interfaces/msg/detail/set_position__rosidl_typesupport_fastrtps_cpp.hpp
[0.572s] -- Up-to-date: /home/mpcmeulensteen/blackboard_ws/install/dynamixel_sdk_custom_interfaces/include/dynamixel_sdk_custom_interfaces/msg/rosidl_typesupport_fastrtps_cpp__visibility_control.h
[0.572s] -- Up-to-date: /home/mpcmeulensteen/blackboard_ws/install/dynamixel_sdk_custom_interfaces/lib/libdynamixel_sdk_custom_interfaces__rosidl_typesupport_fastrtps_cpp.so
[0.573s] -- Up-to-date: /home/mpcmeulensteen/blackboard_ws/install/dynamixel_sdk_custom_interfaces/include/dynamixel_sdk_custom_interfaces
[0.573s] -- Up-to-date: /home/mpcmeulensteen/blackboard_ws/install/dynamixel_sdk_custom_interfaces/include/dynamixel_sdk_custom_interfaces/srv
[0.573s] -- Up-to-date: /home/mpcmeulensteen/blackboard_ws/install/dynamixel_sdk_custom_interfaces/include/dynamixel_sdk_custom_interfaces/srv/detail
[0.573s] -- Up-to-date: /home/mpcmeulensteen/blackboard_ws/install/dynamixel_sdk_custom_interfaces/include/dynamixel_sdk_custom_interfaces/srv/detail/get_position__type_support.c
[0.573s] -- Up-to-date: /home/mpcmeulensteen/blackboard_ws/install/dynamixel_sdk_custom_interfaces/include/dynamixel_sdk_custom_interfaces/srv/detail/get_position__rosidl_typesupport_introspection_c.h
[0.574s] -- Up-to-date: /home/mpcmeulensteen/blackboard_ws/install/dynamixel_sdk_custom_interfaces/include/dynamixel_sdk_custom_interfaces/msg
[0.574s] -- Up-to-date: /home/mpcmeulensteen/blackboard_ws/install/dynamixel_sdk_custom_interfaces/include/dynamixel_sdk_custom_interfaces/msg/rosidl_typesupport_introspection_c__visibility_control.h
[0.574s] -- Up-to-date: /home/mpcmeulensteen/blackboard_ws/install/dynamixel_sdk_custom_interfaces/include/dynamixel_sdk_custom_interfaces/msg/detail
[0.574s] -- Up-to-date: /home/mpcmeulensteen/blackboard_ws/install/dynamixel_sdk_custom_interfaces/include/dynamixel_sdk_custom_interfaces/msg/detail/set_position__type_support.c
[0.575s] -- Up-to-date: /home/mpcmeulensteen/blackboard_ws/install/dynamixel_sdk_custom_interfaces/include/dynamixel_sdk_custom_interfaces/msg/detail/set_position__rosidl_typesupport_introspection_c.h
[0.575s] -- Up-to-date: /home/mpcmeulensteen/blackboard_ws/install/dynamixel_sdk_custom_interfaces/lib/libdynamixel_sdk_custom_interfaces__rosidl_typesupport_introspection_c.so
[0.576s] -- Up-to-date: /home/mpcmeulensteen/blackboard_ws/install/dynamixel_sdk_custom_interfaces/lib/libdynamixel_sdk_custom_interfaces__rosidl_typesupport_c.so
[0.576s] -- Up-to-date: /home/mpcmeulensteen/blackboard_ws/install/dynamixel_sdk_custom_interfaces/include/dynamixel_sdk_custom_interfaces
[0.576s] -- Up-to-date: /home/mpcmeulensteen/blackboard_ws/install/dynamixel_sdk_custom_interfaces/include/dynamixel_sdk_custom_interfaces/srv
[0.576s] -- Up-to-date: /home/mpcmeulensteen/blackboard_ws/install/dynamixel_sdk_custom_interfaces/include/dynamixel_sdk_custom_interfaces/srv/get_position.hpp
[0.577s] -- Up-to-date: /home/mpcmeulensteen/blackboard_ws/install/dynamixel_sdk_custom_interfaces/include/dynamixel_sdk_custom_interfaces/srv/detail
[0.577s] -- Up-to-date: /home/mpcmeulensteen/blackboard_ws/install/dynamixel_sdk_custom_interfaces/include/dynamixel_sdk_custom_interfaces/srv/detail/get_position__struct.hpp
[0.577s] -- Up-to-date: /home/mpcmeulensteen/blackboard_ws/install/dynamixel_sdk_custom_interfaces/include/dynamixel_sdk_custom_interfaces/srv/detail/get_position__traits.hpp
[0.577s] -- Up-to-date: /home/mpcmeulensteen/blackboard_ws/install/dynamixel_sdk_custom_interfaces/include/dynamixel_sdk_custom_interfaces/srv/detail/get_position__builder.hpp
[0.577s] -- Up-to-date: /home/mpcmeulensteen/blackboard_ws/install/dynamixel_sdk_custom_interfaces/include/dynamixel_sdk_custom_interfaces/msg
[0.578s] -- Up-to-date: /home/mpcmeulensteen/blackboard_ws/install/dynamixel_sdk_custom_interfaces/include/dynamixel_sdk_custom_interfaces/msg/set_position.hpp
[0.578s] -- Up-to-date: /home/mpcmeulensteen/blackboard_ws/install/dynamixel_sdk_custom_interfaces/include/dynamixel_sdk_custom_interfaces/msg/detail
[0.578s] -- Up-to-date: /home/mpcmeulensteen/blackboard_ws/install/dynamixel_sdk_custom_interfaces/include/dynamixel_sdk_custom_interfaces/msg/detail/set_position__struct.hpp
[0.578s] -- Up-to-date: /home/mpcmeulensteen/blackboard_ws/install/dynamixel_sdk_custom_interfaces/include/dynamixel_sdk_custom_interfaces/msg/detail/set_position__traits.hpp
[0.578s] -- Up-to-date: /home/mpcmeulensteen/blackboard_ws/install/dynamixel_sdk_custom_interfaces/include/dynamixel_sdk_custom_interfaces/msg/detail/set_position__builder.hpp
[0.578s] -- Up-to-date: /home/mpcmeulensteen/blackboard_ws/install/dynamixel_sdk_custom_interfaces/include/dynamixel_sdk_custom_interfaces
[0.579s] -- Up-to-date: /home/mpcmeulensteen/blackboard_ws/install/dynamixel_sdk_custom_interfaces/include/dynamixel_sdk_custom_interfaces/srv
[0.579s] -- Up-to-date: /home/mpcmeulensteen/blackboard_ws/install/dynamixel_sdk_custom_interfaces/include/dynamixel_sdk_custom_interfaces/srv/detail
[0.579s] -- Up-to-date: /home/mpcmeulensteen/blackboard_ws/install/dynamixel_sdk_custom_interfaces/include/dynamixel_sdk_custom_interfaces/srv/detail/get_position__type_support.cpp
[0.579s] -- Up-to-date: /home/mpcmeulensteen/blackboard_ws/install/dynamixel_sdk_custom_interfaces/include/dynamixel_sdk_custom_interfaces/srv/detail/get_position__rosidl_typesupport_introspection_cpp.hpp
[0.579s] -- Up-to-date: /home/mpcmeulensteen/blackboard_ws/install/dynamixel_sdk_custom_interfaces/include/dynamixel_sdk_custom_interfaces/msg
[0.580s] -- Up-to-date: /home/mpcmeulensteen/blackboard_ws/install/dynamixel_sdk_custom_interfaces/include/dynamixel_sdk_custom_interfaces/msg/detail
[0.580s] -- Up-to-date: /home/mpcmeulensteen/blackboard_ws/install/dynamixel_sdk_custom_interfaces/include/dynamixel_sdk_custom_interfaces/msg/detail/set_position__type_support.cpp
[0.580s] -- Up-to-date: /home/mpcmeulensteen/blackboard_ws/install/dynamixel_sdk_custom_interfaces/include/dynamixel_sdk_custom_interfaces/msg/detail/set_position__rosidl_typesupport_introspection_cpp.hpp
[0.580s] -- Up-to-date: /home/mpcmeulensteen/blackboard_ws/install/dynamixel_sdk_custom_interfaces/lib/libdynamixel_sdk_custom_interfaces__rosidl_typesupport_introspection_cpp.so
[0.582s] -- Up-to-date: /home/mpcmeulensteen/blackboard_ws/install/dynamixel_sdk_custom_interfaces/lib/libdynamixel_sdk_custom_interfaces__rosidl_typesupport_cpp.so
[0.583s] -- Up-to-date: /home/mpcmeulensteen/blackboard_ws/install/dynamixel_sdk_custom_interfaces/share/dynamixel_sdk_custom_interfaces/environment/pythonpath.sh
[0.583s] -- Up-to-date: /home/mpcmeulensteen/blackboard_ws/install/dynamixel_sdk_custom_interfaces/share/dynamixel_sdk_custom_interfaces/environment/pythonpath.dsv
[0.583s] -- Up-to-date: /home/mpcmeulensteen/blackboard_ws/install/dynamixel_sdk_custom_interfaces/lib/python3.8/site-packages/dynamixel_sdk_custom_interfaces/__init__.py
[0.621s] -- Up-to-date: /home/mpcmeulensteen/blackboard_ws/install/dynamixel_sdk_custom_interfaces/lib/python3.8/site-packages/dynamixel_sdk_custom_interfaces/msg
[0.621s] -- Up-to-date: /home/mpcmeulensteen/blackboard_ws/install/dynamixel_sdk_custom_interfaces/lib/python3.8/site-packages/dynamixel_sdk_custom_interfaces/msg/_set_position.py
[0.621s] -- Up-to-date: /home/mpcmeulensteen/blackboard_ws/install/dynamixel_sdk_custom_interfaces/lib/python3.8/site-packages/dynamixel_sdk_custom_interfaces/msg/_set_position_s.c
[0.622s] -- Up-to-date: /home/mpcmeulensteen/blackboard_ws/install/dynamixel_sdk_custom_interfaces/lib/python3.8/site-packages/dynamixel_sdk_custom_interfaces/msg/__init__.py
[0.622s] -- Up-to-date: /home/mpcmeulensteen/blackboard_ws/install/dynamixel_sdk_custom_interfaces/lib/python3.8/site-packages/dynamixel_sdk_custom_interfaces/srv
[0.622s] -- Up-to-date: /home/mpcmeulensteen/blackboard_ws/install/dynamixel_sdk_custom_interfaces/lib/python3.8/site-packages/dynamixel_sdk_custom_interfaces/srv/__init__.py
[0.623s] -- Up-to-date: /home/mpcmeulensteen/blackboard_ws/install/dynamixel_sdk_custom_interfaces/lib/python3.8/site-packages/dynamixel_sdk_custom_interfaces/srv/_get_position_s.c
[0.623s] -- Up-to-date: /home/mpcmeulensteen/blackboard_ws/install/dynamixel_sdk_custom_interfaces/lib/python3.8/site-packages/dynamixel_sdk_custom_interfaces/srv/_get_position.py
[0.623s] -- Up-to-date: /home/mpcmeulensteen/blackboard_ws/install/dynamixel_sdk_custom_interfaces/lib/python3.8/site-packages/dynamixel_sdk_custom_interfaces/dynamixel_sdk_custom_interfaces_s__rosidl_typesupport_fastrtps_c.cpython-38-x86_64-linux-gnu.so
[0.624s] -- Up-to-date: /home/mpcmeulensteen/blackboard_ws/install/dynamixel_sdk_custom_interfaces/lib/python3.8/site-packages/dynamixel_sdk_custom_interfaces/dynamixel_sdk_custom_interfaces_s__rosidl_typesupport_introspection_c.cpython-38-x86_64-linux-gnu.so
[0.625s] -- Up-to-date: /home/mpcmeulensteen/blackboard_ws/install/dynamixel_sdk_custom_interfaces/lib/python3.8/site-packages/dynamixel_sdk_custom_interfaces/dynamixel_sdk_custom_interfaces_s__rosidl_typesupport_c.cpython-38-x86_64-linux-gnu.so
[0.626s] -- Up-to-date: /home/mpcmeulensteen/blackboard_ws/install/dynamixel_sdk_custom_interfaces/lib/libdynamixel_sdk_custom_interfaces__python.so
[0.626s] -- Up-to-date: /home/mpcmeulensteen/blackboard_ws/install/dynamixel_sdk_custom_interfaces/share/dynamixel_sdk_custom_interfaces/msg/SetPosition.idl
[0.626s] -- Up-to-date: /home/mpcmeulensteen/blackboard_ws/install/dynamixel_sdk_custom_interfaces/share/dynamixel_sdk_custom_interfaces/srv/GetPosition.idl
[0.627s] -- Up-to-date: /home/mpcmeulensteen/blackboard_ws/install/dynamixel_sdk_custom_interfaces/share/dynamixel_sdk_custom_interfaces/msg/SetPosition.msg
[0.627s] -- Up-to-date: /home/mpcmeulensteen/blackboard_ws/install/dynamixel_sdk_custom_interfaces/share/dynamixel_sdk_custom_interfaces/srv/GetPosition.srv
[0.627s] -- Up-to-date: /home/mpcmeulensteen/blackboard_ws/install/dynamixel_sdk_custom_interfaces/share/dynamixel_sdk_custom_interfaces/srv/GetPosition_Request.msg
[0.628s] -- Up-to-date: /home/mpcmeulensteen/blackboard_ws/install/dynamixel_sdk_custom_interfaces/share/dynamixel_sdk_custom_interfaces/srv/GetPosition_Response.msg
[0.628s] -- Up-to-date: /home/mpcmeulensteen/blackboard_ws/install/dynamixel_sdk_custom_interfaces/share/ament_index/resource_index/package_run_dependencies/dynamixel_sdk_custom_interfaces
[0.628s] -- Up-to-date: /home/mpcmeulensteen/blackboard_ws/install/dynamixel_sdk_custom_interfaces/share/ament_index/resource_index/parent_prefix_path/dynamixel_sdk_custom_interfaces
[0.628s] -- Up-to-date: /home/mpcmeulensteen/blackboard_ws/install/dynamixel_sdk_custom_interfaces/share/dynamixel_sdk_custom_interfaces/environment/ament_prefix_path.sh
[0.628s] -- Up-to-date: /home/mpcmeulensteen/blackboard_ws/install/dynamixel_sdk_custom_interfaces/share/dynamixel_sdk_custom_interfaces/environment/ament_prefix_path.dsv
[0.629s] -- Up-to-date: /home/mpcmeulensteen/blackboard_ws/install/dynamixel_sdk_custom_interfaces/share/dynamixel_sdk_custom_interfaces/environment/path.sh
[0.629s] -- Up-to-date: /home/mpcmeulensteen/blackboard_ws/install/dynamixel_sdk_custom_interfaces/share/dynamixel_sdk_custom_interfaces/environment/path.dsv
[0.629s] -- Up-to-date: /home/mpcmeulensteen/blackboard_ws/install/dynamixel_sdk_custom_interfaces/share/dynamixel_sdk_custom_interfaces/local_setup.bash
[0.629s] -- Up-to-date: /home/mpcmeulensteen/blackboard_ws/install/dynamixel_sdk_custom_interfaces/share/dynamixel_sdk_custom_interfaces/local_setup.sh
[0.630s] -- Up-to-date: /home/mpcmeulensteen/blackboard_ws/install/dynamixel_sdk_custom_interfaces/share/dynamixel_sdk_custom_interfaces/local_setup.zsh
[0.630s] -- Up-to-date: /home/mpcmeulensteen/blackboard_ws/install/dynamixel_sdk_custom_interfaces/share/dynamixel_sdk_custom_interfaces/local_setup.dsv
[0.630s] -- Installing: /home/mpcmeulensteen/blackboard_ws/install/dynamixel_sdk_custom_interfaces/share/dynamixel_sdk_custom_interfaces/package.dsv
[0.631s] -- Up-to-date: /home/mpcmeulensteen/blackboard_ws/install/dynamixel_sdk_custom_interfaces/share/ament_index/resource_index/packages/dynamixel_sdk_custom_interfaces
[0.631s] -- Up-to-date: /home/mpcmeulensteen/blackboard_ws/install/dynamixel_sdk_custom_interfaces/share/dynamixel_sdk_custom_interfaces/cmake/dynamixel_sdk_custom_interfaces__rosidl_generator_cExport.cmake
[0.631s] -- Up-to-date: /home/mpcmeulensteen/blackboard_ws/install/dynamixel_sdk_custom_interfaces/share/dynamixel_sdk_custom_interfaces/cmake/dynamixel_sdk_custom_interfaces__rosidl_generator_cExport-noconfig.cmake
[0.631s] -- Up-to-date: /home/mpcmeulensteen/blackboard_ws/install/dynamixel_sdk_custom_interfaces/share/dynamixel_sdk_custom_interfaces/cmake/dynamixel_sdk_custom_interfaces__rosidl_typesupport_introspection_cExport.cmake
[0.632s] -- Up-to-date: /home/mpcmeulensteen/blackboard_ws/install/dynamixel_sdk_custom_interfaces/share/dynamixel_sdk_custom_interfaces/cmake/dynamixel_sdk_custom_interfaces__rosidl_typesupport_introspection_cExport-noconfig.cmake
[0.632s] -- Up-to-date: /home/mpcmeulensteen/blackboard_ws/install/dynamixel_sdk_custom_interfaces/share/dynamixel_sdk_custom_interfaces/cmake/dynamixel_sdk_custom_interfaces__rosidl_typesupport_cExport.cmake
[0.632s] -- Up-to-date: /home/mpcmeulensteen/blackboard_ws/install/dynamixel_sdk_custom_interfaces/share/dynamixel_sdk_custom_interfaces/cmake/dynamixel_sdk_custom_interfaces__rosidl_typesupport_cExport-noconfig.cmake
[0.633s] -- Up-to-date: /home/mpcmeulensteen/blackboard_ws/install/dynamixel_sdk_custom_interfaces/share/dynamixel_sdk_custom_interfaces/cmake/dynamixel_sdk_custom_interfaces__rosidl_generator_cppExport.cmake
[0.634s] -- Up-to-date: /home/mpcmeulensteen/blackboard_ws/install/dynamixel_sdk_custom_interfaces/share/dynamixel_sdk_custom_interfaces/cmake/dynamixel_sdk_custom_interfaces__rosidl_typesupport_introspection_cppExport.cmake
[0.634s] -- Up-to-date: /home/mpcmeulensteen/blackboard_ws/install/dynamixel_sdk_custom_interfaces/share/dynamixel_sdk_custom_interfaces/cmake/dynamixel_sdk_custom_interfaces__rosidl_typesupport_introspection_cppExport-noconfig.cmake
[0.634s] -- Up-to-date: /home/mpcmeulensteen/blackboard_ws/install/dynamixel_sdk_custom_interfaces/share/dynamixel_sdk_custom_interfaces/cmake/dynamixel_sdk_custom_interfaces__rosidl_typesupport_cppExport.cmake
[0.635s] -- Up-to-date: /home/mpcmeulensteen/blackboard_ws/install/dynamixel_sdk_custom_interfaces/share/dynamixel_sdk_custom_interfaces/cmake/dynamixel_sdk_custom_interfaces__rosidl_typesupport_cppExport-noconfig.cmake
[0.635s] -- Up-to-date: /home/mpcmeulensteen/blackboard_ws/install/dynamixel_sdk_custom_interfaces/share/dynamixel_sdk_custom_interfaces/cmake/rosidl_cmake-extras.cmake
[0.635s] -- Up-to-date: /home/mpcmeulensteen/blackboard_ws/install/dynamixel_sdk_custom_interfaces/share/dynamixel_sdk_custom_interfaces/cmake/ament_cmake_export_dependencies-extras.cmake
[0.636s] -- Up-to-date: /home/mpcmeulensteen/blackboard_ws/install/dynamixel_sdk_custom_interfaces/share/dynamixel_sdk_custom_interfaces/cmake/ament_cmake_export_libraries-extras.cmake
[0.636s] -- Up-to-date: /home/mpcmeulensteen/blackboard_ws/install/dynamixel_sdk_custom_interfaces/share/dynamixel_sdk_custom_interfaces/cmake/ament_cmake_export_targets-extras.cmake
[0.636s] -- Up-to-date: /home/mpcmeulensteen/blackboard_ws/install/dynamixel_sdk_custom_interfaces/share/dynamixel_sdk_custom_interfaces/cmake/ament_cmake_export_include_directories-extras.cmake
[0.636s] -- Up-to-date: /home/mpcmeulensteen/blackboard_ws/install/dynamixel_sdk_custom_interfaces/share/dynamixel_sdk_custom_interfaces/cmake/rosidl_cmake_export_typesupport_libraries-extras.cmake
[0.637s] -- Up-to-date: /home/mpcmeulensteen/blackboard_ws/install/dynamixel_sdk_custom_interfaces/share/dynamixel_sdk_custom_interfaces/cmake/rosidl_cmake_export_typesupport_targets-extras.cmake
[0.637s] -- Up-to-date: /home/mpcmeulensteen/blackboard_ws/install/dynamixel_sdk_custom_interfaces/share/dynamixel_sdk_custom_interfaces/cmake/dynamixel_sdk_custom_interfacesConfig.cmake
[0.637s] -- Up-to-date: /home/mpcmeulensteen/blackboard_ws/install/dynamixel_sdk_custom_interfaces/share/dynamixel_sdk_custom_interfaces/cmake/dynamixel_sdk_custom_interfacesConfig-version.cmake
[0.651s] -- Up-to-date: /home/mpcmeulensteen/blackboard_ws/install/dynamixel_sdk_custom_interfaces/share/dynamixel_sdk_custom_interfaces/package.xml
[0.651s] Invoked command in '/home/mpcmeulensteen/blackboard_ws/build/dynamixel_sdk_custom_interfaces' returned '0': CMAKE_PREFIX_PATH=${CMAKE_PREFIX_PATH}:/home/mpcmeulensteen/blackboard_ws/install/turtlebot3_teleop:/home/mpcmeulensteen/blackboard_ws/install/turtlebot3_example:/home/mpcmeulensteen/blackboard_ws/install/tf_transformations:/home/mpcmeulensteen/blackboard_ws/install/ros2_blackboard:/home/mpcmeulensteen/blackboard_ws/install/ros2_bbinstance:/opt/ros/foxy /usr/bin/cmake --install /home/mpcmeulensteen/blackboard_ws/build/dynamixel_sdk_custom_interfaces
