[0.293s] Invoking command in '/home/mpcmeulensteen/blackboard_ws/src/bbinstance': PYTHONPATH=/home/mpcmeulensteen/blackboard_ws/install/bbinstance/lib/python3.8/site-packages:${PYTHONPATH} /usr/bin/python3 setup.py egg_info --egg-base ../../build/bbinstance build --build-base /home/mpcmeulensteen/blackboard_ws/build/bbinstance/build install --prefix /home/mpcmeulensteen/blackboard_ws/install/bbinstance --record /home/mpcmeulensteen/blackboard_ws/build/bbinstance/install.log --single-version-externally-managed
[0.519s] running egg_info
[0.520s] writing ../../build/bbinstance/bbinstance.egg-info/PKG-INFO
[0.520s] writing dependency_links to ../../build/bbinstance/bbinstance.egg-info/dependency_links.txt
[0.521s] writing entry points to ../../build/bbinstance/bbinstance.egg-info/entry_points.txt
[0.521s] writing requirements to ../../build/bbinstance/bbinstance.egg-info/requires.txt
[0.522s] writing top-level names to ../../build/bbinstance/bbinstance.egg-info/top_level.txt
[0.558s] reading manifest file '../../build/bbinstance/bbinstance.egg-info/SOURCES.txt'
[0.559s] writing manifest file '../../build/bbinstance/bbinstance.egg-info/SOURCES.txt'
[0.560s] running build
[0.560s] running build_py
[0.561s] copying bbinstance/robotInstance2.py -> /home/mpcmeulensteen/blackboard_ws/build/bbinstance/build/lib/bbinstance
[0.561s] copying bbinstance/robotInstance3.py -> /home/mpcmeulensteen/blackboard_ws/build/bbinstance/build/lib/bbinstance
[0.562s] copying bbinstance/robotInstance4.py -> /home/mpcmeulensteen/blackboard_ws/build/bbinstance/build/lib/bbinstance
[0.562s] copying bbinstance/robotInstance.py -> /home/mpcmeulensteen/blackboard_ws/build/bbinstance/build/lib/bbinstance
[0.562s] copying bbinstance/multi subscriber.py -> /home/mpcmeulensteen/blackboard_ws/build/bbinstance/build/lib/bbinstance
[0.562s] copying bbinstance/markers.py -> /home/mpcmeulensteen/blackboard_ws/build/bbinstance/build/lib/bbinstance
[0.563s] copying bbinstance/robotInstance5.py -> /home/mpcmeulensteen/blackboard_ws/build/bbinstance/build/lib/bbinstance
[0.563s] copying bbinstance/interface.py -> /home/mpcmeulensteen/blackboard_ws/build/bbinstance/build/lib/bbinstance
[0.563s] copying bbinstance/monitor.py -> /home/mpcmeulensteen/blackboard_ws/build/bbinstance/build/lib/bbinstance
[0.563s] copying bbinstance/blackboardinstance.py.py -> /home/mpcmeulensteen/blackboard_ws/build/bbinstance/build/lib/bbinstance
[0.564s] copying bbinstance/taskview.py -> /home/mpcmeulensteen/blackboard_ws/build/bbinstance/build/lib/bbinstance
[0.564s] copying bbinstance/gui.py -> /home/mpcmeulensteen/blackboard_ws/build/bbinstance/build/lib/bbinstance
[0.564s] copying bbinstance/multi publisher.py -> /home/mpcmeulensteen/blackboard_ws/build/bbinstance/build/lib/bbinstance
[0.565s] copying bbinstance/blackboardinstance.py -> /home/mpcmeulensteen/blackboard_ws/build/bbinstance/build/lib/bbinstance
[0.565s] running install
[0.566s] running install_lib
[0.568s] copying /home/mpcmeulensteen/blackboard_ws/build/bbinstance/build/lib/bbinstance/robotInstance2.py -> /home/mpcmeulensteen/blackboard_ws/install/bbinstance/lib/python3.8/site-packages/bbinstance
[0.568s] copying /home/mpcmeulensteen/blackboard_ws/build/bbinstance/build/lib/bbinstance/robotInstance3.py -> /home/mpcmeulensteen/blackboard_ws/install/bbinstance/lib/python3.8/site-packages/bbinstance
[0.568s] copying /home/mpcmeulensteen/blackboard_ws/build/bbinstance/build/lib/bbinstance/robotInstance4.py -> /home/mpcmeulensteen/blackboard_ws/install/bbinstance/lib/python3.8/site-packages/bbinstance
[0.568s] copying /home/mpcmeulensteen/blackboard_ws/build/bbinstance/build/lib/bbinstance/robotInstance.py -> /home/mpcmeulensteen/blackboard_ws/install/bbinstance/lib/python3.8/site-packages/bbinstance
[0.569s] copying /home/mpcmeulensteen/blackboard_ws/build/bbinstance/build/lib/bbinstance/multi subscriber.py -> /home/mpcmeulensteen/blackboard_ws/install/bbinstance/lib/python3.8/site-packages/bbinstance
[0.569s] copying /home/mpcmeulensteen/blackboard_ws/build/bbinstance/build/lib/bbinstance/markers.py -> /home/mpcmeulensteen/blackboard_ws/install/bbinstance/lib/python3.8/site-packages/bbinstance
[0.569s] copying /home/mpcmeulensteen/blackboard_ws/build/bbinstance/build/lib/bbinstance/robotInstance5.py -> /home/mpcmeulensteen/blackboard_ws/install/bbinstance/lib/python3.8/site-packages/bbinstance
[0.569s] copying /home/mpcmeulensteen/blackboard_ws/build/bbinstance/build/lib/bbinstance/interface.py -> /home/mpcmeulensteen/blackboard_ws/install/bbinstance/lib/python3.8/site-packages/bbinstance
[0.570s] copying /home/mpcmeulensteen/blackboard_ws/build/bbinstance/build/lib/bbinstance/monitor.py -> /home/mpcmeulensteen/blackboard_ws/install/bbinstance/lib/python3.8/site-packages/bbinstance
[0.570s] copying /home/mpcmeulensteen/blackboard_ws/build/bbinstance/build/lib/bbinstance/blackboardinstance.py.py -> /home/mpcmeulensteen/blackboard_ws/install/bbinstance/lib/python3.8/site-packages/bbinstance
[0.570s] copying /home/mpcmeulensteen/blackboard_ws/build/bbinstance/build/lib/bbinstance/taskview.py -> /home/mpcmeulensteen/blackboard_ws/install/bbinstance/lib/python3.8/site-packages/bbinstance
[0.570s] copying /home/mpcmeulensteen/blackboard_ws/build/bbinstance/build/lib/bbinstance/gui.py -> /home/mpcmeulensteen/blackboard_ws/install/bbinstance/lib/python3.8/site-packages/bbinstance
[0.571s] copying /home/mpcmeulensteen/blackboard_ws/build/bbinstance/build/lib/bbinstance/multi publisher.py -> /home/mpcmeulensteen/blackboard_ws/install/bbinstance/lib/python3.8/site-packages/bbinstance
[0.571s] copying /home/mpcmeulensteen/blackboard_ws/build/bbinstance/build/lib/bbinstance/blackboardinstance.py -> /home/mpcmeulensteen/blackboard_ws/install/bbinstance/lib/python3.8/site-packages/bbinstance
[0.572s] byte-compiling /home/mpcmeulensteen/blackboard_ws/install/bbinstance/lib/python3.8/site-packages/bbinstance/robotInstance2.py to robotInstance2.cpython-38.pyc
[0.575s] byte-compiling /home/mpcmeulensteen/blackboard_ws/install/bbinstance/lib/python3.8/site-packages/bbinstance/robotInstance3.py to robotInstance3.cpython-38.pyc
[0.575s] byte-compiling /home/mpcmeulensteen/blackboard_ws/install/bbinstance/lib/python3.8/site-packages/bbinstance/robotInstance4.py to robotInstance4.cpython-38.pyc
[0.575s] byte-compiling /home/mpcmeulensteen/blackboard_ws/install/bbinstance/lib/python3.8/site-packages/bbinstance/robotInstance.py to robotInstance.cpython-38.pyc
[0.575s] byte-compiling /home/mpcmeulensteen/blackboard_ws/install/bbinstance/lib/python3.8/site-packages/bbinstance/multi subscriber.py to multi subscriber.cpython-38.pyc
[0.575s] byte-compiling /home/mpcmeulensteen/blackboard_ws/install/bbinstance/lib/python3.8/site-packages/bbinstance/markers.py to markers.cpython-38.pyc
[0.576s]   File "/home/mpcmeulensteen/blackboard_ws/install/bbinstance/lib/python3.8/site-packages/bbinstance/markers.py", line 55
[0.576s]     print "Shutting down node"
[0.576s]           ^
[0.576s] SyntaxError: Missing parentheses in call to 'print'. Did you mean print("Shutting down node")?
[0.576s] 
[0.576s] byte-compiling /home/mpcmeulensteen/blackboard_ws/install/bbinstance/lib/python3.8/site-packages/bbinstance/robotInstance5.py to robotInstance5.cpython-38.pyc
[0.577s] byte-compiling /home/mpcmeulensteen/blackboard_ws/install/bbinstance/lib/python3.8/site-packages/bbinstance/interface.py to interface.cpython-38.pyc
[0.578s] /home/mpcmeulensteen/blackboard_ws/install/bbinstance/lib/python3.8/site-packages/bbinstance/interface.py:50: SyntaxWarning: "is" with a literal. Did you mean "=="?
[0.578s]   if choice is '1':
[0.578s] /home/mpcmeulensteen/blackboard_ws/install/bbinstance/lib/python3.8/site-packages/bbinstance/interface.py:55: SyntaxWarning: "is" with a literal. Did you mean "=="?
[0.578s]   if taskType is 1:
[0.578s] /home/mpcmeulensteen/blackboard_ws/install/bbinstance/lib/python3.8/site-packages/bbinstance/interface.py:64: SyntaxWarning: "is" with a literal. Did you mean "=="?
[0.578s]   if taskType is 2:
[0.578s] /home/mpcmeulensteen/blackboard_ws/install/bbinstance/lib/python3.8/site-packages/bbinstance/interface.py:78: SyntaxWarning: "is" with a literal. Did you mean "=="?
[0.578s]   if taskType is 3:
[0.579s] /home/mpcmeulensteen/blackboard_ws/install/bbinstance/lib/python3.8/site-packages/bbinstance/interface.py:92: SyntaxWarning: "is" with a literal. Did you mean "=="?
[0.579s]   if taskType is 4:
[0.579s] /home/mpcmeulensteen/blackboard_ws/install/bbinstance/lib/python3.8/site-packages/bbinstance/interface.py:127: SyntaxWarning: "is" with a literal. Did you mean "=="?
[0.579s]   if choice is '2':
[0.579s] byte-compiling /home/mpcmeulensteen/blackboard_ws/install/bbinstance/lib/python3.8/site-packages/bbinstance/monitor.py to monitor.cpython-38.pyc
[0.580s] byte-compiling /home/mpcmeulensteen/blackboard_ws/install/bbinstance/lib/python3.8/site-packages/bbinstance/blackboardinstance.py.py to blackboardinstance.py.cpython-38.pyc
[0.580s] byte-compiling /home/mpcmeulensteen/blackboard_ws/install/bbinstance/lib/python3.8/site-packages/bbinstance/taskview.py to taskview.cpython-38.pyc
[0.582s] /home/mpcmeulensteen/blackboard_ws/install/bbinstance/lib/python3.8/site-packages/bbinstance/taskview.py:102: SyntaxWarning: "is not" with a literal. Did you mean "!="?
[0.582s]   if t.taskState is not 2:
[0.582s] byte-compiling /home/mpcmeulensteen/blackboard_ws/install/bbinstance/lib/python3.8/site-packages/bbinstance/gui.py to gui.cpython-38.pyc
[0.585s] byte-compiling /home/mpcmeulensteen/blackboard_ws/install/bbinstance/lib/python3.8/site-packages/bbinstance/multi publisher.py to multi publisher.cpython-38.pyc
[0.586s] byte-compiling /home/mpcmeulensteen/blackboard_ws/install/bbinstance/lib/python3.8/site-packages/bbinstance/blackboardinstance.py to blackboardinstance.cpython-38.pyc
[0.586s] running install_data
[0.596s] running install_egg_info
[0.599s] removing '/home/mpcmeulensteen/blackboard_ws/install/bbinstance/lib/python3.8/site-packages/bbinstance-0.0.0-py3.8.egg-info' (and everything under it)
[0.600s] Copying ../../build/bbinstance/bbinstance.egg-info to /home/mpcmeulensteen/blackboard_ws/install/bbinstance/lib/python3.8/site-packages/bbinstance-0.0.0-py3.8.egg-info
[0.600s] running install_scripts
[0.624s] writing list of installed files to '/home/mpcmeulensteen/blackboard_ws/build/bbinstance/install.log'
[0.649s] Invoked command in '/home/mpcmeulensteen/blackboard_ws/src/bbinstance' returned '0': PYTHONPATH=/home/mpcmeulensteen/blackboard_ws/install/bbinstance/lib/python3.8/site-packages:${PYTHONPATH} /usr/bin/python3 setup.py egg_info --egg-base ../../build/bbinstance build --build-base /home/mpcmeulensteen/blackboard_ws/build/bbinstance/build install --prefix /home/mpcmeulensteen/blackboard_ws/install/bbinstance --record /home/mpcmeulensteen/blackboard_ws/build/bbinstance/install.log --single-version-externally-managed
