[0.357s] DEBUG:colcon:Command line arguments: ['/usr/bin/colcon', 'list', '-p', '--base-paths', '/home/mpcmeulensteen/blackboard_ws']
[0.357s] DEBUG:colcon:Parsed command line arguments: Namespace(base_paths=['/home/mpcmeulensteen/blackboard_ws'], build_base='build', ignore_user_meta=False, log_base=None, log_level=None, main=<bound method ListVerb.main of <colcon_package_information.verb.list.ListVerb object at 0x7ff4e7c3afd0>>, metas=['./colcon.meta'], names_only=False, packages_above=None, packages_above_and_dependencies=None, packages_above_depth=None, packages_end=None, packages_ignore=None, packages_ignore_regex=None, packages_select=None, packages_select_build_failed=False, packages_select_by_dep=None, packages_select_regex=None, packages_select_test_failures=False, packages_skip=None, packages_skip_build_finished=False, packages_skip_by_dep=None, packages_skip_regex=None, packages_skip_test_passed=False, packages_skip_up_to=None, packages_start=None, packages_up_to=None, packages_up_to_regex=None, paths=None, paths_only=True, topological_graph=False, topological_graph_density=False, topological_graph_dot=False, topological_graph_dot_cluster=False, topological_graph_dot_include_skipped=False, topological_graph_legend=False, topological_order=False, verb_extension=<colcon_package_information.verb.list.ListVerb object at 0x7ff4e7c3afd0>, verb_name='list', verb_parser=<colcon_defaults.argument_parser.defaults.DefaultArgumentsDecorator object at 0x7ff4e7afc1c0>)
[0.421s] Level 1:colcon.colcon_core.package_discovery:discover_packages(colcon_meta) check parameters
[0.421s] Level 1:colcon.colcon_core.package_discovery:discover_packages(recursive) check parameters
[0.421s] Level 1:colcon.colcon_core.package_discovery:discover_packages(ignore) check parameters
[0.421s] Level 1:colcon.colcon_core.package_discovery:discover_packages(path) check parameters
[0.423s] Level 1:colcon.colcon_core.package_discovery:discover_packages(recursive) discover
[0.423s] INFO:colcon.colcon_core.package_discovery:Crawling recursively for packages in '/home/mpcmeulensteen/blackboard_ws'
[0.423s] Level 1:colcon.colcon_core.package_identification:_identify(/home/mpcmeulensteen/blackboard_ws) by extensions ['ignore', 'ignore_ament_install']
[0.423s] Level 1:colcon.colcon_core.package_identification:_identify(/home/mpcmeulensteen/blackboard_ws) by extension 'ignore'
[0.424s] Level 1:colcon.colcon_core.package_identification:_identify(/home/mpcmeulensteen/blackboard_ws) by extension 'ignore_ament_install'
[0.424s] Level 1:colcon.colcon_core.package_identification:_identify(/home/mpcmeulensteen/blackboard_ws) by extensions ['colcon_pkg']
[0.424s] Level 1:colcon.colcon_core.package_identification:_identify(/home/mpcmeulensteen/blackboard_ws) by extension 'colcon_pkg'
[0.424s] Level 1:colcon.colcon_core.package_identification:_identify(/home/mpcmeulensteen/blackboard_ws) by extensions ['colcon_meta']
[0.424s] Level 1:colcon.colcon_core.package_identification:_identify(/home/mpcmeulensteen/blackboard_ws) by extension 'colcon_meta'
[0.424s] Level 1:colcon.colcon_core.package_identification:_identify(/home/mpcmeulensteen/blackboard_ws) by extensions ['ros']
[0.424s] Level 1:colcon.colcon_core.package_identification:_identify(/home/mpcmeulensteen/blackboard_ws) by extension 'ros'
[0.454s] Level 1:colcon.colcon_core.package_identification:_identify(/home/mpcmeulensteen/blackboard_ws) by extensions ['cmake', 'python']
[0.458s] Level 1:colcon.colcon_core.package_identification:_identify(/home/mpcmeulensteen/blackboard_ws) by extension 'cmake'
[0.458s] Level 1:colcon.colcon_core.package_identification:_identify(/home/mpcmeulensteen/blackboard_ws) by extension 'python'
[0.458s] Level 1:colcon.colcon_core.package_identification:_identify(/home/mpcmeulensteen/blackboard_ws) by extensions ['python_setup_py']
[0.460s] Level 1:colcon.colcon_core.package_identification:_identify(/home/mpcmeulensteen/blackboard_ws) by extension 'python_setup_py'
[0.460s] Level 1:colcon.colcon_core.package_identification:_identify(/home/mpcmeulensteen/blackboard_ws/build) by extensions ['ignore', 'ignore_ament_install']
[0.460s] Level 1:colcon.colcon_core.package_identification:_identify(/home/mpcmeulensteen/blackboard_ws/build) by extension 'ignore'
[0.461s] Level 1:colcon.colcon_core.package_identification:_identify(/home/mpcmeulensteen/blackboard_ws/build) ignored
[0.461s] Level 1:colcon.colcon_core.package_identification:_identify(/home/mpcmeulensteen/blackboard_ws/install) by extensions ['ignore', 'ignore_ament_install']
[0.462s] Level 1:colcon.colcon_core.package_identification:_identify(/home/mpcmeulensteen/blackboard_ws/install) by extension 'ignore'
[0.462s] Level 1:colcon.colcon_core.package_identification:_identify(/home/mpcmeulensteen/blackboard_ws/install) ignored
[0.463s] Level 1:colcon.colcon_core.package_identification:_identify(/home/mpcmeulensteen/blackboard_ws/log) by extensions ['ignore', 'ignore_ament_install']
[0.464s] Level 1:colcon.colcon_core.package_identification:_identify(/home/mpcmeulensteen/blackboard_ws/log) by extension 'ignore'
[0.464s] Level 1:colcon.colcon_core.package_identification:_identify(/home/mpcmeulensteen/blackboard_ws/log) ignored
[0.464s] Level 1:colcon.colcon_core.package_identification:_identify(/home/mpcmeulensteen/blackboard_ws/src) by extensions ['ignore', 'ignore_ament_install']
[0.465s] Level 1:colcon.colcon_core.package_identification:_identify(/home/mpcmeulensteen/blackboard_ws/src) by extension 'ignore'
[0.466s] Level 1:colcon.colcon_core.package_identification:_identify(/home/mpcmeulensteen/blackboard_ws/src) by extension 'ignore_ament_install'
[0.466s] Level 1:colcon.colcon_core.package_identification:_identify(/home/mpcmeulensteen/blackboard_ws/src) by extensions ['colcon_pkg']
[0.466s] Level 1:colcon.colcon_core.package_identification:_identify(/home/mpcmeulensteen/blackboard_ws/src) by extension 'colcon_pkg'
[0.466s] Level 1:colcon.colcon_core.package_identification:_identify(/home/mpcmeulensteen/blackboard_ws/src) by extensions ['colcon_meta']
[0.466s] Level 1:colcon.colcon_core.package_identification:_identify(/home/mpcmeulensteen/blackboard_ws/src) by extension 'colcon_meta'
[0.467s] Level 1:colcon.colcon_core.package_identification:_identify(/home/mpcmeulensteen/blackboard_ws/src) by extensions ['ros']
[0.467s] Level 1:colcon.colcon_core.package_identification:_identify(/home/mpcmeulensteen/blackboard_ws/src) by extension 'ros'
[0.467s] Level 1:colcon.colcon_core.package_identification:_identify(/home/mpcmeulensteen/blackboard_ws/src) by extensions ['cmake', 'python']
[0.467s] Level 1:colcon.colcon_core.package_identification:_identify(/home/mpcmeulensteen/blackboard_ws/src) by extension 'cmake'
[0.467s] Level 1:colcon.colcon_core.package_identification:_identify(/home/mpcmeulensteen/blackboard_ws/src) by extension 'python'
[0.467s] Level 1:colcon.colcon_core.package_identification:_identify(/home/mpcmeulensteen/blackboard_ws/src) by extensions ['python_setup_py']
[0.467s] Level 1:colcon.colcon_core.package_identification:_identify(/home/mpcmeulensteen/blackboard_ws/src) by extension 'python_setup_py'
[0.468s] Level 1:colcon.colcon_core.package_identification:_identify(/home/mpcmeulensteen/blackboard_ws/src/DynamixelSDK) by extensions ['ignore', 'ignore_ament_install']
[0.468s] Level 1:colcon.colcon_core.package_identification:_identify(/home/mpcmeulensteen/blackboard_ws/src/DynamixelSDK) by extension 'ignore'
[0.468s] Level 1:colcon.colcon_core.package_identification:_identify(/home/mpcmeulensteen/blackboard_ws/src/DynamixelSDK) by extension 'ignore_ament_install'
[0.468s] Level 1:colcon.colcon_core.package_identification:_identify(/home/mpcmeulensteen/blackboard_ws/src/DynamixelSDK) by extensions ['colcon_pkg']
[0.468s] Level 1:colcon.colcon_core.package_identification:_identify(/home/mpcmeulensteen/blackboard_ws/src/DynamixelSDK) by extension 'colcon_pkg'
[0.468s] Level 1:colcon.colcon_core.package_identification:_identify(/home/mpcmeulensteen/blackboard_ws/src/DynamixelSDK) by extensions ['colcon_meta']
[0.468s] Level 1:colcon.colcon_core.package_identification:_identify(/home/mpcmeulensteen/blackboard_ws/src/DynamixelSDK) by extension 'colcon_meta'
[0.468s] Level 1:colcon.colcon_core.package_identification:_identify(/home/mpcmeulensteen/blackboard_ws/src/DynamixelSDK) by extensions ['ros']
[0.469s] Level 1:colcon.colcon_core.package_identification:_identify(/home/mpcmeulensteen/blackboard_ws/src/DynamixelSDK) by extension 'ros'
[0.469s] Level 1:colcon.colcon_core.package_identification:_identify(/home/mpcmeulensteen/blackboard_ws/src/DynamixelSDK) by extensions ['cmake', 'python']
[0.469s] Level 1:colcon.colcon_core.package_identification:_identify(/home/mpcmeulensteen/blackboard_ws/src/DynamixelSDK) by extension 'cmake'
[0.469s] Level 1:colcon.colcon_core.package_identification:_identify(/home/mpcmeulensteen/blackboard_ws/src/DynamixelSDK) by extension 'python'
[0.469s] Level 1:colcon.colcon_core.package_identification:_identify(/home/mpcmeulensteen/blackboard_ws/src/DynamixelSDK) by extensions ['python_setup_py']
[0.469s] Level 1:colcon.colcon_core.package_identification:_identify(/home/mpcmeulensteen/blackboard_ws/src/DynamixelSDK) by extension 'python_setup_py'
[0.469s] Level 1:colcon.colcon_core.package_identification:_identify(/home/mpcmeulensteen/blackboard_ws/src/DynamixelSDK/dynamixel_sdk) by extensions ['ignore', 'ignore_ament_install']
[0.469s] Level 1:colcon.colcon_core.package_identification:_identify(/home/mpcmeulensteen/blackboard_ws/src/DynamixelSDK/dynamixel_sdk) by extension 'ignore'
[0.470s] Level 1:colcon.colcon_core.package_identification:_identify(/home/mpcmeulensteen/blackboard_ws/src/DynamixelSDK/dynamixel_sdk) by extension 'ignore_ament_install'
[0.470s] Level 1:colcon.colcon_core.package_identification:_identify(/home/mpcmeulensteen/blackboard_ws/src/DynamixelSDK/dynamixel_sdk) by extensions ['colcon_pkg']
[0.470s] Level 1:colcon.colcon_core.package_identification:_identify(/home/mpcmeulensteen/blackboard_ws/src/DynamixelSDK/dynamixel_sdk) by extension 'colcon_pkg'
[0.470s] Level 1:colcon.colcon_core.package_identification:_identify(/home/mpcmeulensteen/blackboard_ws/src/DynamixelSDK/dynamixel_sdk) by extensions ['colcon_meta']
[0.470s] Level 1:colcon.colcon_core.package_identification:_identify(/home/mpcmeulensteen/blackboard_ws/src/DynamixelSDK/dynamixel_sdk) by extension 'colcon_meta'
[0.470s] Level 1:colcon.colcon_core.package_identification:_identify(/home/mpcmeulensteen/blackboard_ws/src/DynamixelSDK/dynamixel_sdk) by extensions ['ros']
[0.470s] Level 1:colcon.colcon_core.package_identification:_identify(/home/mpcmeulensteen/blackboard_ws/src/DynamixelSDK/dynamixel_sdk) by extension 'ros'
[0.477s] DEBUG:colcon.colcon_core.package_identification:Package '/home/mpcmeulensteen/blackboard_ws/src/DynamixelSDK/dynamixel_sdk' with type 'ros.ament_cmake' and name 'dynamixel_sdk'
[0.477s] Level 1:colcon.colcon_core.package_identification:_identify(/home/mpcmeulensteen/blackboard_ws/src/DynamixelSDK/dynamixel_sdk_custom_interfaces) by extensions ['ignore', 'ignore_ament_install']
[0.478s] Level 1:colcon.colcon_core.package_identification:_identify(/home/mpcmeulensteen/blackboard_ws/src/DynamixelSDK/dynamixel_sdk_custom_interfaces) by extension 'ignore'
[0.478s] Level 1:colcon.colcon_core.package_identification:_identify(/home/mpcmeulensteen/blackboard_ws/src/DynamixelSDK/dynamixel_sdk_custom_interfaces) by extension 'ignore_ament_install'
[0.478s] Level 1:colcon.colcon_core.package_identification:_identify(/home/mpcmeulensteen/blackboard_ws/src/DynamixelSDK/dynamixel_sdk_custom_interfaces) by extensions ['colcon_pkg']
[0.478s] Level 1:colcon.colcon_core.package_identification:_identify(/home/mpcmeulensteen/blackboard_ws/src/DynamixelSDK/dynamixel_sdk_custom_interfaces) by extension 'colcon_pkg'
[0.478s] Level 1:colcon.colcon_core.package_identification:_identify(/home/mpcmeulensteen/blackboard_ws/src/DynamixelSDK/dynamixel_sdk_custom_interfaces) by extensions ['colcon_meta']
[0.478s] Level 1:colcon.colcon_core.package_identification:_identify(/home/mpcmeulensteen/blackboard_ws/src/DynamixelSDK/dynamixel_sdk_custom_interfaces) by extension 'colcon_meta'
[0.478s] Level 1:colcon.colcon_core.package_identification:_identify(/home/mpcmeulensteen/blackboard_ws/src/DynamixelSDK/dynamixel_sdk_custom_interfaces) by extensions ['ros']
[0.479s] Level 1:colcon.colcon_core.package_identification:_identify(/home/mpcmeulensteen/blackboard_ws/src/DynamixelSDK/dynamixel_sdk_custom_interfaces) by extension 'ros'
[0.480s] DEBUG:colcon.colcon_core.package_identification:Package '/home/mpcmeulensteen/blackboard_ws/src/DynamixelSDK/dynamixel_sdk_custom_interfaces' with type 'ros.ament_cmake' and name 'dynamixel_sdk_custom_interfaces'
[0.482s] Level 1:colcon.colcon_core.package_identification:_identify(/home/mpcmeulensteen/blackboard_ws/src/DynamixelSDK/dynamixel_sdk_examples) by extensions ['ignore', 'ignore_ament_install']
[0.482s] Level 1:colcon.colcon_core.package_identification:_identify(/home/mpcmeulensteen/blackboard_ws/src/DynamixelSDK/dynamixel_sdk_examples) by extension 'ignore'
[0.482s] Level 1:colcon.colcon_core.package_identification:_identify(/home/mpcmeulensteen/blackboard_ws/src/DynamixelSDK/dynamixel_sdk_examples) by extension 'ignore_ament_install'
[0.482s] Level 1:colcon.colcon_core.package_identification:_identify(/home/mpcmeulensteen/blackboard_ws/src/DynamixelSDK/dynamixel_sdk_examples) by extensions ['colcon_pkg']
[0.482s] Level 1:colcon.colcon_core.package_identification:_identify(/home/mpcmeulensteen/blackboard_ws/src/DynamixelSDK/dynamixel_sdk_examples) by extension 'colcon_pkg'
[0.482s] Level 1:colcon.colcon_core.package_identification:_identify(/home/mpcmeulensteen/blackboard_ws/src/DynamixelSDK/dynamixel_sdk_examples) by extensions ['colcon_meta']
[0.482s] Level 1:colcon.colcon_core.package_identification:_identify(/home/mpcmeulensteen/blackboard_ws/src/DynamixelSDK/dynamixel_sdk_examples) by extension 'colcon_meta'
[0.482s] Level 1:colcon.colcon_core.package_identification:_identify(/home/mpcmeulensteen/blackboard_ws/src/DynamixelSDK/dynamixel_sdk_examples) by extensions ['ros']
[0.482s] Level 1:colcon.colcon_core.package_identification:_identify(/home/mpcmeulensteen/blackboard_ws/src/DynamixelSDK/dynamixel_sdk_examples) by extension 'ros'
[0.483s] DEBUG:colcon.colcon_core.package_identification:Package '/home/mpcmeulensteen/blackboard_ws/src/DynamixelSDK/dynamixel_sdk_examples' with type 'ros.ament_cmake' and name 'dynamixel_sdk_examples'
[0.485s] Level 1:colcon.colcon_core.package_identification:_identify(/home/mpcmeulensteen/blackboard_ws/src/bbinstance) by extensions ['ignore', 'ignore_ament_install']
[0.486s] Level 1:colcon.colcon_core.package_identification:_identify(/home/mpcmeulensteen/blackboard_ws/src/bbinstance) by extension 'ignore'
[0.486s] Level 1:colcon.colcon_core.package_identification:_identify(/home/mpcmeulensteen/blackboard_ws/src/bbinstance) by extension 'ignore_ament_install'
[0.486s] Level 1:colcon.colcon_core.package_identification:_identify(/home/mpcmeulensteen/blackboard_ws/src/bbinstance) by extensions ['colcon_pkg']
[0.486s] Level 1:colcon.colcon_core.package_identification:_identify(/home/mpcmeulensteen/blackboard_ws/src/bbinstance) by extension 'colcon_pkg'
[0.486s] Level 1:colcon.colcon_core.package_identification:_identify(/home/mpcmeulensteen/blackboard_ws/src/bbinstance) by extensions ['colcon_meta']
[0.486s] Level 1:colcon.colcon_core.package_identification:_identify(/home/mpcmeulensteen/blackboard_ws/src/bbinstance) by extension 'colcon_meta'
[0.486s] Level 1:colcon.colcon_core.package_identification:_identify(/home/mpcmeulensteen/blackboard_ws/src/bbinstance) by extensions ['ros']
[0.486s] Level 1:colcon.colcon_core.package_identification:_identify(/home/mpcmeulensteen/blackboard_ws/src/bbinstance) by extension 'ros'
[0.487s] DEBUG:colcon.colcon_core.package_identification:Package '/home/mpcmeulensteen/blackboard_ws/src/bbinstance' with type 'ros.ament_python' and name 'bbinstance'
[0.487s] Level 1:colcon.colcon_core.package_identification:_identify(/home/mpcmeulensteen/blackboard_ws/src/blackboard) by extensions ['ignore', 'ignore_ament_install']
[0.487s] Level 1:colcon.colcon_core.package_identification:_identify(/home/mpcmeulensteen/blackboard_ws/src/blackboard) by extension 'ignore'
[0.487s] Level 1:colcon.colcon_core.package_identification:_identify(/home/mpcmeulensteen/blackboard_ws/src/blackboard) by extension 'ignore_ament_install'
[0.488s] Level 1:colcon.colcon_core.package_identification:_identify(/home/mpcmeulensteen/blackboard_ws/src/blackboard) by extensions ['colcon_pkg']
[0.488s] Level 1:colcon.colcon_core.package_identification:_identify(/home/mpcmeulensteen/blackboard_ws/src/blackboard) by extension 'colcon_pkg'
[0.488s] Level 1:colcon.colcon_core.package_identification:_identify(/home/mpcmeulensteen/blackboard_ws/src/blackboard) by extensions ['colcon_meta']
[0.488s] Level 1:colcon.colcon_core.package_identification:_identify(/home/mpcmeulensteen/blackboard_ws/src/blackboard) by extension 'colcon_meta'
[0.488s] Level 1:colcon.colcon_core.package_identification:_identify(/home/mpcmeulensteen/blackboard_ws/src/blackboard) by extensions ['ros']
[0.489s] Level 1:colcon.colcon_core.package_identification:_identify(/home/mpcmeulensteen/blackboard_ws/src/blackboard) by extension 'ros'
[0.490s] DEBUG:colcon.colcon_core.package_identification:Package '/home/mpcmeulensteen/blackboard_ws/src/blackboard' with type 'ros.ament_python' and name 'blackboard'
[0.490s] Level 1:colcon.colcon_core.package_identification:_identify(/home/mpcmeulensteen/blackboard_ws/src/hls_lfcd_lds_driver) by extensions ['ignore', 'ignore_ament_install']
[0.490s] Level 1:colcon.colcon_core.package_identification:_identify(/home/mpcmeulensteen/blackboard_ws/src/hls_lfcd_lds_driver) by extension 'ignore'
[0.490s] Level 1:colcon.colcon_core.package_identification:_identify(/home/mpcmeulensteen/blackboard_ws/src/hls_lfcd_lds_driver) by extension 'ignore_ament_install'
[0.490s] Level 1:colcon.colcon_core.package_identification:_identify(/home/mpcmeulensteen/blackboard_ws/src/hls_lfcd_lds_driver) by extensions ['colcon_pkg']
[0.490s] Level 1:colcon.colcon_core.package_identification:_identify(/home/mpcmeulensteen/blackboard_ws/src/hls_lfcd_lds_driver) by extension 'colcon_pkg'
[0.490s] Level 1:colcon.colcon_core.package_identification:_identify(/home/mpcmeulensteen/blackboard_ws/src/hls_lfcd_lds_driver) by extensions ['colcon_meta']
[0.491s] Level 1:colcon.colcon_core.package_identification:_identify(/home/mpcmeulensteen/blackboard_ws/src/hls_lfcd_lds_driver) by extension 'colcon_meta'
[0.491s] Level 1:colcon.colcon_core.package_identification:_identify(/home/mpcmeulensteen/blackboard_ws/src/hls_lfcd_lds_driver) by extensions ['ros']
[0.491s] Level 1:colcon.colcon_core.package_identification:_identify(/home/mpcmeulensteen/blackboard_ws/src/hls_lfcd_lds_driver) by extension 'ros'
[0.493s] DEBUG:colcon.colcon_core.package_identification:Package '/home/mpcmeulensteen/blackboard_ws/src/hls_lfcd_lds_driver' with type 'ros.ament_cmake' and name 'hls_lfcd_lds_driver'
[0.493s] Level 1:colcon.colcon_core.package_identification:_identify(/home/mpcmeulensteen/blackboard_ws/src/message_pkg) by extensions ['ignore', 'ignore_ament_install']
[0.494s] Level 1:colcon.colcon_core.package_identification:_identify(/home/mpcmeulensteen/blackboard_ws/src/message_pkg) by extension 'ignore'
[0.494s] Level 1:colcon.colcon_core.package_identification:_identify(/home/mpcmeulensteen/blackboard_ws/src/message_pkg) by extension 'ignore_ament_install'
[0.494s] Level 1:colcon.colcon_core.package_identification:_identify(/home/mpcmeulensteen/blackboard_ws/src/message_pkg) by extensions ['colcon_pkg']
[0.494s] Level 1:colcon.colcon_core.package_identification:_identify(/home/mpcmeulensteen/blackboard_ws/src/message_pkg) by extension 'colcon_pkg'
[0.494s] Level 1:colcon.colcon_core.package_identification:_identify(/home/mpcmeulensteen/blackboard_ws/src/message_pkg) by extensions ['colcon_meta']
[0.494s] Level 1:colcon.colcon_core.package_identification:_identify(/home/mpcmeulensteen/blackboard_ws/src/message_pkg) by extension 'colcon_meta'
[0.494s] Level 1:colcon.colcon_core.package_identification:_identify(/home/mpcmeulensteen/blackboard_ws/src/message_pkg) by extensions ['ros']
[0.494s] Level 1:colcon.colcon_core.package_identification:_identify(/home/mpcmeulensteen/blackboard_ws/src/message_pkg) by extension 'ros'
[0.494s] DEBUG:colcon.colcon_core.package_identification:Package '/home/mpcmeulensteen/blackboard_ws/src/message_pkg' with type 'ros.ament_cmake' and name 'message_pkg'
[0.494s] Level 1:colcon.colcon_core.package_identification:_identify(/home/mpcmeulensteen/blackboard_ws/src/navigate_robot_pkg) by extensions ['ignore', 'ignore_ament_install']
[0.495s] Level 1:colcon.colcon_core.package_identification:_identify(/home/mpcmeulensteen/blackboard_ws/src/navigate_robot_pkg) by extension 'ignore'
[0.495s] Level 1:colcon.colcon_core.package_identification:_identify(/home/mpcmeulensteen/blackboard_ws/src/navigate_robot_pkg) by extension 'ignore_ament_install'
[0.496s] Level 1:colcon.colcon_core.package_identification:_identify(/home/mpcmeulensteen/blackboard_ws/src/navigate_robot_pkg) by extensions ['colcon_pkg']
[0.496s] Level 1:colcon.colcon_core.package_identification:_identify(/home/mpcmeulensteen/blackboard_ws/src/navigate_robot_pkg) by extension 'colcon_pkg'
[0.496s] Level 1:colcon.colcon_core.package_identification:_identify(/home/mpcmeulensteen/blackboard_ws/src/navigate_robot_pkg) by extensions ['colcon_meta']
[0.496s] Level 1:colcon.colcon_core.package_identification:_identify(/home/mpcmeulensteen/blackboard_ws/src/navigate_robot_pkg) by extension 'colcon_meta'
[0.496s] Level 1:colcon.colcon_core.package_identification:_identify(/home/mpcmeulensteen/blackboard_ws/src/navigate_robot_pkg) by extensions ['ros']
[0.496s] Level 1:colcon.colcon_core.package_identification:_identify(/home/mpcmeulensteen/blackboard_ws/src/navigate_robot_pkg) by extension 'ros'
[0.497s] DEBUG:colcon.colcon_core.package_identification:Package '/home/mpcmeulensteen/blackboard_ws/src/navigate_robot_pkg' with type 'ros.ament_cmake' and name 'navigate_robot_pkg'
[0.497s] Level 1:colcon.colcon_core.package_identification:_identify(/home/mpcmeulensteen/blackboard_ws/src/navigation) by extensions ['ignore', 'ignore_ament_install']
[0.497s] Level 1:colcon.colcon_core.package_identification:_identify(/home/mpcmeulensteen/blackboard_ws/src/navigation) by extension 'ignore'
[0.498s] Level 1:colcon.colcon_core.package_identification:_identify(/home/mpcmeulensteen/blackboard_ws/src/navigation) by extension 'ignore_ament_install'
[0.498s] Level 1:colcon.colcon_core.package_identification:_identify(/home/mpcmeulensteen/blackboard_ws/src/navigation) by extensions ['colcon_pkg']
[0.498s] Level 1:colcon.colcon_core.package_identification:_identify(/home/mpcmeulensteen/blackboard_ws/src/navigation) by extension 'colcon_pkg'
[0.498s] Level 1:colcon.colcon_core.package_identification:_identify(/home/mpcmeulensteen/blackboard_ws/src/navigation) by extensions ['colcon_meta']
[0.498s] Level 1:colcon.colcon_core.package_identification:_identify(/home/mpcmeulensteen/blackboard_ws/src/navigation) by extension 'colcon_meta'
[0.498s] Level 1:colcon.colcon_core.package_identification:_identify(/home/mpcmeulensteen/blackboard_ws/src/navigation) by extensions ['ros']
[0.498s] Level 1:colcon.colcon_core.package_identification:_identify(/home/mpcmeulensteen/blackboard_ws/src/navigation) by extension 'ros'
[0.500s] DEBUG:colcon.colcon_core.package_identification:Package '/home/mpcmeulensteen/blackboard_ws/src/navigation' with type 'ros.ament_python' and name 'navigation'
[0.500s] Level 1:colcon.colcon_core.package_identification:_identify(/home/mpcmeulensteen/blackboard_ws/src/navigation_cartographer) by extensions ['ignore', 'ignore_ament_install']
[0.500s] Level 1:colcon.colcon_core.package_identification:_identify(/home/mpcmeulensteen/blackboard_ws/src/navigation_cartographer) by extension 'ignore'
[0.500s] Level 1:colcon.colcon_core.package_identification:_identify(/home/mpcmeulensteen/blackboard_ws/src/navigation_cartographer) by extension 'ignore_ament_install'
[0.500s] Level 1:colcon.colcon_core.package_identification:_identify(/home/mpcmeulensteen/blackboard_ws/src/navigation_cartographer) by extensions ['colcon_pkg']
[0.500s] Level 1:colcon.colcon_core.package_identification:_identify(/home/mpcmeulensteen/blackboard_ws/src/navigation_cartographer) by extension 'colcon_pkg'
[0.500s] Level 1:colcon.colcon_core.package_identification:_identify(/home/mpcmeulensteen/blackboard_ws/src/navigation_cartographer) by extensions ['colcon_meta']
[0.500s] Level 1:colcon.colcon_core.package_identification:_identify(/home/mpcmeulensteen/blackboard_ws/src/navigation_cartographer) by extension 'colcon_meta'
[0.500s] Level 1:colcon.colcon_core.package_identification:_identify(/home/mpcmeulensteen/blackboard_ws/src/navigation_cartographer) by extensions ['ros']
[0.500s] Level 1:colcon.colcon_core.package_identification:_identify(/home/mpcmeulensteen/blackboard_ws/src/navigation_cartographer) by extension 'ros'
[0.502s] DEBUG:colcon.colcon_core.package_identification:Package '/home/mpcmeulensteen/blackboard_ws/src/navigation_cartographer' with type 'ros.ament_cmake' and name 'navigation_cartographer'
[0.502s] Level 1:colcon.colcon_core.package_identification:_identify(/home/mpcmeulensteen/blackboard_ws/src/robot1) by extensions ['ignore', 'ignore_ament_install']
[0.502s] Level 1:colcon.colcon_core.package_identification:_identify(/home/mpcmeulensteen/blackboard_ws/src/robot1) by extension 'ignore'
[0.502s] Level 1:colcon.colcon_core.package_identification:_identify(/home/mpcmeulensteen/blackboard_ws/src/robot1) by extension 'ignore_ament_install'
[0.502s] Level 1:colcon.colcon_core.package_identification:_identify(/home/mpcmeulensteen/blackboard_ws/src/robot1) by extensions ['colcon_pkg']
[0.502s] Level 1:colcon.colcon_core.package_identification:_identify(/home/mpcmeulensteen/blackboard_ws/src/robot1) by extension 'colcon_pkg'
[0.502s] Level 1:colcon.colcon_core.package_identification:_identify(/home/mpcmeulensteen/blackboard_ws/src/robot1) by extensions ['colcon_meta']
[0.502s] Level 1:colcon.colcon_core.package_identification:_identify(/home/mpcmeulensteen/blackboard_ws/src/robot1) by extension 'colcon_meta'
[0.502s] Level 1:colcon.colcon_core.package_identification:_identify(/home/mpcmeulensteen/blackboard_ws/src/robot1) by extensions ['ros']
[0.502s] Level 1:colcon.colcon_core.package_identification:_identify(/home/mpcmeulensteen/blackboard_ws/src/robot1) by extension 'ros'
[0.503s] DEBUG:colcon.colcon_core.package_identification:Package '/home/mpcmeulensteen/blackboard_ws/src/robot1' with type 'ros.ament_cmake' and name 'robot1'
[0.503s] Level 1:colcon.colcon_core.package_identification:_identify(/home/mpcmeulensteen/blackboard_ws/src/ros2_blackboard) by extensions ['ignore', 'ignore_ament_install']
[0.503s] Level 1:colcon.colcon_core.package_identification:_identify(/home/mpcmeulensteen/blackboard_ws/src/ros2_blackboard) by extension 'ignore'
[0.503s] Level 1:colcon.colcon_core.package_identification:_identify(/home/mpcmeulensteen/blackboard_ws/src/ros2_blackboard) by extension 'ignore_ament_install'
[0.504s] Level 1:colcon.colcon_core.package_identification:_identify(/home/mpcmeulensteen/blackboard_ws/src/ros2_blackboard) by extensions ['colcon_pkg']
[0.504s] Level 1:colcon.colcon_core.package_identification:_identify(/home/mpcmeulensteen/blackboard_ws/src/ros2_blackboard) by extension 'colcon_pkg'
[0.504s] Level 1:colcon.colcon_core.package_identification:_identify(/home/mpcmeulensteen/blackboard_ws/src/ros2_blackboard) by extensions ['colcon_meta']
[0.504s] Level 1:colcon.colcon_core.package_identification:_identify(/home/mpcmeulensteen/blackboard_ws/src/ros2_blackboard) by extension 'colcon_meta'
[0.504s] Level 1:colcon.colcon_core.package_identification:_identify(/home/mpcmeulensteen/blackboard_ws/src/ros2_blackboard) by extensions ['ros']
[0.504s] Level 1:colcon.colcon_core.package_identification:_identify(/home/mpcmeulensteen/blackboard_ws/src/ros2_blackboard) by extension 'ros'
[0.505s] DEBUG:colcon.colcon_core.package_identification:Package '/home/mpcmeulensteen/blackboard_ws/src/ros2_blackboard' with type 'ros.ament_python' and name 'ros2_blackboard'
[0.505s] Level 1:colcon.colcon_core.package_identification:_identify(/home/mpcmeulensteen/blackboard_ws/src/turtlebot3) by extensions ['ignore', 'ignore_ament_install']
[0.507s] Level 1:colcon.colcon_core.package_identification:_identify(/home/mpcmeulensteen/blackboard_ws/src/turtlebot3) by extension 'ignore'
[0.507s] Level 1:colcon.colcon_core.package_identification:_identify(/home/mpcmeulensteen/blackboard_ws/src/turtlebot3) by extension 'ignore_ament_install'
[0.507s] Level 1:colcon.colcon_core.package_identification:_identify(/home/mpcmeulensteen/blackboard_ws/src/turtlebot3) by extensions ['colcon_pkg']
[0.507s] Level 1:colcon.colcon_core.package_identification:_identify(/home/mpcmeulensteen/blackboard_ws/src/turtlebot3) by extension 'colcon_pkg'
[0.507s] Level 1:colcon.colcon_core.package_identification:_identify(/home/mpcmeulensteen/blackboard_ws/src/turtlebot3) by extensions ['colcon_meta']
[0.507s] Level 1:colcon.colcon_core.package_identification:_identify(/home/mpcmeulensteen/blackboard_ws/src/turtlebot3) by extension 'colcon_meta'
[0.507s] Level 1:colcon.colcon_core.package_identification:_identify(/home/mpcmeulensteen/blackboard_ws/src/turtlebot3) by extensions ['ros']
[0.507s] Level 1:colcon.colcon_core.package_identification:_identify(/home/mpcmeulensteen/blackboard_ws/src/turtlebot3) by extension 'ros'
[0.507s] Level 1:colcon.colcon_core.package_identification:_identify(/home/mpcmeulensteen/blackboard_ws/src/turtlebot3) by extensions ['cmake', 'python']
[0.507s] Level 1:colcon.colcon_core.package_identification:_identify(/home/mpcmeulensteen/blackboard_ws/src/turtlebot3) by extension 'cmake'
[0.508s] Level 1:colcon.colcon_core.package_identification:_identify(/home/mpcmeulensteen/blackboard_ws/src/turtlebot3) by extension 'python'
[0.508s] Level 1:colcon.colcon_core.package_identification:_identify(/home/mpcmeulensteen/blackboard_ws/src/turtlebot3) by extensions ['python_setup_py']
[0.508s] Level 1:colcon.colcon_core.package_identification:_identify(/home/mpcmeulensteen/blackboard_ws/src/turtlebot3) by extension 'python_setup_py'
[0.508s] Level 1:colcon.colcon_core.package_identification:_identify(/home/mpcmeulensteen/blackboard_ws/src/turtlebot3/turtlebot3) by extensions ['ignore', 'ignore_ament_install']
[0.508s] Level 1:colcon.colcon_core.package_identification:_identify(/home/mpcmeulensteen/blackboard_ws/src/turtlebot3/turtlebot3) by extension 'ignore'
[0.509s] Level 1:colcon.colcon_core.package_identification:_identify(/home/mpcmeulensteen/blackboard_ws/src/turtlebot3/turtlebot3) by extension 'ignore_ament_install'
[0.509s] Level 1:colcon.colcon_core.package_identification:_identify(/home/mpcmeulensteen/blackboard_ws/src/turtlebot3/turtlebot3) by extensions ['colcon_pkg']
[0.509s] Level 1:colcon.colcon_core.package_identification:_identify(/home/mpcmeulensteen/blackboard_ws/src/turtlebot3/turtlebot3) by extension 'colcon_pkg'
[0.509s] Level 1:colcon.colcon_core.package_identification:_identify(/home/mpcmeulensteen/blackboard_ws/src/turtlebot3/turtlebot3) by extensions ['colcon_meta']
[0.509s] Level 1:colcon.colcon_core.package_identification:_identify(/home/mpcmeulensteen/blackboard_ws/src/turtlebot3/turtlebot3) by extension 'colcon_meta'
[0.509s] Level 1:colcon.colcon_core.package_identification:_identify(/home/mpcmeulensteen/blackboard_ws/src/turtlebot3/turtlebot3) by extensions ['ros']
[0.509s] Level 1:colcon.colcon_core.package_identification:_identify(/home/mpcmeulensteen/blackboard_ws/src/turtlebot3/turtlebot3) by extension 'ros'
[0.511s] DEBUG:colcon.colcon_core.package_identification:Package '/home/mpcmeulensteen/blackboard_ws/src/turtlebot3/turtlebot3' with type 'ros.ament_cmake' and name 'turtlebot3'
[0.513s] Level 1:colcon.colcon_core.package_identification:_identify(/home/mpcmeulensteen/blackboard_ws/src/turtlebot3/turtlebot3_bringup) by extensions ['ignore', 'ignore_ament_install']
[0.513s] Level 1:colcon.colcon_core.package_identification:_identify(/home/mpcmeulensteen/blackboard_ws/src/turtlebot3/turtlebot3_bringup) by extension 'ignore'
[0.513s] Level 1:colcon.colcon_core.package_identification:_identify(/home/mpcmeulensteen/blackboard_ws/src/turtlebot3/turtlebot3_bringup) by extension 'ignore_ament_install'
[0.513s] Level 1:colcon.colcon_core.package_identification:_identify(/home/mpcmeulensteen/blackboard_ws/src/turtlebot3/turtlebot3_bringup) by extensions ['colcon_pkg']
[0.513s] Level 1:colcon.colcon_core.package_identification:_identify(/home/mpcmeulensteen/blackboard_ws/src/turtlebot3/turtlebot3_bringup) by extension 'colcon_pkg'
[0.513s] Level 1:colcon.colcon_core.package_identification:_identify(/home/mpcmeulensteen/blackboard_ws/src/turtlebot3/turtlebot3_bringup) by extensions ['colcon_meta']
[0.513s] Level 1:colcon.colcon_core.package_identification:_identify(/home/mpcmeulensteen/blackboard_ws/src/turtlebot3/turtlebot3_bringup) by extension 'colcon_meta'
[0.514s] Level 1:colcon.colcon_core.package_identification:_identify(/home/mpcmeulensteen/blackboard_ws/src/turtlebot3/turtlebot3_bringup) by extensions ['ros']
[0.514s] Level 1:colcon.colcon_core.package_identification:_identify(/home/mpcmeulensteen/blackboard_ws/src/turtlebot3/turtlebot3_bringup) by extension 'ros'
[0.516s] DEBUG:colcon.colcon_core.package_identification:Package '/home/mpcmeulensteen/blackboard_ws/src/turtlebot3/turtlebot3_bringup' with type 'ros.ament_cmake' and name 'turtlebot3_bringup'
[0.516s] Level 1:colcon.colcon_core.package_identification:_identify(/home/mpcmeulensteen/blackboard_ws/src/turtlebot3/turtlebot3_cartographer) by extensions ['ignore', 'ignore_ament_install']
[0.517s] Level 1:colcon.colcon_core.package_identification:_identify(/home/mpcmeulensteen/blackboard_ws/src/turtlebot3/turtlebot3_cartographer) by extension 'ignore'
[0.517s] Level 1:colcon.colcon_core.package_identification:_identify(/home/mpcmeulensteen/blackboard_ws/src/turtlebot3/turtlebot3_cartographer) by extension 'ignore_ament_install'
[0.518s] Level 1:colcon.colcon_core.package_identification:_identify(/home/mpcmeulensteen/blackboard_ws/src/turtlebot3/turtlebot3_cartographer) by extensions ['colcon_pkg']
[0.518s] Level 1:colcon.colcon_core.package_identification:_identify(/home/mpcmeulensteen/blackboard_ws/src/turtlebot3/turtlebot3_cartographer) by extension 'colcon_pkg'
[0.519s] Level 1:colcon.colcon_core.package_identification:_identify(/home/mpcmeulensteen/blackboard_ws/src/turtlebot3/turtlebot3_cartographer) by extensions ['colcon_meta']
[0.519s] Level 1:colcon.colcon_core.package_identification:_identify(/home/mpcmeulensteen/blackboard_ws/src/turtlebot3/turtlebot3_cartographer) by extension 'colcon_meta'
[0.519s] Level 1:colcon.colcon_core.package_identification:_identify(/home/mpcmeulensteen/blackboard_ws/src/turtlebot3/turtlebot3_cartographer) by extensions ['ros']
[0.519s] Level 1:colcon.colcon_core.package_identification:_identify(/home/mpcmeulensteen/blackboard_ws/src/turtlebot3/turtlebot3_cartographer) by extension 'ros'
[0.520s] DEBUG:colcon.colcon_core.package_identification:Package '/home/mpcmeulensteen/blackboard_ws/src/turtlebot3/turtlebot3_cartographer' with type 'ros.ament_cmake' and name 'turtlebot3_cartographer'
[0.521s] Level 1:colcon.colcon_core.package_identification:_identify(/home/mpcmeulensteen/blackboard_ws/src/turtlebot3/turtlebot3_description) by extensions ['ignore', 'ignore_ament_install']
[0.521s] Level 1:colcon.colcon_core.package_identification:_identify(/home/mpcmeulensteen/blackboard_ws/src/turtlebot3/turtlebot3_description) by extension 'ignore'
[0.521s] Level 1:colcon.colcon_core.package_identification:_identify(/home/mpcmeulensteen/blackboard_ws/src/turtlebot3/turtlebot3_description) by extension 'ignore_ament_install'
[0.521s] Level 1:colcon.colcon_core.package_identification:_identify(/home/mpcmeulensteen/blackboard_ws/src/turtlebot3/turtlebot3_description) by extensions ['colcon_pkg']
[0.521s] Level 1:colcon.colcon_core.package_identification:_identify(/home/mpcmeulensteen/blackboard_ws/src/turtlebot3/turtlebot3_description) by extension 'colcon_pkg'
[0.521s] Level 1:colcon.colcon_core.package_identification:_identify(/home/mpcmeulensteen/blackboard_ws/src/turtlebot3/turtlebot3_description) by extensions ['colcon_meta']
[0.521s] Level 1:colcon.colcon_core.package_identification:_identify(/home/mpcmeulensteen/blackboard_ws/src/turtlebot3/turtlebot3_description) by extension 'colcon_meta'
[0.521s] Level 1:colcon.colcon_core.package_identification:_identify(/home/mpcmeulensteen/blackboard_ws/src/turtlebot3/turtlebot3_description) by extensions ['ros']
[0.521s] Level 1:colcon.colcon_core.package_identification:_identify(/home/mpcmeulensteen/blackboard_ws/src/turtlebot3/turtlebot3_description) by extension 'ros'
[0.527s] DEBUG:colcon.colcon_core.package_identification:Package '/home/mpcmeulensteen/blackboard_ws/src/turtlebot3/turtlebot3_description' with type 'ros.ament_cmake' and name 'turtlebot3_description'
[0.527s] Level 1:colcon.colcon_core.package_identification:_identify(/home/mpcmeulensteen/blackboard_ws/src/turtlebot3/turtlebot3_example) by extensions ['ignore', 'ignore_ament_install']
[0.527s] Level 1:colcon.colcon_core.package_identification:_identify(/home/mpcmeulensteen/blackboard_ws/src/turtlebot3/turtlebot3_example) by extension 'ignore'
[0.527s] Level 1:colcon.colcon_core.package_identification:_identify(/home/mpcmeulensteen/blackboard_ws/src/turtlebot3/turtlebot3_example) by extension 'ignore_ament_install'
[0.527s] Level 1:colcon.colcon_core.package_identification:_identify(/home/mpcmeulensteen/blackboard_ws/src/turtlebot3/turtlebot3_example) by extensions ['colcon_pkg']
[0.527s] Level 1:colcon.colcon_core.package_identification:_identify(/home/mpcmeulensteen/blackboard_ws/src/turtlebot3/turtlebot3_example) by extension 'colcon_pkg'
[0.527s] Level 1:colcon.colcon_core.package_identification:_identify(/home/mpcmeulensteen/blackboard_ws/src/turtlebot3/turtlebot3_example) by extensions ['colcon_meta']
[0.527s] Level 1:colcon.colcon_core.package_identification:_identify(/home/mpcmeulensteen/blackboard_ws/src/turtlebot3/turtlebot3_example) by extension 'colcon_meta'
[0.527s] Level 1:colcon.colcon_core.package_identification:_identify(/home/mpcmeulensteen/blackboard_ws/src/turtlebot3/turtlebot3_example) by extensions ['ros']
[0.527s] Level 1:colcon.colcon_core.package_identification:_identify(/home/mpcmeulensteen/blackboard_ws/src/turtlebot3/turtlebot3_example) by extension 'ros'
[0.529s] DEBUG:colcon.colcon_core.package_identification:Package '/home/mpcmeulensteen/blackboard_ws/src/turtlebot3/turtlebot3_example' with type 'ros.ament_python' and name 'turtlebot3_example'
[0.529s] Level 1:colcon.colcon_core.package_identification:_identify(/home/mpcmeulensteen/blackboard_ws/src/turtlebot3/turtlebot3_navigation2) by extensions ['ignore', 'ignore_ament_install']
[0.529s] Level 1:colcon.colcon_core.package_identification:_identify(/home/mpcmeulensteen/blackboard_ws/src/turtlebot3/turtlebot3_navigation2) by extension 'ignore'
[0.529s] Level 1:colcon.colcon_core.package_identification:_identify(/home/mpcmeulensteen/blackboard_ws/src/turtlebot3/turtlebot3_navigation2) by extension 'ignore_ament_install'
[0.529s] Level 1:colcon.colcon_core.package_identification:_identify(/home/mpcmeulensteen/blackboard_ws/src/turtlebot3/turtlebot3_navigation2) by extensions ['colcon_pkg']
[0.529s] Level 1:colcon.colcon_core.package_identification:_identify(/home/mpcmeulensteen/blackboard_ws/src/turtlebot3/turtlebot3_navigation2) by extension 'colcon_pkg'
[0.529s] Level 1:colcon.colcon_core.package_identification:_identify(/home/mpcmeulensteen/blackboard_ws/src/turtlebot3/turtlebot3_navigation2) by extensions ['colcon_meta']
[0.529s] Level 1:colcon.colcon_core.package_identification:_identify(/home/mpcmeulensteen/blackboard_ws/src/turtlebot3/turtlebot3_navigation2) by extension 'colcon_meta'
[0.529s] Level 1:colcon.colcon_core.package_identification:_identify(/home/mpcmeulensteen/blackboard_ws/src/turtlebot3/turtlebot3_navigation2) by extensions ['ros']
[0.529s] Level 1:colcon.colcon_core.package_identification:_identify(/home/mpcmeulensteen/blackboard_ws/src/turtlebot3/turtlebot3_navigation2) by extension 'ros'
[0.530s] DEBUG:colcon.colcon_core.package_identification:Package '/home/mpcmeulensteen/blackboard_ws/src/turtlebot3/turtlebot3_navigation2' with type 'ros.ament_cmake' and name 'turtlebot3_navigation2'
[0.530s] Level 1:colcon.colcon_core.package_identification:_identify(/home/mpcmeulensteen/blackboard_ws/src/turtlebot3/turtlebot3_node) by extensions ['ignore', 'ignore_ament_install']
[0.530s] Level 1:colcon.colcon_core.package_identification:_identify(/home/mpcmeulensteen/blackboard_ws/src/turtlebot3/turtlebot3_node) by extension 'ignore'
[0.530s] Level 1:colcon.colcon_core.package_identification:_identify(/home/mpcmeulensteen/blackboard_ws/src/turtlebot3/turtlebot3_node) by extension 'ignore_ament_install'
[0.530s] Level 1:colcon.colcon_core.package_identification:_identify(/home/mpcmeulensteen/blackboard_ws/src/turtlebot3/turtlebot3_node) by extensions ['colcon_pkg']
[0.530s] Level 1:colcon.colcon_core.package_identification:_identify(/home/mpcmeulensteen/blackboard_ws/src/turtlebot3/turtlebot3_node) by extension 'colcon_pkg'
[0.530s] Level 1:colcon.colcon_core.package_identification:_identify(/home/mpcmeulensteen/blackboard_ws/src/turtlebot3/turtlebot3_node) by extensions ['colcon_meta']
[0.530s] Level 1:colcon.colcon_core.package_identification:_identify(/home/mpcmeulensteen/blackboard_ws/src/turtlebot3/turtlebot3_node) by extension 'colcon_meta'
[0.530s] Level 1:colcon.colcon_core.package_identification:_identify(/home/mpcmeulensteen/blackboard_ws/src/turtlebot3/turtlebot3_node) by extensions ['ros']
[0.530s] Level 1:colcon.colcon_core.package_identification:_identify(/home/mpcmeulensteen/blackboard_ws/src/turtlebot3/turtlebot3_node) by extension 'ros'
[0.531s] DEBUG:colcon.colcon_core.package_identification:Package '/home/mpcmeulensteen/blackboard_ws/src/turtlebot3/turtlebot3_node' with type 'ros.ament_cmake' and name 'turtlebot3_node'
[0.532s] Level 1:colcon.colcon_core.package_identification:_identify(/home/mpcmeulensteen/blackboard_ws/src/turtlebot3/turtlebot3_teleop) by extensions ['ignore', 'ignore_ament_install']
[0.532s] Level 1:colcon.colcon_core.package_identification:_identify(/home/mpcmeulensteen/blackboard_ws/src/turtlebot3/turtlebot3_teleop) by extension 'ignore'
[0.532s] Level 1:colcon.colcon_core.package_identification:_identify(/home/mpcmeulensteen/blackboard_ws/src/turtlebot3/turtlebot3_teleop) by extension 'ignore_ament_install'
[0.532s] Level 1:colcon.colcon_core.package_identification:_identify(/home/mpcmeulensteen/blackboard_ws/src/turtlebot3/turtlebot3_teleop) by extensions ['colcon_pkg']
[0.532s] Level 1:colcon.colcon_core.package_identification:_identify(/home/mpcmeulensteen/blackboard_ws/src/turtlebot3/turtlebot3_teleop) by extension 'colcon_pkg'
[0.532s] Level 1:colcon.colcon_core.package_identification:_identify(/home/mpcmeulensteen/blackboard_ws/src/turtlebot3/turtlebot3_teleop) by extensions ['colcon_meta']
[0.532s] Level 1:colcon.colcon_core.package_identification:_identify(/home/mpcmeulensteen/blackboard_ws/src/turtlebot3/turtlebot3_teleop) by extension 'colcon_meta'
[0.532s] Level 1:colcon.colcon_core.package_identification:_identify(/home/mpcmeulensteen/blackboard_ws/src/turtlebot3/turtlebot3_teleop) by extensions ['ros']
[0.532s] Level 1:colcon.colcon_core.package_identification:_identify(/home/mpcmeulensteen/blackboard_ws/src/turtlebot3/turtlebot3_teleop) by extension 'ros'
[0.532s] DEBUG:colcon.colcon_core.package_identification:Package '/home/mpcmeulensteen/blackboard_ws/src/turtlebot3/turtlebot3_teleop' with type 'ros.ament_python' and name 'turtlebot3_teleop'
[0.534s] Level 1:colcon.colcon_core.package_identification:_identify(/home/mpcmeulensteen/blackboard_ws/src/turtlebot3_msgs) by extensions ['ignore', 'ignore_ament_install']
[0.534s] Level 1:colcon.colcon_core.package_identification:_identify(/home/mpcmeulensteen/blackboard_ws/src/turtlebot3_msgs) by extension 'ignore'
[0.535s] Level 1:colcon.colcon_core.package_identification:_identify(/home/mpcmeulensteen/blackboard_ws/src/turtlebot3_msgs) by extension 'ignore_ament_install'
[0.535s] Level 1:colcon.colcon_core.package_identification:_identify(/home/mpcmeulensteen/blackboard_ws/src/turtlebot3_msgs) by extensions ['colcon_pkg']
[0.535s] Level 1:colcon.colcon_core.package_identification:_identify(/home/mpcmeulensteen/blackboard_ws/src/turtlebot3_msgs) by extension 'colcon_pkg'
[0.535s] Level 1:colcon.colcon_core.package_identification:_identify(/home/mpcmeulensteen/blackboard_ws/src/turtlebot3_msgs) by extensions ['colcon_meta']
[0.535s] Level 1:colcon.colcon_core.package_identification:_identify(/home/mpcmeulensteen/blackboard_ws/src/turtlebot3_msgs) by extension 'colcon_meta'
[0.536s] Level 1:colcon.colcon_core.package_identification:_identify(/home/mpcmeulensteen/blackboard_ws/src/turtlebot3_msgs) by extensions ['ros']
[0.536s] Level 1:colcon.colcon_core.package_identification:_identify(/home/mpcmeulensteen/blackboard_ws/src/turtlebot3_msgs) by extension 'ros'
[0.538s] DEBUG:colcon.colcon_core.package_identification:Package '/home/mpcmeulensteen/blackboard_ws/src/turtlebot3_msgs' with type 'ros.ament_cmake' and name 'turtlebot3_msgs'
[0.538s] Level 1:colcon.colcon_core.package_identification:_identify(/home/mpcmeulensteen/blackboard_ws/src/turtlebot3_simulations) by extensions ['ignore', 'ignore_ament_install']
[0.538s] Level 1:colcon.colcon_core.package_identification:_identify(/home/mpcmeulensteen/blackboard_ws/src/turtlebot3_simulations) by extension 'ignore'
[0.538s] Level 1:colcon.colcon_core.package_identification:_identify(/home/mpcmeulensteen/blackboard_ws/src/turtlebot3_simulations) by extension 'ignore_ament_install'
[0.538s] Level 1:colcon.colcon_core.package_identification:_identify(/home/mpcmeulensteen/blackboard_ws/src/turtlebot3_simulations) by extensions ['colcon_pkg']
[0.539s] Level 1:colcon.colcon_core.package_identification:_identify(/home/mpcmeulensteen/blackboard_ws/src/turtlebot3_simulations) by extension 'colcon_pkg'
[0.539s] Level 1:colcon.colcon_core.package_identification:_identify(/home/mpcmeulensteen/blackboard_ws/src/turtlebot3_simulations) by extensions ['colcon_meta']
[0.539s] Level 1:colcon.colcon_core.package_identification:_identify(/home/mpcmeulensteen/blackboard_ws/src/turtlebot3_simulations) by extension 'colcon_meta'
[0.539s] Level 1:colcon.colcon_core.package_identification:_identify(/home/mpcmeulensteen/blackboard_ws/src/turtlebot3_simulations) by extensions ['ros']
[0.539s] Level 1:colcon.colcon_core.package_identification:_identify(/home/mpcmeulensteen/blackboard_ws/src/turtlebot3_simulations) by extension 'ros'
[0.539s] Level 1:colcon.colcon_core.package_identification:_identify(/home/mpcmeulensteen/blackboard_ws/src/turtlebot3_simulations) by extensions ['cmake', 'python']
[0.539s] Level 1:colcon.colcon_core.package_identification:_identify(/home/mpcmeulensteen/blackboard_ws/src/turtlebot3_simulations) by extension 'cmake'
[0.540s] Level 1:colcon.colcon_core.package_identification:_identify(/home/mpcmeulensteen/blackboard_ws/src/turtlebot3_simulations) by extension 'python'
[0.540s] Level 1:colcon.colcon_core.package_identification:_identify(/home/mpcmeulensteen/blackboard_ws/src/turtlebot3_simulations) by extensions ['python_setup_py']
[0.540s] Level 1:colcon.colcon_core.package_identification:_identify(/home/mpcmeulensteen/blackboard_ws/src/turtlebot3_simulations) by extension 'python_setup_py'
[0.540s] Level 1:colcon.colcon_core.package_identification:_identify(/home/mpcmeulensteen/blackboard_ws/src/turtlebot3_simulations/turtlebot3_fake_node) by extensions ['ignore', 'ignore_ament_install']
[0.540s] Level 1:colcon.colcon_core.package_identification:_identify(/home/mpcmeulensteen/blackboard_ws/src/turtlebot3_simulations/turtlebot3_fake_node) by extension 'ignore'
[0.541s] Level 1:colcon.colcon_core.package_identification:_identify(/home/mpcmeulensteen/blackboard_ws/src/turtlebot3_simulations/turtlebot3_fake_node) by extension 'ignore_ament_install'
[0.541s] Level 1:colcon.colcon_core.package_identification:_identify(/home/mpcmeulensteen/blackboard_ws/src/turtlebot3_simulations/turtlebot3_fake_node) by extensions ['colcon_pkg']
[0.541s] Level 1:colcon.colcon_core.package_identification:_identify(/home/mpcmeulensteen/blackboard_ws/src/turtlebot3_simulations/turtlebot3_fake_node) by extension 'colcon_pkg'
[0.541s] Level 1:colcon.colcon_core.package_identification:_identify(/home/mpcmeulensteen/blackboard_ws/src/turtlebot3_simulations/turtlebot3_fake_node) by extensions ['colcon_meta']
[0.541s] Level 1:colcon.colcon_core.package_identification:_identify(/home/mpcmeulensteen/blackboard_ws/src/turtlebot3_simulations/turtlebot3_fake_node) by extension 'colcon_meta'
[0.541s] Level 1:colcon.colcon_core.package_identification:_identify(/home/mpcmeulensteen/blackboard_ws/src/turtlebot3_simulations/turtlebot3_fake_node) by extensions ['ros']
[0.541s] Level 1:colcon.colcon_core.package_identification:_identify(/home/mpcmeulensteen/blackboard_ws/src/turtlebot3_simulations/turtlebot3_fake_node) by extension 'ros'
[0.549s] DEBUG:colcon.colcon_core.package_identification:Package '/home/mpcmeulensteen/blackboard_ws/src/turtlebot3_simulations/turtlebot3_fake_node' with type 'ros.ament_cmake' and name 'turtlebot3_fake_node'
[0.550s] Level 1:colcon.colcon_core.package_identification:_identify(/home/mpcmeulensteen/blackboard_ws/src/turtlebot3_simulations/turtlebot3_gazebo) by extensions ['ignore', 'ignore_ament_install']
[0.550s] Level 1:colcon.colcon_core.package_identification:_identify(/home/mpcmeulensteen/blackboard_ws/src/turtlebot3_simulations/turtlebot3_gazebo) by extension 'ignore'
[0.550s] Level 1:colcon.colcon_core.package_identification:_identify(/home/mpcmeulensteen/blackboard_ws/src/turtlebot3_simulations/turtlebot3_gazebo) by extension 'ignore_ament_install'
[0.550s] Level 1:colcon.colcon_core.package_identification:_identify(/home/mpcmeulensteen/blackboard_ws/src/turtlebot3_simulations/turtlebot3_gazebo) by extensions ['colcon_pkg']
[0.550s] Level 1:colcon.colcon_core.package_identification:_identify(/home/mpcmeulensteen/blackboard_ws/src/turtlebot3_simulations/turtlebot3_gazebo) by extension 'colcon_pkg'
[0.550s] Level 1:colcon.colcon_core.package_identification:_identify(/home/mpcmeulensteen/blackboard_ws/src/turtlebot3_simulations/turtlebot3_gazebo) by extensions ['colcon_meta']
[0.550s] Level 1:colcon.colcon_core.package_identification:_identify(/home/mpcmeulensteen/blackboard_ws/src/turtlebot3_simulations/turtlebot3_gazebo) by extension 'colcon_meta'
[0.550s] Level 1:colcon.colcon_core.package_identification:_identify(/home/mpcmeulensteen/blackboard_ws/src/turtlebot3_simulations/turtlebot3_gazebo) by extensions ['ros']
[0.550s] Level 1:colcon.colcon_core.package_identification:_identify(/home/mpcmeulensteen/blackboard_ws/src/turtlebot3_simulations/turtlebot3_gazebo) by extension 'ros'
[0.551s] DEBUG:colcon.colcon_core.package_identification:Package '/home/mpcmeulensteen/blackboard_ws/src/turtlebot3_simulations/turtlebot3_gazebo' with type 'ros.ament_cmake' and name 'turtlebot3_gazebo'
[0.551s] Level 1:colcon.colcon_core.package_identification:_identify(/home/mpcmeulensteen/blackboard_ws/src/turtlebot3_simulations/turtlebot3_simulations) by extensions ['ignore', 'ignore_ament_install']
[0.552s] Level 1:colcon.colcon_core.package_identification:_identify(/home/mpcmeulensteen/blackboard_ws/src/turtlebot3_simulations/turtlebot3_simulations) by extension 'ignore'
[0.552s] Level 1:colcon.colcon_core.package_identification:_identify(/home/mpcmeulensteen/blackboard_ws/src/turtlebot3_simulations/turtlebot3_simulations) by extension 'ignore_ament_install'
[0.552s] Level 1:colcon.colcon_core.package_identification:_identify(/home/mpcmeulensteen/blackboard_ws/src/turtlebot3_simulations/turtlebot3_simulations) by extensions ['colcon_pkg']
[0.552s] Level 1:colcon.colcon_core.package_identification:_identify(/home/mpcmeulensteen/blackboard_ws/src/turtlebot3_simulations/turtlebot3_simulations) by extension 'colcon_pkg'
[0.552s] Level 1:colcon.colcon_core.package_identification:_identify(/home/mpcmeulensteen/blackboard_ws/src/turtlebot3_simulations/turtlebot3_simulations) by extensions ['colcon_meta']
[0.552s] Level 1:colcon.colcon_core.package_identification:_identify(/home/mpcmeulensteen/blackboard_ws/src/turtlebot3_simulations/turtlebot3_simulations) by extension 'colcon_meta'
[0.552s] Level 1:colcon.colcon_core.package_identification:_identify(/home/mpcmeulensteen/blackboard_ws/src/turtlebot3_simulations/turtlebot3_simulations) by extensions ['ros']
[0.552s] Level 1:colcon.colcon_core.package_identification:_identify(/home/mpcmeulensteen/blackboard_ws/src/turtlebot3_simulations/turtlebot3_simulations) by extension 'ros'
[0.553s] DEBUG:colcon.colcon_core.package_identification:Package '/home/mpcmeulensteen/blackboard_ws/src/turtlebot3_simulations/turtlebot3_simulations' with type 'ros.ament_cmake' and name 'turtlebot3_simulations'
[0.553s] Level 1:colcon.colcon_core.package_discovery:discover_packages(recursive) using defaults
