[0.296s] Invoking command in '/home/mpcmeulensteen/blackboard_ws/src/navigation': PYTHONPATH=/home/mpcmeulensteen/blackboard_ws/install/navigation/lib/python3.8/site-packages:${PYTHONPATH} /usr/bin/python3 setup.py egg_info --egg-base ../../build/navigation build --build-base /home/mpcmeulensteen/blackboard_ws/build/navigation/build install --prefix /home/mpcmeulensteen/blackboard_ws/install/navigation --record /home/mpcmeulensteen/blackboard_ws/build/navigation/install.log --single-version-externally-managed
[0.618s] running egg_info
[0.619s] creating ../../build/navigation/navigation.egg-info
[0.619s] writing ../../build/navigation/navigation.egg-info/PKG-INFO
[0.620s] writing dependency_links to ../../build/navigation/navigation.egg-info/dependency_links.txt
[0.622s] writing entry points to ../../build/navigation/navigation.egg-info/entry_points.txt
[0.623s] writing requirements to ../../build/navigation/navigation.egg-info/requires.txt
[0.623s] writing top-level names to ../../build/navigation/navigation.egg-info/top_level.txt
[0.628s] writing manifest file '../../build/navigation/navigation.egg-info/SOURCES.txt'
[0.666s] reading manifest file '../../build/navigation/navigation.egg-info/SOURCES.txt'
[0.667s] writing manifest file '../../build/navigation/navigation.egg-info/SOURCES.txt'
[0.667s] running build
[0.668s] running build_py
[0.668s] creating /home/mpcmeulensteen/blackboard_ws/build/navigation/build
[0.668s] creating /home/mpcmeulensteen/blackboard_ws/build/navigation/build/lib
[0.668s] creating /home/mpcmeulensteen/blackboard_ws/build/navigation/build/lib/navigation
[0.669s] copying navigation/__init__.py -> /home/mpcmeulensteen/blackboard_ws/build/navigation/build/lib/navigation
[0.669s] running install
[0.670s] running install_lib
[0.672s] creating /home/mpcmeulensteen/blackboard_ws/install/navigation/lib/python3.8/site-packages/navigation
[0.672s] copying /home/mpcmeulensteen/blackboard_ws/build/navigation/build/lib/navigation/__init__.py -> /home/mpcmeulensteen/blackboard_ws/install/navigation/lib/python3.8/site-packages/navigation
[0.673s] byte-compiling /home/mpcmeulensteen/blackboard_ws/install/navigation/lib/python3.8/site-packages/navigation/__init__.py to __init__.cpython-38.pyc
[0.674s] running install_data
[0.679s] copying resource/navigation -> /home/mpcmeulensteen/blackboard_ws/install/navigation/share/ament_index/resource_index/packages
[0.679s] copying package.xml -> /home/mpcmeulensteen/blackboard_ws/install/navigation/share/navigation
[0.679s] running install_egg_info
[0.680s] Copying ../../build/navigation/navigation.egg-info to /home/mpcmeulensteen/blackboard_ws/install/navigation/lib/python3.8/site-packages/navigation-0.0.0-py3.8.egg-info
[0.682s] running install_scripts
[0.711s] writing list of installed files to '/home/mpcmeulensteen/blackboard_ws/build/navigation/install.log'
[0.739s] Invoked command in '/home/mpcmeulensteen/blackboard_ws/src/navigation' returned '0': PYTHONPATH=/home/mpcmeulensteen/blackboard_ws/install/navigation/lib/python3.8/site-packages:${PYTHONPATH} /usr/bin/python3 setup.py egg_info --egg-base ../../build/navigation build --build-base /home/mpcmeulensteen/blackboard_ws/build/navigation/build install --prefix /home/mpcmeulensteen/blackboard_ws/install/navigation --record /home/mpcmeulensteen/blackboard_ws/build/navigation/install.log --single-version-externally-managed
