[0.027s] Invoking command in '/home/mpcmeulensteen/blackboard_ws/build/turtlebot3_navigation2': CMAKE_PREFIX_PATH=${CMAKE_PREFIX_PATH}:/home/mpcmeulensteen/blackboard_ws/install/turtlebot3_teleop:/home/mpcmeulensteen/blackboard_ws/install/turtlebot3_example:/home/mpcmeulensteen/blackboard_ws/install/tf_transformations:/home/mpcmeulensteen/blackboard_ws/install/ros2_blackboard:/home/mpcmeulensteen/blackboard_ws/install/ros2_bbinstance:/opt/ros/foxy /usr/bin/cmake --build /home/mpcmeulensteen/blackboard_ws/build/turtlebot3_navigation2 -- -j2 -l2
[0.070s] Invoked command in '/home/mpcmeulensteen/blackboard_ws/build/turtlebot3_navigation2' returned '0': CMAKE_PREFIX_PATH=${CMAKE_PREFIX_PATH}:/home/mpcmeulensteen/blackboard_ws/install/turtlebot3_teleop:/home/mpcmeulensteen/blackboard_ws/install/turtlebot3_example:/home/mpcmeulensteen/blackboard_ws/install/tf_transformations:/home/mpcmeulensteen/blackboard_ws/install/ros2_blackboard:/home/mpcmeulensteen/blackboard_ws/install/ros2_bbinstance:/opt/ros/foxy /usr/bin/cmake --build /home/mpcmeulensteen/blackboard_ws/build/turtlebot3_navigation2 -- -j2 -l2
[0.105s] Invoking command in '/home/mpcmeulensteen/blackboard_ws/build/turtlebot3_navigation2': CMAKE_PREFIX_PATH=${CMAKE_PREFIX_PATH}:/home/mpcmeulensteen/blackboard_ws/install/turtlebot3_teleop:/home/mpcmeulensteen/blackboard_ws/install/turtlebot3_example:/home/mpcmeulensteen/blackboard_ws/install/tf_transformations:/home/mpcmeulensteen/blackboard_ws/install/ros2_blackboard:/home/mpcmeulensteen/blackboard_ws/install/ros2_bbinstance:/opt/ros/foxy /usr/bin/cmake --install /home/mpcmeulensteen/blackboard_ws/build/turtlebot3_navigation2
[0.121s] -- Install configuration: ""
[0.123s] -- Up-to-date: /home/mpcmeulensteen/blackboard_ws/install/turtlebot3_navigation2/share/turtlebot3_navigation2/launch
[0.124s] -- Up-to-date: /home/mpcmeulensteen/blackboard_ws/install/turtlebot3_navigation2/share/turtlebot3_navigation2/launch/navigation2.launch.py
[0.125s] -- Up-to-date: /home/mpcmeulensteen/blackboard_ws/install/turtlebot3_navigation2/share/turtlebot3_navigation2/map
[0.126s] -- Up-to-date: /home/mpcmeulensteen/blackboard_ws/install/turtlebot3_navigation2/share/turtlebot3_navigation2/map/turtlebot3_world.pgm
[0.127s] -- Up-to-date: /home/mpcmeulensteen/blackboard_ws/install/turtlebot3_navigation2/share/turtlebot3_navigation2/map/turtlebot3_world.yaml
[0.129s] -- Up-to-date: /home/mpcmeulensteen/blackboard_ws/install/turtlebot3_navigation2/share/turtlebot3_navigation2/param
[0.130s] -- Up-to-date: /home/mpcmeulensteen/blackboard_ws/install/turtlebot3_navigation2/share/turtlebot3_navigation2/param/burger.yaml
[0.130s] -- Up-to-date: /home/mpcmeulensteen/blackboard_ws/install/turtlebot3_navigation2/share/turtlebot3_navigation2/param/waffle.yaml
[0.130s] -- Up-to-date: /home/mpcmeulensteen/blackboard_ws/install/turtlebot3_navigation2/share/turtlebot3_navigation2/param/waffle_pi.yaml
[0.130s] -- Up-to-date: /home/mpcmeulensteen/blackboard_ws/install/turtlebot3_navigation2/share/turtlebot3_navigation2/rviz
[0.132s] -- Up-to-date: /home/mpcmeulensteen/blackboard_ws/install/turtlebot3_navigation2/share/turtlebot3_navigation2/rviz/tb3_navigation2.rviz
[0.132s] -- Up-to-date: /home/mpcmeulensteen/blackboard_ws/install/turtlebot3_navigation2/share/ament_index/resource_index/package_run_dependencies/turtlebot3_navigation2
[0.132s] -- Up-to-date: /home/mpcmeulensteen/blackboard_ws/install/turtlebot3_navigation2/share/ament_index/resource_index/parent_prefix_path/turtlebot3_navigation2
[0.133s] -- Up-to-date: /home/mpcmeulensteen/blackboard_ws/install/turtlebot3_navigation2/share/turtlebot3_navigation2/environment/ament_prefix_path.sh
[0.133s] -- Up-to-date: /home/mpcmeulensteen/blackboard_ws/install/turtlebot3_navigation2/share/turtlebot3_navigation2/environment/ament_prefix_path.dsv
[0.133s] -- Up-to-date: /home/mpcmeulensteen/blackboard_ws/install/turtlebot3_navigation2/share/turtlebot3_navigation2/environment/path.sh
[0.134s] -- Up-to-date: /home/mpcmeulensteen/blackboard_ws/install/turtlebot3_navigation2/share/turtlebot3_navigation2/environment/path.dsv
[0.134s] -- Up-to-date: /home/mpcmeulensteen/blackboard_ws/install/turtlebot3_navigation2/share/turtlebot3_navigation2/local_setup.bash
[0.134s] -- Up-to-date: /home/mpcmeulensteen/blackboard_ws/install/turtlebot3_navigation2/share/turtlebot3_navigation2/local_setup.sh
[0.135s] -- Up-to-date: /home/mpcmeulensteen/blackboard_ws/install/turtlebot3_navigation2/share/turtlebot3_navigation2/local_setup.zsh
[0.137s] -- Up-to-date: /home/mpcmeulensteen/blackboard_ws/install/turtlebot3_navigation2/share/turtlebot3_navigation2/local_setup.dsv
[0.140s] -- Installing: /home/mpcmeulensteen/blackboard_ws/install/turtlebot3_navigation2/share/turtlebot3_navigation2/package.dsv
[0.140s] -- Up-to-date: /home/mpcmeulensteen/blackboard_ws/install/turtlebot3_navigation2/share/ament_index/resource_index/packages/turtlebot3_navigation2
[0.140s] -- Up-to-date: /home/mpcmeulensteen/blackboard_ws/install/turtlebot3_navigation2/share/turtlebot3_navigation2/cmake/turtlebot3_navigation2Config.cmake
[0.141s] -- Up-to-date: /home/mpcmeulensteen/blackboard_ws/install/turtlebot3_navigation2/share/turtlebot3_navigation2/cmake/turtlebot3_navigation2Config-version.cmake
[0.142s] -- Up-to-date: /home/mpcmeulensteen/blackboard_ws/install/turtlebot3_navigation2/share/turtlebot3_navigation2/package.xml
[0.145s] Invoked command in '/home/mpcmeulensteen/blackboard_ws/build/turtlebot3_navigation2' returned '0': CMAKE_PREFIX_PATH=${CMAKE_PREFIX_PATH}:/home/mpcmeulensteen/blackboard_ws/install/turtlebot3_teleop:/home/mpcmeulensteen/blackboard_ws/install/turtlebot3_example:/home/mpcmeulensteen/blackboard_ws/install/tf_transformations:/home/mpcmeulensteen/blackboard_ws/install/ros2_blackboard:/home/mpcmeulensteen/blackboard_ws/install/ros2_bbinstance:/opt/ros/foxy /usr/bin/cmake --install /home/mpcmeulensteen/blackboard_ws/build/turtlebot3_navigation2
