[0.115s] Invoking command in '/home/mpcmeulensteen/blackboard_ws/build/message_pkg': CMAKE_PREFIX_PATH=${CMAKE_PREFIX_PATH}:/home/mpcmeulensteen/blackboard_ws/install/turtlebot3_teleop:/home/mpcmeulensteen/blackboard_ws/install/turtlebot3_example:/home/mpcmeulensteen/turtlebot3_ws/install/turtlebot3_teleop:/home/mpcmeulensteen/turtlebot3_ws/install/turtlebot3_example:/home/mpcmeulensteen/colcon_ws/install/turtlebot3_teleop:/home/mpcmeulensteen/colcon_ws/install/turtlebot3_example:/opt/ros/foxy /usr/bin/cmake /home/mpcmeulensteen/blackboard_ws/src/message_pkg -DCMAKE_INSTALL_PREFIX=/home/mpcmeulensteen/blackboard_ws/install/message_pkg
[0.503s] -- The C compiler identification is GNU 9.3.0
[0.899s] -- The CXX compiler identification is GNU 9.3.0
[0.930s] -- Check for working C compiler: /usr/bin/cc
[1.111s] -- Check for working C compiler: /usr/bin/cc -- works
[1.120s] -- Detecting C compiler ABI info
[1.277s] -- Detecting C compiler ABI info - done
[1.296s] -- Detecting C compile features
[1.297s] -- Detecting C compile features - done
[1.307s] -- Check for working CXX compiler: /usr/bin/c++
[1.502s] -- Check for working CXX compiler: /usr/bin/c++ -- works
[1.504s] -- Detecting CXX compiler ABI info
[1.725s] -- Detecting CXX compiler ABI info - done
[1.747s] -- Detecting CXX compile features
[1.748s] -- Detecting CXX compile features - done
[1.769s] -- Found ament_cmake: 0.9.9 (/opt/ros/foxy/share/ament_cmake/cmake)
[1.893s] -- Found PythonInterp: /usr/bin/python3 (found suitable version "3.8.10", minimum required is "3") 
[1.894s] -- Using PYTHON_EXECUTABLE: /usr/bin/python3
[2.522s] -- Found rosidl_default_generators: 1.0.1 (/opt/ros/foxy/share/rosidl_default_generators/cmake)
[2.568s] -- Using all available rosidl_typesupport_c: rosidl_typesupport_fastrtps_c;rosidl_typesupport_introspection_c
[2.645s] -- Found rosidl_adapter: 1.2.1 (/opt/ros/foxy/share/rosidl_adapter/cmake)
[3.043s] -- Found OpenSSL: /usr/lib/x86_64-linux-gnu/libcrypto.so (found version "1.1.1f")  
[3.105s] -- Found FastRTPS: /opt/ros/foxy/include  
[3.383s] -- Using all available rosidl_typesupport_cpp: rosidl_typesupport_fastrtps_cpp;rosidl_typesupport_introspection_cpp
[3.590s] -- Found PythonInterp: /usr/bin/python3 (found version "3.8.10") 
[4.069s] CMake Error at /opt/ros/foxy/share/rosidl_adapter/cmake/rosidl_adapt_interfaces.cmake:60 (message):
[4.069s]   execute_process(/usr/bin/python3 -m rosidl_adapter --package-name
[4.070s]   message_pkg --arguments-file
[4.070s]   /home/mpcmeulensteen/blackboard_ws/build/message_pkg/rosidl_adapter__arguments__message_pkg.json
[4.070s]   --output-dir
[4.070s]   /home/mpcmeulensteen/blackboard_ws/build/message_pkg/rosidl_adapter/message_pkg
[4.070s]   --output-file
[4.070s]   /home/mpcmeulensteen/blackboard_ws/build/message_pkg/rosidl_adapter/message_pkg.idls)
[4.070s]   returned error code 1:
[4.070s] 
[4.070s]   Error processing 'string bbAdress' of 'message_pkg/bbBackup': ''bbAdress'
[4.071s]   is an invalid field name.  It should have the pattern
[4.071s]   '^(?!.*__)(?!.*_$)[a-z][a-z0-9_]*$''
[4.071s] 
[4.071s]   Traceback (most recent call last):
[4.071s] 
[4.071s]     File "/usr/lib/python3.8/runpy.py", line 194, in _run_module_as_main
[4.071s]       return _run_code(code, main_globals, None,
[4.072s]     File "/usr/lib/python3.8/runpy.py", line 87, in _run_code
[4.072s]       exec(code, run_globals)
[4.072s]     File "/opt/ros/foxy/lib/python3.8/site-packages/rosidl_adapter/__main__.py", line 19, in <module>
[4.072s]       sys.exit(main())
[4.072s]     File "/opt/ros/foxy/lib/python3.8/site-packages/rosidl_adapter/main.py", line 53, in main
[4.072s]       abs_idl_file = convert_to_idl(
[4.073s]     File "/opt/ros/foxy/lib/python3.8/site-packages/rosidl_adapter/__init__.py", line 19, in convert_to_idl
[4.073s]       return convert_msg_to_idl(
[4.073s]     File "/opt/ros/foxy/lib/python3.8/site-packages/rosidl_adapter/msg/__init__.py", line 28, in convert_msg_to_idl
[4.073s]       msg = parse_message_string(package_name, input_file.stem, content)
[4.073s]     File "/opt/ros/foxy/lib/python3.8/site-packages/rosidl_adapter/parser.py", line 515, in parse_message_string
[4.074s]       fields.append(Field(
[4.074s]     File "/opt/ros/foxy/lib/python3.8/site-packages/rosidl_adapter/parser.py", line 353, in __init__
[4.074s]       raise NameError(
[4.074s] 
[4.074s]   NameError: 'bbAdress' is an invalid field name.  It should have the pattern
[4.074s]   '^(?!.*__)(?!.*_$)[a-z][a-z0-9_]*$'
[4.074s] 
[4.074s] Call Stack (most recent call first):
[4.074s]   /opt/ros/foxy/share/rosidl_cmake/cmake/rosidl_generate_interfaces.cmake:130 (rosidl_adapt_interfaces)
[4.074s]   CMakeLists.txt:27 (rosidl_generate_interfaces)
[4.075s] 
[4.075s] 
[4.075s] -- Configuring incomplete, errors occurred!
[4.075s] See also "/home/mpcmeulensteen/blackboard_ws/build/message_pkg/CMakeFiles/CMakeOutput.log".
[4.098s] Invoked command in '/home/mpcmeulensteen/blackboard_ws/build/message_pkg' returned '1': CMAKE_PREFIX_PATH=${CMAKE_PREFIX_PATH}:/home/mpcmeulensteen/blackboard_ws/install/turtlebot3_teleop:/home/mpcmeulensteen/blackboard_ws/install/turtlebot3_example:/home/mpcmeulensteen/turtlebot3_ws/install/turtlebot3_teleop:/home/mpcmeulensteen/turtlebot3_ws/install/turtlebot3_example:/home/mpcmeulensteen/colcon_ws/install/turtlebot3_teleop:/home/mpcmeulensteen/colcon_ws/install/turtlebot3_example:/opt/ros/foxy /usr/bin/cmake /home/mpcmeulensteen/blackboard_ws/src/message_pkg -DCMAKE_INSTALL_PREFIX=/home/mpcmeulensteen/blackboard_ws/install/message_pkg
