[0.630s] Invoking command in '/home/mpcmeulensteen/blackboard_ws/src/navigation': PYTHONPATH=/home/mpcmeulensteen/blackboard_ws/install/navigation/lib/python3.8/site-packages:${PYTHONPATH} /usr/bin/python3 setup.py egg_info --egg-base ../../build/navigation build --build-base /home/mpcmeulensteen/blackboard_ws/build/navigation/build install --prefix /home/mpcmeulensteen/blackboard_ws/install/navigation --record /home/mpcmeulensteen/blackboard_ws/build/navigation/install.log --single-version-externally-managed
[1.398s] running egg_info
[1.399s] writing ../../build/navigation/navigation.egg-info/PKG-INFO
[1.401s] writing dependency_links to ../../build/navigation/navigation.egg-info/dependency_links.txt
[1.402s] writing entry points to ../../build/navigation/navigation.egg-info/entry_points.txt
[1.403s] writing requirements to ../../build/navigation/navigation.egg-info/requires.txt
[1.404s] writing top-level names to ../../build/navigation/navigation.egg-info/top_level.txt
[1.476s] reading manifest file '../../build/navigation/navigation.egg-info/SOURCES.txt'
[1.479s] writing manifest file '../../build/navigation/navigation.egg-info/SOURCES.txt'
[1.480s] running build
[1.480s] running build_py
[1.481s] running install
[1.484s] running install_lib
[1.487s] running install_data
[1.488s] running install_egg_info
[1.493s] removing '/home/mpcmeulensteen/blackboard_ws/install/navigation/lib/python3.8/site-packages/navigation-0.0.0-py3.8.egg-info' (and everything under it)
[1.498s] Copying ../../build/navigation/navigation.egg-info to /home/mpcmeulensteen/blackboard_ws/install/navigation/lib/python3.8/site-packages/navigation-0.0.0-py3.8.egg-info
[1.502s] running install_scripts
[1.543s] writing list of installed files to '/home/mpcmeulensteen/blackboard_ws/build/navigation/install.log'
[1.584s] Invoked command in '/home/mpcmeulensteen/blackboard_ws/src/navigation' returned '0': PYTHONPATH=/home/mpcmeulensteen/blackboard_ws/install/navigation/lib/python3.8/site-packages:${PYTHONPATH} /usr/bin/python3 setup.py egg_info --egg-base ../../build/navigation build --build-base /home/mpcmeulensteen/blackboard_ws/build/navigation/build install --prefix /home/mpcmeulensteen/blackboard_ws/install/navigation --record /home/mpcmeulensteen/blackboard_ws/build/navigation/install.log --single-version-externally-managed
