[0.040s] Invoking command in '/home/mpcmeulensteen/blackboard_ws/build/hls_lfcd_lds_driver': CMAKE_PREFIX_PATH=${CMAKE_PREFIX_PATH}:/home/mpcmeulensteen/turtlebot3_ws/install/turtlebot3_teleop:/home/mpcmeulensteen/turtlebot3_ws/install/turtlebot3_example:/home/mpcmeulensteen/colcon_ws/install/turtlebot3_teleop:/home/mpcmeulensteen/colcon_ws/install/turtlebot3_example:/opt/ros/foxy /usr/bin/cmake --build /home/mpcmeulensteen/blackboard_ws/build/hls_lfcd_lds_driver -- -j2 -l2
[0.214s] [100%] Built target hlds_laser_publisher
[0.237s] Invoked command in '/home/mpcmeulensteen/blackboard_ws/build/hls_lfcd_lds_driver' returned '0': CMAKE_PREFIX_PATH=${CMAKE_PREFIX_PATH}:/home/mpcmeulensteen/turtlebot3_ws/install/turtlebot3_teleop:/home/mpcmeulensteen/turtlebot3_ws/install/turtlebot3_example:/home/mpcmeulensteen/colcon_ws/install/turtlebot3_teleop:/home/mpcmeulensteen/colcon_ws/install/turtlebot3_example:/opt/ros/foxy /usr/bin/cmake --build /home/mpcmeulensteen/blackboard_ws/build/hls_lfcd_lds_driver -- -j2 -l2
[0.308s] Invoking command in '/home/mpcmeulensteen/blackboard_ws/build/hls_lfcd_lds_driver': CMAKE_PREFIX_PATH=${CMAKE_PREFIX_PATH}:/home/mpcmeulensteen/turtlebot3_ws/install/turtlebot3_teleop:/home/mpcmeulensteen/turtlebot3_ws/install/turtlebot3_example:/home/mpcmeulensteen/colcon_ws/install/turtlebot3_teleop:/home/mpcmeulensteen/colcon_ws/install/turtlebot3_example:/opt/ros/foxy /usr/bin/cmake --install /home/mpcmeulensteen/blackboard_ws/build/hls_lfcd_lds_driver
[0.331s] -- Install configuration: ""
[0.331s] -- Up-to-date: /home/mpcmeulensteen/blackboard_ws/install/hls_lfcd_lds_driver/share/hls_lfcd_lds_driver/launch
[0.333s] -- Up-to-date: /home/mpcmeulensteen/blackboard_ws/install/hls_lfcd_lds_driver/share/hls_lfcd_lds_driver/launch/hlds_laser.launch.py
[0.334s] -- Up-to-date: /home/mpcmeulensteen/blackboard_ws/install/hls_lfcd_lds_driver/share/hls_lfcd_lds_driver/launch/view_hlds_laser.launch.py
[0.334s] -- Up-to-date: /home/mpcmeulensteen/blackboard_ws/install/hls_lfcd_lds_driver/share/hls_lfcd_lds_driver/rviz
[0.347s] -- Up-to-date: /home/mpcmeulensteen/blackboard_ws/install/hls_lfcd_lds_driver/share/hls_lfcd_lds_driver/rviz/hlds_laser.rviz
[0.349s] -- Up-to-date: /home/mpcmeulensteen/blackboard_ws/install/hls_lfcd_lds_driver/lib/hls_lfcd_lds_driver/hlds_laser_publisher
[0.351s] -- Up-to-date: /home/mpcmeulensteen/blackboard_ws/install/hls_lfcd_lds_driver/share/ament_index/resource_index/package_run_dependencies/hls_lfcd_lds_driver
[0.351s] -- Up-to-date: /home/mpcmeulensteen/blackboard_ws/install/hls_lfcd_lds_driver/share/ament_index/resource_index/parent_prefix_path/hls_lfcd_lds_driver
[0.352s] -- Up-to-date: /home/mpcmeulensteen/blackboard_ws/install/hls_lfcd_lds_driver/share/hls_lfcd_lds_driver/environment/ament_prefix_path.sh
[0.352s] -- Up-to-date: /home/mpcmeulensteen/blackboard_ws/install/hls_lfcd_lds_driver/share/hls_lfcd_lds_driver/environment/ament_prefix_path.dsv
[0.352s] -- Up-to-date: /home/mpcmeulensteen/blackboard_ws/install/hls_lfcd_lds_driver/share/hls_lfcd_lds_driver/environment/path.sh
[0.352s] -- Up-to-date: /home/mpcmeulensteen/blackboard_ws/install/hls_lfcd_lds_driver/share/hls_lfcd_lds_driver/environment/path.dsv
[0.353s] -- Up-to-date: /home/mpcmeulensteen/blackboard_ws/install/hls_lfcd_lds_driver/share/hls_lfcd_lds_driver/local_setup.bash
[0.353s] -- Up-to-date: /home/mpcmeulensteen/blackboard_ws/install/hls_lfcd_lds_driver/share/hls_lfcd_lds_driver/local_setup.sh
[0.353s] -- Up-to-date: /home/mpcmeulensteen/blackboard_ws/install/hls_lfcd_lds_driver/share/hls_lfcd_lds_driver/local_setup.zsh
[0.353s] -- Up-to-date: /home/mpcmeulensteen/blackboard_ws/install/hls_lfcd_lds_driver/share/hls_lfcd_lds_driver/local_setup.dsv
[0.354s] -- Installing: /home/mpcmeulensteen/blackboard_ws/install/hls_lfcd_lds_driver/share/hls_lfcd_lds_driver/package.dsv
[0.356s] -- Up-to-date: /home/mpcmeulensteen/blackboard_ws/install/hls_lfcd_lds_driver/share/ament_index/resource_index/packages/hls_lfcd_lds_driver
[0.356s] -- Up-to-date: /home/mpcmeulensteen/blackboard_ws/install/hls_lfcd_lds_driver/share/hls_lfcd_lds_driver/cmake/ament_cmake_export_dependencies-extras.cmake
[0.357s] -- Up-to-date: /home/mpcmeulensteen/blackboard_ws/install/hls_lfcd_lds_driver/share/hls_lfcd_lds_driver/cmake/ament_cmake_export_include_directories-extras.cmake
[0.357s] -- Up-to-date: /home/mpcmeulensteen/blackboard_ws/install/hls_lfcd_lds_driver/share/hls_lfcd_lds_driver/cmake/hls_lfcd_lds_driverConfig.cmake
[0.357s] -- Up-to-date: /home/mpcmeulensteen/blackboard_ws/install/hls_lfcd_lds_driver/share/hls_lfcd_lds_driver/cmake/hls_lfcd_lds_driverConfig-version.cmake
[0.357s] -- Up-to-date: /home/mpcmeulensteen/blackboard_ws/install/hls_lfcd_lds_driver/share/hls_lfcd_lds_driver/package.xml
[0.361s] Invoked command in '/home/mpcmeulensteen/blackboard_ws/build/hls_lfcd_lds_driver' returned '0': CMAKE_PREFIX_PATH=${CMAKE_PREFIX_PATH}:/home/mpcmeulensteen/turtlebot3_ws/install/turtlebot3_teleop:/home/mpcmeulensteen/turtlebot3_ws/install/turtlebot3_example:/home/mpcmeulensteen/colcon_ws/install/turtlebot3_teleop:/home/mpcmeulensteen/colcon_ws/install/turtlebot3_example:/opt/ros/foxy /usr/bin/cmake --install /home/mpcmeulensteen/blackboard_ws/build/hls_lfcd_lds_driver
